[2024-12-21T23:26:23.083+0000] {local_task_job_runner.py:123} INFO - ::group::Pre task execution logs
[2024-12-21T23:26:23.100+0000] {taskinstance.py:2613} INFO - Dependencies all met for dep_context=non-requeueable deps ti=<TaskInstance: dag_python_v02.PrintReturn scheduled__2024-12-21T23:24:00+00:00 [queued]>
[2024-12-21T23:26:23.106+0000] {taskinstance.py:2613} INFO - Dependencies all met for dep_context=requeueable deps ti=<TaskInstance: dag_python_v02.PrintReturn scheduled__2024-12-21T23:24:00+00:00 [queued]>
[2024-12-21T23:26:23.107+0000] {taskinstance.py:2866} INFO - Starting attempt 1 of 6
[2024-12-21T23:26:23.120+0000] {taskinstance.py:2889} INFO - Executing <Task(PythonOperator): PrintReturn> on 2024-12-21 23:24:00+00:00
[2024-12-21T23:26:23.127+0000] {logging_mixin.py:190} WARNING - /home/***/.local/lib/python3.12/site-packages/***/task/task_runner/standard_task_runner.py:70 DeprecationWarning: This process (pid=8604) is multi-threaded, use of fork() may lead to deadlocks in the child.
[2024-12-21T23:26:23.127+0000] {standard_task_runner.py:104} INFO - Running: ['***', 'tasks', 'run', 'dag_python_v02', 'PrintReturn', 'scheduled__2024-12-21T23:24:00+00:00', '--job-id', '7553', '--raw', '--subdir', 'DAGS_FOLDER/dag2_python.py', '--cfg-path', '/tmp/tmpf2i3laa2']
[2024-12-21T23:26:23.129+0000] {standard_task_runner.py:105} INFO - Job 7553: Subtask PrintReturn
[2024-12-21T23:26:23.128+0000] {standard_task_runner.py:72} INFO - Started process 8617 to run task
[2024-12-21T23:26:23.168+0000] {task_command.py:467} INFO - Running <TaskInstance: dag_python_v02.PrintReturn scheduled__2024-12-21T23:24:00+00:00 [running]> on host 2efad1bdb5fc
[2024-12-21T23:26:23.217+0000] {taskinstance.py:3132} INFO - Exporting env vars: AIRFLOW_CTX_DAG_OWNER='code2j' AIRFLOW_CTX_DAG_ID='dag_python_v02' AIRFLOW_CTX_TASK_ID='PrintReturn' AIRFLOW_CTX_EXECUTION_DATE='2024-12-21T23:24:00+00:00' AIRFLOW_CTX_TRY_NUMBER='1' AIRFLOW_CTX_DAG_RUN_ID='scheduled__2024-12-21T23:24:00+00:00'
[2024-12-21T23:26:23.218+0000] {taskinstance.py:731} INFO - ::endgroup::
[2024-12-21T23:26:23.226+0000] {logging_mixin.py:190} INFO - Hey Yash, You successfully created a dag which calls a python function to run
[2024-12-21T23:26:23.227+0000] {logging_mixin.py:190} INFO - Now lets also create and use xcom to push and pull values
[2024-12-21T23:26:23.227+0000] {python.py:240} INFO - Done. Returned value was: 25
[2024-12-21T23:26:23.239+0000] {taskinstance.py:340} INFO - ::group::Post task execution logs
[2024-12-21T23:26:23.240+0000] {taskinstance.py:352} INFO - Marking task as SUCCESS. dag_id=dag_python_v02, task_id=PrintReturn, run_id=scheduled__2024-12-21T23:24:00+00:00, execution_date=20241221T232400, start_date=20241221T232623, end_date=20241221T232623
[2024-12-21T23:26:23.269+0000] {local_task_job_runner.py:266} INFO - Task exited with return code 0
[2024-12-21T23:26:23.277+0000] {taskinstance.py:3895} INFO - 0 downstream tasks scheduled from follow-on schedule check
[2024-12-21T23:26:23.281+0000] {local_task_job_runner.py:245} INFO - ::endgroup::
