[2024-12-21T20:34:24.626+0000] {local_task_job_runner.py:123} INFO - ::group::Pre task execution logs
[2024-12-21T20:34:24.640+0000] {taskinstance.py:2613} INFO - Dependencies all met for dep_context=non-requeueable deps ti=<TaskInstance: dag_python_v02.PrintReturn scheduled__2024-12-21T20:08:00+00:00 [queued]>
[2024-12-21T20:34:24.653+0000] {taskinstance.py:2613} INFO - Dependencies all met for dep_context=requeueable deps ti=<TaskInstance: dag_python_v02.PrintReturn scheduled__2024-12-21T20:08:00+00:00 [queued]>
[2024-12-21T20:34:24.655+0000] {taskinstance.py:2866} INFO - Starting attempt 1 of 6
[2024-12-21T20:34:24.673+0000] {taskinstance.py:2889} INFO - Executing <Task(PythonOperator): PrintReturn> on 2024-12-21 20:08:00+00:00
[2024-12-21T20:34:24.684+0000] {logging_mixin.py:190} WARNING - /home/***/.local/lib/python3.12/site-packages/***/task/task_runner/standard_task_runner.py:70 DeprecationWarning: This process (pid=7398) is multi-threaded, use of fork() may lead to deadlocks in the child.
[2024-12-21T20:34:24.686+0000] {standard_task_runner.py:72} INFO - Started process 7411 to run task
[2024-12-21T20:34:24.685+0000] {standard_task_runner.py:104} INFO - Running: ['***', 'tasks', 'run', 'dag_python_v02', 'PrintReturn', 'scheduled__2024-12-21T20:08:00+00:00', '--job-id', '7261', '--raw', '--subdir', 'DAGS_FOLDER/dag2_python.py', '--cfg-path', '/tmp/tmps_s8yrqe']
[2024-12-21T20:34:24.690+0000] {standard_task_runner.py:105} INFO - Job 7261: Subtask PrintReturn
[2024-12-21T20:34:24.743+0000] {task_command.py:467} INFO - Running <TaskInstance: dag_python_v02.PrintReturn scheduled__2024-12-21T20:08:00+00:00 [running]> on host 2efad1bdb5fc
[2024-12-21T20:34:24.848+0000] {taskinstance.py:3132} INFO - Exporting env vars: AIRFLOW_CTX_DAG_OWNER='code2j' AIRFLOW_CTX_DAG_ID='dag_python_v02' AIRFLOW_CTX_TASK_ID='PrintReturn' AIRFLOW_CTX_EXECUTION_DATE='2024-12-21T20:08:00+00:00' AIRFLOW_CTX_TRY_NUMBER='1' AIRFLOW_CTX_DAG_RUN_ID='scheduled__2024-12-21T20:08:00+00:00'
[2024-12-21T20:34:24.850+0000] {taskinstance.py:731} INFO - ::endgroup::
[2024-12-21T20:34:24.860+0000] {logging_mixin.py:190} INFO - Hey Yash, You successfully created a dag which calls a python function to run
[2024-12-21T20:34:24.861+0000] {logging_mixin.py:190} INFO - Now lets also create and use xcom to push and pull values
[2024-12-21T20:34:24.861+0000] {python.py:240} INFO - Done. Returned value was: 25
[2024-12-21T20:34:24.885+0000] {taskinstance.py:340} INFO - ::group::Post task execution logs
[2024-12-21T20:34:24.888+0000] {taskinstance.py:352} INFO - Marking task as SUCCESS. dag_id=dag_python_v02, task_id=PrintReturn, run_id=scheduled__2024-12-21T20:08:00+00:00, execution_date=20241221T200800, start_date=20241221T203424, end_date=20241221T203424
[2024-12-21T20:34:24.917+0000] {local_task_job_runner.py:266} INFO - Task exited with return code 0
[2024-12-21T20:34:24.939+0000] {taskinstance.py:3895} INFO - 1 downstream tasks scheduled from follow-on schedule check
[2024-12-21T20:34:24.942+0000] {local_task_job_runner.py:245} INFO - ::endgroup::
