[2024-12-19T07:08:52.088+0000] {local_task_job_runner.py:123} INFO - ::group::Pre task execution logs
[2024-12-19T07:08:52.096+0000] {taskinstance.py:2613} INFO - Dependencies all met for dep_context=non-requeueable deps ti=<TaskInstance: our_first_dag_v1.first_task scheduled__2021-10-27T00:00:00+00:00 [queued]>
[2024-12-19T07:08:52.101+0000] {taskinstance.py:2613} INFO - Dependencies all met for dep_context=requeueable deps ti=<TaskInstance: our_first_dag_v1.first_task scheduled__2021-10-27T00:00:00+00:00 [queued]>
[2024-12-19T07:08:52.102+0000] {taskinstance.py:2866} INFO - Starting attempt 1 of 6
[2024-12-19T07:08:52.112+0000] {taskinstance.py:2889} INFO - Executing <Task(BashOperator): first_task> on 2021-10-27 00:00:00+00:00
[2024-12-19T07:08:52.117+0000] {logging_mixin.py:190} WARNING - /home/***/.local/lib/python3.12/site-packages/***/task/task_runner/standard_task_runner.py:70 DeprecationWarning: This process (pid=7853) is multi-threaded, use of fork() may lead to deadlocks in the child.
[2024-12-19T07:08:52.118+0000] {standard_task_runner.py:72} INFO - Started process 7862 to run task
[2024-12-19T07:08:52.118+0000] {standard_task_runner.py:104} INFO - Running: ['***', 'tasks', 'run', 'our_first_dag_v1', 'first_task', 'scheduled__2021-10-27T00:00:00+00:00', '--job-id', '1416', '--raw', '--subdir', 'DAGS_FOLDER/our_first_dag.py', '--cfg-path', '/tmp/tmp8bb_os6o']
[2024-12-19T07:08:52.121+0000] {standard_task_runner.py:105} INFO - Job 1416: Subtask first_task
[2024-12-19T07:08:52.181+0000] {task_command.py:467} INFO - Running <TaskInstance: our_first_dag_v1.first_task scheduled__2021-10-27T00:00:00+00:00 [running]> on host 13c961a72918
[2024-12-19T07:08:52.248+0000] {taskinstance.py:3132} INFO - Exporting env vars: AIRFLOW_CTX_DAG_OWNER='code2j' AIRFLOW_CTX_DAG_ID='our_first_dag_v1' AIRFLOW_CTX_TASK_ID='first_task' AIRFLOW_CTX_EXECUTION_DATE='2021-10-27T00:00:00+00:00' AIRFLOW_CTX_TRY_NUMBER='1' AIRFLOW_CTX_DAG_RUN_ID='scheduled__2021-10-27T00:00:00+00:00'
[2024-12-19T07:08:52.249+0000] {taskinstance.py:731} INFO - ::endgroup::
[2024-12-19T07:08:52.259+0000] {subprocess.py:78} INFO - Tmp dir root location: /tmp
[2024-12-19T07:08:52.259+0000] {subprocess.py:88} INFO - Running command: ['/usr/bin/bash', '-c', 'echo hello world, this is the first task']
[2024-12-19T07:08:52.264+0000] {subprocess.py:99} INFO - Output:
[2024-12-19T07:08:52.264+0000] {subprocess.py:106} INFO - hello world, this is the first task
[2024-12-19T07:08:52.265+0000] {subprocess.py:110} INFO - Command exited with return code 0
[2024-12-19T07:08:52.279+0000] {taskinstance.py:340} INFO - ::group::Post task execution logs
[2024-12-19T07:08:52.282+0000] {taskinstance.py:352} INFO - Marking task as SUCCESS. dag_id=our_first_dag_v1, task_id=first_task, run_id=scheduled__2021-10-27T00:00:00+00:00, execution_date=20211027T000000, start_date=20241219T070852, end_date=20241219T070852
[2024-12-19T07:08:52.301+0000] {local_task_job_runner.py:266} INFO - Task exited with return code 0
[2024-12-19T07:08:52.317+0000] {taskinstance.py:3895} INFO - 1 downstream tasks scheduled from follow-on schedule check
[2024-12-19T07:08:52.318+0000] {local_task_job_runner.py:245} INFO - ::endgroup::
