[2024-12-22T11:25:21.540+0000] {processor.py:156} INFO - Started process (PID=169) to work on /opt/airflow/dags/spark_job_dag.py
[2024-12-22T11:25:21.541+0000] {processor.py:799} INFO - Processing file /opt/airflow/dags/spark_job_dag.py for tasks to queue
[2024-12-22T11:25:21.543+0000] {logging_mixin.py:149} INFO - [2024-12-22T11:25:21.543+0000] {dagbag.py:541} INFO - Filling up the DagBag from /opt/airflow/dags/spark_job_dag.py
[2024-12-22T11:25:21.547+0000] {processor.py:809} INFO - DAG(s) dict_keys(['spark_job_dag']) retrieved from /opt/airflow/dags/spark_job_dag.py
[2024-12-22T11:25:21.558+0000] {logging_mixin.py:149} INFO - [2024-12-22T11:25:21.558+0000] {dag.py:2726} INFO - Sync 1 DAGs
[2024-12-22T11:25:21.569+0000] {logging_mixin.py:149} INFO - [2024-12-22T11:25:21.569+0000] {dag.py:3490} INFO - Setting next_dagrun for spark_job_dag to None, run_after=None
[2024-12-22T11:25:21.576+0000] {processor.py:178} INFO - Processing /opt/airflow/dags/spark_job_dag.py took 0.037 seconds
[2024-12-22T11:25:51.828+0000] {processor.py:156} INFO - Started process (PID=175) to work on /opt/airflow/dags/spark_job_dag.py
[2024-12-22T11:25:51.829+0000] {processor.py:799} INFO - Processing file /opt/airflow/dags/spark_job_dag.py for tasks to queue
[2024-12-22T11:25:51.830+0000] {logging_mixin.py:149} INFO - [2024-12-22T11:25:51.829+0000] {dagbag.py:541} INFO - Filling up the DagBag from /opt/airflow/dags/spark_job_dag.py
[2024-12-22T11:25:51.838+0000] {processor.py:809} INFO - DAG(s) dict_keys(['spark_job_dag']) retrieved from /opt/airflow/dags/spark_job_dag.py
[2024-12-22T11:25:51.860+0000] {logging_mixin.py:149} INFO - [2024-12-22T11:25:51.859+0000] {dag.py:2726} INFO - Sync 1 DAGs
[2024-12-22T11:25:51.873+0000] {logging_mixin.py:149} INFO - [2024-12-22T11:25:51.873+0000] {dag.py:3490} INFO - Setting next_dagrun for spark_job_dag to None, run_after=None
[2024-12-22T11:25:51.881+0000] {processor.py:178} INFO - Processing /opt/airflow/dags/spark_job_dag.py took 0.056 seconds
[2024-12-22T11:26:22.152+0000] {processor.py:156} INFO - Started process (PID=180) to work on /opt/airflow/dags/spark_job_dag.py
[2024-12-22T11:26:22.153+0000] {processor.py:799} INFO - Processing file /opt/airflow/dags/spark_job_dag.py for tasks to queue
[2024-12-22T11:26:22.153+0000] {logging_mixin.py:149} INFO - [2024-12-22T11:26:22.153+0000] {dagbag.py:541} INFO - Filling up the DagBag from /opt/airflow/dags/spark_job_dag.py
[2024-12-22T11:26:22.159+0000] {processor.py:809} INFO - DAG(s) dict_keys(['spark_job_dag']) retrieved from /opt/airflow/dags/spark_job_dag.py
[2024-12-22T11:26:22.177+0000] {logging_mixin.py:149} INFO - [2024-12-22T11:26:22.177+0000] {dag.py:2726} INFO - Sync 1 DAGs
[2024-12-22T11:26:22.190+0000] {logging_mixin.py:149} INFO - [2024-12-22T11:26:22.190+0000] {dag.py:3490} INFO - Setting next_dagrun for spark_job_dag to None, run_after=None
[2024-12-22T11:26:22.199+0000] {processor.py:178} INFO - Processing /opt/airflow/dags/spark_job_dag.py took 0.051 seconds
[2024-12-22T11:26:52.429+0000] {processor.py:156} INFO - Started process (PID=185) to work on /opt/airflow/dags/spark_job_dag.py
[2024-12-22T11:26:52.430+0000] {processor.py:799} INFO - Processing file /opt/airflow/dags/spark_job_dag.py for tasks to queue
[2024-12-22T11:26:52.431+0000] {logging_mixin.py:149} INFO - [2024-12-22T11:26:52.431+0000] {dagbag.py:541} INFO - Filling up the DagBag from /opt/airflow/dags/spark_job_dag.py
[2024-12-22T11:26:52.436+0000] {processor.py:809} INFO - DAG(s) dict_keys(['spark_job_dag']) retrieved from /opt/airflow/dags/spark_job_dag.py
[2024-12-22T11:26:52.450+0000] {logging_mixin.py:149} INFO - [2024-12-22T11:26:52.450+0000] {dag.py:2726} INFO - Sync 1 DAGs
[2024-12-22T11:26:52.463+0000] {logging_mixin.py:149} INFO - [2024-12-22T11:26:52.463+0000] {dag.py:3490} INFO - Setting next_dagrun for spark_job_dag to None, run_after=None
[2024-12-22T11:26:52.472+0000] {processor.py:178} INFO - Processing /opt/airflow/dags/spark_job_dag.py took 0.047 seconds
[2024-12-22T11:27:22.767+0000] {processor.py:156} INFO - Started process (PID=190) to work on /opt/airflow/dags/spark_job_dag.py
[2024-12-22T11:27:22.768+0000] {processor.py:799} INFO - Processing file /opt/airflow/dags/spark_job_dag.py for tasks to queue
[2024-12-22T11:27:22.768+0000] {logging_mixin.py:149} INFO - [2024-12-22T11:27:22.768+0000] {dagbag.py:541} INFO - Filling up the DagBag from /opt/airflow/dags/spark_job_dag.py
[2024-12-22T11:27:22.777+0000] {processor.py:809} INFO - DAG(s) dict_keys(['spark_job_dag']) retrieved from /opt/airflow/dags/spark_job_dag.py
[2024-12-22T11:27:22.800+0000] {logging_mixin.py:149} INFO - [2024-12-22T11:27:22.800+0000] {dag.py:2726} INFO - Sync 1 DAGs
[2024-12-22T11:27:22.814+0000] {logging_mixin.py:149} INFO - [2024-12-22T11:27:22.814+0000] {dag.py:3490} INFO - Setting next_dagrun for spark_job_dag to None, run_after=None
[2024-12-22T11:27:22.822+0000] {processor.py:178} INFO - Processing /opt/airflow/dags/spark_job_dag.py took 0.058 seconds
[2024-12-22T11:27:53.074+0000] {processor.py:156} INFO - Started process (PID=195) to work on /opt/airflow/dags/spark_job_dag.py
[2024-12-22T11:27:53.074+0000] {processor.py:799} INFO - Processing file /opt/airflow/dags/spark_job_dag.py for tasks to queue
[2024-12-22T11:27:53.075+0000] {logging_mixin.py:149} INFO - [2024-12-22T11:27:53.075+0000] {dagbag.py:541} INFO - Filling up the DagBag from /opt/airflow/dags/spark_job_dag.py
[2024-12-22T11:27:53.084+0000] {processor.py:809} INFO - DAG(s) dict_keys(['spark_job_dag']) retrieved from /opt/airflow/dags/spark_job_dag.py
[2024-12-22T11:27:53.104+0000] {logging_mixin.py:149} INFO - [2024-12-22T11:27:53.104+0000] {dag.py:2726} INFO - Sync 1 DAGs
[2024-12-22T11:27:53.118+0000] {logging_mixin.py:149} INFO - [2024-12-22T11:27:53.118+0000] {dag.py:3490} INFO - Setting next_dagrun for spark_job_dag to None, run_after=None
[2024-12-22T11:27:53.126+0000] {processor.py:178} INFO - Processing /opt/airflow/dags/spark_job_dag.py took 0.056 seconds
[2024-12-22T11:28:23.388+0000] {processor.py:156} INFO - Started process (PID=200) to work on /opt/airflow/dags/spark_job_dag.py
[2024-12-22T11:28:23.389+0000] {processor.py:799} INFO - Processing file /opt/airflow/dags/spark_job_dag.py for tasks to queue
[2024-12-22T11:28:23.391+0000] {logging_mixin.py:149} INFO - [2024-12-22T11:28:23.390+0000] {dagbag.py:541} INFO - Filling up the DagBag from /opt/airflow/dags/spark_job_dag.py
[2024-12-22T11:28:23.399+0000] {processor.py:809} INFO - DAG(s) dict_keys(['spark_job_dag']) retrieved from /opt/airflow/dags/spark_job_dag.py
[2024-12-22T11:28:23.419+0000] {logging_mixin.py:149} INFO - [2024-12-22T11:28:23.418+0000] {dag.py:2726} INFO - Sync 1 DAGs
[2024-12-22T11:28:23.432+0000] {logging_mixin.py:149} INFO - [2024-12-22T11:28:23.432+0000] {dag.py:3490} INFO - Setting next_dagrun for spark_job_dag to None, run_after=None
[2024-12-22T11:28:23.440+0000] {processor.py:178} INFO - Processing /opt/airflow/dags/spark_job_dag.py took 0.055 seconds
[2024-12-22T11:28:53.682+0000] {processor.py:156} INFO - Started process (PID=205) to work on /opt/airflow/dags/spark_job_dag.py
[2024-12-22T11:28:53.682+0000] {processor.py:799} INFO - Processing file /opt/airflow/dags/spark_job_dag.py for tasks to queue
[2024-12-22T11:28:53.683+0000] {logging_mixin.py:149} INFO - [2024-12-22T11:28:53.683+0000] {dagbag.py:541} INFO - Filling up the DagBag from /opt/airflow/dags/spark_job_dag.py
[2024-12-22T11:28:53.692+0000] {processor.py:809} INFO - DAG(s) dict_keys(['spark_job_dag']) retrieved from /opt/airflow/dags/spark_job_dag.py
[2024-12-22T11:28:53.712+0000] {logging_mixin.py:149} INFO - [2024-12-22T11:28:53.712+0000] {dag.py:2726} INFO - Sync 1 DAGs
[2024-12-22T11:28:53.725+0000] {logging_mixin.py:149} INFO - [2024-12-22T11:28:53.725+0000] {dag.py:3490} INFO - Setting next_dagrun for spark_job_dag to None, run_after=None
[2024-12-22T11:28:53.733+0000] {processor.py:178} INFO - Processing /opt/airflow/dags/spark_job_dag.py took 0.055 seconds
[2024-12-22T11:29:24.053+0000] {processor.py:156} INFO - Started process (PID=210) to work on /opt/airflow/dags/spark_job_dag.py
[2024-12-22T11:29:24.054+0000] {processor.py:799} INFO - Processing file /opt/airflow/dags/spark_job_dag.py for tasks to queue
[2024-12-22T11:29:24.055+0000] {logging_mixin.py:149} INFO - [2024-12-22T11:29:24.055+0000] {dagbag.py:541} INFO - Filling up the DagBag from /opt/airflow/dags/spark_job_dag.py
[2024-12-22T11:29:24.063+0000] {processor.py:809} INFO - DAG(s) dict_keys(['spark_job_dag']) retrieved from /opt/airflow/dags/spark_job_dag.py
[2024-12-22T11:29:24.082+0000] {logging_mixin.py:149} INFO - [2024-12-22T11:29:24.082+0000] {dag.py:2726} INFO - Sync 1 DAGs
[2024-12-22T11:29:24.095+0000] {logging_mixin.py:149} INFO - [2024-12-22T11:29:24.095+0000] {dag.py:3490} INFO - Setting next_dagrun for spark_job_dag to None, run_after=None
[2024-12-22T11:29:24.104+0000] {processor.py:178} INFO - Processing /opt/airflow/dags/spark_job_dag.py took 0.054 seconds
[2024-12-22T11:29:54.442+0000] {processor.py:156} INFO - Started process (PID=215) to work on /opt/airflow/dags/spark_job_dag.py
[2024-12-22T11:29:54.443+0000] {processor.py:799} INFO - Processing file /opt/airflow/dags/spark_job_dag.py for tasks to queue
[2024-12-22T11:29:54.444+0000] {logging_mixin.py:149} INFO - [2024-12-22T11:29:54.444+0000] {dagbag.py:541} INFO - Filling up the DagBag from /opt/airflow/dags/spark_job_dag.py
[2024-12-22T11:29:54.452+0000] {processor.py:809} INFO - DAG(s) dict_keys(['spark_job_dag']) retrieved from /opt/airflow/dags/spark_job_dag.py
[2024-12-22T11:29:54.473+0000] {logging_mixin.py:149} INFO - [2024-12-22T11:29:54.473+0000] {dag.py:2726} INFO - Sync 1 DAGs
[2024-12-22T11:29:54.487+0000] {logging_mixin.py:149} INFO - [2024-12-22T11:29:54.487+0000] {dag.py:3490} INFO - Setting next_dagrun for spark_job_dag to None, run_after=None
[2024-12-22T11:29:54.496+0000] {processor.py:178} INFO - Processing /opt/airflow/dags/spark_job_dag.py took 0.056 seconds
[2024-12-22T11:30:24.819+0000] {processor.py:156} INFO - Started process (PID=220) to work on /opt/airflow/dags/spark_job_dag.py
[2024-12-22T11:30:24.820+0000] {processor.py:799} INFO - Processing file /opt/airflow/dags/spark_job_dag.py for tasks to queue
[2024-12-22T11:30:24.820+0000] {logging_mixin.py:149} INFO - [2024-12-22T11:30:24.820+0000] {dagbag.py:541} INFO - Filling up the DagBag from /opt/airflow/dags/spark_job_dag.py
[2024-12-22T11:30:24.829+0000] {processor.py:809} INFO - DAG(s) dict_keys(['spark_job_dag']) retrieved from /opt/airflow/dags/spark_job_dag.py
[2024-12-22T11:30:24.848+0000] {logging_mixin.py:149} INFO - [2024-12-22T11:30:24.848+0000] {dag.py:2726} INFO - Sync 1 DAGs
[2024-12-22T11:30:24.862+0000] {logging_mixin.py:149} INFO - [2024-12-22T11:30:24.862+0000] {dag.py:3490} INFO - Setting next_dagrun for spark_job_dag to None, run_after=None
[2024-12-22T11:30:24.870+0000] {processor.py:178} INFO - Processing /opt/airflow/dags/spark_job_dag.py took 0.054 seconds
[2024-12-22T11:30:55.138+0000] {processor.py:156} INFO - Started process (PID=225) to work on /opt/airflow/dags/spark_job_dag.py
[2024-12-22T11:30:55.139+0000] {processor.py:799} INFO - Processing file /opt/airflow/dags/spark_job_dag.py for tasks to queue
[2024-12-22T11:30:55.139+0000] {logging_mixin.py:149} INFO - [2024-12-22T11:30:55.139+0000] {dagbag.py:541} INFO - Filling up the DagBag from /opt/airflow/dags/spark_job_dag.py
[2024-12-22T11:30:55.144+0000] {processor.py:809} INFO - DAG(s) dict_keys(['spark_job_dag']) retrieved from /opt/airflow/dags/spark_job_dag.py
[2024-12-22T11:30:55.160+0000] {logging_mixin.py:149} INFO - [2024-12-22T11:30:55.159+0000] {dag.py:2726} INFO - Sync 1 DAGs
[2024-12-22T11:30:55.173+0000] {logging_mixin.py:149} INFO - [2024-12-22T11:30:55.173+0000] {dag.py:3490} INFO - Setting next_dagrun for spark_job_dag to None, run_after=None
[2024-12-22T11:30:55.182+0000] {processor.py:178} INFO - Processing /opt/airflow/dags/spark_job_dag.py took 0.045 seconds
[2024-12-22T11:31:13.817+0000] {processor.py:156} INFO - Started process (PID=230) to work on /opt/airflow/dags/spark_job_dag.py
[2024-12-22T11:31:13.817+0000] {processor.py:799} INFO - Processing file /opt/airflow/dags/spark_job_dag.py for tasks to queue
[2024-12-22T11:31:13.817+0000] {logging_mixin.py:149} INFO - [2024-12-22T11:31:13.817+0000] {dagbag.py:541} INFO - Filling up the DagBag from /opt/airflow/dags/spark_job_dag.py
[2024-12-22T11:31:13.822+0000] {processor.py:809} INFO - DAG(s) dict_keys(['spark_job_example']) retrieved from /opt/airflow/dags/spark_job_dag.py
[2024-12-22T11:31:13.868+0000] {logging_mixin.py:149} INFO - [2024-12-22T11:31:13.868+0000] {manager.py:504} INFO - Created Permission View: can read on DAG:spark_job_example
[2024-12-22T11:31:13.871+0000] {logging_mixin.py:149} INFO - [2024-12-22T11:31:13.871+0000] {manager.py:504} INFO - Created Permission View: can delete on DAG:spark_job_example
[2024-12-22T11:31:13.873+0000] {logging_mixin.py:149} INFO - [2024-12-22T11:31:13.873+0000] {manager.py:504} INFO - Created Permission View: can edit on DAG:spark_job_example
[2024-12-22T11:31:13.873+0000] {logging_mixin.py:149} INFO - [2024-12-22T11:31:13.873+0000] {dag.py:2726} INFO - Sync 1 DAGs
[2024-12-22T11:31:13.878+0000] {logging_mixin.py:149} INFO - [2024-12-22T11:31:13.878+0000] {dag.py:2747} INFO - Creating ORM DAG for spark_job_example
[2024-12-22T11:31:13.883+0000] {logging_mixin.py:149} INFO - [2024-12-22T11:31:13.883+0000] {dag.py:3490} INFO - Setting next_dagrun for spark_job_example to 2024-12-21T11:31:13.882993+00:00, run_after=2024-12-22T11:31:13.882993+00:00
[2024-12-22T11:31:13.890+0000] {processor.py:178} INFO - Processing /opt/airflow/dags/spark_job_dag.py took 0.074 seconds
[2024-12-22T11:31:44.208+0000] {processor.py:156} INFO - Started process (PID=235) to work on /opt/airflow/dags/spark_job_dag.py
[2024-12-22T11:31:44.209+0000] {processor.py:799} INFO - Processing file /opt/airflow/dags/spark_job_dag.py for tasks to queue
[2024-12-22T11:31:44.210+0000] {logging_mixin.py:149} INFO - [2024-12-22T11:31:44.210+0000] {dagbag.py:541} INFO - Filling up the DagBag from /opt/airflow/dags/spark_job_dag.py
[2024-12-22T11:31:44.219+0000] {processor.py:809} INFO - DAG(s) dict_keys(['spark_job_example']) retrieved from /opt/airflow/dags/spark_job_dag.py
[2024-12-22T11:31:44.241+0000] {logging_mixin.py:149} INFO - [2024-12-22T11:31:44.241+0000] {dag.py:2726} INFO - Sync 1 DAGs
[2024-12-22T11:31:44.255+0000] {logging_mixin.py:149} INFO - [2024-12-22T11:31:44.255+0000] {dag.py:3490} INFO - Setting next_dagrun for spark_job_example to 2024-12-21T11:31:44.255187+00:00, run_after=2024-12-22T11:31:44.255187+00:00
[2024-12-22T11:31:44.264+0000] {processor.py:178} INFO - Processing /opt/airflow/dags/spark_job_dag.py took 0.060 seconds
[2024-12-22T11:32:14.541+0000] {processor.py:156} INFO - Started process (PID=241) to work on /opt/airflow/dags/spark_job_dag.py
[2024-12-22T11:32:14.542+0000] {processor.py:799} INFO - Processing file /opt/airflow/dags/spark_job_dag.py for tasks to queue
[2024-12-22T11:32:14.542+0000] {logging_mixin.py:149} INFO - [2024-12-22T11:32:14.542+0000] {dagbag.py:541} INFO - Filling up the DagBag from /opt/airflow/dags/spark_job_dag.py
[2024-12-22T11:32:14.549+0000] {processor.py:809} INFO - DAG(s) dict_keys(['spark_job_example']) retrieved from /opt/airflow/dags/spark_job_dag.py
[2024-12-22T11:32:14.568+0000] {logging_mixin.py:149} INFO - [2024-12-22T11:32:14.567+0000] {dag.py:2726} INFO - Sync 1 DAGs
[2024-12-22T11:32:14.581+0000] {logging_mixin.py:149} INFO - [2024-12-22T11:32:14.581+0000] {dag.py:3490} INFO - Setting next_dagrun for spark_job_example to 2024-12-21T11:32:14.581653+00:00, run_after=2024-12-22T11:32:14.581653+00:00
[2024-12-22T11:32:14.590+0000] {processor.py:178} INFO - Processing /opt/airflow/dags/spark_job_dag.py took 0.052 seconds
[2024-12-22T11:32:44.862+0000] {processor.py:156} INFO - Started process (PID=246) to work on /opt/airflow/dags/spark_job_dag.py
[2024-12-22T11:32:44.863+0000] {processor.py:799} INFO - Processing file /opt/airflow/dags/spark_job_dag.py for tasks to queue
[2024-12-22T11:32:44.864+0000] {logging_mixin.py:149} INFO - [2024-12-22T11:32:44.864+0000] {dagbag.py:541} INFO - Filling up the DagBag from /opt/airflow/dags/spark_job_dag.py
[2024-12-22T11:32:44.872+0000] {processor.py:809} INFO - DAG(s) dict_keys(['spark_job_example']) retrieved from /opt/airflow/dags/spark_job_dag.py
[2024-12-22T11:32:44.892+0000] {logging_mixin.py:149} INFO - [2024-12-22T11:32:44.892+0000] {dag.py:2726} INFO - Sync 1 DAGs
[2024-12-22T11:32:44.905+0000] {logging_mixin.py:149} INFO - [2024-12-22T11:32:44.905+0000] {dag.py:3490} INFO - Setting next_dagrun for spark_job_example to 2024-12-21T11:32:44.905678+00:00, run_after=2024-12-22T11:32:44.905678+00:00
[2024-12-22T11:32:44.915+0000] {processor.py:178} INFO - Processing /opt/airflow/dags/spark_job_dag.py took 0.055 seconds
[2024-12-22T11:33:15.141+0000] {processor.py:156} INFO - Started process (PID=251) to work on /opt/airflow/dags/spark_job_dag.py
[2024-12-22T11:33:15.141+0000] {processor.py:799} INFO - Processing file /opt/airflow/dags/spark_job_dag.py for tasks to queue
[2024-12-22T11:33:15.142+0000] {logging_mixin.py:149} INFO - [2024-12-22T11:33:15.142+0000] {dagbag.py:541} INFO - Filling up the DagBag from /opt/airflow/dags/spark_job_dag.py
[2024-12-22T11:33:15.148+0000] {processor.py:809} INFO - DAG(s) dict_keys(['spark_job_example']) retrieved from /opt/airflow/dags/spark_job_dag.py
[2024-12-22T11:33:15.167+0000] {logging_mixin.py:149} INFO - [2024-12-22T11:33:15.166+0000] {dag.py:2726} INFO - Sync 1 DAGs
[2024-12-22T11:33:15.182+0000] {logging_mixin.py:149} INFO - [2024-12-22T11:33:15.182+0000] {dag.py:3490} INFO - Setting next_dagrun for spark_job_example to 2024-12-21T11:33:15.182359+00:00, run_after=2024-12-22T11:33:15.182359+00:00
[2024-12-22T11:33:15.192+0000] {processor.py:178} INFO - Processing /opt/airflow/dags/spark_job_dag.py took 0.055 seconds
[2024-12-22T11:33:45.470+0000] {processor.py:156} INFO - Started process (PID=256) to work on /opt/airflow/dags/spark_job_dag.py
[2024-12-22T11:33:45.471+0000] {processor.py:799} INFO - Processing file /opt/airflow/dags/spark_job_dag.py for tasks to queue
[2024-12-22T11:33:45.472+0000] {logging_mixin.py:149} INFO - [2024-12-22T11:33:45.472+0000] {dagbag.py:541} INFO - Filling up the DagBag from /opt/airflow/dags/spark_job_dag.py
[2024-12-22T11:33:45.480+0000] {processor.py:809} INFO - DAG(s) dict_keys(['spark_job_example']) retrieved from /opt/airflow/dags/spark_job_dag.py
[2024-12-22T11:33:45.502+0000] {logging_mixin.py:149} INFO - [2024-12-22T11:33:45.502+0000] {dag.py:2726} INFO - Sync 1 DAGs
[2024-12-22T11:33:45.516+0000] {logging_mixin.py:149} INFO - [2024-12-22T11:33:45.516+0000] {dag.py:3490} INFO - Setting next_dagrun for spark_job_example to 2024-12-21T11:33:45.516110+00:00, run_after=2024-12-22T11:33:45.516110+00:00
[2024-12-22T11:33:45.525+0000] {processor.py:178} INFO - Processing /opt/airflow/dags/spark_job_dag.py took 0.058 seconds
[2024-12-22T11:34:15.805+0000] {processor.py:156} INFO - Started process (PID=261) to work on /opt/airflow/dags/spark_job_dag.py
[2024-12-22T11:34:15.806+0000] {processor.py:799} INFO - Processing file /opt/airflow/dags/spark_job_dag.py for tasks to queue
[2024-12-22T11:34:15.807+0000] {logging_mixin.py:149} INFO - [2024-12-22T11:34:15.807+0000] {dagbag.py:541} INFO - Filling up the DagBag from /opt/airflow/dags/spark_job_dag.py
[2024-12-22T11:34:15.817+0000] {processor.py:809} INFO - DAG(s) dict_keys(['spark_job_example']) retrieved from /opt/airflow/dags/spark_job_dag.py
[2024-12-22T11:34:15.837+0000] {logging_mixin.py:149} INFO - [2024-12-22T11:34:15.836+0000] {dag.py:2726} INFO - Sync 1 DAGs
[2024-12-22T11:34:15.851+0000] {logging_mixin.py:149} INFO - [2024-12-22T11:34:15.851+0000] {dag.py:3490} INFO - Setting next_dagrun for spark_job_example to 2024-12-21T11:34:15.851314+00:00, run_after=2024-12-22T11:34:15.851314+00:00
[2024-12-22T11:34:15.860+0000] {processor.py:178} INFO - Processing /opt/airflow/dags/spark_job_dag.py took 0.058 seconds
[2024-12-22T11:34:46.184+0000] {processor.py:156} INFO - Started process (PID=266) to work on /opt/airflow/dags/spark_job_dag.py
[2024-12-22T11:34:46.185+0000] {processor.py:799} INFO - Processing file /opt/airflow/dags/spark_job_dag.py for tasks to queue
[2024-12-22T11:34:46.186+0000] {logging_mixin.py:149} INFO - [2024-12-22T11:34:46.186+0000] {dagbag.py:541} INFO - Filling up the DagBag from /opt/airflow/dags/spark_job_dag.py
[2024-12-22T11:34:46.195+0000] {processor.py:809} INFO - DAG(s) dict_keys(['spark_job_example']) retrieved from /opt/airflow/dags/spark_job_dag.py
[2024-12-22T11:34:46.216+0000] {logging_mixin.py:149} INFO - [2024-12-22T11:34:46.216+0000] {dag.py:2726} INFO - Sync 1 DAGs
[2024-12-22T11:34:46.231+0000] {logging_mixin.py:149} INFO - [2024-12-22T11:34:46.231+0000] {dag.py:3490} INFO - Setting next_dagrun for spark_job_example to 2024-12-21T11:34:46.230926+00:00, run_after=2024-12-22T11:34:46.230926+00:00
[2024-12-22T11:34:46.239+0000] {processor.py:178} INFO - Processing /opt/airflow/dags/spark_job_dag.py took 0.058 seconds
[2024-12-22T11:35:16.545+0000] {processor.py:156} INFO - Started process (PID=271) to work on /opt/airflow/dags/spark_job_dag.py
[2024-12-22T11:35:16.545+0000] {processor.py:799} INFO - Processing file /opt/airflow/dags/spark_job_dag.py for tasks to queue
[2024-12-22T11:35:16.546+0000] {logging_mixin.py:149} INFO - [2024-12-22T11:35:16.546+0000] {dagbag.py:541} INFO - Filling up the DagBag from /opt/airflow/dags/spark_job_dag.py
[2024-12-22T11:35:16.554+0000] {processor.py:809} INFO - DAG(s) dict_keys(['spark_job_example']) retrieved from /opt/airflow/dags/spark_job_dag.py
[2024-12-22T11:35:16.574+0000] {logging_mixin.py:149} INFO - [2024-12-22T11:35:16.573+0000] {dag.py:2726} INFO - Sync 1 DAGs
[2024-12-22T11:35:16.588+0000] {logging_mixin.py:149} INFO - [2024-12-22T11:35:16.588+0000] {dag.py:3490} INFO - Setting next_dagrun for spark_job_example to 2024-12-21T11:35:16.588209+00:00, run_after=2024-12-22T11:35:16.588209+00:00
[2024-12-22T11:35:16.600+0000] {processor.py:178} INFO - Processing /opt/airflow/dags/spark_job_dag.py took 0.058 seconds
[2024-12-22T11:35:46.977+0000] {processor.py:156} INFO - Started process (PID=281) to work on /opt/airflow/dags/spark_job_dag.py
[2024-12-22T11:35:46.978+0000] {processor.py:799} INFO - Processing file /opt/airflow/dags/spark_job_dag.py for tasks to queue
[2024-12-22T11:35:46.978+0000] {logging_mixin.py:149} INFO - [2024-12-22T11:35:46.978+0000] {dagbag.py:541} INFO - Filling up the DagBag from /opt/airflow/dags/spark_job_dag.py
[2024-12-22T11:35:46.987+0000] {processor.py:809} INFO - DAG(s) dict_keys(['spark_job_example']) retrieved from /opt/airflow/dags/spark_job_dag.py
[2024-12-22T11:35:47.008+0000] {logging_mixin.py:149} INFO - [2024-12-22T11:35:47.007+0000] {dag.py:2726} INFO - Sync 1 DAGs
[2024-12-22T11:35:47.023+0000] {logging_mixin.py:149} INFO - [2024-12-22T11:35:47.023+0000] {dag.py:3490} INFO - Setting next_dagrun for spark_job_example to 2024-12-21T11:35:47.023168+00:00, run_after=2024-12-22T11:35:47.023168+00:00
[2024-12-22T11:35:47.032+0000] {processor.py:178} INFO - Processing /opt/airflow/dags/spark_job_dag.py took 0.059 seconds
[2024-12-22T11:36:17.403+0000] {processor.py:156} INFO - Started process (PID=303) to work on /opt/airflow/dags/spark_job_dag.py
[2024-12-22T11:36:17.404+0000] {processor.py:799} INFO - Processing file /opt/airflow/dags/spark_job_dag.py for tasks to queue
[2024-12-22T11:36:17.404+0000] {logging_mixin.py:149} INFO - [2024-12-22T11:36:17.404+0000] {dagbag.py:541} INFO - Filling up the DagBag from /opt/airflow/dags/spark_job_dag.py
[2024-12-22T11:36:17.413+0000] {processor.py:809} INFO - DAG(s) dict_keys(['spark_job_example']) retrieved from /opt/airflow/dags/spark_job_dag.py
[2024-12-22T11:36:17.434+0000] {logging_mixin.py:149} INFO - [2024-12-22T11:36:17.434+0000] {dag.py:2726} INFO - Sync 1 DAGs
[2024-12-22T11:36:17.450+0000] {logging_mixin.py:149} INFO - [2024-12-22T11:36:17.449+0000] {dag.py:3490} INFO - Setting next_dagrun for spark_job_example to 2024-12-21T11:36:17.449810+00:00, run_after=2024-12-22T11:36:17.449810+00:00
[2024-12-22T11:36:17.459+0000] {processor.py:178} INFO - Processing /opt/airflow/dags/spark_job_dag.py took 0.060 seconds
[2024-12-22T11:36:47.831+0000] {processor.py:156} INFO - Started process (PID=313) to work on /opt/airflow/dags/spark_job_dag.py
[2024-12-22T11:36:47.832+0000] {processor.py:799} INFO - Processing file /opt/airflow/dags/spark_job_dag.py for tasks to queue
[2024-12-22T11:36:47.833+0000] {logging_mixin.py:149} INFO - [2024-12-22T11:36:47.833+0000] {dagbag.py:541} INFO - Filling up the DagBag from /opt/airflow/dags/spark_job_dag.py
[2024-12-22T11:36:47.842+0000] {processor.py:809} INFO - DAG(s) dict_keys(['spark_job_example']) retrieved from /opt/airflow/dags/spark_job_dag.py
[2024-12-22T11:36:47.862+0000] {logging_mixin.py:149} INFO - [2024-12-22T11:36:47.862+0000] {dag.py:2726} INFO - Sync 1 DAGs
[2024-12-22T11:36:47.876+0000] {logging_mixin.py:149} INFO - [2024-12-22T11:36:47.876+0000] {dag.py:3490} INFO - Setting next_dagrun for spark_job_example to 2024-12-21T11:36:47.875894+00:00, run_after=2024-12-22T11:36:47.875894+00:00
[2024-12-22T11:36:47.884+0000] {processor.py:178} INFO - Processing /opt/airflow/dags/spark_job_dag.py took 0.056 seconds
[2024-12-22T11:37:18.254+0000] {processor.py:156} INFO - Started process (PID=323) to work on /opt/airflow/dags/spark_job_dag.py
[2024-12-22T11:37:18.255+0000] {processor.py:799} INFO - Processing file /opt/airflow/dags/spark_job_dag.py for tasks to queue
[2024-12-22T11:37:18.255+0000] {logging_mixin.py:149} INFO - [2024-12-22T11:37:18.255+0000] {dagbag.py:541} INFO - Filling up the DagBag from /opt/airflow/dags/spark_job_dag.py
[2024-12-22T11:37:18.264+0000] {processor.py:809} INFO - DAG(s) dict_keys(['spark_job_example']) retrieved from /opt/airflow/dags/spark_job_dag.py
[2024-12-22T11:37:18.284+0000] {logging_mixin.py:149} INFO - [2024-12-22T11:37:18.284+0000] {dag.py:2726} INFO - Sync 1 DAGs
[2024-12-22T11:37:18.298+0000] {logging_mixin.py:149} INFO - [2024-12-22T11:37:18.298+0000] {dag.py:3490} INFO - Setting next_dagrun for spark_job_example to 2024-12-21T11:37:18.298135+00:00, run_after=2024-12-22T11:37:18.298135+00:00
[2024-12-22T11:37:18.307+0000] {processor.py:178} INFO - Processing /opt/airflow/dags/spark_job_dag.py took 0.056 seconds
[2024-12-22T11:37:48.639+0000] {processor.py:156} INFO - Started process (PID=333) to work on /opt/airflow/dags/spark_job_dag.py
[2024-12-22T11:37:48.640+0000] {processor.py:799} INFO - Processing file /opt/airflow/dags/spark_job_dag.py for tasks to queue
[2024-12-22T11:37:48.640+0000] {logging_mixin.py:149} INFO - [2024-12-22T11:37:48.640+0000] {dagbag.py:541} INFO - Filling up the DagBag from /opt/airflow/dags/spark_job_dag.py
[2024-12-22T11:37:48.646+0000] {processor.py:809} INFO - DAG(s) dict_keys(['spark_job_example']) retrieved from /opt/airflow/dags/spark_job_dag.py
[2024-12-22T11:37:48.661+0000] {logging_mixin.py:149} INFO - [2024-12-22T11:37:48.661+0000] {dag.py:2726} INFO - Sync 1 DAGs
[2024-12-22T11:37:48.676+0000] {logging_mixin.py:149} INFO - [2024-12-22T11:37:48.676+0000] {dag.py:3490} INFO - Setting next_dagrun for spark_job_example to 2024-12-21T11:37:48.676135+00:00, run_after=2024-12-22T11:37:48.676135+00:00
[2024-12-22T11:37:48.685+0000] {processor.py:178} INFO - Processing /opt/airflow/dags/spark_job_dag.py took 0.048 seconds
[2024-12-22T11:38:19.008+0000] {processor.py:156} INFO - Started process (PID=343) to work on /opt/airflow/dags/spark_job_dag.py
[2024-12-22T11:38:19.009+0000] {processor.py:799} INFO - Processing file /opt/airflow/dags/spark_job_dag.py for tasks to queue
[2024-12-22T11:38:19.009+0000] {logging_mixin.py:149} INFO - [2024-12-22T11:38:19.009+0000] {dagbag.py:541} INFO - Filling up the DagBag from /opt/airflow/dags/spark_job_dag.py
[2024-12-22T11:38:19.013+0000] {processor.py:809} INFO - DAG(s) dict_keys(['spark_job_example']) retrieved from /opt/airflow/dags/spark_job_dag.py
[2024-12-22T11:38:19.026+0000] {logging_mixin.py:149} INFO - [2024-12-22T11:38:19.026+0000] {dag.py:2726} INFO - Sync 1 DAGs
[2024-12-22T11:38:19.037+0000] {logging_mixin.py:149} INFO - [2024-12-22T11:38:19.037+0000] {dag.py:3490} INFO - Setting next_dagrun for spark_job_example to 2024-12-21T11:38:19.037717+00:00, run_after=2024-12-22T11:38:19.037717+00:00
[2024-12-22T11:38:19.046+0000] {processor.py:178} INFO - Processing /opt/airflow/dags/spark_job_dag.py took 0.039 seconds
[2024-12-22T11:38:49.408+0000] {processor.py:156} INFO - Started process (PID=353) to work on /opt/airflow/dags/spark_job_dag.py
[2024-12-22T11:38:49.409+0000] {processor.py:799} INFO - Processing file /opt/airflow/dags/spark_job_dag.py for tasks to queue
[2024-12-22T11:38:49.409+0000] {logging_mixin.py:149} INFO - [2024-12-22T11:38:49.409+0000] {dagbag.py:541} INFO - Filling up the DagBag from /opt/airflow/dags/spark_job_dag.py
[2024-12-22T11:38:49.417+0000] {processor.py:809} INFO - DAG(s) dict_keys(['spark_job_example']) retrieved from /opt/airflow/dags/spark_job_dag.py
[2024-12-22T11:38:49.438+0000] {logging_mixin.py:149} INFO - [2024-12-22T11:38:49.437+0000] {dag.py:2726} INFO - Sync 1 DAGs
[2024-12-22T11:38:49.451+0000] {logging_mixin.py:149} INFO - [2024-12-22T11:38:49.451+0000] {dag.py:3490} INFO - Setting next_dagrun for spark_job_example to 2024-12-21T11:38:49.451207+00:00, run_after=2024-12-22T11:38:49.451207+00:00
[2024-12-22T11:38:49.460+0000] {processor.py:178} INFO - Processing /opt/airflow/dags/spark_job_dag.py took 0.055 seconds
[2024-12-22T11:39:19.793+0000] {processor.py:156} INFO - Started process (PID=363) to work on /opt/airflow/dags/spark_job_dag.py
[2024-12-22T11:39:19.793+0000] {processor.py:799} INFO - Processing file /opt/airflow/dags/spark_job_dag.py for tasks to queue
[2024-12-22T11:39:19.794+0000] {logging_mixin.py:149} INFO - [2024-12-22T11:39:19.793+0000] {dagbag.py:541} INFO - Filling up the DagBag from /opt/airflow/dags/spark_job_dag.py
[2024-12-22T11:39:19.799+0000] {processor.py:809} INFO - DAG(s) dict_keys(['spark_job_example']) retrieved from /opt/airflow/dags/spark_job_dag.py
[2024-12-22T11:39:19.817+0000] {logging_mixin.py:149} INFO - [2024-12-22T11:39:19.817+0000] {dag.py:2726} INFO - Sync 1 DAGs
[2024-12-22T11:39:19.833+0000] {logging_mixin.py:149} INFO - [2024-12-22T11:39:19.833+0000] {dag.py:3490} INFO - Setting next_dagrun for spark_job_example to 2024-12-21T11:39:19.833242+00:00, run_after=2024-12-22T11:39:19.833242+00:00
[2024-12-22T11:39:19.845+0000] {processor.py:178} INFO - Processing /opt/airflow/dags/spark_job_dag.py took 0.054 seconds
[2024-12-22T11:39:50.156+0000] {processor.py:156} INFO - Started process (PID=373) to work on /opt/airflow/dags/spark_job_dag.py
[2024-12-22T11:39:50.157+0000] {processor.py:799} INFO - Processing file /opt/airflow/dags/spark_job_dag.py for tasks to queue
[2024-12-22T11:39:50.158+0000] {logging_mixin.py:149} INFO - [2024-12-22T11:39:50.158+0000] {dagbag.py:541} INFO - Filling up the DagBag from /opt/airflow/dags/spark_job_dag.py
[2024-12-22T11:39:50.166+0000] {processor.py:809} INFO - DAG(s) dict_keys(['spark_job_example']) retrieved from /opt/airflow/dags/spark_job_dag.py
[2024-12-22T11:39:50.186+0000] {logging_mixin.py:149} INFO - [2024-12-22T11:39:50.185+0000] {dag.py:2726} INFO - Sync 1 DAGs
[2024-12-22T11:39:50.200+0000] {logging_mixin.py:149} INFO - [2024-12-22T11:39:50.200+0000] {dag.py:3490} INFO - Setting next_dagrun for spark_job_example to 2024-12-21T11:39:50.200496+00:00, run_after=2024-12-22T11:39:50.200496+00:00
[2024-12-22T11:39:50.209+0000] {processor.py:178} INFO - Processing /opt/airflow/dags/spark_job_dag.py took 0.056 seconds
[2024-12-22T11:40:20.534+0000] {processor.py:156} INFO - Started process (PID=383) to work on /opt/airflow/dags/spark_job_dag.py
[2024-12-22T11:40:20.534+0000] {processor.py:799} INFO - Processing file /opt/airflow/dags/spark_job_dag.py for tasks to queue
[2024-12-22T11:40:20.535+0000] {logging_mixin.py:149} INFO - [2024-12-22T11:40:20.535+0000] {dagbag.py:541} INFO - Filling up the DagBag from /opt/airflow/dags/spark_job_dag.py
[2024-12-22T11:40:20.540+0000] {processor.py:809} INFO - DAG(s) dict_keys(['spark_job_example']) retrieved from /opt/airflow/dags/spark_job_dag.py
[2024-12-22T11:40:20.556+0000] {logging_mixin.py:149} INFO - [2024-12-22T11:40:20.556+0000] {dag.py:2726} INFO - Sync 1 DAGs
[2024-12-22T11:40:20.569+0000] {logging_mixin.py:149} INFO - [2024-12-22T11:40:20.569+0000] {dag.py:3490} INFO - Setting next_dagrun for spark_job_example to 2024-12-21T11:40:20.569311+00:00, run_after=2024-12-22T11:40:20.569311+00:00
[2024-12-22T11:40:20.577+0000] {processor.py:178} INFO - Processing /opt/airflow/dags/spark_job_dag.py took 0.045 seconds
[2024-12-22T11:40:50.879+0000] {processor.py:156} INFO - Started process (PID=405) to work on /opt/airflow/dags/spark_job_dag.py
[2024-12-22T11:40:50.879+0000] {processor.py:799} INFO - Processing file /opt/airflow/dags/spark_job_dag.py for tasks to queue
[2024-12-22T11:40:50.880+0000] {logging_mixin.py:149} INFO - [2024-12-22T11:40:50.879+0000] {dagbag.py:541} INFO - Filling up the DagBag from /opt/airflow/dags/spark_job_dag.py
[2024-12-22T11:40:50.885+0000] {processor.py:809} INFO - DAG(s) dict_keys(['spark_job_example']) retrieved from /opt/airflow/dags/spark_job_dag.py
[2024-12-22T11:40:50.901+0000] {logging_mixin.py:149} INFO - [2024-12-22T11:40:50.901+0000] {dag.py:2726} INFO - Sync 1 DAGs
[2024-12-22T11:40:50.913+0000] {logging_mixin.py:149} INFO - [2024-12-22T11:40:50.913+0000] {dag.py:3490} INFO - Setting next_dagrun for spark_job_example to 2024-12-21T11:40:50.913559+00:00, run_after=2024-12-22T11:40:50.913559+00:00
[2024-12-22T11:40:50.921+0000] {processor.py:178} INFO - Processing /opt/airflow/dags/spark_job_dag.py took 0.044 seconds
[2024-12-22T11:41:40.973+0000] {processor.py:156} INFO - Started process (PID=169) to work on /opt/airflow/dags/spark_job_dag.py
[2024-12-22T11:41:40.973+0000] {processor.py:799} INFO - Processing file /opt/airflow/dags/spark_job_dag.py for tasks to queue
[2024-12-22T11:41:40.974+0000] {logging_mixin.py:149} INFO - [2024-12-22T11:41:40.974+0000] {dagbag.py:541} INFO - Filling up the DagBag from /opt/airflow/dags/spark_job_dag.py
[2024-12-22T11:41:40.979+0000] {processor.py:809} INFO - DAG(s) dict_keys(['spark_job_example']) retrieved from /opt/airflow/dags/spark_job_dag.py
[2024-12-22T11:41:40.992+0000] {logging_mixin.py:149} INFO - [2024-12-22T11:41:40.992+0000] {dag.py:2726} INFO - Sync 1 DAGs
[2024-12-22T11:41:41.005+0000] {logging_mixin.py:149} INFO - [2024-12-22T11:41:41.005+0000] {dag.py:3490} INFO - Setting next_dagrun for spark_job_example to 2024-12-21T11:41:41.005041+00:00, run_after=2024-12-22T11:41:41.005041+00:00
[2024-12-22T11:41:41.014+0000] {processor.py:178} INFO - Processing /opt/airflow/dags/spark_job_dag.py took 0.043 seconds
[2024-12-22T11:42:11.241+0000] {processor.py:156} INFO - Started process (PID=179) to work on /opt/airflow/dags/spark_job_dag.py
[2024-12-22T11:42:11.242+0000] {processor.py:799} INFO - Processing file /opt/airflow/dags/spark_job_dag.py for tasks to queue
[2024-12-22T11:42:11.242+0000] {logging_mixin.py:149} INFO - [2024-12-22T11:42:11.242+0000] {dagbag.py:541} INFO - Filling up the DagBag from /opt/airflow/dags/spark_job_dag.py
[2024-12-22T11:42:11.249+0000] {processor.py:809} INFO - DAG(s) dict_keys(['spark_job_example']) retrieved from /opt/airflow/dags/spark_job_dag.py
[2024-12-22T11:42:11.268+0000] {logging_mixin.py:149} INFO - [2024-12-22T11:42:11.268+0000] {dag.py:2726} INFO - Sync 1 DAGs
[2024-12-22T11:42:11.283+0000] {logging_mixin.py:149} INFO - [2024-12-22T11:42:11.283+0000] {dag.py:3490} INFO - Setting next_dagrun for spark_job_example to 2024-12-21T11:42:11.283218+00:00, run_after=2024-12-22T11:42:11.283218+00:00
[2024-12-22T11:42:11.294+0000] {processor.py:178} INFO - Processing /opt/airflow/dags/spark_job_dag.py took 0.055 seconds
[2024-12-22T11:42:41.518+0000] {processor.py:156} INFO - Started process (PID=189) to work on /opt/airflow/dags/spark_job_dag.py
[2024-12-22T11:42:41.518+0000] {processor.py:799} INFO - Processing file /opt/airflow/dags/spark_job_dag.py for tasks to queue
[2024-12-22T11:42:41.519+0000] {logging_mixin.py:149} INFO - [2024-12-22T11:42:41.518+0000] {dagbag.py:541} INFO - Filling up the DagBag from /opt/airflow/dags/spark_job_dag.py
[2024-12-22T11:42:41.525+0000] {processor.py:809} INFO - DAG(s) dict_keys(['spark_job_example']) retrieved from /opt/airflow/dags/spark_job_dag.py
[2024-12-22T11:42:41.543+0000] {logging_mixin.py:149} INFO - [2024-12-22T11:42:41.543+0000] {dag.py:2726} INFO - Sync 1 DAGs
[2024-12-22T11:42:41.556+0000] {logging_mixin.py:149} INFO - [2024-12-22T11:42:41.556+0000] {dag.py:3490} INFO - Setting next_dagrun for spark_job_example to 2024-12-21T11:42:41.556668+00:00, run_after=2024-12-22T11:42:41.556668+00:00
[2024-12-22T11:42:41.565+0000] {processor.py:178} INFO - Processing /opt/airflow/dags/spark_job_dag.py took 0.050 seconds
[2024-12-22T11:43:11.834+0000] {processor.py:156} INFO - Started process (PID=199) to work on /opt/airflow/dags/spark_job_dag.py
[2024-12-22T11:43:11.835+0000] {processor.py:799} INFO - Processing file /opt/airflow/dags/spark_job_dag.py for tasks to queue
[2024-12-22T11:43:11.835+0000] {logging_mixin.py:149} INFO - [2024-12-22T11:43:11.835+0000] {dagbag.py:541} INFO - Filling up the DagBag from /opt/airflow/dags/spark_job_dag.py
[2024-12-22T11:43:11.841+0000] {processor.py:809} INFO - DAG(s) dict_keys(['spark_job_example']) retrieved from /opt/airflow/dags/spark_job_dag.py
[2024-12-22T11:43:11.856+0000] {logging_mixin.py:149} INFO - [2024-12-22T11:43:11.856+0000] {dag.py:2726} INFO - Sync 1 DAGs
[2024-12-22T11:43:11.869+0000] {logging_mixin.py:149} INFO - [2024-12-22T11:43:11.869+0000] {dag.py:3490} INFO - Setting next_dagrun for spark_job_example to 2024-12-21T11:43:11.869381+00:00, run_after=2024-12-22T11:43:11.869381+00:00
[2024-12-22T11:43:11.878+0000] {processor.py:178} INFO - Processing /opt/airflow/dags/spark_job_dag.py took 0.045 seconds
[2024-12-22T11:43:42.171+0000] {processor.py:156} INFO - Started process (PID=209) to work on /opt/airflow/dags/spark_job_dag.py
[2024-12-22T11:43:42.171+0000] {processor.py:799} INFO - Processing file /opt/airflow/dags/spark_job_dag.py for tasks to queue
[2024-12-22T11:43:42.172+0000] {logging_mixin.py:149} INFO - [2024-12-22T11:43:42.172+0000] {dagbag.py:541} INFO - Filling up the DagBag from /opt/airflow/dags/spark_job_dag.py
[2024-12-22T11:43:42.178+0000] {processor.py:809} INFO - DAG(s) dict_keys(['spark_job_example']) retrieved from /opt/airflow/dags/spark_job_dag.py
[2024-12-22T11:43:42.197+0000] {logging_mixin.py:149} INFO - [2024-12-22T11:43:42.196+0000] {dag.py:2726} INFO - Sync 1 DAGs
[2024-12-22T11:43:42.211+0000] {logging_mixin.py:149} INFO - [2024-12-22T11:43:42.210+0000] {dag.py:3490} INFO - Setting next_dagrun for spark_job_example to 2024-12-21T11:43:42.210834+00:00, run_after=2024-12-22T11:43:42.210834+00:00
[2024-12-22T11:43:42.220+0000] {processor.py:178} INFO - Processing /opt/airflow/dags/spark_job_dag.py took 0.052 seconds
[2024-12-22T11:44:12.518+0000] {processor.py:156} INFO - Started process (PID=219) to work on /opt/airflow/dags/spark_job_dag.py
[2024-12-22T11:44:12.518+0000] {processor.py:799} INFO - Processing file /opt/airflow/dags/spark_job_dag.py for tasks to queue
[2024-12-22T11:44:12.519+0000] {logging_mixin.py:149} INFO - [2024-12-22T11:44:12.519+0000] {dagbag.py:541} INFO - Filling up the DagBag from /opt/airflow/dags/spark_job_dag.py
[2024-12-22T11:44:12.526+0000] {processor.py:809} INFO - DAG(s) dict_keys(['spark_job_example']) retrieved from /opt/airflow/dags/spark_job_dag.py
[2024-12-22T11:44:12.545+0000] {logging_mixin.py:149} INFO - [2024-12-22T11:44:12.545+0000] {dag.py:2726} INFO - Sync 1 DAGs
[2024-12-22T11:44:12.560+0000] {logging_mixin.py:149} INFO - [2024-12-22T11:44:12.560+0000] {dag.py:3490} INFO - Setting next_dagrun for spark_job_example to 2024-12-21T11:44:12.560561+00:00, run_after=2024-12-22T11:44:12.560561+00:00
[2024-12-22T11:44:12.570+0000] {processor.py:178} INFO - Processing /opt/airflow/dags/spark_job_dag.py took 0.055 seconds
[2024-12-22T11:44:42.873+0000] {processor.py:156} INFO - Started process (PID=229) to work on /opt/airflow/dags/spark_job_dag.py
[2024-12-22T11:44:42.873+0000] {processor.py:799} INFO - Processing file /opt/airflow/dags/spark_job_dag.py for tasks to queue
[2024-12-22T11:44:42.874+0000] {logging_mixin.py:149} INFO - [2024-12-22T11:44:42.874+0000] {dagbag.py:541} INFO - Filling up the DagBag from /opt/airflow/dags/spark_job_dag.py
[2024-12-22T11:44:42.881+0000] {processor.py:809} INFO - DAG(s) dict_keys(['spark_job_example']) retrieved from /opt/airflow/dags/spark_job_dag.py
[2024-12-22T11:44:42.900+0000] {logging_mixin.py:149} INFO - [2024-12-22T11:44:42.900+0000] {dag.py:2726} INFO - Sync 1 DAGs
[2024-12-22T11:44:42.914+0000] {logging_mixin.py:149} INFO - [2024-12-22T11:44:42.914+0000] {dag.py:3490} INFO - Setting next_dagrun for spark_job_example to 2024-12-21T11:44:42.914528+00:00, run_after=2024-12-22T11:44:42.914528+00:00
[2024-12-22T11:44:42.923+0000] {processor.py:178} INFO - Processing /opt/airflow/dags/spark_job_dag.py took 0.052 seconds
[2024-12-22T11:45:13.225+0000] {processor.py:156} INFO - Started process (PID=239) to work on /opt/airflow/dags/spark_job_dag.py
[2024-12-22T11:45:13.226+0000] {processor.py:799} INFO - Processing file /opt/airflow/dags/spark_job_dag.py for tasks to queue
[2024-12-22T11:45:13.226+0000] {logging_mixin.py:149} INFO - [2024-12-22T11:45:13.226+0000] {dagbag.py:541} INFO - Filling up the DagBag from /opt/airflow/dags/spark_job_dag.py
[2024-12-22T11:45:13.233+0000] {processor.py:809} INFO - DAG(s) dict_keys(['spark_job_example']) retrieved from /opt/airflow/dags/spark_job_dag.py
[2024-12-22T11:45:13.252+0000] {logging_mixin.py:149} INFO - [2024-12-22T11:45:13.252+0000] {dag.py:2726} INFO - Sync 1 DAGs
[2024-12-22T11:45:13.266+0000] {logging_mixin.py:149} INFO - [2024-12-22T11:45:13.266+0000] {dag.py:3490} INFO - Setting next_dagrun for spark_job_example to 2024-12-21T11:45:13.266684+00:00, run_after=2024-12-22T11:45:13.266684+00:00
[2024-12-22T11:45:13.275+0000] {processor.py:178} INFO - Processing /opt/airflow/dags/spark_job_dag.py took 0.052 seconds
[2024-12-22T11:45:43.557+0000] {processor.py:156} INFO - Started process (PID=249) to work on /opt/airflow/dags/spark_job_dag.py
[2024-12-22T11:45:43.557+0000] {processor.py:799} INFO - Processing file /opt/airflow/dags/spark_job_dag.py for tasks to queue
[2024-12-22T11:45:43.558+0000] {logging_mixin.py:149} INFO - [2024-12-22T11:45:43.558+0000] {dagbag.py:541} INFO - Filling up the DagBag from /opt/airflow/dags/spark_job_dag.py
[2024-12-22T11:45:43.565+0000] {processor.py:809} INFO - DAG(s) dict_keys(['spark_job_example']) retrieved from /opt/airflow/dags/spark_job_dag.py
[2024-12-22T11:45:43.588+0000] {logging_mixin.py:149} INFO - [2024-12-22T11:45:43.587+0000] {dag.py:2726} INFO - Sync 1 DAGs
[2024-12-22T11:45:43.604+0000] {logging_mixin.py:149} INFO - [2024-12-22T11:45:43.604+0000] {dag.py:3490} INFO - Setting next_dagrun for spark_job_example to 2024-12-21T11:45:43.604333+00:00, run_after=2024-12-22T11:45:43.604333+00:00
[2024-12-22T11:45:43.614+0000] {processor.py:178} INFO - Processing /opt/airflow/dags/spark_job_dag.py took 0.060 seconds
[2024-12-22T11:46:13.916+0000] {processor.py:156} INFO - Started process (PID=283) to work on /opt/airflow/dags/spark_job_dag.py
[2024-12-22T11:46:13.916+0000] {processor.py:799} INFO - Processing file /opt/airflow/dags/spark_job_dag.py for tasks to queue
[2024-12-22T11:46:13.917+0000] {logging_mixin.py:149} INFO - [2024-12-22T11:46:13.917+0000] {dagbag.py:541} INFO - Filling up the DagBag from /opt/airflow/dags/spark_job_dag.py
[2024-12-22T11:46:13.925+0000] {processor.py:809} INFO - DAG(s) dict_keys(['spark_job_example']) retrieved from /opt/airflow/dags/spark_job_dag.py
[2024-12-22T11:46:13.944+0000] {logging_mixin.py:149} INFO - [2024-12-22T11:46:13.944+0000] {dag.py:2726} INFO - Sync 1 DAGs
[2024-12-22T11:46:13.959+0000] {logging_mixin.py:149} INFO - [2024-12-22T11:46:13.959+0000] {dag.py:3490} INFO - Setting next_dagrun for spark_job_example to 2024-12-21T11:46:13.958993+00:00, run_after=2024-12-22T11:46:13.958993+00:00
[2024-12-22T11:46:13.968+0000] {processor.py:178} INFO - Processing /opt/airflow/dags/spark_job_dag.py took 0.054 seconds
[2024-12-22T11:46:44.260+0000] {processor.py:156} INFO - Started process (PID=293) to work on /opt/airflow/dags/spark_job_dag.py
[2024-12-22T11:46:44.260+0000] {processor.py:799} INFO - Processing file /opt/airflow/dags/spark_job_dag.py for tasks to queue
[2024-12-22T11:46:44.261+0000] {logging_mixin.py:149} INFO - [2024-12-22T11:46:44.261+0000] {dagbag.py:541} INFO - Filling up the DagBag from /opt/airflow/dags/spark_job_dag.py
[2024-12-22T11:46:44.266+0000] {processor.py:809} INFO - DAG(s) dict_keys(['spark_job_example']) retrieved from /opt/airflow/dags/spark_job_dag.py
[2024-12-22T11:46:44.283+0000] {logging_mixin.py:149} INFO - [2024-12-22T11:46:44.282+0000] {dag.py:2726} INFO - Sync 1 DAGs
[2024-12-22T11:46:44.296+0000] {logging_mixin.py:149} INFO - [2024-12-22T11:46:44.296+0000] {dag.py:3490} INFO - Setting next_dagrun for spark_job_example to 2024-12-21T11:46:44.296568+00:00, run_after=2024-12-22T11:46:44.296568+00:00
[2024-12-22T11:46:44.305+0000] {processor.py:178} INFO - Processing /opt/airflow/dags/spark_job_dag.py took 0.047 seconds
[2024-12-22T11:47:14.620+0000] {processor.py:156} INFO - Started process (PID=303) to work on /opt/airflow/dags/spark_job_dag.py
[2024-12-22T11:47:14.620+0000] {processor.py:799} INFO - Processing file /opt/airflow/dags/spark_job_dag.py for tasks to queue
[2024-12-22T11:47:14.621+0000] {logging_mixin.py:149} INFO - [2024-12-22T11:47:14.620+0000] {dagbag.py:541} INFO - Filling up the DagBag from /opt/airflow/dags/spark_job_dag.py
[2024-12-22T11:47:14.626+0000] {processor.py:809} INFO - DAG(s) dict_keys(['spark_job_example']) retrieved from /opt/airflow/dags/spark_job_dag.py
[2024-12-22T11:47:14.643+0000] {logging_mixin.py:149} INFO - [2024-12-22T11:47:14.643+0000] {dag.py:2726} INFO - Sync 1 DAGs
[2024-12-22T11:47:14.656+0000] {logging_mixin.py:149} INFO - [2024-12-22T11:47:14.656+0000] {dag.py:3490} INFO - Setting next_dagrun for spark_job_example to 2024-12-21T11:47:14.656272+00:00, run_after=2024-12-22T11:47:14.656272+00:00
[2024-12-22T11:47:14.664+0000] {processor.py:178} INFO - Processing /opt/airflow/dags/spark_job_dag.py took 0.046 seconds
[2024-12-22T11:47:44.929+0000] {processor.py:156} INFO - Started process (PID=313) to work on /opt/airflow/dags/spark_job_dag.py
[2024-12-22T11:47:44.930+0000] {processor.py:799} INFO - Processing file /opt/airflow/dags/spark_job_dag.py for tasks to queue
[2024-12-22T11:47:44.930+0000] {logging_mixin.py:149} INFO - [2024-12-22T11:47:44.930+0000] {dagbag.py:541} INFO - Filling up the DagBag from /opt/airflow/dags/spark_job_dag.py
[2024-12-22T11:47:44.935+0000] {processor.py:809} INFO - DAG(s) dict_keys(['spark_job_example']) retrieved from /opt/airflow/dags/spark_job_dag.py
[2024-12-22T11:47:44.950+0000] {logging_mixin.py:149} INFO - [2024-12-22T11:47:44.950+0000] {dag.py:2726} INFO - Sync 1 DAGs
[2024-12-22T11:47:44.963+0000] {logging_mixin.py:149} INFO - [2024-12-22T11:47:44.963+0000] {dag.py:3490} INFO - Setting next_dagrun for spark_job_example to 2024-12-21T11:47:44.963425+00:00, run_after=2024-12-22T11:47:44.963425+00:00
[2024-12-22T11:47:44.971+0000] {processor.py:178} INFO - Processing /opt/airflow/dags/spark_job_dag.py took 0.043 seconds
[2024-12-22T11:48:15.273+0000] {processor.py:156} INFO - Started process (PID=323) to work on /opt/airflow/dags/spark_job_dag.py
[2024-12-22T11:48:15.274+0000] {processor.py:799} INFO - Processing file /opt/airflow/dags/spark_job_dag.py for tasks to queue
[2024-12-22T11:48:15.274+0000] {logging_mixin.py:149} INFO - [2024-12-22T11:48:15.274+0000] {dagbag.py:541} INFO - Filling up the DagBag from /opt/airflow/dags/spark_job_dag.py
[2024-12-22T11:48:15.280+0000] {processor.py:809} INFO - DAG(s) dict_keys(['spark_job_example']) retrieved from /opt/airflow/dags/spark_job_dag.py
[2024-12-22T11:48:15.299+0000] {logging_mixin.py:149} INFO - [2024-12-22T11:48:15.299+0000] {dag.py:2726} INFO - Sync 1 DAGs
[2024-12-22T11:48:15.314+0000] {logging_mixin.py:149} INFO - [2024-12-22T11:48:15.314+0000] {dag.py:3490} INFO - Setting next_dagrun for spark_job_example to 2024-12-21T11:48:15.314139+00:00, run_after=2024-12-22T11:48:15.314139+00:00
[2024-12-22T11:48:15.323+0000] {processor.py:178} INFO - Processing /opt/airflow/dags/spark_job_dag.py took 0.052 seconds
[2024-12-22T11:48:45.601+0000] {processor.py:156} INFO - Started process (PID=333) to work on /opt/airflow/dags/spark_job_dag.py
[2024-12-22T11:48:45.601+0000] {processor.py:799} INFO - Processing file /opt/airflow/dags/spark_job_dag.py for tasks to queue
[2024-12-22T11:48:45.602+0000] {logging_mixin.py:149} INFO - [2024-12-22T11:48:45.601+0000] {dagbag.py:541} INFO - Filling up the DagBag from /opt/airflow/dags/spark_job_dag.py
[2024-12-22T11:48:45.607+0000] {processor.py:809} INFO - DAG(s) dict_keys(['spark_job_example']) retrieved from /opt/airflow/dags/spark_job_dag.py
[2024-12-22T11:48:45.624+0000] {logging_mixin.py:149} INFO - [2024-12-22T11:48:45.624+0000] {dag.py:2726} INFO - Sync 1 DAGs
[2024-12-22T11:48:45.637+0000] {logging_mixin.py:149} INFO - [2024-12-22T11:48:45.637+0000] {dag.py:3490} INFO - Setting next_dagrun for spark_job_example to 2024-12-21T11:48:45.637528+00:00, run_after=2024-12-22T11:48:45.637528+00:00
[2024-12-22T11:48:45.646+0000] {processor.py:178} INFO - Processing /opt/airflow/dags/spark_job_dag.py took 0.047 seconds
[2024-12-22T11:49:15.914+0000] {processor.py:156} INFO - Started process (PID=343) to work on /opt/airflow/dags/spark_job_dag.py
[2024-12-22T11:49:15.915+0000] {processor.py:799} INFO - Processing file /opt/airflow/dags/spark_job_dag.py for tasks to queue
[2024-12-22T11:49:15.915+0000] {logging_mixin.py:149} INFO - [2024-12-22T11:49:15.915+0000] {dagbag.py:541} INFO - Filling up the DagBag from /opt/airflow/dags/spark_job_dag.py
[2024-12-22T11:49:15.921+0000] {processor.py:809} INFO - DAG(s) dict_keys(['spark_job_example']) retrieved from /opt/airflow/dags/spark_job_dag.py
[2024-12-22T11:49:15.937+0000] {logging_mixin.py:149} INFO - [2024-12-22T11:49:15.937+0000] {dag.py:2726} INFO - Sync 1 DAGs
[2024-12-22T11:49:15.950+0000] {logging_mixin.py:149} INFO - [2024-12-22T11:49:15.950+0000] {dag.py:3490} INFO - Setting next_dagrun for spark_job_example to 2024-12-21T11:49:15.950031+00:00, run_after=2024-12-22T11:49:15.950031+00:00
[2024-12-22T11:49:15.959+0000] {processor.py:178} INFO - Processing /opt/airflow/dags/spark_job_dag.py took 0.046 seconds
[2024-12-22T11:49:46.249+0000] {processor.py:156} INFO - Started process (PID=353) to work on /opt/airflow/dags/spark_job_dag.py
[2024-12-22T11:49:46.249+0000] {processor.py:799} INFO - Processing file /opt/airflow/dags/spark_job_dag.py for tasks to queue
[2024-12-22T11:49:46.250+0000] {logging_mixin.py:149} INFO - [2024-12-22T11:49:46.250+0000] {dagbag.py:541} INFO - Filling up the DagBag from /opt/airflow/dags/spark_job_dag.py
[2024-12-22T11:49:46.255+0000] {processor.py:809} INFO - DAG(s) dict_keys(['spark_job_example']) retrieved from /opt/airflow/dags/spark_job_dag.py
[2024-12-22T11:49:46.271+0000] {logging_mixin.py:149} INFO - [2024-12-22T11:49:46.271+0000] {dag.py:2726} INFO - Sync 1 DAGs
[2024-12-22T11:49:46.284+0000] {logging_mixin.py:149} INFO - [2024-12-22T11:49:46.284+0000] {dag.py:3490} INFO - Setting next_dagrun for spark_job_example to 2024-12-21T11:49:46.284568+00:00, run_after=2024-12-22T11:49:46.284568+00:00
[2024-12-22T11:49:46.293+0000] {processor.py:178} INFO - Processing /opt/airflow/dags/spark_job_dag.py took 0.046 seconds
[2024-12-22T11:50:16.573+0000] {processor.py:156} INFO - Started process (PID=375) to work on /opt/airflow/dags/spark_job_dag.py
[2024-12-22T11:50:16.573+0000] {processor.py:799} INFO - Processing file /opt/airflow/dags/spark_job_dag.py for tasks to queue
[2024-12-22T11:50:16.574+0000] {logging_mixin.py:149} INFO - [2024-12-22T11:50:16.574+0000] {dagbag.py:541} INFO - Filling up the DagBag from /opt/airflow/dags/spark_job_dag.py
[2024-12-22T11:50:16.581+0000] {processor.py:809} INFO - DAG(s) dict_keys(['spark_job_example']) retrieved from /opt/airflow/dags/spark_job_dag.py
[2024-12-22T11:50:16.599+0000] {logging_mixin.py:149} INFO - [2024-12-22T11:50:16.599+0000] {dag.py:2726} INFO - Sync 1 DAGs
[2024-12-22T11:50:16.614+0000] {logging_mixin.py:149} INFO - [2024-12-22T11:50:16.614+0000] {dag.py:3490} INFO - Setting next_dagrun for spark_job_example to 2024-12-21T11:50:16.614088+00:00, run_after=2024-12-22T11:50:16.614088+00:00
[2024-12-22T11:50:16.623+0000] {processor.py:178} INFO - Processing /opt/airflow/dags/spark_job_dag.py took 0.052 seconds
[2024-12-22T11:50:46.931+0000] {processor.py:156} INFO - Started process (PID=385) to work on /opt/airflow/dags/spark_job_dag.py
[2024-12-22T11:50:46.932+0000] {processor.py:799} INFO - Processing file /opt/airflow/dags/spark_job_dag.py for tasks to queue
[2024-12-22T11:50:46.932+0000] {logging_mixin.py:149} INFO - [2024-12-22T11:50:46.932+0000] {dagbag.py:541} INFO - Filling up the DagBag from /opt/airflow/dags/spark_job_dag.py
[2024-12-22T11:50:46.937+0000] {processor.py:809} INFO - DAG(s) dict_keys(['spark_job_example']) retrieved from /opt/airflow/dags/spark_job_dag.py
[2024-12-22T11:50:46.954+0000] {logging_mixin.py:149} INFO - [2024-12-22T11:50:46.954+0000] {dag.py:2726} INFO - Sync 1 DAGs
[2024-12-22T11:50:46.967+0000] {logging_mixin.py:149} INFO - [2024-12-22T11:50:46.967+0000] {dag.py:3490} INFO - Setting next_dagrun for spark_job_example to 2024-12-21T11:50:46.967743+00:00, run_after=2024-12-22T11:50:46.967743+00:00
[2024-12-22T11:50:46.976+0000] {processor.py:178} INFO - Processing /opt/airflow/dags/spark_job_dag.py took 0.047 seconds
[2024-12-22T11:51:17.291+0000] {processor.py:156} INFO - Started process (PID=407) to work on /opt/airflow/dags/spark_job_dag.py
[2024-12-22T11:51:17.292+0000] {processor.py:799} INFO - Processing file /opt/airflow/dags/spark_job_dag.py for tasks to queue
[2024-12-22T11:51:17.292+0000] {logging_mixin.py:149} INFO - [2024-12-22T11:51:17.292+0000] {dagbag.py:541} INFO - Filling up the DagBag from /opt/airflow/dags/spark_job_dag.py
[2024-12-22T11:51:17.297+0000] {processor.py:809} INFO - DAG(s) dict_keys(['spark_job_example']) retrieved from /opt/airflow/dags/spark_job_dag.py
[2024-12-22T11:51:17.315+0000] {logging_mixin.py:149} INFO - [2024-12-22T11:51:17.315+0000] {dag.py:2726} INFO - Sync 1 DAGs
[2024-12-22T11:51:17.328+0000] {logging_mixin.py:149} INFO - [2024-12-22T11:51:17.328+0000] {dag.py:3490} INFO - Setting next_dagrun for spark_job_example to 2024-12-21T11:51:17.328564+00:00, run_after=2024-12-22T11:51:17.328564+00:00
[2024-12-22T11:51:17.337+0000] {processor.py:178} INFO - Processing /opt/airflow/dags/spark_job_dag.py took 0.047 seconds
[2024-12-22T11:51:47.650+0000] {processor.py:156} INFO - Started process (PID=417) to work on /opt/airflow/dags/spark_job_dag.py
[2024-12-22T11:51:47.655+0000] {processor.py:799} INFO - Processing file /opt/airflow/dags/spark_job_dag.py for tasks to queue
[2024-12-22T11:51:47.656+0000] {logging_mixin.py:149} INFO - [2024-12-22T11:51:47.656+0000] {dagbag.py:541} INFO - Filling up the DagBag from /opt/airflow/dags/spark_job_dag.py
[2024-12-22T11:51:47.661+0000] {processor.py:809} INFO - DAG(s) dict_keys(['spark_job_example']) retrieved from /opt/airflow/dags/spark_job_dag.py
[2024-12-22T11:51:47.674+0000] {logging_mixin.py:149} INFO - [2024-12-22T11:51:47.674+0000] {dag.py:2726} INFO - Sync 1 DAGs
[2024-12-22T11:51:47.687+0000] {logging_mixin.py:149} INFO - [2024-12-22T11:51:47.687+0000] {dag.py:3490} INFO - Setting next_dagrun for spark_job_example to 2024-12-21T11:51:47.687359+00:00, run_after=2024-12-22T11:51:47.687359+00:00
[2024-12-22T11:51:47.697+0000] {processor.py:178} INFO - Processing /opt/airflow/dags/spark_job_dag.py took 0.049 seconds
