[2024-12-19T07:08:53.593+0000] {local_task_job_runner.py:123} INFO - ::group::Pre task execution logs
[2024-12-19T07:08:53.600+0000] {taskinstance.py:2613} INFO - Dependencies all met for dep_context=non-requeueable deps ti=<TaskInstance: our_first_dag_v1.second_task scheduled__2021-10-31T00:00:00+00:00 [queued]>
[2024-12-19T07:08:53.605+0000] {taskinstance.py:2613} INFO - Dependencies all met for dep_context=requeueable deps ti=<TaskInstance: our_first_dag_v1.second_task scheduled__2021-10-31T00:00:00+00:00 [queued]>
[2024-12-19T07:08:53.606+0000] {taskinstance.py:2866} INFO - Starting attempt 1 of 6
[2024-12-19T07:08:53.616+0000] {taskinstance.py:2889} INFO - Executing <Task(BashOperator): second_task> on 2021-10-31 00:00:00+00:00
[2024-12-19T07:08:53.620+0000] {logging_mixin.py:190} WARNING - /home/***/.local/lib/python3.12/site-packages/***/task/task_runner/standard_task_runner.py:70 DeprecationWarning: This process (pid=7909) is multi-threaded, use of fork() may lead to deadlocks in the child.
[2024-12-19T07:08:53.620+0000] {standard_task_runner.py:72} INFO - Started process 7916 to run task
[2024-12-19T07:08:53.620+0000] {standard_task_runner.py:104} INFO - Running: ['***', 'tasks', 'run', 'our_first_dag_v1', 'second_task', 'scheduled__2021-10-31T00:00:00+00:00', '--job-id', '1427', '--raw', '--subdir', 'DAGS_FOLDER/our_first_dag.py', '--cfg-path', '/tmp/tmp6gtxswhz']
[2024-12-19T07:08:53.621+0000] {standard_task_runner.py:105} INFO - Job 1427: Subtask second_task
[2024-12-19T07:08:53.639+0000] {task_command.py:467} INFO - Running <TaskInstance: our_first_dag_v1.second_task scheduled__2021-10-31T00:00:00+00:00 [running]> on host 13c961a72918
[2024-12-19T07:08:53.669+0000] {taskinstance.py:3132} INFO - Exporting env vars: AIRFLOW_CTX_DAG_OWNER='code2j' AIRFLOW_CTX_DAG_ID='our_first_dag_v1' AIRFLOW_CTX_TASK_ID='second_task' AIRFLOW_CTX_EXECUTION_DATE='2021-10-31T00:00:00+00:00' AIRFLOW_CTX_TRY_NUMBER='1' AIRFLOW_CTX_DAG_RUN_ID='scheduled__2021-10-31T00:00:00+00:00'
[2024-12-19T07:08:53.672+0000] {taskinstance.py:731} INFO - ::endgroup::
[2024-12-19T07:08:53.678+0000] {subprocess.py:78} INFO - Tmp dir root location: /tmp
[2024-12-19T07:08:53.679+0000] {subprocess.py:88} INFO - Running command: ['/usr/bin/bash', '-c', 'echo hey, I am task2 and will be running after task1']
[2024-12-19T07:08:53.682+0000] {subprocess.py:99} INFO - Output:
[2024-12-19T07:08:53.683+0000] {subprocess.py:106} INFO - hey, I am task2 and will be running after task1
[2024-12-19T07:08:53.683+0000] {subprocess.py:110} INFO - Command exited with return code 0
[2024-12-19T07:08:53.693+0000] {taskinstance.py:340} INFO - ::group::Post task execution logs
[2024-12-19T07:08:53.694+0000] {taskinstance.py:352} INFO - Marking task as SUCCESS. dag_id=our_first_dag_v1, task_id=second_task, run_id=scheduled__2021-10-31T00:00:00+00:00, execution_date=20211031T000000, start_date=20241219T070853, end_date=20241219T070853
[2024-12-19T07:08:53.718+0000] {local_task_job_runner.py:266} INFO - Task exited with return code 0
[2024-12-19T07:08:53.724+0000] {taskinstance.py:3895} INFO - 0 downstream tasks scheduled from follow-on schedule check
[2024-12-19T07:08:53.725+0000] {local_task_job_runner.py:245} INFO - ::endgroup::
