[2024-12-19T07:18:32.700+0000] {local_task_job_runner.py:123} INFO - ::group::Pre task execution logs
[2024-12-19T07:18:32.719+0000] {taskinstance.py:2613} INFO - Dependencies all met for dep_context=non-requeueable deps ti=<TaskInstance: our_first_dag_v2.third_task scheduled__2021-12-13T00:00:00+00:00 [queued]>
[2024-12-19T07:18:32.732+0000] {taskinstance.py:2613} INFO - Dependencies all met for dep_context=requeueable deps ti=<TaskInstance: our_first_dag_v2.third_task scheduled__2021-12-13T00:00:00+00:00 [queued]>
[2024-12-19T07:18:32.733+0000] {taskinstance.py:2866} INFO - Starting attempt 1 of 6
[2024-12-19T07:18:32.754+0000] {taskinstance.py:2889} INFO - Executing <Task(BashOperator): third_task> on 2021-12-13 00:00:00+00:00
[2024-12-19T07:18:32.764+0000] {logging_mixin.py:190} WARNING - /home/***/.local/lib/python3.12/site-packages/***/task/task_runner/standard_task_runner.py:70 DeprecationWarning: This process (pid=9959) is multi-threaded, use of fork() may lead to deadlocks in the child.
[2024-12-19T07:18:32.765+0000] {standard_task_runner.py:72} INFO - Started process 9979 to run task
[2024-12-19T07:18:32.767+0000] {standard_task_runner.py:104} INFO - Running: ['***', 'tasks', 'run', 'our_first_dag_v2', 'third_task', 'scheduled__2021-12-13T00:00:00+00:00', '--job-id', '1891', '--raw', '--subdir', 'DAGS_FOLDER/our_first_dag.py', '--cfg-path', '/tmp/tmp55gy5t7q']
[2024-12-19T07:18:32.769+0000] {standard_task_runner.py:105} INFO - Job 1891: Subtask third_task
[2024-12-19T07:18:32.836+0000] {task_command.py:467} INFO - Running <TaskInstance: our_first_dag_v2.third_task scheduled__2021-12-13T00:00:00+00:00 [running]> on host 13c961a72918
[2024-12-19T07:18:32.909+0000] {taskinstance.py:3132} INFO - Exporting env vars: AIRFLOW_CTX_DAG_OWNER='code2j' AIRFLOW_CTX_DAG_ID='our_first_dag_v2' AIRFLOW_CTX_TASK_ID='third_task' AIRFLOW_CTX_EXECUTION_DATE='2021-12-13T00:00:00+00:00' AIRFLOW_CTX_TRY_NUMBER='1' AIRFLOW_CTX_DAG_RUN_ID='scheduled__2021-12-13T00:00:00+00:00'
[2024-12-19T07:18:32.911+0000] {taskinstance.py:731} INFO - ::endgroup::
[2024-12-19T07:18:32.924+0000] {subprocess.py:78} INFO - Tmp dir root location: /tmp
[2024-12-19T07:18:32.928+0000] {subprocess.py:88} INFO - Running command: ['/usr/bin/bash', '-c', 'echo hey, I am task3 and will be running after task1']
[2024-12-19T07:18:32.938+0000] {subprocess.py:99} INFO - Output:
[2024-12-19T07:18:32.940+0000] {subprocess.py:106} INFO - hey, I am task3 and will be running after task1
[2024-12-19T07:18:32.942+0000] {subprocess.py:110} INFO - Command exited with return code 0
[2024-12-19T07:18:32.967+0000] {taskinstance.py:340} INFO - ::group::Post task execution logs
[2024-12-19T07:18:32.970+0000] {taskinstance.py:352} INFO - Marking task as SUCCESS. dag_id=our_first_dag_v2, task_id=third_task, run_id=scheduled__2021-12-13T00:00:00+00:00, execution_date=20211213T000000, start_date=20241219T071832, end_date=20241219T071832
[2024-12-19T07:18:33.033+0000] {local_task_job_runner.py:266} INFO - Task exited with return code 0
[2024-12-19T07:18:33.047+0000] {taskinstance.py:3895} INFO - 0 downstream tasks scheduled from follow-on schedule check
[2024-12-19T07:18:33.049+0000] {local_task_job_runner.py:245} INFO - ::endgroup::
