[2024-12-19T05:39:20.877+0000] {local_task_job_runner.py:123} INFO - ::group::Pre task execution logs
[2024-12-19T05:39:20.884+0000] {taskinstance.py:2613} INFO - Dependencies all met for dep_context=non-requeueable deps ti=<TaskInstance: our_first_dag.first_task scheduled__2021-11-24T00:00:00+00:00 [queued]>
[2024-12-19T05:39:20.887+0000] {taskinstance.py:2613} INFO - Dependencies all met for dep_context=requeueable deps ti=<TaskInstance: our_first_dag.first_task scheduled__2021-11-24T00:00:00+00:00 [queued]>
[2024-12-19T05:39:20.887+0000] {taskinstance.py:2866} INFO - Starting attempt 1 of 6
[2024-12-19T05:39:20.895+0000] {taskinstance.py:2889} INFO - Executing <Task(BashOperator): first_task> on 2021-11-24 00:00:00+00:00
[2024-12-19T05:39:20.899+0000] {logging_mixin.py:190} WARNING - /home/***/.local/lib/python3.12/site-packages/***/task/task_runner/standard_task_runner.py:70 DeprecationWarning: This process (pid=723) is multi-threaded, use of fork() may lead to deadlocks in the child.
[2024-12-19T05:39:20.899+0000] {standard_task_runner.py:72} INFO - Started process 726 to run task
[2024-12-19T05:39:20.899+0000] {standard_task_runner.py:104} INFO - Running: ['***', 'tasks', 'run', 'our_first_dag', 'first_task', 'scheduled__2021-11-24T00:00:00+00:00', '--job-id', '122', '--raw', '--subdir', 'DAGS_FOLDER/our_first_dag.py', '--cfg-path', '/tmp/tmp6jmkc_5u']
[2024-12-19T05:39:20.900+0000] {standard_task_runner.py:105} INFO - Job 122: Subtask first_task
[2024-12-19T05:39:20.920+0000] {task_command.py:467} INFO - Running <TaskInstance: our_first_dag.first_task scheduled__2021-11-24T00:00:00+00:00 [running]> on host 13c961a72918
[2024-12-19T05:39:20.955+0000] {taskinstance.py:3132} INFO - Exporting env vars: AIRFLOW_CTX_DAG_OWNER='code2j' AIRFLOW_CTX_DAG_ID='our_first_dag' AIRFLOW_CTX_TASK_ID='first_task' AIRFLOW_CTX_EXECUTION_DATE='2021-11-24T00:00:00+00:00' AIRFLOW_CTX_TRY_NUMBER='1' AIRFLOW_CTX_DAG_RUN_ID='scheduled__2021-11-24T00:00:00+00:00'
[2024-12-19T05:39:20.956+0000] {taskinstance.py:731} INFO - ::endgroup::
[2024-12-19T05:39:20.964+0000] {subprocess.py:78} INFO - Tmp dir root location: /tmp
[2024-12-19T05:39:20.965+0000] {subprocess.py:88} INFO - Running command: ['/usr/bin/bash', '-c', 'echo hello world, this is the first task']
[2024-12-19T05:39:20.970+0000] {subprocess.py:99} INFO - Output:
[2024-12-19T05:39:20.970+0000] {subprocess.py:106} INFO - hello world, this is the first task
[2024-12-19T05:39:20.970+0000] {subprocess.py:110} INFO - Command exited with return code 0
[2024-12-19T05:39:20.983+0000] {taskinstance.py:340} INFO - ::group::Post task execution logs
[2024-12-19T05:39:20.983+0000] {taskinstance.py:352} INFO - Marking task as SUCCESS. dag_id=our_first_dag, task_id=first_task, run_id=scheduled__2021-11-24T00:00:00+00:00, execution_date=20211124T000000, start_date=20241219T053920, end_date=20241219T053920
[2024-12-19T05:39:20.997+0000] {local_task_job_runner.py:266} INFO - Task exited with return code 0
[2024-12-19T05:39:21.006+0000] {taskinstance.py:3895} INFO - 0 downstream tasks scheduled from follow-on schedule check
[2024-12-19T05:39:21.007+0000] {local_task_job_runner.py:245} INFO - ::endgroup::
