[2024-12-19T07:18:55.217+0000] {local_task_job_runner.py:123} INFO - ::group::Pre task execution logs
[2024-12-19T07:18:55.225+0000] {taskinstance.py:2613} INFO - Dependencies all met for dep_context=non-requeueable deps ti=<TaskInstance: our_first_dag_v2.first_task scheduled__2022-02-21T00:00:00+00:00 [queued]>
[2024-12-19T07:18:55.229+0000] {taskinstance.py:2613} INFO - Dependencies all met for dep_context=requeueable deps ti=<TaskInstance: our_first_dag_v2.first_task scheduled__2022-02-21T00:00:00+00:00 [queued]>
[2024-12-19T07:18:55.229+0000] {taskinstance.py:2866} INFO - Starting attempt 1 of 6
[2024-12-19T07:18:55.257+0000] {taskinstance.py:2889} INFO - Executing <Task(BashOperator): first_task> on 2022-02-21 00:00:00+00:00
[2024-12-19T07:18:55.261+0000] {logging_mixin.py:190} WARNING - /home/***/.local/lib/python3.12/site-packages/***/task/task_runner/standard_task_runner.py:70 DeprecationWarning: This process (pid=10760) is multi-threaded, use of fork() may lead to deadlocks in the child.
[2024-12-19T07:18:55.262+0000] {standard_task_runner.py:72} INFO - Started process 10770 to run task
[2024-12-19T07:18:55.262+0000] {standard_task_runner.py:104} INFO - Running: ['***', 'tasks', 'run', 'our_first_dag_v2', 'first_task', 'scheduled__2022-02-21T00:00:00+00:00', '--job-id', '2085', '--raw', '--subdir', 'DAGS_FOLDER/our_first_dag.py', '--cfg-path', '/tmp/tmp3j783w8_']
[2024-12-19T07:18:55.264+0000] {standard_task_runner.py:105} INFO - Job 2085: Subtask first_task
[2024-12-19T07:18:55.297+0000] {task_command.py:467} INFO - Running <TaskInstance: our_first_dag_v2.first_task scheduled__2022-02-21T00:00:00+00:00 [running]> on host 13c961a72918
[2024-12-19T07:18:55.354+0000] {taskinstance.py:3132} INFO - Exporting env vars: AIRFLOW_CTX_DAG_OWNER='code2j' AIRFLOW_CTX_DAG_ID='our_first_dag_v2' AIRFLOW_CTX_TASK_ID='first_task' AIRFLOW_CTX_EXECUTION_DATE='2022-02-21T00:00:00+00:00' AIRFLOW_CTX_TRY_NUMBER='1' AIRFLOW_CTX_DAG_RUN_ID='scheduled__2022-02-21T00:00:00+00:00'
[2024-12-19T07:18:55.355+0000] {taskinstance.py:731} INFO - ::endgroup::
[2024-12-19T07:18:55.368+0000] {subprocess.py:78} INFO - Tmp dir root location: /tmp
[2024-12-19T07:18:55.370+0000] {subprocess.py:88} INFO - Running command: ['/usr/bin/bash', '-c', 'echo hello world, this is the first task']
[2024-12-19T07:18:55.381+0000] {subprocess.py:99} INFO - Output:
[2024-12-19T07:18:55.382+0000] {subprocess.py:106} INFO - hello world, this is the first task
[2024-12-19T07:18:55.384+0000] {subprocess.py:110} INFO - Command exited with return code 0
[2024-12-19T07:18:55.420+0000] {taskinstance.py:340} INFO - ::group::Post task execution logs
[2024-12-19T07:18:55.421+0000] {taskinstance.py:352} INFO - Marking task as SUCCESS. dag_id=our_first_dag_v2, task_id=first_task, run_id=scheduled__2022-02-21T00:00:00+00:00, execution_date=20220221T000000, start_date=20241219T071855, end_date=20241219T071855
[2024-12-19T07:18:55.487+0000] {local_task_job_runner.py:266} INFO - Task exited with return code 0
[2024-12-19T07:18:55.497+0000] {local_task_job_runner.py:245} INFO - ::endgroup::
