[2024-12-19T05:42:45.578+0000] {local_task_job_runner.py:123} INFO - ::group::Pre task execution logs
[2024-12-19T05:42:45.586+0000] {taskinstance.py:2613} INFO - Dependencies all met for dep_context=non-requeueable deps ti=<TaskInstance: our_first_dag.first_task scheduled__2023-09-30T00:00:00+00:00 [queued]>
[2024-12-19T05:42:45.590+0000] {taskinstance.py:2613} INFO - Dependencies all met for dep_context=requeueable deps ti=<TaskInstance: our_first_dag.first_task scheduled__2023-09-30T00:00:00+00:00 [queued]>
[2024-12-19T05:42:45.591+0000] {taskinstance.py:2866} INFO - Starting attempt 1 of 6
[2024-12-19T05:42:45.598+0000] {taskinstance.py:2889} INFO - Executing <Task(BashOperator): first_task> on 2023-09-30 00:00:00+00:00
[2024-12-19T05:42:45.601+0000] {logging_mixin.py:190} WARNING - /home/***/.local/lib/python3.12/site-packages/***/task/task_runner/standard_task_runner.py:70 DeprecationWarning: This process (pid=3487) is multi-threaded, use of fork() may lead to deadlocks in the child.
[2024-12-19T05:42:45.601+0000] {standard_task_runner.py:72} INFO - Started process 3495 to run task
[2024-12-19T05:42:45.601+0000] {standard_task_runner.py:104} INFO - Running: ['***', 'tasks', 'run', 'our_first_dag', 'first_task', 'scheduled__2023-09-30T00:00:00+00:00', '--job-id', '797', '--raw', '--subdir', 'DAGS_FOLDER/our_first_dag.py', '--cfg-path', '/tmp/tmp1f7o7zz1']
[2024-12-19T05:42:45.602+0000] {standard_task_runner.py:105} INFO - Job 797: Subtask first_task
[2024-12-19T05:42:45.621+0000] {task_command.py:467} INFO - Running <TaskInstance: our_first_dag.first_task scheduled__2023-09-30T00:00:00+00:00 [running]> on host 13c961a72918
[2024-12-19T05:42:45.653+0000] {taskinstance.py:3132} INFO - Exporting env vars: AIRFLOW_CTX_DAG_OWNER='code2j' AIRFLOW_CTX_DAG_ID='our_first_dag' AIRFLOW_CTX_TASK_ID='first_task' AIRFLOW_CTX_EXECUTION_DATE='2023-09-30T00:00:00+00:00' AIRFLOW_CTX_TRY_NUMBER='1' AIRFLOW_CTX_DAG_RUN_ID='scheduled__2023-09-30T00:00:00+00:00'
[2024-12-19T05:42:45.653+0000] {taskinstance.py:731} INFO - ::endgroup::
[2024-12-19T05:42:45.660+0000] {subprocess.py:78} INFO - Tmp dir root location: /tmp
[2024-12-19T05:42:45.660+0000] {subprocess.py:88} INFO - Running command: ['/usr/bin/bash', '-c', 'echo hello world, this is the first task']
[2024-12-19T05:42:45.664+0000] {subprocess.py:99} INFO - Output:
[2024-12-19T05:42:45.664+0000] {subprocess.py:106} INFO - hello world, this is the first task
[2024-12-19T05:42:45.664+0000] {subprocess.py:110} INFO - Command exited with return code 0
[2024-12-19T05:42:45.673+0000] {taskinstance.py:340} INFO - ::group::Post task execution logs
[2024-12-19T05:42:45.674+0000] {taskinstance.py:352} INFO - Marking task as SUCCESS. dag_id=our_first_dag, task_id=first_task, run_id=scheduled__2023-09-30T00:00:00+00:00, execution_date=20230930T000000, start_date=20241219T054245, end_date=20241219T054245
[2024-12-19T05:42:45.702+0000] {local_task_job_runner.py:266} INFO - Task exited with return code 0
[2024-12-19T05:42:45.708+0000] {taskinstance.py:3895} INFO - 0 downstream tasks scheduled from follow-on schedule check
[2024-12-19T05:42:45.709+0000] {local_task_job_runner.py:245} INFO - ::endgroup::
