[2024-12-19T07:18:24.928+0000] {local_task_job_runner.py:123} INFO - ::group::Pre task execution logs
[2024-12-19T07:18:24.938+0000] {taskinstance.py:2613} INFO - Dependencies all met for dep_context=non-requeueable deps ti=<TaskInstance: our_first_dag_v2.third_task scheduled__2021-11-17T00:00:00+00:00 [queued]>
[2024-12-19T07:18:24.944+0000] {taskinstance.py:2613} INFO - Dependencies all met for dep_context=requeueable deps ti=<TaskInstance: our_first_dag_v2.third_task scheduled__2021-11-17T00:00:00+00:00 [queued]>
[2024-12-19T07:18:24.944+0000] {taskinstance.py:2866} INFO - Starting attempt 1 of 6
[2024-12-19T07:18:24.951+0000] {taskinstance.py:2889} INFO - Executing <Task(BashOperator): third_task> on 2021-11-17 00:00:00+00:00
[2024-12-19T07:18:24.958+0000] {logging_mixin.py:190} WARNING - /home/***/.local/lib/python3.12/site-packages/***/task/task_runner/standard_task_runner.py:70 DeprecationWarning: This process (pid=9665) is multi-threaded, use of fork() may lead to deadlocks in the child.
[2024-12-19T07:18:24.959+0000] {standard_task_runner.py:72} INFO - Started process 9677 to run task
[2024-12-19T07:18:24.960+0000] {standard_task_runner.py:104} INFO - Running: ['***', 'tasks', 'run', 'our_first_dag_v2', 'third_task', 'scheduled__2021-11-17T00:00:00+00:00', '--job-id', '1815', '--raw', '--subdir', 'DAGS_FOLDER/our_first_dag.py', '--cfg-path', '/tmp/tmplu8x_vku']
[2024-12-19T07:18:24.962+0000] {standard_task_runner.py:105} INFO - Job 1815: Subtask third_task
[2024-12-19T07:18:25.006+0000] {task_command.py:467} INFO - Running <TaskInstance: our_first_dag_v2.third_task scheduled__2021-11-17T00:00:00+00:00 [running]> on host 13c961a72918
[2024-12-19T07:18:25.098+0000] {taskinstance.py:3132} INFO - Exporting env vars: AIRFLOW_CTX_DAG_OWNER='code2j' AIRFLOW_CTX_DAG_ID='our_first_dag_v2' AIRFLOW_CTX_TASK_ID='third_task' AIRFLOW_CTX_EXECUTION_DATE='2021-11-17T00:00:00+00:00' AIRFLOW_CTX_TRY_NUMBER='1' AIRFLOW_CTX_DAG_RUN_ID='scheduled__2021-11-17T00:00:00+00:00'
[2024-12-19T07:18:25.100+0000] {taskinstance.py:731} INFO - ::endgroup::
[2024-12-19T07:18:25.120+0000] {subprocess.py:78} INFO - Tmp dir root location: /tmp
[2024-12-19T07:18:25.121+0000] {subprocess.py:88} INFO - Running command: ['/usr/bin/bash', '-c', 'echo hey, I am task3 and will be running after task1']
[2024-12-19T07:18:25.130+0000] {subprocess.py:99} INFO - Output:
[2024-12-19T07:18:25.132+0000] {subprocess.py:106} INFO - hey, I am task3 and will be running after task1
[2024-12-19T07:18:25.132+0000] {subprocess.py:110} INFO - Command exited with return code 0
[2024-12-19T07:18:25.153+0000] {taskinstance.py:340} INFO - ::group::Post task execution logs
[2024-12-19T07:18:25.154+0000] {taskinstance.py:352} INFO - Marking task as SUCCESS. dag_id=our_first_dag_v2, task_id=third_task, run_id=scheduled__2021-11-17T00:00:00+00:00, execution_date=20211117T000000, start_date=20241219T071824, end_date=20241219T071825
[2024-12-19T07:18:25.184+0000] {local_task_job_runner.py:266} INFO - Task exited with return code 0
[2024-12-19T07:18:25.200+0000] {local_task_job_runner.py:245} INFO - ::endgroup::
