[2024-12-19T07:18:51.847+0000] {local_task_job_runner.py:123} INFO - ::group::Pre task execution logs
[2024-12-19T07:18:51.865+0000] {taskinstance.py:2613} INFO - Dependencies all met for dep_context=non-requeueable deps ti=<TaskInstance: our_first_dag_v2.second_task scheduled__2022-02-08T00:00:00+00:00 [queued]>
[2024-12-19T07:18:51.873+0000] {taskinstance.py:2613} INFO - Dependencies all met for dep_context=requeueable deps ti=<TaskInstance: our_first_dag_v2.second_task scheduled__2022-02-08T00:00:00+00:00 [queued]>
[2024-12-19T07:18:51.873+0000] {taskinstance.py:2866} INFO - Starting attempt 1 of 6
[2024-12-19T07:18:51.913+0000] {taskinstance.py:2889} INFO - Executing <Task(BashOperator): second_task> on 2022-02-08 00:00:00+00:00
[2024-12-19T07:18:51.917+0000] {logging_mixin.py:190} WARNING - /home/***/.local/lib/python3.12/site-packages/***/task/task_runner/standard_task_runner.py:70 DeprecationWarning: This process (pid=10650) is multi-threaded, use of fork() may lead to deadlocks in the child.
[2024-12-19T07:18:51.918+0000] {standard_task_runner.py:72} INFO - Started process 10675 to run task
[2024-12-19T07:18:51.919+0000] {standard_task_runner.py:104} INFO - Running: ['***', 'tasks', 'run', 'our_first_dag_v2', 'second_task', 'scheduled__2022-02-08T00:00:00+00:00', '--job-id', '2063', '--raw', '--subdir', 'DAGS_FOLDER/our_first_dag.py', '--cfg-path', '/tmp/tmpz939r1_i']
[2024-12-19T07:18:51.921+0000] {standard_task_runner.py:105} INFO - Job 2063: Subtask second_task
[2024-12-19T07:18:51.972+0000] {task_command.py:467} INFO - Running <TaskInstance: our_first_dag_v2.second_task scheduled__2022-02-08T00:00:00+00:00 [running]> on host 13c961a72918
[2024-12-19T07:18:52.065+0000] {taskinstance.py:3132} INFO - Exporting env vars: AIRFLOW_CTX_DAG_OWNER='code2j' AIRFLOW_CTX_DAG_ID='our_first_dag_v2' AIRFLOW_CTX_TASK_ID='second_task' AIRFLOW_CTX_EXECUTION_DATE='2022-02-08T00:00:00+00:00' AIRFLOW_CTX_TRY_NUMBER='1' AIRFLOW_CTX_DAG_RUN_ID='scheduled__2022-02-08T00:00:00+00:00'
[2024-12-19T07:18:52.066+0000] {taskinstance.py:731} INFO - ::endgroup::
[2024-12-19T07:18:52.081+0000] {subprocess.py:78} INFO - Tmp dir root location: /tmp
[2024-12-19T07:18:52.082+0000] {subprocess.py:88} INFO - Running command: ['/usr/bin/bash', '-c', 'echo hey, I am task2 and will be running after task1']
[2024-12-19T07:18:52.092+0000] {subprocess.py:99} INFO - Output:
[2024-12-19T07:18:52.094+0000] {subprocess.py:106} INFO - hey, I am task2 and will be running after task1
[2024-12-19T07:18:52.094+0000] {subprocess.py:110} INFO - Command exited with return code 0
[2024-12-19T07:18:52.120+0000] {taskinstance.py:340} INFO - ::group::Post task execution logs
[2024-12-19T07:18:52.121+0000] {taskinstance.py:352} INFO - Marking task as SUCCESS. dag_id=our_first_dag_v2, task_id=second_task, run_id=scheduled__2022-02-08T00:00:00+00:00, execution_date=20220208T000000, start_date=20241219T071851, end_date=20241219T071852
[2024-12-19T07:18:52.150+0000] {local_task_job_runner.py:266} INFO - Task exited with return code 0
[2024-12-19T07:18:52.159+0000] {taskinstance.py:3895} INFO - 0 downstream tasks scheduled from follow-on schedule check
[2024-12-19T07:18:52.161+0000] {local_task_job_runner.py:245} INFO - ::endgroup::
