[2024-12-18T13:09:29.682+0530] {logging_mixin.py:190} WARNING - /Users/kulyashdahiya/STUDY/DataEngineering/AirflowLearning/py_env/lib/python3.11/site-packages/airflow/settings.py:470 DeprecationWarning: The sql_alchemy_conn option in [core] has been moved to the sql_alchemy_conn option in [database] - the old setting has been used, but please update your config.
[2024-12-18T13:09:29.684+0530] {processor.py:186} INFO - Started process (PID=37349) to work on /Users/kulyashdahiya/STUDY/DataEngineering/AirflowLearning/py_env/lib/python3.11/site-packages/airflow/example_dags/example_branch_operator_decorator.py
[2024-12-18T13:09:29.684+0530] {processor.py:914} INFO - Processing file /Users/kulyashdahiya/STUDY/DataEngineering/AirflowLearning/py_env/lib/python3.11/site-packages/airflow/example_dags/example_branch_operator_decorator.py for tasks to queue
[2024-12-18T13:09:29.685+0530] {logging_mixin.py:190} INFO - [2024-12-18T13:09:29.685+0530] {dagbag.py:588} INFO - Filling up the DagBag from /Users/kulyashdahiya/STUDY/DataEngineering/AirflowLearning/py_env/lib/python3.11/site-packages/airflow/example_dags/example_branch_operator_decorator.py
[2024-12-18T13:09:29.697+0530] {processor.py:927} WARNING - No viable dags retrieved from /Users/kulyashdahiya/STUDY/DataEngineering/AirflowLearning/py_env/lib/python3.11/site-packages/airflow/example_dags/example_branch_operator_decorator.py
[2024-12-18T13:09:29.788+0530] {processor.py:208} INFO - Processing /Users/kulyashdahiya/STUDY/DataEngineering/AirflowLearning/py_env/lib/python3.11/site-packages/airflow/example_dags/example_branch_operator_decorator.py took 0.108 seconds
[2024-12-18T13:12:23.546+0530] {logging_mixin.py:190} WARNING - /Users/kulyashdahiya/STUDY/DataEngineering/AirflowLearning/py_env/lib/python3.11/site-packages/airflow/settings.py:470 DeprecationWarning: The sql_alchemy_conn option in [core] has been moved to the sql_alchemy_conn option in [database] - the old setting has been used, but please update your config.
[2024-12-18T13:12:23.548+0530] {processor.py:186} INFO - Started process (PID=37616) to work on /Users/kulyashdahiya/STUDY/DataEngineering/AirflowLearning/py_env/lib/python3.11/site-packages/airflow/example_dags/example_branch_operator_decorator.py
[2024-12-18T13:12:23.548+0530] {processor.py:914} INFO - Processing file /Users/kulyashdahiya/STUDY/DataEngineering/AirflowLearning/py_env/lib/python3.11/site-packages/airflow/example_dags/example_branch_operator_decorator.py for tasks to queue
[2024-12-18T13:12:23.549+0530] {logging_mixin.py:190} INFO - [2024-12-18T13:12:23.549+0530] {dagbag.py:588} INFO - Filling up the DagBag from /Users/kulyashdahiya/STUDY/DataEngineering/AirflowLearning/py_env/lib/python3.11/site-packages/airflow/example_dags/example_branch_operator_decorator.py
[2024-12-18T13:12:23.560+0530] {processor.py:927} WARNING - No viable dags retrieved from /Users/kulyashdahiya/STUDY/DataEngineering/AirflowLearning/py_env/lib/python3.11/site-packages/airflow/example_dags/example_branch_operator_decorator.py
[2024-12-18T13:12:23.636+0530] {processor.py:208} INFO - Processing /Users/kulyashdahiya/STUDY/DataEngineering/AirflowLearning/py_env/lib/python3.11/site-packages/airflow/example_dags/example_branch_operator_decorator.py took 0.092 seconds
[2024-12-18T13:15:06.665+0530] {logging_mixin.py:190} WARNING - /Users/kulyashdahiya/STUDY/DataEngineering/AirflowLearning/py_env/lib/python3.11/site-packages/airflow/settings.py:470 DeprecationWarning: The sql_alchemy_conn option in [core] has been moved to the sql_alchemy_conn option in [database] - the old setting has been used, but please update your config.
[2024-12-18T13:15:06.668+0530] {processor.py:186} INFO - Started process (PID=37865) to work on /Users/kulyashdahiya/STUDY/DataEngineering/AirflowLearning/py_env/lib/python3.11/site-packages/airflow/example_dags/example_branch_operator_decorator.py
[2024-12-18T13:15:06.668+0530] {processor.py:914} INFO - Processing file /Users/kulyashdahiya/STUDY/DataEngineering/AirflowLearning/py_env/lib/python3.11/site-packages/airflow/example_dags/example_branch_operator_decorator.py for tasks to queue
[2024-12-18T13:15:06.668+0530] {logging_mixin.py:190} INFO - [2024-12-18T13:15:06.668+0530] {dagbag.py:588} INFO - Filling up the DagBag from /Users/kulyashdahiya/STUDY/DataEngineering/AirflowLearning/py_env/lib/python3.11/site-packages/airflow/example_dags/example_branch_operator_decorator.py
[2024-12-18T13:15:06.679+0530] {processor.py:927} WARNING - No viable dags retrieved from /Users/kulyashdahiya/STUDY/DataEngineering/AirflowLearning/py_env/lib/python3.11/site-packages/airflow/example_dags/example_branch_operator_decorator.py
[2024-12-18T13:15:06.764+0530] {processor.py:208} INFO - Processing /Users/kulyashdahiya/STUDY/DataEngineering/AirflowLearning/py_env/lib/python3.11/site-packages/airflow/example_dags/example_branch_operator_decorator.py took 0.100 seconds
[2024-12-18T13:17:56.093+0530] {logging_mixin.py:190} WARNING - /Users/kulyashdahiya/STUDY/DataEngineering/AirflowLearning/py_env/lib/python3.11/site-packages/airflow/settings.py:470 DeprecationWarning: The sql_alchemy_conn option in [core] has been moved to the sql_alchemy_conn option in [database] - the old setting has been used, but please update your config.
[2024-12-18T13:17:56.096+0530] {processor.py:186} INFO - Started process (PID=38129) to work on /Users/kulyashdahiya/STUDY/DataEngineering/AirflowLearning/py_env/lib/python3.11/site-packages/airflow/example_dags/example_branch_operator_decorator.py
[2024-12-18T13:17:56.096+0530] {processor.py:914} INFO - Processing file /Users/kulyashdahiya/STUDY/DataEngineering/AirflowLearning/py_env/lib/python3.11/site-packages/airflow/example_dags/example_branch_operator_decorator.py for tasks to queue
[2024-12-18T13:17:56.097+0530] {logging_mixin.py:190} INFO - [2024-12-18T13:17:56.097+0530] {dagbag.py:588} INFO - Filling up the DagBag from /Users/kulyashdahiya/STUDY/DataEngineering/AirflowLearning/py_env/lib/python3.11/site-packages/airflow/example_dags/example_branch_operator_decorator.py
[2024-12-18T13:17:56.109+0530] {processor.py:927} WARNING - No viable dags retrieved from /Users/kulyashdahiya/STUDY/DataEngineering/AirflowLearning/py_env/lib/python3.11/site-packages/airflow/example_dags/example_branch_operator_decorator.py
[2024-12-18T13:17:56.199+0530] {processor.py:208} INFO - Processing /Users/kulyashdahiya/STUDY/DataEngineering/AirflowLearning/py_env/lib/python3.11/site-packages/airflow/example_dags/example_branch_operator_decorator.py took 0.106 seconds
[2024-12-18T13:20:47.298+0530] {logging_mixin.py:190} WARNING - /Users/kulyashdahiya/STUDY/DataEngineering/AirflowLearning/py_env/lib/python3.11/site-packages/airflow/settings.py:470 DeprecationWarning: The sql_alchemy_conn option in [core] has been moved to the sql_alchemy_conn option in [database] - the old setting has been used, but please update your config.
[2024-12-18T13:20:47.301+0530] {processor.py:186} INFO - Started process (PID=38364) to work on /Users/kulyashdahiya/STUDY/DataEngineering/AirflowLearning/py_env/lib/python3.11/site-packages/airflow/example_dags/example_branch_operator_decorator.py
[2024-12-18T13:20:47.301+0530] {processor.py:914} INFO - Processing file /Users/kulyashdahiya/STUDY/DataEngineering/AirflowLearning/py_env/lib/python3.11/site-packages/airflow/example_dags/example_branch_operator_decorator.py for tasks to queue
[2024-12-18T13:20:47.302+0530] {logging_mixin.py:190} INFO - [2024-12-18T13:20:47.302+0530] {dagbag.py:588} INFO - Filling up the DagBag from /Users/kulyashdahiya/STUDY/DataEngineering/AirflowLearning/py_env/lib/python3.11/site-packages/airflow/example_dags/example_branch_operator_decorator.py
[2024-12-18T13:20:47.315+0530] {processor.py:927} WARNING - No viable dags retrieved from /Users/kulyashdahiya/STUDY/DataEngineering/AirflowLearning/py_env/lib/python3.11/site-packages/airflow/example_dags/example_branch_operator_decorator.py
[2024-12-18T13:20:47.404+0530] {processor.py:208} INFO - Processing /Users/kulyashdahiya/STUDY/DataEngineering/AirflowLearning/py_env/lib/python3.11/site-packages/airflow/example_dags/example_branch_operator_decorator.py took 0.107 seconds
[2024-12-18T13:23:40.079+0530] {logging_mixin.py:190} WARNING - /Users/kulyashdahiya/STUDY/DataEngineering/AirflowLearning/py_env/lib/python3.11/site-packages/airflow/settings.py:470 DeprecationWarning: The sql_alchemy_conn option in [core] has been moved to the sql_alchemy_conn option in [database] - the old setting has been used, but please update your config.
[2024-12-18T13:23:40.082+0530] {processor.py:186} INFO - Started process (PID=38607) to work on /Users/kulyashdahiya/STUDY/DataEngineering/AirflowLearning/py_env/lib/python3.11/site-packages/airflow/example_dags/example_branch_operator_decorator.py
[2024-12-18T13:23:40.083+0530] {processor.py:914} INFO - Processing file /Users/kulyashdahiya/STUDY/DataEngineering/AirflowLearning/py_env/lib/python3.11/site-packages/airflow/example_dags/example_branch_operator_decorator.py for tasks to queue
[2024-12-18T13:23:40.083+0530] {logging_mixin.py:190} INFO - [2024-12-18T13:23:40.083+0530] {dagbag.py:588} INFO - Filling up the DagBag from /Users/kulyashdahiya/STUDY/DataEngineering/AirflowLearning/py_env/lib/python3.11/site-packages/airflow/example_dags/example_branch_operator_decorator.py
[2024-12-18T13:23:40.095+0530] {processor.py:927} WARNING - No viable dags retrieved from /Users/kulyashdahiya/STUDY/DataEngineering/AirflowLearning/py_env/lib/python3.11/site-packages/airflow/example_dags/example_branch_operator_decorator.py
[2024-12-18T13:23:40.178+0530] {processor.py:208} INFO - Processing /Users/kulyashdahiya/STUDY/DataEngineering/AirflowLearning/py_env/lib/python3.11/site-packages/airflow/example_dags/example_branch_operator_decorator.py took 0.100 seconds
[2024-12-18T13:26:07.762+0530] {logging_mixin.py:190} WARNING - /Users/kulyashdahiya/STUDY/DataEngineering/AirflowLearning/py_env/lib/python3.11/site-packages/airflow/settings.py:470 DeprecationWarning: The sql_alchemy_conn option in [core] has been moved to the sql_alchemy_conn option in [database] - the old setting has been used, but please update your config.
[2024-12-18T13:26:07.764+0530] {processor.py:186} INFO - Started process (PID=38971) to work on /Users/kulyashdahiya/STUDY/DataEngineering/AirflowLearning/py_env/lib/python3.11/site-packages/airflow/example_dags/example_branch_operator_decorator.py
[2024-12-18T13:26:07.764+0530] {processor.py:914} INFO - Processing file /Users/kulyashdahiya/STUDY/DataEngineering/AirflowLearning/py_env/lib/python3.11/site-packages/airflow/example_dags/example_branch_operator_decorator.py for tasks to queue
[2024-12-18T13:26:07.764+0530] {logging_mixin.py:190} INFO - [2024-12-18T13:26:07.764+0530] {dagbag.py:588} INFO - Filling up the DagBag from /Users/kulyashdahiya/STUDY/DataEngineering/AirflowLearning/py_env/lib/python3.11/site-packages/airflow/example_dags/example_branch_operator_decorator.py
[2024-12-18T13:26:07.771+0530] {processor.py:927} WARNING - No viable dags retrieved from /Users/kulyashdahiya/STUDY/DataEngineering/AirflowLearning/py_env/lib/python3.11/site-packages/airflow/example_dags/example_branch_operator_decorator.py
[2024-12-18T13:26:07.816+0530] {processor.py:208} INFO - Processing /Users/kulyashdahiya/STUDY/DataEngineering/AirflowLearning/py_env/lib/python3.11/site-packages/airflow/example_dags/example_branch_operator_decorator.py took 0.054 seconds
[2024-12-18T13:28:17.245+0530] {logging_mixin.py:190} WARNING - /Users/kulyashdahiya/STUDY/DataEngineering/AirflowLearning/py_env/lib/python3.11/site-packages/airflow/settings.py:470 DeprecationWarning: The sql_alchemy_conn option in [core] has been moved to the sql_alchemy_conn option in [database] - the old setting has been used, but please update your config.
[2024-12-18T13:28:17.247+0530] {processor.py:186} INFO - Started process (PID=39192) to work on /Users/kulyashdahiya/STUDY/DataEngineering/AirflowLearning/py_env/lib/python3.11/site-packages/airflow/example_dags/example_branch_operator_decorator.py
[2024-12-18T13:28:17.247+0530] {processor.py:914} INFO - Processing file /Users/kulyashdahiya/STUDY/DataEngineering/AirflowLearning/py_env/lib/python3.11/site-packages/airflow/example_dags/example_branch_operator_decorator.py for tasks to queue
[2024-12-18T13:28:17.247+0530] {logging_mixin.py:190} INFO - [2024-12-18T13:28:17.247+0530] {dagbag.py:588} INFO - Filling up the DagBag from /Users/kulyashdahiya/STUDY/DataEngineering/AirflowLearning/py_env/lib/python3.11/site-packages/airflow/example_dags/example_branch_operator_decorator.py
[2024-12-18T13:28:17.254+0530] {processor.py:927} WARNING - No viable dags retrieved from /Users/kulyashdahiya/STUDY/DataEngineering/AirflowLearning/py_env/lib/python3.11/site-packages/airflow/example_dags/example_branch_operator_decorator.py
[2024-12-18T13:28:17.301+0530] {processor.py:208} INFO - Processing /Users/kulyashdahiya/STUDY/DataEngineering/AirflowLearning/py_env/lib/python3.11/site-packages/airflow/example_dags/example_branch_operator_decorator.py took 0.056 seconds
[2024-12-18T13:30:14.378+0530] {logging_mixin.py:190} WARNING - /Users/kulyashdahiya/STUDY/DataEngineering/AirflowLearning/py_env/lib/python3.11/site-packages/airflow/settings.py:470 DeprecationWarning: The sql_alchemy_conn option in [core] has been moved to the sql_alchemy_conn option in [database] - the old setting has been used, but please update your config.
[2024-12-18T13:30:14.380+0530] {processor.py:186} INFO - Started process (PID=39389) to work on /Users/kulyashdahiya/STUDY/DataEngineering/AirflowLearning/py_env/lib/python3.11/site-packages/airflow/example_dags/example_branch_operator_decorator.py
[2024-12-18T13:30:14.380+0530] {processor.py:914} INFO - Processing file /Users/kulyashdahiya/STUDY/DataEngineering/AirflowLearning/py_env/lib/python3.11/site-packages/airflow/example_dags/example_branch_operator_decorator.py for tasks to queue
[2024-12-18T13:30:14.380+0530] {logging_mixin.py:190} INFO - [2024-12-18T13:30:14.380+0530] {dagbag.py:588} INFO - Filling up the DagBag from /Users/kulyashdahiya/STUDY/DataEngineering/AirflowLearning/py_env/lib/python3.11/site-packages/airflow/example_dags/example_branch_operator_decorator.py
[2024-12-18T13:30:14.387+0530] {processor.py:927} WARNING - No viable dags retrieved from /Users/kulyashdahiya/STUDY/DataEngineering/AirflowLearning/py_env/lib/python3.11/site-packages/airflow/example_dags/example_branch_operator_decorator.py
[2024-12-18T13:30:14.433+0530] {processor.py:208} INFO - Processing /Users/kulyashdahiya/STUDY/DataEngineering/AirflowLearning/py_env/lib/python3.11/site-packages/airflow/example_dags/example_branch_operator_decorator.py took 0.056 seconds
[2024-12-18T13:32:17.357+0530] {logging_mixin.py:190} WARNING - /Users/kulyashdahiya/STUDY/DataEngineering/AirflowLearning/py_env/lib/python3.11/site-packages/airflow/settings.py:470 DeprecationWarning: The sql_alchemy_conn option in [core] has been moved to the sql_alchemy_conn option in [database] - the old setting has been used, but please update your config.
[2024-12-18T13:32:17.359+0530] {processor.py:186} INFO - Started process (PID=39580) to work on /Users/kulyashdahiya/STUDY/DataEngineering/AirflowLearning/py_env/lib/python3.11/site-packages/airflow/example_dags/example_branch_operator_decorator.py
[2024-12-18T13:32:17.359+0530] {processor.py:914} INFO - Processing file /Users/kulyashdahiya/STUDY/DataEngineering/AirflowLearning/py_env/lib/python3.11/site-packages/airflow/example_dags/example_branch_operator_decorator.py for tasks to queue
[2024-12-18T13:32:17.360+0530] {logging_mixin.py:190} INFO - [2024-12-18T13:32:17.360+0530] {dagbag.py:588} INFO - Filling up the DagBag from /Users/kulyashdahiya/STUDY/DataEngineering/AirflowLearning/py_env/lib/python3.11/site-packages/airflow/example_dags/example_branch_operator_decorator.py
[2024-12-18T13:32:17.371+0530] {processor.py:927} WARNING - No viable dags retrieved from /Users/kulyashdahiya/STUDY/DataEngineering/AirflowLearning/py_env/lib/python3.11/site-packages/airflow/example_dags/example_branch_operator_decorator.py
[2024-12-18T13:32:17.455+0530] {processor.py:208} INFO - Processing /Users/kulyashdahiya/STUDY/DataEngineering/AirflowLearning/py_env/lib/python3.11/site-packages/airflow/example_dags/example_branch_operator_decorator.py took 0.099 seconds
[2024-12-18T13:35:05.626+0530] {logging_mixin.py:190} WARNING - /Users/kulyashdahiya/STUDY/DataEngineering/AirflowLearning/py_env/lib/python3.11/site-packages/airflow/settings.py:470 DeprecationWarning: The sql_alchemy_conn option in [core] has been moved to the sql_alchemy_conn option in [database] - the old setting has been used, but please update your config.
[2024-12-18T13:35:05.629+0530] {processor.py:186} INFO - Started process (PID=39803) to work on /Users/kulyashdahiya/STUDY/DataEngineering/AirflowLearning/py_env/lib/python3.11/site-packages/airflow/example_dags/example_branch_operator_decorator.py
[2024-12-18T13:35:05.629+0530] {processor.py:914} INFO - Processing file /Users/kulyashdahiya/STUDY/DataEngineering/AirflowLearning/py_env/lib/python3.11/site-packages/airflow/example_dags/example_branch_operator_decorator.py for tasks to queue
[2024-12-18T13:35:05.629+0530] {logging_mixin.py:190} INFO - [2024-12-18T13:35:05.629+0530] {dagbag.py:588} INFO - Filling up the DagBag from /Users/kulyashdahiya/STUDY/DataEngineering/AirflowLearning/py_env/lib/python3.11/site-packages/airflow/example_dags/example_branch_operator_decorator.py
[2024-12-18T13:35:05.640+0530] {processor.py:927} WARNING - No viable dags retrieved from /Users/kulyashdahiya/STUDY/DataEngineering/AirflowLearning/py_env/lib/python3.11/site-packages/airflow/example_dags/example_branch_operator_decorator.py
[2024-12-18T13:35:05.734+0530] {processor.py:208} INFO - Processing /Users/kulyashdahiya/STUDY/DataEngineering/AirflowLearning/py_env/lib/python3.11/site-packages/airflow/example_dags/example_branch_operator_decorator.py took 0.109 seconds
[2024-12-18T13:37:09.122+0530] {logging_mixin.py:190} WARNING - /Users/kulyashdahiya/STUDY/DataEngineering/AirflowLearning/py_env/lib/python3.11/site-packages/airflow/settings.py:470 DeprecationWarning: The sql_alchemy_conn option in [core] has been moved to the sql_alchemy_conn option in [database] - the old setting has been used, but please update your config.
[2024-12-18T13:37:09.124+0530] {processor.py:186} INFO - Started process (PID=39999) to work on /Users/kulyashdahiya/STUDY/DataEngineering/AirflowLearning/py_env/lib/python3.11/site-packages/airflow/example_dags/example_branch_operator_decorator.py
[2024-12-18T13:37:09.124+0530] {processor.py:914} INFO - Processing file /Users/kulyashdahiya/STUDY/DataEngineering/AirflowLearning/py_env/lib/python3.11/site-packages/airflow/example_dags/example_branch_operator_decorator.py for tasks to queue
[2024-12-18T13:37:09.124+0530] {logging_mixin.py:190} INFO - [2024-12-18T13:37:09.124+0530] {dagbag.py:588} INFO - Filling up the DagBag from /Users/kulyashdahiya/STUDY/DataEngineering/AirflowLearning/py_env/lib/python3.11/site-packages/airflow/example_dags/example_branch_operator_decorator.py
[2024-12-18T13:37:09.130+0530] {processor.py:927} WARNING - No viable dags retrieved from /Users/kulyashdahiya/STUDY/DataEngineering/AirflowLearning/py_env/lib/python3.11/site-packages/airflow/example_dags/example_branch_operator_decorator.py
[2024-12-18T13:37:09.174+0530] {processor.py:208} INFO - Processing /Users/kulyashdahiya/STUDY/DataEngineering/AirflowLearning/py_env/lib/python3.11/site-packages/airflow/example_dags/example_branch_operator_decorator.py took 0.053 seconds
[2024-12-18T13:57:00.976+0530] {logging_mixin.py:190} WARNING - /Users/kulyashdahiya/STUDY/DataEngineering/AirflowLearning/py_env/lib/python3.11/site-packages/airflow/settings.py:470 DeprecationWarning: The sql_alchemy_conn option in [core] has been moved to the sql_alchemy_conn option in [database] - the old setting has been used, but please update your config.
[2024-12-18T13:57:00.979+0530] {processor.py:186} INFO - Started process (PID=40241) to work on /Users/kulyashdahiya/STUDY/DataEngineering/AirflowLearning/py_env/lib/python3.11/site-packages/airflow/example_dags/example_branch_operator_decorator.py
[2024-12-18T13:57:00.979+0530] {processor.py:914} INFO - Processing file /Users/kulyashdahiya/STUDY/DataEngineering/AirflowLearning/py_env/lib/python3.11/site-packages/airflow/example_dags/example_branch_operator_decorator.py for tasks to queue
[2024-12-18T13:57:00.979+0530] {logging_mixin.py:190} INFO - [2024-12-18T13:57:00.979+0530] {dagbag.py:588} INFO - Filling up the DagBag from /Users/kulyashdahiya/STUDY/DataEngineering/AirflowLearning/py_env/lib/python3.11/site-packages/airflow/example_dags/example_branch_operator_decorator.py
[2024-12-18T13:57:00.990+0530] {processor.py:927} WARNING - No viable dags retrieved from /Users/kulyashdahiya/STUDY/DataEngineering/AirflowLearning/py_env/lib/python3.11/site-packages/airflow/example_dags/example_branch_operator_decorator.py
[2024-12-18T13:57:01.073+0530] {processor.py:208} INFO - Processing /Users/kulyashdahiya/STUDY/DataEngineering/AirflowLearning/py_env/lib/python3.11/site-packages/airflow/example_dags/example_branch_operator_decorator.py took 0.097 seconds
[2024-12-18T14:14:28.186+0530] {logging_mixin.py:190} WARNING - /Users/kulyashdahiya/STUDY/DataEngineering/AirflowLearning/py_env/lib/python3.11/site-packages/airflow/settings.py:470 DeprecationWarning: The sql_alchemy_conn option in [core] has been moved to the sql_alchemy_conn option in [database] - the old setting has been used, but please update your config.
[2024-12-18T14:14:28.188+0530] {processor.py:186} INFO - Started process (PID=40600) to work on /Users/kulyashdahiya/STUDY/DataEngineering/AirflowLearning/py_env/lib/python3.11/site-packages/airflow/example_dags/example_branch_operator_decorator.py
[2024-12-18T14:14:28.189+0530] {processor.py:914} INFO - Processing file /Users/kulyashdahiya/STUDY/DataEngineering/AirflowLearning/py_env/lib/python3.11/site-packages/airflow/example_dags/example_branch_operator_decorator.py for tasks to queue
[2024-12-18T14:14:28.189+0530] {logging_mixin.py:190} INFO - [2024-12-18T14:14:28.189+0530] {dagbag.py:588} INFO - Filling up the DagBag from /Users/kulyashdahiya/STUDY/DataEngineering/AirflowLearning/py_env/lib/python3.11/site-packages/airflow/example_dags/example_branch_operator_decorator.py
[2024-12-18T14:14:28.201+0530] {processor.py:927} WARNING - No viable dags retrieved from /Users/kulyashdahiya/STUDY/DataEngineering/AirflowLearning/py_env/lib/python3.11/site-packages/airflow/example_dags/example_branch_operator_decorator.py
[2024-12-18T14:14:28.294+0530] {processor.py:208} INFO - Processing /Users/kulyashdahiya/STUDY/DataEngineering/AirflowLearning/py_env/lib/python3.11/site-packages/airflow/example_dags/example_branch_operator_decorator.py took 0.110 seconds
[2024-12-18T14:17:21.192+0530] {logging_mixin.py:190} WARNING - /Users/kulyashdahiya/STUDY/DataEngineering/AirflowLearning/py_env/lib/python3.11/site-packages/airflow/settings.py:470 DeprecationWarning: The sql_alchemy_conn option in [core] has been moved to the sql_alchemy_conn option in [database] - the old setting has been used, but please update your config.
[2024-12-18T14:17:21.195+0530] {processor.py:186} INFO - Started process (PID=40879) to work on /Users/kulyashdahiya/STUDY/DataEngineering/AirflowLearning/py_env/lib/python3.11/site-packages/airflow/example_dags/example_branch_operator_decorator.py
[2024-12-18T14:17:21.195+0530] {processor.py:914} INFO - Processing file /Users/kulyashdahiya/STUDY/DataEngineering/AirflowLearning/py_env/lib/python3.11/site-packages/airflow/example_dags/example_branch_operator_decorator.py for tasks to queue
[2024-12-18T14:17:21.196+0530] {logging_mixin.py:190} INFO - [2024-12-18T14:17:21.196+0530] {dagbag.py:588} INFO - Filling up the DagBag from /Users/kulyashdahiya/STUDY/DataEngineering/AirflowLearning/py_env/lib/python3.11/site-packages/airflow/example_dags/example_branch_operator_decorator.py
[2024-12-18T14:17:21.207+0530] {processor.py:927} WARNING - No viable dags retrieved from /Users/kulyashdahiya/STUDY/DataEngineering/AirflowLearning/py_env/lib/python3.11/site-packages/airflow/example_dags/example_branch_operator_decorator.py
[2024-12-18T14:17:21.292+0530] {processor.py:208} INFO - Processing /Users/kulyashdahiya/STUDY/DataEngineering/AirflowLearning/py_env/lib/python3.11/site-packages/airflow/example_dags/example_branch_operator_decorator.py took 0.101 seconds
[2024-12-18T14:20:05.222+0530] {logging_mixin.py:190} WARNING - /Users/kulyashdahiya/STUDY/DataEngineering/AirflowLearning/py_env/lib/python3.11/site-packages/airflow/settings.py:470 DeprecationWarning: The sql_alchemy_conn option in [core] has been moved to the sql_alchemy_conn option in [database] - the old setting has been used, but please update your config.
[2024-12-18T14:20:05.224+0530] {processor.py:186} INFO - Started process (PID=41094) to work on /Users/kulyashdahiya/STUDY/DataEngineering/AirflowLearning/py_env/lib/python3.11/site-packages/airflow/example_dags/example_branch_operator_decorator.py
[2024-12-18T14:20:05.224+0530] {processor.py:914} INFO - Processing file /Users/kulyashdahiya/STUDY/DataEngineering/AirflowLearning/py_env/lib/python3.11/site-packages/airflow/example_dags/example_branch_operator_decorator.py for tasks to queue
[2024-12-18T14:20:05.225+0530] {logging_mixin.py:190} INFO - [2024-12-18T14:20:05.225+0530] {dagbag.py:588} INFO - Filling up the DagBag from /Users/kulyashdahiya/STUDY/DataEngineering/AirflowLearning/py_env/lib/python3.11/site-packages/airflow/example_dags/example_branch_operator_decorator.py
[2024-12-18T14:20:05.236+0530] {processor.py:927} WARNING - No viable dags retrieved from /Users/kulyashdahiya/STUDY/DataEngineering/AirflowLearning/py_env/lib/python3.11/site-packages/airflow/example_dags/example_branch_operator_decorator.py
[2024-12-18T14:20:05.320+0530] {processor.py:208} INFO - Processing /Users/kulyashdahiya/STUDY/DataEngineering/AirflowLearning/py_env/lib/python3.11/site-packages/airflow/example_dags/example_branch_operator_decorator.py took 0.099 seconds
[2024-12-18T14:22:55.712+0530] {logging_mixin.py:190} WARNING - /Users/kulyashdahiya/STUDY/DataEngineering/AirflowLearning/py_env/lib/python3.11/site-packages/airflow/settings.py:470 DeprecationWarning: The sql_alchemy_conn option in [core] has been moved to the sql_alchemy_conn option in [database] - the old setting has been used, but please update your config.
[2024-12-18T14:22:55.716+0530] {processor.py:186} INFO - Started process (PID=41362) to work on /Users/kulyashdahiya/STUDY/DataEngineering/AirflowLearning/py_env/lib/python3.11/site-packages/airflow/example_dags/example_branch_operator_decorator.py
[2024-12-18T14:22:55.716+0530] {processor.py:914} INFO - Processing file /Users/kulyashdahiya/STUDY/DataEngineering/AirflowLearning/py_env/lib/python3.11/site-packages/airflow/example_dags/example_branch_operator_decorator.py for tasks to queue
[2024-12-18T14:22:55.717+0530] {logging_mixin.py:190} INFO - [2024-12-18T14:22:55.717+0530] {dagbag.py:588} INFO - Filling up the DagBag from /Users/kulyashdahiya/STUDY/DataEngineering/AirflowLearning/py_env/lib/python3.11/site-packages/airflow/example_dags/example_branch_operator_decorator.py
[2024-12-18T14:22:55.734+0530] {processor.py:927} WARNING - No viable dags retrieved from /Users/kulyashdahiya/STUDY/DataEngineering/AirflowLearning/py_env/lib/python3.11/site-packages/airflow/example_dags/example_branch_operator_decorator.py
[2024-12-18T14:22:55.848+0530] {processor.py:208} INFO - Processing /Users/kulyashdahiya/STUDY/DataEngineering/AirflowLearning/py_env/lib/python3.11/site-packages/airflow/example_dags/example_branch_operator_decorator.py took 0.137 seconds
[2024-12-18T14:25:45.843+0530] {logging_mixin.py:190} WARNING - /Users/kulyashdahiya/STUDY/DataEngineering/AirflowLearning/py_env/lib/python3.11/site-packages/airflow/settings.py:470 DeprecationWarning: The sql_alchemy_conn option in [core] has been moved to the sql_alchemy_conn option in [database] - the old setting has been used, but please update your config.
[2024-12-18T14:25:45.845+0530] {processor.py:186} INFO - Started process (PID=41587) to work on /Users/kulyashdahiya/STUDY/DataEngineering/AirflowLearning/py_env/lib/python3.11/site-packages/airflow/example_dags/example_branch_operator_decorator.py
[2024-12-18T14:25:45.846+0530] {processor.py:914} INFO - Processing file /Users/kulyashdahiya/STUDY/DataEngineering/AirflowLearning/py_env/lib/python3.11/site-packages/airflow/example_dags/example_branch_operator_decorator.py for tasks to queue
[2024-12-18T14:25:45.846+0530] {logging_mixin.py:190} INFO - [2024-12-18T14:25:45.846+0530] {dagbag.py:588} INFO - Filling up the DagBag from /Users/kulyashdahiya/STUDY/DataEngineering/AirflowLearning/py_env/lib/python3.11/site-packages/airflow/example_dags/example_branch_operator_decorator.py
[2024-12-18T14:25:45.859+0530] {processor.py:927} WARNING - No viable dags retrieved from /Users/kulyashdahiya/STUDY/DataEngineering/AirflowLearning/py_env/lib/python3.11/site-packages/airflow/example_dags/example_branch_operator_decorator.py
[2024-12-18T14:25:45.955+0530] {processor.py:208} INFO - Processing /Users/kulyashdahiya/STUDY/DataEngineering/AirflowLearning/py_env/lib/python3.11/site-packages/airflow/example_dags/example_branch_operator_decorator.py took 0.113 seconds
[2024-12-18T14:28:32.443+0530] {logging_mixin.py:190} WARNING - /Users/kulyashdahiya/STUDY/DataEngineering/AirflowLearning/py_env/lib/python3.11/site-packages/airflow/settings.py:470 DeprecationWarning: The sql_alchemy_conn option in [core] has been moved to the sql_alchemy_conn option in [database] - the old setting has been used, but please update your config.
[2024-12-18T14:28:32.446+0530] {processor.py:186} INFO - Started process (PID=41839) to work on /Users/kulyashdahiya/STUDY/DataEngineering/AirflowLearning/py_env/lib/python3.11/site-packages/airflow/example_dags/example_branch_operator_decorator.py
[2024-12-18T14:28:32.446+0530] {processor.py:914} INFO - Processing file /Users/kulyashdahiya/STUDY/DataEngineering/AirflowLearning/py_env/lib/python3.11/site-packages/airflow/example_dags/example_branch_operator_decorator.py for tasks to queue
[2024-12-18T14:28:32.447+0530] {logging_mixin.py:190} INFO - [2024-12-18T14:28:32.447+0530] {dagbag.py:588} INFO - Filling up the DagBag from /Users/kulyashdahiya/STUDY/DataEngineering/AirflowLearning/py_env/lib/python3.11/site-packages/airflow/example_dags/example_branch_operator_decorator.py
[2024-12-18T14:28:32.458+0530] {processor.py:927} WARNING - No viable dags retrieved from /Users/kulyashdahiya/STUDY/DataEngineering/AirflowLearning/py_env/lib/python3.11/site-packages/airflow/example_dags/example_branch_operator_decorator.py
[2024-12-18T14:28:32.539+0530] {processor.py:208} INFO - Processing /Users/kulyashdahiya/STUDY/DataEngineering/AirflowLearning/py_env/lib/python3.11/site-packages/airflow/example_dags/example_branch_operator_decorator.py took 0.098 seconds
[2024-12-18T14:31:19.264+0530] {logging_mixin.py:190} WARNING - /Users/kulyashdahiya/STUDY/DataEngineering/AirflowLearning/py_env/lib/python3.11/site-packages/airflow/settings.py:470 DeprecationWarning: The sql_alchemy_conn option in [core] has been moved to the sql_alchemy_conn option in [database] - the old setting has been used, but please update your config.
[2024-12-18T14:31:19.267+0530] {processor.py:186} INFO - Started process (PID=42058) to work on /Users/kulyashdahiya/STUDY/DataEngineering/AirflowLearning/py_env/lib/python3.11/site-packages/airflow/example_dags/example_branch_operator_decorator.py
[2024-12-18T14:31:19.267+0530] {processor.py:914} INFO - Processing file /Users/kulyashdahiya/STUDY/DataEngineering/AirflowLearning/py_env/lib/python3.11/site-packages/airflow/example_dags/example_branch_operator_decorator.py for tasks to queue
[2024-12-18T14:31:19.268+0530] {logging_mixin.py:190} INFO - [2024-12-18T14:31:19.268+0530] {dagbag.py:588} INFO - Filling up the DagBag from /Users/kulyashdahiya/STUDY/DataEngineering/AirflowLearning/py_env/lib/python3.11/site-packages/airflow/example_dags/example_branch_operator_decorator.py
[2024-12-18T14:31:19.279+0530] {processor.py:927} WARNING - No viable dags retrieved from /Users/kulyashdahiya/STUDY/DataEngineering/AirflowLearning/py_env/lib/python3.11/site-packages/airflow/example_dags/example_branch_operator_decorator.py
[2024-12-18T14:31:19.360+0530] {processor.py:208} INFO - Processing /Users/kulyashdahiya/STUDY/DataEngineering/AirflowLearning/py_env/lib/python3.11/site-packages/airflow/example_dags/example_branch_operator_decorator.py took 0.096 seconds
[2024-12-18T14:34:11.038+0530] {logging_mixin.py:190} WARNING - /Users/kulyashdahiya/STUDY/DataEngineering/AirflowLearning/py_env/lib/python3.11/site-packages/airflow/settings.py:470 DeprecationWarning: The sql_alchemy_conn option in [core] has been moved to the sql_alchemy_conn option in [database] - the old setting has been used, but please update your config.
[2024-12-18T14:34:11.041+0530] {processor.py:186} INFO - Started process (PID=42297) to work on /Users/kulyashdahiya/STUDY/DataEngineering/AirflowLearning/py_env/lib/python3.11/site-packages/airflow/example_dags/example_branch_operator_decorator.py
[2024-12-18T14:34:11.041+0530] {processor.py:914} INFO - Processing file /Users/kulyashdahiya/STUDY/DataEngineering/AirflowLearning/py_env/lib/python3.11/site-packages/airflow/example_dags/example_branch_operator_decorator.py for tasks to queue
[2024-12-18T14:34:11.042+0530] {logging_mixin.py:190} INFO - [2024-12-18T14:34:11.042+0530] {dagbag.py:588} INFO - Filling up the DagBag from /Users/kulyashdahiya/STUDY/DataEngineering/AirflowLearning/py_env/lib/python3.11/site-packages/airflow/example_dags/example_branch_operator_decorator.py
[2024-12-18T14:34:11.054+0530] {processor.py:927} WARNING - No viable dags retrieved from /Users/kulyashdahiya/STUDY/DataEngineering/AirflowLearning/py_env/lib/python3.11/site-packages/airflow/example_dags/example_branch_operator_decorator.py
[2024-12-18T14:34:11.152+0530] {processor.py:208} INFO - Processing /Users/kulyashdahiya/STUDY/DataEngineering/AirflowLearning/py_env/lib/python3.11/site-packages/airflow/example_dags/example_branch_operator_decorator.py took 0.115 seconds
[2024-12-18T14:37:03.028+0530] {logging_mixin.py:190} WARNING - /Users/kulyashdahiya/STUDY/DataEngineering/AirflowLearning/py_env/lib/python3.11/site-packages/airflow/settings.py:470 DeprecationWarning: The sql_alchemy_conn option in [core] has been moved to the sql_alchemy_conn option in [database] - the old setting has been used, but please update your config.
[2024-12-18T14:37:03.031+0530] {processor.py:186} INFO - Started process (PID=42557) to work on /Users/kulyashdahiya/STUDY/DataEngineering/AirflowLearning/py_env/lib/python3.11/site-packages/airflow/example_dags/example_branch_operator_decorator.py
[2024-12-18T14:37:03.032+0530] {processor.py:914} INFO - Processing file /Users/kulyashdahiya/STUDY/DataEngineering/AirflowLearning/py_env/lib/python3.11/site-packages/airflow/example_dags/example_branch_operator_decorator.py for tasks to queue
[2024-12-18T14:37:03.032+0530] {logging_mixin.py:190} INFO - [2024-12-18T14:37:03.032+0530] {dagbag.py:588} INFO - Filling up the DagBag from /Users/kulyashdahiya/STUDY/DataEngineering/AirflowLearning/py_env/lib/python3.11/site-packages/airflow/example_dags/example_branch_operator_decorator.py
[2024-12-18T14:37:03.046+0530] {processor.py:927} WARNING - No viable dags retrieved from /Users/kulyashdahiya/STUDY/DataEngineering/AirflowLearning/py_env/lib/python3.11/site-packages/airflow/example_dags/example_branch_operator_decorator.py
[2024-12-18T14:37:03.139+0530] {processor.py:208} INFO - Processing /Users/kulyashdahiya/STUDY/DataEngineering/AirflowLearning/py_env/lib/python3.11/site-packages/airflow/example_dags/example_branch_operator_decorator.py took 0.113 seconds
[2024-12-18T14:39:51.215+0530] {logging_mixin.py:190} WARNING - /Users/kulyashdahiya/STUDY/DataEngineering/AirflowLearning/py_env/lib/python3.11/site-packages/airflow/settings.py:470 DeprecationWarning: The sql_alchemy_conn option in [core] has been moved to the sql_alchemy_conn option in [database] - the old setting has been used, but please update your config.
[2024-12-18T14:39:51.218+0530] {processor.py:186} INFO - Started process (PID=42788) to work on /Users/kulyashdahiya/STUDY/DataEngineering/AirflowLearning/py_env/lib/python3.11/site-packages/airflow/example_dags/example_branch_operator_decorator.py
[2024-12-18T14:39:51.218+0530] {processor.py:914} INFO - Processing file /Users/kulyashdahiya/STUDY/DataEngineering/AirflowLearning/py_env/lib/python3.11/site-packages/airflow/example_dags/example_branch_operator_decorator.py for tasks to queue
[2024-12-18T14:39:51.219+0530] {logging_mixin.py:190} INFO - [2024-12-18T14:39:51.219+0530] {dagbag.py:588} INFO - Filling up the DagBag from /Users/kulyashdahiya/STUDY/DataEngineering/AirflowLearning/py_env/lib/python3.11/site-packages/airflow/example_dags/example_branch_operator_decorator.py
[2024-12-18T14:39:51.230+0530] {processor.py:927} WARNING - No viable dags retrieved from /Users/kulyashdahiya/STUDY/DataEngineering/AirflowLearning/py_env/lib/python3.11/site-packages/airflow/example_dags/example_branch_operator_decorator.py
[2024-12-18T14:39:51.315+0530] {processor.py:208} INFO - Processing /Users/kulyashdahiya/STUDY/DataEngineering/AirflowLearning/py_env/lib/python3.11/site-packages/airflow/example_dags/example_branch_operator_decorator.py took 0.102 seconds
[2024-12-18T14:42:39.589+0530] {logging_mixin.py:190} WARNING - /Users/kulyashdahiya/STUDY/DataEngineering/AirflowLearning/py_env/lib/python3.11/site-packages/airflow/settings.py:470 DeprecationWarning: The sql_alchemy_conn option in [core] has been moved to the sql_alchemy_conn option in [database] - the old setting has been used, but please update your config.
[2024-12-18T14:42:39.593+0530] {processor.py:186} INFO - Started process (PID=43017) to work on /Users/kulyashdahiya/STUDY/DataEngineering/AirflowLearning/py_env/lib/python3.11/site-packages/airflow/example_dags/example_branch_operator_decorator.py
[2024-12-18T14:42:39.593+0530] {processor.py:914} INFO - Processing file /Users/kulyashdahiya/STUDY/DataEngineering/AirflowLearning/py_env/lib/python3.11/site-packages/airflow/example_dags/example_branch_operator_decorator.py for tasks to queue
[2024-12-18T14:42:39.594+0530] {logging_mixin.py:190} INFO - [2024-12-18T14:42:39.594+0530] {dagbag.py:588} INFO - Filling up the DagBag from /Users/kulyashdahiya/STUDY/DataEngineering/AirflowLearning/py_env/lib/python3.11/site-packages/airflow/example_dags/example_branch_operator_decorator.py
[2024-12-18T14:42:39.605+0530] {processor.py:927} WARNING - No viable dags retrieved from /Users/kulyashdahiya/STUDY/DataEngineering/AirflowLearning/py_env/lib/python3.11/site-packages/airflow/example_dags/example_branch_operator_decorator.py
[2024-12-18T14:42:39.686+0530] {processor.py:208} INFO - Processing /Users/kulyashdahiya/STUDY/DataEngineering/AirflowLearning/py_env/lib/python3.11/site-packages/airflow/example_dags/example_branch_operator_decorator.py took 0.099 seconds
[2024-12-18T14:45:28.278+0530] {logging_mixin.py:190} WARNING - /Users/kulyashdahiya/STUDY/DataEngineering/AirflowLearning/py_env/lib/python3.11/site-packages/airflow/settings.py:470 DeprecationWarning: The sql_alchemy_conn option in [core] has been moved to the sql_alchemy_conn option in [database] - the old setting has been used, but please update your config.
[2024-12-18T14:45:28.283+0530] {processor.py:186} INFO - Started process (PID=43240) to work on /Users/kulyashdahiya/STUDY/DataEngineering/AirflowLearning/py_env/lib/python3.11/site-packages/airflow/example_dags/example_branch_operator_decorator.py
[2024-12-18T14:45:28.283+0530] {processor.py:914} INFO - Processing file /Users/kulyashdahiya/STUDY/DataEngineering/AirflowLearning/py_env/lib/python3.11/site-packages/airflow/example_dags/example_branch_operator_decorator.py for tasks to queue
[2024-12-18T14:45:28.284+0530] {logging_mixin.py:190} INFO - [2024-12-18T14:45:28.284+0530] {dagbag.py:588} INFO - Filling up the DagBag from /Users/kulyashdahiya/STUDY/DataEngineering/AirflowLearning/py_env/lib/python3.11/site-packages/airflow/example_dags/example_branch_operator_decorator.py
[2024-12-18T14:45:28.296+0530] {processor.py:927} WARNING - No viable dags retrieved from /Users/kulyashdahiya/STUDY/DataEngineering/AirflowLearning/py_env/lib/python3.11/site-packages/airflow/example_dags/example_branch_operator_decorator.py
[2024-12-18T14:45:28.386+0530] {processor.py:208} INFO - Processing /Users/kulyashdahiya/STUDY/DataEngineering/AirflowLearning/py_env/lib/python3.11/site-packages/airflow/example_dags/example_branch_operator_decorator.py took 0.108 seconds
[2024-12-18T14:48:14.415+0530] {logging_mixin.py:190} WARNING - /Users/kulyashdahiya/STUDY/DataEngineering/AirflowLearning/py_env/lib/python3.11/site-packages/airflow/settings.py:470 DeprecationWarning: The sql_alchemy_conn option in [core] has been moved to the sql_alchemy_conn option in [database] - the old setting has been used, but please update your config.
[2024-12-18T14:48:14.417+0530] {processor.py:186} INFO - Started process (PID=43464) to work on /Users/kulyashdahiya/STUDY/DataEngineering/AirflowLearning/py_env/lib/python3.11/site-packages/airflow/example_dags/example_branch_operator_decorator.py
[2024-12-18T14:48:14.417+0530] {processor.py:914} INFO - Processing file /Users/kulyashdahiya/STUDY/DataEngineering/AirflowLearning/py_env/lib/python3.11/site-packages/airflow/example_dags/example_branch_operator_decorator.py for tasks to queue
[2024-12-18T14:48:14.418+0530] {logging_mixin.py:190} INFO - [2024-12-18T14:48:14.418+0530] {dagbag.py:588} INFO - Filling up the DagBag from /Users/kulyashdahiya/STUDY/DataEngineering/AirflowLearning/py_env/lib/python3.11/site-packages/airflow/example_dags/example_branch_operator_decorator.py
[2024-12-18T14:48:14.429+0530] {processor.py:927} WARNING - No viable dags retrieved from /Users/kulyashdahiya/STUDY/DataEngineering/AirflowLearning/py_env/lib/python3.11/site-packages/airflow/example_dags/example_branch_operator_decorator.py
[2024-12-18T14:48:14.512+0530] {processor.py:208} INFO - Processing /Users/kulyashdahiya/STUDY/DataEngineering/AirflowLearning/py_env/lib/python3.11/site-packages/airflow/example_dags/example_branch_operator_decorator.py took 0.099 seconds
[2024-12-18T14:51:05.533+0530] {logging_mixin.py:190} WARNING - /Users/kulyashdahiya/STUDY/DataEngineering/AirflowLearning/py_env/lib/python3.11/site-packages/airflow/settings.py:470 DeprecationWarning: The sql_alchemy_conn option in [core] has been moved to the sql_alchemy_conn option in [database] - the old setting has been used, but please update your config.
[2024-12-18T14:51:05.536+0530] {processor.py:186} INFO - Started process (PID=43714) to work on /Users/kulyashdahiya/STUDY/DataEngineering/AirflowLearning/py_env/lib/python3.11/site-packages/airflow/example_dags/example_branch_operator_decorator.py
[2024-12-18T14:51:05.536+0530] {processor.py:914} INFO - Processing file /Users/kulyashdahiya/STUDY/DataEngineering/AirflowLearning/py_env/lib/python3.11/site-packages/airflow/example_dags/example_branch_operator_decorator.py for tasks to queue
[2024-12-18T14:51:05.537+0530] {logging_mixin.py:190} INFO - [2024-12-18T14:51:05.537+0530] {dagbag.py:588} INFO - Filling up the DagBag from /Users/kulyashdahiya/STUDY/DataEngineering/AirflowLearning/py_env/lib/python3.11/site-packages/airflow/example_dags/example_branch_operator_decorator.py
[2024-12-18T14:51:05.548+0530] {processor.py:927} WARNING - No viable dags retrieved from /Users/kulyashdahiya/STUDY/DataEngineering/AirflowLearning/py_env/lib/python3.11/site-packages/airflow/example_dags/example_branch_operator_decorator.py
[2024-12-18T14:51:05.640+0530] {processor.py:208} INFO - Processing /Users/kulyashdahiya/STUDY/DataEngineering/AirflowLearning/py_env/lib/python3.11/site-packages/airflow/example_dags/example_branch_operator_decorator.py took 0.109 seconds
[2024-12-18T14:53:56.438+0530] {logging_mixin.py:190} WARNING - /Users/kulyashdahiya/STUDY/DataEngineering/AirflowLearning/py_env/lib/python3.11/site-packages/airflow/settings.py:470 DeprecationWarning: The sql_alchemy_conn option in [core] has been moved to the sql_alchemy_conn option in [database] - the old setting has been used, but please update your config.
[2024-12-18T14:53:56.441+0530] {processor.py:186} INFO - Started process (PID=43939) to work on /Users/kulyashdahiya/STUDY/DataEngineering/AirflowLearning/py_env/lib/python3.11/site-packages/airflow/example_dags/example_branch_operator_decorator.py
[2024-12-18T14:53:56.442+0530] {processor.py:914} INFO - Processing file /Users/kulyashdahiya/STUDY/DataEngineering/AirflowLearning/py_env/lib/python3.11/site-packages/airflow/example_dags/example_branch_operator_decorator.py for tasks to queue
[2024-12-18T14:53:56.442+0530] {logging_mixin.py:190} INFO - [2024-12-18T14:53:56.442+0530] {dagbag.py:588} INFO - Filling up the DagBag from /Users/kulyashdahiya/STUDY/DataEngineering/AirflowLearning/py_env/lib/python3.11/site-packages/airflow/example_dags/example_branch_operator_decorator.py
[2024-12-18T14:53:56.454+0530] {processor.py:927} WARNING - No viable dags retrieved from /Users/kulyashdahiya/STUDY/DataEngineering/AirflowLearning/py_env/lib/python3.11/site-packages/airflow/example_dags/example_branch_operator_decorator.py
[2024-12-18T14:53:56.546+0530] {processor.py:208} INFO - Processing /Users/kulyashdahiya/STUDY/DataEngineering/AirflowLearning/py_env/lib/python3.11/site-packages/airflow/example_dags/example_branch_operator_decorator.py took 0.109 seconds
[2024-12-18T14:56:47.132+0530] {logging_mixin.py:190} WARNING - /Users/kulyashdahiya/STUDY/DataEngineering/AirflowLearning/py_env/lib/python3.11/site-packages/airflow/settings.py:470 DeprecationWarning: The sql_alchemy_conn option in [core] has been moved to the sql_alchemy_conn option in [database] - the old setting has been used, but please update your config.
[2024-12-18T14:56:47.137+0530] {processor.py:186} INFO - Started process (PID=44202) to work on /Users/kulyashdahiya/STUDY/DataEngineering/AirflowLearning/py_env/lib/python3.11/site-packages/airflow/example_dags/example_branch_operator_decorator.py
[2024-12-18T14:56:47.138+0530] {processor.py:914} INFO - Processing file /Users/kulyashdahiya/STUDY/DataEngineering/AirflowLearning/py_env/lib/python3.11/site-packages/airflow/example_dags/example_branch_operator_decorator.py for tasks to queue
[2024-12-18T14:56:47.138+0530] {logging_mixin.py:190} INFO - [2024-12-18T14:56:47.138+0530] {dagbag.py:588} INFO - Filling up the DagBag from /Users/kulyashdahiya/STUDY/DataEngineering/AirflowLearning/py_env/lib/python3.11/site-packages/airflow/example_dags/example_branch_operator_decorator.py
[2024-12-18T14:56:47.150+0530] {processor.py:927} WARNING - No viable dags retrieved from /Users/kulyashdahiya/STUDY/DataEngineering/AirflowLearning/py_env/lib/python3.11/site-packages/airflow/example_dags/example_branch_operator_decorator.py
[2024-12-18T14:56:47.241+0530] {processor.py:208} INFO - Processing /Users/kulyashdahiya/STUDY/DataEngineering/AirflowLearning/py_env/lib/python3.11/site-packages/airflow/example_dags/example_branch_operator_decorator.py took 0.110 seconds
[2024-12-18T14:59:34.910+0530] {logging_mixin.py:190} WARNING - /Users/kulyashdahiya/STUDY/DataEngineering/AirflowLearning/py_env/lib/python3.11/site-packages/airflow/settings.py:470 DeprecationWarning: The sql_alchemy_conn option in [core] has been moved to the sql_alchemy_conn option in [database] - the old setting has been used, but please update your config.
[2024-12-18T14:59:34.913+0530] {processor.py:186} INFO - Started process (PID=44424) to work on /Users/kulyashdahiya/STUDY/DataEngineering/AirflowLearning/py_env/lib/python3.11/site-packages/airflow/example_dags/example_branch_operator_decorator.py
[2024-12-18T14:59:34.913+0530] {processor.py:914} INFO - Processing file /Users/kulyashdahiya/STUDY/DataEngineering/AirflowLearning/py_env/lib/python3.11/site-packages/airflow/example_dags/example_branch_operator_decorator.py for tasks to queue
[2024-12-18T14:59:34.914+0530] {logging_mixin.py:190} INFO - [2024-12-18T14:59:34.914+0530] {dagbag.py:588} INFO - Filling up the DagBag from /Users/kulyashdahiya/STUDY/DataEngineering/AirflowLearning/py_env/lib/python3.11/site-packages/airflow/example_dags/example_branch_operator_decorator.py
[2024-12-18T14:59:34.927+0530] {processor.py:927} WARNING - No viable dags retrieved from /Users/kulyashdahiya/STUDY/DataEngineering/AirflowLearning/py_env/lib/python3.11/site-packages/airflow/example_dags/example_branch_operator_decorator.py
[2024-12-18T14:59:35.016+0530] {processor.py:208} INFO - Processing /Users/kulyashdahiya/STUDY/DataEngineering/AirflowLearning/py_env/lib/python3.11/site-packages/airflow/example_dags/example_branch_operator_decorator.py took 0.107 seconds
[2024-12-18T15:02:19.332+0530] {logging_mixin.py:190} WARNING - /Users/kulyashdahiya/STUDY/DataEngineering/AirflowLearning/py_env/lib/python3.11/site-packages/airflow/settings.py:470 DeprecationWarning: The sql_alchemy_conn option in [core] has been moved to the sql_alchemy_conn option in [database] - the old setting has been used, but please update your config.
[2024-12-18T15:02:19.335+0530] {processor.py:186} INFO - Started process (PID=44655) to work on /Users/kulyashdahiya/STUDY/DataEngineering/AirflowLearning/py_env/lib/python3.11/site-packages/airflow/example_dags/example_branch_operator_decorator.py
[2024-12-18T15:02:19.336+0530] {processor.py:914} INFO - Processing file /Users/kulyashdahiya/STUDY/DataEngineering/AirflowLearning/py_env/lib/python3.11/site-packages/airflow/example_dags/example_branch_operator_decorator.py for tasks to queue
[2024-12-18T15:02:19.336+0530] {logging_mixin.py:190} INFO - [2024-12-18T15:02:19.336+0530] {dagbag.py:588} INFO - Filling up the DagBag from /Users/kulyashdahiya/STUDY/DataEngineering/AirflowLearning/py_env/lib/python3.11/site-packages/airflow/example_dags/example_branch_operator_decorator.py
[2024-12-18T15:02:19.347+0530] {processor.py:927} WARNING - No viable dags retrieved from /Users/kulyashdahiya/STUDY/DataEngineering/AirflowLearning/py_env/lib/python3.11/site-packages/airflow/example_dags/example_branch_operator_decorator.py
[2024-12-18T15:02:19.429+0530] {processor.py:208} INFO - Processing /Users/kulyashdahiya/STUDY/DataEngineering/AirflowLearning/py_env/lib/python3.11/site-packages/airflow/example_dags/example_branch_operator_decorator.py took 0.097 seconds
[2024-12-18T15:05:06.889+0530] {logging_mixin.py:190} WARNING - /Users/kulyashdahiya/STUDY/DataEngineering/AirflowLearning/py_env/lib/python3.11/site-packages/airflow/settings.py:470 DeprecationWarning: The sql_alchemy_conn option in [core] has been moved to the sql_alchemy_conn option in [database] - the old setting has been used, but please update your config.
[2024-12-18T15:05:06.893+0530] {processor.py:186} INFO - Started process (PID=44873) to work on /Users/kulyashdahiya/STUDY/DataEngineering/AirflowLearning/py_env/lib/python3.11/site-packages/airflow/example_dags/example_branch_operator_decorator.py
[2024-12-18T15:05:06.894+0530] {processor.py:914} INFO - Processing file /Users/kulyashdahiya/STUDY/DataEngineering/AirflowLearning/py_env/lib/python3.11/site-packages/airflow/example_dags/example_branch_operator_decorator.py for tasks to queue
[2024-12-18T15:05:06.894+0530] {logging_mixin.py:190} INFO - [2024-12-18T15:05:06.894+0530] {dagbag.py:588} INFO - Filling up the DagBag from /Users/kulyashdahiya/STUDY/DataEngineering/AirflowLearning/py_env/lib/python3.11/site-packages/airflow/example_dags/example_branch_operator_decorator.py
[2024-12-18T15:05:06.904+0530] {processor.py:927} WARNING - No viable dags retrieved from /Users/kulyashdahiya/STUDY/DataEngineering/AirflowLearning/py_env/lib/python3.11/site-packages/airflow/example_dags/example_branch_operator_decorator.py
[2024-12-18T15:05:06.985+0530] {processor.py:208} INFO - Processing /Users/kulyashdahiya/STUDY/DataEngineering/AirflowLearning/py_env/lib/python3.11/site-packages/airflow/example_dags/example_branch_operator_decorator.py took 0.097 seconds
[2024-12-18T15:07:57.027+0530] {logging_mixin.py:190} WARNING - /Users/kulyashdahiya/STUDY/DataEngineering/AirflowLearning/py_env/lib/python3.11/site-packages/airflow/settings.py:470 DeprecationWarning: The sql_alchemy_conn option in [core] has been moved to the sql_alchemy_conn option in [database] - the old setting has been used, but please update your config.
[2024-12-18T15:07:57.030+0530] {processor.py:186} INFO - Started process (PID=45101) to work on /Users/kulyashdahiya/STUDY/DataEngineering/AirflowLearning/py_env/lib/python3.11/site-packages/airflow/example_dags/example_branch_operator_decorator.py
[2024-12-18T15:07:57.030+0530] {processor.py:914} INFO - Processing file /Users/kulyashdahiya/STUDY/DataEngineering/AirflowLearning/py_env/lib/python3.11/site-packages/airflow/example_dags/example_branch_operator_decorator.py for tasks to queue
[2024-12-18T15:07:57.031+0530] {logging_mixin.py:190} INFO - [2024-12-18T15:07:57.031+0530] {dagbag.py:588} INFO - Filling up the DagBag from /Users/kulyashdahiya/STUDY/DataEngineering/AirflowLearning/py_env/lib/python3.11/site-packages/airflow/example_dags/example_branch_operator_decorator.py
[2024-12-18T15:07:57.042+0530] {processor.py:927} WARNING - No viable dags retrieved from /Users/kulyashdahiya/STUDY/DataEngineering/AirflowLearning/py_env/lib/python3.11/site-packages/airflow/example_dags/example_branch_operator_decorator.py
[2024-12-18T15:07:57.136+0530] {processor.py:208} INFO - Processing /Users/kulyashdahiya/STUDY/DataEngineering/AirflowLearning/py_env/lib/python3.11/site-packages/airflow/example_dags/example_branch_operator_decorator.py took 0.110 seconds
[2024-12-18T15:10:45.440+0530] {logging_mixin.py:190} WARNING - /Users/kulyashdahiya/STUDY/DataEngineering/AirflowLearning/py_env/lib/python3.11/site-packages/airflow/settings.py:470 DeprecationWarning: The sql_alchemy_conn option in [core] has been moved to the sql_alchemy_conn option in [database] - the old setting has been used, but please update your config.
[2024-12-18T15:10:45.442+0530] {processor.py:186} INFO - Started process (PID=45332) to work on /Users/kulyashdahiya/STUDY/DataEngineering/AirflowLearning/py_env/lib/python3.11/site-packages/airflow/example_dags/example_branch_operator_decorator.py
[2024-12-18T15:10:45.443+0530] {processor.py:914} INFO - Processing file /Users/kulyashdahiya/STUDY/DataEngineering/AirflowLearning/py_env/lib/python3.11/site-packages/airflow/example_dags/example_branch_operator_decorator.py for tasks to queue
[2024-12-18T15:10:45.443+0530] {logging_mixin.py:190} INFO - [2024-12-18T15:10:45.443+0530] {dagbag.py:588} INFO - Filling up the DagBag from /Users/kulyashdahiya/STUDY/DataEngineering/AirflowLearning/py_env/lib/python3.11/site-packages/airflow/example_dags/example_branch_operator_decorator.py
[2024-12-18T15:10:45.454+0530] {processor.py:927} WARNING - No viable dags retrieved from /Users/kulyashdahiya/STUDY/DataEngineering/AirflowLearning/py_env/lib/python3.11/site-packages/airflow/example_dags/example_branch_operator_decorator.py
[2024-12-18T15:10:45.542+0530] {processor.py:208} INFO - Processing /Users/kulyashdahiya/STUDY/DataEngineering/AirflowLearning/py_env/lib/python3.11/site-packages/airflow/example_dags/example_branch_operator_decorator.py took 0.103 seconds
[2024-12-18T15:13:32.310+0530] {logging_mixin.py:190} WARNING - /Users/kulyashdahiya/STUDY/DataEngineering/AirflowLearning/py_env/lib/python3.11/site-packages/airflow/settings.py:470 DeprecationWarning: The sql_alchemy_conn option in [core] has been moved to the sql_alchemy_conn option in [database] - the old setting has been used, but please update your config.
[2024-12-18T15:13:32.313+0530] {processor.py:186} INFO - Started process (PID=45594) to work on /Users/kulyashdahiya/STUDY/DataEngineering/AirflowLearning/py_env/lib/python3.11/site-packages/airflow/example_dags/example_branch_operator_decorator.py
[2024-12-18T15:13:32.313+0530] {processor.py:914} INFO - Processing file /Users/kulyashdahiya/STUDY/DataEngineering/AirflowLearning/py_env/lib/python3.11/site-packages/airflow/example_dags/example_branch_operator_decorator.py for tasks to queue
[2024-12-18T15:13:32.314+0530] {logging_mixin.py:190} INFO - [2024-12-18T15:13:32.314+0530] {dagbag.py:588} INFO - Filling up the DagBag from /Users/kulyashdahiya/STUDY/DataEngineering/AirflowLearning/py_env/lib/python3.11/site-packages/airflow/example_dags/example_branch_operator_decorator.py
[2024-12-18T15:13:32.325+0530] {processor.py:927} WARNING - No viable dags retrieved from /Users/kulyashdahiya/STUDY/DataEngineering/AirflowLearning/py_env/lib/python3.11/site-packages/airflow/example_dags/example_branch_operator_decorator.py
[2024-12-18T15:13:32.413+0530] {processor.py:208} INFO - Processing /Users/kulyashdahiya/STUDY/DataEngineering/AirflowLearning/py_env/lib/python3.11/site-packages/airflow/example_dags/example_branch_operator_decorator.py took 0.104 seconds
[2024-12-18T15:16:23.534+0530] {logging_mixin.py:190} WARNING - /Users/kulyashdahiya/STUDY/DataEngineering/AirflowLearning/py_env/lib/python3.11/site-packages/airflow/settings.py:470 DeprecationWarning: The sql_alchemy_conn option in [core] has been moved to the sql_alchemy_conn option in [database] - the old setting has been used, but please update your config.
[2024-12-18T15:16:23.537+0530] {processor.py:186} INFO - Started process (PID=45826) to work on /Users/kulyashdahiya/STUDY/DataEngineering/AirflowLearning/py_env/lib/python3.11/site-packages/airflow/example_dags/example_branch_operator_decorator.py
[2024-12-18T15:16:23.537+0530] {processor.py:914} INFO - Processing file /Users/kulyashdahiya/STUDY/DataEngineering/AirflowLearning/py_env/lib/python3.11/site-packages/airflow/example_dags/example_branch_operator_decorator.py for tasks to queue
[2024-12-18T15:16:23.538+0530] {logging_mixin.py:190} INFO - [2024-12-18T15:16:23.537+0530] {dagbag.py:588} INFO - Filling up the DagBag from /Users/kulyashdahiya/STUDY/DataEngineering/AirflowLearning/py_env/lib/python3.11/site-packages/airflow/example_dags/example_branch_operator_decorator.py
[2024-12-18T15:16:23.549+0530] {processor.py:927} WARNING - No viable dags retrieved from /Users/kulyashdahiya/STUDY/DataEngineering/AirflowLearning/py_env/lib/python3.11/site-packages/airflow/example_dags/example_branch_operator_decorator.py
[2024-12-18T15:16:23.632+0530] {processor.py:208} INFO - Processing /Users/kulyashdahiya/STUDY/DataEngineering/AirflowLearning/py_env/lib/python3.11/site-packages/airflow/example_dags/example_branch_operator_decorator.py took 0.099 seconds
[2024-12-18T15:19:13.589+0530] {logging_mixin.py:190} WARNING - /Users/kulyashdahiya/STUDY/DataEngineering/AirflowLearning/py_env/lib/python3.11/site-packages/airflow/settings.py:470 DeprecationWarning: The sql_alchemy_conn option in [core] has been moved to the sql_alchemy_conn option in [database] - the old setting has been used, but please update your config.
[2024-12-18T15:19:13.592+0530] {processor.py:186} INFO - Started process (PID=46056) to work on /Users/kulyashdahiya/STUDY/DataEngineering/AirflowLearning/py_env/lib/python3.11/site-packages/airflow/example_dags/example_branch_operator_decorator.py
[2024-12-18T15:19:13.592+0530] {processor.py:914} INFO - Processing file /Users/kulyashdahiya/STUDY/DataEngineering/AirflowLearning/py_env/lib/python3.11/site-packages/airflow/example_dags/example_branch_operator_decorator.py for tasks to queue
[2024-12-18T15:19:13.593+0530] {logging_mixin.py:190} INFO - [2024-12-18T15:19:13.593+0530] {dagbag.py:588} INFO - Filling up the DagBag from /Users/kulyashdahiya/STUDY/DataEngineering/AirflowLearning/py_env/lib/python3.11/site-packages/airflow/example_dags/example_branch_operator_decorator.py
[2024-12-18T15:19:13.604+0530] {processor.py:927} WARNING - No viable dags retrieved from /Users/kulyashdahiya/STUDY/DataEngineering/AirflowLearning/py_env/lib/python3.11/site-packages/airflow/example_dags/example_branch_operator_decorator.py
[2024-12-18T15:19:13.688+0530] {processor.py:208} INFO - Processing /Users/kulyashdahiya/STUDY/DataEngineering/AirflowLearning/py_env/lib/python3.11/site-packages/airflow/example_dags/example_branch_operator_decorator.py took 0.101 seconds
[2024-12-18T15:22:03.987+0530] {logging_mixin.py:190} WARNING - /Users/kulyashdahiya/STUDY/DataEngineering/AirflowLearning/py_env/lib/python3.11/site-packages/airflow/settings.py:470 DeprecationWarning: The sql_alchemy_conn option in [core] has been moved to the sql_alchemy_conn option in [database] - the old setting has been used, but please update your config.
[2024-12-18T15:22:03.990+0530] {processor.py:186} INFO - Started process (PID=46291) to work on /Users/kulyashdahiya/STUDY/DataEngineering/AirflowLearning/py_env/lib/python3.11/site-packages/airflow/example_dags/example_branch_operator_decorator.py
[2024-12-18T15:22:03.990+0530] {processor.py:914} INFO - Processing file /Users/kulyashdahiya/STUDY/DataEngineering/AirflowLearning/py_env/lib/python3.11/site-packages/airflow/example_dags/example_branch_operator_decorator.py for tasks to queue
[2024-12-18T15:22:03.990+0530] {logging_mixin.py:190} INFO - [2024-12-18T15:22:03.990+0530] {dagbag.py:588} INFO - Filling up the DagBag from /Users/kulyashdahiya/STUDY/DataEngineering/AirflowLearning/py_env/lib/python3.11/site-packages/airflow/example_dags/example_branch_operator_decorator.py
[2024-12-18T15:22:04.002+0530] {processor.py:927} WARNING - No viable dags retrieved from /Users/kulyashdahiya/STUDY/DataEngineering/AirflowLearning/py_env/lib/python3.11/site-packages/airflow/example_dags/example_branch_operator_decorator.py
[2024-12-18T15:22:04.101+0530] {processor.py:208} INFO - Processing /Users/kulyashdahiya/STUDY/DataEngineering/AirflowLearning/py_env/lib/python3.11/site-packages/airflow/example_dags/example_branch_operator_decorator.py took 0.115 seconds
[2024-12-18T15:31:26.619+0530] {logging_mixin.py:190} WARNING - /Users/kulyashdahiya/STUDY/DataEngineering/AirflowLearning/py_env/lib/python3.11/site-packages/airflow/settings.py:470 DeprecationWarning: The sql_alchemy_conn option in [core] has been moved to the sql_alchemy_conn option in [database] - the old setting has been used, but please update your config.
[2024-12-18T15:31:26.623+0530] {processor.py:186} INFO - Started process (PID=46607) to work on /Users/kulyashdahiya/STUDY/DataEngineering/AirflowLearning/py_env/lib/python3.11/site-packages/airflow/example_dags/example_branch_operator_decorator.py
[2024-12-18T15:31:26.623+0530] {processor.py:914} INFO - Processing file /Users/kulyashdahiya/STUDY/DataEngineering/AirflowLearning/py_env/lib/python3.11/site-packages/airflow/example_dags/example_branch_operator_decorator.py for tasks to queue
[2024-12-18T15:31:26.623+0530] {logging_mixin.py:190} INFO - [2024-12-18T15:31:26.623+0530] {dagbag.py:588} INFO - Filling up the DagBag from /Users/kulyashdahiya/STUDY/DataEngineering/AirflowLearning/py_env/lib/python3.11/site-packages/airflow/example_dags/example_branch_operator_decorator.py
[2024-12-18T15:31:26.639+0530] {processor.py:927} WARNING - No viable dags retrieved from /Users/kulyashdahiya/STUDY/DataEngineering/AirflowLearning/py_env/lib/python3.11/site-packages/airflow/example_dags/example_branch_operator_decorator.py
[2024-12-18T15:31:26.721+0530] {processor.py:208} INFO - Processing /Users/kulyashdahiya/STUDY/DataEngineering/AirflowLearning/py_env/lib/python3.11/site-packages/airflow/example_dags/example_branch_operator_decorator.py took 0.104 seconds
[2024-12-18T15:34:14.254+0530] {logging_mixin.py:190} WARNING - /Users/kulyashdahiya/STUDY/DataEngineering/AirflowLearning/py_env/lib/python3.11/site-packages/airflow/settings.py:470 DeprecationWarning: The sql_alchemy_conn option in [core] has been moved to the sql_alchemy_conn option in [database] - the old setting has been used, but please update your config.
[2024-12-18T15:34:14.258+0530] {processor.py:186} INFO - Started process (PID=46840) to work on /Users/kulyashdahiya/STUDY/DataEngineering/AirflowLearning/py_env/lib/python3.11/site-packages/airflow/example_dags/example_branch_operator_decorator.py
[2024-12-18T15:34:14.259+0530] {processor.py:914} INFO - Processing file /Users/kulyashdahiya/STUDY/DataEngineering/AirflowLearning/py_env/lib/python3.11/site-packages/airflow/example_dags/example_branch_operator_decorator.py for tasks to queue
[2024-12-18T15:34:14.259+0530] {logging_mixin.py:190} INFO - [2024-12-18T15:34:14.259+0530] {dagbag.py:588} INFO - Filling up the DagBag from /Users/kulyashdahiya/STUDY/DataEngineering/AirflowLearning/py_env/lib/python3.11/site-packages/airflow/example_dags/example_branch_operator_decorator.py
[2024-12-18T15:34:14.271+0530] {processor.py:927} WARNING - No viable dags retrieved from /Users/kulyashdahiya/STUDY/DataEngineering/AirflowLearning/py_env/lib/python3.11/site-packages/airflow/example_dags/example_branch_operator_decorator.py
[2024-12-18T15:34:14.355+0530] {processor.py:208} INFO - Processing /Users/kulyashdahiya/STUDY/DataEngineering/AirflowLearning/py_env/lib/python3.11/site-packages/airflow/example_dags/example_branch_operator_decorator.py took 0.102 seconds
[2024-12-18T15:37:00.688+0530] {logging_mixin.py:190} WARNING - /Users/kulyashdahiya/STUDY/DataEngineering/AirflowLearning/py_env/lib/python3.11/site-packages/airflow/settings.py:470 DeprecationWarning: The sql_alchemy_conn option in [core] has been moved to the sql_alchemy_conn option in [database] - the old setting has been used, but please update your config.
[2024-12-18T15:37:00.693+0530] {processor.py:186} INFO - Started process (PID=47069) to work on /Users/kulyashdahiya/STUDY/DataEngineering/AirflowLearning/py_env/lib/python3.11/site-packages/airflow/example_dags/example_branch_operator_decorator.py
[2024-12-18T15:37:00.693+0530] {processor.py:914} INFO - Processing file /Users/kulyashdahiya/STUDY/DataEngineering/AirflowLearning/py_env/lib/python3.11/site-packages/airflow/example_dags/example_branch_operator_decorator.py for tasks to queue
[2024-12-18T15:37:00.694+0530] {logging_mixin.py:190} INFO - [2024-12-18T15:37:00.693+0530] {dagbag.py:588} INFO - Filling up the DagBag from /Users/kulyashdahiya/STUDY/DataEngineering/AirflowLearning/py_env/lib/python3.11/site-packages/airflow/example_dags/example_branch_operator_decorator.py
[2024-12-18T15:37:00.705+0530] {processor.py:927} WARNING - No viable dags retrieved from /Users/kulyashdahiya/STUDY/DataEngineering/AirflowLearning/py_env/lib/python3.11/site-packages/airflow/example_dags/example_branch_operator_decorator.py
[2024-12-18T15:37:00.787+0530] {processor.py:208} INFO - Processing /Users/kulyashdahiya/STUDY/DataEngineering/AirflowLearning/py_env/lib/python3.11/site-packages/airflow/example_dags/example_branch_operator_decorator.py took 0.100 seconds
[2024-12-18T15:39:43.043+0530] {logging_mixin.py:190} WARNING - /Users/kulyashdahiya/STUDY/DataEngineering/AirflowLearning/py_env/lib/python3.11/site-packages/airflow/settings.py:470 DeprecationWarning: The sql_alchemy_conn option in [core] has been moved to the sql_alchemy_conn option in [database] - the old setting has been used, but please update your config.
[2024-12-18T15:39:43.047+0530] {processor.py:186} INFO - Started process (PID=47286) to work on /Users/kulyashdahiya/STUDY/DataEngineering/AirflowLearning/py_env/lib/python3.11/site-packages/airflow/example_dags/example_branch_operator_decorator.py
[2024-12-18T15:39:43.047+0530] {processor.py:914} INFO - Processing file /Users/kulyashdahiya/STUDY/DataEngineering/AirflowLearning/py_env/lib/python3.11/site-packages/airflow/example_dags/example_branch_operator_decorator.py for tasks to queue
[2024-12-18T15:39:43.047+0530] {logging_mixin.py:190} INFO - [2024-12-18T15:39:43.047+0530] {dagbag.py:588} INFO - Filling up the DagBag from /Users/kulyashdahiya/STUDY/DataEngineering/AirflowLearning/py_env/lib/python3.11/site-packages/airflow/example_dags/example_branch_operator_decorator.py
[2024-12-18T15:39:43.059+0530] {processor.py:927} WARNING - No viable dags retrieved from /Users/kulyashdahiya/STUDY/DataEngineering/AirflowLearning/py_env/lib/python3.11/site-packages/airflow/example_dags/example_branch_operator_decorator.py
[2024-12-18T15:39:43.142+0530] {processor.py:208} INFO - Processing /Users/kulyashdahiya/STUDY/DataEngineering/AirflowLearning/py_env/lib/python3.11/site-packages/airflow/example_dags/example_branch_operator_decorator.py took 0.100 seconds
[2024-12-18T15:42:26.488+0530] {logging_mixin.py:190} WARNING - /Users/kulyashdahiya/STUDY/DataEngineering/AirflowLearning/py_env/lib/python3.11/site-packages/airflow/settings.py:470 DeprecationWarning: The sql_alchemy_conn option in [core] has been moved to the sql_alchemy_conn option in [database] - the old setting has been used, but please update your config.
[2024-12-18T15:42:26.491+0530] {processor.py:186} INFO - Started process (PID=47507) to work on /Users/kulyashdahiya/STUDY/DataEngineering/AirflowLearning/py_env/lib/python3.11/site-packages/airflow/example_dags/example_branch_operator_decorator.py
[2024-12-18T15:42:26.491+0530] {processor.py:914} INFO - Processing file /Users/kulyashdahiya/STUDY/DataEngineering/AirflowLearning/py_env/lib/python3.11/site-packages/airflow/example_dags/example_branch_operator_decorator.py for tasks to queue
[2024-12-18T15:42:26.491+0530] {logging_mixin.py:190} INFO - [2024-12-18T15:42:26.491+0530] {dagbag.py:588} INFO - Filling up the DagBag from /Users/kulyashdahiya/STUDY/DataEngineering/AirflowLearning/py_env/lib/python3.11/site-packages/airflow/example_dags/example_branch_operator_decorator.py
[2024-12-18T15:42:26.502+0530] {processor.py:927} WARNING - No viable dags retrieved from /Users/kulyashdahiya/STUDY/DataEngineering/AirflowLearning/py_env/lib/python3.11/site-packages/airflow/example_dags/example_branch_operator_decorator.py
[2024-12-18T15:42:26.584+0530] {processor.py:208} INFO - Processing /Users/kulyashdahiya/STUDY/DataEngineering/AirflowLearning/py_env/lib/python3.11/site-packages/airflow/example_dags/example_branch_operator_decorator.py took 0.096 seconds
[2024-12-18T15:45:11.047+0530] {logging_mixin.py:190} WARNING - /Users/kulyashdahiya/STUDY/DataEngineering/AirflowLearning/py_env/lib/python3.11/site-packages/airflow/settings.py:470 DeprecationWarning: The sql_alchemy_conn option in [core] has been moved to the sql_alchemy_conn option in [database] - the old setting has been used, but please update your config.
[2024-12-18T15:45:11.049+0530] {processor.py:186} INFO - Started process (PID=47735) to work on /Users/kulyashdahiya/STUDY/DataEngineering/AirflowLearning/py_env/lib/python3.11/site-packages/airflow/example_dags/example_branch_operator_decorator.py
[2024-12-18T15:45:11.049+0530] {processor.py:914} INFO - Processing file /Users/kulyashdahiya/STUDY/DataEngineering/AirflowLearning/py_env/lib/python3.11/site-packages/airflow/example_dags/example_branch_operator_decorator.py for tasks to queue
[2024-12-18T15:45:11.050+0530] {logging_mixin.py:190} INFO - [2024-12-18T15:45:11.050+0530] {dagbag.py:588} INFO - Filling up the DagBag from /Users/kulyashdahiya/STUDY/DataEngineering/AirflowLearning/py_env/lib/python3.11/site-packages/airflow/example_dags/example_branch_operator_decorator.py
[2024-12-18T15:45:11.061+0530] {processor.py:927} WARNING - No viable dags retrieved from /Users/kulyashdahiya/STUDY/DataEngineering/AirflowLearning/py_env/lib/python3.11/site-packages/airflow/example_dags/example_branch_operator_decorator.py
[2024-12-18T15:45:11.147+0530] {processor.py:208} INFO - Processing /Users/kulyashdahiya/STUDY/DataEngineering/AirflowLearning/py_env/lib/python3.11/site-packages/airflow/example_dags/example_branch_operator_decorator.py took 0.101 seconds
[2024-12-18T16:57:47.518+0530] {logging_mixin.py:190} WARNING - /Users/kulyashdahiya/STUDY/DataEngineering/AirflowLearning/py_env/lib/python3.11/site-packages/airflow/settings.py:470 DeprecationWarning: The sql_alchemy_conn option in [core] has been moved to the sql_alchemy_conn option in [database] - the old setting has been used, but please update your config.
[2024-12-18T16:57:47.519+0530] {processor.py:186} INFO - Started process (PID=48163) to work on /Users/kulyashdahiya/STUDY/DataEngineering/AirflowLearning/py_env/lib/python3.11/site-packages/airflow/example_dags/example_branch_operator_decorator.py
[2024-12-18T16:57:47.519+0530] {processor.py:914} INFO - Processing file /Users/kulyashdahiya/STUDY/DataEngineering/AirflowLearning/py_env/lib/python3.11/site-packages/airflow/example_dags/example_branch_operator_decorator.py for tasks to queue
[2024-12-18T16:57:47.520+0530] {logging_mixin.py:190} INFO - [2024-12-18T16:57:47.519+0530] {dagbag.py:588} INFO - Filling up the DagBag from /Users/kulyashdahiya/STUDY/DataEngineering/AirflowLearning/py_env/lib/python3.11/site-packages/airflow/example_dags/example_branch_operator_decorator.py
[2024-12-18T16:57:47.526+0530] {processor.py:927} WARNING - No viable dags retrieved from /Users/kulyashdahiya/STUDY/DataEngineering/AirflowLearning/py_env/lib/python3.11/site-packages/airflow/example_dags/example_branch_operator_decorator.py
[2024-12-18T16:57:47.570+0530] {processor.py:208} INFO - Processing /Users/kulyashdahiya/STUDY/DataEngineering/AirflowLearning/py_env/lib/python3.11/site-packages/airflow/example_dags/example_branch_operator_decorator.py took 0.054 seconds
[2024-12-18T17:00:01.079+0530] {logging_mixin.py:190} WARNING - /Users/kulyashdahiya/STUDY/DataEngineering/AirflowLearning/py_env/lib/python3.11/site-packages/airflow/settings.py:470 DeprecationWarning: The sql_alchemy_conn option in [core] has been moved to the sql_alchemy_conn option in [database] - the old setting has been used, but please update your config.
[2024-12-18T17:00:01.081+0530] {processor.py:186} INFO - Started process (PID=48391) to work on /Users/kulyashdahiya/STUDY/DataEngineering/AirflowLearning/py_env/lib/python3.11/site-packages/airflow/example_dags/example_branch_operator_decorator.py
[2024-12-18T17:00:01.081+0530] {processor.py:914} INFO - Processing file /Users/kulyashdahiya/STUDY/DataEngineering/AirflowLearning/py_env/lib/python3.11/site-packages/airflow/example_dags/example_branch_operator_decorator.py for tasks to queue
[2024-12-18T17:00:01.081+0530] {logging_mixin.py:190} INFO - [2024-12-18T17:00:01.081+0530] {dagbag.py:588} INFO - Filling up the DagBag from /Users/kulyashdahiya/STUDY/DataEngineering/AirflowLearning/py_env/lib/python3.11/site-packages/airflow/example_dags/example_branch_operator_decorator.py
[2024-12-18T17:00:01.088+0530] {processor.py:927} WARNING - No viable dags retrieved from /Users/kulyashdahiya/STUDY/DataEngineering/AirflowLearning/py_env/lib/python3.11/site-packages/airflow/example_dags/example_branch_operator_decorator.py
[2024-12-18T17:00:01.131+0530] {processor.py:208} INFO - Processing /Users/kulyashdahiya/STUDY/DataEngineering/AirflowLearning/py_env/lib/python3.11/site-packages/airflow/example_dags/example_branch_operator_decorator.py took 0.052 seconds
[2024-12-18T17:02:49.167+0530] {logging_mixin.py:190} WARNING - /Users/kulyashdahiya/STUDY/DataEngineering/AirflowLearning/py_env/lib/python3.11/site-packages/airflow/settings.py:470 DeprecationWarning: The sql_alchemy_conn option in [core] has been moved to the sql_alchemy_conn option in [database] - the old setting has been used, but please update your config.
[2024-12-18T17:02:49.169+0530] {processor.py:186} INFO - Started process (PID=48611) to work on /Users/kulyashdahiya/STUDY/DataEngineering/AirflowLearning/py_env/lib/python3.11/site-packages/airflow/example_dags/example_branch_operator_decorator.py
[2024-12-18T17:02:49.169+0530] {processor.py:914} INFO - Processing file /Users/kulyashdahiya/STUDY/DataEngineering/AirflowLearning/py_env/lib/python3.11/site-packages/airflow/example_dags/example_branch_operator_decorator.py for tasks to queue
[2024-12-18T17:02:49.170+0530] {logging_mixin.py:190} INFO - [2024-12-18T17:02:49.170+0530] {dagbag.py:588} INFO - Filling up the DagBag from /Users/kulyashdahiya/STUDY/DataEngineering/AirflowLearning/py_env/lib/python3.11/site-packages/airflow/example_dags/example_branch_operator_decorator.py
[2024-12-18T17:02:49.176+0530] {processor.py:927} WARNING - No viable dags retrieved from /Users/kulyashdahiya/STUDY/DataEngineering/AirflowLearning/py_env/lib/python3.11/site-packages/airflow/example_dags/example_branch_operator_decorator.py
[2024-12-18T17:02:49.220+0530] {processor.py:208} INFO - Processing /Users/kulyashdahiya/STUDY/DataEngineering/AirflowLearning/py_env/lib/python3.11/site-packages/airflow/example_dags/example_branch_operator_decorator.py took 0.053 seconds
[2024-12-18T17:06:30.269+0530] {logging_mixin.py:190} WARNING - /Users/kulyashdahiya/STUDY/DataEngineering/AirflowLearning/py_env/lib/python3.11/site-packages/airflow/settings.py:470 DeprecationWarning: The sql_alchemy_conn option in [core] has been moved to the sql_alchemy_conn option in [database] - the old setting has been used, but please update your config.
[2024-12-18T17:06:30.270+0530] {processor.py:186} INFO - Started process (PID=48843) to work on /Users/kulyashdahiya/STUDY/DataEngineering/AirflowLearning/py_env/lib/python3.11/site-packages/airflow/example_dags/example_branch_operator_decorator.py
[2024-12-18T17:06:30.270+0530] {processor.py:914} INFO - Processing file /Users/kulyashdahiya/STUDY/DataEngineering/AirflowLearning/py_env/lib/python3.11/site-packages/airflow/example_dags/example_branch_operator_decorator.py for tasks to queue
[2024-12-18T17:06:30.271+0530] {logging_mixin.py:190} INFO - [2024-12-18T17:06:30.271+0530] {dagbag.py:588} INFO - Filling up the DagBag from /Users/kulyashdahiya/STUDY/DataEngineering/AirflowLearning/py_env/lib/python3.11/site-packages/airflow/example_dags/example_branch_operator_decorator.py
[2024-12-18T17:06:30.277+0530] {processor.py:927} WARNING - No viable dags retrieved from /Users/kulyashdahiya/STUDY/DataEngineering/AirflowLearning/py_env/lib/python3.11/site-packages/airflow/example_dags/example_branch_operator_decorator.py
[2024-12-18T17:06:30.322+0530] {processor.py:208} INFO - Processing /Users/kulyashdahiya/STUDY/DataEngineering/AirflowLearning/py_env/lib/python3.11/site-packages/airflow/example_dags/example_branch_operator_decorator.py took 0.054 seconds
[2024-12-18T17:08:27.300+0530] {logging_mixin.py:190} WARNING - /Users/kulyashdahiya/STUDY/DataEngineering/AirflowLearning/py_env/lib/python3.11/site-packages/airflow/settings.py:470 DeprecationWarning: The sql_alchemy_conn option in [core] has been moved to the sql_alchemy_conn option in [database] - the old setting has been used, but please update your config.
[2024-12-18T17:08:27.302+0530] {processor.py:186} INFO - Started process (PID=49030) to work on /Users/kulyashdahiya/STUDY/DataEngineering/AirflowLearning/py_env/lib/python3.11/site-packages/airflow/example_dags/example_branch_operator_decorator.py
[2024-12-18T17:08:27.302+0530] {processor.py:914} INFO - Processing file /Users/kulyashdahiya/STUDY/DataEngineering/AirflowLearning/py_env/lib/python3.11/site-packages/airflow/example_dags/example_branch_operator_decorator.py for tasks to queue
[2024-12-18T17:08:27.302+0530] {logging_mixin.py:190} INFO - [2024-12-18T17:08:27.302+0530] {dagbag.py:588} INFO - Filling up the DagBag from /Users/kulyashdahiya/STUDY/DataEngineering/AirflowLearning/py_env/lib/python3.11/site-packages/airflow/example_dags/example_branch_operator_decorator.py
[2024-12-18T17:08:27.308+0530] {processor.py:927} WARNING - No viable dags retrieved from /Users/kulyashdahiya/STUDY/DataEngineering/AirflowLearning/py_env/lib/python3.11/site-packages/airflow/example_dags/example_branch_operator_decorator.py
[2024-12-18T17:08:27.354+0530] {processor.py:208} INFO - Processing /Users/kulyashdahiya/STUDY/DataEngineering/AirflowLearning/py_env/lib/python3.11/site-packages/airflow/example_dags/example_branch_operator_decorator.py took 0.054 seconds
[2024-12-18T17:10:33.729+0530] {logging_mixin.py:190} WARNING - /Users/kulyashdahiya/STUDY/DataEngineering/AirflowLearning/py_env/lib/python3.11/site-packages/airflow/settings.py:470 DeprecationWarning: The sql_alchemy_conn option in [core] has been moved to the sql_alchemy_conn option in [database] - the old setting has been used, but please update your config.
[2024-12-18T17:10:33.731+0530] {processor.py:186} INFO - Started process (PID=49241) to work on /Users/kulyashdahiya/STUDY/DataEngineering/AirflowLearning/py_env/lib/python3.11/site-packages/airflow/example_dags/example_branch_operator_decorator.py
[2024-12-18T17:10:33.731+0530] {processor.py:914} INFO - Processing file /Users/kulyashdahiya/STUDY/DataEngineering/AirflowLearning/py_env/lib/python3.11/site-packages/airflow/example_dags/example_branch_operator_decorator.py for tasks to queue
[2024-12-18T17:10:33.731+0530] {logging_mixin.py:190} INFO - [2024-12-18T17:10:33.731+0530] {dagbag.py:588} INFO - Filling up the DagBag from /Users/kulyashdahiya/STUDY/DataEngineering/AirflowLearning/py_env/lib/python3.11/site-packages/airflow/example_dags/example_branch_operator_decorator.py
[2024-12-18T17:10:33.737+0530] {processor.py:927} WARNING - No viable dags retrieved from /Users/kulyashdahiya/STUDY/DataEngineering/AirflowLearning/py_env/lib/python3.11/site-packages/airflow/example_dags/example_branch_operator_decorator.py
[2024-12-18T17:10:33.783+0530] {processor.py:208} INFO - Processing /Users/kulyashdahiya/STUDY/DataEngineering/AirflowLearning/py_env/lib/python3.11/site-packages/airflow/example_dags/example_branch_operator_decorator.py took 0.054 seconds
[2024-12-18T17:12:40.368+0530] {logging_mixin.py:190} WARNING - /Users/kulyashdahiya/STUDY/DataEngineering/AirflowLearning/py_env/lib/python3.11/site-packages/airflow/settings.py:470 DeprecationWarning: The sql_alchemy_conn option in [core] has been moved to the sql_alchemy_conn option in [database] - the old setting has been used, but please update your config.
[2024-12-18T17:12:40.370+0530] {processor.py:186} INFO - Started process (PID=49463) to work on /Users/kulyashdahiya/STUDY/DataEngineering/AirflowLearning/py_env/lib/python3.11/site-packages/airflow/example_dags/example_branch_operator_decorator.py
[2024-12-18T17:12:40.370+0530] {processor.py:914} INFO - Processing file /Users/kulyashdahiya/STUDY/DataEngineering/AirflowLearning/py_env/lib/python3.11/site-packages/airflow/example_dags/example_branch_operator_decorator.py for tasks to queue
[2024-12-18T17:12:40.370+0530] {logging_mixin.py:190} INFO - [2024-12-18T17:12:40.370+0530] {dagbag.py:588} INFO - Filling up the DagBag from /Users/kulyashdahiya/STUDY/DataEngineering/AirflowLearning/py_env/lib/python3.11/site-packages/airflow/example_dags/example_branch_operator_decorator.py
[2024-12-18T17:12:40.377+0530] {processor.py:927} WARNING - No viable dags retrieved from /Users/kulyashdahiya/STUDY/DataEngineering/AirflowLearning/py_env/lib/python3.11/site-packages/airflow/example_dags/example_branch_operator_decorator.py
[2024-12-18T17:12:40.422+0530] {processor.py:208} INFO - Processing /Users/kulyashdahiya/STUDY/DataEngineering/AirflowLearning/py_env/lib/python3.11/site-packages/airflow/example_dags/example_branch_operator_decorator.py took 0.054 seconds
[2024-12-18T17:14:35.714+0530] {logging_mixin.py:190} WARNING - /Users/kulyashdahiya/STUDY/DataEngineering/AirflowLearning/py_env/lib/python3.11/site-packages/airflow/settings.py:470 DeprecationWarning: The sql_alchemy_conn option in [core] has been moved to the sql_alchemy_conn option in [database] - the old setting has been used, but please update your config.
[2024-12-18T17:14:35.716+0530] {processor.py:186} INFO - Started process (PID=49655) to work on /Users/kulyashdahiya/STUDY/DataEngineering/AirflowLearning/py_env/lib/python3.11/site-packages/airflow/example_dags/example_branch_operator_decorator.py
[2024-12-18T17:14:35.716+0530] {processor.py:914} INFO - Processing file /Users/kulyashdahiya/STUDY/DataEngineering/AirflowLearning/py_env/lib/python3.11/site-packages/airflow/example_dags/example_branch_operator_decorator.py for tasks to queue
[2024-12-18T17:14:35.716+0530] {logging_mixin.py:190} INFO - [2024-12-18T17:14:35.716+0530] {dagbag.py:588} INFO - Filling up the DagBag from /Users/kulyashdahiya/STUDY/DataEngineering/AirflowLearning/py_env/lib/python3.11/site-packages/airflow/example_dags/example_branch_operator_decorator.py
[2024-12-18T17:14:35.724+0530] {processor.py:927} WARNING - No viable dags retrieved from /Users/kulyashdahiya/STUDY/DataEngineering/AirflowLearning/py_env/lib/python3.11/site-packages/airflow/example_dags/example_branch_operator_decorator.py
[2024-12-18T17:14:35.774+0530] {processor.py:208} INFO - Processing /Users/kulyashdahiya/STUDY/DataEngineering/AirflowLearning/py_env/lib/python3.11/site-packages/airflow/example_dags/example_branch_operator_decorator.py took 0.061 seconds
[2024-12-18T17:16:28.578+0530] {logging_mixin.py:190} WARNING - /Users/kulyashdahiya/STUDY/DataEngineering/AirflowLearning/py_env/lib/python3.11/site-packages/airflow/settings.py:470 DeprecationWarning: The sql_alchemy_conn option in [core] has been moved to the sql_alchemy_conn option in [database] - the old setting has been used, but please update your config.
[2024-12-18T17:16:28.579+0530] {processor.py:186} INFO - Started process (PID=49844) to work on /Users/kulyashdahiya/STUDY/DataEngineering/AirflowLearning/py_env/lib/python3.11/site-packages/airflow/example_dags/example_branch_operator_decorator.py
[2024-12-18T17:16:28.579+0530] {processor.py:914} INFO - Processing file /Users/kulyashdahiya/STUDY/DataEngineering/AirflowLearning/py_env/lib/python3.11/site-packages/airflow/example_dags/example_branch_operator_decorator.py for tasks to queue
[2024-12-18T17:16:28.580+0530] {logging_mixin.py:190} INFO - [2024-12-18T17:16:28.580+0530] {dagbag.py:588} INFO - Filling up the DagBag from /Users/kulyashdahiya/STUDY/DataEngineering/AirflowLearning/py_env/lib/python3.11/site-packages/airflow/example_dags/example_branch_operator_decorator.py
[2024-12-18T17:16:28.586+0530] {processor.py:927} WARNING - No viable dags retrieved from /Users/kulyashdahiya/STUDY/DataEngineering/AirflowLearning/py_env/lib/python3.11/site-packages/airflow/example_dags/example_branch_operator_decorator.py
[2024-12-18T17:16:28.632+0530] {processor.py:208} INFO - Processing /Users/kulyashdahiya/STUDY/DataEngineering/AirflowLearning/py_env/lib/python3.11/site-packages/airflow/example_dags/example_branch_operator_decorator.py took 0.054 seconds
[2024-12-18T17:18:30.758+0530] {logging_mixin.py:190} WARNING - /Users/kulyashdahiya/STUDY/DataEngineering/AirflowLearning/py_env/lib/python3.11/site-packages/airflow/settings.py:470 DeprecationWarning: The sql_alchemy_conn option in [core] has been moved to the sql_alchemy_conn option in [database] - the old setting has been used, but please update your config.
[2024-12-18T17:18:30.760+0530] {processor.py:186} INFO - Started process (PID=50041) to work on /Users/kulyashdahiya/STUDY/DataEngineering/AirflowLearning/py_env/lib/python3.11/site-packages/airflow/example_dags/example_branch_operator_decorator.py
[2024-12-18T17:18:30.760+0530] {processor.py:914} INFO - Processing file /Users/kulyashdahiya/STUDY/DataEngineering/AirflowLearning/py_env/lib/python3.11/site-packages/airflow/example_dags/example_branch_operator_decorator.py for tasks to queue
[2024-12-18T17:18:30.760+0530] {logging_mixin.py:190} INFO - [2024-12-18T17:18:30.760+0530] {dagbag.py:588} INFO - Filling up the DagBag from /Users/kulyashdahiya/STUDY/DataEngineering/AirflowLearning/py_env/lib/python3.11/site-packages/airflow/example_dags/example_branch_operator_decorator.py
[2024-12-18T17:18:30.767+0530] {processor.py:927} WARNING - No viable dags retrieved from /Users/kulyashdahiya/STUDY/DataEngineering/AirflowLearning/py_env/lib/python3.11/site-packages/airflow/example_dags/example_branch_operator_decorator.py
[2024-12-18T17:18:30.812+0530] {processor.py:208} INFO - Processing /Users/kulyashdahiya/STUDY/DataEngineering/AirflowLearning/py_env/lib/python3.11/site-packages/airflow/example_dags/example_branch_operator_decorator.py took 0.054 seconds
[2024-12-18T17:20:32.955+0530] {logging_mixin.py:190} WARNING - /Users/kulyashdahiya/STUDY/DataEngineering/AirflowLearning/py_env/lib/python3.11/site-packages/airflow/settings.py:470 DeprecationWarning: The sql_alchemy_conn option in [core] has been moved to the sql_alchemy_conn option in [database] - the old setting has been used, but please update your config.
[2024-12-18T17:20:32.956+0530] {processor.py:186} INFO - Started process (PID=50248) to work on /Users/kulyashdahiya/STUDY/DataEngineering/AirflowLearning/py_env/lib/python3.11/site-packages/airflow/example_dags/example_branch_operator_decorator.py
[2024-12-18T17:20:32.956+0530] {processor.py:914} INFO - Processing file /Users/kulyashdahiya/STUDY/DataEngineering/AirflowLearning/py_env/lib/python3.11/site-packages/airflow/example_dags/example_branch_operator_decorator.py for tasks to queue
[2024-12-18T17:20:32.957+0530] {logging_mixin.py:190} INFO - [2024-12-18T17:20:32.957+0530] {dagbag.py:588} INFO - Filling up the DagBag from /Users/kulyashdahiya/STUDY/DataEngineering/AirflowLearning/py_env/lib/python3.11/site-packages/airflow/example_dags/example_branch_operator_decorator.py
[2024-12-18T17:20:32.963+0530] {processor.py:927} WARNING - No viable dags retrieved from /Users/kulyashdahiya/STUDY/DataEngineering/AirflowLearning/py_env/lib/python3.11/site-packages/airflow/example_dags/example_branch_operator_decorator.py
[2024-12-18T17:20:33.010+0530] {processor.py:208} INFO - Processing /Users/kulyashdahiya/STUDY/DataEngineering/AirflowLearning/py_env/lib/python3.11/site-packages/airflow/example_dags/example_branch_operator_decorator.py took 0.056 seconds
[2024-12-18T17:22:30.805+0530] {logging_mixin.py:190} WARNING - /Users/kulyashdahiya/STUDY/DataEngineering/AirflowLearning/py_env/lib/python3.11/site-packages/airflow/settings.py:470 DeprecationWarning: The sql_alchemy_conn option in [core] has been moved to the sql_alchemy_conn option in [database] - the old setting has been used, but please update your config.
[2024-12-18T17:22:30.807+0530] {processor.py:186} INFO - Started process (PID=50453) to work on /Users/kulyashdahiya/STUDY/DataEngineering/AirflowLearning/py_env/lib/python3.11/site-packages/airflow/example_dags/example_branch_operator_decorator.py
[2024-12-18T17:22:30.807+0530] {processor.py:914} INFO - Processing file /Users/kulyashdahiya/STUDY/DataEngineering/AirflowLearning/py_env/lib/python3.11/site-packages/airflow/example_dags/example_branch_operator_decorator.py for tasks to queue
[2024-12-18T17:22:30.807+0530] {logging_mixin.py:190} INFO - [2024-12-18T17:22:30.807+0530] {dagbag.py:588} INFO - Filling up the DagBag from /Users/kulyashdahiya/STUDY/DataEngineering/AirflowLearning/py_env/lib/python3.11/site-packages/airflow/example_dags/example_branch_operator_decorator.py
[2024-12-18T17:22:30.813+0530] {processor.py:927} WARNING - No viable dags retrieved from /Users/kulyashdahiya/STUDY/DataEngineering/AirflowLearning/py_env/lib/python3.11/site-packages/airflow/example_dags/example_branch_operator_decorator.py
[2024-12-18T17:22:30.857+0530] {processor.py:208} INFO - Processing /Users/kulyashdahiya/STUDY/DataEngineering/AirflowLearning/py_env/lib/python3.11/site-packages/airflow/example_dags/example_branch_operator_decorator.py took 0.053 seconds
[2024-12-18T17:24:23.397+0530] {logging_mixin.py:190} WARNING - /Users/kulyashdahiya/STUDY/DataEngineering/AirflowLearning/py_env/lib/python3.11/site-packages/airflow/settings.py:470 DeprecationWarning: The sql_alchemy_conn option in [core] has been moved to the sql_alchemy_conn option in [database] - the old setting has been used, but please update your config.
[2024-12-18T17:24:23.398+0530] {processor.py:186} INFO - Started process (PID=50643) to work on /Users/kulyashdahiya/STUDY/DataEngineering/AirflowLearning/py_env/lib/python3.11/site-packages/airflow/example_dags/example_branch_operator_decorator.py
[2024-12-18T17:24:23.398+0530] {processor.py:914} INFO - Processing file /Users/kulyashdahiya/STUDY/DataEngineering/AirflowLearning/py_env/lib/python3.11/site-packages/airflow/example_dags/example_branch_operator_decorator.py for tasks to queue
[2024-12-18T17:24:23.398+0530] {logging_mixin.py:190} INFO - [2024-12-18T17:24:23.398+0530] {dagbag.py:588} INFO - Filling up the DagBag from /Users/kulyashdahiya/STUDY/DataEngineering/AirflowLearning/py_env/lib/python3.11/site-packages/airflow/example_dags/example_branch_operator_decorator.py
[2024-12-18T17:24:23.404+0530] {processor.py:927} WARNING - No viable dags retrieved from /Users/kulyashdahiya/STUDY/DataEngineering/AirflowLearning/py_env/lib/python3.11/site-packages/airflow/example_dags/example_branch_operator_decorator.py
[2024-12-18T17:24:23.449+0530] {processor.py:208} INFO - Processing /Users/kulyashdahiya/STUDY/DataEngineering/AirflowLearning/py_env/lib/python3.11/site-packages/airflow/example_dags/example_branch_operator_decorator.py took 0.053 seconds
[2024-12-18T17:26:20.652+0530] {logging_mixin.py:190} WARNING - /Users/kulyashdahiya/STUDY/DataEngineering/AirflowLearning/py_env/lib/python3.11/site-packages/airflow/settings.py:470 DeprecationWarning: The sql_alchemy_conn option in [core] has been moved to the sql_alchemy_conn option in [database] - the old setting has been used, but please update your config.
[2024-12-18T17:26:20.653+0530] {processor.py:186} INFO - Started process (PID=50837) to work on /Users/kulyashdahiya/STUDY/DataEngineering/AirflowLearning/py_env/lib/python3.11/site-packages/airflow/example_dags/example_branch_operator_decorator.py
[2024-12-18T17:26:20.653+0530] {processor.py:914} INFO - Processing file /Users/kulyashdahiya/STUDY/DataEngineering/AirflowLearning/py_env/lib/python3.11/site-packages/airflow/example_dags/example_branch_operator_decorator.py for tasks to queue
[2024-12-18T17:26:20.653+0530] {logging_mixin.py:190} INFO - [2024-12-18T17:26:20.653+0530] {dagbag.py:588} INFO - Filling up the DagBag from /Users/kulyashdahiya/STUDY/DataEngineering/AirflowLearning/py_env/lib/python3.11/site-packages/airflow/example_dags/example_branch_operator_decorator.py
[2024-12-18T17:26:20.660+0530] {processor.py:927} WARNING - No viable dags retrieved from /Users/kulyashdahiya/STUDY/DataEngineering/AirflowLearning/py_env/lib/python3.11/site-packages/airflow/example_dags/example_branch_operator_decorator.py
[2024-12-18T17:26:20.703+0530] {processor.py:208} INFO - Processing /Users/kulyashdahiya/STUDY/DataEngineering/AirflowLearning/py_env/lib/python3.11/site-packages/airflow/example_dags/example_branch_operator_decorator.py took 0.052 seconds
[2024-12-18T17:28:31.075+0530] {logging_mixin.py:190} WARNING - /Users/kulyashdahiya/STUDY/DataEngineering/AirflowLearning/py_env/lib/python3.11/site-packages/airflow/settings.py:470 DeprecationWarning: The sql_alchemy_conn option in [core] has been moved to the sql_alchemy_conn option in [database] - the old setting has been used, but please update your config.
[2024-12-18T17:28:31.076+0530] {processor.py:186} INFO - Started process (PID=51119) to work on /Users/kulyashdahiya/STUDY/DataEngineering/AirflowLearning/py_env/lib/python3.11/site-packages/airflow/example_dags/example_branch_operator_decorator.py
[2024-12-18T17:28:31.076+0530] {processor.py:914} INFO - Processing file /Users/kulyashdahiya/STUDY/DataEngineering/AirflowLearning/py_env/lib/python3.11/site-packages/airflow/example_dags/example_branch_operator_decorator.py for tasks to queue
[2024-12-18T17:28:31.077+0530] {logging_mixin.py:190} INFO - [2024-12-18T17:28:31.077+0530] {dagbag.py:588} INFO - Filling up the DagBag from /Users/kulyashdahiya/STUDY/DataEngineering/AirflowLearning/py_env/lib/python3.11/site-packages/airflow/example_dags/example_branch_operator_decorator.py
[2024-12-18T17:28:31.083+0530] {processor.py:927} WARNING - No viable dags retrieved from /Users/kulyashdahiya/STUDY/DataEngineering/AirflowLearning/py_env/lib/python3.11/site-packages/airflow/example_dags/example_branch_operator_decorator.py
[2024-12-18T17:28:31.129+0530] {processor.py:208} INFO - Processing /Users/kulyashdahiya/STUDY/DataEngineering/AirflowLearning/py_env/lib/python3.11/site-packages/airflow/example_dags/example_branch_operator_decorator.py took 0.055 seconds
[2024-12-18T17:30:33.400+0530] {logging_mixin.py:190} WARNING - /Users/kulyashdahiya/STUDY/DataEngineering/AirflowLearning/py_env/lib/python3.11/site-packages/airflow/settings.py:470 DeprecationWarning: The sql_alchemy_conn option in [core] has been moved to the sql_alchemy_conn option in [database] - the old setting has been used, but please update your config.
[2024-12-18T17:30:33.402+0530] {processor.py:186} INFO - Started process (PID=51355) to work on /Users/kulyashdahiya/STUDY/DataEngineering/AirflowLearning/py_env/lib/python3.11/site-packages/airflow/example_dags/example_branch_operator_decorator.py
[2024-12-18T17:30:33.402+0530] {processor.py:914} INFO - Processing file /Users/kulyashdahiya/STUDY/DataEngineering/AirflowLearning/py_env/lib/python3.11/site-packages/airflow/example_dags/example_branch_operator_decorator.py for tasks to queue
[2024-12-18T17:30:33.402+0530] {logging_mixin.py:190} INFO - [2024-12-18T17:30:33.402+0530] {dagbag.py:588} INFO - Filling up the DagBag from /Users/kulyashdahiya/STUDY/DataEngineering/AirflowLearning/py_env/lib/python3.11/site-packages/airflow/example_dags/example_branch_operator_decorator.py
[2024-12-18T17:30:33.410+0530] {processor.py:927} WARNING - No viable dags retrieved from /Users/kulyashdahiya/STUDY/DataEngineering/AirflowLearning/py_env/lib/python3.11/site-packages/airflow/example_dags/example_branch_operator_decorator.py
[2024-12-18T17:30:33.468+0530] {processor.py:208} INFO - Processing /Users/kulyashdahiya/STUDY/DataEngineering/AirflowLearning/py_env/lib/python3.11/site-packages/airflow/example_dags/example_branch_operator_decorator.py took 0.069 seconds
