[2024-12-18T13:09:31.552+0530] {logging_mixin.py:190} WARNING - /Users/kulyashdahiya/STUDY/DataEngineering/AirflowLearning/py_env/lib/python3.11/site-packages/airflow/settings.py:470 DeprecationWarning: The sql_alchemy_conn option in [core] has been moved to the sql_alchemy_conn option in [database] - the old setting has been used, but please update your config.
[2024-12-18T13:09:31.555+0530] {processor.py:186} INFO - Started process (PID=37351) to work on /Users/kulyashdahiya/STUDY/DataEngineering/AirflowLearning/py_env/lib/python3.11/site-packages/airflow/example_dags/example_branch_operator.py
[2024-12-18T13:09:31.555+0530] {processor.py:914} INFO - Processing file /Users/kulyashdahiya/STUDY/DataEngineering/AirflowLearning/py_env/lib/python3.11/site-packages/airflow/example_dags/example_branch_operator.py for tasks to queue
[2024-12-18T13:09:31.556+0530] {logging_mixin.py:190} INFO - [2024-12-18T13:09:31.556+0530] {dagbag.py:588} INFO - Filling up the DagBag from /Users/kulyashdahiya/STUDY/DataEngineering/AirflowLearning/py_env/lib/python3.11/site-packages/airflow/example_dags/example_branch_operator.py
[2024-12-18T13:09:31.570+0530] {processor.py:927} WARNING - No viable dags retrieved from /Users/kulyashdahiya/STUDY/DataEngineering/AirflowLearning/py_env/lib/python3.11/site-packages/airflow/example_dags/example_branch_operator.py
[2024-12-18T13:09:31.665+0530] {processor.py:208} INFO - Processing /Users/kulyashdahiya/STUDY/DataEngineering/AirflowLearning/py_env/lib/python3.11/site-packages/airflow/example_dags/example_branch_operator.py took 0.115 seconds
[2024-12-18T13:12:25.747+0530] {logging_mixin.py:190} WARNING - /Users/kulyashdahiya/STUDY/DataEngineering/AirflowLearning/py_env/lib/python3.11/site-packages/airflow/settings.py:470 DeprecationWarning: The sql_alchemy_conn option in [core] has been moved to the sql_alchemy_conn option in [database] - the old setting has been used, but please update your config.
[2024-12-18T13:12:25.750+0530] {processor.py:186} INFO - Started process (PID=37618) to work on /Users/kulyashdahiya/STUDY/DataEngineering/AirflowLearning/py_env/lib/python3.11/site-packages/airflow/example_dags/example_branch_operator.py
[2024-12-18T13:12:25.750+0530] {processor.py:914} INFO - Processing file /Users/kulyashdahiya/STUDY/DataEngineering/AirflowLearning/py_env/lib/python3.11/site-packages/airflow/example_dags/example_branch_operator.py for tasks to queue
[2024-12-18T13:12:25.751+0530] {logging_mixin.py:190} INFO - [2024-12-18T13:12:25.751+0530] {dagbag.py:588} INFO - Filling up the DagBag from /Users/kulyashdahiya/STUDY/DataEngineering/AirflowLearning/py_env/lib/python3.11/site-packages/airflow/example_dags/example_branch_operator.py
[2024-12-18T13:12:25.764+0530] {processor.py:927} WARNING - No viable dags retrieved from /Users/kulyashdahiya/STUDY/DataEngineering/AirflowLearning/py_env/lib/python3.11/site-packages/airflow/example_dags/example_branch_operator.py
[2024-12-18T13:12:25.855+0530] {processor.py:208} INFO - Processing /Users/kulyashdahiya/STUDY/DataEngineering/AirflowLearning/py_env/lib/python3.11/site-packages/airflow/example_dags/example_branch_operator.py took 0.109 seconds
[2024-12-18T13:15:08.583+0530] {logging_mixin.py:190} WARNING - /Users/kulyashdahiya/STUDY/DataEngineering/AirflowLearning/py_env/lib/python3.11/site-packages/airflow/settings.py:470 DeprecationWarning: The sql_alchemy_conn option in [core] has been moved to the sql_alchemy_conn option in [database] - the old setting has been used, but please update your config.
[2024-12-18T13:15:08.585+0530] {processor.py:186} INFO - Started process (PID=37869) to work on /Users/kulyashdahiya/STUDY/DataEngineering/AirflowLearning/py_env/lib/python3.11/site-packages/airflow/example_dags/example_branch_operator.py
[2024-12-18T13:15:08.586+0530] {processor.py:914} INFO - Processing file /Users/kulyashdahiya/STUDY/DataEngineering/AirflowLearning/py_env/lib/python3.11/site-packages/airflow/example_dags/example_branch_operator.py for tasks to queue
[2024-12-18T13:15:08.586+0530] {logging_mixin.py:190} INFO - [2024-12-18T13:15:08.586+0530] {dagbag.py:588} INFO - Filling up the DagBag from /Users/kulyashdahiya/STUDY/DataEngineering/AirflowLearning/py_env/lib/python3.11/site-packages/airflow/example_dags/example_branch_operator.py
[2024-12-18T13:15:08.597+0530] {processor.py:927} WARNING - No viable dags retrieved from /Users/kulyashdahiya/STUDY/DataEngineering/AirflowLearning/py_env/lib/python3.11/site-packages/airflow/example_dags/example_branch_operator.py
[2024-12-18T13:15:08.681+0530] {processor.py:208} INFO - Processing /Users/kulyashdahiya/STUDY/DataEngineering/AirflowLearning/py_env/lib/python3.11/site-packages/airflow/example_dags/example_branch_operator.py took 0.099 seconds
[2024-12-18T13:17:58.165+0530] {logging_mixin.py:190} WARNING - /Users/kulyashdahiya/STUDY/DataEngineering/AirflowLearning/py_env/lib/python3.11/site-packages/airflow/settings.py:470 DeprecationWarning: The sql_alchemy_conn option in [core] has been moved to the sql_alchemy_conn option in [database] - the old setting has been used, but please update your config.
[2024-12-18T13:17:58.168+0530] {processor.py:186} INFO - Started process (PID=38132) to work on /Users/kulyashdahiya/STUDY/DataEngineering/AirflowLearning/py_env/lib/python3.11/site-packages/airflow/example_dags/example_branch_operator.py
[2024-12-18T13:17:58.168+0530] {processor.py:914} INFO - Processing file /Users/kulyashdahiya/STUDY/DataEngineering/AirflowLearning/py_env/lib/python3.11/site-packages/airflow/example_dags/example_branch_operator.py for tasks to queue
[2024-12-18T13:17:58.169+0530] {logging_mixin.py:190} INFO - [2024-12-18T13:17:58.169+0530] {dagbag.py:588} INFO - Filling up the DagBag from /Users/kulyashdahiya/STUDY/DataEngineering/AirflowLearning/py_env/lib/python3.11/site-packages/airflow/example_dags/example_branch_operator.py
[2024-12-18T13:17:58.180+0530] {processor.py:927} WARNING - No viable dags retrieved from /Users/kulyashdahiya/STUDY/DataEngineering/AirflowLearning/py_env/lib/python3.11/site-packages/airflow/example_dags/example_branch_operator.py
[2024-12-18T13:17:58.262+0530] {processor.py:208} INFO - Processing /Users/kulyashdahiya/STUDY/DataEngineering/AirflowLearning/py_env/lib/python3.11/site-packages/airflow/example_dags/example_branch_operator.py took 0.098 seconds
[2024-12-18T13:20:49.362+0530] {logging_mixin.py:190} WARNING - /Users/kulyashdahiya/STUDY/DataEngineering/AirflowLearning/py_env/lib/python3.11/site-packages/airflow/settings.py:470 DeprecationWarning: The sql_alchemy_conn option in [core] has been moved to the sql_alchemy_conn option in [database] - the old setting has been used, but please update your config.
[2024-12-18T13:20:49.368+0530] {processor.py:186} INFO - Started process (PID=38366) to work on /Users/kulyashdahiya/STUDY/DataEngineering/AirflowLearning/py_env/lib/python3.11/site-packages/airflow/example_dags/example_branch_operator.py
[2024-12-18T13:20:49.368+0530] {processor.py:914} INFO - Processing file /Users/kulyashdahiya/STUDY/DataEngineering/AirflowLearning/py_env/lib/python3.11/site-packages/airflow/example_dags/example_branch_operator.py for tasks to queue
[2024-12-18T13:20:49.368+0530] {logging_mixin.py:190} INFO - [2024-12-18T13:20:49.368+0530] {dagbag.py:588} INFO - Filling up the DagBag from /Users/kulyashdahiya/STUDY/DataEngineering/AirflowLearning/py_env/lib/python3.11/site-packages/airflow/example_dags/example_branch_operator.py
[2024-12-18T13:20:49.380+0530] {processor.py:927} WARNING - No viable dags retrieved from /Users/kulyashdahiya/STUDY/DataEngineering/AirflowLearning/py_env/lib/python3.11/site-packages/airflow/example_dags/example_branch_operator.py
[2024-12-18T13:20:49.464+0530] {processor.py:208} INFO - Processing /Users/kulyashdahiya/STUDY/DataEngineering/AirflowLearning/py_env/lib/python3.11/site-packages/airflow/example_dags/example_branch_operator.py took 0.102 seconds
[2024-12-18T13:23:42.148+0530] {logging_mixin.py:190} WARNING - /Users/kulyashdahiya/STUDY/DataEngineering/AirflowLearning/py_env/lib/python3.11/site-packages/airflow/settings.py:470 DeprecationWarning: The sql_alchemy_conn option in [core] has been moved to the sql_alchemy_conn option in [database] - the old setting has been used, but please update your config.
[2024-12-18T13:23:42.151+0530] {processor.py:186} INFO - Started process (PID=38609) to work on /Users/kulyashdahiya/STUDY/DataEngineering/AirflowLearning/py_env/lib/python3.11/site-packages/airflow/example_dags/example_branch_operator.py
[2024-12-18T13:23:42.151+0530] {processor.py:914} INFO - Processing file /Users/kulyashdahiya/STUDY/DataEngineering/AirflowLearning/py_env/lib/python3.11/site-packages/airflow/example_dags/example_branch_operator.py for tasks to queue
[2024-12-18T13:23:42.152+0530] {logging_mixin.py:190} INFO - [2024-12-18T13:23:42.152+0530] {dagbag.py:588} INFO - Filling up the DagBag from /Users/kulyashdahiya/STUDY/DataEngineering/AirflowLearning/py_env/lib/python3.11/site-packages/airflow/example_dags/example_branch_operator.py
[2024-12-18T13:23:42.164+0530] {processor.py:927} WARNING - No viable dags retrieved from /Users/kulyashdahiya/STUDY/DataEngineering/AirflowLearning/py_env/lib/python3.11/site-packages/airflow/example_dags/example_branch_operator.py
[2024-12-18T13:23:42.253+0530] {processor.py:208} INFO - Processing /Users/kulyashdahiya/STUDY/DataEngineering/AirflowLearning/py_env/lib/python3.11/site-packages/airflow/example_dags/example_branch_operator.py took 0.106 seconds
[2024-12-18T13:26:09.442+0530] {logging_mixin.py:190} WARNING - /Users/kulyashdahiya/STUDY/DataEngineering/AirflowLearning/py_env/lib/python3.11/site-packages/airflow/settings.py:470 DeprecationWarning: The sql_alchemy_conn option in [core] has been moved to the sql_alchemy_conn option in [database] - the old setting has been used, but please update your config.
[2024-12-18T13:26:09.443+0530] {processor.py:186} INFO - Started process (PID=38973) to work on /Users/kulyashdahiya/STUDY/DataEngineering/AirflowLearning/py_env/lib/python3.11/site-packages/airflow/example_dags/example_branch_operator.py
[2024-12-18T13:26:09.444+0530] {processor.py:914} INFO - Processing file /Users/kulyashdahiya/STUDY/DataEngineering/AirflowLearning/py_env/lib/python3.11/site-packages/airflow/example_dags/example_branch_operator.py for tasks to queue
[2024-12-18T13:26:09.444+0530] {logging_mixin.py:190} INFO - [2024-12-18T13:26:09.444+0530] {dagbag.py:588} INFO - Filling up the DagBag from /Users/kulyashdahiya/STUDY/DataEngineering/AirflowLearning/py_env/lib/python3.11/site-packages/airflow/example_dags/example_branch_operator.py
[2024-12-18T13:26:09.451+0530] {processor.py:927} WARNING - No viable dags retrieved from /Users/kulyashdahiya/STUDY/DataEngineering/AirflowLearning/py_env/lib/python3.11/site-packages/airflow/example_dags/example_branch_operator.py
[2024-12-18T13:26:09.496+0530] {processor.py:208} INFO - Processing /Users/kulyashdahiya/STUDY/DataEngineering/AirflowLearning/py_env/lib/python3.11/site-packages/airflow/example_dags/example_branch_operator.py took 0.055 seconds
[2024-12-18T13:28:18.365+0530] {logging_mixin.py:190} WARNING - /Users/kulyashdahiya/STUDY/DataEngineering/AirflowLearning/py_env/lib/python3.11/site-packages/airflow/settings.py:470 DeprecationWarning: The sql_alchemy_conn option in [core] has been moved to the sql_alchemy_conn option in [database] - the old setting has been used, but please update your config.
[2024-12-18T13:28:18.366+0530] {processor.py:186} INFO - Started process (PID=39194) to work on /Users/kulyashdahiya/STUDY/DataEngineering/AirflowLearning/py_env/lib/python3.11/site-packages/airflow/example_dags/example_branch_operator.py
[2024-12-18T13:28:18.366+0530] {processor.py:914} INFO - Processing file /Users/kulyashdahiya/STUDY/DataEngineering/AirflowLearning/py_env/lib/python3.11/site-packages/airflow/example_dags/example_branch_operator.py for tasks to queue
[2024-12-18T13:28:18.367+0530] {logging_mixin.py:190} INFO - [2024-12-18T13:28:18.367+0530] {dagbag.py:588} INFO - Filling up the DagBag from /Users/kulyashdahiya/STUDY/DataEngineering/AirflowLearning/py_env/lib/python3.11/site-packages/airflow/example_dags/example_branch_operator.py
[2024-12-18T13:28:18.373+0530] {processor.py:927} WARNING - No viable dags retrieved from /Users/kulyashdahiya/STUDY/DataEngineering/AirflowLearning/py_env/lib/python3.11/site-packages/airflow/example_dags/example_branch_operator.py
[2024-12-18T13:28:18.420+0530] {processor.py:208} INFO - Processing /Users/kulyashdahiya/STUDY/DataEngineering/AirflowLearning/py_env/lib/python3.11/site-packages/airflow/example_dags/example_branch_operator.py took 0.056 seconds
[2024-12-18T13:30:16.053+0530] {logging_mixin.py:190} WARNING - /Users/kulyashdahiya/STUDY/DataEngineering/AirflowLearning/py_env/lib/python3.11/site-packages/airflow/settings.py:470 DeprecationWarning: The sql_alchemy_conn option in [core] has been moved to the sql_alchemy_conn option in [database] - the old setting has been used, but please update your config.
[2024-12-18T13:30:16.055+0530] {processor.py:186} INFO - Started process (PID=39391) to work on /Users/kulyashdahiya/STUDY/DataEngineering/AirflowLearning/py_env/lib/python3.11/site-packages/airflow/example_dags/example_branch_operator.py
[2024-12-18T13:30:16.055+0530] {processor.py:914} INFO - Processing file /Users/kulyashdahiya/STUDY/DataEngineering/AirflowLearning/py_env/lib/python3.11/site-packages/airflow/example_dags/example_branch_operator.py for tasks to queue
[2024-12-18T13:30:16.056+0530] {logging_mixin.py:190} INFO - [2024-12-18T13:30:16.055+0530] {dagbag.py:588} INFO - Filling up the DagBag from /Users/kulyashdahiya/STUDY/DataEngineering/AirflowLearning/py_env/lib/python3.11/site-packages/airflow/example_dags/example_branch_operator.py
[2024-12-18T13:30:16.062+0530] {processor.py:927} WARNING - No viable dags retrieved from /Users/kulyashdahiya/STUDY/DataEngineering/AirflowLearning/py_env/lib/python3.11/site-packages/airflow/example_dags/example_branch_operator.py
[2024-12-18T13:30:16.107+0530] {processor.py:208} INFO - Processing /Users/kulyashdahiya/STUDY/DataEngineering/AirflowLearning/py_env/lib/python3.11/site-packages/airflow/example_dags/example_branch_operator.py took 0.055 seconds
[2024-12-18T13:32:19.244+0530] {logging_mixin.py:190} WARNING - /Users/kulyashdahiya/STUDY/DataEngineering/AirflowLearning/py_env/lib/python3.11/site-packages/airflow/settings.py:470 DeprecationWarning: The sql_alchemy_conn option in [core] has been moved to the sql_alchemy_conn option in [database] - the old setting has been used, but please update your config.
[2024-12-18T13:32:19.247+0530] {processor.py:186} INFO - Started process (PID=39582) to work on /Users/kulyashdahiya/STUDY/DataEngineering/AirflowLearning/py_env/lib/python3.11/site-packages/airflow/example_dags/example_branch_operator.py
[2024-12-18T13:32:19.247+0530] {processor.py:914} INFO - Processing file /Users/kulyashdahiya/STUDY/DataEngineering/AirflowLearning/py_env/lib/python3.11/site-packages/airflow/example_dags/example_branch_operator.py for tasks to queue
[2024-12-18T13:32:19.247+0530] {logging_mixin.py:190} INFO - [2024-12-18T13:32:19.247+0530] {dagbag.py:588} INFO - Filling up the DagBag from /Users/kulyashdahiya/STUDY/DataEngineering/AirflowLearning/py_env/lib/python3.11/site-packages/airflow/example_dags/example_branch_operator.py
[2024-12-18T13:32:19.259+0530] {processor.py:927} WARNING - No viable dags retrieved from /Users/kulyashdahiya/STUDY/DataEngineering/AirflowLearning/py_env/lib/python3.11/site-packages/airflow/example_dags/example_branch_operator.py
[2024-12-18T13:32:19.343+0530] {processor.py:208} INFO - Processing /Users/kulyashdahiya/STUDY/DataEngineering/AirflowLearning/py_env/lib/python3.11/site-packages/airflow/example_dags/example_branch_operator.py took 0.100 seconds
[2024-12-18T13:35:07.828+0530] {logging_mixin.py:190} WARNING - /Users/kulyashdahiya/STUDY/DataEngineering/AirflowLearning/py_env/lib/python3.11/site-packages/airflow/settings.py:470 DeprecationWarning: The sql_alchemy_conn option in [core] has been moved to the sql_alchemy_conn option in [database] - the old setting has been used, but please update your config.
[2024-12-18T13:35:07.830+0530] {processor.py:186} INFO - Started process (PID=39807) to work on /Users/kulyashdahiya/STUDY/DataEngineering/AirflowLearning/py_env/lib/python3.11/site-packages/airflow/example_dags/example_branch_operator.py
[2024-12-18T13:35:07.830+0530] {processor.py:914} INFO - Processing file /Users/kulyashdahiya/STUDY/DataEngineering/AirflowLearning/py_env/lib/python3.11/site-packages/airflow/example_dags/example_branch_operator.py for tasks to queue
[2024-12-18T13:35:07.831+0530] {logging_mixin.py:190} INFO - [2024-12-18T13:35:07.831+0530] {dagbag.py:588} INFO - Filling up the DagBag from /Users/kulyashdahiya/STUDY/DataEngineering/AirflowLearning/py_env/lib/python3.11/site-packages/airflow/example_dags/example_branch_operator.py
[2024-12-18T13:35:07.843+0530] {processor.py:927} WARNING - No viable dags retrieved from /Users/kulyashdahiya/STUDY/DataEngineering/AirflowLearning/py_env/lib/python3.11/site-packages/airflow/example_dags/example_branch_operator.py
[2024-12-18T13:35:07.931+0530] {processor.py:208} INFO - Processing /Users/kulyashdahiya/STUDY/DataEngineering/AirflowLearning/py_env/lib/python3.11/site-packages/airflow/example_dags/example_branch_operator.py took 0.105 seconds
[2024-12-18T13:37:10.768+0530] {logging_mixin.py:190} WARNING - /Users/kulyashdahiya/STUDY/DataEngineering/AirflowLearning/py_env/lib/python3.11/site-packages/airflow/settings.py:470 DeprecationWarning: The sql_alchemy_conn option in [core] has been moved to the sql_alchemy_conn option in [database] - the old setting has been used, but please update your config.
[2024-12-18T13:37:10.770+0530] {processor.py:186} INFO - Started process (PID=40001) to work on /Users/kulyashdahiya/STUDY/DataEngineering/AirflowLearning/py_env/lib/python3.11/site-packages/airflow/example_dags/example_branch_operator.py
[2024-12-18T13:37:10.770+0530] {processor.py:914} INFO - Processing file /Users/kulyashdahiya/STUDY/DataEngineering/AirflowLearning/py_env/lib/python3.11/site-packages/airflow/example_dags/example_branch_operator.py for tasks to queue
[2024-12-18T13:37:10.770+0530] {logging_mixin.py:190} INFO - [2024-12-18T13:37:10.770+0530] {dagbag.py:588} INFO - Filling up the DagBag from /Users/kulyashdahiya/STUDY/DataEngineering/AirflowLearning/py_env/lib/python3.11/site-packages/airflow/example_dags/example_branch_operator.py
[2024-12-18T13:37:10.778+0530] {processor.py:927} WARNING - No viable dags retrieved from /Users/kulyashdahiya/STUDY/DataEngineering/AirflowLearning/py_env/lib/python3.11/site-packages/airflow/example_dags/example_branch_operator.py
[2024-12-18T13:37:10.834+0530] {processor.py:208} INFO - Processing /Users/kulyashdahiya/STUDY/DataEngineering/AirflowLearning/py_env/lib/python3.11/site-packages/airflow/example_dags/example_branch_operator.py took 0.066 seconds
[2024-12-18T13:57:02.943+0530] {logging_mixin.py:190} WARNING - /Users/kulyashdahiya/STUDY/DataEngineering/AirflowLearning/py_env/lib/python3.11/site-packages/airflow/settings.py:470 DeprecationWarning: The sql_alchemy_conn option in [core] has been moved to the sql_alchemy_conn option in [database] - the old setting has been used, but please update your config.
[2024-12-18T13:57:02.945+0530] {processor.py:186} INFO - Started process (PID=40244) to work on /Users/kulyashdahiya/STUDY/DataEngineering/AirflowLearning/py_env/lib/python3.11/site-packages/airflow/example_dags/example_branch_operator.py
[2024-12-18T13:57:02.945+0530] {processor.py:914} INFO - Processing file /Users/kulyashdahiya/STUDY/DataEngineering/AirflowLearning/py_env/lib/python3.11/site-packages/airflow/example_dags/example_branch_operator.py for tasks to queue
[2024-12-18T13:57:02.946+0530] {logging_mixin.py:190} INFO - [2024-12-18T13:57:02.946+0530] {dagbag.py:588} INFO - Filling up the DagBag from /Users/kulyashdahiya/STUDY/DataEngineering/AirflowLearning/py_env/lib/python3.11/site-packages/airflow/example_dags/example_branch_operator.py
[2024-12-18T13:57:02.955+0530] {processor.py:927} WARNING - No viable dags retrieved from /Users/kulyashdahiya/STUDY/DataEngineering/AirflowLearning/py_env/lib/python3.11/site-packages/airflow/example_dags/example_branch_operator.py
[2024-12-18T13:57:03.015+0530] {processor.py:208} INFO - Processing /Users/kulyashdahiya/STUDY/DataEngineering/AirflowLearning/py_env/lib/python3.11/site-packages/airflow/example_dags/example_branch_operator.py took 0.073 seconds
[2024-12-18T14:14:30.358+0530] {logging_mixin.py:190} WARNING - /Users/kulyashdahiya/STUDY/DataEngineering/AirflowLearning/py_env/lib/python3.11/site-packages/airflow/settings.py:470 DeprecationWarning: The sql_alchemy_conn option in [core] has been moved to the sql_alchemy_conn option in [database] - the old setting has been used, but please update your config.
[2024-12-18T14:14:30.363+0530] {processor.py:186} INFO - Started process (PID=40602) to work on /Users/kulyashdahiya/STUDY/DataEngineering/AirflowLearning/py_env/lib/python3.11/site-packages/airflow/example_dags/example_branch_operator.py
[2024-12-18T14:14:30.364+0530] {processor.py:914} INFO - Processing file /Users/kulyashdahiya/STUDY/DataEngineering/AirflowLearning/py_env/lib/python3.11/site-packages/airflow/example_dags/example_branch_operator.py for tasks to queue
[2024-12-18T14:14:30.364+0530] {logging_mixin.py:190} INFO - [2024-12-18T14:14:30.364+0530] {dagbag.py:588} INFO - Filling up the DagBag from /Users/kulyashdahiya/STUDY/DataEngineering/AirflowLearning/py_env/lib/python3.11/site-packages/airflow/example_dags/example_branch_operator.py
[2024-12-18T14:14:30.376+0530] {processor.py:927} WARNING - No viable dags retrieved from /Users/kulyashdahiya/STUDY/DataEngineering/AirflowLearning/py_env/lib/python3.11/site-packages/airflow/example_dags/example_branch_operator.py
[2024-12-18T14:14:30.462+0530] {processor.py:208} INFO - Processing /Users/kulyashdahiya/STUDY/DataEngineering/AirflowLearning/py_env/lib/python3.11/site-packages/airflow/example_dags/example_branch_operator.py took 0.105 seconds
[2024-12-18T14:17:23.287+0530] {logging_mixin.py:190} WARNING - /Users/kulyashdahiya/STUDY/DataEngineering/AirflowLearning/py_env/lib/python3.11/site-packages/airflow/settings.py:470 DeprecationWarning: The sql_alchemy_conn option in [core] has been moved to the sql_alchemy_conn option in [database] - the old setting has been used, but please update your config.
[2024-12-18T14:17:23.292+0530] {processor.py:186} INFO - Started process (PID=40881) to work on /Users/kulyashdahiya/STUDY/DataEngineering/AirflowLearning/py_env/lib/python3.11/site-packages/airflow/example_dags/example_branch_operator.py
[2024-12-18T14:17:23.293+0530] {processor.py:914} INFO - Processing file /Users/kulyashdahiya/STUDY/DataEngineering/AirflowLearning/py_env/lib/python3.11/site-packages/airflow/example_dags/example_branch_operator.py for tasks to queue
[2024-12-18T14:17:23.293+0530] {logging_mixin.py:190} INFO - [2024-12-18T14:17:23.293+0530] {dagbag.py:588} INFO - Filling up the DagBag from /Users/kulyashdahiya/STUDY/DataEngineering/AirflowLearning/py_env/lib/python3.11/site-packages/airflow/example_dags/example_branch_operator.py
[2024-12-18T14:17:23.306+0530] {processor.py:927} WARNING - No viable dags retrieved from /Users/kulyashdahiya/STUDY/DataEngineering/AirflowLearning/py_env/lib/python3.11/site-packages/airflow/example_dags/example_branch_operator.py
[2024-12-18T14:17:23.388+0530] {processor.py:208} INFO - Processing /Users/kulyashdahiya/STUDY/DataEngineering/AirflowLearning/py_env/lib/python3.11/site-packages/airflow/example_dags/example_branch_operator.py took 0.103 seconds
[2024-12-18T14:20:07.236+0530] {logging_mixin.py:190} WARNING - /Users/kulyashdahiya/STUDY/DataEngineering/AirflowLearning/py_env/lib/python3.11/site-packages/airflow/settings.py:470 DeprecationWarning: The sql_alchemy_conn option in [core] has been moved to the sql_alchemy_conn option in [database] - the old setting has been used, but please update your config.
[2024-12-18T14:20:07.241+0530] {processor.py:186} INFO - Started process (PID=41096) to work on /Users/kulyashdahiya/STUDY/DataEngineering/AirflowLearning/py_env/lib/python3.11/site-packages/airflow/example_dags/example_branch_operator.py
[2024-12-18T14:20:07.241+0530] {processor.py:914} INFO - Processing file /Users/kulyashdahiya/STUDY/DataEngineering/AirflowLearning/py_env/lib/python3.11/site-packages/airflow/example_dags/example_branch_operator.py for tasks to queue
[2024-12-18T14:20:07.242+0530] {logging_mixin.py:190} INFO - [2024-12-18T14:20:07.242+0530] {dagbag.py:588} INFO - Filling up the DagBag from /Users/kulyashdahiya/STUDY/DataEngineering/AirflowLearning/py_env/lib/python3.11/site-packages/airflow/example_dags/example_branch_operator.py
[2024-12-18T14:20:07.254+0530] {processor.py:927} WARNING - No viable dags retrieved from /Users/kulyashdahiya/STUDY/DataEngineering/AirflowLearning/py_env/lib/python3.11/site-packages/airflow/example_dags/example_branch_operator.py
[2024-12-18T14:20:07.335+0530] {processor.py:208} INFO - Processing /Users/kulyashdahiya/STUDY/DataEngineering/AirflowLearning/py_env/lib/python3.11/site-packages/airflow/example_dags/example_branch_operator.py took 0.100 seconds
[2024-12-18T14:22:57.904+0530] {logging_mixin.py:190} WARNING - /Users/kulyashdahiya/STUDY/DataEngineering/AirflowLearning/py_env/lib/python3.11/site-packages/airflow/settings.py:470 DeprecationWarning: The sql_alchemy_conn option in [core] has been moved to the sql_alchemy_conn option in [database] - the old setting has been used, but please update your config.
[2024-12-18T14:22:57.907+0530] {processor.py:186} INFO - Started process (PID=41366) to work on /Users/kulyashdahiya/STUDY/DataEngineering/AirflowLearning/py_env/lib/python3.11/site-packages/airflow/example_dags/example_branch_operator.py
[2024-12-18T14:22:57.907+0530] {processor.py:914} INFO - Processing file /Users/kulyashdahiya/STUDY/DataEngineering/AirflowLearning/py_env/lib/python3.11/site-packages/airflow/example_dags/example_branch_operator.py for tasks to queue
[2024-12-18T14:22:57.908+0530] {logging_mixin.py:190} INFO - [2024-12-18T14:22:57.908+0530] {dagbag.py:588} INFO - Filling up the DagBag from /Users/kulyashdahiya/STUDY/DataEngineering/AirflowLearning/py_env/lib/python3.11/site-packages/airflow/example_dags/example_branch_operator.py
[2024-12-18T14:22:57.920+0530] {processor.py:927} WARNING - No viable dags retrieved from /Users/kulyashdahiya/STUDY/DataEngineering/AirflowLearning/py_env/lib/python3.11/site-packages/airflow/example_dags/example_branch_operator.py
[2024-12-18T14:22:58.011+0530] {processor.py:208} INFO - Processing /Users/kulyashdahiya/STUDY/DataEngineering/AirflowLearning/py_env/lib/python3.11/site-packages/airflow/example_dags/example_branch_operator.py took 0.108 seconds
[2024-12-18T14:25:47.997+0530] {logging_mixin.py:190} WARNING - /Users/kulyashdahiya/STUDY/DataEngineering/AirflowLearning/py_env/lib/python3.11/site-packages/airflow/settings.py:470 DeprecationWarning: The sql_alchemy_conn option in [core] has been moved to the sql_alchemy_conn option in [database] - the old setting has been used, but please update your config.
[2024-12-18T14:25:48.000+0530] {processor.py:186} INFO - Started process (PID=41591) to work on /Users/kulyashdahiya/STUDY/DataEngineering/AirflowLearning/py_env/lib/python3.11/site-packages/airflow/example_dags/example_branch_operator.py
[2024-12-18T14:25:48.000+0530] {processor.py:914} INFO - Processing file /Users/kulyashdahiya/STUDY/DataEngineering/AirflowLearning/py_env/lib/python3.11/site-packages/airflow/example_dags/example_branch_operator.py for tasks to queue
[2024-12-18T14:25:48.001+0530] {logging_mixin.py:190} INFO - [2024-12-18T14:25:48.001+0530] {dagbag.py:588} INFO - Filling up the DagBag from /Users/kulyashdahiya/STUDY/DataEngineering/AirflowLearning/py_env/lib/python3.11/site-packages/airflow/example_dags/example_branch_operator.py
[2024-12-18T14:25:48.012+0530] {processor.py:927} WARNING - No viable dags retrieved from /Users/kulyashdahiya/STUDY/DataEngineering/AirflowLearning/py_env/lib/python3.11/site-packages/airflow/example_dags/example_branch_operator.py
[2024-12-18T14:25:48.096+0530] {processor.py:208} INFO - Processing /Users/kulyashdahiya/STUDY/DataEngineering/AirflowLearning/py_env/lib/python3.11/site-packages/airflow/example_dags/example_branch_operator.py took 0.100 seconds
[2024-12-18T14:28:34.472+0530] {logging_mixin.py:190} WARNING - /Users/kulyashdahiya/STUDY/DataEngineering/AirflowLearning/py_env/lib/python3.11/site-packages/airflow/settings.py:470 DeprecationWarning: The sql_alchemy_conn option in [core] has been moved to the sql_alchemy_conn option in [database] - the old setting has been used, but please update your config.
[2024-12-18T14:28:34.475+0530] {processor.py:186} INFO - Started process (PID=41841) to work on /Users/kulyashdahiya/STUDY/DataEngineering/AirflowLearning/py_env/lib/python3.11/site-packages/airflow/example_dags/example_branch_operator.py
[2024-12-18T14:28:34.475+0530] {processor.py:914} INFO - Processing file /Users/kulyashdahiya/STUDY/DataEngineering/AirflowLearning/py_env/lib/python3.11/site-packages/airflow/example_dags/example_branch_operator.py for tasks to queue
[2024-12-18T14:28:34.476+0530] {logging_mixin.py:190} INFO - [2024-12-18T14:28:34.476+0530] {dagbag.py:588} INFO - Filling up the DagBag from /Users/kulyashdahiya/STUDY/DataEngineering/AirflowLearning/py_env/lib/python3.11/site-packages/airflow/example_dags/example_branch_operator.py
[2024-12-18T14:28:34.487+0530] {processor.py:927} WARNING - No viable dags retrieved from /Users/kulyashdahiya/STUDY/DataEngineering/AirflowLearning/py_env/lib/python3.11/site-packages/airflow/example_dags/example_branch_operator.py
[2024-12-18T14:28:34.569+0530] {processor.py:208} INFO - Processing /Users/kulyashdahiya/STUDY/DataEngineering/AirflowLearning/py_env/lib/python3.11/site-packages/airflow/example_dags/example_branch_operator.py took 0.098 seconds
[2024-12-18T14:31:21.287+0530] {logging_mixin.py:190} WARNING - /Users/kulyashdahiya/STUDY/DataEngineering/AirflowLearning/py_env/lib/python3.11/site-packages/airflow/settings.py:470 DeprecationWarning: The sql_alchemy_conn option in [core] has been moved to the sql_alchemy_conn option in [database] - the old setting has been used, but please update your config.
[2024-12-18T14:31:21.291+0530] {processor.py:186} INFO - Started process (PID=42062) to work on /Users/kulyashdahiya/STUDY/DataEngineering/AirflowLearning/py_env/lib/python3.11/site-packages/airflow/example_dags/example_branch_operator.py
[2024-12-18T14:31:21.292+0530] {processor.py:914} INFO - Processing file /Users/kulyashdahiya/STUDY/DataEngineering/AirflowLearning/py_env/lib/python3.11/site-packages/airflow/example_dags/example_branch_operator.py for tasks to queue
[2024-12-18T14:31:21.292+0530] {logging_mixin.py:190} INFO - [2024-12-18T14:31:21.292+0530] {dagbag.py:588} INFO - Filling up the DagBag from /Users/kulyashdahiya/STUDY/DataEngineering/AirflowLearning/py_env/lib/python3.11/site-packages/airflow/example_dags/example_branch_operator.py
[2024-12-18T14:31:21.305+0530] {processor.py:927} WARNING - No viable dags retrieved from /Users/kulyashdahiya/STUDY/DataEngineering/AirflowLearning/py_env/lib/python3.11/site-packages/airflow/example_dags/example_branch_operator.py
[2024-12-18T14:31:21.387+0530] {processor.py:208} INFO - Processing /Users/kulyashdahiya/STUDY/DataEngineering/AirflowLearning/py_env/lib/python3.11/site-packages/airflow/example_dags/example_branch_operator.py took 0.101 seconds
[2024-12-18T14:34:13.293+0530] {logging_mixin.py:190} WARNING - /Users/kulyashdahiya/STUDY/DataEngineering/AirflowLearning/py_env/lib/python3.11/site-packages/airflow/settings.py:470 DeprecationWarning: The sql_alchemy_conn option in [core] has been moved to the sql_alchemy_conn option in [database] - the old setting has been used, but please update your config.
[2024-12-18T14:34:13.297+0530] {processor.py:186} INFO - Started process (PID=42301) to work on /Users/kulyashdahiya/STUDY/DataEngineering/AirflowLearning/py_env/lib/python3.11/site-packages/airflow/example_dags/example_branch_operator.py
[2024-12-18T14:34:13.297+0530] {processor.py:914} INFO - Processing file /Users/kulyashdahiya/STUDY/DataEngineering/AirflowLearning/py_env/lib/python3.11/site-packages/airflow/example_dags/example_branch_operator.py for tasks to queue
[2024-12-18T14:34:13.298+0530] {logging_mixin.py:190} INFO - [2024-12-18T14:34:13.298+0530] {dagbag.py:588} INFO - Filling up the DagBag from /Users/kulyashdahiya/STUDY/DataEngineering/AirflowLearning/py_env/lib/python3.11/site-packages/airflow/example_dags/example_branch_operator.py
[2024-12-18T14:34:13.310+0530] {processor.py:927} WARNING - No viable dags retrieved from /Users/kulyashdahiya/STUDY/DataEngineering/AirflowLearning/py_env/lib/python3.11/site-packages/airflow/example_dags/example_branch_operator.py
[2024-12-18T14:34:13.405+0530] {processor.py:208} INFO - Processing /Users/kulyashdahiya/STUDY/DataEngineering/AirflowLearning/py_env/lib/python3.11/site-packages/airflow/example_dags/example_branch_operator.py took 0.112 seconds
[2024-12-18T14:37:05.224+0530] {logging_mixin.py:190} WARNING - /Users/kulyashdahiya/STUDY/DataEngineering/AirflowLearning/py_env/lib/python3.11/site-packages/airflow/settings.py:470 DeprecationWarning: The sql_alchemy_conn option in [core] has been moved to the sql_alchemy_conn option in [database] - the old setting has been used, but please update your config.
[2024-12-18T14:37:05.227+0530] {processor.py:186} INFO - Started process (PID=42559) to work on /Users/kulyashdahiya/STUDY/DataEngineering/AirflowLearning/py_env/lib/python3.11/site-packages/airflow/example_dags/example_branch_operator.py
[2024-12-18T14:37:05.227+0530] {processor.py:914} INFO - Processing file /Users/kulyashdahiya/STUDY/DataEngineering/AirflowLearning/py_env/lib/python3.11/site-packages/airflow/example_dags/example_branch_operator.py for tasks to queue
[2024-12-18T14:37:05.227+0530] {logging_mixin.py:190} INFO - [2024-12-18T14:37:05.227+0530] {dagbag.py:588} INFO - Filling up the DagBag from /Users/kulyashdahiya/STUDY/DataEngineering/AirflowLearning/py_env/lib/python3.11/site-packages/airflow/example_dags/example_branch_operator.py
[2024-12-18T14:37:05.239+0530] {processor.py:927} WARNING - No viable dags retrieved from /Users/kulyashdahiya/STUDY/DataEngineering/AirflowLearning/py_env/lib/python3.11/site-packages/airflow/example_dags/example_branch_operator.py
[2024-12-18T14:37:05.325+0530] {processor.py:208} INFO - Processing /Users/kulyashdahiya/STUDY/DataEngineering/AirflowLearning/py_env/lib/python3.11/site-packages/airflow/example_dags/example_branch_operator.py took 0.102 seconds
[2024-12-18T14:39:53.060+0530] {logging_mixin.py:190} WARNING - /Users/kulyashdahiya/STUDY/DataEngineering/AirflowLearning/py_env/lib/python3.11/site-packages/airflow/settings.py:470 DeprecationWarning: The sql_alchemy_conn option in [core] has been moved to the sql_alchemy_conn option in [database] - the old setting has been used, but please update your config.
[2024-12-18T14:39:53.063+0530] {processor.py:186} INFO - Started process (PID=42790) to work on /Users/kulyashdahiya/STUDY/DataEngineering/AirflowLearning/py_env/lib/python3.11/site-packages/airflow/example_dags/example_branch_operator.py
[2024-12-18T14:39:53.063+0530] {processor.py:914} INFO - Processing file /Users/kulyashdahiya/STUDY/DataEngineering/AirflowLearning/py_env/lib/python3.11/site-packages/airflow/example_dags/example_branch_operator.py for tasks to queue
[2024-12-18T14:39:53.064+0530] {logging_mixin.py:190} INFO - [2024-12-18T14:39:53.064+0530] {dagbag.py:588} INFO - Filling up the DagBag from /Users/kulyashdahiya/STUDY/DataEngineering/AirflowLearning/py_env/lib/python3.11/site-packages/airflow/example_dags/example_branch_operator.py
[2024-12-18T14:39:53.075+0530] {processor.py:927} WARNING - No viable dags retrieved from /Users/kulyashdahiya/STUDY/DataEngineering/AirflowLearning/py_env/lib/python3.11/site-packages/airflow/example_dags/example_branch_operator.py
[2024-12-18T14:39:53.156+0530] {processor.py:208} INFO - Processing /Users/kulyashdahiya/STUDY/DataEngineering/AirflowLearning/py_env/lib/python3.11/site-packages/airflow/example_dags/example_branch_operator.py took 0.097 seconds
[2024-12-18T14:42:41.617+0530] {logging_mixin.py:190} WARNING - /Users/kulyashdahiya/STUDY/DataEngineering/AirflowLearning/py_env/lib/python3.11/site-packages/airflow/settings.py:470 DeprecationWarning: The sql_alchemy_conn option in [core] has been moved to the sql_alchemy_conn option in [database] - the old setting has been used, but please update your config.
[2024-12-18T14:42:41.620+0530] {processor.py:186} INFO - Started process (PID=43021) to work on /Users/kulyashdahiya/STUDY/DataEngineering/AirflowLearning/py_env/lib/python3.11/site-packages/airflow/example_dags/example_branch_operator.py
[2024-12-18T14:42:41.620+0530] {processor.py:914} INFO - Processing file /Users/kulyashdahiya/STUDY/DataEngineering/AirflowLearning/py_env/lib/python3.11/site-packages/airflow/example_dags/example_branch_operator.py for tasks to queue
[2024-12-18T14:42:41.621+0530] {logging_mixin.py:190} INFO - [2024-12-18T14:42:41.621+0530] {dagbag.py:588} INFO - Filling up the DagBag from /Users/kulyashdahiya/STUDY/DataEngineering/AirflowLearning/py_env/lib/python3.11/site-packages/airflow/example_dags/example_branch_operator.py
[2024-12-18T14:42:41.632+0530] {processor.py:927} WARNING - No viable dags retrieved from /Users/kulyashdahiya/STUDY/DataEngineering/AirflowLearning/py_env/lib/python3.11/site-packages/airflow/example_dags/example_branch_operator.py
[2024-12-18T14:42:41.718+0530] {processor.py:208} INFO - Processing /Users/kulyashdahiya/STUDY/DataEngineering/AirflowLearning/py_env/lib/python3.11/site-packages/airflow/example_dags/example_branch_operator.py took 0.102 seconds
[2024-12-18T14:45:30.482+0530] {logging_mixin.py:190} WARNING - /Users/kulyashdahiya/STUDY/DataEngineering/AirflowLearning/py_env/lib/python3.11/site-packages/airflow/settings.py:470 DeprecationWarning: The sql_alchemy_conn option in [core] has been moved to the sql_alchemy_conn option in [database] - the old setting has been used, but please update your config.
[2024-12-18T14:45:30.485+0530] {processor.py:186} INFO - Started process (PID=43244) to work on /Users/kulyashdahiya/STUDY/DataEngineering/AirflowLearning/py_env/lib/python3.11/site-packages/airflow/example_dags/example_branch_operator.py
[2024-12-18T14:45:30.486+0530] {processor.py:914} INFO - Processing file /Users/kulyashdahiya/STUDY/DataEngineering/AirflowLearning/py_env/lib/python3.11/site-packages/airflow/example_dags/example_branch_operator.py for tasks to queue
[2024-12-18T14:45:30.486+0530] {logging_mixin.py:190} INFO - [2024-12-18T14:45:30.486+0530] {dagbag.py:588} INFO - Filling up the DagBag from /Users/kulyashdahiya/STUDY/DataEngineering/AirflowLearning/py_env/lib/python3.11/site-packages/airflow/example_dags/example_branch_operator.py
[2024-12-18T14:45:30.498+0530] {processor.py:927} WARNING - No viable dags retrieved from /Users/kulyashdahiya/STUDY/DataEngineering/AirflowLearning/py_env/lib/python3.11/site-packages/airflow/example_dags/example_branch_operator.py
[2024-12-18T14:45:30.594+0530] {processor.py:208} INFO - Processing /Users/kulyashdahiya/STUDY/DataEngineering/AirflowLearning/py_env/lib/python3.11/site-packages/airflow/example_dags/example_branch_operator.py took 0.113 seconds
[2024-12-18T14:48:16.447+0530] {logging_mixin.py:190} WARNING - /Users/kulyashdahiya/STUDY/DataEngineering/AirflowLearning/py_env/lib/python3.11/site-packages/airflow/settings.py:470 DeprecationWarning: The sql_alchemy_conn option in [core] has been moved to the sql_alchemy_conn option in [database] - the old setting has been used, but please update your config.
[2024-12-18T14:48:16.450+0530] {processor.py:186} INFO - Started process (PID=43466) to work on /Users/kulyashdahiya/STUDY/DataEngineering/AirflowLearning/py_env/lib/python3.11/site-packages/airflow/example_dags/example_branch_operator.py
[2024-12-18T14:48:16.450+0530] {processor.py:914} INFO - Processing file /Users/kulyashdahiya/STUDY/DataEngineering/AirflowLearning/py_env/lib/python3.11/site-packages/airflow/example_dags/example_branch_operator.py for tasks to queue
[2024-12-18T14:48:16.450+0530] {logging_mixin.py:190} INFO - [2024-12-18T14:48:16.450+0530] {dagbag.py:588} INFO - Filling up the DagBag from /Users/kulyashdahiya/STUDY/DataEngineering/AirflowLearning/py_env/lib/python3.11/site-packages/airflow/example_dags/example_branch_operator.py
[2024-12-18T14:48:16.461+0530] {processor.py:927} WARNING - No viable dags retrieved from /Users/kulyashdahiya/STUDY/DataEngineering/AirflowLearning/py_env/lib/python3.11/site-packages/airflow/example_dags/example_branch_operator.py
[2024-12-18T14:48:16.544+0530] {processor.py:208} INFO - Processing /Users/kulyashdahiya/STUDY/DataEngineering/AirflowLearning/py_env/lib/python3.11/site-packages/airflow/example_dags/example_branch_operator.py took 0.098 seconds
[2024-12-18T14:51:07.686+0530] {logging_mixin.py:190} WARNING - /Users/kulyashdahiya/STUDY/DataEngineering/AirflowLearning/py_env/lib/python3.11/site-packages/airflow/settings.py:470 DeprecationWarning: The sql_alchemy_conn option in [core] has been moved to the sql_alchemy_conn option in [database] - the old setting has been used, but please update your config.
[2024-12-18T14:51:07.689+0530] {processor.py:186} INFO - Started process (PID=43716) to work on /Users/kulyashdahiya/STUDY/DataEngineering/AirflowLearning/py_env/lib/python3.11/site-packages/airflow/example_dags/example_branch_operator.py
[2024-12-18T14:51:07.689+0530] {processor.py:914} INFO - Processing file /Users/kulyashdahiya/STUDY/DataEngineering/AirflowLearning/py_env/lib/python3.11/site-packages/airflow/example_dags/example_branch_operator.py for tasks to queue
[2024-12-18T14:51:07.690+0530] {logging_mixin.py:190} INFO - [2024-12-18T14:51:07.689+0530] {dagbag.py:588} INFO - Filling up the DagBag from /Users/kulyashdahiya/STUDY/DataEngineering/AirflowLearning/py_env/lib/python3.11/site-packages/airflow/example_dags/example_branch_operator.py
[2024-12-18T14:51:07.701+0530] {processor.py:927} WARNING - No viable dags retrieved from /Users/kulyashdahiya/STUDY/DataEngineering/AirflowLearning/py_env/lib/python3.11/site-packages/airflow/example_dags/example_branch_operator.py
[2024-12-18T14:51:07.782+0530] {processor.py:208} INFO - Processing /Users/kulyashdahiya/STUDY/DataEngineering/AirflowLearning/py_env/lib/python3.11/site-packages/airflow/example_dags/example_branch_operator.py took 0.097 seconds
[2024-12-18T14:53:58.582+0530] {logging_mixin.py:190} WARNING - /Users/kulyashdahiya/STUDY/DataEngineering/AirflowLearning/py_env/lib/python3.11/site-packages/airflow/settings.py:470 DeprecationWarning: The sql_alchemy_conn option in [core] has been moved to the sql_alchemy_conn option in [database] - the old setting has been used, but please update your config.
[2024-12-18T14:53:58.585+0530] {processor.py:186} INFO - Started process (PID=43943) to work on /Users/kulyashdahiya/STUDY/DataEngineering/AirflowLearning/py_env/lib/python3.11/site-packages/airflow/example_dags/example_branch_operator.py
[2024-12-18T14:53:58.585+0530] {processor.py:914} INFO - Processing file /Users/kulyashdahiya/STUDY/DataEngineering/AirflowLearning/py_env/lib/python3.11/site-packages/airflow/example_dags/example_branch_operator.py for tasks to queue
[2024-12-18T14:53:58.586+0530] {logging_mixin.py:190} INFO - [2024-12-18T14:53:58.586+0530] {dagbag.py:588} INFO - Filling up the DagBag from /Users/kulyashdahiya/STUDY/DataEngineering/AirflowLearning/py_env/lib/python3.11/site-packages/airflow/example_dags/example_branch_operator.py
[2024-12-18T14:53:58.597+0530] {processor.py:927} WARNING - No viable dags retrieved from /Users/kulyashdahiya/STUDY/DataEngineering/AirflowLearning/py_env/lib/python3.11/site-packages/airflow/example_dags/example_branch_operator.py
[2024-12-18T14:53:58.689+0530] {processor.py:208} INFO - Processing /Users/kulyashdahiya/STUDY/DataEngineering/AirflowLearning/py_env/lib/python3.11/site-packages/airflow/example_dags/example_branch_operator.py took 0.108 seconds
[2024-12-18T14:56:49.295+0530] {logging_mixin.py:190} WARNING - /Users/kulyashdahiya/STUDY/DataEngineering/AirflowLearning/py_env/lib/python3.11/site-packages/airflow/settings.py:470 DeprecationWarning: The sql_alchemy_conn option in [core] has been moved to the sql_alchemy_conn option in [database] - the old setting has been used, but please update your config.
[2024-12-18T14:56:49.298+0530] {processor.py:186} INFO - Started process (PID=44206) to work on /Users/kulyashdahiya/STUDY/DataEngineering/AirflowLearning/py_env/lib/python3.11/site-packages/airflow/example_dags/example_branch_operator.py
[2024-12-18T14:56:49.298+0530] {processor.py:914} INFO - Processing file /Users/kulyashdahiya/STUDY/DataEngineering/AirflowLearning/py_env/lib/python3.11/site-packages/airflow/example_dags/example_branch_operator.py for tasks to queue
[2024-12-18T14:56:49.299+0530] {logging_mixin.py:190} INFO - [2024-12-18T14:56:49.299+0530] {dagbag.py:588} INFO - Filling up the DagBag from /Users/kulyashdahiya/STUDY/DataEngineering/AirflowLearning/py_env/lib/python3.11/site-packages/airflow/example_dags/example_branch_operator.py
[2024-12-18T14:56:49.310+0530] {processor.py:927} WARNING - No viable dags retrieved from /Users/kulyashdahiya/STUDY/DataEngineering/AirflowLearning/py_env/lib/python3.11/site-packages/airflow/example_dags/example_branch_operator.py
[2024-12-18T14:56:49.396+0530] {processor.py:208} INFO - Processing /Users/kulyashdahiya/STUDY/DataEngineering/AirflowLearning/py_env/lib/python3.11/site-packages/airflow/example_dags/example_branch_operator.py took 0.102 seconds
[2024-12-18T14:59:37.085+0530] {logging_mixin.py:190} WARNING - /Users/kulyashdahiya/STUDY/DataEngineering/AirflowLearning/py_env/lib/python3.11/site-packages/airflow/settings.py:470 DeprecationWarning: The sql_alchemy_conn option in [core] has been moved to the sql_alchemy_conn option in [database] - the old setting has been used, but please update your config.
[2024-12-18T14:59:37.090+0530] {processor.py:186} INFO - Started process (PID=44426) to work on /Users/kulyashdahiya/STUDY/DataEngineering/AirflowLearning/py_env/lib/python3.11/site-packages/airflow/example_dags/example_branch_operator.py
[2024-12-18T14:59:37.090+0530] {processor.py:914} INFO - Processing file /Users/kulyashdahiya/STUDY/DataEngineering/AirflowLearning/py_env/lib/python3.11/site-packages/airflow/example_dags/example_branch_operator.py for tasks to queue
[2024-12-18T14:59:37.090+0530] {logging_mixin.py:190} INFO - [2024-12-18T14:59:37.090+0530] {dagbag.py:588} INFO - Filling up the DagBag from /Users/kulyashdahiya/STUDY/DataEngineering/AirflowLearning/py_env/lib/python3.11/site-packages/airflow/example_dags/example_branch_operator.py
[2024-12-18T14:59:37.103+0530] {processor.py:927} WARNING - No viable dags retrieved from /Users/kulyashdahiya/STUDY/DataEngineering/AirflowLearning/py_env/lib/python3.11/site-packages/airflow/example_dags/example_branch_operator.py
[2024-12-18T14:59:37.187+0530] {processor.py:208} INFO - Processing /Users/kulyashdahiya/STUDY/DataEngineering/AirflowLearning/py_env/lib/python3.11/site-packages/airflow/example_dags/example_branch_operator.py took 0.103 seconds
[2024-12-18T15:02:21.461+0530] {logging_mixin.py:190} WARNING - /Users/kulyashdahiya/STUDY/DataEngineering/AirflowLearning/py_env/lib/python3.11/site-packages/airflow/settings.py:470 DeprecationWarning: The sql_alchemy_conn option in [core] has been moved to the sql_alchemy_conn option in [database] - the old setting has been used, but please update your config.
[2024-12-18T15:02:21.464+0530] {processor.py:186} INFO - Started process (PID=44660) to work on /Users/kulyashdahiya/STUDY/DataEngineering/AirflowLearning/py_env/lib/python3.11/site-packages/airflow/example_dags/example_branch_operator.py
[2024-12-18T15:02:21.465+0530] {processor.py:914} INFO - Processing file /Users/kulyashdahiya/STUDY/DataEngineering/AirflowLearning/py_env/lib/python3.11/site-packages/airflow/example_dags/example_branch_operator.py for tasks to queue
[2024-12-18T15:02:21.465+0530] {logging_mixin.py:190} INFO - [2024-12-18T15:02:21.465+0530] {dagbag.py:588} INFO - Filling up the DagBag from /Users/kulyashdahiya/STUDY/DataEngineering/AirflowLearning/py_env/lib/python3.11/site-packages/airflow/example_dags/example_branch_operator.py
[2024-12-18T15:02:21.477+0530] {processor.py:927} WARNING - No viable dags retrieved from /Users/kulyashdahiya/STUDY/DataEngineering/AirflowLearning/py_env/lib/python3.11/site-packages/airflow/example_dags/example_branch_operator.py
[2024-12-18T15:02:21.567+0530] {processor.py:208} INFO - Processing /Users/kulyashdahiya/STUDY/DataEngineering/AirflowLearning/py_env/lib/python3.11/site-packages/airflow/example_dags/example_branch_operator.py took 0.106 seconds
[2024-12-18T15:05:08.912+0530] {logging_mixin.py:190} WARNING - /Users/kulyashdahiya/STUDY/DataEngineering/AirflowLearning/py_env/lib/python3.11/site-packages/airflow/settings.py:470 DeprecationWarning: The sql_alchemy_conn option in [core] has been moved to the sql_alchemy_conn option in [database] - the old setting has been used, but please update your config.
[2024-12-18T15:05:08.915+0530] {processor.py:186} INFO - Started process (PID=44875) to work on /Users/kulyashdahiya/STUDY/DataEngineering/AirflowLearning/py_env/lib/python3.11/site-packages/airflow/example_dags/example_branch_operator.py
[2024-12-18T15:05:08.915+0530] {processor.py:914} INFO - Processing file /Users/kulyashdahiya/STUDY/DataEngineering/AirflowLearning/py_env/lib/python3.11/site-packages/airflow/example_dags/example_branch_operator.py for tasks to queue
[2024-12-18T15:05:08.916+0530] {logging_mixin.py:190} INFO - [2024-12-18T15:05:08.915+0530] {dagbag.py:588} INFO - Filling up the DagBag from /Users/kulyashdahiya/STUDY/DataEngineering/AirflowLearning/py_env/lib/python3.11/site-packages/airflow/example_dags/example_branch_operator.py
[2024-12-18T15:05:08.926+0530] {processor.py:927} WARNING - No viable dags retrieved from /Users/kulyashdahiya/STUDY/DataEngineering/AirflowLearning/py_env/lib/python3.11/site-packages/airflow/example_dags/example_branch_operator.py
[2024-12-18T15:05:09.009+0530] {processor.py:208} INFO - Processing /Users/kulyashdahiya/STUDY/DataEngineering/AirflowLearning/py_env/lib/python3.11/site-packages/airflow/example_dags/example_branch_operator.py took 0.098 seconds
[2024-12-18T15:07:59.169+0530] {logging_mixin.py:190} WARNING - /Users/kulyashdahiya/STUDY/DataEngineering/AirflowLearning/py_env/lib/python3.11/site-packages/airflow/settings.py:470 DeprecationWarning: The sql_alchemy_conn option in [core] has been moved to the sql_alchemy_conn option in [database] - the old setting has been used, but please update your config.
[2024-12-18T15:07:59.174+0530] {processor.py:186} INFO - Started process (PID=45103) to work on /Users/kulyashdahiya/STUDY/DataEngineering/AirflowLearning/py_env/lib/python3.11/site-packages/airflow/example_dags/example_branch_operator.py
[2024-12-18T15:07:59.174+0530] {processor.py:914} INFO - Processing file /Users/kulyashdahiya/STUDY/DataEngineering/AirflowLearning/py_env/lib/python3.11/site-packages/airflow/example_dags/example_branch_operator.py for tasks to queue
[2024-12-18T15:07:59.174+0530] {logging_mixin.py:190} INFO - [2024-12-18T15:07:59.174+0530] {dagbag.py:588} INFO - Filling up the DagBag from /Users/kulyashdahiya/STUDY/DataEngineering/AirflowLearning/py_env/lib/python3.11/site-packages/airflow/example_dags/example_branch_operator.py
[2024-12-18T15:07:59.186+0530] {processor.py:927} WARNING - No viable dags retrieved from /Users/kulyashdahiya/STUDY/DataEngineering/AirflowLearning/py_env/lib/python3.11/site-packages/airflow/example_dags/example_branch_operator.py
[2024-12-18T15:07:59.278+0530] {processor.py:208} INFO - Processing /Users/kulyashdahiya/STUDY/DataEngineering/AirflowLearning/py_env/lib/python3.11/site-packages/airflow/example_dags/example_branch_operator.py took 0.110 seconds
[2024-12-18T15:10:47.266+0530] {logging_mixin.py:190} WARNING - /Users/kulyashdahiya/STUDY/DataEngineering/AirflowLearning/py_env/lib/python3.11/site-packages/airflow/settings.py:470 DeprecationWarning: The sql_alchemy_conn option in [core] has been moved to the sql_alchemy_conn option in [database] - the old setting has been used, but please update your config.
[2024-12-18T15:10:47.269+0530] {processor.py:186} INFO - Started process (PID=45334) to work on /Users/kulyashdahiya/STUDY/DataEngineering/AirflowLearning/py_env/lib/python3.11/site-packages/airflow/example_dags/example_branch_operator.py
[2024-12-18T15:10:47.269+0530] {processor.py:914} INFO - Processing file /Users/kulyashdahiya/STUDY/DataEngineering/AirflowLearning/py_env/lib/python3.11/site-packages/airflow/example_dags/example_branch_operator.py for tasks to queue
[2024-12-18T15:10:47.270+0530] {logging_mixin.py:190} INFO - [2024-12-18T15:10:47.270+0530] {dagbag.py:588} INFO - Filling up the DagBag from /Users/kulyashdahiya/STUDY/DataEngineering/AirflowLearning/py_env/lib/python3.11/site-packages/airflow/example_dags/example_branch_operator.py
[2024-12-18T15:10:47.283+0530] {processor.py:927} WARNING - No viable dags retrieved from /Users/kulyashdahiya/STUDY/DataEngineering/AirflowLearning/py_env/lib/python3.11/site-packages/airflow/example_dags/example_branch_operator.py
[2024-12-18T15:10:47.371+0530] {processor.py:208} INFO - Processing /Users/kulyashdahiya/STUDY/DataEngineering/AirflowLearning/py_env/lib/python3.11/site-packages/airflow/example_dags/example_branch_operator.py took 0.107 seconds
[2024-12-18T15:13:34.456+0530] {logging_mixin.py:190} WARNING - /Users/kulyashdahiya/STUDY/DataEngineering/AirflowLearning/py_env/lib/python3.11/site-packages/airflow/settings.py:470 DeprecationWarning: The sql_alchemy_conn option in [core] has been moved to the sql_alchemy_conn option in [database] - the old setting has been used, but please update your config.
[2024-12-18T15:13:34.460+0530] {processor.py:186} INFO - Started process (PID=45596) to work on /Users/kulyashdahiya/STUDY/DataEngineering/AirflowLearning/py_env/lib/python3.11/site-packages/airflow/example_dags/example_branch_operator.py
[2024-12-18T15:13:34.460+0530] {processor.py:914} INFO - Processing file /Users/kulyashdahiya/STUDY/DataEngineering/AirflowLearning/py_env/lib/python3.11/site-packages/airflow/example_dags/example_branch_operator.py for tasks to queue
[2024-12-18T15:13:34.461+0530] {logging_mixin.py:190} INFO - [2024-12-18T15:13:34.460+0530] {dagbag.py:588} INFO - Filling up the DagBag from /Users/kulyashdahiya/STUDY/DataEngineering/AirflowLearning/py_env/lib/python3.11/site-packages/airflow/example_dags/example_branch_operator.py
[2024-12-18T15:13:34.473+0530] {processor.py:927} WARNING - No viable dags retrieved from /Users/kulyashdahiya/STUDY/DataEngineering/AirflowLearning/py_env/lib/python3.11/site-packages/airflow/example_dags/example_branch_operator.py
[2024-12-18T15:13:34.560+0530] {processor.py:208} INFO - Processing /Users/kulyashdahiya/STUDY/DataEngineering/AirflowLearning/py_env/lib/python3.11/site-packages/airflow/example_dags/example_branch_operator.py took 0.105 seconds
[2024-12-18T15:16:25.557+0530] {logging_mixin.py:190} WARNING - /Users/kulyashdahiya/STUDY/DataEngineering/AirflowLearning/py_env/lib/python3.11/site-packages/airflow/settings.py:470 DeprecationWarning: The sql_alchemy_conn option in [core] has been moved to the sql_alchemy_conn option in [database] - the old setting has been used, but please update your config.
[2024-12-18T15:16:25.561+0530] {processor.py:186} INFO - Started process (PID=45828) to work on /Users/kulyashdahiya/STUDY/DataEngineering/AirflowLearning/py_env/lib/python3.11/site-packages/airflow/example_dags/example_branch_operator.py
[2024-12-18T15:16:25.561+0530] {processor.py:914} INFO - Processing file /Users/kulyashdahiya/STUDY/DataEngineering/AirflowLearning/py_env/lib/python3.11/site-packages/airflow/example_dags/example_branch_operator.py for tasks to queue
[2024-12-18T15:16:25.562+0530] {logging_mixin.py:190} INFO - [2024-12-18T15:16:25.562+0530] {dagbag.py:588} INFO - Filling up the DagBag from /Users/kulyashdahiya/STUDY/DataEngineering/AirflowLearning/py_env/lib/python3.11/site-packages/airflow/example_dags/example_branch_operator.py
[2024-12-18T15:16:25.572+0530] {processor.py:927} WARNING - No viable dags retrieved from /Users/kulyashdahiya/STUDY/DataEngineering/AirflowLearning/py_env/lib/python3.11/site-packages/airflow/example_dags/example_branch_operator.py
[2024-12-18T15:16:25.645+0530] {processor.py:208} INFO - Processing /Users/kulyashdahiya/STUDY/DataEngineering/AirflowLearning/py_env/lib/python3.11/site-packages/airflow/example_dags/example_branch_operator.py took 0.089 seconds
[2024-12-18T15:19:15.781+0530] {logging_mixin.py:190} WARNING - /Users/kulyashdahiya/STUDY/DataEngineering/AirflowLearning/py_env/lib/python3.11/site-packages/airflow/settings.py:470 DeprecationWarning: The sql_alchemy_conn option in [core] has been moved to the sql_alchemy_conn option in [database] - the old setting has been used, but please update your config.
[2024-12-18T15:19:15.784+0530] {processor.py:186} INFO - Started process (PID=46058) to work on /Users/kulyashdahiya/STUDY/DataEngineering/AirflowLearning/py_env/lib/python3.11/site-packages/airflow/example_dags/example_branch_operator.py
[2024-12-18T15:19:15.784+0530] {processor.py:914} INFO - Processing file /Users/kulyashdahiya/STUDY/DataEngineering/AirflowLearning/py_env/lib/python3.11/site-packages/airflow/example_dags/example_branch_operator.py for tasks to queue
[2024-12-18T15:19:15.785+0530] {logging_mixin.py:190} INFO - [2024-12-18T15:19:15.784+0530] {dagbag.py:588} INFO - Filling up the DagBag from /Users/kulyashdahiya/STUDY/DataEngineering/AirflowLearning/py_env/lib/python3.11/site-packages/airflow/example_dags/example_branch_operator.py
[2024-12-18T15:19:15.797+0530] {processor.py:927} WARNING - No viable dags retrieved from /Users/kulyashdahiya/STUDY/DataEngineering/AirflowLearning/py_env/lib/python3.11/site-packages/airflow/example_dags/example_branch_operator.py
[2024-12-18T15:19:15.887+0530] {processor.py:208} INFO - Processing /Users/kulyashdahiya/STUDY/DataEngineering/AirflowLearning/py_env/lib/python3.11/site-packages/airflow/example_dags/example_branch_operator.py took 0.107 seconds
[2024-12-18T15:22:05.564+0530] {logging_mixin.py:190} WARNING - /Users/kulyashdahiya/STUDY/DataEngineering/AirflowLearning/py_env/lib/python3.11/site-packages/airflow/settings.py:470 DeprecationWarning: The sql_alchemy_conn option in [core] has been moved to the sql_alchemy_conn option in [database] - the old setting has been used, but please update your config.
[2024-12-18T15:22:05.567+0530] {processor.py:186} INFO - Started process (PID=46299) to work on /Users/kulyashdahiya/STUDY/DataEngineering/AirflowLearning/py_env/lib/python3.11/site-packages/airflow/example_dags/example_branch_operator.py
[2024-12-18T15:22:05.567+0530] {processor.py:914} INFO - Processing file /Users/kulyashdahiya/STUDY/DataEngineering/AirflowLearning/py_env/lib/python3.11/site-packages/airflow/example_dags/example_branch_operator.py for tasks to queue
[2024-12-18T15:22:05.568+0530] {logging_mixin.py:190} INFO - [2024-12-18T15:22:05.568+0530] {dagbag.py:588} INFO - Filling up the DagBag from /Users/kulyashdahiya/STUDY/DataEngineering/AirflowLearning/py_env/lib/python3.11/site-packages/airflow/example_dags/example_branch_operator.py
[2024-12-18T15:22:05.579+0530] {processor.py:927} WARNING - No viable dags retrieved from /Users/kulyashdahiya/STUDY/DataEngineering/AirflowLearning/py_env/lib/python3.11/site-packages/airflow/example_dags/example_branch_operator.py
[2024-12-18T15:22:05.669+0530] {processor.py:208} INFO - Processing /Users/kulyashdahiya/STUDY/DataEngineering/AirflowLearning/py_env/lib/python3.11/site-packages/airflow/example_dags/example_branch_operator.py took 0.105 seconds
[2024-12-18T15:31:28.318+0530] {logging_mixin.py:190} WARNING - /Users/kulyashdahiya/STUDY/DataEngineering/AirflowLearning/py_env/lib/python3.11/site-packages/airflow/settings.py:470 DeprecationWarning: The sql_alchemy_conn option in [core] has been moved to the sql_alchemy_conn option in [database] - the old setting has been used, but please update your config.
[2024-12-18T15:31:28.321+0530] {processor.py:186} INFO - Started process (PID=46614) to work on /Users/kulyashdahiya/STUDY/DataEngineering/AirflowLearning/py_env/lib/python3.11/site-packages/airflow/example_dags/example_branch_operator.py
[2024-12-18T15:31:28.321+0530] {processor.py:914} INFO - Processing file /Users/kulyashdahiya/STUDY/DataEngineering/AirflowLearning/py_env/lib/python3.11/site-packages/airflow/example_dags/example_branch_operator.py for tasks to queue
[2024-12-18T15:31:28.322+0530] {logging_mixin.py:190} INFO - [2024-12-18T15:31:28.322+0530] {dagbag.py:588} INFO - Filling up the DagBag from /Users/kulyashdahiya/STUDY/DataEngineering/AirflowLearning/py_env/lib/python3.11/site-packages/airflow/example_dags/example_branch_operator.py
[2024-12-18T15:31:28.334+0530] {processor.py:927} WARNING - No viable dags retrieved from /Users/kulyashdahiya/STUDY/DataEngineering/AirflowLearning/py_env/lib/python3.11/site-packages/airflow/example_dags/example_branch_operator.py
[2024-12-18T15:31:28.424+0530] {processor.py:208} INFO - Processing /Users/kulyashdahiya/STUDY/DataEngineering/AirflowLearning/py_env/lib/python3.11/site-packages/airflow/example_dags/example_branch_operator.py took 0.108 seconds
[2024-12-18T15:34:16.169+0530] {logging_mixin.py:190} WARNING - /Users/kulyashdahiya/STUDY/DataEngineering/AirflowLearning/py_env/lib/python3.11/site-packages/airflow/settings.py:470 DeprecationWarning: The sql_alchemy_conn option in [core] has been moved to the sql_alchemy_conn option in [database] - the old setting has been used, but please update your config.
[2024-12-18T15:34:16.171+0530] {processor.py:186} INFO - Started process (PID=46844) to work on /Users/kulyashdahiya/STUDY/DataEngineering/AirflowLearning/py_env/lib/python3.11/site-packages/airflow/example_dags/example_branch_operator.py
[2024-12-18T15:34:16.172+0530] {processor.py:914} INFO - Processing file /Users/kulyashdahiya/STUDY/DataEngineering/AirflowLearning/py_env/lib/python3.11/site-packages/airflow/example_dags/example_branch_operator.py for tasks to queue
[2024-12-18T15:34:16.172+0530] {logging_mixin.py:190} INFO - [2024-12-18T15:34:16.172+0530] {dagbag.py:588} INFO - Filling up the DagBag from /Users/kulyashdahiya/STUDY/DataEngineering/AirflowLearning/py_env/lib/python3.11/site-packages/airflow/example_dags/example_branch_operator.py
[2024-12-18T15:34:16.183+0530] {processor.py:927} WARNING - No viable dags retrieved from /Users/kulyashdahiya/STUDY/DataEngineering/AirflowLearning/py_env/lib/python3.11/site-packages/airflow/example_dags/example_branch_operator.py
[2024-12-18T15:34:16.266+0530] {processor.py:208} INFO - Processing /Users/kulyashdahiya/STUDY/DataEngineering/AirflowLearning/py_env/lib/python3.11/site-packages/airflow/example_dags/example_branch_operator.py took 0.098 seconds
[2024-12-18T15:37:02.594+0530] {logging_mixin.py:190} WARNING - /Users/kulyashdahiya/STUDY/DataEngineering/AirflowLearning/py_env/lib/python3.11/site-packages/airflow/settings.py:470 DeprecationWarning: The sql_alchemy_conn option in [core] has been moved to the sql_alchemy_conn option in [database] - the old setting has been used, but please update your config.
[2024-12-18T15:37:02.596+0530] {processor.py:186} INFO - Started process (PID=47071) to work on /Users/kulyashdahiya/STUDY/DataEngineering/AirflowLearning/py_env/lib/python3.11/site-packages/airflow/example_dags/example_branch_operator.py
[2024-12-18T15:37:02.596+0530] {processor.py:914} INFO - Processing file /Users/kulyashdahiya/STUDY/DataEngineering/AirflowLearning/py_env/lib/python3.11/site-packages/airflow/example_dags/example_branch_operator.py for tasks to queue
[2024-12-18T15:37:02.597+0530] {logging_mixin.py:190} INFO - [2024-12-18T15:37:02.597+0530] {dagbag.py:588} INFO - Filling up the DagBag from /Users/kulyashdahiya/STUDY/DataEngineering/AirflowLearning/py_env/lib/python3.11/site-packages/airflow/example_dags/example_branch_operator.py
[2024-12-18T15:37:02.608+0530] {processor.py:927} WARNING - No viable dags retrieved from /Users/kulyashdahiya/STUDY/DataEngineering/AirflowLearning/py_env/lib/python3.11/site-packages/airflow/example_dags/example_branch_operator.py
[2024-12-18T15:37:02.691+0530] {processor.py:208} INFO - Processing /Users/kulyashdahiya/STUDY/DataEngineering/AirflowLearning/py_env/lib/python3.11/site-packages/airflow/example_dags/example_branch_operator.py took 0.098 seconds
[2024-12-18T15:39:45.068+0530] {logging_mixin.py:190} WARNING - /Users/kulyashdahiya/STUDY/DataEngineering/AirflowLearning/py_env/lib/python3.11/site-packages/airflow/settings.py:470 DeprecationWarning: The sql_alchemy_conn option in [core] has been moved to the sql_alchemy_conn option in [database] - the old setting has been used, but please update your config.
[2024-12-18T15:39:45.071+0530] {processor.py:186} INFO - Started process (PID=47289) to work on /Users/kulyashdahiya/STUDY/DataEngineering/AirflowLearning/py_env/lib/python3.11/site-packages/airflow/example_dags/example_branch_operator.py
[2024-12-18T15:39:45.071+0530] {processor.py:914} INFO - Processing file /Users/kulyashdahiya/STUDY/DataEngineering/AirflowLearning/py_env/lib/python3.11/site-packages/airflow/example_dags/example_branch_operator.py for tasks to queue
[2024-12-18T15:39:45.072+0530] {logging_mixin.py:190} INFO - [2024-12-18T15:39:45.072+0530] {dagbag.py:588} INFO - Filling up the DagBag from /Users/kulyashdahiya/STUDY/DataEngineering/AirflowLearning/py_env/lib/python3.11/site-packages/airflow/example_dags/example_branch_operator.py
[2024-12-18T15:39:45.083+0530] {processor.py:927} WARNING - No viable dags retrieved from /Users/kulyashdahiya/STUDY/DataEngineering/AirflowLearning/py_env/lib/python3.11/site-packages/airflow/example_dags/example_branch_operator.py
[2024-12-18T15:39:45.166+0530] {processor.py:208} INFO - Processing /Users/kulyashdahiya/STUDY/DataEngineering/AirflowLearning/py_env/lib/python3.11/site-packages/airflow/example_dags/example_branch_operator.py took 0.099 seconds
[2024-12-18T15:42:28.404+0530] {logging_mixin.py:190} WARNING - /Users/kulyashdahiya/STUDY/DataEngineering/AirflowLearning/py_env/lib/python3.11/site-packages/airflow/settings.py:470 DeprecationWarning: The sql_alchemy_conn option in [core] has been moved to the sql_alchemy_conn option in [database] - the old setting has been used, but please update your config.
[2024-12-18T15:42:28.406+0530] {processor.py:186} INFO - Started process (PID=47509) to work on /Users/kulyashdahiya/STUDY/DataEngineering/AirflowLearning/py_env/lib/python3.11/site-packages/airflow/example_dags/example_branch_operator.py
[2024-12-18T15:42:28.406+0530] {processor.py:914} INFO - Processing file /Users/kulyashdahiya/STUDY/DataEngineering/AirflowLearning/py_env/lib/python3.11/site-packages/airflow/example_dags/example_branch_operator.py for tasks to queue
[2024-12-18T15:42:28.407+0530] {logging_mixin.py:190} INFO - [2024-12-18T15:42:28.407+0530] {dagbag.py:588} INFO - Filling up the DagBag from /Users/kulyashdahiya/STUDY/DataEngineering/AirflowLearning/py_env/lib/python3.11/site-packages/airflow/example_dags/example_branch_operator.py
[2024-12-18T15:42:28.418+0530] {processor.py:927} WARNING - No viable dags retrieved from /Users/kulyashdahiya/STUDY/DataEngineering/AirflowLearning/py_env/lib/python3.11/site-packages/airflow/example_dags/example_branch_operator.py
[2024-12-18T15:42:28.499+0530] {processor.py:208} INFO - Processing /Users/kulyashdahiya/STUDY/DataEngineering/AirflowLearning/py_env/lib/python3.11/site-packages/airflow/example_dags/example_branch_operator.py took 0.096 seconds
[2024-12-18T15:45:13.086+0530] {logging_mixin.py:190} WARNING - /Users/kulyashdahiya/STUDY/DataEngineering/AirflowLearning/py_env/lib/python3.11/site-packages/airflow/settings.py:470 DeprecationWarning: The sql_alchemy_conn option in [core] has been moved to the sql_alchemy_conn option in [database] - the old setting has been used, but please update your config.
[2024-12-18T15:45:13.089+0530] {processor.py:186} INFO - Started process (PID=47737) to work on /Users/kulyashdahiya/STUDY/DataEngineering/AirflowLearning/py_env/lib/python3.11/site-packages/airflow/example_dags/example_branch_operator.py
[2024-12-18T15:45:13.089+0530] {processor.py:914} INFO - Processing file /Users/kulyashdahiya/STUDY/DataEngineering/AirflowLearning/py_env/lib/python3.11/site-packages/airflow/example_dags/example_branch_operator.py for tasks to queue
[2024-12-18T15:45:13.089+0530] {logging_mixin.py:190} INFO - [2024-12-18T15:45:13.089+0530] {dagbag.py:588} INFO - Filling up the DagBag from /Users/kulyashdahiya/STUDY/DataEngineering/AirflowLearning/py_env/lib/python3.11/site-packages/airflow/example_dags/example_branch_operator.py
[2024-12-18T15:45:13.101+0530] {processor.py:927} WARNING - No viable dags retrieved from /Users/kulyashdahiya/STUDY/DataEngineering/AirflowLearning/py_env/lib/python3.11/site-packages/airflow/example_dags/example_branch_operator.py
[2024-12-18T15:45:13.186+0530] {processor.py:208} INFO - Processing /Users/kulyashdahiya/STUDY/DataEngineering/AirflowLearning/py_env/lib/python3.11/site-packages/airflow/example_dags/example_branch_operator.py took 0.101 seconds
[2024-12-18T16:57:49.162+0530] {logging_mixin.py:190} WARNING - /Users/kulyashdahiya/STUDY/DataEngineering/AirflowLearning/py_env/lib/python3.11/site-packages/airflow/settings.py:470 DeprecationWarning: The sql_alchemy_conn option in [core] has been moved to the sql_alchemy_conn option in [database] - the old setting has been used, but please update your config.
[2024-12-18T16:57:49.163+0530] {processor.py:186} INFO - Started process (PID=48165) to work on /Users/kulyashdahiya/STUDY/DataEngineering/AirflowLearning/py_env/lib/python3.11/site-packages/airflow/example_dags/example_branch_operator.py
[2024-12-18T16:57:49.163+0530] {processor.py:914} INFO - Processing file /Users/kulyashdahiya/STUDY/DataEngineering/AirflowLearning/py_env/lib/python3.11/site-packages/airflow/example_dags/example_branch_operator.py for tasks to queue
[2024-12-18T16:57:49.164+0530] {logging_mixin.py:190} INFO - [2024-12-18T16:57:49.163+0530] {dagbag.py:588} INFO - Filling up the DagBag from /Users/kulyashdahiya/STUDY/DataEngineering/AirflowLearning/py_env/lib/python3.11/site-packages/airflow/example_dags/example_branch_operator.py
[2024-12-18T16:57:49.170+0530] {processor.py:927} WARNING - No viable dags retrieved from /Users/kulyashdahiya/STUDY/DataEngineering/AirflowLearning/py_env/lib/python3.11/site-packages/airflow/example_dags/example_branch_operator.py
[2024-12-18T16:57:49.214+0530] {processor.py:208} INFO - Processing /Users/kulyashdahiya/STUDY/DataEngineering/AirflowLearning/py_env/lib/python3.11/site-packages/airflow/example_dags/example_branch_operator.py took 0.053 seconds
[2024-12-18T17:00:01.704+0530] {logging_mixin.py:190} WARNING - /Users/kulyashdahiya/STUDY/DataEngineering/AirflowLearning/py_env/lib/python3.11/site-packages/airflow/settings.py:470 DeprecationWarning: The sql_alchemy_conn option in [core] has been moved to the sql_alchemy_conn option in [database] - the old setting has been used, but please update your config.
[2024-12-18T17:00:01.705+0530] {processor.py:186} INFO - Started process (PID=48393) to work on /Users/kulyashdahiya/STUDY/DataEngineering/AirflowLearning/py_env/lib/python3.11/site-packages/airflow/example_dags/example_branch_operator.py
[2024-12-18T17:00:01.705+0530] {processor.py:914} INFO - Processing file /Users/kulyashdahiya/STUDY/DataEngineering/AirflowLearning/py_env/lib/python3.11/site-packages/airflow/example_dags/example_branch_operator.py for tasks to queue
[2024-12-18T17:00:01.706+0530] {logging_mixin.py:190} INFO - [2024-12-18T17:00:01.706+0530] {dagbag.py:588} INFO - Filling up the DagBag from /Users/kulyashdahiya/STUDY/DataEngineering/AirflowLearning/py_env/lib/python3.11/site-packages/airflow/example_dags/example_branch_operator.py
[2024-12-18T17:00:01.712+0530] {processor.py:927} WARNING - No viable dags retrieved from /Users/kulyashdahiya/STUDY/DataEngineering/AirflowLearning/py_env/lib/python3.11/site-packages/airflow/example_dags/example_branch_operator.py
[2024-12-18T17:00:01.755+0530] {processor.py:208} INFO - Processing /Users/kulyashdahiya/STUDY/DataEngineering/AirflowLearning/py_env/lib/python3.11/site-packages/airflow/example_dags/example_branch_operator.py took 0.052 seconds
[2024-12-18T17:02:50.823+0530] {logging_mixin.py:190} WARNING - /Users/kulyashdahiya/STUDY/DataEngineering/AirflowLearning/py_env/lib/python3.11/site-packages/airflow/settings.py:470 DeprecationWarning: The sql_alchemy_conn option in [core] has been moved to the sql_alchemy_conn option in [database] - the old setting has been used, but please update your config.
[2024-12-18T17:02:50.825+0530] {processor.py:186} INFO - Started process (PID=48613) to work on /Users/kulyashdahiya/STUDY/DataEngineering/AirflowLearning/py_env/lib/python3.11/site-packages/airflow/example_dags/example_branch_operator.py
[2024-12-18T17:02:50.825+0530] {processor.py:914} INFO - Processing file /Users/kulyashdahiya/STUDY/DataEngineering/AirflowLearning/py_env/lib/python3.11/site-packages/airflow/example_dags/example_branch_operator.py for tasks to queue
[2024-12-18T17:02:50.825+0530] {logging_mixin.py:190} INFO - [2024-12-18T17:02:50.825+0530] {dagbag.py:588} INFO - Filling up the DagBag from /Users/kulyashdahiya/STUDY/DataEngineering/AirflowLearning/py_env/lib/python3.11/site-packages/airflow/example_dags/example_branch_operator.py
[2024-12-18T17:02:50.832+0530] {processor.py:927} WARNING - No viable dags retrieved from /Users/kulyashdahiya/STUDY/DataEngineering/AirflowLearning/py_env/lib/python3.11/site-packages/airflow/example_dags/example_branch_operator.py
[2024-12-18T17:02:50.876+0530] {processor.py:208} INFO - Processing /Users/kulyashdahiya/STUDY/DataEngineering/AirflowLearning/py_env/lib/python3.11/site-packages/airflow/example_dags/example_branch_operator.py took 0.053 seconds
[2024-12-18T17:06:31.935+0530] {logging_mixin.py:190} WARNING - /Users/kulyashdahiya/STUDY/DataEngineering/AirflowLearning/py_env/lib/python3.11/site-packages/airflow/settings.py:470 DeprecationWarning: The sql_alchemy_conn option in [core] has been moved to the sql_alchemy_conn option in [database] - the old setting has been used, but please update your config.
[2024-12-18T17:06:31.936+0530] {processor.py:186} INFO - Started process (PID=48845) to work on /Users/kulyashdahiya/STUDY/DataEngineering/AirflowLearning/py_env/lib/python3.11/site-packages/airflow/example_dags/example_branch_operator.py
[2024-12-18T17:06:31.937+0530] {processor.py:914} INFO - Processing file /Users/kulyashdahiya/STUDY/DataEngineering/AirflowLearning/py_env/lib/python3.11/site-packages/airflow/example_dags/example_branch_operator.py for tasks to queue
[2024-12-18T17:06:31.937+0530] {logging_mixin.py:190} INFO - [2024-12-18T17:06:31.937+0530] {dagbag.py:588} INFO - Filling up the DagBag from /Users/kulyashdahiya/STUDY/DataEngineering/AirflowLearning/py_env/lib/python3.11/site-packages/airflow/example_dags/example_branch_operator.py
[2024-12-18T17:06:31.943+0530] {processor.py:927} WARNING - No viable dags retrieved from /Users/kulyashdahiya/STUDY/DataEngineering/AirflowLearning/py_env/lib/python3.11/site-packages/airflow/example_dags/example_branch_operator.py
[2024-12-18T17:06:31.989+0530] {processor.py:208} INFO - Processing /Users/kulyashdahiya/STUDY/DataEngineering/AirflowLearning/py_env/lib/python3.11/site-packages/airflow/example_dags/example_branch_operator.py took 0.055 seconds
[2024-12-18T17:08:28.260+0530] {logging_mixin.py:190} WARNING - /Users/kulyashdahiya/STUDY/DataEngineering/AirflowLearning/py_env/lib/python3.11/site-packages/airflow/settings.py:470 DeprecationWarning: The sql_alchemy_conn option in [core] has been moved to the sql_alchemy_conn option in [database] - the old setting has been used, but please update your config.
[2024-12-18T17:08:28.261+0530] {processor.py:186} INFO - Started process (PID=49034) to work on /Users/kulyashdahiya/STUDY/DataEngineering/AirflowLearning/py_env/lib/python3.11/site-packages/airflow/example_dags/example_branch_operator.py
[2024-12-18T17:08:28.261+0530] {processor.py:914} INFO - Processing file /Users/kulyashdahiya/STUDY/DataEngineering/AirflowLearning/py_env/lib/python3.11/site-packages/airflow/example_dags/example_branch_operator.py for tasks to queue
[2024-12-18T17:08:28.261+0530] {logging_mixin.py:190} INFO - [2024-12-18T17:08:28.261+0530] {dagbag.py:588} INFO - Filling up the DagBag from /Users/kulyashdahiya/STUDY/DataEngineering/AirflowLearning/py_env/lib/python3.11/site-packages/airflow/example_dags/example_branch_operator.py
[2024-12-18T17:08:28.268+0530] {processor.py:927} WARNING - No viable dags retrieved from /Users/kulyashdahiya/STUDY/DataEngineering/AirflowLearning/py_env/lib/python3.11/site-packages/airflow/example_dags/example_branch_operator.py
[2024-12-18T17:08:28.313+0530] {processor.py:208} INFO - Processing /Users/kulyashdahiya/STUDY/DataEngineering/AirflowLearning/py_env/lib/python3.11/site-packages/airflow/example_dags/example_branch_operator.py took 0.054 seconds
[2024-12-18T17:10:35.396+0530] {logging_mixin.py:190} WARNING - /Users/kulyashdahiya/STUDY/DataEngineering/AirflowLearning/py_env/lib/python3.11/site-packages/airflow/settings.py:470 DeprecationWarning: The sql_alchemy_conn option in [core] has been moved to the sql_alchemy_conn option in [database] - the old setting has been used, but please update your config.
[2024-12-18T17:10:35.397+0530] {processor.py:186} INFO - Started process (PID=49243) to work on /Users/kulyashdahiya/STUDY/DataEngineering/AirflowLearning/py_env/lib/python3.11/site-packages/airflow/example_dags/example_branch_operator.py
[2024-12-18T17:10:35.397+0530] {processor.py:914} INFO - Processing file /Users/kulyashdahiya/STUDY/DataEngineering/AirflowLearning/py_env/lib/python3.11/site-packages/airflow/example_dags/example_branch_operator.py for tasks to queue
[2024-12-18T17:10:35.397+0530] {logging_mixin.py:190} INFO - [2024-12-18T17:10:35.397+0530] {dagbag.py:588} INFO - Filling up the DagBag from /Users/kulyashdahiya/STUDY/DataEngineering/AirflowLearning/py_env/lib/python3.11/site-packages/airflow/example_dags/example_branch_operator.py
[2024-12-18T17:10:35.404+0530] {processor.py:927} WARNING - No viable dags retrieved from /Users/kulyashdahiya/STUDY/DataEngineering/AirflowLearning/py_env/lib/python3.11/site-packages/airflow/example_dags/example_branch_operator.py
[2024-12-18T17:10:35.449+0530] {processor.py:208} INFO - Processing /Users/kulyashdahiya/STUDY/DataEngineering/AirflowLearning/py_env/lib/python3.11/site-packages/airflow/example_dags/example_branch_operator.py took 0.054 seconds
[2024-12-18T17:12:42.018+0530] {logging_mixin.py:190} WARNING - /Users/kulyashdahiya/STUDY/DataEngineering/AirflowLearning/py_env/lib/python3.11/site-packages/airflow/settings.py:470 DeprecationWarning: The sql_alchemy_conn option in [core] has been moved to the sql_alchemy_conn option in [database] - the old setting has been used, but please update your config.
[2024-12-18T17:12:42.019+0530] {processor.py:186} INFO - Started process (PID=49467) to work on /Users/kulyashdahiya/STUDY/DataEngineering/AirflowLearning/py_env/lib/python3.11/site-packages/airflow/example_dags/example_branch_operator.py
[2024-12-18T17:12:42.019+0530] {processor.py:914} INFO - Processing file /Users/kulyashdahiya/STUDY/DataEngineering/AirflowLearning/py_env/lib/python3.11/site-packages/airflow/example_dags/example_branch_operator.py for tasks to queue
[2024-12-18T17:12:42.020+0530] {logging_mixin.py:190} INFO - [2024-12-18T17:12:42.020+0530] {dagbag.py:588} INFO - Filling up the DagBag from /Users/kulyashdahiya/STUDY/DataEngineering/AirflowLearning/py_env/lib/python3.11/site-packages/airflow/example_dags/example_branch_operator.py
[2024-12-18T17:12:42.026+0530] {processor.py:927} WARNING - No viable dags retrieved from /Users/kulyashdahiya/STUDY/DataEngineering/AirflowLearning/py_env/lib/python3.11/site-packages/airflow/example_dags/example_branch_operator.py
[2024-12-18T17:12:42.071+0530] {processor.py:208} INFO - Processing /Users/kulyashdahiya/STUDY/DataEngineering/AirflowLearning/py_env/lib/python3.11/site-packages/airflow/example_dags/example_branch_operator.py took 0.054 seconds
[2024-12-18T17:14:37.416+0530] {logging_mixin.py:190} WARNING - /Users/kulyashdahiya/STUDY/DataEngineering/AirflowLearning/py_env/lib/python3.11/site-packages/airflow/settings.py:470 DeprecationWarning: The sql_alchemy_conn option in [core] has been moved to the sql_alchemy_conn option in [database] - the old setting has been used, but please update your config.
[2024-12-18T17:14:37.418+0530] {processor.py:186} INFO - Started process (PID=49657) to work on /Users/kulyashdahiya/STUDY/DataEngineering/AirflowLearning/py_env/lib/python3.11/site-packages/airflow/example_dags/example_branch_operator.py
[2024-12-18T17:14:37.418+0530] {processor.py:914} INFO - Processing file /Users/kulyashdahiya/STUDY/DataEngineering/AirflowLearning/py_env/lib/python3.11/site-packages/airflow/example_dags/example_branch_operator.py for tasks to queue
[2024-12-18T17:14:37.418+0530] {logging_mixin.py:190} INFO - [2024-12-18T17:14:37.418+0530] {dagbag.py:588} INFO - Filling up the DagBag from /Users/kulyashdahiya/STUDY/DataEngineering/AirflowLearning/py_env/lib/python3.11/site-packages/airflow/example_dags/example_branch_operator.py
[2024-12-18T17:14:37.425+0530] {processor.py:927} WARNING - No viable dags retrieved from /Users/kulyashdahiya/STUDY/DataEngineering/AirflowLearning/py_env/lib/python3.11/site-packages/airflow/example_dags/example_branch_operator.py
[2024-12-18T17:14:37.469+0530] {processor.py:208} INFO - Processing /Users/kulyashdahiya/STUDY/DataEngineering/AirflowLearning/py_env/lib/python3.11/site-packages/airflow/example_dags/example_branch_operator.py took 0.053 seconds
[2024-12-18T17:16:30.241+0530] {logging_mixin.py:190} WARNING - /Users/kulyashdahiya/STUDY/DataEngineering/AirflowLearning/py_env/lib/python3.11/site-packages/airflow/settings.py:470 DeprecationWarning: The sql_alchemy_conn option in [core] has been moved to the sql_alchemy_conn option in [database] - the old setting has been used, but please update your config.
[2024-12-18T17:16:30.243+0530] {processor.py:186} INFO - Started process (PID=49848) to work on /Users/kulyashdahiya/STUDY/DataEngineering/AirflowLearning/py_env/lib/python3.11/site-packages/airflow/example_dags/example_branch_operator.py
[2024-12-18T17:16:30.243+0530] {processor.py:914} INFO - Processing file /Users/kulyashdahiya/STUDY/DataEngineering/AirflowLearning/py_env/lib/python3.11/site-packages/airflow/example_dags/example_branch_operator.py for tasks to queue
[2024-12-18T17:16:30.243+0530] {logging_mixin.py:190} INFO - [2024-12-18T17:16:30.243+0530] {dagbag.py:588} INFO - Filling up the DagBag from /Users/kulyashdahiya/STUDY/DataEngineering/AirflowLearning/py_env/lib/python3.11/site-packages/airflow/example_dags/example_branch_operator.py
[2024-12-18T17:16:30.249+0530] {processor.py:927} WARNING - No viable dags retrieved from /Users/kulyashdahiya/STUDY/DataEngineering/AirflowLearning/py_env/lib/python3.11/site-packages/airflow/example_dags/example_branch_operator.py
[2024-12-18T17:16:30.295+0530] {processor.py:208} INFO - Processing /Users/kulyashdahiya/STUDY/DataEngineering/AirflowLearning/py_env/lib/python3.11/site-packages/airflow/example_dags/example_branch_operator.py took 0.055 seconds
[2024-12-18T17:18:32.453+0530] {logging_mixin.py:190} WARNING - /Users/kulyashdahiya/STUDY/DataEngineering/AirflowLearning/py_env/lib/python3.11/site-packages/airflow/settings.py:470 DeprecationWarning: The sql_alchemy_conn option in [core] has been moved to the sql_alchemy_conn option in [database] - the old setting has been used, but please update your config.
[2024-12-18T17:18:32.454+0530] {processor.py:186} INFO - Started process (PID=50043) to work on /Users/kulyashdahiya/STUDY/DataEngineering/AirflowLearning/py_env/lib/python3.11/site-packages/airflow/example_dags/example_branch_operator.py
[2024-12-18T17:18:32.454+0530] {processor.py:914} INFO - Processing file /Users/kulyashdahiya/STUDY/DataEngineering/AirflowLearning/py_env/lib/python3.11/site-packages/airflow/example_dags/example_branch_operator.py for tasks to queue
[2024-12-18T17:18:32.455+0530] {logging_mixin.py:190} INFO - [2024-12-18T17:18:32.455+0530] {dagbag.py:588} INFO - Filling up the DagBag from /Users/kulyashdahiya/STUDY/DataEngineering/AirflowLearning/py_env/lib/python3.11/site-packages/airflow/example_dags/example_branch_operator.py
[2024-12-18T17:18:32.461+0530] {processor.py:927} WARNING - No viable dags retrieved from /Users/kulyashdahiya/STUDY/DataEngineering/AirflowLearning/py_env/lib/python3.11/site-packages/airflow/example_dags/example_branch_operator.py
[2024-12-18T17:18:32.508+0530] {processor.py:208} INFO - Processing /Users/kulyashdahiya/STUDY/DataEngineering/AirflowLearning/py_env/lib/python3.11/site-packages/airflow/example_dags/example_branch_operator.py took 0.055 seconds
[2024-12-18T17:20:34.628+0530] {logging_mixin.py:190} WARNING - /Users/kulyashdahiya/STUDY/DataEngineering/AirflowLearning/py_env/lib/python3.11/site-packages/airflow/settings.py:470 DeprecationWarning: The sql_alchemy_conn option in [core] has been moved to the sql_alchemy_conn option in [database] - the old setting has been used, but please update your config.
[2024-12-18T17:20:34.630+0530] {processor.py:186} INFO - Started process (PID=50253) to work on /Users/kulyashdahiya/STUDY/DataEngineering/AirflowLearning/py_env/lib/python3.11/site-packages/airflow/example_dags/example_branch_operator.py
[2024-12-18T17:20:34.630+0530] {processor.py:914} INFO - Processing file /Users/kulyashdahiya/STUDY/DataEngineering/AirflowLearning/py_env/lib/python3.11/site-packages/airflow/example_dags/example_branch_operator.py for tasks to queue
[2024-12-18T17:20:34.630+0530] {logging_mixin.py:190} INFO - [2024-12-18T17:20:34.630+0530] {dagbag.py:588} INFO - Filling up the DagBag from /Users/kulyashdahiya/STUDY/DataEngineering/AirflowLearning/py_env/lib/python3.11/site-packages/airflow/example_dags/example_branch_operator.py
[2024-12-18T17:20:34.637+0530] {processor.py:927} WARNING - No viable dags retrieved from /Users/kulyashdahiya/STUDY/DataEngineering/AirflowLearning/py_env/lib/python3.11/site-packages/airflow/example_dags/example_branch_operator.py
[2024-12-18T17:20:34.688+0530] {processor.py:208} INFO - Processing /Users/kulyashdahiya/STUDY/DataEngineering/AirflowLearning/py_env/lib/python3.11/site-packages/airflow/example_dags/example_branch_operator.py took 0.061 seconds
[2024-12-18T17:22:32.453+0530] {logging_mixin.py:190} WARNING - /Users/kulyashdahiya/STUDY/DataEngineering/AirflowLearning/py_env/lib/python3.11/site-packages/airflow/settings.py:470 DeprecationWarning: The sql_alchemy_conn option in [core] has been moved to the sql_alchemy_conn option in [database] - the old setting has been used, but please update your config.
[2024-12-18T17:22:32.454+0530] {processor.py:186} INFO - Started process (PID=50455) to work on /Users/kulyashdahiya/STUDY/DataEngineering/AirflowLearning/py_env/lib/python3.11/site-packages/airflow/example_dags/example_branch_operator.py
[2024-12-18T17:22:32.454+0530] {processor.py:914} INFO - Processing file /Users/kulyashdahiya/STUDY/DataEngineering/AirflowLearning/py_env/lib/python3.11/site-packages/airflow/example_dags/example_branch_operator.py for tasks to queue
[2024-12-18T17:22:32.455+0530] {logging_mixin.py:190} INFO - [2024-12-18T17:22:32.455+0530] {dagbag.py:588} INFO - Filling up the DagBag from /Users/kulyashdahiya/STUDY/DataEngineering/AirflowLearning/py_env/lib/python3.11/site-packages/airflow/example_dags/example_branch_operator.py
[2024-12-18T17:22:32.461+0530] {processor.py:927} WARNING - No viable dags retrieved from /Users/kulyashdahiya/STUDY/DataEngineering/AirflowLearning/py_env/lib/python3.11/site-packages/airflow/example_dags/example_branch_operator.py
[2024-12-18T17:22:32.505+0530] {processor.py:208} INFO - Processing /Users/kulyashdahiya/STUDY/DataEngineering/AirflowLearning/py_env/lib/python3.11/site-packages/airflow/example_dags/example_branch_operator.py took 0.053 seconds
[2024-12-18T17:24:25.050+0530] {logging_mixin.py:190} WARNING - /Users/kulyashdahiya/STUDY/DataEngineering/AirflowLearning/py_env/lib/python3.11/site-packages/airflow/settings.py:470 DeprecationWarning: The sql_alchemy_conn option in [core] has been moved to the sql_alchemy_conn option in [database] - the old setting has been used, but please update your config.
[2024-12-18T17:24:25.051+0530] {processor.py:186} INFO - Started process (PID=50645) to work on /Users/kulyashdahiya/STUDY/DataEngineering/AirflowLearning/py_env/lib/python3.11/site-packages/airflow/example_dags/example_branch_operator.py
[2024-12-18T17:24:25.051+0530] {processor.py:914} INFO - Processing file /Users/kulyashdahiya/STUDY/DataEngineering/AirflowLearning/py_env/lib/python3.11/site-packages/airflow/example_dags/example_branch_operator.py for tasks to queue
[2024-12-18T17:24:25.051+0530] {logging_mixin.py:190} INFO - [2024-12-18T17:24:25.051+0530] {dagbag.py:588} INFO - Filling up the DagBag from /Users/kulyashdahiya/STUDY/DataEngineering/AirflowLearning/py_env/lib/python3.11/site-packages/airflow/example_dags/example_branch_operator.py
[2024-12-18T17:24:25.058+0530] {processor.py:927} WARNING - No viable dags retrieved from /Users/kulyashdahiya/STUDY/DataEngineering/AirflowLearning/py_env/lib/python3.11/site-packages/airflow/example_dags/example_branch_operator.py
[2024-12-18T17:24:25.101+0530] {processor.py:208} INFO - Processing /Users/kulyashdahiya/STUDY/DataEngineering/AirflowLearning/py_env/lib/python3.11/site-packages/airflow/example_dags/example_branch_operator.py took 0.052 seconds
[2024-12-18T17:26:22.295+0530] {logging_mixin.py:190} WARNING - /Users/kulyashdahiya/STUDY/DataEngineering/AirflowLearning/py_env/lib/python3.11/site-packages/airflow/settings.py:470 DeprecationWarning: The sql_alchemy_conn option in [core] has been moved to the sql_alchemy_conn option in [database] - the old setting has been used, but please update your config.
[2024-12-18T17:26:22.296+0530] {processor.py:186} INFO - Started process (PID=50841) to work on /Users/kulyashdahiya/STUDY/DataEngineering/AirflowLearning/py_env/lib/python3.11/site-packages/airflow/example_dags/example_branch_operator.py
[2024-12-18T17:26:22.296+0530] {processor.py:914} INFO - Processing file /Users/kulyashdahiya/STUDY/DataEngineering/AirflowLearning/py_env/lib/python3.11/site-packages/airflow/example_dags/example_branch_operator.py for tasks to queue
[2024-12-18T17:26:22.297+0530] {logging_mixin.py:190} INFO - [2024-12-18T17:26:22.296+0530] {dagbag.py:588} INFO - Filling up the DagBag from /Users/kulyashdahiya/STUDY/DataEngineering/AirflowLearning/py_env/lib/python3.11/site-packages/airflow/example_dags/example_branch_operator.py
[2024-12-18T17:26:22.303+0530] {processor.py:927} WARNING - No viable dags retrieved from /Users/kulyashdahiya/STUDY/DataEngineering/AirflowLearning/py_env/lib/python3.11/site-packages/airflow/example_dags/example_branch_operator.py
[2024-12-18T17:26:22.346+0530] {processor.py:208} INFO - Processing /Users/kulyashdahiya/STUDY/DataEngineering/AirflowLearning/py_env/lib/python3.11/site-packages/airflow/example_dags/example_branch_operator.py took 0.052 seconds
[2024-12-18T17:28:32.703+0530] {logging_mixin.py:190} WARNING - /Users/kulyashdahiya/STUDY/DataEngineering/AirflowLearning/py_env/lib/python3.11/site-packages/airflow/settings.py:470 DeprecationWarning: The sql_alchemy_conn option in [core] has been moved to the sql_alchemy_conn option in [database] - the old setting has been used, but please update your config.
[2024-12-18T17:28:32.704+0530] {processor.py:186} INFO - Started process (PID=51121) to work on /Users/kulyashdahiya/STUDY/DataEngineering/AirflowLearning/py_env/lib/python3.11/site-packages/airflow/example_dags/example_branch_operator.py
[2024-12-18T17:28:32.704+0530] {processor.py:914} INFO - Processing file /Users/kulyashdahiya/STUDY/DataEngineering/AirflowLearning/py_env/lib/python3.11/site-packages/airflow/example_dags/example_branch_operator.py for tasks to queue
[2024-12-18T17:28:32.705+0530] {logging_mixin.py:190} INFO - [2024-12-18T17:28:32.705+0530] {dagbag.py:588} INFO - Filling up the DagBag from /Users/kulyashdahiya/STUDY/DataEngineering/AirflowLearning/py_env/lib/python3.11/site-packages/airflow/example_dags/example_branch_operator.py
[2024-12-18T17:28:32.711+0530] {processor.py:927} WARNING - No viable dags retrieved from /Users/kulyashdahiya/STUDY/DataEngineering/AirflowLearning/py_env/lib/python3.11/site-packages/airflow/example_dags/example_branch_operator.py
[2024-12-18T17:28:32.756+0530] {processor.py:208} INFO - Processing /Users/kulyashdahiya/STUDY/DataEngineering/AirflowLearning/py_env/lib/python3.11/site-packages/airflow/example_dags/example_branch_operator.py took 0.054 seconds
[2024-12-18T17:30:35.211+0530] {logging_mixin.py:190} WARNING - /Users/kulyashdahiya/STUDY/DataEngineering/AirflowLearning/py_env/lib/python3.11/site-packages/airflow/settings.py:470 DeprecationWarning: The sql_alchemy_conn option in [core] has been moved to the sql_alchemy_conn option in [database] - the old setting has been used, but please update your config.
[2024-12-18T17:30:35.213+0530] {processor.py:186} INFO - Started process (PID=51357) to work on /Users/kulyashdahiya/STUDY/DataEngineering/AirflowLearning/py_env/lib/python3.11/site-packages/airflow/example_dags/example_branch_operator.py
[2024-12-18T17:30:35.213+0530] {processor.py:914} INFO - Processing file /Users/kulyashdahiya/STUDY/DataEngineering/AirflowLearning/py_env/lib/python3.11/site-packages/airflow/example_dags/example_branch_operator.py for tasks to queue
[2024-12-18T17:30:35.213+0530] {logging_mixin.py:190} INFO - [2024-12-18T17:30:35.213+0530] {dagbag.py:588} INFO - Filling up the DagBag from /Users/kulyashdahiya/STUDY/DataEngineering/AirflowLearning/py_env/lib/python3.11/site-packages/airflow/example_dags/example_branch_operator.py
[2024-12-18T17:30:35.221+0530] {processor.py:927} WARNING - No viable dags retrieved from /Users/kulyashdahiya/STUDY/DataEngineering/AirflowLearning/py_env/lib/python3.11/site-packages/airflow/example_dags/example_branch_operator.py
[2024-12-18T17:30:35.278+0530] {processor.py:208} INFO - Processing /Users/kulyashdahiya/STUDY/DataEngineering/AirflowLearning/py_env/lib/python3.11/site-packages/airflow/example_dags/example_branch_operator.py took 0.068 seconds
