[2024-12-19T05:39:31.044+0000] {local_task_job_runner.py:123} INFO - ::group::Pre task execution logs
[2024-12-19T05:39:31.051+0000] {taskinstance.py:2613} INFO - Dependencies all met for dep_context=non-requeueable deps ti=<TaskInstance: our_first_dag.first_task scheduled__2021-12-30T00:00:00+00:00 [queued]>
[2024-12-19T05:39:31.055+0000] {taskinstance.py:2613} INFO - Dependencies all met for dep_context=requeueable deps ti=<TaskInstance: our_first_dag.first_task scheduled__2021-12-30T00:00:00+00:00 [queued]>
[2024-12-19T05:39:31.055+0000] {taskinstance.py:2866} INFO - Starting attempt 1 of 6
[2024-12-19T05:39:31.062+0000] {taskinstance.py:2889} INFO - Executing <Task(BashOperator): first_task> on 2021-12-30 00:00:00+00:00
[2024-12-19T05:39:31.066+0000] {logging_mixin.py:190} WARNING - /home/***/.local/lib/python3.12/site-packages/***/task/task_runner/standard_task_runner.py:70 DeprecationWarning: This process (pid=864) is multi-threaded, use of fork() may lead to deadlocks in the child.
[2024-12-19T05:39:31.067+0000] {standard_task_runner.py:72} INFO - Started process 869 to run task
[2024-12-19T05:39:31.067+0000] {standard_task_runner.py:104} INFO - Running: ['***', 'tasks', 'run', 'our_first_dag', 'first_task', 'scheduled__2021-12-30T00:00:00+00:00', '--job-id', '158', '--raw', '--subdir', 'DAGS_FOLDER/our_first_dag.py', '--cfg-path', '/tmp/tmpbty9o0kk']
[2024-12-19T05:39:31.068+0000] {standard_task_runner.py:105} INFO - Job 158: Subtask first_task
[2024-12-19T05:39:31.088+0000] {task_command.py:467} INFO - Running <TaskInstance: our_first_dag.first_task scheduled__2021-12-30T00:00:00+00:00 [running]> on host 13c961a72918
[2024-12-19T05:39:31.124+0000] {taskinstance.py:3132} INFO - Exporting env vars: AIRFLOW_CTX_DAG_OWNER='code2j' AIRFLOW_CTX_DAG_ID='our_first_dag' AIRFLOW_CTX_TASK_ID='first_task' AIRFLOW_CTX_EXECUTION_DATE='2021-12-30T00:00:00+00:00' AIRFLOW_CTX_TRY_NUMBER='1' AIRFLOW_CTX_DAG_RUN_ID='scheduled__2021-12-30T00:00:00+00:00'
[2024-12-19T05:39:31.125+0000] {taskinstance.py:731} INFO - ::endgroup::
[2024-12-19T05:39:31.133+0000] {subprocess.py:78} INFO - Tmp dir root location: /tmp
[2024-12-19T05:39:31.133+0000] {subprocess.py:88} INFO - Running command: ['/usr/bin/bash', '-c', 'echo hello world, this is the first task']
[2024-12-19T05:39:31.138+0000] {subprocess.py:99} INFO - Output:
[2024-12-19T05:39:31.139+0000] {subprocess.py:106} INFO - hello world, this is the first task
[2024-12-19T05:39:31.139+0000] {subprocess.py:110} INFO - Command exited with return code 0
[2024-12-19T05:39:31.152+0000] {taskinstance.py:340} INFO - ::group::Post task execution logs
[2024-12-19T05:39:31.153+0000] {taskinstance.py:352} INFO - Marking task as SUCCESS. dag_id=our_first_dag, task_id=first_task, run_id=scheduled__2021-12-30T00:00:00+00:00, execution_date=20211230T000000, start_date=20241219T053931, end_date=20241219T053931
[2024-12-19T05:39:31.206+0000] {local_task_job_runner.py:266} INFO - Task exited with return code 0
[2024-12-19T05:39:31.215+0000] {taskinstance.py:3895} INFO - 0 downstream tasks scheduled from follow-on schedule check
[2024-12-19T05:39:31.216+0000] {local_task_job_runner.py:245} INFO - ::endgroup::
