[2024-12-19T07:18:28.624+0000] {local_task_job_runner.py:123} INFO - ::group::Pre task execution logs
[2024-12-19T07:18:28.632+0000] {taskinstance.py:2613} INFO - Dependencies all met for dep_context=non-requeueable deps ti=<TaskInstance: our_first_dag_v2.first_task scheduled__2021-11-29T00:00:00+00:00 [queued]>
[2024-12-19T07:18:28.636+0000] {taskinstance.py:2613} INFO - Dependencies all met for dep_context=requeueable deps ti=<TaskInstance: our_first_dag_v2.first_task scheduled__2021-11-29T00:00:00+00:00 [queued]>
[2024-12-19T07:18:28.636+0000] {taskinstance.py:2866} INFO - Starting attempt 1 of 6
[2024-12-19T07:18:28.654+0000] {taskinstance.py:2889} INFO - Executing <Task(BashOperator): first_task> on 2021-11-29 00:00:00+00:00
[2024-12-19T07:18:28.657+0000] {logging_mixin.py:190} WARNING - /home/***/.local/lib/python3.12/site-packages/***/task/task_runner/standard_task_runner.py:70 DeprecationWarning: This process (pid=9788) is multi-threaded, use of fork() may lead to deadlocks in the child.
[2024-12-19T07:18:28.658+0000] {standard_task_runner.py:104} INFO - Running: ['***', 'tasks', 'run', 'our_first_dag_v2', 'first_task', 'scheduled__2021-11-29T00:00:00+00:00', '--job-id', '1843', '--raw', '--subdir', 'DAGS_FOLDER/our_first_dag.py', '--cfg-path', '/tmp/tmp8d8wcq1m']
[2024-12-19T07:18:28.659+0000] {standard_task_runner.py:72} INFO - Started process 9791 to run task
[2024-12-19T07:18:28.659+0000] {standard_task_runner.py:105} INFO - Job 1843: Subtask first_task
[2024-12-19T07:18:28.680+0000] {task_command.py:467} INFO - Running <TaskInstance: our_first_dag_v2.first_task scheduled__2021-11-29T00:00:00+00:00 [running]> on host 13c961a72918
[2024-12-19T07:18:28.715+0000] {taskinstance.py:3132} INFO - Exporting env vars: AIRFLOW_CTX_DAG_OWNER='code2j' AIRFLOW_CTX_DAG_ID='our_first_dag_v2' AIRFLOW_CTX_TASK_ID='first_task' AIRFLOW_CTX_EXECUTION_DATE='2021-11-29T00:00:00+00:00' AIRFLOW_CTX_TRY_NUMBER='1' AIRFLOW_CTX_DAG_RUN_ID='scheduled__2021-11-29T00:00:00+00:00'
[2024-12-19T07:18:28.715+0000] {taskinstance.py:731} INFO - ::endgroup::
[2024-12-19T07:18:28.724+0000] {subprocess.py:78} INFO - Tmp dir root location: /tmp
[2024-12-19T07:18:28.724+0000] {subprocess.py:88} INFO - Running command: ['/usr/bin/bash', '-c', 'echo hello world, this is the first task']
[2024-12-19T07:18:28.729+0000] {subprocess.py:99} INFO - Output:
[2024-12-19T07:18:28.729+0000] {subprocess.py:106} INFO - hello world, this is the first task
[2024-12-19T07:18:28.731+0000] {subprocess.py:110} INFO - Command exited with return code 0
[2024-12-19T07:18:28.742+0000] {taskinstance.py:340} INFO - ::group::Post task execution logs
[2024-12-19T07:18:28.742+0000] {taskinstance.py:352} INFO - Marking task as SUCCESS. dag_id=our_first_dag_v2, task_id=first_task, run_id=scheduled__2021-11-29T00:00:00+00:00, execution_date=20211129T000000, start_date=20241219T071828, end_date=20241219T071828
[2024-12-19T07:18:28.760+0000] {local_task_job_runner.py:266} INFO - Task exited with return code 0
[2024-12-19T07:18:28.771+0000] {taskinstance.py:3895} INFO - 2 downstream tasks scheduled from follow-on schedule check
[2024-12-19T07:18:28.772+0000] {local_task_job_runner.py:245} INFO - ::endgroup::
