[2024-12-21T11:37:20.429+0000] {local_task_job_runner.py:123} INFO - ::group::Pre task execution logs
[2024-12-21T11:37:20.446+0000] {taskinstance.py:2613} INFO - Dependencies all met for dep_context=non-requeueable deps ti=<TaskInstance: dag_python_v02.PrintReturn scheduled__2024-12-21T06:10:00+00:00 [queued]>
[2024-12-21T11:37:20.470+0000] {taskinstance.py:2613} INFO - Dependencies all met for dep_context=requeueable deps ti=<TaskInstance: dag_python_v02.PrintReturn scheduled__2024-12-21T06:10:00+00:00 [queued]>
[2024-12-21T11:37:20.472+0000] {taskinstance.py:2866} INFO - Starting attempt 1 of 6
[2024-12-21T11:37:20.483+0000] {taskinstance.py:2889} INFO - Executing <Task(PythonOperator): PrintReturn> on 2024-12-21 06:10:00+00:00
[2024-12-21T11:37:20.488+0000] {logging_mixin.py:190} WARNING - /home/***/.local/lib/python3.12/site-packages/***/task/task_runner/standard_task_runner.py:70 DeprecationWarning: This process (pid=12322) is multi-threaded, use of fork() may lead to deadlocks in the child.
[2024-12-21T11:37:20.489+0000] {standard_task_runner.py:72} INFO - Started process 12341 to run task
[2024-12-21T11:37:20.489+0000] {standard_task_runner.py:104} INFO - Running: ['***', 'tasks', 'run', 'dag_python_v02', 'PrintReturn', 'scheduled__2024-12-21T06:10:00+00:00', '--job-id', '6001', '--raw', '--subdir', 'DAGS_FOLDER/dag2_python.py', '--cfg-path', '/tmp/tmp26fyp6sa']
[2024-12-21T11:37:20.492+0000] {standard_task_runner.py:105} INFO - Job 6001: Subtask PrintReturn
[2024-12-21T11:37:20.530+0000] {task_command.py:467} INFO - Running <TaskInstance: dag_python_v02.PrintReturn scheduled__2024-12-21T06:10:00+00:00 [running]> on host 1013b13d6384
[2024-12-21T11:37:20.574+0000] {taskinstance.py:3132} INFO - Exporting env vars: AIRFLOW_CTX_DAG_OWNER='code2j' AIRFLOW_CTX_DAG_ID='dag_python_v02' AIRFLOW_CTX_TASK_ID='PrintReturn' AIRFLOW_CTX_EXECUTION_DATE='2024-12-21T06:10:00+00:00' AIRFLOW_CTX_TRY_NUMBER='1' AIRFLOW_CTX_DAG_RUN_ID='scheduled__2024-12-21T06:10:00+00:00'
[2024-12-21T11:37:20.576+0000] {taskinstance.py:731} INFO - ::endgroup::
[2024-12-21T11:37:20.585+0000] {logging_mixin.py:190} INFO - Hey Yash, You successfully created a dag which calls a python function to run
[2024-12-21T11:37:20.585+0000] {logging_mixin.py:190} INFO - Now lets also create and use xcom to push and pull values
[2024-12-21T11:37:20.586+0000] {python.py:240} INFO - Done. Returned value was: 25
[2024-12-21T11:37:20.602+0000] {taskinstance.py:340} INFO - ::group::Post task execution logs
[2024-12-21T11:37:20.602+0000] {taskinstance.py:352} INFO - Marking task as SUCCESS. dag_id=dag_python_v02, task_id=PrintReturn, run_id=scheduled__2024-12-21T06:10:00+00:00, execution_date=20241221T061000, start_date=20241221T113720, end_date=20241221T113720
[2024-12-21T11:37:20.634+0000] {local_task_job_runner.py:266} INFO - Task exited with return code 0
[2024-12-21T11:37:20.642+0000] {taskinstance.py:3895} INFO - 0 downstream tasks scheduled from follow-on schedule check
[2024-12-21T11:37:20.646+0000] {local_task_job_runner.py:245} INFO - ::endgroup::
