[2024-12-21T11:35:31.834+0000] {local_task_job_runner.py:123} INFO - ::group::Pre task execution logs
[2024-12-21T11:35:31.842+0000] {taskinstance.py:2613} INFO - Dependencies all met for dep_context=non-requeueable deps ti=<TaskInstance: dag_python_v02.PrintReturn scheduled__2024-12-20T20:16:00+00:00 [queued]>
[2024-12-21T11:35:31.853+0000] {taskinstance.py:2613} INFO - Dependencies all met for dep_context=requeueable deps ti=<TaskInstance: dag_python_v02.PrintReturn scheduled__2024-12-20T20:16:00+00:00 [queued]>
[2024-12-21T11:35:31.855+0000] {taskinstance.py:2866} INFO - Starting attempt 1 of 6
[2024-12-21T11:35:31.876+0000] {taskinstance.py:2889} INFO - Executing <Task(PythonOperator): PrintReturn> on 2024-12-20 20:16:00+00:00
[2024-12-21T11:35:31.881+0000] {standard_task_runner.py:104} INFO - Running: ['***', 'tasks', 'run', 'dag_python_v02', 'PrintReturn', 'scheduled__2024-12-20T20:16:00+00:00', '--job-id', '5109', '--raw', '--subdir', 'DAGS_FOLDER/dag2_python.py', '--cfg-path', '/tmp/tmpzt60hca6']
[2024-12-21T11:35:31.884+0000] {standard_task_runner.py:105} INFO - Job 5109: Subtask PrintReturn
[2024-12-21T11:35:31.883+0000] {logging_mixin.py:190} WARNING - /home/***/.local/lib/python3.12/site-packages/***/task/task_runner/standard_task_runner.py:70 DeprecationWarning: This process (pid=9577) is multi-threaded, use of fork() may lead to deadlocks in the child.
[2024-12-21T11:35:31.887+0000] {standard_task_runner.py:72} INFO - Started process 9588 to run task
[2024-12-21T11:35:31.922+0000] {task_command.py:467} INFO - Running <TaskInstance: dag_python_v02.PrintReturn scheduled__2024-12-20T20:16:00+00:00 [running]> on host 1013b13d6384
[2024-12-21T11:35:31.975+0000] {taskinstance.py:3132} INFO - Exporting env vars: AIRFLOW_CTX_DAG_OWNER='code2j' AIRFLOW_CTX_DAG_ID='dag_python_v02' AIRFLOW_CTX_TASK_ID='PrintReturn' AIRFLOW_CTX_EXECUTION_DATE='2024-12-20T20:16:00+00:00' AIRFLOW_CTX_TRY_NUMBER='1' AIRFLOW_CTX_DAG_RUN_ID='scheduled__2024-12-20T20:16:00+00:00'
[2024-12-21T11:35:31.976+0000] {taskinstance.py:731} INFO - ::endgroup::
[2024-12-21T11:35:31.988+0000] {logging_mixin.py:190} INFO - Hey Yash, You successfully created a dag which calls a python function to run
[2024-12-21T11:35:31.990+0000] {logging_mixin.py:190} INFO - Now lets also create and use xcom to push and pull values
[2024-12-21T11:35:31.991+0000] {python.py:240} INFO - Done. Returned value was: 25
[2024-12-21T11:35:32.014+0000] {taskinstance.py:340} INFO - ::group::Post task execution logs
[2024-12-21T11:35:32.014+0000] {taskinstance.py:352} INFO - Marking task as SUCCESS. dag_id=dag_python_v02, task_id=PrintReturn, run_id=scheduled__2024-12-20T20:16:00+00:00, execution_date=20241220T201600, start_date=20241221T113531, end_date=20241221T113532
[2024-12-21T11:35:32.030+0000] {local_task_job_runner.py:266} INFO - Task exited with return code 0
[2024-12-21T11:35:32.049+0000] {taskinstance.py:3895} INFO - 0 downstream tasks scheduled from follow-on schedule check
[2024-12-21T11:35:32.054+0000] {local_task_job_runner.py:245} INFO - ::endgroup::
