[2024-12-21T11:33:40.417+0000] {local_task_job_runner.py:123} INFO - ::group::Pre task execution logs
[2024-12-21T11:33:40.437+0000] {taskinstance.py:2613} INFO - Dependencies all met for dep_context=non-requeueable deps ti=<TaskInstance: dag_python_v02.PrintReturn scheduled__2024-12-20T08:44:00+00:00 [queued]>
[2024-12-21T11:33:40.447+0000] {taskinstance.py:2613} INFO - Dependencies all met for dep_context=requeueable deps ti=<TaskInstance: dag_python_v02.PrintReturn scheduled__2024-12-20T08:44:00+00:00 [queued]>
[2024-12-21T11:33:40.448+0000] {taskinstance.py:2866} INFO - Starting attempt 1 of 6
[2024-12-21T11:33:40.476+0000] {taskinstance.py:2889} INFO - Executing <Task(PythonOperator): PrintReturn> on 2024-12-20 08:44:00+00:00
[2024-12-21T11:33:40.479+0000] {logging_mixin.py:190} WARNING - /home/***/.local/lib/python3.12/site-packages/***/task/task_runner/standard_task_runner.py:70 DeprecationWarning: This process (pid=6375) is multi-threaded, use of fork() may lead to deadlocks in the child.
[2024-12-21T11:33:40.480+0000] {standard_task_runner.py:72} INFO - Started process 6393 to run task
[2024-12-21T11:33:40.481+0000] {standard_task_runner.py:104} INFO - Running: ['***', 'tasks', 'run', 'dag_python_v02', 'PrintReturn', 'scheduled__2024-12-20T08:44:00+00:00', '--job-id', '4069', '--raw', '--subdir', 'DAGS_FOLDER/dag2_python.py', '--cfg-path', '/tmp/tmppogb57c2']
[2024-12-21T11:33:40.483+0000] {standard_task_runner.py:105} INFO - Job 4069: Subtask PrintReturn
[2024-12-21T11:33:40.515+0000] {task_command.py:467} INFO - Running <TaskInstance: dag_python_v02.PrintReturn scheduled__2024-12-20T08:44:00+00:00 [running]> on host 1013b13d6384
[2024-12-21T11:33:40.576+0000] {taskinstance.py:3132} INFO - Exporting env vars: AIRFLOW_CTX_DAG_OWNER='code2j' AIRFLOW_CTX_DAG_ID='dag_python_v02' AIRFLOW_CTX_TASK_ID='PrintReturn' AIRFLOW_CTX_EXECUTION_DATE='2024-12-20T08:44:00+00:00' AIRFLOW_CTX_TRY_NUMBER='1' AIRFLOW_CTX_DAG_RUN_ID='scheduled__2024-12-20T08:44:00+00:00'
[2024-12-21T11:33:40.577+0000] {taskinstance.py:731} INFO - ::endgroup::
[2024-12-21T11:33:40.587+0000] {logging_mixin.py:190} INFO - Hey Yash, You successfully created a dag which calls a python function to run
[2024-12-21T11:33:40.587+0000] {logging_mixin.py:190} INFO - Now lets also create and use xcom to push and pull values
[2024-12-21T11:33:40.588+0000] {python.py:240} INFO - Done. Returned value was: 25
[2024-12-21T11:33:40.603+0000] {taskinstance.py:340} INFO - ::group::Post task execution logs
[2024-12-21T11:33:40.604+0000] {taskinstance.py:352} INFO - Marking task as SUCCESS. dag_id=dag_python_v02, task_id=PrintReturn, run_id=scheduled__2024-12-20T08:44:00+00:00, execution_date=20241220T084400, start_date=20241221T113340, end_date=20241221T113340
[2024-12-21T11:33:40.664+0000] {local_task_job_runner.py:266} INFO - Task exited with return code 0
[2024-12-21T11:33:40.680+0000] {taskinstance.py:3895} INFO - 1 downstream tasks scheduled from follow-on schedule check
[2024-12-21T11:33:40.682+0000] {local_task_job_runner.py:245} INFO - ::endgroup::
