[2024-12-21T16:03:26.001+0000] {local_task_job_runner.py:123} INFO - ::group::Pre task execution logs
[2024-12-21T16:03:26.018+0000] {taskinstance.py:2613} INFO - Dependencies all met for dep_context=non-requeueable deps ti=<TaskInstance: dag_python_v02.PrintReturn scheduled__2024-12-21T15:40:00+00:00 [queued]>
[2024-12-21T16:03:26.028+0000] {taskinstance.py:2613} INFO - Dependencies all met for dep_context=requeueable deps ti=<TaskInstance: dag_python_v02.PrintReturn scheduled__2024-12-21T15:40:00+00:00 [queued]>
[2024-12-21T16:03:26.029+0000] {taskinstance.py:2866} INFO - Starting attempt 1 of 6
[2024-12-21T16:03:26.045+0000] {taskinstance.py:2889} INFO - Executing <Task(PythonOperator): PrintReturn> on 2024-12-21 15:40:00+00:00
[2024-12-21T16:03:26.053+0000] {logging_mixin.py:190} WARNING - /home/***/.local/lib/python3.12/site-packages/***/task/task_runner/standard_task_runner.py:70 DeprecationWarning: This process (pid=5821) is multi-threaded, use of fork() may lead to deadlocks in the child.
[2024-12-21T16:03:26.053+0000] {standard_task_runner.py:104} INFO - Running: ['***', 'tasks', 'run', 'dag_python_v02', 'PrintReturn', 'scheduled__2024-12-21T15:40:00+00:00', '--job-id', '6858', '--raw', '--subdir', 'DAGS_FOLDER/dag2_python.py', '--cfg-path', '/tmp/tmpm2vix4is']
[2024-12-21T16:03:26.055+0000] {standard_task_runner.py:105} INFO - Job 6858: Subtask PrintReturn
[2024-12-21T16:03:26.055+0000] {standard_task_runner.py:72} INFO - Started process 5836 to run task
[2024-12-21T16:03:26.102+0000] {task_command.py:467} INFO - Running <TaskInstance: dag_python_v02.PrintReturn scheduled__2024-12-21T15:40:00+00:00 [running]> on host 2efad1bdb5fc
[2024-12-21T16:03:26.157+0000] {taskinstance.py:3132} INFO - Exporting env vars: AIRFLOW_CTX_DAG_OWNER='code2j' AIRFLOW_CTX_DAG_ID='dag_python_v02' AIRFLOW_CTX_TASK_ID='PrintReturn' AIRFLOW_CTX_EXECUTION_DATE='2024-12-21T15:40:00+00:00' AIRFLOW_CTX_TRY_NUMBER='1' AIRFLOW_CTX_DAG_RUN_ID='scheduled__2024-12-21T15:40:00+00:00'
[2024-12-21T16:03:26.158+0000] {taskinstance.py:731} INFO - ::endgroup::
[2024-12-21T16:03:26.170+0000] {logging_mixin.py:190} INFO - Hey Yash, You successfully created a dag which calls a python function to run
[2024-12-21T16:03:26.170+0000] {logging_mixin.py:190} INFO - Now lets also create and use xcom to push and pull values
[2024-12-21T16:03:26.171+0000] {python.py:240} INFO - Done. Returned value was: 25
[2024-12-21T16:03:26.186+0000] {taskinstance.py:340} INFO - ::group::Post task execution logs
[2024-12-21T16:03:26.187+0000] {taskinstance.py:352} INFO - Marking task as SUCCESS. dag_id=dag_python_v02, task_id=PrintReturn, run_id=scheduled__2024-12-21T15:40:00+00:00, execution_date=20241221T154000, start_date=20241221T160326, end_date=20241221T160326
[2024-12-21T16:03:26.203+0000] {local_task_job_runner.py:266} INFO - Task exited with return code 0
[2024-12-21T16:03:26.216+0000] {taskinstance.py:3895} INFO - 1 downstream tasks scheduled from follow-on schedule check
[2024-12-21T16:03:26.218+0000] {local_task_job_runner.py:245} INFO - ::endgroup::
