[2024-12-22T11:25:21.518+0000] {manager.py:487} INFO - Processing files using up to 2 processes at a time 
[2024-12-22T11:25:21.518+0000] {manager.py:488} INFO - Process each file at most once every 30 seconds
[2024-12-22T11:25:21.518+0000] {manager.py:490} INFO - Checking for new files in /opt/airflow/dags every 300 seconds
[2024-12-22T11:25:21.518+0000] {manager.py:758} INFO - Searching for files in /opt/airflow/dags
[2024-12-22T11:25:21.520+0000] {manager.py:761} INFO - There are 1 files in /opt/airflow/dags
[2024-12-22T11:25:21.552+0000] {manager.py:889} INFO - 
================================================================================
DAG File Processing Stats

File Path                             PID  Runtime      # DAGs    # Errors  Last Runtime    Last Run
----------------------------------  -----  ---------  --------  ----------  --------------  ----------
/opt/airflow/dags/spark_job_dag.py    169  0.02s             0           0
================================================================================
[2024-12-22T11:25:51.820+0000] {manager.py:889} INFO - 
================================================================================
DAG File Processing Stats

File Path                             PID  Runtime      # DAGs    # Errors  Last Runtime    Last Run
----------------------------------  -----  ---------  --------  ----------  --------------  -------------------
/opt/airflow/dags/spark_job_dag.py    175  0.01s             1           0  0.04s           2024-12-22T11:25:21
================================================================================
[2024-12-22T11:26:22.144+0000] {manager.py:889} INFO - 
================================================================================
DAG File Processing Stats

File Path                             PID  Runtime      # DAGs    # Errors  Last Runtime    Last Run
----------------------------------  -----  ---------  --------  ----------  --------------  -------------------
/opt/airflow/dags/spark_job_dag.py    180  0.00s             1           0  0.07s           2024-12-22T11:25:51
================================================================================
[2024-12-22T11:26:52.421+0000] {manager.py:889} INFO - 
================================================================================
DAG File Processing Stats

File Path                             PID  Runtime      # DAGs    # Errors  Last Runtime    Last Run
----------------------------------  -----  ---------  --------  ----------  --------------  -------------------
/opt/airflow/dags/spark_job_dag.py    185  0.00s             1           0  0.06s           2024-12-22T11:26:22
================================================================================
[2024-12-22T11:27:22.760+0000] {manager.py:889} INFO - 
================================================================================
DAG File Processing Stats

File Path                             PID  Runtime      # DAGs    # Errors  Last Runtime    Last Run
----------------------------------  -----  ---------  --------  ----------  --------------  -------------------
/opt/airflow/dags/spark_job_dag.py    190  0.01s             1           0  0.06s           2024-12-22T11:26:52
================================================================================
[2024-12-22T11:27:53.065+0000] {manager.py:889} INFO - 
================================================================================
DAG File Processing Stats

File Path                             PID  Runtime      # DAGs    # Errors  Last Runtime    Last Run
----------------------------------  -----  ---------  --------  ----------  --------------  -------------------
/opt/airflow/dags/spark_job_dag.py    195  0.01s             1           0  0.07s           2024-12-22T11:27:22
================================================================================
[2024-12-22T11:28:23.381+0000] {manager.py:889} INFO - 
================================================================================
DAG File Processing Stats

File Path                             PID  Runtime      # DAGs    # Errors  Last Runtime    Last Run
----------------------------------  -----  ---------  --------  ----------  --------------  -------------------
/opt/airflow/dags/spark_job_dag.py    200  0.01s             1           0  0.07s           2024-12-22T11:27:53
================================================================================
[2024-12-22T11:28:53.674+0000] {manager.py:889} INFO - 
================================================================================
DAG File Processing Stats

File Path                             PID  Runtime      # DAGs    # Errors  Last Runtime    Last Run
----------------------------------  -----  ---------  --------  ----------  --------------  -------------------
/opt/airflow/dags/spark_job_dag.py    205  0.01s             1           0  0.07s           2024-12-22T11:28:23
================================================================================
[2024-12-22T11:29:24.046+0000] {manager.py:889} INFO - 
================================================================================
DAG File Processing Stats

File Path                             PID  Runtime      # DAGs    # Errors  Last Runtime    Last Run
----------------------------------  -----  ---------  --------  ----------  --------------  -------------------
/opt/airflow/dags/spark_job_dag.py    210  0.00s             1           0  0.07s           2024-12-22T11:28:53
================================================================================
[2024-12-22T11:29:54.434+0000] {manager.py:889} INFO - 
================================================================================
DAG File Processing Stats

File Path                             PID  Runtime      # DAGs    # Errors  Last Runtime    Last Run
----------------------------------  -----  ---------  --------  ----------  --------------  -------------------
/opt/airflow/dags/spark_job_dag.py    215  0.01s             1           0  0.07s           2024-12-22T11:29:24
================================================================================
[2024-12-22T11:30:21.755+0000] {manager.py:758} INFO - Searching for files in /opt/airflow/dags
[2024-12-22T11:30:21.758+0000] {manager.py:761} INFO - There are 1 files in /opt/airflow/dags
[2024-12-22T11:30:24.811+0000] {manager.py:889} INFO - 
================================================================================
DAG File Processing Stats

File Path                             PID  Runtime      # DAGs    # Errors  Last Runtime    Last Run
----------------------------------  -----  ---------  --------  ----------  --------------  -------------------
/opt/airflow/dags/spark_job_dag.py    220  0.00s             1           0  0.07s           2024-12-22T11:29:54
================================================================================
[2024-12-22T11:30:55.134+0000] {manager.py:889} INFO - 
================================================================================
DAG File Processing Stats

File Path                             PID  Runtime      # DAGs    # Errors  Last Runtime    Last Run
----------------------------------  -----  ---------  --------  ----------  --------------  -------------------
/opt/airflow/dags/spark_job_dag.py    225  0.00s             1           0  0.07s           2024-12-22T11:30:24
================================================================================
[2024-12-22T11:31:25.971+0000] {manager.py:889} INFO - 
================================================================================
DAG File Processing Stats

File Path                           PID    Runtime      # DAGs    # Errors  Last Runtime    Last Run
----------------------------------  -----  ---------  --------  ----------  --------------  -------------------
/opt/airflow/dags/spark_job_dag.py                           1           0  0.08s           2024-12-22T11:31:13
================================================================================
[2024-12-22T11:31:56.337+0000] {manager.py:889} INFO - 
================================================================================
DAG File Processing Stats

File Path                           PID    Runtime      # DAGs    # Errors  Last Runtime    Last Run
----------------------------------  -----  ---------  --------  ----------  --------------  -------------------
/opt/airflow/dags/spark_job_dag.py                           1           0  0.08s           2024-12-22T11:31:44
================================================================================
[2024-12-22T11:32:26.664+0000] {manager.py:889} INFO - 
================================================================================
DAG File Processing Stats

File Path                           PID    Runtime      # DAGs    # Errors  Last Runtime    Last Run
----------------------------------  -----  ---------  --------  ----------  --------------  -------------------
/opt/airflow/dags/spark_job_dag.py                           1           0  0.06s           2024-12-22T11:32:14
================================================================================
[2024-12-22T11:32:56.977+0000] {manager.py:889} INFO - 
================================================================================
DAG File Processing Stats

File Path                           PID    Runtime      # DAGs    # Errors  Last Runtime    Last Run
----------------------------------  -----  ---------  --------  ----------  --------------  -------------------
/opt/airflow/dags/spark_job_dag.py                           1           0  0.07s           2024-12-22T11:32:44
================================================================================
[2024-12-22T11:33:27.252+0000] {manager.py:889} INFO - 
================================================================================
DAG File Processing Stats

File Path                           PID    Runtime      # DAGs    # Errors  Last Runtime    Last Run
----------------------------------  -----  ---------  --------  ----------  --------------  -------------------
/opt/airflow/dags/spark_job_dag.py                           1           0  0.07s           2024-12-22T11:33:15
================================================================================
[2024-12-22T11:33:57.599+0000] {manager.py:889} INFO - 
================================================================================
DAG File Processing Stats

File Path                           PID    Runtime      # DAGs    # Errors  Last Runtime    Last Run
----------------------------------  -----  ---------  --------  ----------  --------------  -------------------
/opt/airflow/dags/spark_job_dag.py                           1           0  0.08s           2024-12-22T11:33:45
================================================================================
[2024-12-22T11:34:27.947+0000] {manager.py:889} INFO - 
================================================================================
DAG File Processing Stats

File Path                           PID    Runtime      # DAGs    # Errors  Last Runtime    Last Run
----------------------------------  -----  ---------  --------  ----------  --------------  -------------------
/opt/airflow/dags/spark_job_dag.py                           1           0  0.07s           2024-12-22T11:34:15
================================================================================
[2024-12-22T11:34:58.317+0000] {manager.py:889} INFO - 
================================================================================
DAG File Processing Stats

File Path                           PID    Runtime      # DAGs    # Errors  Last Runtime    Last Run
----------------------------------  -----  ---------  --------  ----------  --------------  -------------------
/opt/airflow/dags/spark_job_dag.py                           1           0  0.07s           2024-12-22T11:34:46
================================================================================
[2024-12-22T11:35:22.606+0000] {manager.py:758} INFO - Searching for files in /opt/airflow/dags
[2024-12-22T11:35:22.613+0000] {manager.py:761} INFO - There are 2 files in /opt/airflow/dags
[2024-12-22T11:35:28.729+0000] {manager.py:889} INFO - 
================================================================================
DAG File Processing Stats

File Path                               PID    Runtime      # DAGs    # Errors  Last Runtime    Last Run
--------------------------------------  -----  ---------  --------  ----------  --------------  -------------------
/opt/airflow/dags/spark_job_dag.py                               1           0  0.07s           2024-12-22T11:35:16
/opt/airflow/dags/flight_search_dag.py                           1           0  0.10s           2024-12-22T11:35:22
================================================================================
[2024-12-22T11:35:59.165+0000] {manager.py:889} INFO - 
================================================================================
DAG File Processing Stats

File Path                               PID    Runtime      # DAGs    # Errors  Last Runtime    Last Run
--------------------------------------  -----  ---------  --------  ----------  --------------  -------------------
/opt/airflow/dags/spark_job_dag.py                               1           0  0.08s           2024-12-22T11:35:47
/opt/airflow/dags/flight_search_dag.py                           1           0  0.08s           2024-12-22T11:35:53
================================================================================
[2024-12-22T11:36:29.594+0000] {manager.py:889} INFO - 
================================================================================
DAG File Processing Stats

File Path                               PID    Runtime      # DAGs    # Errors  Last Runtime    Last Run
--------------------------------------  -----  ---------  --------  ----------  --------------  -------------------
/opt/airflow/dags/spark_job_dag.py                               1           0  0.08s           2024-12-22T11:36:17
/opt/airflow/dags/flight_search_dag.py                           1           0  0.08s           2024-12-22T11:36:23
================================================================================
[2024-12-22T11:36:59.998+0000] {manager.py:889} INFO - 
================================================================================
DAG File Processing Stats

File Path                               PID    Runtime      # DAGs    # Errors  Last Runtime    Last Run
--------------------------------------  -----  ---------  --------  ----------  --------------  -------------------
/opt/airflow/dags/spark_job_dag.py                               1           0  0.07s           2024-12-22T11:36:47
/opt/airflow/dags/flight_search_dag.py                           1           0  0.07s           2024-12-22T11:36:53
================================================================================
[2024-12-22T11:37:30.456+0000] {manager.py:889} INFO - 
================================================================================
DAG File Processing Stats

File Path                               PID    Runtime      # DAGs    # Errors  Last Runtime    Last Run
--------------------------------------  -----  ---------  --------  ----------  --------------  -------------------
/opt/airflow/dags/spark_job_dag.py                               1           0  0.07s           2024-12-22T11:37:18
/opt/airflow/dags/flight_search_dag.py                           1           0  0.07s           2024-12-22T11:37:24
================================================================================
[2024-12-22T11:38:00.803+0000] {manager.py:889} INFO - 
================================================================================
DAG File Processing Stats

File Path                               PID    Runtime      # DAGs    # Errors  Last Runtime    Last Run
--------------------------------------  -----  ---------  --------  ----------  --------------  -------------------
/opt/airflow/dags/spark_job_dag.py                               1           0  0.06s           2024-12-22T11:37:48
/opt/airflow/dags/flight_search_dag.py                           1           0  0.07s           2024-12-22T11:37:54
================================================================================
[2024-12-22T11:38:31.177+0000] {manager.py:889} INFO - 
================================================================================
DAG File Processing Stats

File Path                               PID    Runtime      # DAGs    # Errors  Last Runtime    Last Run
--------------------------------------  -----  ---------  --------  ----------  --------------  -------------------
/opt/airflow/dags/spark_job_dag.py                               1           0  0.05s           2024-12-22T11:38:19
/opt/airflow/dags/flight_search_dag.py                           1           0  0.08s           2024-12-22T11:38:25
================================================================================
[2024-12-22T11:39:01.583+0000] {manager.py:889} INFO - 
================================================================================
DAG File Processing Stats

File Path                               PID    Runtime      # DAGs    # Errors  Last Runtime    Last Run
--------------------------------------  -----  ---------  --------  ----------  --------------  -------------------
/opt/airflow/dags/spark_job_dag.py                               1           0  0.07s           2024-12-22T11:38:49
/opt/airflow/dags/flight_search_dag.py                           1           0  0.06s           2024-12-22T11:38:55
================================================================================
[2024-12-22T11:39:31.955+0000] {manager.py:889} INFO - 
================================================================================
DAG File Processing Stats

File Path                               PID    Runtime      # DAGs    # Errors  Last Runtime    Last Run
--------------------------------------  -----  ---------  --------  ----------  --------------  -------------------
/opt/airflow/dags/spark_job_dag.py                               1           0  0.06s           2024-12-22T11:39:19
/opt/airflow/dags/flight_search_dag.py                           1           0  0.07s           2024-12-22T11:39:25
================================================================================
[2024-12-22T11:40:02.319+0000] {manager.py:889} INFO - 
================================================================================
DAG File Processing Stats

File Path                               PID    Runtime      # DAGs    # Errors  Last Runtime    Last Run
--------------------------------------  -----  ---------  --------  ----------  --------------  -------------------
/opt/airflow/dags/spark_job_dag.py                               1           0  0.07s           2024-12-22T11:39:50
/opt/airflow/dags/flight_search_dag.py                           1           0  0.08s           2024-12-22T11:39:56
================================================================================
[2024-12-22T11:40:23.572+0000] {manager.py:758} INFO - Searching for files in /opt/airflow/dags
[2024-12-22T11:40:23.584+0000] {manager.py:761} INFO - There are 2 files in /opt/airflow/dags
[2024-12-22T11:40:32.703+0000] {manager.py:889} INFO - 
================================================================================
DAG File Processing Stats

File Path                               PID    Runtime      # DAGs    # Errors  Last Runtime    Last Run
--------------------------------------  -----  ---------  --------  ----------  --------------  -------------------
/opt/airflow/dags/spark_job_dag.py                               1           0  0.05s           2024-12-22T11:40:20
/opt/airflow/dags/flight_search_dag.py                           1           0  0.08s           2024-12-22T11:40:26
================================================================================
[2024-12-22T11:41:00.832+0000] {manager.py:470} INFO - Exiting gracefully upon receiving signal 15
[2024-12-22T11:41:40.830+0000] {manager.py:487} INFO - Processing files using up to 2 processes at a time 
[2024-12-22T11:41:40.831+0000] {manager.py:488} INFO - Process each file at most once every 30 seconds
[2024-12-22T11:41:40.831+0000] {manager.py:490} INFO - Checking for new files in /opt/airflow/dags every 300 seconds
[2024-12-22T11:41:40.832+0000] {manager.py:758} INFO - Searching for files in /opt/airflow/dags
[2024-12-22T11:41:40.833+0000] {manager.py:761} INFO - There are 2 files in /opt/airflow/dags
[2024-12-22T11:41:40.982+0000] {manager.py:889} INFO - 
================================================================================
DAG File Processing Stats

File Path                                 PID  Runtime      # DAGs    # Errors  Last Runtime    Last Run
--------------------------------------  -----  ---------  --------  ----------  --------------  ----------
/opt/airflow/dags/spark_job_dag.py        169  0.01s             0           0
/opt/airflow/dags/flight_search_dag.py    166  0.02s             0           0
================================================================================
[2024-12-22T11:42:11.235+0000] {manager.py:889} INFO - 
================================================================================
DAG File Processing Stats

File Path                                 PID  Runtime      # DAGs    # Errors  Last Runtime    Last Run
--------------------------------------  -----  ---------  --------  ----------  --------------  -------------------
/opt/airflow/dags/spark_job_dag.py        179  0.00s             1           0  0.05s           2024-12-22T11:41:41
/opt/airflow/dags/flight_search_dag.py    176  0.01s             1           0  0.05s           2024-12-22T11:41:41
================================================================================
[2024-12-22T11:42:41.513+0000] {manager.py:889} INFO - 
================================================================================
DAG File Processing Stats

File Path                                 PID  Runtime      # DAGs    # Errors  Last Runtime    Last Run
--------------------------------------  -----  ---------  --------  ----------  --------------  -------------------
/opt/airflow/dags/spark_job_dag.py        189  0.00s             1           0  0.07s           2024-12-22T11:42:11
/opt/airflow/dags/flight_search_dag.py    186  0.01s             1           0  0.08s           2024-12-22T11:42:11
================================================================================
[2024-12-22T11:43:11.830+0000] {manager.py:889} INFO - 
================================================================================
DAG File Processing Stats

File Path                                 PID  Runtime      # DAGs    # Errors  Last Runtime    Last Run
--------------------------------------  -----  ---------  --------  ----------  --------------  -------------------
/opt/airflow/dags/spark_job_dag.py        199  0.00s             1           0  0.06s           2024-12-22T11:42:41
/opt/airflow/dags/flight_search_dag.py    196  0.01s             1           0  0.07s           2024-12-22T11:42:41
================================================================================
[2024-12-22T11:43:42.165+0000] {manager.py:889} INFO - 
================================================================================
DAG File Processing Stats

File Path                                 PID  Runtime      # DAGs    # Errors  Last Runtime    Last Run
--------------------------------------  -----  ---------  --------  ----------  --------------  -------------------
/opt/airflow/dags/spark_job_dag.py        209  0.00s             1           0  0.05s           2024-12-22T11:43:11
/opt/airflow/dags/flight_search_dag.py    206  0.01s             1           0  0.06s           2024-12-22T11:43:11
================================================================================
[2024-12-22T11:44:12.512+0000] {manager.py:889} INFO - 
================================================================================
DAG File Processing Stats

File Path                                 PID  Runtime      # DAGs    # Errors  Last Runtime    Last Run
--------------------------------------  -----  ---------  --------  ----------  --------------  -------------------
/opt/airflow/dags/spark_job_dag.py        219  0.00s             1           0  0.06s           2024-12-22T11:43:42
/opt/airflow/dags/flight_search_dag.py    216  0.01s             1           0  0.07s           2024-12-22T11:43:42
================================================================================
[2024-12-22T11:44:42.867+0000] {manager.py:889} INFO - 
================================================================================
DAG File Processing Stats

File Path                                 PID  Runtime      # DAGs    # Errors  Last Runtime    Last Run
--------------------------------------  -----  ---------  --------  ----------  --------------  -------------------
/opt/airflow/dags/spark_job_dag.py        229  0.00s             1           0  0.07s           2024-12-22T11:44:12
/opt/airflow/dags/flight_search_dag.py    226  0.01s             1           0  0.07s           2024-12-22T11:44:12
================================================================================
[2024-12-22T11:45:13.218+0000] {manager.py:889} INFO - 
================================================================================
DAG File Processing Stats

File Path                                 PID  Runtime      # DAGs    # Errors  Last Runtime    Last Run
--------------------------------------  -----  ---------  --------  ----------  --------------  -------------------
/opt/airflow/dags/spark_job_dag.py        239  0.00s             1           0  0.06s           2024-12-22T11:44:42
/opt/airflow/dags/flight_search_dag.py    236  0.01s             1           0  0.07s           2024-12-22T11:44:42
================================================================================
[2024-12-22T11:45:43.550+0000] {manager.py:889} INFO - 
================================================================================
DAG File Processing Stats

File Path                                 PID  Runtime      # DAGs    # Errors  Last Runtime    Last Run
--------------------------------------  -----  ---------  --------  ----------  --------------  -------------------
/opt/airflow/dags/spark_job_dag.py        249  0.00s             1           0  0.07s           2024-12-22T11:45:13
/opt/airflow/dags/flight_search_dag.py    246  0.01s             1           0  0.08s           2024-12-22T11:45:13
================================================================================
[2024-12-22T11:46:13.911+0000] {manager.py:889} INFO - 
================================================================================
DAG File Processing Stats

File Path                                 PID  Runtime      # DAGs    # Errors  Last Runtime    Last Run
--------------------------------------  -----  ---------  --------  ----------  --------------  -------------------
/opt/airflow/dags/spark_job_dag.py        283  0.00s             1           0  0.07s           2024-12-22T11:45:43
/opt/airflow/dags/flight_search_dag.py    280  0.01s             1           0  0.08s           2024-12-22T11:45:43
================================================================================
[2024-12-22T11:46:41.199+0000] {manager.py:758} INFO - Searching for files in /opt/airflow/dags
[2024-12-22T11:46:41.209+0000] {manager.py:761} INFO - There are 2 files in /opt/airflow/dags
[2024-12-22T11:46:44.256+0000] {manager.py:889} INFO - 
================================================================================
DAG File Processing Stats

File Path                                 PID  Runtime      # DAGs    # Errors  Last Runtime    Last Run
--------------------------------------  -----  ---------  --------  ----------  --------------  -------------------
/opt/airflow/dags/spark_job_dag.py        293  0.00s             1           0  0.07s           2024-12-22T11:46:13
/opt/airflow/dags/flight_search_dag.py    290  0.00s             1           0  0.07s           2024-12-22T11:46:13
================================================================================
[2024-12-22T11:47:14.616+0000] {manager.py:889} INFO - 
================================================================================
DAG File Processing Stats

File Path                                 PID  Runtime      # DAGs    # Errors  Last Runtime    Last Run
--------------------------------------  -----  ---------  --------  ----------  --------------  -------------------
/opt/airflow/dags/spark_job_dag.py        303  0.00s             1           0  0.05s           2024-12-22T11:46:44
/opt/airflow/dags/flight_search_dag.py    300  0.00s             1           0  0.06s           2024-12-22T11:46:44
================================================================================
[2024-12-22T11:47:44.926+0000] {manager.py:889} INFO - 
================================================================================
DAG File Processing Stats

File Path                                 PID  Runtime      # DAGs    # Errors  Last Runtime    Last Run
--------------------------------------  -----  ---------  --------  ----------  --------------  -------------------
/opt/airflow/dags/spark_job_dag.py        313  0.00s             1           0  0.05s           2024-12-22T11:47:14
/opt/airflow/dags/flight_search_dag.py    310  0.00s             1           0  0.06s           2024-12-22T11:47:14
================================================================================
[2024-12-22T11:48:15.268+0000] {manager.py:889} INFO - 
================================================================================
DAG File Processing Stats

File Path                                 PID  Runtime      # DAGs    # Errors  Last Runtime    Last Run
--------------------------------------  -----  ---------  --------  ----------  --------------  -------------------
/opt/airflow/dags/spark_job_dag.py        323  0.00s             1           0  0.05s           2024-12-22T11:47:44
/opt/airflow/dags/flight_search_dag.py    320  0.01s             1           0  0.05s           2024-12-22T11:47:44
================================================================================
[2024-12-22T11:48:45.596+0000] {manager.py:889} INFO - 
================================================================================
DAG File Processing Stats

File Path                                 PID  Runtime      # DAGs    # Errors  Last Runtime    Last Run
--------------------------------------  -----  ---------  --------  ----------  --------------  -------------------
/opt/airflow/dags/spark_job_dag.py        333  0.00s             1           0  0.06s           2024-12-22T11:48:15
/opt/airflow/dags/flight_search_dag.py    330  0.01s             1           0  0.07s           2024-12-22T11:48:15
================================================================================
[2024-12-22T11:49:15.910+0000] {manager.py:889} INFO - 
================================================================================
DAG File Processing Stats

File Path                                 PID  Runtime      # DAGs    # Errors  Last Runtime    Last Run
--------------------------------------  -----  ---------  --------  ----------  --------------  -------------------
/opt/airflow/dags/spark_job_dag.py        343  0.00s             1           0  0.06s           2024-12-22T11:48:45
/opt/airflow/dags/flight_search_dag.py    340  0.01s             1           0  0.06s           2024-12-22T11:48:45
================================================================================
[2024-12-22T11:49:46.245+0000] {manager.py:889} INFO - 
================================================================================
DAG File Processing Stats

File Path                                 PID  Runtime      # DAGs    # Errors  Last Runtime    Last Run
--------------------------------------  -----  ---------  --------  ----------  --------------  -------------------
/opt/airflow/dags/spark_job_dag.py        353  0.00s             1           0  0.06s           2024-12-22T11:49:15
/opt/airflow/dags/flight_search_dag.py    350  0.01s             1           0  0.06s           2024-12-22T11:49:15
================================================================================
[2024-12-22T11:50:16.567+0000] {manager.py:889} INFO - 
================================================================================
DAG File Processing Stats

File Path                                 PID  Runtime      # DAGs    # Errors  Last Runtime    Last Run
--------------------------------------  -----  ---------  --------  ----------  --------------  -------------------
/opt/airflow/dags/spark_job_dag.py        375  0.00s             1           0  0.05s           2024-12-22T11:49:46
/opt/airflow/dags/flight_search_dag.py    372  0.01s             1           0  0.06s           2024-12-22T11:49:46
================================================================================
[2024-12-22T11:50:46.927+0000] {manager.py:889} INFO - 
================================================================================
DAG File Processing Stats

File Path                                 PID  Runtime      # DAGs    # Errors  Last Runtime    Last Run
--------------------------------------  -----  ---------  --------  ----------  --------------  -------------------
/opt/airflow/dags/spark_job_dag.py        385  0.00s             1           0  0.06s           2024-12-22T11:50:16
/opt/airflow/dags/flight_search_dag.py    382  0.00s             1           0  0.08s           2024-12-22T11:50:16
================================================================================
[2024-12-22T11:51:17.287+0000] {manager.py:889} INFO - 
================================================================================
DAG File Processing Stats

File Path                                 PID  Runtime      # DAGs    # Errors  Last Runtime    Last Run
--------------------------------------  -----  ---------  --------  ----------  --------------  -------------------
/opt/airflow/dags/spark_job_dag.py        407  0.00s             1           0  0.05s           2024-12-22T11:50:46
/opt/airflow/dags/flight_search_dag.py    404  0.01s             1           0  0.06s           2024-12-22T11:50:46
================================================================================
[2024-12-22T11:51:41.556+0000] {manager.py:758} INFO - Searching for files in /opt/airflow/dags
[2024-12-22T11:51:41.567+0000] {manager.py:761} INFO - There are 2 files in /opt/airflow/dags
[2024-12-22T11:51:47.646+0000] {manager.py:889} INFO - 
================================================================================
DAG File Processing Stats

File Path                                 PID  Runtime      # DAGs    # Errors  Last Runtime    Last Run
--------------------------------------  -----  ---------  --------  ----------  --------------  -------------------
/opt/airflow/dags/spark_job_dag.py        417  0.00s             1           0  0.05s           2024-12-22T11:51:17
/opt/airflow/dags/flight_search_dag.py    414  0.01s             1           0  0.06s           2024-12-22T11:51:17
================================================================================
