[2024-12-21T18:18:24.332+0000] {local_task_job_runner.py:123} INFO - ::group::Pre task execution logs
[2024-12-21T18:18:24.347+0000] {taskinstance.py:2613} INFO - Dependencies all met for dep_context=non-requeueable deps ti=<TaskInstance: dag_python_v02.PrintReturn scheduled__2024-12-21T18:02:00+00:00 [queued]>
[2024-12-21T18:18:24.357+0000] {taskinstance.py:2613} INFO - Dependencies all met for dep_context=requeueable deps ti=<TaskInstance: dag_python_v02.PrintReturn scheduled__2024-12-21T18:02:00+00:00 [queued]>
[2024-12-21T18:18:24.358+0000] {taskinstance.py:2866} INFO - Starting attempt 1 of 6
[2024-12-21T18:18:24.388+0000] {taskinstance.py:2889} INFO - Executing <Task(PythonOperator): PrintReturn> on 2024-12-21 18:02:00+00:00
[2024-12-21T18:18:24.399+0000] {logging_mixin.py:190} WARNING - /home/***/.local/lib/python3.12/site-packages/***/task/task_runner/standard_task_runner.py:70 DeprecationWarning: This process (pid=6709) is multi-threaded, use of fork() may lead to deadlocks in the child.
[2024-12-21T18:18:24.400+0000] {standard_task_runner.py:72} INFO - Started process 6728 to run task
[2024-12-21T18:18:24.397+0000] {standard_task_runner.py:104} INFO - Running: ['***', 'tasks', 'run', 'dag_python_v02', 'PrintReturn', 'scheduled__2024-12-21T18:02:00+00:00', '--job-id', '7069', '--raw', '--subdir', 'DAGS_FOLDER/dag2_python.py', '--cfg-path', '/tmp/tmp6e_y_sn0']
[2024-12-21T18:18:24.402+0000] {standard_task_runner.py:105} INFO - Job 7069: Subtask PrintReturn
[2024-12-21T18:18:24.453+0000] {task_command.py:467} INFO - Running <TaskInstance: dag_python_v02.PrintReturn scheduled__2024-12-21T18:02:00+00:00 [running]> on host 2efad1bdb5fc
[2024-12-21T18:18:24.538+0000] {taskinstance.py:3132} INFO - Exporting env vars: AIRFLOW_CTX_DAG_OWNER='code2j' AIRFLOW_CTX_DAG_ID='dag_python_v02' AIRFLOW_CTX_TASK_ID='PrintReturn' AIRFLOW_CTX_EXECUTION_DATE='2024-12-21T18:02:00+00:00' AIRFLOW_CTX_TRY_NUMBER='1' AIRFLOW_CTX_DAG_RUN_ID='scheduled__2024-12-21T18:02:00+00:00'
[2024-12-21T18:18:24.539+0000] {taskinstance.py:731} INFO - ::endgroup::
[2024-12-21T18:18:24.554+0000] {logging_mixin.py:190} INFO - Hey Yash, You successfully created a dag which calls a python function to run
[2024-12-21T18:18:24.556+0000] {logging_mixin.py:190} INFO - Now lets also create and use xcom to push and pull values
[2024-12-21T18:18:24.556+0000] {python.py:240} INFO - Done. Returned value was: 25
[2024-12-21T18:18:24.587+0000] {taskinstance.py:340} INFO - ::group::Post task execution logs
[2024-12-21T18:18:24.587+0000] {taskinstance.py:352} INFO - Marking task as SUCCESS. dag_id=dag_python_v02, task_id=PrintReturn, run_id=scheduled__2024-12-21T18:02:00+00:00, execution_date=20241221T180200, start_date=20241221T181824, end_date=20241221T181824
[2024-12-21T18:18:24.666+0000] {local_task_job_runner.py:266} INFO - Task exited with return code 0
[2024-12-21T18:18:24.692+0000] {taskinstance.py:3895} INFO - 0 downstream tasks scheduled from follow-on schedule check
[2024-12-21T18:18:24.696+0000] {local_task_job_runner.py:245} INFO - ::endgroup::
