[2024-12-21T17:12:52.177+0000] {local_task_job_runner.py:123} INFO - ::group::Pre task execution logs
[2024-12-21T17:12:52.192+0000] {taskinstance.py:2613} INFO - Dependencies all met for dep_context=non-requeueable deps ti=<TaskInstance: dag_python_v02.PrintReturn scheduled__2024-12-21T17:04:00+00:00 [queued]>
[2024-12-21T17:12:52.199+0000] {taskinstance.py:2613} INFO - Dependencies all met for dep_context=requeueable deps ti=<TaskInstance: dag_python_v02.PrintReturn scheduled__2024-12-21T17:04:00+00:00 [queued]>
[2024-12-21T17:12:52.199+0000] {taskinstance.py:2866} INFO - Starting attempt 1 of 6
[2024-12-21T17:12:52.213+0000] {taskinstance.py:2889} INFO - Executing <Task(PythonOperator): PrintReturn> on 2024-12-21 17:04:00+00:00
[2024-12-21T17:12:52.219+0000] {logging_mixin.py:190} WARNING - /home/***/.local/lib/python3.12/site-packages/***/task/task_runner/standard_task_runner.py:70 DeprecationWarning: This process (pid=6324) is multi-threaded, use of fork() may lead to deadlocks in the child.
[2024-12-21T17:12:52.220+0000] {standard_task_runner.py:72} INFO - Started process 6334 to run task
[2024-12-21T17:12:52.221+0000] {standard_task_runner.py:104} INFO - Running: ['***', 'tasks', 'run', 'dag_python_v02', 'PrintReturn', 'scheduled__2024-12-21T17:04:00+00:00', '--job-id', '6981', '--raw', '--subdir', 'DAGS_FOLDER/dag2_python.py', '--cfg-path', '/tmp/tmpzxujiaqo']
[2024-12-21T17:12:52.222+0000] {standard_task_runner.py:105} INFO - Job 6981: Subtask PrintReturn
[2024-12-21T17:12:52.261+0000] {task_command.py:467} INFO - Running <TaskInstance: dag_python_v02.PrintReturn scheduled__2024-12-21T17:04:00+00:00 [running]> on host 2efad1bdb5fc
[2024-12-21T17:12:52.314+0000] {taskinstance.py:3132} INFO - Exporting env vars: AIRFLOW_CTX_DAG_OWNER='code2j' AIRFLOW_CTX_DAG_ID='dag_python_v02' AIRFLOW_CTX_TASK_ID='PrintReturn' AIRFLOW_CTX_EXECUTION_DATE='2024-12-21T17:04:00+00:00' AIRFLOW_CTX_TRY_NUMBER='1' AIRFLOW_CTX_DAG_RUN_ID='scheduled__2024-12-21T17:04:00+00:00'
[2024-12-21T17:12:52.315+0000] {taskinstance.py:731} INFO - ::endgroup::
[2024-12-21T17:12:52.323+0000] {logging_mixin.py:190} INFO - Hey Yash, You successfully created a dag which calls a python function to run
[2024-12-21T17:12:52.323+0000] {logging_mixin.py:190} INFO - Now lets also create and use xcom to push and pull values
[2024-12-21T17:12:52.323+0000] {python.py:240} INFO - Done. Returned value was: 25
[2024-12-21T17:12:52.334+0000] {taskinstance.py:340} INFO - ::group::Post task execution logs
[2024-12-21T17:12:52.335+0000] {taskinstance.py:352} INFO - Marking task as SUCCESS. dag_id=dag_python_v02, task_id=PrintReturn, run_id=scheduled__2024-12-21T17:04:00+00:00, execution_date=20241221T170400, start_date=20241221T171252, end_date=20241221T171252
[2024-12-21T17:12:52.362+0000] {local_task_job_runner.py:266} INFO - Task exited with return code 0
[2024-12-21T17:12:52.373+0000] {taskinstance.py:3895} INFO - 1 downstream tasks scheduled from follow-on schedule check
[2024-12-21T17:12:52.374+0000] {local_task_job_runner.py:245} INFO - ::endgroup::
