[2024-12-19T05:41:52.586+0000] {local_task_job_runner.py:123} INFO - ::group::Pre task execution logs
[2024-12-19T05:41:52.593+0000] {taskinstance.py:2613} INFO - Dependencies all met for dep_context=non-requeueable deps ti=<TaskInstance: our_first_dag.first_task scheduled__2023-03-23T00:00:00+00:00 [queued]>
[2024-12-19T05:41:52.597+0000] {taskinstance.py:2613} INFO - Dependencies all met for dep_context=requeueable deps ti=<TaskInstance: our_first_dag.first_task scheduled__2023-03-23T00:00:00+00:00 [queued]>
[2024-12-19T05:41:52.597+0000] {taskinstance.py:2866} INFO - Starting attempt 1 of 6
[2024-12-19T05:41:52.605+0000] {taskinstance.py:2889} INFO - Executing <Task(BashOperator): first_task> on 2023-03-23 00:00:00+00:00
[2024-12-19T05:41:52.610+0000] {logging_mixin.py:190} WARNING - /home/***/.local/lib/python3.12/site-packages/***/task/task_runner/standard_task_runner.py:70 DeprecationWarning: This process (pid=2707) is multi-threaded, use of fork() may lead to deadlocks in the child.
[2024-12-19T05:41:52.610+0000] {standard_task_runner.py:72} INFO - Started process 2716 to run task
[2024-12-19T05:41:52.610+0000] {standard_task_runner.py:104} INFO - Running: ['***', 'tasks', 'run', 'our_first_dag', 'first_task', 'scheduled__2023-03-23T00:00:00+00:00', '--job-id', '606', '--raw', '--subdir', 'DAGS_FOLDER/our_first_dag.py', '--cfg-path', '/tmp/tmpo2gn0x7z']
[2024-12-19T05:41:52.612+0000] {standard_task_runner.py:105} INFO - Job 606: Subtask first_task
[2024-12-19T05:41:52.635+0000] {task_command.py:467} INFO - Running <TaskInstance: our_first_dag.first_task scheduled__2023-03-23T00:00:00+00:00 [running]> on host 13c961a72918
[2024-12-19T05:41:52.677+0000] {taskinstance.py:3132} INFO - Exporting env vars: AIRFLOW_CTX_DAG_OWNER='code2j' AIRFLOW_CTX_DAG_ID='our_first_dag' AIRFLOW_CTX_TASK_ID='first_task' AIRFLOW_CTX_EXECUTION_DATE='2023-03-23T00:00:00+00:00' AIRFLOW_CTX_TRY_NUMBER='1' AIRFLOW_CTX_DAG_RUN_ID='scheduled__2023-03-23T00:00:00+00:00'
[2024-12-19T05:41:52.678+0000] {taskinstance.py:731} INFO - ::endgroup::
[2024-12-19T05:41:52.687+0000] {subprocess.py:78} INFO - Tmp dir root location: /tmp
[2024-12-19T05:41:52.688+0000] {subprocess.py:88} INFO - Running command: ['/usr/bin/bash', '-c', 'echo hello world, this is the first task']
[2024-12-19T05:41:52.692+0000] {subprocess.py:99} INFO - Output:
[2024-12-19T05:41:52.693+0000] {subprocess.py:106} INFO - hello world, this is the first task
[2024-12-19T05:41:52.694+0000] {subprocess.py:110} INFO - Command exited with return code 0
[2024-12-19T05:41:52.706+0000] {taskinstance.py:340} INFO - ::group::Post task execution logs
[2024-12-19T05:41:52.706+0000] {taskinstance.py:352} INFO - Marking task as SUCCESS. dag_id=our_first_dag, task_id=first_task, run_id=scheduled__2023-03-23T00:00:00+00:00, execution_date=20230323T000000, start_date=20241219T054152, end_date=20241219T054152
[2024-12-19T05:41:52.751+0000] {local_task_job_runner.py:266} INFO - Task exited with return code 0
[2024-12-19T05:41:52.760+0000] {taskinstance.py:3895} INFO - 0 downstream tasks scheduled from follow-on schedule check
[2024-12-19T05:41:52.761+0000] {local_task_job_runner.py:245} INFO - ::endgroup::
