[2024-12-19T04:00:06.363+0000] {processor.py:186} INFO - Started process (PID=353) to work on /home/airflow/.local/lib/python3.12/site-packages/airflow/example_dags/example_dag_decorator.py
[2024-12-19T04:00:06.363+0000] {processor.py:914} INFO - Processing file /home/airflow/.local/lib/python3.12/site-packages/airflow/example_dags/example_dag_decorator.py for tasks to queue
[2024-12-19T04:00:06.364+0000] {logging_mixin.py:190} INFO - [2024-12-19T04:00:06.364+0000] {dagbag.py:588} INFO - Filling up the DagBag from /home/airflow/.local/lib/python3.12/site-packages/airflow/example_dags/example_dag_decorator.py
[2024-12-19T04:00:06.370+0000] {processor.py:925} INFO - DAG(s) 'example_dag_decorator' retrieved from /home/airflow/.local/lib/python3.12/site-packages/airflow/example_dags/example_dag_decorator.py
[2024-12-19T04:00:06.410+0000] {logging_mixin.py:190} INFO - [2024-12-19T04:00:06.410+0000] {override.py:1911} INFO - Created Permission View: can edit on DAG:example_dag_decorator
[2024-12-19T04:00:06.413+0000] {logging_mixin.py:190} INFO - [2024-12-19T04:00:06.413+0000] {override.py:1911} INFO - Created Permission View: can delete on DAG:example_dag_decorator
[2024-12-19T04:00:06.415+0000] {logging_mixin.py:190} INFO - [2024-12-19T04:00:06.415+0000] {override.py:1911} INFO - Created Permission View: can read on DAG:example_dag_decorator
[2024-12-19T04:00:06.416+0000] {logging_mixin.py:190} INFO - [2024-12-19T04:00:06.416+0000] {override.py:1911} INFO - Created Permission View: can create on DAG Run:example_dag_decorator
[2024-12-19T04:00:06.418+0000] {logging_mixin.py:190} INFO - [2024-12-19T04:00:06.418+0000] {override.py:1911} INFO - Created Permission View: can delete on DAG Run:example_dag_decorator
[2024-12-19T04:00:06.419+0000] {logging_mixin.py:190} INFO - [2024-12-19T04:00:06.419+0000] {override.py:1911} INFO - Created Permission View: menu access on DAG Run:example_dag_decorator
[2024-12-19T04:00:06.421+0000] {logging_mixin.py:190} INFO - [2024-12-19T04:00:06.421+0000] {override.py:1911} INFO - Created Permission View: can read on DAG Run:example_dag_decorator
[2024-12-19T04:00:06.421+0000] {logging_mixin.py:190} INFO - [2024-12-19T04:00:06.421+0000] {dag.py:3239} INFO - Sync 1 DAGs
[2024-12-19T04:00:06.426+0000] {logging_mixin.py:190} INFO - [2024-12-19T04:00:06.426+0000] {dag.py:3262} INFO - Creating ORM DAG for example_dag_decorator
[2024-12-19T04:00:06.427+0000] {logging_mixin.py:190} INFO - [2024-12-19T04:00:06.427+0000] {dag.py:4180} INFO - Setting next_dagrun for example_dag_decorator to None, run_after=None
[2024-12-19T04:00:06.432+0000] {processor.py:208} INFO - Processing /home/airflow/.local/lib/python3.12/site-packages/airflow/example_dags/example_dag_decorator.py took 0.073 seconds
[2024-12-19T04:00:56.001+0000] {processor.py:186} INFO - Started process (PID=345) to work on /home/airflow/.local/lib/python3.12/site-packages/airflow/example_dags/example_dag_decorator.py
[2024-12-19T04:00:56.001+0000] {processor.py:914} INFO - Processing file /home/airflow/.local/lib/python3.12/site-packages/airflow/example_dags/example_dag_decorator.py for tasks to queue
[2024-12-19T04:00:56.002+0000] {logging_mixin.py:190} INFO - [2024-12-19T04:00:56.002+0000] {dagbag.py:588} INFO - Filling up the DagBag from /home/airflow/.local/lib/python3.12/site-packages/airflow/example_dags/example_dag_decorator.py
[2024-12-19T04:00:56.007+0000] {processor.py:925} INFO - DAG(s) 'example_dag_decorator' retrieved from /home/airflow/.local/lib/python3.12/site-packages/airflow/example_dags/example_dag_decorator.py
[2024-12-19T04:00:56.047+0000] {logging_mixin.py:190} INFO - [2024-12-19T04:00:56.047+0000] {dag.py:3239} INFO - Sync 1 DAGs
[2024-12-19T04:00:56.051+0000] {logging_mixin.py:190} INFO - [2024-12-19T04:00:56.051+0000] {dag.py:4180} INFO - Setting next_dagrun for example_dag_decorator to None, run_after=None
[2024-12-19T04:00:56.057+0000] {processor.py:208} INFO - Processing /home/airflow/.local/lib/python3.12/site-packages/airflow/example_dags/example_dag_decorator.py took 0.059 seconds
[2024-12-19T04:01:26.398+0000] {processor.py:186} INFO - Started process (PID=636) to work on /home/airflow/.local/lib/python3.12/site-packages/airflow/example_dags/example_dag_decorator.py
[2024-12-19T04:01:26.399+0000] {processor.py:914} INFO - Processing file /home/airflow/.local/lib/python3.12/site-packages/airflow/example_dags/example_dag_decorator.py for tasks to queue
[2024-12-19T04:01:26.400+0000] {logging_mixin.py:190} INFO - [2024-12-19T04:01:26.400+0000] {dagbag.py:588} INFO - Filling up the DagBag from /home/airflow/.local/lib/python3.12/site-packages/airflow/example_dags/example_dag_decorator.py
[2024-12-19T04:01:26.406+0000] {processor.py:925} INFO - DAG(s) 'example_dag_decorator' retrieved from /home/airflow/.local/lib/python3.12/site-packages/airflow/example_dags/example_dag_decorator.py
[2024-12-19T04:01:26.462+0000] {logging_mixin.py:190} INFO - [2024-12-19T04:01:26.462+0000] {dag.py:3239} INFO - Sync 1 DAGs
[2024-12-19T04:01:26.468+0000] {logging_mixin.py:190} INFO - [2024-12-19T04:01:26.468+0000] {dag.py:4180} INFO - Setting next_dagrun for example_dag_decorator to None, run_after=None
[2024-12-19T04:01:26.477+0000] {processor.py:208} INFO - Processing /home/airflow/.local/lib/python3.12/site-packages/airflow/example_dags/example_dag_decorator.py took 0.082 seconds
[2024-12-19T04:01:56.666+0000] {processor.py:186} INFO - Started process (PID=927) to work on /home/airflow/.local/lib/python3.12/site-packages/airflow/example_dags/example_dag_decorator.py
[2024-12-19T04:01:56.666+0000] {processor.py:914} INFO - Processing file /home/airflow/.local/lib/python3.12/site-packages/airflow/example_dags/example_dag_decorator.py for tasks to queue
[2024-12-19T04:01:56.667+0000] {logging_mixin.py:190} INFO - [2024-12-19T04:01:56.667+0000] {dagbag.py:588} INFO - Filling up the DagBag from /home/airflow/.local/lib/python3.12/site-packages/airflow/example_dags/example_dag_decorator.py
[2024-12-19T04:01:56.672+0000] {processor.py:925} INFO - DAG(s) 'example_dag_decorator' retrieved from /home/airflow/.local/lib/python3.12/site-packages/airflow/example_dags/example_dag_decorator.py
[2024-12-19T04:01:56.714+0000] {logging_mixin.py:190} INFO - [2024-12-19T04:01:56.714+0000] {dag.py:3239} INFO - Sync 1 DAGs
[2024-12-19T04:01:56.718+0000] {logging_mixin.py:190} INFO - [2024-12-19T04:01:56.718+0000] {dag.py:4180} INFO - Setting next_dagrun for example_dag_decorator to None, run_after=None
[2024-12-19T04:01:56.725+0000] {processor.py:208} INFO - Processing /home/airflow/.local/lib/python3.12/site-packages/airflow/example_dags/example_dag_decorator.py took 0.061 seconds
[2024-12-19T04:02:26.966+0000] {processor.py:186} INFO - Started process (PID=1242) to work on /home/airflow/.local/lib/python3.12/site-packages/airflow/example_dags/example_dag_decorator.py
[2024-12-19T04:02:26.966+0000] {processor.py:914} INFO - Processing file /home/airflow/.local/lib/python3.12/site-packages/airflow/example_dags/example_dag_decorator.py for tasks to queue
[2024-12-19T04:02:26.967+0000] {logging_mixin.py:190} INFO - [2024-12-19T04:02:26.967+0000] {dagbag.py:588} INFO - Filling up the DagBag from /home/airflow/.local/lib/python3.12/site-packages/airflow/example_dags/example_dag_decorator.py
[2024-12-19T04:02:26.972+0000] {processor.py:925} INFO - DAG(s) 'example_dag_decorator' retrieved from /home/airflow/.local/lib/python3.12/site-packages/airflow/example_dags/example_dag_decorator.py
[2024-12-19T04:02:27.015+0000] {logging_mixin.py:190} INFO - [2024-12-19T04:02:27.015+0000] {dag.py:3239} INFO - Sync 1 DAGs
[2024-12-19T04:02:27.019+0000] {logging_mixin.py:190} INFO - [2024-12-19T04:02:27.019+0000] {dag.py:4180} INFO - Setting next_dagrun for example_dag_decorator to None, run_after=None
[2024-12-19T04:02:27.027+0000] {processor.py:208} INFO - Processing /home/airflow/.local/lib/python3.12/site-packages/airflow/example_dags/example_dag_decorator.py took 0.064 seconds
[2024-12-19T04:02:58.011+0000] {processor.py:186} INFO - Started process (PID=1533) to work on /home/airflow/.local/lib/python3.12/site-packages/airflow/example_dags/example_dag_decorator.py
[2024-12-19T04:02:58.011+0000] {processor.py:914} INFO - Processing file /home/airflow/.local/lib/python3.12/site-packages/airflow/example_dags/example_dag_decorator.py for tasks to queue
[2024-12-19T04:02:58.012+0000] {logging_mixin.py:190} INFO - [2024-12-19T04:02:58.012+0000] {dagbag.py:588} INFO - Filling up the DagBag from /home/airflow/.local/lib/python3.12/site-packages/airflow/example_dags/example_dag_decorator.py
[2024-12-19T04:02:58.017+0000] {processor.py:925} INFO - DAG(s) 'example_dag_decorator' retrieved from /home/airflow/.local/lib/python3.12/site-packages/airflow/example_dags/example_dag_decorator.py
[2024-12-19T04:02:58.055+0000] {logging_mixin.py:190} INFO - [2024-12-19T04:02:58.055+0000] {dag.py:3239} INFO - Sync 1 DAGs
[2024-12-19T04:02:58.059+0000] {logging_mixin.py:190} INFO - [2024-12-19T04:02:58.059+0000] {dag.py:4180} INFO - Setting next_dagrun for example_dag_decorator to None, run_after=None
[2024-12-19T04:02:58.066+0000] {processor.py:208} INFO - Processing /home/airflow/.local/lib/python3.12/site-packages/airflow/example_dags/example_dag_decorator.py took 0.057 seconds
[2024-12-19T04:03:29.141+0000] {processor.py:186} INFO - Started process (PID=1824) to work on /home/airflow/.local/lib/python3.12/site-packages/airflow/example_dags/example_dag_decorator.py
[2024-12-19T04:03:29.141+0000] {processor.py:914} INFO - Processing file /home/airflow/.local/lib/python3.12/site-packages/airflow/example_dags/example_dag_decorator.py for tasks to queue
[2024-12-19T04:03:29.142+0000] {logging_mixin.py:190} INFO - [2024-12-19T04:03:29.142+0000] {dagbag.py:588} INFO - Filling up the DagBag from /home/airflow/.local/lib/python3.12/site-packages/airflow/example_dags/example_dag_decorator.py
[2024-12-19T04:03:29.147+0000] {processor.py:925} INFO - DAG(s) 'example_dag_decorator' retrieved from /home/airflow/.local/lib/python3.12/site-packages/airflow/example_dags/example_dag_decorator.py
[2024-12-19T04:03:29.187+0000] {logging_mixin.py:190} INFO - [2024-12-19T04:03:29.187+0000] {dag.py:3239} INFO - Sync 1 DAGs
[2024-12-19T04:03:29.192+0000] {logging_mixin.py:190} INFO - [2024-12-19T04:03:29.192+0000] {dag.py:4180} INFO - Setting next_dagrun for example_dag_decorator to None, run_after=None
[2024-12-19T04:03:29.199+0000] {processor.py:208} INFO - Processing /home/airflow/.local/lib/python3.12/site-packages/airflow/example_dags/example_dag_decorator.py took 0.060 seconds
[2024-12-19T04:03:59.421+0000] {processor.py:186} INFO - Started process (PID=2115) to work on /home/airflow/.local/lib/python3.12/site-packages/airflow/example_dags/example_dag_decorator.py
[2024-12-19T04:03:59.421+0000] {processor.py:914} INFO - Processing file /home/airflow/.local/lib/python3.12/site-packages/airflow/example_dags/example_dag_decorator.py for tasks to queue
[2024-12-19T04:03:59.422+0000] {logging_mixin.py:190} INFO - [2024-12-19T04:03:59.422+0000] {dagbag.py:588} INFO - Filling up the DagBag from /home/airflow/.local/lib/python3.12/site-packages/airflow/example_dags/example_dag_decorator.py
[2024-12-19T04:03:59.427+0000] {processor.py:925} INFO - DAG(s) 'example_dag_decorator' retrieved from /home/airflow/.local/lib/python3.12/site-packages/airflow/example_dags/example_dag_decorator.py
[2024-12-19T04:03:59.465+0000] {logging_mixin.py:190} INFO - [2024-12-19T04:03:59.465+0000] {dag.py:3239} INFO - Sync 1 DAGs
[2024-12-19T04:03:59.470+0000] {logging_mixin.py:190} INFO - [2024-12-19T04:03:59.470+0000] {dag.py:4180} INFO - Setting next_dagrun for example_dag_decorator to None, run_after=None
[2024-12-19T04:03:59.476+0000] {processor.py:208} INFO - Processing /home/airflow/.local/lib/python3.12/site-packages/airflow/example_dags/example_dag_decorator.py took 0.058 seconds
[2024-12-19T04:04:32.207+0000] {processor.py:186} INFO - Started process (PID=2406) to work on /home/airflow/.local/lib/python3.12/site-packages/airflow/example_dags/example_dag_decorator.py
[2024-12-19T04:04:32.207+0000] {processor.py:914} INFO - Processing file /home/airflow/.local/lib/python3.12/site-packages/airflow/example_dags/example_dag_decorator.py for tasks to queue
[2024-12-19T04:04:32.208+0000] {logging_mixin.py:190} INFO - [2024-12-19T04:04:32.208+0000] {dagbag.py:588} INFO - Filling up the DagBag from /home/airflow/.local/lib/python3.12/site-packages/airflow/example_dags/example_dag_decorator.py
[2024-12-19T04:04:32.213+0000] {processor.py:925} INFO - DAG(s) 'example_dag_decorator' retrieved from /home/airflow/.local/lib/python3.12/site-packages/airflow/example_dags/example_dag_decorator.py
[2024-12-19T04:04:32.222+0000] {logging_mixin.py:190} INFO - [2024-12-19T04:04:32.222+0000] {dag.py:3239} INFO - Sync 1 DAGs
[2024-12-19T04:04:32.227+0000] {logging_mixin.py:190} INFO - [2024-12-19T04:04:32.227+0000] {dag.py:4180} INFO - Setting next_dagrun for example_dag_decorator to None, run_after=None
[2024-12-19T04:04:32.233+0000] {processor.py:208} INFO - Processing /home/airflow/.local/lib/python3.12/site-packages/airflow/example_dags/example_dag_decorator.py took 0.029 seconds
[2024-12-19T04:05:03.296+0000] {processor.py:186} INFO - Started process (PID=2703) to work on /home/airflow/.local/lib/python3.12/site-packages/airflow/example_dags/example_dag_decorator.py
[2024-12-19T04:05:03.296+0000] {processor.py:914} INFO - Processing file /home/airflow/.local/lib/python3.12/site-packages/airflow/example_dags/example_dag_decorator.py for tasks to queue
[2024-12-19T04:05:03.297+0000] {logging_mixin.py:190} INFO - [2024-12-19T04:05:03.297+0000] {dagbag.py:588} INFO - Filling up the DagBag from /home/airflow/.local/lib/python3.12/site-packages/airflow/example_dags/example_dag_decorator.py
[2024-12-19T04:05:03.302+0000] {processor.py:925} INFO - DAG(s) 'example_dag_decorator' retrieved from /home/airflow/.local/lib/python3.12/site-packages/airflow/example_dags/example_dag_decorator.py
[2024-12-19T04:05:03.342+0000] {logging_mixin.py:190} INFO - [2024-12-19T04:05:03.341+0000] {dag.py:3239} INFO - Sync 1 DAGs
[2024-12-19T04:05:03.345+0000] {logging_mixin.py:190} INFO - [2024-12-19T04:05:03.345+0000] {dag.py:4180} INFO - Setting next_dagrun for example_dag_decorator to None, run_after=None
[2024-12-19T04:05:03.352+0000] {processor.py:208} INFO - Processing /home/airflow/.local/lib/python3.12/site-packages/airflow/example_dags/example_dag_decorator.py took 0.059 seconds
[2024-12-19T04:22:25.125+0000] {processor.py:186} INFO - Started process (PID=3129) to work on /home/airflow/.local/lib/python3.12/site-packages/airflow/example_dags/example_dag_decorator.py
[2024-12-19T04:22:25.128+0000] {processor.py:914} INFO - Processing file /home/airflow/.local/lib/python3.12/site-packages/airflow/example_dags/example_dag_decorator.py for tasks to queue
[2024-12-19T04:22:25.128+0000] {logging_mixin.py:190} INFO - [2024-12-19T04:22:25.128+0000] {dagbag.py:588} INFO - Filling up the DagBag from /home/airflow/.local/lib/python3.12/site-packages/airflow/example_dags/example_dag_decorator.py
[2024-12-19T04:22:25.133+0000] {processor.py:925} INFO - DAG(s) 'example_dag_decorator' retrieved from /home/airflow/.local/lib/python3.12/site-packages/airflow/example_dags/example_dag_decorator.py
[2024-12-19T04:22:25.173+0000] {logging_mixin.py:190} INFO - [2024-12-19T04:22:25.173+0000] {dag.py:3239} INFO - Sync 1 DAGs
[2024-12-19T04:22:25.178+0000] {logging_mixin.py:190} INFO - [2024-12-19T04:22:25.178+0000] {dag.py:4180} INFO - Setting next_dagrun for example_dag_decorator to None, run_after=None
[2024-12-19T04:22:25.184+0000] {processor.py:208} INFO - Processing /home/airflow/.local/lib/python3.12/site-packages/airflow/example_dags/example_dag_decorator.py took 0.061 seconds
[2024-12-19T04:22:55.611+0000] {processor.py:186} INFO - Started process (PID=3422) to work on /home/airflow/.local/lib/python3.12/site-packages/airflow/example_dags/example_dag_decorator.py
[2024-12-19T04:22:55.612+0000] {processor.py:914} INFO - Processing file /home/airflow/.local/lib/python3.12/site-packages/airflow/example_dags/example_dag_decorator.py for tasks to queue
[2024-12-19T04:22:55.613+0000] {logging_mixin.py:190} INFO - [2024-12-19T04:22:55.612+0000] {dagbag.py:588} INFO - Filling up the DagBag from /home/airflow/.local/lib/python3.12/site-packages/airflow/example_dags/example_dag_decorator.py
[2024-12-19T04:22:55.617+0000] {processor.py:925} INFO - DAG(s) 'example_dag_decorator' retrieved from /home/airflow/.local/lib/python3.12/site-packages/airflow/example_dags/example_dag_decorator.py
[2024-12-19T04:22:55.660+0000] {logging_mixin.py:190} INFO - [2024-12-19T04:22:55.660+0000] {dag.py:3239} INFO - Sync 1 DAGs
[2024-12-19T04:22:55.666+0000] {logging_mixin.py:190} INFO - [2024-12-19T04:22:55.665+0000] {dag.py:4180} INFO - Setting next_dagrun for example_dag_decorator to None, run_after=None
[2024-12-19T04:22:55.672+0000] {processor.py:208} INFO - Processing /home/airflow/.local/lib/python3.12/site-packages/airflow/example_dags/example_dag_decorator.py took 0.063 seconds
[2024-12-19T04:39:23.193+0000] {processor.py:186} INFO - Started process (PID=3705) to work on /home/airflow/.local/lib/python3.12/site-packages/airflow/example_dags/example_dag_decorator.py
[2024-12-19T04:39:23.194+0000] {processor.py:914} INFO - Processing file /home/airflow/.local/lib/python3.12/site-packages/airflow/example_dags/example_dag_decorator.py for tasks to queue
[2024-12-19T04:39:23.195+0000] {logging_mixin.py:190} INFO - [2024-12-19T04:39:23.194+0000] {dagbag.py:588} INFO - Filling up the DagBag from /home/airflow/.local/lib/python3.12/site-packages/airflow/example_dags/example_dag_decorator.py
[2024-12-19T04:39:23.199+0000] {processor.py:925} INFO - DAG(s) 'example_dag_decorator' retrieved from /home/airflow/.local/lib/python3.12/site-packages/airflow/example_dags/example_dag_decorator.py
[2024-12-19T04:39:23.241+0000] {logging_mixin.py:190} INFO - [2024-12-19T04:39:23.241+0000] {dag.py:3239} INFO - Sync 1 DAGs
[2024-12-19T04:39:23.245+0000] {logging_mixin.py:190} INFO - [2024-12-19T04:39:23.245+0000] {dag.py:4180} INFO - Setting next_dagrun for example_dag_decorator to None, run_after=None
[2024-12-19T04:39:23.252+0000] {processor.py:208} INFO - Processing /home/airflow/.local/lib/python3.12/site-packages/airflow/example_dags/example_dag_decorator.py took 0.061 seconds
[2024-12-19T04:39:54.301+0000] {processor.py:186} INFO - Started process (PID=4002) to work on /home/airflow/.local/lib/python3.12/site-packages/airflow/example_dags/example_dag_decorator.py
[2024-12-19T04:39:54.301+0000] {processor.py:914} INFO - Processing file /home/airflow/.local/lib/python3.12/site-packages/airflow/example_dags/example_dag_decorator.py for tasks to queue
[2024-12-19T04:39:54.302+0000] {logging_mixin.py:190} INFO - [2024-12-19T04:39:54.302+0000] {dagbag.py:588} INFO - Filling up the DagBag from /home/airflow/.local/lib/python3.12/site-packages/airflow/example_dags/example_dag_decorator.py
[2024-12-19T04:39:54.309+0000] {processor.py:925} INFO - DAG(s) 'example_dag_decorator' retrieved from /home/airflow/.local/lib/python3.12/site-packages/airflow/example_dags/example_dag_decorator.py
[2024-12-19T04:39:54.317+0000] {logging_mixin.py:190} INFO - [2024-12-19T04:39:54.317+0000] {dag.py:3239} INFO - Sync 1 DAGs
[2024-12-19T04:39:54.322+0000] {logging_mixin.py:190} INFO - [2024-12-19T04:39:54.322+0000] {dag.py:4180} INFO - Setting next_dagrun for example_dag_decorator to None, run_after=None
[2024-12-19T04:39:54.328+0000] {processor.py:208} INFO - Processing /home/airflow/.local/lib/python3.12/site-packages/airflow/example_dags/example_dag_decorator.py took 0.030 seconds
[2024-12-19T04:40:25.290+0000] {processor.py:186} INFO - Started process (PID=4293) to work on /home/airflow/.local/lib/python3.12/site-packages/airflow/example_dags/example_dag_decorator.py
[2024-12-19T04:40:25.290+0000] {processor.py:914} INFO - Processing file /home/airflow/.local/lib/python3.12/site-packages/airflow/example_dags/example_dag_decorator.py for tasks to queue
[2024-12-19T04:40:25.291+0000] {logging_mixin.py:190} INFO - [2024-12-19T04:40:25.291+0000] {dagbag.py:588} INFO - Filling up the DagBag from /home/airflow/.local/lib/python3.12/site-packages/airflow/example_dags/example_dag_decorator.py
[2024-12-19T04:40:25.296+0000] {processor.py:925} INFO - DAG(s) 'example_dag_decorator' retrieved from /home/airflow/.local/lib/python3.12/site-packages/airflow/example_dags/example_dag_decorator.py
[2024-12-19T04:40:25.334+0000] {logging_mixin.py:190} INFO - [2024-12-19T04:40:25.334+0000] {dag.py:3239} INFO - Sync 1 DAGs
[2024-12-19T04:40:25.338+0000] {logging_mixin.py:190} INFO - [2024-12-19T04:40:25.338+0000] {dag.py:4180} INFO - Setting next_dagrun for example_dag_decorator to None, run_after=None
[2024-12-19T04:40:25.345+0000] {processor.py:208} INFO - Processing /home/airflow/.local/lib/python3.12/site-packages/airflow/example_dags/example_dag_decorator.py took 0.058 seconds
[2024-12-19T04:40:56.289+0000] {processor.py:186} INFO - Started process (PID=4584) to work on /home/airflow/.local/lib/python3.12/site-packages/airflow/example_dags/example_dag_decorator.py
[2024-12-19T04:40:56.289+0000] {processor.py:914} INFO - Processing file /home/airflow/.local/lib/python3.12/site-packages/airflow/example_dags/example_dag_decorator.py for tasks to queue
[2024-12-19T04:40:56.291+0000] {logging_mixin.py:190} INFO - [2024-12-19T04:40:56.291+0000] {dagbag.py:588} INFO - Filling up the DagBag from /home/airflow/.local/lib/python3.12/site-packages/airflow/example_dags/example_dag_decorator.py
[2024-12-19T04:40:56.296+0000] {processor.py:925} INFO - DAG(s) 'example_dag_decorator' retrieved from /home/airflow/.local/lib/python3.12/site-packages/airflow/example_dags/example_dag_decorator.py
[2024-12-19T04:40:56.333+0000] {logging_mixin.py:190} INFO - [2024-12-19T04:40:56.333+0000] {dag.py:3239} INFO - Sync 1 DAGs
[2024-12-19T04:40:56.337+0000] {logging_mixin.py:190} INFO - [2024-12-19T04:40:56.337+0000] {dag.py:4180} INFO - Setting next_dagrun for example_dag_decorator to None, run_after=None
[2024-12-19T04:40:56.343+0000] {processor.py:208} INFO - Processing /home/airflow/.local/lib/python3.12/site-packages/airflow/example_dags/example_dag_decorator.py took 0.057 seconds
[2024-12-19T04:41:27.370+0000] {processor.py:186} INFO - Started process (PID=4875) to work on /home/airflow/.local/lib/python3.12/site-packages/airflow/example_dags/example_dag_decorator.py
[2024-12-19T04:41:27.372+0000] {processor.py:914} INFO - Processing file /home/airflow/.local/lib/python3.12/site-packages/airflow/example_dags/example_dag_decorator.py for tasks to queue
[2024-12-19T04:41:27.373+0000] {logging_mixin.py:190} INFO - [2024-12-19T04:41:27.373+0000] {dagbag.py:588} INFO - Filling up the DagBag from /home/airflow/.local/lib/python3.12/site-packages/airflow/example_dags/example_dag_decorator.py
[2024-12-19T04:41:27.378+0000] {processor.py:925} INFO - DAG(s) 'example_dag_decorator' retrieved from /home/airflow/.local/lib/python3.12/site-packages/airflow/example_dags/example_dag_decorator.py
[2024-12-19T04:41:27.419+0000] {logging_mixin.py:190} INFO - [2024-12-19T04:41:27.418+0000] {dag.py:3239} INFO - Sync 1 DAGs
[2024-12-19T04:41:27.423+0000] {logging_mixin.py:190} INFO - [2024-12-19T04:41:27.423+0000] {dag.py:4180} INFO - Setting next_dagrun for example_dag_decorator to None, run_after=None
[2024-12-19T04:41:27.429+0000] {processor.py:208} INFO - Processing /home/airflow/.local/lib/python3.12/site-packages/airflow/example_dags/example_dag_decorator.py took 0.062 seconds
[2024-12-19T04:41:58.479+0000] {processor.py:186} INFO - Started process (PID=5166) to work on /home/airflow/.local/lib/python3.12/site-packages/airflow/example_dags/example_dag_decorator.py
[2024-12-19T04:41:58.480+0000] {processor.py:914} INFO - Processing file /home/airflow/.local/lib/python3.12/site-packages/airflow/example_dags/example_dag_decorator.py for tasks to queue
[2024-12-19T04:41:58.480+0000] {logging_mixin.py:190} INFO - [2024-12-19T04:41:58.480+0000] {dagbag.py:588} INFO - Filling up the DagBag from /home/airflow/.local/lib/python3.12/site-packages/airflow/example_dags/example_dag_decorator.py
[2024-12-19T04:41:58.485+0000] {processor.py:925} INFO - DAG(s) 'example_dag_decorator' retrieved from /home/airflow/.local/lib/python3.12/site-packages/airflow/example_dags/example_dag_decorator.py
[2024-12-19T04:41:58.522+0000] {logging_mixin.py:190} INFO - [2024-12-19T04:41:58.522+0000] {dag.py:3239} INFO - Sync 1 DAGs
[2024-12-19T04:41:58.527+0000] {logging_mixin.py:190} INFO - [2024-12-19T04:41:58.527+0000] {dag.py:4180} INFO - Setting next_dagrun for example_dag_decorator to None, run_after=None
[2024-12-19T04:41:58.532+0000] {processor.py:208} INFO - Processing /home/airflow/.local/lib/python3.12/site-packages/airflow/example_dags/example_dag_decorator.py took 0.055 seconds
[2024-12-19T04:55:19.333+0000] {processor.py:186} INFO - Started process (PID=5453) to work on /home/airflow/.local/lib/python3.12/site-packages/airflow/example_dags/example_dag_decorator.py
[2024-12-19T04:55:19.334+0000] {processor.py:914} INFO - Processing file /home/airflow/.local/lib/python3.12/site-packages/airflow/example_dags/example_dag_decorator.py for tasks to queue
[2024-12-19T04:55:19.334+0000] {logging_mixin.py:190} INFO - [2024-12-19T04:55:19.334+0000] {dagbag.py:588} INFO - Filling up the DagBag from /home/airflow/.local/lib/python3.12/site-packages/airflow/example_dags/example_dag_decorator.py
[2024-12-19T04:55:19.339+0000] {processor.py:925} INFO - DAG(s) 'example_dag_decorator' retrieved from /home/airflow/.local/lib/python3.12/site-packages/airflow/example_dags/example_dag_decorator.py
[2024-12-19T04:55:19.347+0000] {logging_mixin.py:190} INFO - [2024-12-19T04:55:19.347+0000] {dag.py:3239} INFO - Sync 1 DAGs
[2024-12-19T04:55:19.352+0000] {logging_mixin.py:190} INFO - [2024-12-19T04:55:19.352+0000] {dag.py:4180} INFO - Setting next_dagrun for example_dag_decorator to None, run_after=None
[2024-12-19T04:55:19.358+0000] {processor.py:208} INFO - Processing /home/airflow/.local/lib/python3.12/site-packages/airflow/example_dags/example_dag_decorator.py took 0.027 seconds
[2024-12-19T04:55:49.618+0000] {processor.py:186} INFO - Started process (PID=5748) to work on /home/airflow/.local/lib/python3.12/site-packages/airflow/example_dags/example_dag_decorator.py
[2024-12-19T04:55:49.620+0000] {processor.py:914} INFO - Processing file /home/airflow/.local/lib/python3.12/site-packages/airflow/example_dags/example_dag_decorator.py for tasks to queue
[2024-12-19T04:55:49.621+0000] {logging_mixin.py:190} INFO - [2024-12-19T04:55:49.621+0000] {dagbag.py:588} INFO - Filling up the DagBag from /home/airflow/.local/lib/python3.12/site-packages/airflow/example_dags/example_dag_decorator.py
[2024-12-19T04:55:49.625+0000] {processor.py:925} INFO - DAG(s) 'example_dag_decorator' retrieved from /home/airflow/.local/lib/python3.12/site-packages/airflow/example_dags/example_dag_decorator.py
[2024-12-19T04:55:49.670+0000] {logging_mixin.py:190} INFO - [2024-12-19T04:55:49.670+0000] {dag.py:3239} INFO - Sync 1 DAGs
[2024-12-19T04:55:49.675+0000] {logging_mixin.py:190} INFO - [2024-12-19T04:55:49.674+0000] {dag.py:4180} INFO - Setting next_dagrun for example_dag_decorator to None, run_after=None
[2024-12-19T04:55:49.681+0000] {processor.py:208} INFO - Processing /home/airflow/.local/lib/python3.12/site-packages/airflow/example_dags/example_dag_decorator.py took 0.066 seconds
[2024-12-19T04:56:19.906+0000] {processor.py:186} INFO - Started process (PID=6039) to work on /home/airflow/.local/lib/python3.12/site-packages/airflow/example_dags/example_dag_decorator.py
[2024-12-19T04:56:19.906+0000] {processor.py:914} INFO - Processing file /home/airflow/.local/lib/python3.12/site-packages/airflow/example_dags/example_dag_decorator.py for tasks to queue
[2024-12-19T04:56:19.907+0000] {logging_mixin.py:190} INFO - [2024-12-19T04:56:19.907+0000] {dagbag.py:588} INFO - Filling up the DagBag from /home/airflow/.local/lib/python3.12/site-packages/airflow/example_dags/example_dag_decorator.py
[2024-12-19T04:56:19.912+0000] {processor.py:925} INFO - DAG(s) 'example_dag_decorator' retrieved from /home/airflow/.local/lib/python3.12/site-packages/airflow/example_dags/example_dag_decorator.py
[2024-12-19T04:56:19.951+0000] {logging_mixin.py:190} INFO - [2024-12-19T04:56:19.951+0000] {dag.py:3239} INFO - Sync 1 DAGs
[2024-12-19T04:56:19.956+0000] {logging_mixin.py:190} INFO - [2024-12-19T04:56:19.956+0000] {dag.py:4180} INFO - Setting next_dagrun for example_dag_decorator to None, run_after=None
[2024-12-19T04:56:19.966+0000] {processor.py:208} INFO - Processing /home/airflow/.local/lib/python3.12/site-packages/airflow/example_dags/example_dag_decorator.py took 0.062 seconds
[2024-12-19T04:56:50.197+0000] {processor.py:186} INFO - Started process (PID=6330) to work on /home/airflow/.local/lib/python3.12/site-packages/airflow/example_dags/example_dag_decorator.py
[2024-12-19T04:56:50.197+0000] {processor.py:914} INFO - Processing file /home/airflow/.local/lib/python3.12/site-packages/airflow/example_dags/example_dag_decorator.py for tasks to queue
[2024-12-19T04:56:50.198+0000] {logging_mixin.py:190} INFO - [2024-12-19T04:56:50.198+0000] {dagbag.py:588} INFO - Filling up the DagBag from /home/airflow/.local/lib/python3.12/site-packages/airflow/example_dags/example_dag_decorator.py
[2024-12-19T04:56:50.204+0000] {processor.py:925} INFO - DAG(s) 'example_dag_decorator' retrieved from /home/airflow/.local/lib/python3.12/site-packages/airflow/example_dags/example_dag_decorator.py
[2024-12-19T04:56:50.246+0000] {logging_mixin.py:190} INFO - [2024-12-19T04:56:50.245+0000] {dag.py:3239} INFO - Sync 1 DAGs
[2024-12-19T04:56:50.250+0000] {logging_mixin.py:190} INFO - [2024-12-19T04:56:50.250+0000] {dag.py:4180} INFO - Setting next_dagrun for example_dag_decorator to None, run_after=None
[2024-12-19T04:56:50.260+0000] {processor.py:208} INFO - Processing /home/airflow/.local/lib/python3.12/site-packages/airflow/example_dags/example_dag_decorator.py took 0.065 seconds
[2024-12-19T04:57:20.453+0000] {processor.py:186} INFO - Started process (PID=6621) to work on /home/airflow/.local/lib/python3.12/site-packages/airflow/example_dags/example_dag_decorator.py
[2024-12-19T04:57:20.454+0000] {processor.py:914} INFO - Processing file /home/airflow/.local/lib/python3.12/site-packages/airflow/example_dags/example_dag_decorator.py for tasks to queue
[2024-12-19T04:57:20.455+0000] {logging_mixin.py:190} INFO - [2024-12-19T04:57:20.455+0000] {dagbag.py:588} INFO - Filling up the DagBag from /home/airflow/.local/lib/python3.12/site-packages/airflow/example_dags/example_dag_decorator.py
[2024-12-19T04:57:20.460+0000] {processor.py:925} INFO - DAG(s) 'example_dag_decorator' retrieved from /home/airflow/.local/lib/python3.12/site-packages/airflow/example_dags/example_dag_decorator.py
[2024-12-19T04:57:20.502+0000] {logging_mixin.py:190} INFO - [2024-12-19T04:57:20.502+0000] {dag.py:3239} INFO - Sync 1 DAGs
[2024-12-19T04:57:20.507+0000] {logging_mixin.py:190} INFO - [2024-12-19T04:57:20.506+0000] {dag.py:4180} INFO - Setting next_dagrun for example_dag_decorator to None, run_after=None
[2024-12-19T04:57:20.513+0000] {processor.py:208} INFO - Processing /home/airflow/.local/lib/python3.12/site-packages/airflow/example_dags/example_dag_decorator.py took 0.062 seconds
[2024-12-19T04:57:50.707+0000] {processor.py:186} INFO - Started process (PID=6911) to work on /home/airflow/.local/lib/python3.12/site-packages/airflow/example_dags/example_dag_decorator.py
[2024-12-19T04:57:50.711+0000] {processor.py:914} INFO - Processing file /home/airflow/.local/lib/python3.12/site-packages/airflow/example_dags/example_dag_decorator.py for tasks to queue
[2024-12-19T04:57:50.712+0000] {logging_mixin.py:190} INFO - [2024-12-19T04:57:50.712+0000] {dagbag.py:588} INFO - Filling up the DagBag from /home/airflow/.local/lib/python3.12/site-packages/airflow/example_dags/example_dag_decorator.py
[2024-12-19T04:57:50.718+0000] {processor.py:925} INFO - DAG(s) 'example_dag_decorator' retrieved from /home/airflow/.local/lib/python3.12/site-packages/airflow/example_dags/example_dag_decorator.py
[2024-12-19T04:57:50.759+0000] {logging_mixin.py:190} INFO - [2024-12-19T04:57:50.759+0000] {dag.py:3239} INFO - Sync 1 DAGs
[2024-12-19T04:57:50.764+0000] {logging_mixin.py:190} INFO - [2024-12-19T04:57:50.764+0000] {dag.py:4180} INFO - Setting next_dagrun for example_dag_decorator to None, run_after=None
[2024-12-19T04:57:50.771+0000] {processor.py:208} INFO - Processing /home/airflow/.local/lib/python3.12/site-packages/airflow/example_dags/example_dag_decorator.py took 0.066 seconds
[2024-12-19T04:58:21.074+0000] {processor.py:186} INFO - Started process (PID=7202) to work on /home/airflow/.local/lib/python3.12/site-packages/airflow/example_dags/example_dag_decorator.py
[2024-12-19T04:58:21.075+0000] {processor.py:914} INFO - Processing file /home/airflow/.local/lib/python3.12/site-packages/airflow/example_dags/example_dag_decorator.py for tasks to queue
[2024-12-19T04:58:21.075+0000] {logging_mixin.py:190} INFO - [2024-12-19T04:58:21.075+0000] {dagbag.py:588} INFO - Filling up the DagBag from /home/airflow/.local/lib/python3.12/site-packages/airflow/example_dags/example_dag_decorator.py
[2024-12-19T04:58:21.081+0000] {processor.py:925} INFO - DAG(s) 'example_dag_decorator' retrieved from /home/airflow/.local/lib/python3.12/site-packages/airflow/example_dags/example_dag_decorator.py
[2024-12-19T04:58:21.122+0000] {logging_mixin.py:190} INFO - [2024-12-19T04:58:21.122+0000] {dag.py:3239} INFO - Sync 1 DAGs
[2024-12-19T04:58:21.127+0000] {logging_mixin.py:190} INFO - [2024-12-19T04:58:21.127+0000] {dag.py:4180} INFO - Setting next_dagrun for example_dag_decorator to None, run_after=None
[2024-12-19T04:58:21.133+0000] {processor.py:208} INFO - Processing /home/airflow/.local/lib/python3.12/site-packages/airflow/example_dags/example_dag_decorator.py took 0.062 seconds
[2024-12-19T04:58:52.352+0000] {processor.py:186} INFO - Started process (PID=7493) to work on /home/airflow/.local/lib/python3.12/site-packages/airflow/example_dags/example_dag_decorator.py
[2024-12-19T04:58:52.353+0000] {processor.py:914} INFO - Processing file /home/airflow/.local/lib/python3.12/site-packages/airflow/example_dags/example_dag_decorator.py for tasks to queue
[2024-12-19T04:58:52.354+0000] {logging_mixin.py:190} INFO - [2024-12-19T04:58:52.354+0000] {dagbag.py:588} INFO - Filling up the DagBag from /home/airflow/.local/lib/python3.12/site-packages/airflow/example_dags/example_dag_decorator.py
[2024-12-19T04:58:52.361+0000] {processor.py:925} INFO - DAG(s) 'example_dag_decorator' retrieved from /home/airflow/.local/lib/python3.12/site-packages/airflow/example_dags/example_dag_decorator.py
[2024-12-19T04:58:52.406+0000] {logging_mixin.py:190} INFO - [2024-12-19T04:58:52.406+0000] {dag.py:3239} INFO - Sync 1 DAGs
[2024-12-19T04:58:52.412+0000] {logging_mixin.py:190} INFO - [2024-12-19T04:58:52.411+0000] {dag.py:4180} INFO - Setting next_dagrun for example_dag_decorator to None, run_after=None
[2024-12-19T04:58:52.420+0000] {processor.py:208} INFO - Processing /home/airflow/.local/lib/python3.12/site-packages/airflow/example_dags/example_dag_decorator.py took 0.070 seconds
[2024-12-19T04:59:23.598+0000] {processor.py:186} INFO - Started process (PID=7784) to work on /home/airflow/.local/lib/python3.12/site-packages/airflow/example_dags/example_dag_decorator.py
[2024-12-19T04:59:23.598+0000] {processor.py:914} INFO - Processing file /home/airflow/.local/lib/python3.12/site-packages/airflow/example_dags/example_dag_decorator.py for tasks to queue
[2024-12-19T04:59:23.599+0000] {logging_mixin.py:190} INFO - [2024-12-19T04:59:23.599+0000] {dagbag.py:588} INFO - Filling up the DagBag from /home/airflow/.local/lib/python3.12/site-packages/airflow/example_dags/example_dag_decorator.py
[2024-12-19T04:59:23.604+0000] {processor.py:925} INFO - DAG(s) 'example_dag_decorator' retrieved from /home/airflow/.local/lib/python3.12/site-packages/airflow/example_dags/example_dag_decorator.py
[2024-12-19T04:59:23.642+0000] {logging_mixin.py:190} INFO - [2024-12-19T04:59:23.642+0000] {dag.py:3239} INFO - Sync 1 DAGs
[2024-12-19T04:59:23.646+0000] {logging_mixin.py:190} INFO - [2024-12-19T04:59:23.646+0000] {dag.py:4180} INFO - Setting next_dagrun for example_dag_decorator to None, run_after=None
[2024-12-19T04:59:23.654+0000] {processor.py:208} INFO - Processing /home/airflow/.local/lib/python3.12/site-packages/airflow/example_dags/example_dag_decorator.py took 0.058 seconds
[2024-12-19T04:59:54.095+0000] {processor.py:186} INFO - Started process (PID=8075) to work on /home/airflow/.local/lib/python3.12/site-packages/airflow/example_dags/example_dag_decorator.py
[2024-12-19T04:59:54.096+0000] {processor.py:914} INFO - Processing file /home/airflow/.local/lib/python3.12/site-packages/airflow/example_dags/example_dag_decorator.py for tasks to queue
[2024-12-19T04:59:54.097+0000] {logging_mixin.py:190} INFO - [2024-12-19T04:59:54.097+0000] {dagbag.py:588} INFO - Filling up the DagBag from /home/airflow/.local/lib/python3.12/site-packages/airflow/example_dags/example_dag_decorator.py
[2024-12-19T04:59:54.102+0000] {processor.py:925} INFO - DAG(s) 'example_dag_decorator' retrieved from /home/airflow/.local/lib/python3.12/site-packages/airflow/example_dags/example_dag_decorator.py
[2024-12-19T04:59:54.144+0000] {logging_mixin.py:190} INFO - [2024-12-19T04:59:54.144+0000] {dag.py:3239} INFO - Sync 1 DAGs
[2024-12-19T04:59:54.148+0000] {logging_mixin.py:190} INFO - [2024-12-19T04:59:54.148+0000] {dag.py:4180} INFO - Setting next_dagrun for example_dag_decorator to None, run_after=None
[2024-12-19T04:59:54.154+0000] {processor.py:208} INFO - Processing /home/airflow/.local/lib/python3.12/site-packages/airflow/example_dags/example_dag_decorator.py took 0.062 seconds
[2024-12-19T05:00:24.524+0000] {processor.py:186} INFO - Started process (PID=8366) to work on /home/airflow/.local/lib/python3.12/site-packages/airflow/example_dags/example_dag_decorator.py
[2024-12-19T05:00:24.525+0000] {processor.py:914} INFO - Processing file /home/airflow/.local/lib/python3.12/site-packages/airflow/example_dags/example_dag_decorator.py for tasks to queue
[2024-12-19T05:00:24.526+0000] {logging_mixin.py:190} INFO - [2024-12-19T05:00:24.526+0000] {dagbag.py:588} INFO - Filling up the DagBag from /home/airflow/.local/lib/python3.12/site-packages/airflow/example_dags/example_dag_decorator.py
[2024-12-19T05:00:24.532+0000] {processor.py:925} INFO - DAG(s) 'example_dag_decorator' retrieved from /home/airflow/.local/lib/python3.12/site-packages/airflow/example_dags/example_dag_decorator.py
[2024-12-19T05:00:24.575+0000] {logging_mixin.py:190} INFO - [2024-12-19T05:00:24.575+0000] {dag.py:3239} INFO - Sync 1 DAGs
[2024-12-19T05:00:24.579+0000] {logging_mixin.py:190} INFO - [2024-12-19T05:00:24.579+0000] {dag.py:4180} INFO - Setting next_dagrun for example_dag_decorator to None, run_after=None
[2024-12-19T05:00:24.586+0000] {processor.py:208} INFO - Processing /home/airflow/.local/lib/python3.12/site-packages/airflow/example_dags/example_dag_decorator.py took 0.066 seconds
[2024-12-19T05:00:54.812+0000] {processor.py:186} INFO - Started process (PID=8657) to work on /home/airflow/.local/lib/python3.12/site-packages/airflow/example_dags/example_dag_decorator.py
[2024-12-19T05:00:54.813+0000] {processor.py:914} INFO - Processing file /home/airflow/.local/lib/python3.12/site-packages/airflow/example_dags/example_dag_decorator.py for tasks to queue
[2024-12-19T05:00:54.814+0000] {logging_mixin.py:190} INFO - [2024-12-19T05:00:54.814+0000] {dagbag.py:588} INFO - Filling up the DagBag from /home/airflow/.local/lib/python3.12/site-packages/airflow/example_dags/example_dag_decorator.py
[2024-12-19T05:00:54.819+0000] {processor.py:925} INFO - DAG(s) 'example_dag_decorator' retrieved from /home/airflow/.local/lib/python3.12/site-packages/airflow/example_dags/example_dag_decorator.py
[2024-12-19T05:00:54.861+0000] {logging_mixin.py:190} INFO - [2024-12-19T05:00:54.861+0000] {dag.py:3239} INFO - Sync 1 DAGs
[2024-12-19T05:00:54.866+0000] {logging_mixin.py:190} INFO - [2024-12-19T05:00:54.866+0000] {dag.py:4180} INFO - Setting next_dagrun for example_dag_decorator to None, run_after=None
[2024-12-19T05:00:54.873+0000] {processor.py:208} INFO - Processing /home/airflow/.local/lib/python3.12/site-packages/airflow/example_dags/example_dag_decorator.py took 0.063 seconds
[2024-12-19T05:01:24.934+0000] {processor.py:186} INFO - Started process (PID=8943) to work on /home/airflow/.local/lib/python3.12/site-packages/airflow/example_dags/example_dag_decorator.py
[2024-12-19T05:01:24.934+0000] {processor.py:914} INFO - Processing file /home/airflow/.local/lib/python3.12/site-packages/airflow/example_dags/example_dag_decorator.py for tasks to queue
[2024-12-19T05:01:24.935+0000] {logging_mixin.py:190} INFO - [2024-12-19T05:01:24.935+0000] {dagbag.py:588} INFO - Filling up the DagBag from /home/airflow/.local/lib/python3.12/site-packages/airflow/example_dags/example_dag_decorator.py
[2024-12-19T05:01:24.940+0000] {processor.py:925} INFO - DAG(s) 'example_dag_decorator' retrieved from /home/airflow/.local/lib/python3.12/site-packages/airflow/example_dags/example_dag_decorator.py
[2024-12-19T05:01:24.978+0000] {logging_mixin.py:190} INFO - [2024-12-19T05:01:24.978+0000] {dag.py:3239} INFO - Sync 1 DAGs
[2024-12-19T05:01:24.982+0000] {logging_mixin.py:190} INFO - [2024-12-19T05:01:24.982+0000] {dag.py:4180} INFO - Setting next_dagrun for example_dag_decorator to None, run_after=None
[2024-12-19T05:01:24.989+0000] {processor.py:208} INFO - Processing /home/airflow/.local/lib/python3.12/site-packages/airflow/example_dags/example_dag_decorator.py took 0.058 seconds
[2024-12-19T05:01:55.006+0000] {processor.py:186} INFO - Started process (PID=9229) to work on /home/airflow/.local/lib/python3.12/site-packages/airflow/example_dags/example_dag_decorator.py
[2024-12-19T05:01:55.007+0000] {processor.py:914} INFO - Processing file /home/airflow/.local/lib/python3.12/site-packages/airflow/example_dags/example_dag_decorator.py for tasks to queue
[2024-12-19T05:01:55.009+0000] {logging_mixin.py:190} INFO - [2024-12-19T05:01:55.009+0000] {dagbag.py:588} INFO - Filling up the DagBag from /home/airflow/.local/lib/python3.12/site-packages/airflow/example_dags/example_dag_decorator.py
[2024-12-19T05:01:55.014+0000] {processor.py:925} INFO - DAG(s) 'example_dag_decorator' retrieved from /home/airflow/.local/lib/python3.12/site-packages/airflow/example_dags/example_dag_decorator.py
[2024-12-19T05:01:55.059+0000] {logging_mixin.py:190} INFO - [2024-12-19T05:01:55.058+0000] {dag.py:3239} INFO - Sync 1 DAGs
[2024-12-19T05:01:55.063+0000] {logging_mixin.py:190} INFO - [2024-12-19T05:01:55.063+0000] {dag.py:4180} INFO - Setting next_dagrun for example_dag_decorator to None, run_after=None
[2024-12-19T05:01:55.071+0000] {processor.py:208} INFO - Processing /home/airflow/.local/lib/python3.12/site-packages/airflow/example_dags/example_dag_decorator.py took 0.067 seconds
[2024-12-19T05:02:25.334+0000] {processor.py:186} INFO - Started process (PID=9520) to work on /home/airflow/.local/lib/python3.12/site-packages/airflow/example_dags/example_dag_decorator.py
[2024-12-19T05:02:25.334+0000] {processor.py:914} INFO - Processing file /home/airflow/.local/lib/python3.12/site-packages/airflow/example_dags/example_dag_decorator.py for tasks to queue
[2024-12-19T05:02:25.335+0000] {logging_mixin.py:190} INFO - [2024-12-19T05:02:25.335+0000] {dagbag.py:588} INFO - Filling up the DagBag from /home/airflow/.local/lib/python3.12/site-packages/airflow/example_dags/example_dag_decorator.py
[2024-12-19T05:02:25.340+0000] {processor.py:925} INFO - DAG(s) 'example_dag_decorator' retrieved from /home/airflow/.local/lib/python3.12/site-packages/airflow/example_dags/example_dag_decorator.py
[2024-12-19T05:02:25.379+0000] {logging_mixin.py:190} INFO - [2024-12-19T05:02:25.379+0000] {dag.py:3239} INFO - Sync 1 DAGs
[2024-12-19T05:02:25.383+0000] {logging_mixin.py:190} INFO - [2024-12-19T05:02:25.383+0000] {dag.py:4180} INFO - Setting next_dagrun for example_dag_decorator to None, run_after=None
[2024-12-19T05:02:25.390+0000] {processor.py:208} INFO - Processing /home/airflow/.local/lib/python3.12/site-packages/airflow/example_dags/example_dag_decorator.py took 0.059 seconds
[2024-12-19T05:02:55.733+0000] {processor.py:186} INFO - Started process (PID=9811) to work on /home/airflow/.local/lib/python3.12/site-packages/airflow/example_dags/example_dag_decorator.py
[2024-12-19T05:02:55.734+0000] {processor.py:914} INFO - Processing file /home/airflow/.local/lib/python3.12/site-packages/airflow/example_dags/example_dag_decorator.py for tasks to queue
[2024-12-19T05:02:55.736+0000] {logging_mixin.py:190} INFO - [2024-12-19T05:02:55.736+0000] {dagbag.py:588} INFO - Filling up the DagBag from /home/airflow/.local/lib/python3.12/site-packages/airflow/example_dags/example_dag_decorator.py
[2024-12-19T05:02:55.742+0000] {processor.py:925} INFO - DAG(s) 'example_dag_decorator' retrieved from /home/airflow/.local/lib/python3.12/site-packages/airflow/example_dags/example_dag_decorator.py
[2024-12-19T05:02:55.785+0000] {logging_mixin.py:190} INFO - [2024-12-19T05:02:55.785+0000] {dag.py:3239} INFO - Sync 1 DAGs
[2024-12-19T05:02:55.789+0000] {logging_mixin.py:190} INFO - [2024-12-19T05:02:55.789+0000] {dag.py:4180} INFO - Setting next_dagrun for example_dag_decorator to None, run_after=None
[2024-12-19T05:02:55.797+0000] {processor.py:208} INFO - Processing /home/airflow/.local/lib/python3.12/site-packages/airflow/example_dags/example_dag_decorator.py took 0.066 seconds
[2024-12-19T05:03:26.168+0000] {processor.py:186} INFO - Started process (PID=10102) to work on /home/airflow/.local/lib/python3.12/site-packages/airflow/example_dags/example_dag_decorator.py
[2024-12-19T05:03:26.169+0000] {processor.py:914} INFO - Processing file /home/airflow/.local/lib/python3.12/site-packages/airflow/example_dags/example_dag_decorator.py for tasks to queue
[2024-12-19T05:03:26.171+0000] {logging_mixin.py:190} INFO - [2024-12-19T05:03:26.171+0000] {dagbag.py:588} INFO - Filling up the DagBag from /home/airflow/.local/lib/python3.12/site-packages/airflow/example_dags/example_dag_decorator.py
[2024-12-19T05:03:26.177+0000] {processor.py:925} INFO - DAG(s) 'example_dag_decorator' retrieved from /home/airflow/.local/lib/python3.12/site-packages/airflow/example_dags/example_dag_decorator.py
[2024-12-19T05:03:26.220+0000] {logging_mixin.py:190} INFO - [2024-12-19T05:03:26.220+0000] {dag.py:3239} INFO - Sync 1 DAGs
[2024-12-19T05:03:26.225+0000] {logging_mixin.py:190} INFO - [2024-12-19T05:03:26.225+0000] {dag.py:4180} INFO - Setting next_dagrun for example_dag_decorator to None, run_after=None
[2024-12-19T05:03:26.232+0000] {processor.py:208} INFO - Processing /home/airflow/.local/lib/python3.12/site-packages/airflow/example_dags/example_dag_decorator.py took 0.066 seconds
[2024-12-19T05:03:56.357+0000] {processor.py:186} INFO - Started process (PID=10388) to work on /home/airflow/.local/lib/python3.12/site-packages/airflow/example_dags/example_dag_decorator.py
[2024-12-19T05:03:56.358+0000] {processor.py:914} INFO - Processing file /home/airflow/.local/lib/python3.12/site-packages/airflow/example_dags/example_dag_decorator.py for tasks to queue
[2024-12-19T05:03:56.361+0000] {logging_mixin.py:190} INFO - [2024-12-19T05:03:56.361+0000] {dagbag.py:588} INFO - Filling up the DagBag from /home/airflow/.local/lib/python3.12/site-packages/airflow/example_dags/example_dag_decorator.py
[2024-12-19T05:03:56.368+0000] {processor.py:925} INFO - DAG(s) 'example_dag_decorator' retrieved from /home/airflow/.local/lib/python3.12/site-packages/airflow/example_dags/example_dag_decorator.py
[2024-12-19T05:03:56.416+0000] {logging_mixin.py:190} INFO - [2024-12-19T05:03:56.416+0000] {dag.py:3239} INFO - Sync 1 DAGs
[2024-12-19T05:03:56.420+0000] {logging_mixin.py:190} INFO - [2024-12-19T05:03:56.420+0000] {dag.py:4180} INFO - Setting next_dagrun for example_dag_decorator to None, run_after=None
[2024-12-19T05:03:56.427+0000] {processor.py:208} INFO - Processing /home/airflow/.local/lib/python3.12/site-packages/airflow/example_dags/example_dag_decorator.py took 0.073 seconds
[2024-12-19T05:04:26.604+0000] {processor.py:186} INFO - Started process (PID=10679) to work on /home/airflow/.local/lib/python3.12/site-packages/airflow/example_dags/example_dag_decorator.py
[2024-12-19T05:04:26.605+0000] {processor.py:914} INFO - Processing file /home/airflow/.local/lib/python3.12/site-packages/airflow/example_dags/example_dag_decorator.py for tasks to queue
[2024-12-19T05:04:26.607+0000] {logging_mixin.py:190} INFO - [2024-12-19T05:04:26.607+0000] {dagbag.py:588} INFO - Filling up the DagBag from /home/airflow/.local/lib/python3.12/site-packages/airflow/example_dags/example_dag_decorator.py
[2024-12-19T05:04:26.615+0000] {processor.py:925} INFO - DAG(s) 'example_dag_decorator' retrieved from /home/airflow/.local/lib/python3.12/site-packages/airflow/example_dags/example_dag_decorator.py
[2024-12-19T05:04:26.671+0000] {logging_mixin.py:190} INFO - [2024-12-19T05:04:26.671+0000] {dag.py:3239} INFO - Sync 1 DAGs
[2024-12-19T05:04:26.678+0000] {logging_mixin.py:190} INFO - [2024-12-19T05:04:26.678+0000] {dag.py:4180} INFO - Setting next_dagrun for example_dag_decorator to None, run_after=None
[2024-12-19T05:04:26.689+0000] {processor.py:208} INFO - Processing /home/airflow/.local/lib/python3.12/site-packages/airflow/example_dags/example_dag_decorator.py took 0.090 seconds
[2024-12-19T05:04:56.853+0000] {processor.py:186} INFO - Started process (PID=10970) to work on /home/airflow/.local/lib/python3.12/site-packages/airflow/example_dags/example_dag_decorator.py
[2024-12-19T05:04:56.855+0000] {processor.py:914} INFO - Processing file /home/airflow/.local/lib/python3.12/site-packages/airflow/example_dags/example_dag_decorator.py for tasks to queue
[2024-12-19T05:04:56.856+0000] {logging_mixin.py:190} INFO - [2024-12-19T05:04:56.856+0000] {dagbag.py:588} INFO - Filling up the DagBag from /home/airflow/.local/lib/python3.12/site-packages/airflow/example_dags/example_dag_decorator.py
[2024-12-19T05:04:56.862+0000] {processor.py:925} INFO - DAG(s) 'example_dag_decorator' retrieved from /home/airflow/.local/lib/python3.12/site-packages/airflow/example_dags/example_dag_decorator.py
[2024-12-19T05:04:56.904+0000] {logging_mixin.py:190} INFO - [2024-12-19T05:04:56.903+0000] {dag.py:3239} INFO - Sync 1 DAGs
[2024-12-19T05:04:56.909+0000] {logging_mixin.py:190} INFO - [2024-12-19T05:04:56.909+0000] {dag.py:4180} INFO - Setting next_dagrun for example_dag_decorator to None, run_after=None
[2024-12-19T05:04:56.915+0000] {processor.py:208} INFO - Processing /home/airflow/.local/lib/python3.12/site-packages/airflow/example_dags/example_dag_decorator.py took 0.065 seconds
[2024-12-19T05:05:27.184+0000] {processor.py:186} INFO - Started process (PID=11261) to work on /home/airflow/.local/lib/python3.12/site-packages/airflow/example_dags/example_dag_decorator.py
[2024-12-19T05:05:27.186+0000] {processor.py:914} INFO - Processing file /home/airflow/.local/lib/python3.12/site-packages/airflow/example_dags/example_dag_decorator.py for tasks to queue
[2024-12-19T05:05:27.188+0000] {logging_mixin.py:190} INFO - [2024-12-19T05:05:27.187+0000] {dagbag.py:588} INFO - Filling up the DagBag from /home/airflow/.local/lib/python3.12/site-packages/airflow/example_dags/example_dag_decorator.py
[2024-12-19T05:05:27.195+0000] {processor.py:925} INFO - DAG(s) 'example_dag_decorator' retrieved from /home/airflow/.local/lib/python3.12/site-packages/airflow/example_dags/example_dag_decorator.py
[2024-12-19T05:05:27.245+0000] {logging_mixin.py:190} INFO - [2024-12-19T05:05:27.245+0000] {dag.py:3239} INFO - Sync 1 DAGs
[2024-12-19T05:05:27.251+0000] {logging_mixin.py:190} INFO - [2024-12-19T05:05:27.251+0000] {dag.py:4180} INFO - Setting next_dagrun for example_dag_decorator to None, run_after=None
[2024-12-19T05:05:27.262+0000] {processor.py:208} INFO - Processing /home/airflow/.local/lib/python3.12/site-packages/airflow/example_dags/example_dag_decorator.py took 0.083 seconds
[2024-12-19T05:05:57.649+0000] {processor.py:186} INFO - Started process (PID=11552) to work on /home/airflow/.local/lib/python3.12/site-packages/airflow/example_dags/example_dag_decorator.py
[2024-12-19T05:05:57.650+0000] {processor.py:914} INFO - Processing file /home/airflow/.local/lib/python3.12/site-packages/airflow/example_dags/example_dag_decorator.py for tasks to queue
[2024-12-19T05:05:57.651+0000] {logging_mixin.py:190} INFO - [2024-12-19T05:05:57.651+0000] {dagbag.py:588} INFO - Filling up the DagBag from /home/airflow/.local/lib/python3.12/site-packages/airflow/example_dags/example_dag_decorator.py
[2024-12-19T05:05:57.658+0000] {processor.py:925} INFO - DAG(s) 'example_dag_decorator' retrieved from /home/airflow/.local/lib/python3.12/site-packages/airflow/example_dags/example_dag_decorator.py
[2024-12-19T05:05:57.707+0000] {logging_mixin.py:190} INFO - [2024-12-19T05:05:57.706+0000] {dag.py:3239} INFO - Sync 1 DAGs
[2024-12-19T05:05:57.716+0000] {logging_mixin.py:190} INFO - [2024-12-19T05:05:57.716+0000] {dag.py:4180} INFO - Setting next_dagrun for example_dag_decorator to None, run_after=None
[2024-12-19T05:05:57.724+0000] {processor.py:208} INFO - Processing /home/airflow/.local/lib/python3.12/site-packages/airflow/example_dags/example_dag_decorator.py took 0.079 seconds
[2024-12-19T05:06:27.954+0000] {processor.py:186} INFO - Started process (PID=11843) to work on /home/airflow/.local/lib/python3.12/site-packages/airflow/example_dags/example_dag_decorator.py
[2024-12-19T05:06:27.957+0000] {processor.py:914} INFO - Processing file /home/airflow/.local/lib/python3.12/site-packages/airflow/example_dags/example_dag_decorator.py for tasks to queue
[2024-12-19T05:06:27.960+0000] {logging_mixin.py:190} INFO - [2024-12-19T05:06:27.960+0000] {dagbag.py:588} INFO - Filling up the DagBag from /home/airflow/.local/lib/python3.12/site-packages/airflow/example_dags/example_dag_decorator.py
[2024-12-19T05:06:27.965+0000] {processor.py:925} INFO - DAG(s) 'example_dag_decorator' retrieved from /home/airflow/.local/lib/python3.12/site-packages/airflow/example_dags/example_dag_decorator.py
[2024-12-19T05:06:28.008+0000] {logging_mixin.py:190} INFO - [2024-12-19T05:06:28.008+0000] {dag.py:3239} INFO - Sync 1 DAGs
[2024-12-19T05:06:28.013+0000] {logging_mixin.py:190} INFO - [2024-12-19T05:06:28.013+0000] {dag.py:4180} INFO - Setting next_dagrun for example_dag_decorator to None, run_after=None
[2024-12-19T05:06:28.020+0000] {processor.py:208} INFO - Processing /home/airflow/.local/lib/python3.12/site-packages/airflow/example_dags/example_dag_decorator.py took 0.069 seconds
[2024-12-19T05:06:58.227+0000] {processor.py:186} INFO - Started process (PID=12134) to work on /home/airflow/.local/lib/python3.12/site-packages/airflow/example_dags/example_dag_decorator.py
[2024-12-19T05:06:58.229+0000] {processor.py:914} INFO - Processing file /home/airflow/.local/lib/python3.12/site-packages/airflow/example_dags/example_dag_decorator.py for tasks to queue
[2024-12-19T05:06:58.231+0000] {logging_mixin.py:190} INFO - [2024-12-19T05:06:58.231+0000] {dagbag.py:588} INFO - Filling up the DagBag from /home/airflow/.local/lib/python3.12/site-packages/airflow/example_dags/example_dag_decorator.py
[2024-12-19T05:06:58.238+0000] {processor.py:925} INFO - DAG(s) 'example_dag_decorator' retrieved from /home/airflow/.local/lib/python3.12/site-packages/airflow/example_dags/example_dag_decorator.py
[2024-12-19T05:06:58.285+0000] {logging_mixin.py:190} INFO - [2024-12-19T05:06:58.285+0000] {dag.py:3239} INFO - Sync 1 DAGs
[2024-12-19T05:06:58.291+0000] {logging_mixin.py:190} INFO - [2024-12-19T05:06:58.291+0000] {dag.py:4180} INFO - Setting next_dagrun for example_dag_decorator to None, run_after=None
[2024-12-19T05:06:58.300+0000] {processor.py:208} INFO - Processing /home/airflow/.local/lib/python3.12/site-packages/airflow/example_dags/example_dag_decorator.py took 0.076 seconds
[2024-12-19T05:07:28.668+0000] {processor.py:186} INFO - Started process (PID=12426) to work on /home/airflow/.local/lib/python3.12/site-packages/airflow/example_dags/example_dag_decorator.py
[2024-12-19T05:07:28.671+0000] {processor.py:914} INFO - Processing file /home/airflow/.local/lib/python3.12/site-packages/airflow/example_dags/example_dag_decorator.py for tasks to queue
[2024-12-19T05:07:28.673+0000] {logging_mixin.py:190} INFO - [2024-12-19T05:07:28.673+0000] {dagbag.py:588} INFO - Filling up the DagBag from /home/airflow/.local/lib/python3.12/site-packages/airflow/example_dags/example_dag_decorator.py
[2024-12-19T05:07:28.681+0000] {processor.py:925} INFO - DAG(s) 'example_dag_decorator' retrieved from /home/airflow/.local/lib/python3.12/site-packages/airflow/example_dags/example_dag_decorator.py
[2024-12-19T05:07:28.742+0000] {logging_mixin.py:190} INFO - [2024-12-19T05:07:28.742+0000] {dag.py:3239} INFO - Sync 1 DAGs
[2024-12-19T05:07:28.750+0000] {logging_mixin.py:190} INFO - [2024-12-19T05:07:28.750+0000] {dag.py:4180} INFO - Setting next_dagrun for example_dag_decorator to None, run_after=None
[2024-12-19T05:07:28.762+0000] {processor.py:208} INFO - Processing /home/airflow/.local/lib/python3.12/site-packages/airflow/example_dags/example_dag_decorator.py took 0.099 seconds
[2024-12-19T05:07:59.358+0000] {processor.py:186} INFO - Started process (PID=12717) to work on /home/airflow/.local/lib/python3.12/site-packages/airflow/example_dags/example_dag_decorator.py
[2024-12-19T05:07:59.361+0000] {processor.py:914} INFO - Processing file /home/airflow/.local/lib/python3.12/site-packages/airflow/example_dags/example_dag_decorator.py for tasks to queue
[2024-12-19T05:07:59.363+0000] {logging_mixin.py:190} INFO - [2024-12-19T05:07:59.363+0000] {dagbag.py:588} INFO - Filling up the DagBag from /home/airflow/.local/lib/python3.12/site-packages/airflow/example_dags/example_dag_decorator.py
[2024-12-19T05:07:59.370+0000] {processor.py:925} INFO - DAG(s) 'example_dag_decorator' retrieved from /home/airflow/.local/lib/python3.12/site-packages/airflow/example_dags/example_dag_decorator.py
[2024-12-19T05:07:59.423+0000] {logging_mixin.py:190} INFO - [2024-12-19T05:07:59.423+0000] {dag.py:3239} INFO - Sync 1 DAGs
[2024-12-19T05:07:59.429+0000] {logging_mixin.py:190} INFO - [2024-12-19T05:07:59.429+0000] {dag.py:4180} INFO - Setting next_dagrun for example_dag_decorator to None, run_after=None
[2024-12-19T05:07:59.440+0000] {processor.py:208} INFO - Processing /home/airflow/.local/lib/python3.12/site-packages/airflow/example_dags/example_dag_decorator.py took 0.085 seconds
[2024-12-19T05:08:29.640+0000] {processor.py:186} INFO - Started process (PID=13008) to work on /home/airflow/.local/lib/python3.12/site-packages/airflow/example_dags/example_dag_decorator.py
[2024-12-19T05:08:29.643+0000] {processor.py:914} INFO - Processing file /home/airflow/.local/lib/python3.12/site-packages/airflow/example_dags/example_dag_decorator.py for tasks to queue
[2024-12-19T05:08:29.644+0000] {logging_mixin.py:190} INFO - [2024-12-19T05:08:29.644+0000] {dagbag.py:588} INFO - Filling up the DagBag from /home/airflow/.local/lib/python3.12/site-packages/airflow/example_dags/example_dag_decorator.py
[2024-12-19T05:08:29.651+0000] {processor.py:925} INFO - DAG(s) 'example_dag_decorator' retrieved from /home/airflow/.local/lib/python3.12/site-packages/airflow/example_dags/example_dag_decorator.py
[2024-12-19T05:08:29.703+0000] {logging_mixin.py:190} INFO - [2024-12-19T05:08:29.703+0000] {dag.py:3239} INFO - Sync 1 DAGs
[2024-12-19T05:08:29.708+0000] {logging_mixin.py:190} INFO - [2024-12-19T05:08:29.708+0000] {dag.py:4180} INFO - Setting next_dagrun for example_dag_decorator to None, run_after=None
[2024-12-19T05:08:29.716+0000] {processor.py:208} INFO - Processing /home/airflow/.local/lib/python3.12/site-packages/airflow/example_dags/example_dag_decorator.py took 0.080 seconds
[2024-12-19T05:08:59.839+0000] {processor.py:186} INFO - Started process (PID=13299) to work on /home/airflow/.local/lib/python3.12/site-packages/airflow/example_dags/example_dag_decorator.py
[2024-12-19T05:08:59.840+0000] {processor.py:914} INFO - Processing file /home/airflow/.local/lib/python3.12/site-packages/airflow/example_dags/example_dag_decorator.py for tasks to queue
[2024-12-19T05:08:59.841+0000] {logging_mixin.py:190} INFO - [2024-12-19T05:08:59.841+0000] {dagbag.py:588} INFO - Filling up the DagBag from /home/airflow/.local/lib/python3.12/site-packages/airflow/example_dags/example_dag_decorator.py
[2024-12-19T05:08:59.849+0000] {processor.py:925} INFO - DAG(s) 'example_dag_decorator' retrieved from /home/airflow/.local/lib/python3.12/site-packages/airflow/example_dags/example_dag_decorator.py
[2024-12-19T05:08:59.902+0000] {logging_mixin.py:190} INFO - [2024-12-19T05:08:59.902+0000] {dag.py:3239} INFO - Sync 1 DAGs
[2024-12-19T05:08:59.907+0000] {logging_mixin.py:190} INFO - [2024-12-19T05:08:59.907+0000] {dag.py:4180} INFO - Setting next_dagrun for example_dag_decorator to None, run_after=None
[2024-12-19T05:08:59.914+0000] {processor.py:208} INFO - Processing /home/airflow/.local/lib/python3.12/site-packages/airflow/example_dags/example_dag_decorator.py took 0.079 seconds
[2024-12-19T05:09:30.047+0000] {processor.py:186} INFO - Started process (PID=13590) to work on /home/airflow/.local/lib/python3.12/site-packages/airflow/example_dags/example_dag_decorator.py
[2024-12-19T05:09:30.051+0000] {processor.py:914} INFO - Processing file /home/airflow/.local/lib/python3.12/site-packages/airflow/example_dags/example_dag_decorator.py for tasks to queue
[2024-12-19T05:09:30.053+0000] {logging_mixin.py:190} INFO - [2024-12-19T05:09:30.053+0000] {dagbag.py:588} INFO - Filling up the DagBag from /home/airflow/.local/lib/python3.12/site-packages/airflow/example_dags/example_dag_decorator.py
[2024-12-19T05:09:30.060+0000] {processor.py:925} INFO - DAG(s) 'example_dag_decorator' retrieved from /home/airflow/.local/lib/python3.12/site-packages/airflow/example_dags/example_dag_decorator.py
[2024-12-19T05:09:30.110+0000] {logging_mixin.py:190} INFO - [2024-12-19T05:09:30.110+0000] {dag.py:3239} INFO - Sync 1 DAGs
[2024-12-19T05:09:30.115+0000] {logging_mixin.py:190} INFO - [2024-12-19T05:09:30.114+0000] {dag.py:4180} INFO - Setting next_dagrun for example_dag_decorator to None, run_after=None
[2024-12-19T05:09:30.121+0000] {processor.py:208} INFO - Processing /home/airflow/.local/lib/python3.12/site-packages/airflow/example_dags/example_dag_decorator.py took 0.078 seconds
[2024-12-19T05:10:00.197+0000] {processor.py:186} INFO - Started process (PID=13881) to work on /home/airflow/.local/lib/python3.12/site-packages/airflow/example_dags/example_dag_decorator.py
[2024-12-19T05:10:00.198+0000] {processor.py:914} INFO - Processing file /home/airflow/.local/lib/python3.12/site-packages/airflow/example_dags/example_dag_decorator.py for tasks to queue
[2024-12-19T05:10:00.199+0000] {logging_mixin.py:190} INFO - [2024-12-19T05:10:00.198+0000] {dagbag.py:588} INFO - Filling up the DagBag from /home/airflow/.local/lib/python3.12/site-packages/airflow/example_dags/example_dag_decorator.py
[2024-12-19T05:10:00.204+0000] {processor.py:925} INFO - DAG(s) 'example_dag_decorator' retrieved from /home/airflow/.local/lib/python3.12/site-packages/airflow/example_dags/example_dag_decorator.py
[2024-12-19T05:10:00.251+0000] {logging_mixin.py:190} INFO - [2024-12-19T05:10:00.251+0000] {dag.py:3239} INFO - Sync 1 DAGs
[2024-12-19T05:10:00.256+0000] {logging_mixin.py:190} INFO - [2024-12-19T05:10:00.256+0000] {dag.py:4180} INFO - Setting next_dagrun for example_dag_decorator to None, run_after=None
[2024-12-19T05:10:00.265+0000] {processor.py:208} INFO - Processing /home/airflow/.local/lib/python3.12/site-packages/airflow/example_dags/example_dag_decorator.py took 0.070 seconds
[2024-12-19T05:10:30.492+0000] {processor.py:186} INFO - Started process (PID=14172) to work on /home/airflow/.local/lib/python3.12/site-packages/airflow/example_dags/example_dag_decorator.py
[2024-12-19T05:10:30.492+0000] {processor.py:914} INFO - Processing file /home/airflow/.local/lib/python3.12/site-packages/airflow/example_dags/example_dag_decorator.py for tasks to queue
[2024-12-19T05:10:30.494+0000] {logging_mixin.py:190} INFO - [2024-12-19T05:10:30.494+0000] {dagbag.py:588} INFO - Filling up the DagBag from /home/airflow/.local/lib/python3.12/site-packages/airflow/example_dags/example_dag_decorator.py
[2024-12-19T05:10:30.502+0000] {processor.py:925} INFO - DAG(s) 'example_dag_decorator' retrieved from /home/airflow/.local/lib/python3.12/site-packages/airflow/example_dags/example_dag_decorator.py
[2024-12-19T05:10:30.551+0000] {logging_mixin.py:190} INFO - [2024-12-19T05:10:30.551+0000] {dag.py:3239} INFO - Sync 1 DAGs
[2024-12-19T05:10:30.561+0000] {logging_mixin.py:190} INFO - [2024-12-19T05:10:30.561+0000] {dag.py:4180} INFO - Setting next_dagrun for example_dag_decorator to None, run_after=None
[2024-12-19T05:10:30.575+0000] {processor.py:208} INFO - Processing /home/airflow/.local/lib/python3.12/site-packages/airflow/example_dags/example_dag_decorator.py took 0.086 seconds
[2024-12-19T05:11:00.791+0000] {processor.py:186} INFO - Started process (PID=14463) to work on /home/airflow/.local/lib/python3.12/site-packages/airflow/example_dags/example_dag_decorator.py
[2024-12-19T05:11:00.791+0000] {processor.py:914} INFO - Processing file /home/airflow/.local/lib/python3.12/site-packages/airflow/example_dags/example_dag_decorator.py for tasks to queue
[2024-12-19T05:11:00.792+0000] {logging_mixin.py:190} INFO - [2024-12-19T05:11:00.792+0000] {dagbag.py:588} INFO - Filling up the DagBag from /home/airflow/.local/lib/python3.12/site-packages/airflow/example_dags/example_dag_decorator.py
[2024-12-19T05:11:00.798+0000] {processor.py:925} INFO - DAG(s) 'example_dag_decorator' retrieved from /home/airflow/.local/lib/python3.12/site-packages/airflow/example_dags/example_dag_decorator.py
[2024-12-19T05:11:00.841+0000] {logging_mixin.py:190} INFO - [2024-12-19T05:11:00.841+0000] {dag.py:3239} INFO - Sync 1 DAGs
[2024-12-19T05:11:00.846+0000] {logging_mixin.py:190} INFO - [2024-12-19T05:11:00.846+0000] {dag.py:4180} INFO - Setting next_dagrun for example_dag_decorator to None, run_after=None
[2024-12-19T05:11:00.854+0000] {processor.py:208} INFO - Processing /home/airflow/.local/lib/python3.12/site-packages/airflow/example_dags/example_dag_decorator.py took 0.066 seconds
[2024-12-19T05:11:30.966+0000] {processor.py:186} INFO - Started process (PID=14749) to work on /home/airflow/.local/lib/python3.12/site-packages/airflow/example_dags/example_dag_decorator.py
[2024-12-19T05:11:30.967+0000] {processor.py:914} INFO - Processing file /home/airflow/.local/lib/python3.12/site-packages/airflow/example_dags/example_dag_decorator.py for tasks to queue
[2024-12-19T05:11:30.968+0000] {logging_mixin.py:190} INFO - [2024-12-19T05:11:30.968+0000] {dagbag.py:588} INFO - Filling up the DagBag from /home/airflow/.local/lib/python3.12/site-packages/airflow/example_dags/example_dag_decorator.py
[2024-12-19T05:11:30.976+0000] {processor.py:925} INFO - DAG(s) 'example_dag_decorator' retrieved from /home/airflow/.local/lib/python3.12/site-packages/airflow/example_dags/example_dag_decorator.py
[2024-12-19T05:11:31.023+0000] {logging_mixin.py:190} INFO - [2024-12-19T05:11:31.023+0000] {dag.py:3239} INFO - Sync 1 DAGs
[2024-12-19T05:11:31.027+0000] {logging_mixin.py:190} INFO - [2024-12-19T05:11:31.027+0000] {dag.py:4180} INFO - Setting next_dagrun for example_dag_decorator to None, run_after=None
[2024-12-19T05:11:31.034+0000] {processor.py:208} INFO - Processing /home/airflow/.local/lib/python3.12/site-packages/airflow/example_dags/example_dag_decorator.py took 0.071 seconds
[2024-12-19T05:12:01.103+0000] {processor.py:186} INFO - Started process (PID=15040) to work on /home/airflow/.local/lib/python3.12/site-packages/airflow/example_dags/example_dag_decorator.py
[2024-12-19T05:12:01.106+0000] {processor.py:914} INFO - Processing file /home/airflow/.local/lib/python3.12/site-packages/airflow/example_dags/example_dag_decorator.py for tasks to queue
[2024-12-19T05:12:01.107+0000] {logging_mixin.py:190} INFO - [2024-12-19T05:12:01.107+0000] {dagbag.py:588} INFO - Filling up the DagBag from /home/airflow/.local/lib/python3.12/site-packages/airflow/example_dags/example_dag_decorator.py
[2024-12-19T05:12:01.115+0000] {processor.py:925} INFO - DAG(s) 'example_dag_decorator' retrieved from /home/airflow/.local/lib/python3.12/site-packages/airflow/example_dags/example_dag_decorator.py
[2024-12-19T05:12:01.161+0000] {logging_mixin.py:190} INFO - [2024-12-19T05:12:01.161+0000] {dag.py:3239} INFO - Sync 1 DAGs
[2024-12-19T05:12:01.166+0000] {logging_mixin.py:190} INFO - [2024-12-19T05:12:01.165+0000] {dag.py:4180} INFO - Setting next_dagrun for example_dag_decorator to None, run_after=None
[2024-12-19T05:12:01.172+0000] {processor.py:208} INFO - Processing /home/airflow/.local/lib/python3.12/site-packages/airflow/example_dags/example_dag_decorator.py took 0.073 seconds
[2024-12-19T05:12:31.269+0000] {processor.py:186} INFO - Started process (PID=15331) to work on /home/airflow/.local/lib/python3.12/site-packages/airflow/example_dags/example_dag_decorator.py
[2024-12-19T05:12:31.271+0000] {processor.py:914} INFO - Processing file /home/airflow/.local/lib/python3.12/site-packages/airflow/example_dags/example_dag_decorator.py for tasks to queue
[2024-12-19T05:12:31.273+0000] {logging_mixin.py:190} INFO - [2024-12-19T05:12:31.273+0000] {dagbag.py:588} INFO - Filling up the DagBag from /home/airflow/.local/lib/python3.12/site-packages/airflow/example_dags/example_dag_decorator.py
[2024-12-19T05:12:31.280+0000] {processor.py:925} INFO - DAG(s) 'example_dag_decorator' retrieved from /home/airflow/.local/lib/python3.12/site-packages/airflow/example_dags/example_dag_decorator.py
[2024-12-19T05:12:31.328+0000] {logging_mixin.py:190} INFO - [2024-12-19T05:12:31.328+0000] {dag.py:3239} INFO - Sync 1 DAGs
[2024-12-19T05:12:31.333+0000] {logging_mixin.py:190} INFO - [2024-12-19T05:12:31.333+0000] {dag.py:4180} INFO - Setting next_dagrun for example_dag_decorator to None, run_after=None
[2024-12-19T05:12:31.419+0000] {processor.py:208} INFO - Processing /home/airflow/.local/lib/python3.12/site-packages/airflow/example_dags/example_dag_decorator.py took 0.154 seconds
[2024-12-19T05:13:01.521+0000] {processor.py:186} INFO - Started process (PID=15634) to work on /home/airflow/.local/lib/python3.12/site-packages/airflow/example_dags/example_dag_decorator.py
[2024-12-19T05:13:01.521+0000] {processor.py:914} INFO - Processing file /home/airflow/.local/lib/python3.12/site-packages/airflow/example_dags/example_dag_decorator.py for tasks to queue
[2024-12-19T05:13:01.522+0000] {logging_mixin.py:190} INFO - [2024-12-19T05:13:01.522+0000] {dagbag.py:588} INFO - Filling up the DagBag from /home/airflow/.local/lib/python3.12/site-packages/airflow/example_dags/example_dag_decorator.py
[2024-12-19T05:13:01.527+0000] {processor.py:925} INFO - DAG(s) 'example_dag_decorator' retrieved from /home/airflow/.local/lib/python3.12/site-packages/airflow/example_dags/example_dag_decorator.py
[2024-12-19T05:13:01.566+0000] {logging_mixin.py:190} INFO - [2024-12-19T05:13:01.566+0000] {dag.py:3239} INFO - Sync 1 DAGs
[2024-12-19T05:13:01.571+0000] {logging_mixin.py:190} INFO - [2024-12-19T05:13:01.571+0000] {dag.py:4180} INFO - Setting next_dagrun for example_dag_decorator to None, run_after=None
[2024-12-19T05:13:01.580+0000] {processor.py:208} INFO - Processing /home/airflow/.local/lib/python3.12/site-packages/airflow/example_dags/example_dag_decorator.py took 0.061 seconds
[2024-12-19T05:13:31.660+0000] {processor.py:186} INFO - Started process (PID=15913) to work on /home/airflow/.local/lib/python3.12/site-packages/airflow/example_dags/example_dag_decorator.py
[2024-12-19T05:13:31.660+0000] {processor.py:914} INFO - Processing file /home/airflow/.local/lib/python3.12/site-packages/airflow/example_dags/example_dag_decorator.py for tasks to queue
[2024-12-19T05:13:31.663+0000] {logging_mixin.py:190} INFO - [2024-12-19T05:13:31.663+0000] {dagbag.py:588} INFO - Filling up the DagBag from /home/airflow/.local/lib/python3.12/site-packages/airflow/example_dags/example_dag_decorator.py
[2024-12-19T05:13:31.669+0000] {processor.py:925} INFO - DAG(s) 'example_dag_decorator' retrieved from /home/airflow/.local/lib/python3.12/site-packages/airflow/example_dags/example_dag_decorator.py
[2024-12-19T05:13:31.718+0000] {logging_mixin.py:190} INFO - [2024-12-19T05:13:31.718+0000] {dag.py:3239} INFO - Sync 1 DAGs
[2024-12-19T05:13:31.723+0000] {logging_mixin.py:190} INFO - [2024-12-19T05:13:31.723+0000] {dag.py:4180} INFO - Setting next_dagrun for example_dag_decorator to None, run_after=None
[2024-12-19T05:13:31.730+0000] {processor.py:208} INFO - Processing /home/airflow/.local/lib/python3.12/site-packages/airflow/example_dags/example_dag_decorator.py took 0.074 seconds
[2024-12-19T05:14:02.701+0000] {processor.py:186} INFO - Started process (PID=16204) to work on /home/airflow/.local/lib/python3.12/site-packages/airflow/example_dags/example_dag_decorator.py
[2024-12-19T05:14:02.704+0000] {processor.py:914} INFO - Processing file /home/airflow/.local/lib/python3.12/site-packages/airflow/example_dags/example_dag_decorator.py for tasks to queue
[2024-12-19T05:14:02.709+0000] {logging_mixin.py:190} INFO - [2024-12-19T05:14:02.709+0000] {dagbag.py:588} INFO - Filling up the DagBag from /home/airflow/.local/lib/python3.12/site-packages/airflow/example_dags/example_dag_decorator.py
[2024-12-19T05:14:02.716+0000] {processor.py:925} INFO - DAG(s) 'example_dag_decorator' retrieved from /home/airflow/.local/lib/python3.12/site-packages/airflow/example_dags/example_dag_decorator.py
[2024-12-19T05:14:02.726+0000] {logging_mixin.py:190} INFO - [2024-12-19T05:14:02.726+0000] {dag.py:3239} INFO - Sync 1 DAGs
[2024-12-19T05:14:02.732+0000] {logging_mixin.py:190} INFO - [2024-12-19T05:14:02.732+0000] {dag.py:4180} INFO - Setting next_dagrun for example_dag_decorator to None, run_after=None
[2024-12-19T05:14:02.740+0000] {processor.py:208} INFO - Processing /home/airflow/.local/lib/python3.12/site-packages/airflow/example_dags/example_dag_decorator.py took 0.043 seconds
[2024-12-19T05:14:33.762+0000] {processor.py:186} INFO - Started process (PID=16495) to work on /home/airflow/.local/lib/python3.12/site-packages/airflow/example_dags/example_dag_decorator.py
[2024-12-19T05:14:33.763+0000] {processor.py:914} INFO - Processing file /home/airflow/.local/lib/python3.12/site-packages/airflow/example_dags/example_dag_decorator.py for tasks to queue
[2024-12-19T05:14:33.767+0000] {logging_mixin.py:190} INFO - [2024-12-19T05:14:33.767+0000] {dagbag.py:588} INFO - Filling up the DagBag from /home/airflow/.local/lib/python3.12/site-packages/airflow/example_dags/example_dag_decorator.py
[2024-12-19T05:14:33.775+0000] {processor.py:925} INFO - DAG(s) 'example_dag_decorator' retrieved from /home/airflow/.local/lib/python3.12/site-packages/airflow/example_dags/example_dag_decorator.py
[2024-12-19T05:14:33.787+0000] {logging_mixin.py:190} INFO - [2024-12-19T05:14:33.787+0000] {dag.py:3239} INFO - Sync 1 DAGs
[2024-12-19T05:14:33.794+0000] {logging_mixin.py:190} INFO - [2024-12-19T05:14:33.793+0000] {dag.py:4180} INFO - Setting next_dagrun for example_dag_decorator to None, run_after=None
[2024-12-19T05:14:33.804+0000] {processor.py:208} INFO - Processing /home/airflow/.local/lib/python3.12/site-packages/airflow/example_dags/example_dag_decorator.py took 0.046 seconds
[2024-12-19T05:15:04.021+0000] {processor.py:186} INFO - Started process (PID=16786) to work on /home/airflow/.local/lib/python3.12/site-packages/airflow/example_dags/example_dag_decorator.py
[2024-12-19T05:15:04.024+0000] {processor.py:914} INFO - Processing file /home/airflow/.local/lib/python3.12/site-packages/airflow/example_dags/example_dag_decorator.py for tasks to queue
[2024-12-19T05:15:04.029+0000] {logging_mixin.py:190} INFO - [2024-12-19T05:15:04.028+0000] {dagbag.py:588} INFO - Filling up the DagBag from /home/airflow/.local/lib/python3.12/site-packages/airflow/example_dags/example_dag_decorator.py
[2024-12-19T05:15:04.036+0000] {processor.py:925} INFO - DAG(s) 'example_dag_decorator' retrieved from /home/airflow/.local/lib/python3.12/site-packages/airflow/example_dags/example_dag_decorator.py
[2024-12-19T05:15:04.051+0000] {logging_mixin.py:190} INFO - [2024-12-19T05:15:04.051+0000] {dag.py:3239} INFO - Sync 1 DAGs
[2024-12-19T05:15:04.057+0000] {logging_mixin.py:190} INFO - [2024-12-19T05:15:04.057+0000] {dag.py:4180} INFO - Setting next_dagrun for example_dag_decorator to None, run_after=None
[2024-12-19T05:15:04.067+0000] {processor.py:208} INFO - Processing /home/airflow/.local/lib/python3.12/site-packages/airflow/example_dags/example_dag_decorator.py took 0.049 seconds
[2024-12-19T05:15:35.007+0000] {processor.py:186} INFO - Started process (PID=17077) to work on /home/airflow/.local/lib/python3.12/site-packages/airflow/example_dags/example_dag_decorator.py
[2024-12-19T05:15:35.008+0000] {processor.py:914} INFO - Processing file /home/airflow/.local/lib/python3.12/site-packages/airflow/example_dags/example_dag_decorator.py for tasks to queue
[2024-12-19T05:15:35.009+0000] {logging_mixin.py:190} INFO - [2024-12-19T05:15:35.009+0000] {dagbag.py:588} INFO - Filling up the DagBag from /home/airflow/.local/lib/python3.12/site-packages/airflow/example_dags/example_dag_decorator.py
[2024-12-19T05:15:35.015+0000] {processor.py:925} INFO - DAG(s) 'example_dag_decorator' retrieved from /home/airflow/.local/lib/python3.12/site-packages/airflow/example_dags/example_dag_decorator.py
[2024-12-19T05:15:35.063+0000] {logging_mixin.py:190} INFO - [2024-12-19T05:15:35.063+0000] {dag.py:3239} INFO - Sync 1 DAGs
[2024-12-19T05:15:35.067+0000] {logging_mixin.py:190} INFO - [2024-12-19T05:15:35.067+0000] {dag.py:4180} INFO - Setting next_dagrun for example_dag_decorator to None, run_after=None
[2024-12-19T05:15:35.076+0000] {processor.py:208} INFO - Processing /home/airflow/.local/lib/python3.12/site-packages/airflow/example_dags/example_dag_decorator.py took 0.073 seconds
[2024-12-19T05:16:05.929+0000] {processor.py:186} INFO - Started process (PID=17368) to work on /home/airflow/.local/lib/python3.12/site-packages/airflow/example_dags/example_dag_decorator.py
[2024-12-19T05:16:05.930+0000] {processor.py:914} INFO - Processing file /home/airflow/.local/lib/python3.12/site-packages/airflow/example_dags/example_dag_decorator.py for tasks to queue
[2024-12-19T05:16:05.931+0000] {logging_mixin.py:190} INFO - [2024-12-19T05:16:05.931+0000] {dagbag.py:588} INFO - Filling up the DagBag from /home/airflow/.local/lib/python3.12/site-packages/airflow/example_dags/example_dag_decorator.py
[2024-12-19T05:16:05.938+0000] {processor.py:925} INFO - DAG(s) 'example_dag_decorator' retrieved from /home/airflow/.local/lib/python3.12/site-packages/airflow/example_dags/example_dag_decorator.py
[2024-12-19T05:16:05.989+0000] {logging_mixin.py:190} INFO - [2024-12-19T05:16:05.989+0000] {dag.py:3239} INFO - Sync 1 DAGs
[2024-12-19T05:16:05.993+0000] {logging_mixin.py:190} INFO - [2024-12-19T05:16:05.993+0000] {dag.py:4180} INFO - Setting next_dagrun for example_dag_decorator to None, run_after=None
[2024-12-19T05:16:05.999+0000] {processor.py:208} INFO - Processing /home/airflow/.local/lib/python3.12/site-packages/airflow/example_dags/example_dag_decorator.py took 0.074 seconds
[2024-12-19T05:16:36.845+0000] {processor.py:186} INFO - Started process (PID=17659) to work on /home/airflow/.local/lib/python3.12/site-packages/airflow/example_dags/example_dag_decorator.py
[2024-12-19T05:16:36.846+0000] {processor.py:914} INFO - Processing file /home/airflow/.local/lib/python3.12/site-packages/airflow/example_dags/example_dag_decorator.py for tasks to queue
[2024-12-19T05:16:36.850+0000] {logging_mixin.py:190} INFO - [2024-12-19T05:16:36.850+0000] {dagbag.py:588} INFO - Filling up the DagBag from /home/airflow/.local/lib/python3.12/site-packages/airflow/example_dags/example_dag_decorator.py
[2024-12-19T05:16:36.856+0000] {processor.py:925} INFO - DAG(s) 'example_dag_decorator' retrieved from /home/airflow/.local/lib/python3.12/site-packages/airflow/example_dags/example_dag_decorator.py
[2024-12-19T05:16:36.979+0000] {logging_mixin.py:190} INFO - [2024-12-19T05:16:36.979+0000] {dag.py:3239} INFO - Sync 1 DAGs
[2024-12-19T05:16:36.985+0000] {logging_mixin.py:190} INFO - [2024-12-19T05:16:36.984+0000] {dag.py:4180} INFO - Setting next_dagrun for example_dag_decorator to None, run_after=None
[2024-12-19T05:16:36.991+0000] {processor.py:208} INFO - Processing /home/airflow/.local/lib/python3.12/site-packages/airflow/example_dags/example_dag_decorator.py took 0.149 seconds
[2024-12-19T05:17:07.853+0000] {processor.py:186} INFO - Started process (PID=17950) to work on /home/airflow/.local/lib/python3.12/site-packages/airflow/example_dags/example_dag_decorator.py
[2024-12-19T05:17:07.854+0000] {processor.py:914} INFO - Processing file /home/airflow/.local/lib/python3.12/site-packages/airflow/example_dags/example_dag_decorator.py for tasks to queue
[2024-12-19T05:17:07.855+0000] {logging_mixin.py:190} INFO - [2024-12-19T05:17:07.855+0000] {dagbag.py:588} INFO - Filling up the DagBag from /home/airflow/.local/lib/python3.12/site-packages/airflow/example_dags/example_dag_decorator.py
[2024-12-19T05:17:07.862+0000] {processor.py:925} INFO - DAG(s) 'example_dag_decorator' retrieved from /home/airflow/.local/lib/python3.12/site-packages/airflow/example_dags/example_dag_decorator.py
[2024-12-19T05:17:07.999+0000] {logging_mixin.py:190} INFO - [2024-12-19T05:17:07.998+0000] {dag.py:3239} INFO - Sync 1 DAGs
[2024-12-19T05:17:08.002+0000] {logging_mixin.py:190} INFO - [2024-12-19T05:17:08.002+0000] {dag.py:4180} INFO - Setting next_dagrun for example_dag_decorator to None, run_after=None
[2024-12-19T05:17:08.008+0000] {processor.py:208} INFO - Processing /home/airflow/.local/lib/python3.12/site-packages/airflow/example_dags/example_dag_decorator.py took 0.159 seconds
[2024-12-19T05:17:38.116+0000] {processor.py:186} INFO - Started process (PID=18253) to work on /home/airflow/.local/lib/python3.12/site-packages/airflow/example_dags/example_dag_decorator.py
[2024-12-19T05:17:38.116+0000] {processor.py:914} INFO - Processing file /home/airflow/.local/lib/python3.12/site-packages/airflow/example_dags/example_dag_decorator.py for tasks to queue
[2024-12-19T05:17:38.117+0000] {logging_mixin.py:190} INFO - [2024-12-19T05:17:38.117+0000] {dagbag.py:588} INFO - Filling up the DagBag from /home/airflow/.local/lib/python3.12/site-packages/airflow/example_dags/example_dag_decorator.py
[2024-12-19T05:17:38.122+0000] {processor.py:925} INFO - DAG(s) 'example_dag_decorator' retrieved from /home/airflow/.local/lib/python3.12/site-packages/airflow/example_dags/example_dag_decorator.py
[2024-12-19T05:17:38.258+0000] {logging_mixin.py:190} INFO - [2024-12-19T05:17:38.258+0000] {dag.py:3239} INFO - Sync 1 DAGs
[2024-12-19T05:17:38.262+0000] {logging_mixin.py:190} INFO - [2024-12-19T05:17:38.262+0000] {dag.py:4180} INFO - Setting next_dagrun for example_dag_decorator to None, run_after=None
[2024-12-19T05:17:38.267+0000] {processor.py:208} INFO - Processing /home/airflow/.local/lib/python3.12/site-packages/airflow/example_dags/example_dag_decorator.py took 0.155 seconds
[2024-12-19T05:18:08.917+0000] {processor.py:186} INFO - Started process (PID=18532) to work on /home/airflow/.local/lib/python3.12/site-packages/airflow/example_dags/example_dag_decorator.py
[2024-12-19T05:18:08.921+0000] {processor.py:914} INFO - Processing file /home/airflow/.local/lib/python3.12/site-packages/airflow/example_dags/example_dag_decorator.py for tasks to queue
[2024-12-19T05:18:08.922+0000] {logging_mixin.py:190} INFO - [2024-12-19T05:18:08.922+0000] {dagbag.py:588} INFO - Filling up the DagBag from /home/airflow/.local/lib/python3.12/site-packages/airflow/example_dags/example_dag_decorator.py
[2024-12-19T05:18:08.931+0000] {processor.py:925} INFO - DAG(s) 'example_dag_decorator' retrieved from /home/airflow/.local/lib/python3.12/site-packages/airflow/example_dags/example_dag_decorator.py
[2024-12-19T05:18:09.093+0000] {logging_mixin.py:190} INFO - [2024-12-19T05:18:09.093+0000] {dag.py:3239} INFO - Sync 1 DAGs
[2024-12-19T05:18:09.097+0000] {logging_mixin.py:190} INFO - [2024-12-19T05:18:09.097+0000] {dag.py:4180} INFO - Setting next_dagrun for example_dag_decorator to None, run_after=None
[2024-12-19T05:18:09.103+0000] {processor.py:208} INFO - Processing /home/airflow/.local/lib/python3.12/site-packages/airflow/example_dags/example_dag_decorator.py took 0.190 seconds
[2024-12-19T05:18:40.087+0000] {processor.py:186} INFO - Started process (PID=18835) to work on /home/airflow/.local/lib/python3.12/site-packages/airflow/example_dags/example_dag_decorator.py
[2024-12-19T05:18:40.087+0000] {processor.py:914} INFO - Processing file /home/airflow/.local/lib/python3.12/site-packages/airflow/example_dags/example_dag_decorator.py for tasks to queue
[2024-12-19T05:18:40.089+0000] {logging_mixin.py:190} INFO - [2024-12-19T05:18:40.088+0000] {dagbag.py:588} INFO - Filling up the DagBag from /home/airflow/.local/lib/python3.12/site-packages/airflow/example_dags/example_dag_decorator.py
[2024-12-19T05:18:40.095+0000] {processor.py:925} INFO - DAG(s) 'example_dag_decorator' retrieved from /home/airflow/.local/lib/python3.12/site-packages/airflow/example_dags/example_dag_decorator.py
[2024-12-19T05:18:40.221+0000] {logging_mixin.py:190} INFO - [2024-12-19T05:18:40.221+0000] {dag.py:3239} INFO - Sync 1 DAGs
[2024-12-19T05:18:40.225+0000] {logging_mixin.py:190} INFO - [2024-12-19T05:18:40.225+0000] {dag.py:4180} INFO - Setting next_dagrun for example_dag_decorator to None, run_after=None
[2024-12-19T05:18:40.231+0000] {processor.py:208} INFO - Processing /home/airflow/.local/lib/python3.12/site-packages/airflow/example_dags/example_dag_decorator.py took 0.148 seconds
[2024-12-19T05:19:10.723+0000] {processor.py:186} INFO - Started process (PID=19126) to work on /home/airflow/.local/lib/python3.12/site-packages/airflow/example_dags/example_dag_decorator.py
[2024-12-19T05:19:10.724+0000] {processor.py:914} INFO - Processing file /home/airflow/.local/lib/python3.12/site-packages/airflow/example_dags/example_dag_decorator.py for tasks to queue
[2024-12-19T05:19:10.725+0000] {logging_mixin.py:190} INFO - [2024-12-19T05:19:10.725+0000] {dagbag.py:588} INFO - Filling up the DagBag from /home/airflow/.local/lib/python3.12/site-packages/airflow/example_dags/example_dag_decorator.py
[2024-12-19T05:19:10.732+0000] {processor.py:925} INFO - DAG(s) 'example_dag_decorator' retrieved from /home/airflow/.local/lib/python3.12/site-packages/airflow/example_dags/example_dag_decorator.py
[2024-12-19T05:19:10.860+0000] {logging_mixin.py:190} INFO - [2024-12-19T05:19:10.860+0000] {dag.py:3239} INFO - Sync 1 DAGs
[2024-12-19T05:19:10.864+0000] {logging_mixin.py:190} INFO - [2024-12-19T05:19:10.864+0000] {dag.py:4180} INFO - Setting next_dagrun for example_dag_decorator to None, run_after=None
[2024-12-19T05:19:10.870+0000] {processor.py:208} INFO - Processing /home/airflow/.local/lib/python3.12/site-packages/airflow/example_dags/example_dag_decorator.py took 0.152 seconds
[2024-12-19T05:19:40.928+0000] {processor.py:186} INFO - Started process (PID=19417) to work on /home/airflow/.local/lib/python3.12/site-packages/airflow/example_dags/example_dag_decorator.py
[2024-12-19T05:19:40.929+0000] {processor.py:914} INFO - Processing file /home/airflow/.local/lib/python3.12/site-packages/airflow/example_dags/example_dag_decorator.py for tasks to queue
[2024-12-19T05:19:40.930+0000] {logging_mixin.py:190} INFO - [2024-12-19T05:19:40.930+0000] {dagbag.py:588} INFO - Filling up the DagBag from /home/airflow/.local/lib/python3.12/site-packages/airflow/example_dags/example_dag_decorator.py
[2024-12-19T05:19:40.937+0000] {processor.py:925} INFO - DAG(s) 'example_dag_decorator' retrieved from /home/airflow/.local/lib/python3.12/site-packages/airflow/example_dags/example_dag_decorator.py
[2024-12-19T05:19:40.982+0000] {logging_mixin.py:190} INFO - [2024-12-19T05:19:40.982+0000] {dag.py:3239} INFO - Sync 1 DAGs
[2024-12-19T05:19:40.987+0000] {logging_mixin.py:190} INFO - [2024-12-19T05:19:40.986+0000] {dag.py:4180} INFO - Setting next_dagrun for example_dag_decorator to None, run_after=None
[2024-12-19T05:19:40.992+0000] {processor.py:208} INFO - Processing /home/airflow/.local/lib/python3.12/site-packages/airflow/example_dags/example_dag_decorator.py took 0.069 seconds
[2024-12-19T05:20:11.736+0000] {processor.py:186} INFO - Started process (PID=19708) to work on /home/airflow/.local/lib/python3.12/site-packages/airflow/example_dags/example_dag_decorator.py
[2024-12-19T05:20:11.736+0000] {processor.py:914} INFO - Processing file /home/airflow/.local/lib/python3.12/site-packages/airflow/example_dags/example_dag_decorator.py for tasks to queue
[2024-12-19T05:20:11.738+0000] {logging_mixin.py:190} INFO - [2024-12-19T05:20:11.738+0000] {dagbag.py:588} INFO - Filling up the DagBag from /home/airflow/.local/lib/python3.12/site-packages/airflow/example_dags/example_dag_decorator.py
[2024-12-19T05:20:11.745+0000] {processor.py:925} INFO - DAG(s) 'example_dag_decorator' retrieved from /home/airflow/.local/lib/python3.12/site-packages/airflow/example_dags/example_dag_decorator.py
[2024-12-19T05:20:11.792+0000] {logging_mixin.py:190} INFO - [2024-12-19T05:20:11.792+0000] {dag.py:3239} INFO - Sync 1 DAGs
[2024-12-19T05:20:11.796+0000] {logging_mixin.py:190} INFO - [2024-12-19T05:20:11.796+0000] {dag.py:4180} INFO - Setting next_dagrun for example_dag_decorator to None, run_after=None
[2024-12-19T05:20:11.802+0000] {processor.py:208} INFO - Processing /home/airflow/.local/lib/python3.12/site-packages/airflow/example_dags/example_dag_decorator.py took 0.071 seconds
[2024-12-19T05:20:42.678+0000] {processor.py:186} INFO - Started process (PID=19999) to work on /home/airflow/.local/lib/python3.12/site-packages/airflow/example_dags/example_dag_decorator.py
[2024-12-19T05:20:42.678+0000] {processor.py:914} INFO - Processing file /home/airflow/.local/lib/python3.12/site-packages/airflow/example_dags/example_dag_decorator.py for tasks to queue
[2024-12-19T05:20:42.680+0000] {logging_mixin.py:190} INFO - [2024-12-19T05:20:42.680+0000] {dagbag.py:588} INFO - Filling up the DagBag from /home/airflow/.local/lib/python3.12/site-packages/airflow/example_dags/example_dag_decorator.py
[2024-12-19T05:20:42.688+0000] {processor.py:925} INFO - DAG(s) 'example_dag_decorator' retrieved from /home/airflow/.local/lib/python3.12/site-packages/airflow/example_dags/example_dag_decorator.py
[2024-12-19T05:20:42.738+0000] {logging_mixin.py:190} INFO - [2024-12-19T05:20:42.738+0000] {dag.py:3239} INFO - Sync 1 DAGs
[2024-12-19T05:20:42.742+0000] {logging_mixin.py:190} INFO - [2024-12-19T05:20:42.742+0000] {dag.py:4180} INFO - Setting next_dagrun for example_dag_decorator to None, run_after=None
[2024-12-19T05:20:42.754+0000] {processor.py:208} INFO - Processing /home/airflow/.local/lib/python3.12/site-packages/airflow/example_dags/example_dag_decorator.py took 0.081 seconds
[2024-12-19T05:21:13.651+0000] {processor.py:186} INFO - Started process (PID=20290) to work on /home/airflow/.local/lib/python3.12/site-packages/airflow/example_dags/example_dag_decorator.py
[2024-12-19T05:21:13.652+0000] {processor.py:914} INFO - Processing file /home/airflow/.local/lib/python3.12/site-packages/airflow/example_dags/example_dag_decorator.py for tasks to queue
[2024-12-19T05:21:13.654+0000] {logging_mixin.py:190} INFO - [2024-12-19T05:21:13.653+0000] {dagbag.py:588} INFO - Filling up the DagBag from /home/airflow/.local/lib/python3.12/site-packages/airflow/example_dags/example_dag_decorator.py
[2024-12-19T05:21:13.664+0000] {processor.py:925} INFO - DAG(s) 'example_dag_decorator' retrieved from /home/airflow/.local/lib/python3.12/site-packages/airflow/example_dags/example_dag_decorator.py
[2024-12-19T05:21:13.715+0000] {logging_mixin.py:190} INFO - [2024-12-19T05:21:13.715+0000] {dag.py:3239} INFO - Sync 1 DAGs
[2024-12-19T05:21:13.720+0000] {logging_mixin.py:190} INFO - [2024-12-19T05:21:13.720+0000] {dag.py:4180} INFO - Setting next_dagrun for example_dag_decorator to None, run_after=None
[2024-12-19T05:21:13.730+0000] {processor.py:208} INFO - Processing /home/airflow/.local/lib/python3.12/site-packages/airflow/example_dags/example_dag_decorator.py took 0.085 seconds
[2024-12-19T05:21:43.770+0000] {processor.py:186} INFO - Started process (PID=20584) to work on /home/airflow/.local/lib/python3.12/site-packages/airflow/example_dags/example_dag_decorator.py
[2024-12-19T05:21:43.774+0000] {processor.py:914} INFO - Processing file /home/airflow/.local/lib/python3.12/site-packages/airflow/example_dags/example_dag_decorator.py for tasks to queue
[2024-12-19T05:21:43.775+0000] {logging_mixin.py:190} INFO - [2024-12-19T05:21:43.775+0000] {dagbag.py:588} INFO - Filling up the DagBag from /home/airflow/.local/lib/python3.12/site-packages/airflow/example_dags/example_dag_decorator.py
[2024-12-19T05:21:43.783+0000] {processor.py:925} INFO - DAG(s) 'example_dag_decorator' retrieved from /home/airflow/.local/lib/python3.12/site-packages/airflow/example_dags/example_dag_decorator.py
[2024-12-19T05:21:43.827+0000] {logging_mixin.py:190} INFO - [2024-12-19T05:21:43.827+0000] {dag.py:3239} INFO - Sync 1 DAGs
[2024-12-19T05:21:43.830+0000] {logging_mixin.py:190} INFO - [2024-12-19T05:21:43.830+0000] {dag.py:4180} INFO - Setting next_dagrun for example_dag_decorator to None, run_after=None
[2024-12-19T05:21:43.836+0000] {processor.py:208} INFO - Processing /home/airflow/.local/lib/python3.12/site-packages/airflow/example_dags/example_dag_decorator.py took 0.070 seconds
[2024-12-19T05:22:13.897+0000] {processor.py:186} INFO - Started process (PID=20872) to work on /home/airflow/.local/lib/python3.12/site-packages/airflow/example_dags/example_dag_decorator.py
[2024-12-19T05:22:13.899+0000] {processor.py:914} INFO - Processing file /home/airflow/.local/lib/python3.12/site-packages/airflow/example_dags/example_dag_decorator.py for tasks to queue
[2024-12-19T05:22:13.901+0000] {logging_mixin.py:190} INFO - [2024-12-19T05:22:13.901+0000] {dagbag.py:588} INFO - Filling up the DagBag from /home/airflow/.local/lib/python3.12/site-packages/airflow/example_dags/example_dag_decorator.py
[2024-12-19T05:22:13.908+0000] {processor.py:925} INFO - DAG(s) 'example_dag_decorator' retrieved from /home/airflow/.local/lib/python3.12/site-packages/airflow/example_dags/example_dag_decorator.py
[2024-12-19T05:22:13.958+0000] {logging_mixin.py:190} INFO - [2024-12-19T05:22:13.958+0000] {dag.py:3239} INFO - Sync 1 DAGs
[2024-12-19T05:22:13.963+0000] {logging_mixin.py:190} INFO - [2024-12-19T05:22:13.963+0000] {dag.py:4180} INFO - Setting next_dagrun for example_dag_decorator to None, run_after=None
[2024-12-19T05:22:13.969+0000] {processor.py:208} INFO - Processing /home/airflow/.local/lib/python3.12/site-packages/airflow/example_dags/example_dag_decorator.py took 0.077 seconds
[2024-12-19T05:22:44.922+0000] {processor.py:186} INFO - Started process (PID=21163) to work on /home/airflow/.local/lib/python3.12/site-packages/airflow/example_dags/example_dag_decorator.py
[2024-12-19T05:22:44.923+0000] {processor.py:914} INFO - Processing file /home/airflow/.local/lib/python3.12/site-packages/airflow/example_dags/example_dag_decorator.py for tasks to queue
[2024-12-19T05:22:44.924+0000] {logging_mixin.py:190} INFO - [2024-12-19T05:22:44.924+0000] {dagbag.py:588} INFO - Filling up the DagBag from /home/airflow/.local/lib/python3.12/site-packages/airflow/example_dags/example_dag_decorator.py
[2024-12-19T05:22:44.932+0000] {processor.py:925} INFO - DAG(s) 'example_dag_decorator' retrieved from /home/airflow/.local/lib/python3.12/site-packages/airflow/example_dags/example_dag_decorator.py
[2024-12-19T05:22:44.982+0000] {logging_mixin.py:190} INFO - [2024-12-19T05:22:44.982+0000] {dag.py:3239} INFO - Sync 1 DAGs
[2024-12-19T05:22:44.987+0000] {logging_mixin.py:190} INFO - [2024-12-19T05:22:44.986+0000] {dag.py:4180} INFO - Setting next_dagrun for example_dag_decorator to None, run_after=None
[2024-12-19T05:22:44.995+0000] {processor.py:208} INFO - Processing /home/airflow/.local/lib/python3.12/site-packages/airflow/example_dags/example_dag_decorator.py took 0.079 seconds
[2024-12-19T05:23:15.039+0000] {processor.py:186} INFO - Started process (PID=21454) to work on /home/airflow/.local/lib/python3.12/site-packages/airflow/example_dags/example_dag_decorator.py
[2024-12-19T05:23:15.042+0000] {processor.py:914} INFO - Processing file /home/airflow/.local/lib/python3.12/site-packages/airflow/example_dags/example_dag_decorator.py for tasks to queue
[2024-12-19T05:23:15.044+0000] {logging_mixin.py:190} INFO - [2024-12-19T05:23:15.044+0000] {dagbag.py:588} INFO - Filling up the DagBag from /home/airflow/.local/lib/python3.12/site-packages/airflow/example_dags/example_dag_decorator.py
[2024-12-19T05:23:15.056+0000] {processor.py:925} INFO - DAG(s) 'example_dag_decorator' retrieved from /home/airflow/.local/lib/python3.12/site-packages/airflow/example_dags/example_dag_decorator.py
[2024-12-19T05:23:15.123+0000] {logging_mixin.py:190} INFO - [2024-12-19T05:23:15.123+0000] {dag.py:3239} INFO - Sync 1 DAGs
[2024-12-19T05:23:15.129+0000] {logging_mixin.py:190} INFO - [2024-12-19T05:23:15.129+0000] {dag.py:4180} INFO - Setting next_dagrun for example_dag_decorator to None, run_after=None
[2024-12-19T05:23:15.142+0000] {processor.py:208} INFO - Processing /home/airflow/.local/lib/python3.12/site-packages/airflow/example_dags/example_dag_decorator.py took 0.107 seconds
[2024-12-19T05:23:45.404+0000] {processor.py:186} INFO - Started process (PID=21745) to work on /home/airflow/.local/lib/python3.12/site-packages/airflow/example_dags/example_dag_decorator.py
[2024-12-19T05:23:45.404+0000] {processor.py:914} INFO - Processing file /home/airflow/.local/lib/python3.12/site-packages/airflow/example_dags/example_dag_decorator.py for tasks to queue
[2024-12-19T05:23:45.406+0000] {logging_mixin.py:190} INFO - [2024-12-19T05:23:45.406+0000] {dagbag.py:588} INFO - Filling up the DagBag from /home/airflow/.local/lib/python3.12/site-packages/airflow/example_dags/example_dag_decorator.py
[2024-12-19T05:23:45.413+0000] {processor.py:925} INFO - DAG(s) 'example_dag_decorator' retrieved from /home/airflow/.local/lib/python3.12/site-packages/airflow/example_dags/example_dag_decorator.py
[2024-12-19T05:23:45.466+0000] {logging_mixin.py:190} INFO - [2024-12-19T05:23:45.466+0000] {dag.py:3239} INFO - Sync 1 DAGs
[2024-12-19T05:23:45.472+0000] {logging_mixin.py:190} INFO - [2024-12-19T05:23:45.472+0000] {dag.py:4180} INFO - Setting next_dagrun for example_dag_decorator to None, run_after=None
[2024-12-19T05:23:45.479+0000] {processor.py:208} INFO - Processing /home/airflow/.local/lib/python3.12/site-packages/airflow/example_dags/example_dag_decorator.py took 0.079 seconds
