[2024-12-19T04:00:07.209+0000] {processor.py:186} INFO - Started process (PID=433) to work on /home/airflow/.local/lib/python3.12/site-packages/airflow/example_dags/example_latest_only.py
[2024-12-19T04:00:07.210+0000] {processor.py:914} INFO - Processing file /home/airflow/.local/lib/python3.12/site-packages/airflow/example_dags/example_latest_only.py for tasks to queue
[2024-12-19T04:00:07.211+0000] {logging_mixin.py:190} INFO - [2024-12-19T04:00:07.211+0000] {dagbag.py:588} INFO - Filling up the DagBag from /home/airflow/.local/lib/python3.12/site-packages/airflow/example_dags/example_latest_only.py
[2024-12-19T04:00:07.214+0000] {processor.py:925} INFO - DAG(s) 'latest_only' retrieved from /home/airflow/.local/lib/python3.12/site-packages/airflow/example_dags/example_latest_only.py
[2024-12-19T04:00:07.254+0000] {logging_mixin.py:190} INFO - [2024-12-19T04:00:07.254+0000] {override.py:1911} INFO - Created Permission View: can edit on DAG:latest_only
[2024-12-19T04:00:07.257+0000] {logging_mixin.py:190} INFO - [2024-12-19T04:00:07.257+0000] {override.py:1911} INFO - Created Permission View: can delete on DAG:latest_only
[2024-12-19T04:00:07.259+0000] {logging_mixin.py:190} INFO - [2024-12-19T04:00:07.259+0000] {override.py:1911} INFO - Created Permission View: can read on DAG:latest_only
[2024-12-19T04:00:07.261+0000] {logging_mixin.py:190} INFO - [2024-12-19T04:00:07.260+0000] {override.py:1911} INFO - Created Permission View: can create on DAG Run:latest_only
[2024-12-19T04:00:07.262+0000] {logging_mixin.py:190} INFO - [2024-12-19T04:00:07.262+0000] {override.py:1911} INFO - Created Permission View: can delete on DAG Run:latest_only
[2024-12-19T04:00:07.264+0000] {logging_mixin.py:190} INFO - [2024-12-19T04:00:07.264+0000] {override.py:1911} INFO - Created Permission View: menu access on DAG Run:latest_only
[2024-12-19T04:00:07.266+0000] {logging_mixin.py:190} INFO - [2024-12-19T04:00:07.266+0000] {override.py:1911} INFO - Created Permission View: can read on DAG Run:latest_only
[2024-12-19T04:00:07.266+0000] {logging_mixin.py:190} INFO - [2024-12-19T04:00:07.266+0000] {dag.py:3239} INFO - Sync 1 DAGs
[2024-12-19T04:00:07.271+0000] {logging_mixin.py:190} INFO - [2024-12-19T04:00:07.271+0000] {dag.py:3262} INFO - Creating ORM DAG for latest_only
[2024-12-19T04:00:07.274+0000] {logging_mixin.py:190} INFO - [2024-12-19T04:00:07.274+0000] {dag.py:4180} INFO - Setting next_dagrun for latest_only to 2024-12-19 00:00:00+00:00, run_after=2024-12-19 04:00:00+00:00
[2024-12-19T04:00:07.280+0000] {processor.py:208} INFO - Processing /home/airflow/.local/lib/python3.12/site-packages/airflow/example_dags/example_latest_only.py took 0.073 seconds
[2024-12-19T04:00:56.534+0000] {processor.py:186} INFO - Started process (PID=425) to work on /home/airflow/.local/lib/python3.12/site-packages/airflow/example_dags/example_latest_only.py
[2024-12-19T04:00:56.535+0000] {processor.py:914} INFO - Processing file /home/airflow/.local/lib/python3.12/site-packages/airflow/example_dags/example_latest_only.py for tasks to queue
[2024-12-19T04:00:56.537+0000] {logging_mixin.py:190} INFO - [2024-12-19T04:00:56.537+0000] {dagbag.py:588} INFO - Filling up the DagBag from /home/airflow/.local/lib/python3.12/site-packages/airflow/example_dags/example_latest_only.py
[2024-12-19T04:00:56.541+0000] {processor.py:925} INFO - DAG(s) 'latest_only' retrieved from /home/airflow/.local/lib/python3.12/site-packages/airflow/example_dags/example_latest_only.py
[2024-12-19T04:00:56.548+0000] {logging_mixin.py:190} INFO - [2024-12-19T04:00:56.548+0000] {dag.py:3239} INFO - Sync 1 DAGs
[2024-12-19T04:00:56.556+0000] {logging_mixin.py:190} INFO - [2024-12-19T04:00:56.556+0000] {dag.py:4180} INFO - Setting next_dagrun for latest_only to 2024-12-19 00:00:00+00:00, run_after=2024-12-19 04:00:00+00:00
[2024-12-19T04:00:56.562+0000] {processor.py:208} INFO - Processing /home/airflow/.local/lib/python3.12/site-packages/airflow/example_dags/example_latest_only.py took 0.031 seconds
[2024-12-19T04:01:26.966+0000] {processor.py:186} INFO - Started process (PID=716) to work on /home/airflow/.local/lib/python3.12/site-packages/airflow/example_dags/example_latest_only.py
[2024-12-19T04:01:26.968+0000] {processor.py:914} INFO - Processing file /home/airflow/.local/lib/python3.12/site-packages/airflow/example_dags/example_latest_only.py for tasks to queue
[2024-12-19T04:01:26.969+0000] {logging_mixin.py:190} INFO - [2024-12-19T04:01:26.969+0000] {dagbag.py:588} INFO - Filling up the DagBag from /home/airflow/.local/lib/python3.12/site-packages/airflow/example_dags/example_latest_only.py
[2024-12-19T04:01:26.974+0000] {processor.py:925} INFO - DAG(s) 'latest_only' retrieved from /home/airflow/.local/lib/python3.12/site-packages/airflow/example_dags/example_latest_only.py
[2024-12-19T04:01:26.983+0000] {logging_mixin.py:190} INFO - [2024-12-19T04:01:26.983+0000] {dag.py:3239} INFO - Sync 1 DAGs
[2024-12-19T04:01:26.992+0000] {logging_mixin.py:190} INFO - [2024-12-19T04:01:26.992+0000] {dag.py:4180} INFO - Setting next_dagrun for latest_only to 2024-12-19 00:00:00+00:00, run_after=2024-12-19 04:00:00+00:00
[2024-12-19T04:01:27.000+0000] {processor.py:208} INFO - Processing /home/airflow/.local/lib/python3.12/site-packages/airflow/example_dags/example_latest_only.py took 0.036 seconds
[2024-12-19T04:01:57.109+0000] {processor.py:186} INFO - Started process (PID=1007) to work on /home/airflow/.local/lib/python3.12/site-packages/airflow/example_dags/example_latest_only.py
[2024-12-19T04:01:57.109+0000] {processor.py:914} INFO - Processing file /home/airflow/.local/lib/python3.12/site-packages/airflow/example_dags/example_latest_only.py for tasks to queue
[2024-12-19T04:01:57.110+0000] {logging_mixin.py:190} INFO - [2024-12-19T04:01:57.110+0000] {dagbag.py:588} INFO - Filling up the DagBag from /home/airflow/.local/lib/python3.12/site-packages/airflow/example_dags/example_latest_only.py
[2024-12-19T04:01:57.113+0000] {processor.py:925} INFO - DAG(s) 'latest_only' retrieved from /home/airflow/.local/lib/python3.12/site-packages/airflow/example_dags/example_latest_only.py
[2024-12-19T04:01:57.121+0000] {logging_mixin.py:190} INFO - [2024-12-19T04:01:57.121+0000] {dag.py:3239} INFO - Sync 1 DAGs
[2024-12-19T04:01:57.130+0000] {logging_mixin.py:190} INFO - [2024-12-19T04:01:57.130+0000] {dag.py:4180} INFO - Setting next_dagrun for latest_only to 2024-12-19 00:00:00+00:00, run_after=2024-12-19 04:00:00+00:00
[2024-12-19T04:01:57.136+0000] {processor.py:208} INFO - Processing /home/airflow/.local/lib/python3.12/site-packages/airflow/example_dags/example_latest_only.py took 0.029 seconds
[2024-12-19T04:02:27.333+0000] {processor.py:186} INFO - Started process (PID=1317) to work on /home/airflow/.local/lib/python3.12/site-packages/airflow/example_dags/example_latest_only.py
[2024-12-19T04:02:27.336+0000] {processor.py:914} INFO - Processing file /home/airflow/.local/lib/python3.12/site-packages/airflow/example_dags/example_latest_only.py for tasks to queue
[2024-12-19T04:02:27.340+0000] {logging_mixin.py:190} INFO - [2024-12-19T04:02:27.340+0000] {dagbag.py:588} INFO - Filling up the DagBag from /home/airflow/.local/lib/python3.12/site-packages/airflow/example_dags/example_latest_only.py
[2024-12-19T04:02:27.343+0000] {processor.py:925} INFO - DAG(s) 'latest_only' retrieved from /home/airflow/.local/lib/python3.12/site-packages/airflow/example_dags/example_latest_only.py
[2024-12-19T04:02:27.351+0000] {logging_mixin.py:190} INFO - [2024-12-19T04:02:27.351+0000] {dag.py:3239} INFO - Sync 1 DAGs
[2024-12-19T04:02:27.359+0000] {logging_mixin.py:190} INFO - [2024-12-19T04:02:27.359+0000] {dag.py:4180} INFO - Setting next_dagrun for latest_only to 2024-12-19 00:00:00+00:00, run_after=2024-12-19 04:00:00+00:00
[2024-12-19T04:02:27.365+0000] {processor.py:208} INFO - Processing /home/airflow/.local/lib/python3.12/site-packages/airflow/example_dags/example_latest_only.py took 0.035 seconds
[2024-12-19T04:02:58.381+0000] {processor.py:186} INFO - Started process (PID=1608) to work on /home/airflow/.local/lib/python3.12/site-packages/airflow/example_dags/example_latest_only.py
[2024-12-19T04:02:58.381+0000] {processor.py:914} INFO - Processing file /home/airflow/.local/lib/python3.12/site-packages/airflow/example_dags/example_latest_only.py for tasks to queue
[2024-12-19T04:02:58.383+0000] {logging_mixin.py:190} INFO - [2024-12-19T04:02:58.383+0000] {dagbag.py:588} INFO - Filling up the DagBag from /home/airflow/.local/lib/python3.12/site-packages/airflow/example_dags/example_latest_only.py
[2024-12-19T04:02:58.386+0000] {processor.py:925} INFO - DAG(s) 'latest_only' retrieved from /home/airflow/.local/lib/python3.12/site-packages/airflow/example_dags/example_latest_only.py
[2024-12-19T04:02:58.393+0000] {logging_mixin.py:190} INFO - [2024-12-19T04:02:58.393+0000] {dag.py:3239} INFO - Sync 1 DAGs
[2024-12-19T04:02:58.402+0000] {logging_mixin.py:190} INFO - [2024-12-19T04:02:58.402+0000] {dag.py:4180} INFO - Setting next_dagrun for latest_only to 2024-12-19 00:00:00+00:00, run_after=2024-12-19 04:00:00+00:00
[2024-12-19T04:02:58.408+0000] {processor.py:208} INFO - Processing /home/airflow/.local/lib/python3.12/site-packages/airflow/example_dags/example_latest_only.py took 0.030 seconds
[2024-12-19T04:03:29.562+0000] {processor.py:186} INFO - Started process (PID=1905) to work on /home/airflow/.local/lib/python3.12/site-packages/airflow/example_dags/example_latest_only.py
[2024-12-19T04:03:29.565+0000] {processor.py:914} INFO - Processing file /home/airflow/.local/lib/python3.12/site-packages/airflow/example_dags/example_latest_only.py for tasks to queue
[2024-12-19T04:03:29.566+0000] {logging_mixin.py:190} INFO - [2024-12-19T04:03:29.566+0000] {dagbag.py:588} INFO - Filling up the DagBag from /home/airflow/.local/lib/python3.12/site-packages/airflow/example_dags/example_latest_only.py
[2024-12-19T04:03:29.571+0000] {processor.py:925} INFO - DAG(s) 'latest_only' retrieved from /home/airflow/.local/lib/python3.12/site-packages/airflow/example_dags/example_latest_only.py
[2024-12-19T04:03:29.581+0000] {logging_mixin.py:190} INFO - [2024-12-19T04:03:29.581+0000] {dag.py:3239} INFO - Sync 1 DAGs
[2024-12-19T04:03:29.595+0000] {logging_mixin.py:190} INFO - [2024-12-19T04:03:29.595+0000] {dag.py:4180} INFO - Setting next_dagrun for latest_only to 2024-12-19 00:00:00+00:00, run_after=2024-12-19 04:00:00+00:00
[2024-12-19T04:03:29.604+0000] {processor.py:208} INFO - Processing /home/airflow/.local/lib/python3.12/site-packages/airflow/example_dags/example_latest_only.py took 0.046 seconds
[2024-12-19T04:03:59.824+0000] {processor.py:186} INFO - Started process (PID=2196) to work on /home/airflow/.local/lib/python3.12/site-packages/airflow/example_dags/example_latest_only.py
[2024-12-19T04:03:59.827+0000] {processor.py:914} INFO - Processing file /home/airflow/.local/lib/python3.12/site-packages/airflow/example_dags/example_latest_only.py for tasks to queue
[2024-12-19T04:03:59.828+0000] {logging_mixin.py:190} INFO - [2024-12-19T04:03:59.828+0000] {dagbag.py:588} INFO - Filling up the DagBag from /home/airflow/.local/lib/python3.12/site-packages/airflow/example_dags/example_latest_only.py
[2024-12-19T04:03:59.832+0000] {processor.py:925} INFO - DAG(s) 'latest_only' retrieved from /home/airflow/.local/lib/python3.12/site-packages/airflow/example_dags/example_latest_only.py
[2024-12-19T04:03:59.839+0000] {logging_mixin.py:190} INFO - [2024-12-19T04:03:59.839+0000] {dag.py:3239} INFO - Sync 1 DAGs
[2024-12-19T04:03:59.848+0000] {logging_mixin.py:190} INFO - [2024-12-19T04:03:59.847+0000] {dag.py:4180} INFO - Setting next_dagrun for latest_only to 2024-12-19 00:00:00+00:00, run_after=2024-12-19 04:00:00+00:00
[2024-12-19T04:03:59.853+0000] {processor.py:208} INFO - Processing /home/airflow/.local/lib/python3.12/site-packages/airflow/example_dags/example_latest_only.py took 0.031 seconds
[2024-12-19T04:04:32.698+0000] {processor.py:186} INFO - Started process (PID=2486) to work on /home/airflow/.local/lib/python3.12/site-packages/airflow/example_dags/example_latest_only.py
[2024-12-19T04:04:32.698+0000] {processor.py:914} INFO - Processing file /home/airflow/.local/lib/python3.12/site-packages/airflow/example_dags/example_latest_only.py for tasks to queue
[2024-12-19T04:04:32.699+0000] {logging_mixin.py:190} INFO - [2024-12-19T04:04:32.699+0000] {dagbag.py:588} INFO - Filling up the DagBag from /home/airflow/.local/lib/python3.12/site-packages/airflow/example_dags/example_latest_only.py
[2024-12-19T04:04:32.705+0000] {processor.py:925} INFO - DAG(s) 'latest_only' retrieved from /home/airflow/.local/lib/python3.12/site-packages/airflow/example_dags/example_latest_only.py
[2024-12-19T04:04:32.716+0000] {logging_mixin.py:190} INFO - [2024-12-19T04:04:32.716+0000] {dag.py:3239} INFO - Sync 1 DAGs
[2024-12-19T04:04:32.731+0000] {logging_mixin.py:190} INFO - [2024-12-19T04:04:32.731+0000] {dag.py:4180} INFO - Setting next_dagrun for latest_only to 2024-12-19 00:00:00+00:00, run_after=2024-12-19 04:00:00+00:00
[2024-12-19T04:04:32.739+0000] {processor.py:208} INFO - Processing /home/airflow/.local/lib/python3.12/site-packages/airflow/example_dags/example_latest_only.py took 0.044 seconds
[2024-12-19T04:05:03.774+0000] {processor.py:186} INFO - Started process (PID=2783) to work on /home/airflow/.local/lib/python3.12/site-packages/airflow/example_dags/example_latest_only.py
[2024-12-19T04:05:03.777+0000] {processor.py:914} INFO - Processing file /home/airflow/.local/lib/python3.12/site-packages/airflow/example_dags/example_latest_only.py for tasks to queue
[2024-12-19T04:05:03.778+0000] {logging_mixin.py:190} INFO - [2024-12-19T04:05:03.778+0000] {dagbag.py:588} INFO - Filling up the DagBag from /home/airflow/.local/lib/python3.12/site-packages/airflow/example_dags/example_latest_only.py
[2024-12-19T04:05:03.781+0000] {processor.py:925} INFO - DAG(s) 'latest_only' retrieved from /home/airflow/.local/lib/python3.12/site-packages/airflow/example_dags/example_latest_only.py
[2024-12-19T04:05:03.788+0000] {logging_mixin.py:190} INFO - [2024-12-19T04:05:03.788+0000] {dag.py:3239} INFO - Sync 1 DAGs
[2024-12-19T04:05:03.796+0000] {logging_mixin.py:190} INFO - [2024-12-19T04:05:03.796+0000] {dag.py:4180} INFO - Setting next_dagrun for latest_only to 2024-12-19 00:00:00+00:00, run_after=2024-12-19 04:00:00+00:00
[2024-12-19T04:05:03.801+0000] {processor.py:208} INFO - Processing /home/airflow/.local/lib/python3.12/site-packages/airflow/example_dags/example_latest_only.py took 0.030 seconds
[2024-12-19T04:22:25.587+0000] {processor.py:186} INFO - Started process (PID=3209) to work on /home/airflow/.local/lib/python3.12/site-packages/airflow/example_dags/example_latest_only.py
[2024-12-19T04:22:25.589+0000] {processor.py:914} INFO - Processing file /home/airflow/.local/lib/python3.12/site-packages/airflow/example_dags/example_latest_only.py for tasks to queue
[2024-12-19T04:22:25.589+0000] {logging_mixin.py:190} INFO - [2024-12-19T04:22:25.589+0000] {dagbag.py:588} INFO - Filling up the DagBag from /home/airflow/.local/lib/python3.12/site-packages/airflow/example_dags/example_latest_only.py
[2024-12-19T04:22:25.593+0000] {processor.py:925} INFO - DAG(s) 'latest_only' retrieved from /home/airflow/.local/lib/python3.12/site-packages/airflow/example_dags/example_latest_only.py
[2024-12-19T04:22:25.599+0000] {logging_mixin.py:190} INFO - [2024-12-19T04:22:25.599+0000] {dag.py:3239} INFO - Sync 1 DAGs
[2024-12-19T04:22:25.609+0000] {logging_mixin.py:190} INFO - [2024-12-19T04:22:25.609+0000] {dag.py:4180} INFO - Setting next_dagrun for latest_only to 2024-12-19 00:00:00+00:00, run_after=2024-12-19 04:00:00+00:00
[2024-12-19T04:22:25.618+0000] {processor.py:208} INFO - Processing /home/airflow/.local/lib/python3.12/site-packages/airflow/example_dags/example_latest_only.py took 0.033 seconds
[2024-12-19T04:22:56.163+0000] {processor.py:186} INFO - Started process (PID=3500) to work on /home/airflow/.local/lib/python3.12/site-packages/airflow/example_dags/example_latest_only.py
[2024-12-19T04:22:56.163+0000] {processor.py:914} INFO - Processing file /home/airflow/.local/lib/python3.12/site-packages/airflow/example_dags/example_latest_only.py for tasks to queue
[2024-12-19T04:22:56.164+0000] {logging_mixin.py:190} INFO - [2024-12-19T04:22:56.164+0000] {dagbag.py:588} INFO - Filling up the DagBag from /home/airflow/.local/lib/python3.12/site-packages/airflow/example_dags/example_latest_only.py
[2024-12-19T04:22:56.167+0000] {processor.py:925} INFO - DAG(s) 'latest_only' retrieved from /home/airflow/.local/lib/python3.12/site-packages/airflow/example_dags/example_latest_only.py
[2024-12-19T04:22:56.176+0000] {logging_mixin.py:190} INFO - [2024-12-19T04:22:56.176+0000] {dag.py:3239} INFO - Sync 1 DAGs
[2024-12-19T04:22:56.185+0000] {logging_mixin.py:190} INFO - [2024-12-19T04:22:56.185+0000] {dag.py:4180} INFO - Setting next_dagrun for latest_only to 2024-12-19 00:00:00+00:00, run_after=2024-12-19 04:00:00+00:00
[2024-12-19T04:22:56.193+0000] {processor.py:208} INFO - Processing /home/airflow/.local/lib/python3.12/site-packages/airflow/example_dags/example_latest_only.py took 0.033 seconds
[2024-12-19T04:39:23.666+0000] {processor.py:186} INFO - Started process (PID=3791) to work on /home/airflow/.local/lib/python3.12/site-packages/airflow/example_dags/example_latest_only.py
[2024-12-19T04:39:23.668+0000] {processor.py:914} INFO - Processing file /home/airflow/.local/lib/python3.12/site-packages/airflow/example_dags/example_latest_only.py for tasks to queue
[2024-12-19T04:39:23.669+0000] {logging_mixin.py:190} INFO - [2024-12-19T04:39:23.669+0000] {dagbag.py:588} INFO - Filling up the DagBag from /home/airflow/.local/lib/python3.12/site-packages/airflow/example_dags/example_latest_only.py
[2024-12-19T04:39:23.672+0000] {processor.py:925} INFO - DAG(s) 'latest_only' retrieved from /home/airflow/.local/lib/python3.12/site-packages/airflow/example_dags/example_latest_only.py
[2024-12-19T04:39:23.679+0000] {logging_mixin.py:190} INFO - [2024-12-19T04:39:23.679+0000] {dag.py:3239} INFO - Sync 1 DAGs
[2024-12-19T04:39:23.688+0000] {logging_mixin.py:190} INFO - [2024-12-19T04:39:23.688+0000] {dag.py:4180} INFO - Setting next_dagrun for latest_only to 2024-12-19 00:00:00+00:00, run_after=2024-12-19 04:00:00+00:00
[2024-12-19T04:39:23.694+0000] {processor.py:208} INFO - Processing /home/airflow/.local/lib/python3.12/site-packages/airflow/example_dags/example_latest_only.py took 0.030 seconds
[2024-12-19T04:39:54.736+0000] {processor.py:186} INFO - Started process (PID=4082) to work on /home/airflow/.local/lib/python3.12/site-packages/airflow/example_dags/example_latest_only.py
[2024-12-19T04:39:54.737+0000] {processor.py:914} INFO - Processing file /home/airflow/.local/lib/python3.12/site-packages/airflow/example_dags/example_latest_only.py for tasks to queue
[2024-12-19T04:39:54.738+0000] {logging_mixin.py:190} INFO - [2024-12-19T04:39:54.738+0000] {dagbag.py:588} INFO - Filling up the DagBag from /home/airflow/.local/lib/python3.12/site-packages/airflow/example_dags/example_latest_only.py
[2024-12-19T04:39:54.742+0000] {processor.py:925} INFO - DAG(s) 'latest_only' retrieved from /home/airflow/.local/lib/python3.12/site-packages/airflow/example_dags/example_latest_only.py
[2024-12-19T04:39:54.749+0000] {logging_mixin.py:190} INFO - [2024-12-19T04:39:54.749+0000] {dag.py:3239} INFO - Sync 1 DAGs
[2024-12-19T04:39:54.757+0000] {logging_mixin.py:190} INFO - [2024-12-19T04:39:54.757+0000] {dag.py:4180} INFO - Setting next_dagrun for latest_only to 2024-12-19 00:00:00+00:00, run_after=2024-12-19 04:00:00+00:00
[2024-12-19T04:39:54.762+0000] {processor.py:208} INFO - Processing /home/airflow/.local/lib/python3.12/site-packages/airflow/example_dags/example_latest_only.py took 0.029 seconds
[2024-12-19T04:40:25.733+0000] {processor.py:186} INFO - Started process (PID=4373) to work on /home/airflow/.local/lib/python3.12/site-packages/airflow/example_dags/example_latest_only.py
[2024-12-19T04:40:25.737+0000] {processor.py:914} INFO - Processing file /home/airflow/.local/lib/python3.12/site-packages/airflow/example_dags/example_latest_only.py for tasks to queue
[2024-12-19T04:40:25.738+0000] {logging_mixin.py:190} INFO - [2024-12-19T04:40:25.737+0000] {dagbag.py:588} INFO - Filling up the DagBag from /home/airflow/.local/lib/python3.12/site-packages/airflow/example_dags/example_latest_only.py
[2024-12-19T04:40:25.741+0000] {processor.py:925} INFO - DAG(s) 'latest_only' retrieved from /home/airflow/.local/lib/python3.12/site-packages/airflow/example_dags/example_latest_only.py
[2024-12-19T04:40:25.747+0000] {logging_mixin.py:190} INFO - [2024-12-19T04:40:25.747+0000] {dag.py:3239} INFO - Sync 1 DAGs
[2024-12-19T04:40:25.756+0000] {logging_mixin.py:190} INFO - [2024-12-19T04:40:25.756+0000] {dag.py:4180} INFO - Setting next_dagrun for latest_only to 2024-12-19 00:00:00+00:00, run_after=2024-12-19 04:00:00+00:00
[2024-12-19T04:40:25.761+0000] {processor.py:208} INFO - Processing /home/airflow/.local/lib/python3.12/site-packages/airflow/example_dags/example_latest_only.py took 0.030 seconds
[2024-12-19T04:40:56.743+0000] {processor.py:186} INFO - Started process (PID=4664) to work on /home/airflow/.local/lib/python3.12/site-packages/airflow/example_dags/example_latest_only.py
[2024-12-19T04:40:56.744+0000] {processor.py:914} INFO - Processing file /home/airflow/.local/lib/python3.12/site-packages/airflow/example_dags/example_latest_only.py for tasks to queue
[2024-12-19T04:40:56.744+0000] {logging_mixin.py:190} INFO - [2024-12-19T04:40:56.744+0000] {dagbag.py:588} INFO - Filling up the DagBag from /home/airflow/.local/lib/python3.12/site-packages/airflow/example_dags/example_latest_only.py
[2024-12-19T04:40:56.748+0000] {processor.py:925} INFO - DAG(s) 'latest_only' retrieved from /home/airflow/.local/lib/python3.12/site-packages/airflow/example_dags/example_latest_only.py
[2024-12-19T04:40:56.755+0000] {logging_mixin.py:190} INFO - [2024-12-19T04:40:56.755+0000] {dag.py:3239} INFO - Sync 1 DAGs
[2024-12-19T04:40:56.764+0000] {logging_mixin.py:190} INFO - [2024-12-19T04:40:56.764+0000] {dag.py:4180} INFO - Setting next_dagrun for latest_only to 2024-12-19 00:00:00+00:00, run_after=2024-12-19 04:00:00+00:00
[2024-12-19T04:40:56.770+0000] {processor.py:208} INFO - Processing /home/airflow/.local/lib/python3.12/site-packages/airflow/example_dags/example_latest_only.py took 0.029 seconds
[2024-12-19T04:41:27.888+0000] {processor.py:186} INFO - Started process (PID=4957) to work on /home/airflow/.local/lib/python3.12/site-packages/airflow/example_dags/example_latest_only.py
[2024-12-19T04:41:27.889+0000] {processor.py:914} INFO - Processing file /home/airflow/.local/lib/python3.12/site-packages/airflow/example_dags/example_latest_only.py for tasks to queue
[2024-12-19T04:41:27.890+0000] {logging_mixin.py:190} INFO - [2024-12-19T04:41:27.889+0000] {dagbag.py:588} INFO - Filling up the DagBag from /home/airflow/.local/lib/python3.12/site-packages/airflow/example_dags/example_latest_only.py
[2024-12-19T04:41:27.893+0000] {processor.py:925} INFO - DAG(s) 'latest_only' retrieved from /home/airflow/.local/lib/python3.12/site-packages/airflow/example_dags/example_latest_only.py
[2024-12-19T04:41:27.901+0000] {logging_mixin.py:190} INFO - [2024-12-19T04:41:27.901+0000] {dag.py:3239} INFO - Sync 1 DAGs
[2024-12-19T04:41:27.910+0000] {logging_mixin.py:190} INFO - [2024-12-19T04:41:27.910+0000] {dag.py:4180} INFO - Setting next_dagrun for latest_only to 2024-12-19 00:00:00+00:00, run_after=2024-12-19 04:00:00+00:00
[2024-12-19T04:41:27.916+0000] {processor.py:208} INFO - Processing /home/airflow/.local/lib/python3.12/site-packages/airflow/example_dags/example_latest_only.py took 0.031 seconds
[2024-12-19T04:41:58.946+0000] {processor.py:186} INFO - Started process (PID=5246) to work on /home/airflow/.local/lib/python3.12/site-packages/airflow/example_dags/example_latest_only.py
[2024-12-19T04:41:58.948+0000] {processor.py:914} INFO - Processing file /home/airflow/.local/lib/python3.12/site-packages/airflow/example_dags/example_latest_only.py for tasks to queue
[2024-12-19T04:41:58.949+0000] {logging_mixin.py:190} INFO - [2024-12-19T04:41:58.949+0000] {dagbag.py:588} INFO - Filling up the DagBag from /home/airflow/.local/lib/python3.12/site-packages/airflow/example_dags/example_latest_only.py
[2024-12-19T04:41:58.952+0000] {processor.py:925} INFO - DAG(s) 'latest_only' retrieved from /home/airflow/.local/lib/python3.12/site-packages/airflow/example_dags/example_latest_only.py
[2024-12-19T04:41:58.960+0000] {logging_mixin.py:190} INFO - [2024-12-19T04:41:58.960+0000] {dag.py:3239} INFO - Sync 1 DAGs
[2024-12-19T04:41:58.968+0000] {logging_mixin.py:190} INFO - [2024-12-19T04:41:58.968+0000] {dag.py:4180} INFO - Setting next_dagrun for latest_only to 2024-12-19 00:00:00+00:00, run_after=2024-12-19 04:00:00+00:00
[2024-12-19T04:41:58.974+0000] {processor.py:208} INFO - Processing /home/airflow/.local/lib/python3.12/site-packages/airflow/example_dags/example_latest_only.py took 0.030 seconds
[2024-12-19T04:55:19.930+0000] {processor.py:186} INFO - Started process (PID=5537) to work on /home/airflow/.local/lib/python3.12/site-packages/airflow/example_dags/example_latest_only.py
[2024-12-19T04:55:19.931+0000] {processor.py:914} INFO - Processing file /home/airflow/.local/lib/python3.12/site-packages/airflow/example_dags/example_latest_only.py for tasks to queue
[2024-12-19T04:55:19.933+0000] {logging_mixin.py:190} INFO - [2024-12-19T04:55:19.933+0000] {dagbag.py:588} INFO - Filling up the DagBag from /home/airflow/.local/lib/python3.12/site-packages/airflow/example_dags/example_latest_only.py
[2024-12-19T04:55:19.936+0000] {processor.py:925} INFO - DAG(s) 'latest_only' retrieved from /home/airflow/.local/lib/python3.12/site-packages/airflow/example_dags/example_latest_only.py
[2024-12-19T04:55:19.948+0000] {logging_mixin.py:190} INFO - [2024-12-19T04:55:19.947+0000] {dag.py:3239} INFO - Sync 1 DAGs
[2024-12-19T04:55:19.957+0000] {logging_mixin.py:190} INFO - [2024-12-19T04:55:19.957+0000] {dag.py:4180} INFO - Setting next_dagrun for latest_only to 2024-12-19 00:00:00+00:00, run_after=2024-12-19 04:00:00+00:00
[2024-12-19T04:55:19.963+0000] {processor.py:208} INFO - Processing /home/airflow/.local/lib/python3.12/site-packages/airflow/example_dags/example_latest_only.py took 0.035 seconds
[2024-12-19T04:55:50.114+0000] {processor.py:186} INFO - Started process (PID=5828) to work on /home/airflow/.local/lib/python3.12/site-packages/airflow/example_dags/example_latest_only.py
[2024-12-19T04:55:50.115+0000] {processor.py:914} INFO - Processing file /home/airflow/.local/lib/python3.12/site-packages/airflow/example_dags/example_latest_only.py for tasks to queue
[2024-12-19T04:55:50.116+0000] {logging_mixin.py:190} INFO - [2024-12-19T04:55:50.116+0000] {dagbag.py:588} INFO - Filling up the DagBag from /home/airflow/.local/lib/python3.12/site-packages/airflow/example_dags/example_latest_only.py
[2024-12-19T04:55:50.119+0000] {processor.py:925} INFO - DAG(s) 'latest_only' retrieved from /home/airflow/.local/lib/python3.12/site-packages/airflow/example_dags/example_latest_only.py
[2024-12-19T04:55:50.128+0000] {logging_mixin.py:190} INFO - [2024-12-19T04:55:50.128+0000] {dag.py:3239} INFO - Sync 1 DAGs
[2024-12-19T04:55:50.137+0000] {logging_mixin.py:190} INFO - [2024-12-19T04:55:50.137+0000] {dag.py:4180} INFO - Setting next_dagrun for latest_only to 2024-12-19 00:00:00+00:00, run_after=2024-12-19 04:00:00+00:00
[2024-12-19T04:55:50.144+0000] {processor.py:208} INFO - Processing /home/airflow/.local/lib/python3.12/site-packages/airflow/example_dags/example_latest_only.py took 0.032 seconds
[2024-12-19T04:56:20.383+0000] {processor.py:186} INFO - Started process (PID=6119) to work on /home/airflow/.local/lib/python3.12/site-packages/airflow/example_dags/example_latest_only.py
[2024-12-19T04:56:20.384+0000] {processor.py:914} INFO - Processing file /home/airflow/.local/lib/python3.12/site-packages/airflow/example_dags/example_latest_only.py for tasks to queue
[2024-12-19T04:56:20.385+0000] {logging_mixin.py:190} INFO - [2024-12-19T04:56:20.384+0000] {dagbag.py:588} INFO - Filling up the DagBag from /home/airflow/.local/lib/python3.12/site-packages/airflow/example_dags/example_latest_only.py
[2024-12-19T04:56:20.387+0000] {processor.py:925} INFO - DAG(s) 'latest_only' retrieved from /home/airflow/.local/lib/python3.12/site-packages/airflow/example_dags/example_latest_only.py
[2024-12-19T04:56:20.395+0000] {logging_mixin.py:190} INFO - [2024-12-19T04:56:20.395+0000] {dag.py:3239} INFO - Sync 1 DAGs
[2024-12-19T04:56:20.403+0000] {logging_mixin.py:190} INFO - [2024-12-19T04:56:20.403+0000] {dag.py:4180} INFO - Setting next_dagrun for latest_only to 2024-12-19 00:00:00+00:00, run_after=2024-12-19 04:00:00+00:00
[2024-12-19T04:56:20.412+0000] {processor.py:208} INFO - Processing /home/airflow/.local/lib/python3.12/site-packages/airflow/example_dags/example_latest_only.py took 0.030 seconds
[2024-12-19T04:56:50.732+0000] {processor.py:186} INFO - Started process (PID=6410) to work on /home/airflow/.local/lib/python3.12/site-packages/airflow/example_dags/example_latest_only.py
[2024-12-19T04:56:50.733+0000] {processor.py:914} INFO - Processing file /home/airflow/.local/lib/python3.12/site-packages/airflow/example_dags/example_latest_only.py for tasks to queue
[2024-12-19T04:56:50.734+0000] {logging_mixin.py:190} INFO - [2024-12-19T04:56:50.734+0000] {dagbag.py:588} INFO - Filling up the DagBag from /home/airflow/.local/lib/python3.12/site-packages/airflow/example_dags/example_latest_only.py
[2024-12-19T04:56:50.738+0000] {processor.py:925} INFO - DAG(s) 'latest_only' retrieved from /home/airflow/.local/lib/python3.12/site-packages/airflow/example_dags/example_latest_only.py
[2024-12-19T04:56:50.747+0000] {logging_mixin.py:190} INFO - [2024-12-19T04:56:50.747+0000] {dag.py:3239} INFO - Sync 1 DAGs
[2024-12-19T04:56:50.756+0000] {logging_mixin.py:190} INFO - [2024-12-19T04:56:50.756+0000] {dag.py:4180} INFO - Setting next_dagrun for latest_only to 2024-12-19 00:00:00+00:00, run_after=2024-12-19 04:00:00+00:00
[2024-12-19T04:56:50.763+0000] {processor.py:208} INFO - Processing /home/airflow/.local/lib/python3.12/site-packages/airflow/example_dags/example_latest_only.py took 0.033 seconds
[2024-12-19T04:57:20.987+0000] {processor.py:186} INFO - Started process (PID=6701) to work on /home/airflow/.local/lib/python3.12/site-packages/airflow/example_dags/example_latest_only.py
[2024-12-19T04:57:20.990+0000] {processor.py:914} INFO - Processing file /home/airflow/.local/lib/python3.12/site-packages/airflow/example_dags/example_latest_only.py for tasks to queue
[2024-12-19T04:57:20.992+0000] {logging_mixin.py:190} INFO - [2024-12-19T04:57:20.992+0000] {dagbag.py:588} INFO - Filling up the DagBag from /home/airflow/.local/lib/python3.12/site-packages/airflow/example_dags/example_latest_only.py
[2024-12-19T04:57:20.996+0000] {processor.py:925} INFO - DAG(s) 'latest_only' retrieved from /home/airflow/.local/lib/python3.12/site-packages/airflow/example_dags/example_latest_only.py
[2024-12-19T04:57:21.005+0000] {logging_mixin.py:190} INFO - [2024-12-19T04:57:21.005+0000] {dag.py:3239} INFO - Sync 1 DAGs
[2024-12-19T04:57:21.015+0000] {logging_mixin.py:190} INFO - [2024-12-19T04:57:21.015+0000] {dag.py:4180} INFO - Setting next_dagrun for latest_only to 2024-12-19 00:00:00+00:00, run_after=2024-12-19 04:00:00+00:00
[2024-12-19T04:57:21.021+0000] {processor.py:208} INFO - Processing /home/airflow/.local/lib/python3.12/site-packages/airflow/example_dags/example_latest_only.py took 0.037 seconds
[2024-12-19T04:57:51.257+0000] {processor.py:186} INFO - Started process (PID=6991) to work on /home/airflow/.local/lib/python3.12/site-packages/airflow/example_dags/example_latest_only.py
[2024-12-19T04:57:51.258+0000] {processor.py:914} INFO - Processing file /home/airflow/.local/lib/python3.12/site-packages/airflow/example_dags/example_latest_only.py for tasks to queue
[2024-12-19T04:57:51.259+0000] {logging_mixin.py:190} INFO - [2024-12-19T04:57:51.259+0000] {dagbag.py:588} INFO - Filling up the DagBag from /home/airflow/.local/lib/python3.12/site-packages/airflow/example_dags/example_latest_only.py
[2024-12-19T04:57:51.262+0000] {processor.py:925} INFO - DAG(s) 'latest_only' retrieved from /home/airflow/.local/lib/python3.12/site-packages/airflow/example_dags/example_latest_only.py
[2024-12-19T04:57:51.271+0000] {logging_mixin.py:190} INFO - [2024-12-19T04:57:51.270+0000] {dag.py:3239} INFO - Sync 1 DAGs
[2024-12-19T04:57:51.279+0000] {logging_mixin.py:190} INFO - [2024-12-19T04:57:51.279+0000] {dag.py:4180} INFO - Setting next_dagrun for latest_only to 2024-12-19 00:00:00+00:00, run_after=2024-12-19 04:00:00+00:00
[2024-12-19T04:57:51.286+0000] {processor.py:208} INFO - Processing /home/airflow/.local/lib/python3.12/site-packages/airflow/example_dags/example_latest_only.py took 0.030 seconds
[2024-12-19T04:58:21.566+0000] {processor.py:186} INFO - Started process (PID=7277) to work on /home/airflow/.local/lib/python3.12/site-packages/airflow/example_dags/example_latest_only.py
[2024-12-19T04:58:21.570+0000] {processor.py:914} INFO - Processing file /home/airflow/.local/lib/python3.12/site-packages/airflow/example_dags/example_latest_only.py for tasks to queue
[2024-12-19T04:58:21.571+0000] {logging_mixin.py:190} INFO - [2024-12-19T04:58:21.571+0000] {dagbag.py:588} INFO - Filling up the DagBag from /home/airflow/.local/lib/python3.12/site-packages/airflow/example_dags/example_latest_only.py
[2024-12-19T04:58:21.575+0000] {processor.py:925} INFO - DAG(s) 'latest_only' retrieved from /home/airflow/.local/lib/python3.12/site-packages/airflow/example_dags/example_latest_only.py
[2024-12-19T04:58:21.586+0000] {logging_mixin.py:190} INFO - [2024-12-19T04:58:21.586+0000] {dag.py:3239} INFO - Sync 1 DAGs
[2024-12-19T04:58:21.596+0000] {logging_mixin.py:190} INFO - [2024-12-19T04:58:21.595+0000] {dag.py:4180} INFO - Setting next_dagrun for latest_only to 2024-12-19 00:00:00+00:00, run_after=2024-12-19 04:00:00+00:00
[2024-12-19T04:58:21.602+0000] {processor.py:208} INFO - Processing /home/airflow/.local/lib/python3.12/site-packages/airflow/example_dags/example_latest_only.py took 0.038 seconds
[2024-12-19T04:58:52.941+0000] {processor.py:186} INFO - Started process (PID=7573) to work on /home/airflow/.local/lib/python3.12/site-packages/airflow/example_dags/example_latest_only.py
[2024-12-19T04:58:52.941+0000] {processor.py:914} INFO - Processing file /home/airflow/.local/lib/python3.12/site-packages/airflow/example_dags/example_latest_only.py for tasks to queue
[2024-12-19T04:58:52.942+0000] {logging_mixin.py:190} INFO - [2024-12-19T04:58:52.942+0000] {dagbag.py:588} INFO - Filling up the DagBag from /home/airflow/.local/lib/python3.12/site-packages/airflow/example_dags/example_latest_only.py
[2024-12-19T04:58:52.945+0000] {processor.py:925} INFO - DAG(s) 'latest_only' retrieved from /home/airflow/.local/lib/python3.12/site-packages/airflow/example_dags/example_latest_only.py
[2024-12-19T04:58:52.953+0000] {logging_mixin.py:190} INFO - [2024-12-19T04:58:52.953+0000] {dag.py:3239} INFO - Sync 1 DAGs
[2024-12-19T04:58:52.963+0000] {logging_mixin.py:190} INFO - [2024-12-19T04:58:52.963+0000] {dag.py:4180} INFO - Setting next_dagrun for latest_only to 2024-12-19 00:00:00+00:00, run_after=2024-12-19 04:00:00+00:00
[2024-12-19T04:58:52.971+0000] {processor.py:208} INFO - Processing /home/airflow/.local/lib/python3.12/site-packages/airflow/example_dags/example_latest_only.py took 0.032 seconds
[2024-12-19T04:59:24.182+0000] {processor.py:186} INFO - Started process (PID=7864) to work on /home/airflow/.local/lib/python3.12/site-packages/airflow/example_dags/example_latest_only.py
[2024-12-19T04:59:24.182+0000] {processor.py:914} INFO - Processing file /home/airflow/.local/lib/python3.12/site-packages/airflow/example_dags/example_latest_only.py for tasks to queue
[2024-12-19T04:59:24.184+0000] {logging_mixin.py:190} INFO - [2024-12-19T04:59:24.184+0000] {dagbag.py:588} INFO - Filling up the DagBag from /home/airflow/.local/lib/python3.12/site-packages/airflow/example_dags/example_latest_only.py
[2024-12-19T04:59:24.188+0000] {processor.py:925} INFO - DAG(s) 'latest_only' retrieved from /home/airflow/.local/lib/python3.12/site-packages/airflow/example_dags/example_latest_only.py
[2024-12-19T04:59:24.197+0000] {logging_mixin.py:190} INFO - [2024-12-19T04:59:24.197+0000] {dag.py:3239} INFO - Sync 1 DAGs
[2024-12-19T04:59:24.208+0000] {logging_mixin.py:190} INFO - [2024-12-19T04:59:24.207+0000] {dag.py:4180} INFO - Setting next_dagrun for latest_only to 2024-12-19 00:00:00+00:00, run_after=2024-12-19 04:00:00+00:00
[2024-12-19T04:59:24.216+0000] {processor.py:208} INFO - Processing /home/airflow/.local/lib/python3.12/site-packages/airflow/example_dags/example_latest_only.py took 0.036 seconds
[2024-12-19T04:59:54.592+0000] {processor.py:186} INFO - Started process (PID=8155) to work on /home/airflow/.local/lib/python3.12/site-packages/airflow/example_dags/example_latest_only.py
[2024-12-19T04:59:54.593+0000] {processor.py:914} INFO - Processing file /home/airflow/.local/lib/python3.12/site-packages/airflow/example_dags/example_latest_only.py for tasks to queue
[2024-12-19T04:59:54.594+0000] {logging_mixin.py:190} INFO - [2024-12-19T04:59:54.594+0000] {dagbag.py:588} INFO - Filling up the DagBag from /home/airflow/.local/lib/python3.12/site-packages/airflow/example_dags/example_latest_only.py
[2024-12-19T04:59:54.598+0000] {processor.py:925} INFO - DAG(s) 'latest_only' retrieved from /home/airflow/.local/lib/python3.12/site-packages/airflow/example_dags/example_latest_only.py
[2024-12-19T04:59:54.607+0000] {logging_mixin.py:190} INFO - [2024-12-19T04:59:54.607+0000] {dag.py:3239} INFO - Sync 1 DAGs
[2024-12-19T04:59:54.616+0000] {logging_mixin.py:190} INFO - [2024-12-19T04:59:54.616+0000] {dag.py:4180} INFO - Setting next_dagrun for latest_only to 2024-12-19 00:00:00+00:00, run_after=2024-12-19 04:00:00+00:00
[2024-12-19T04:59:54.625+0000] {processor.py:208} INFO - Processing /home/airflow/.local/lib/python3.12/site-packages/airflow/example_dags/example_latest_only.py took 0.035 seconds
[2024-12-19T05:00:25.009+0000] {processor.py:186} INFO - Started process (PID=8446) to work on /home/airflow/.local/lib/python3.12/site-packages/airflow/example_dags/example_latest_only.py
[2024-12-19T05:00:25.010+0000] {processor.py:914} INFO - Processing file /home/airflow/.local/lib/python3.12/site-packages/airflow/example_dags/example_latest_only.py for tasks to queue
[2024-12-19T05:00:25.011+0000] {logging_mixin.py:190} INFO - [2024-12-19T05:00:25.011+0000] {dagbag.py:588} INFO - Filling up the DagBag from /home/airflow/.local/lib/python3.12/site-packages/airflow/example_dags/example_latest_only.py
[2024-12-19T05:00:25.014+0000] {processor.py:925} INFO - DAG(s) 'latest_only' retrieved from /home/airflow/.local/lib/python3.12/site-packages/airflow/example_dags/example_latest_only.py
[2024-12-19T05:00:25.022+0000] {logging_mixin.py:190} INFO - [2024-12-19T05:00:25.021+0000] {dag.py:3239} INFO - Sync 1 DAGs
[2024-12-19T05:00:25.030+0000] {logging_mixin.py:190} INFO - [2024-12-19T05:00:25.030+0000] {dag.py:4180} INFO - Setting next_dagrun for latest_only to 2024-12-19 00:00:00+00:00, run_after=2024-12-19 04:00:00+00:00
[2024-12-19T05:00:25.040+0000] {processor.py:208} INFO - Processing /home/airflow/.local/lib/python3.12/site-packages/airflow/example_dags/example_latest_only.py took 0.033 seconds
[2024-12-19T05:00:55.398+0000] {processor.py:186} INFO - Started process (PID=8737) to work on /home/airflow/.local/lib/python3.12/site-packages/airflow/example_dags/example_latest_only.py
[2024-12-19T05:00:55.398+0000] {processor.py:914} INFO - Processing file /home/airflow/.local/lib/python3.12/site-packages/airflow/example_dags/example_latest_only.py for tasks to queue
[2024-12-19T05:00:55.399+0000] {logging_mixin.py:190} INFO - [2024-12-19T05:00:55.399+0000] {dagbag.py:588} INFO - Filling up the DagBag from /home/airflow/.local/lib/python3.12/site-packages/airflow/example_dags/example_latest_only.py
[2024-12-19T05:00:55.402+0000] {processor.py:925} INFO - DAG(s) 'latest_only' retrieved from /home/airflow/.local/lib/python3.12/site-packages/airflow/example_dags/example_latest_only.py
[2024-12-19T05:00:55.411+0000] {logging_mixin.py:190} INFO - [2024-12-19T05:00:55.411+0000] {dag.py:3239} INFO - Sync 1 DAGs
[2024-12-19T05:00:55.420+0000] {logging_mixin.py:190} INFO - [2024-12-19T05:00:55.420+0000] {dag.py:4180} INFO - Setting next_dagrun for latest_only to 2024-12-19 00:00:00+00:00, run_after=2024-12-19 04:00:00+00:00
[2024-12-19T05:00:55.429+0000] {processor.py:208} INFO - Processing /home/airflow/.local/lib/python3.12/site-packages/airflow/example_dags/example_latest_only.py took 0.033 seconds
[2024-12-19T05:01:25.624+0000] {processor.py:186} INFO - Started process (PID=9028) to work on /home/airflow/.local/lib/python3.12/site-packages/airflow/example_dags/example_latest_only.py
[2024-12-19T05:01:25.624+0000] {processor.py:914} INFO - Processing file /home/airflow/.local/lib/python3.12/site-packages/airflow/example_dags/example_latest_only.py for tasks to queue
[2024-12-19T05:01:25.625+0000] {logging_mixin.py:190} INFO - [2024-12-19T05:01:25.625+0000] {dagbag.py:588} INFO - Filling up the DagBag from /home/airflow/.local/lib/python3.12/site-packages/airflow/example_dags/example_latest_only.py
[2024-12-19T05:01:25.628+0000] {processor.py:925} INFO - DAG(s) 'latest_only' retrieved from /home/airflow/.local/lib/python3.12/site-packages/airflow/example_dags/example_latest_only.py
[2024-12-19T05:01:25.638+0000] {logging_mixin.py:190} INFO - [2024-12-19T05:01:25.638+0000] {dag.py:3239} INFO - Sync 1 DAGs
[2024-12-19T05:01:25.648+0000] {logging_mixin.py:190} INFO - [2024-12-19T05:01:25.648+0000] {dag.py:4180} INFO - Setting next_dagrun for latest_only to 2024-12-19 00:00:00+00:00, run_after=2024-12-19 04:00:00+00:00
[2024-12-19T05:01:25.655+0000] {processor.py:208} INFO - Processing /home/airflow/.local/lib/python3.12/site-packages/airflow/example_dags/example_latest_only.py took 0.035 seconds
[2024-12-19T05:01:55.837+0000] {processor.py:186} INFO - Started process (PID=9319) to work on /home/airflow/.local/lib/python3.12/site-packages/airflow/example_dags/example_latest_only.py
[2024-12-19T05:01:55.838+0000] {processor.py:914} INFO - Processing file /home/airflow/.local/lib/python3.12/site-packages/airflow/example_dags/example_latest_only.py for tasks to queue
[2024-12-19T05:01:55.838+0000] {logging_mixin.py:190} INFO - [2024-12-19T05:01:55.838+0000] {dagbag.py:588} INFO - Filling up the DagBag from /home/airflow/.local/lib/python3.12/site-packages/airflow/example_dags/example_latest_only.py
[2024-12-19T05:01:55.842+0000] {processor.py:925} INFO - DAG(s) 'latest_only' retrieved from /home/airflow/.local/lib/python3.12/site-packages/airflow/example_dags/example_latest_only.py
[2024-12-19T05:01:55.850+0000] {logging_mixin.py:190} INFO - [2024-12-19T05:01:55.850+0000] {dag.py:3239} INFO - Sync 1 DAGs
[2024-12-19T05:01:55.859+0000] {logging_mixin.py:190} INFO - [2024-12-19T05:01:55.859+0000] {dag.py:4180} INFO - Setting next_dagrun for latest_only to 2024-12-19 00:00:00+00:00, run_after=2024-12-19 04:00:00+00:00
[2024-12-19T05:01:55.866+0000] {processor.py:208} INFO - Processing /home/airflow/.local/lib/python3.12/site-packages/airflow/example_dags/example_latest_only.py took 0.031 seconds
[2024-12-19T05:02:26.191+0000] {processor.py:186} INFO - Started process (PID=9605) to work on /home/airflow/.local/lib/python3.12/site-packages/airflow/example_dags/example_latest_only.py
[2024-12-19T05:02:26.192+0000] {processor.py:914} INFO - Processing file /home/airflow/.local/lib/python3.12/site-packages/airflow/example_dags/example_latest_only.py for tasks to queue
[2024-12-19T05:02:26.193+0000] {logging_mixin.py:190} INFO - [2024-12-19T05:02:26.193+0000] {dagbag.py:588} INFO - Filling up the DagBag from /home/airflow/.local/lib/python3.12/site-packages/airflow/example_dags/example_latest_only.py
[2024-12-19T05:02:26.197+0000] {processor.py:925} INFO - DAG(s) 'latest_only' retrieved from /home/airflow/.local/lib/python3.12/site-packages/airflow/example_dags/example_latest_only.py
[2024-12-19T05:02:26.206+0000] {logging_mixin.py:190} INFO - [2024-12-19T05:02:26.206+0000] {dag.py:3239} INFO - Sync 1 DAGs
[2024-12-19T05:02:26.215+0000] {logging_mixin.py:190} INFO - [2024-12-19T05:02:26.215+0000] {dag.py:4180} INFO - Setting next_dagrun for latest_only to 2024-12-19 00:00:00+00:00, run_after=2024-12-19 04:00:00+00:00
[2024-12-19T05:02:26.223+0000] {processor.py:208} INFO - Processing /home/airflow/.local/lib/python3.12/site-packages/airflow/example_dags/example_latest_only.py took 0.034 seconds
[2024-12-19T05:02:56.447+0000] {processor.py:186} INFO - Started process (PID=9896) to work on /home/airflow/.local/lib/python3.12/site-packages/airflow/example_dags/example_latest_only.py
[2024-12-19T05:02:56.448+0000] {processor.py:914} INFO - Processing file /home/airflow/.local/lib/python3.12/site-packages/airflow/example_dags/example_latest_only.py for tasks to queue
[2024-12-19T05:02:56.449+0000] {logging_mixin.py:190} INFO - [2024-12-19T05:02:56.449+0000] {dagbag.py:588} INFO - Filling up the DagBag from /home/airflow/.local/lib/python3.12/site-packages/airflow/example_dags/example_latest_only.py
[2024-12-19T05:02:56.452+0000] {processor.py:925} INFO - DAG(s) 'latest_only' retrieved from /home/airflow/.local/lib/python3.12/site-packages/airflow/example_dags/example_latest_only.py
[2024-12-19T05:02:56.461+0000] {logging_mixin.py:190} INFO - [2024-12-19T05:02:56.461+0000] {dag.py:3239} INFO - Sync 1 DAGs
[2024-12-19T05:02:56.470+0000] {logging_mixin.py:190} INFO - [2024-12-19T05:02:56.470+0000] {dag.py:4180} INFO - Setting next_dagrun for latest_only to 2024-12-19 00:00:00+00:00, run_after=2024-12-19 04:00:00+00:00
[2024-12-19T05:02:56.477+0000] {processor.py:208} INFO - Processing /home/airflow/.local/lib/python3.12/site-packages/airflow/example_dags/example_latest_only.py took 0.033 seconds
[2024-12-19T05:03:26.806+0000] {processor.py:186} INFO - Started process (PID=10187) to work on /home/airflow/.local/lib/python3.12/site-packages/airflow/example_dags/example_latest_only.py
[2024-12-19T05:03:26.807+0000] {processor.py:914} INFO - Processing file /home/airflow/.local/lib/python3.12/site-packages/airflow/example_dags/example_latest_only.py for tasks to queue
[2024-12-19T05:03:26.808+0000] {logging_mixin.py:190} INFO - [2024-12-19T05:03:26.808+0000] {dagbag.py:588} INFO - Filling up the DagBag from /home/airflow/.local/lib/python3.12/site-packages/airflow/example_dags/example_latest_only.py
[2024-12-19T05:03:26.812+0000] {processor.py:925} INFO - DAG(s) 'latest_only' retrieved from /home/airflow/.local/lib/python3.12/site-packages/airflow/example_dags/example_latest_only.py
[2024-12-19T05:03:26.821+0000] {logging_mixin.py:190} INFO - [2024-12-19T05:03:26.821+0000] {dag.py:3239} INFO - Sync 1 DAGs
[2024-12-19T05:03:26.831+0000] {logging_mixin.py:190} INFO - [2024-12-19T05:03:26.831+0000] {dag.py:4180} INFO - Setting next_dagrun for latest_only to 2024-12-19 00:00:00+00:00, run_after=2024-12-19 04:00:00+00:00
[2024-12-19T05:03:26.838+0000] {processor.py:208} INFO - Processing /home/airflow/.local/lib/python3.12/site-packages/airflow/example_dags/example_latest_only.py took 0.035 seconds
[2024-12-19T05:03:56.962+0000] {processor.py:186} INFO - Started process (PID=10473) to work on /home/airflow/.local/lib/python3.12/site-packages/airflow/example_dags/example_latest_only.py
[2024-12-19T05:03:56.964+0000] {processor.py:914} INFO - Processing file /home/airflow/.local/lib/python3.12/site-packages/airflow/example_dags/example_latest_only.py for tasks to queue
[2024-12-19T05:03:56.967+0000] {logging_mixin.py:190} INFO - [2024-12-19T05:03:56.967+0000] {dagbag.py:588} INFO - Filling up the DagBag from /home/airflow/.local/lib/python3.12/site-packages/airflow/example_dags/example_latest_only.py
[2024-12-19T05:03:56.970+0000] {processor.py:925} INFO - DAG(s) 'latest_only' retrieved from /home/airflow/.local/lib/python3.12/site-packages/airflow/example_dags/example_latest_only.py
[2024-12-19T05:03:56.980+0000] {logging_mixin.py:190} INFO - [2024-12-19T05:03:56.980+0000] {dag.py:3239} INFO - Sync 1 DAGs
[2024-12-19T05:03:56.988+0000] {logging_mixin.py:190} INFO - [2024-12-19T05:03:56.988+0000] {dag.py:4180} INFO - Setting next_dagrun for latest_only to 2024-12-19 00:00:00+00:00, run_after=2024-12-19 04:00:00+00:00
[2024-12-19T05:03:56.995+0000] {processor.py:208} INFO - Processing /home/airflow/.local/lib/python3.12/site-packages/airflow/example_dags/example_latest_only.py took 0.035 seconds
[2024-12-19T05:04:27.246+0000] {processor.py:186} INFO - Started process (PID=10764) to work on /home/airflow/.local/lib/python3.12/site-packages/airflow/example_dags/example_latest_only.py
[2024-12-19T05:04:27.246+0000] {processor.py:914} INFO - Processing file /home/airflow/.local/lib/python3.12/site-packages/airflow/example_dags/example_latest_only.py for tasks to queue
[2024-12-19T05:04:27.247+0000] {logging_mixin.py:190} INFO - [2024-12-19T05:04:27.247+0000] {dagbag.py:588} INFO - Filling up the DagBag from /home/airflow/.local/lib/python3.12/site-packages/airflow/example_dags/example_latest_only.py
[2024-12-19T05:04:27.250+0000] {processor.py:925} INFO - DAG(s) 'latest_only' retrieved from /home/airflow/.local/lib/python3.12/site-packages/airflow/example_dags/example_latest_only.py
[2024-12-19T05:04:27.259+0000] {logging_mixin.py:190} INFO - [2024-12-19T05:04:27.259+0000] {dag.py:3239} INFO - Sync 1 DAGs
[2024-12-19T05:04:27.269+0000] {logging_mixin.py:190} INFO - [2024-12-19T05:04:27.269+0000] {dag.py:4180} INFO - Setting next_dagrun for latest_only to 2024-12-19 00:00:00+00:00, run_after=2024-12-19 04:00:00+00:00
[2024-12-19T05:04:27.278+0000] {processor.py:208} INFO - Processing /home/airflow/.local/lib/python3.12/site-packages/airflow/example_dags/example_latest_only.py took 0.035 seconds
[2024-12-19T05:04:57.527+0000] {processor.py:186} INFO - Started process (PID=11055) to work on /home/airflow/.local/lib/python3.12/site-packages/airflow/example_dags/example_latest_only.py
[2024-12-19T05:04:57.529+0000] {processor.py:914} INFO - Processing file /home/airflow/.local/lib/python3.12/site-packages/airflow/example_dags/example_latest_only.py for tasks to queue
[2024-12-19T05:04:57.532+0000] {logging_mixin.py:190} INFO - [2024-12-19T05:04:57.531+0000] {dagbag.py:588} INFO - Filling up the DagBag from /home/airflow/.local/lib/python3.12/site-packages/airflow/example_dags/example_latest_only.py
[2024-12-19T05:04:57.535+0000] {processor.py:925} INFO - DAG(s) 'latest_only' retrieved from /home/airflow/.local/lib/python3.12/site-packages/airflow/example_dags/example_latest_only.py
[2024-12-19T05:04:57.544+0000] {logging_mixin.py:190} INFO - [2024-12-19T05:04:57.544+0000] {dag.py:3239} INFO - Sync 1 DAGs
[2024-12-19T05:04:57.554+0000] {logging_mixin.py:190} INFO - [2024-12-19T05:04:57.554+0000] {dag.py:4180} INFO - Setting next_dagrun for latest_only to 2024-12-19 00:00:00+00:00, run_after=2024-12-19 04:00:00+00:00
[2024-12-19T05:04:57.562+0000] {processor.py:208} INFO - Processing /home/airflow/.local/lib/python3.12/site-packages/airflow/example_dags/example_latest_only.py took 0.038 seconds
[2024-12-19T05:05:28.188+0000] {processor.py:186} INFO - Started process (PID=11351) to work on /home/airflow/.local/lib/python3.12/site-packages/airflow/example_dags/example_latest_only.py
[2024-12-19T05:05:28.189+0000] {processor.py:914} INFO - Processing file /home/airflow/.local/lib/python3.12/site-packages/airflow/example_dags/example_latest_only.py for tasks to queue
[2024-12-19T05:05:28.190+0000] {logging_mixin.py:190} INFO - [2024-12-19T05:05:28.189+0000] {dagbag.py:588} INFO - Filling up the DagBag from /home/airflow/.local/lib/python3.12/site-packages/airflow/example_dags/example_latest_only.py
[2024-12-19T05:05:28.193+0000] {processor.py:925} INFO - DAG(s) 'latest_only' retrieved from /home/airflow/.local/lib/python3.12/site-packages/airflow/example_dags/example_latest_only.py
[2024-12-19T05:05:28.201+0000] {logging_mixin.py:190} INFO - [2024-12-19T05:05:28.201+0000] {dag.py:3239} INFO - Sync 1 DAGs
[2024-12-19T05:05:28.210+0000] {logging_mixin.py:190} INFO - [2024-12-19T05:05:28.210+0000] {dag.py:4180} INFO - Setting next_dagrun for latest_only to 2024-12-19 00:00:00+00:00, run_after=2024-12-19 04:00:00+00:00
[2024-12-19T05:05:28.218+0000] {processor.py:208} INFO - Processing /home/airflow/.local/lib/python3.12/site-packages/airflow/example_dags/example_latest_only.py took 0.032 seconds
[2024-12-19T05:05:58.463+0000] {processor.py:186} INFO - Started process (PID=11642) to work on /home/airflow/.local/lib/python3.12/site-packages/airflow/example_dags/example_latest_only.py
[2024-12-19T05:05:58.463+0000] {processor.py:914} INFO - Processing file /home/airflow/.local/lib/python3.12/site-packages/airflow/example_dags/example_latest_only.py for tasks to queue
[2024-12-19T05:05:58.464+0000] {logging_mixin.py:190} INFO - [2024-12-19T05:05:58.464+0000] {dagbag.py:588} INFO - Filling up the DagBag from /home/airflow/.local/lib/python3.12/site-packages/airflow/example_dags/example_latest_only.py
[2024-12-19T05:05:58.467+0000] {processor.py:925} INFO - DAG(s) 'latest_only' retrieved from /home/airflow/.local/lib/python3.12/site-packages/airflow/example_dags/example_latest_only.py
[2024-12-19T05:05:58.475+0000] {logging_mixin.py:190} INFO - [2024-12-19T05:05:58.475+0000] {dag.py:3239} INFO - Sync 1 DAGs
[2024-12-19T05:05:58.484+0000] {logging_mixin.py:190} INFO - [2024-12-19T05:05:58.484+0000] {dag.py:4180} INFO - Setting next_dagrun for latest_only to 2024-12-19 00:00:00+00:00, run_after=2024-12-19 04:00:00+00:00
[2024-12-19T05:05:58.490+0000] {processor.py:208} INFO - Processing /home/airflow/.local/lib/python3.12/site-packages/airflow/example_dags/example_latest_only.py took 0.030 seconds
[2024-12-19T05:06:28.809+0000] {processor.py:186} INFO - Started process (PID=11935) to work on /home/airflow/.local/lib/python3.12/site-packages/airflow/example_dags/example_latest_only.py
[2024-12-19T05:06:28.809+0000] {processor.py:914} INFO - Processing file /home/airflow/.local/lib/python3.12/site-packages/airflow/example_dags/example_latest_only.py for tasks to queue
[2024-12-19T05:06:28.810+0000] {logging_mixin.py:190} INFO - [2024-12-19T05:06:28.810+0000] {dagbag.py:588} INFO - Filling up the DagBag from /home/airflow/.local/lib/python3.12/site-packages/airflow/example_dags/example_latest_only.py
[2024-12-19T05:06:28.813+0000] {processor.py:925} INFO - DAG(s) 'latest_only' retrieved from /home/airflow/.local/lib/python3.12/site-packages/airflow/example_dags/example_latest_only.py
[2024-12-19T05:06:28.822+0000] {logging_mixin.py:190} INFO - [2024-12-19T05:06:28.822+0000] {dag.py:3239} INFO - Sync 1 DAGs
[2024-12-19T05:06:28.831+0000] {logging_mixin.py:190} INFO - [2024-12-19T05:06:28.831+0000] {dag.py:4180} INFO - Setting next_dagrun for latest_only to 2024-12-19 00:00:00+00:00, run_after=2024-12-19 04:00:00+00:00
[2024-12-19T05:06:28.838+0000] {processor.py:208} INFO - Processing /home/airflow/.local/lib/python3.12/site-packages/airflow/example_dags/example_latest_only.py took 0.031 seconds
[2024-12-19T05:06:59.102+0000] {processor.py:186} INFO - Started process (PID=12224) to work on /home/airflow/.local/lib/python3.12/site-packages/airflow/example_dags/example_latest_only.py
[2024-12-19T05:06:59.104+0000] {processor.py:914} INFO - Processing file /home/airflow/.local/lib/python3.12/site-packages/airflow/example_dags/example_latest_only.py for tasks to queue
[2024-12-19T05:06:59.106+0000] {logging_mixin.py:190} INFO - [2024-12-19T05:06:59.106+0000] {dagbag.py:588} INFO - Filling up the DagBag from /home/airflow/.local/lib/python3.12/site-packages/airflow/example_dags/example_latest_only.py
[2024-12-19T05:06:59.110+0000] {processor.py:925} INFO - DAG(s) 'latest_only' retrieved from /home/airflow/.local/lib/python3.12/site-packages/airflow/example_dags/example_latest_only.py
[2024-12-19T05:06:59.119+0000] {logging_mixin.py:190} INFO - [2024-12-19T05:06:59.119+0000] {dag.py:3239} INFO - Sync 1 DAGs
[2024-12-19T05:06:59.128+0000] {logging_mixin.py:190} INFO - [2024-12-19T05:06:59.128+0000] {dag.py:4180} INFO - Setting next_dagrun for latest_only to 2024-12-19 00:00:00+00:00, run_after=2024-12-19 04:00:00+00:00
[2024-12-19T05:06:59.135+0000] {processor.py:208} INFO - Processing /home/airflow/.local/lib/python3.12/site-packages/airflow/example_dags/example_latest_only.py took 0.036 seconds
[2024-12-19T05:07:29.736+0000] {processor.py:186} INFO - Started process (PID=12521) to work on /home/airflow/.local/lib/python3.12/site-packages/airflow/example_dags/example_latest_only.py
[2024-12-19T05:07:29.737+0000] {processor.py:914} INFO - Processing file /home/airflow/.local/lib/python3.12/site-packages/airflow/example_dags/example_latest_only.py for tasks to queue
[2024-12-19T05:07:29.738+0000] {logging_mixin.py:190} INFO - [2024-12-19T05:07:29.738+0000] {dagbag.py:588} INFO - Filling up the DagBag from /home/airflow/.local/lib/python3.12/site-packages/airflow/example_dags/example_latest_only.py
[2024-12-19T05:07:29.741+0000] {processor.py:925} INFO - DAG(s) 'latest_only' retrieved from /home/airflow/.local/lib/python3.12/site-packages/airflow/example_dags/example_latest_only.py
[2024-12-19T05:07:29.749+0000] {logging_mixin.py:190} INFO - [2024-12-19T05:07:29.749+0000] {dag.py:3239} INFO - Sync 1 DAGs
[2024-12-19T05:07:29.758+0000] {logging_mixin.py:190} INFO - [2024-12-19T05:07:29.758+0000] {dag.py:4180} INFO - Setting next_dagrun for latest_only to 2024-12-19 00:00:00+00:00, run_after=2024-12-19 04:00:00+00:00
[2024-12-19T05:07:29.765+0000] {processor.py:208} INFO - Processing /home/airflow/.local/lib/python3.12/site-packages/airflow/example_dags/example_latest_only.py took 0.032 seconds
[2024-12-19T05:08:00.310+0000] {processor.py:186} INFO - Started process (PID=12812) to work on /home/airflow/.local/lib/python3.12/site-packages/airflow/example_dags/example_latest_only.py
[2024-12-19T05:08:00.311+0000] {processor.py:914} INFO - Processing file /home/airflow/.local/lib/python3.12/site-packages/airflow/example_dags/example_latest_only.py for tasks to queue
[2024-12-19T05:08:00.313+0000] {logging_mixin.py:190} INFO - [2024-12-19T05:08:00.313+0000] {dagbag.py:588} INFO - Filling up the DagBag from /home/airflow/.local/lib/python3.12/site-packages/airflow/example_dags/example_latest_only.py
[2024-12-19T05:08:00.316+0000] {processor.py:925} INFO - DAG(s) 'latest_only' retrieved from /home/airflow/.local/lib/python3.12/site-packages/airflow/example_dags/example_latest_only.py
[2024-12-19T05:08:00.325+0000] {logging_mixin.py:190} INFO - [2024-12-19T05:08:00.325+0000] {dag.py:3239} INFO - Sync 1 DAGs
[2024-12-19T05:08:00.333+0000] {logging_mixin.py:190} INFO - [2024-12-19T05:08:00.333+0000] {dag.py:4180} INFO - Setting next_dagrun for latest_only to 2024-12-19 00:00:00+00:00, run_after=2024-12-19 04:00:00+00:00
[2024-12-19T05:08:00.349+0000] {processor.py:208} INFO - Processing /home/airflow/.local/lib/python3.12/site-packages/airflow/example_dags/example_latest_only.py took 0.041 seconds
[2024-12-19T05:08:31.629+0000] {processor.py:186} INFO - Started process (PID=13103) to work on /home/airflow/.local/lib/python3.12/site-packages/airflow/example_dags/example_latest_only.py
[2024-12-19T05:08:31.629+0000] {processor.py:914} INFO - Processing file /home/airflow/.local/lib/python3.12/site-packages/airflow/example_dags/example_latest_only.py for tasks to queue
[2024-12-19T05:08:31.630+0000] {logging_mixin.py:190} INFO - [2024-12-19T05:08:31.630+0000] {dagbag.py:588} INFO - Filling up the DagBag from /home/airflow/.local/lib/python3.12/site-packages/airflow/example_dags/example_latest_only.py
[2024-12-19T05:08:31.633+0000] {processor.py:925} INFO - DAG(s) 'latest_only' retrieved from /home/airflow/.local/lib/python3.12/site-packages/airflow/example_dags/example_latest_only.py
[2024-12-19T05:08:31.643+0000] {logging_mixin.py:190} INFO - [2024-12-19T05:08:31.643+0000] {dag.py:3239} INFO - Sync 1 DAGs
[2024-12-19T05:08:31.654+0000] {logging_mixin.py:190} INFO - [2024-12-19T05:08:31.653+0000] {dag.py:4180} INFO - Setting next_dagrun for latest_only to 2024-12-19 00:00:00+00:00, run_after=2024-12-19 04:00:00+00:00
[2024-12-19T05:08:31.660+0000] {processor.py:208} INFO - Processing /home/airflow/.local/lib/python3.12/site-packages/airflow/example_dags/example_latest_only.py took 0.034 seconds
[2024-12-19T05:09:02.864+0000] {processor.py:186} INFO - Started process (PID=13394) to work on /home/airflow/.local/lib/python3.12/site-packages/airflow/example_dags/example_latest_only.py
[2024-12-19T05:09:02.865+0000] {processor.py:914} INFO - Processing file /home/airflow/.local/lib/python3.12/site-packages/airflow/example_dags/example_latest_only.py for tasks to queue
[2024-12-19T05:09:02.866+0000] {logging_mixin.py:190} INFO - [2024-12-19T05:09:02.866+0000] {dagbag.py:588} INFO - Filling up the DagBag from /home/airflow/.local/lib/python3.12/site-packages/airflow/example_dags/example_latest_only.py
[2024-12-19T05:09:02.869+0000] {processor.py:925} INFO - DAG(s) 'latest_only' retrieved from /home/airflow/.local/lib/python3.12/site-packages/airflow/example_dags/example_latest_only.py
[2024-12-19T05:09:02.876+0000] {logging_mixin.py:190} INFO - [2024-12-19T05:09:02.876+0000] {dag.py:3239} INFO - Sync 1 DAGs
[2024-12-19T05:09:02.887+0000] {logging_mixin.py:190} INFO - [2024-12-19T05:09:02.887+0000] {dag.py:4180} INFO - Setting next_dagrun for latest_only to 2024-12-19 00:00:00+00:00, run_after=2024-12-19 04:00:00+00:00
[2024-12-19T05:09:02.894+0000] {processor.py:208} INFO - Processing /home/airflow/.local/lib/python3.12/site-packages/airflow/example_dags/example_latest_only.py took 0.032 seconds
[2024-12-19T05:09:34.004+0000] {processor.py:186} INFO - Started process (PID=13685) to work on /home/airflow/.local/lib/python3.12/site-packages/airflow/example_dags/example_latest_only.py
[2024-12-19T05:09:34.005+0000] {processor.py:914} INFO - Processing file /home/airflow/.local/lib/python3.12/site-packages/airflow/example_dags/example_latest_only.py for tasks to queue
[2024-12-19T05:09:34.006+0000] {logging_mixin.py:190} INFO - [2024-12-19T05:09:34.006+0000] {dagbag.py:588} INFO - Filling up the DagBag from /home/airflow/.local/lib/python3.12/site-packages/airflow/example_dags/example_latest_only.py
[2024-12-19T05:09:34.009+0000] {processor.py:925} INFO - DAG(s) 'latest_only' retrieved from /home/airflow/.local/lib/python3.12/site-packages/airflow/example_dags/example_latest_only.py
[2024-12-19T05:09:34.016+0000] {logging_mixin.py:190} INFO - [2024-12-19T05:09:34.016+0000] {dag.py:3239} INFO - Sync 1 DAGs
[2024-12-19T05:09:34.025+0000] {logging_mixin.py:190} INFO - [2024-12-19T05:09:34.025+0000] {dag.py:4180} INFO - Setting next_dagrun for latest_only to 2024-12-19 00:00:00+00:00, run_after=2024-12-19 04:00:00+00:00
[2024-12-19T05:09:34.032+0000] {processor.py:208} INFO - Processing /home/airflow/.local/lib/python3.12/site-packages/airflow/example_dags/example_latest_only.py took 0.030 seconds
[2024-12-19T05:10:05.338+0000] {processor.py:186} INFO - Started process (PID=13976) to work on /home/airflow/.local/lib/python3.12/site-packages/airflow/example_dags/example_latest_only.py
[2024-12-19T05:10:05.339+0000] {processor.py:914} INFO - Processing file /home/airflow/.local/lib/python3.12/site-packages/airflow/example_dags/example_latest_only.py for tasks to queue
[2024-12-19T05:10:05.340+0000] {logging_mixin.py:190} INFO - [2024-12-19T05:10:05.340+0000] {dagbag.py:588} INFO - Filling up the DagBag from /home/airflow/.local/lib/python3.12/site-packages/airflow/example_dags/example_latest_only.py
[2024-12-19T05:10:05.343+0000] {processor.py:925} INFO - DAG(s) 'latest_only' retrieved from /home/airflow/.local/lib/python3.12/site-packages/airflow/example_dags/example_latest_only.py
[2024-12-19T05:10:05.355+0000] {logging_mixin.py:190} INFO - [2024-12-19T05:10:05.355+0000] {dag.py:3239} INFO - Sync 1 DAGs
[2024-12-19T05:10:05.365+0000] {logging_mixin.py:190} INFO - [2024-12-19T05:10:05.365+0000] {dag.py:4180} INFO - Setting next_dagrun for latest_only to 2024-12-19 00:00:00+00:00, run_after=2024-12-19 04:00:00+00:00
[2024-12-19T05:10:05.374+0000] {processor.py:208} INFO - Processing /home/airflow/.local/lib/python3.12/site-packages/airflow/example_dags/example_latest_only.py took 0.039 seconds
[2024-12-19T05:10:36.656+0000] {processor.py:186} INFO - Started process (PID=14267) to work on /home/airflow/.local/lib/python3.12/site-packages/airflow/example_dags/example_latest_only.py
[2024-12-19T05:10:36.657+0000] {processor.py:914} INFO - Processing file /home/airflow/.local/lib/python3.12/site-packages/airflow/example_dags/example_latest_only.py for tasks to queue
[2024-12-19T05:10:36.658+0000] {logging_mixin.py:190} INFO - [2024-12-19T05:10:36.658+0000] {dagbag.py:588} INFO - Filling up the DagBag from /home/airflow/.local/lib/python3.12/site-packages/airflow/example_dags/example_latest_only.py
[2024-12-19T05:10:36.661+0000] {processor.py:925} INFO - DAG(s) 'latest_only' retrieved from /home/airflow/.local/lib/python3.12/site-packages/airflow/example_dags/example_latest_only.py
[2024-12-19T05:10:36.670+0000] {logging_mixin.py:190} INFO - [2024-12-19T05:10:36.670+0000] {dag.py:3239} INFO - Sync 1 DAGs
[2024-12-19T05:10:36.679+0000] {logging_mixin.py:190} INFO - [2024-12-19T05:10:36.679+0000] {dag.py:4180} INFO - Setting next_dagrun for latest_only to 2024-12-19 00:00:00+00:00, run_after=2024-12-19 04:00:00+00:00
[2024-12-19T05:10:36.687+0000] {processor.py:208} INFO - Processing /home/airflow/.local/lib/python3.12/site-packages/airflow/example_dags/example_latest_only.py took 0.034 seconds
[2024-12-19T05:11:07.876+0000] {processor.py:186} INFO - Started process (PID=14558) to work on /home/airflow/.local/lib/python3.12/site-packages/airflow/example_dags/example_latest_only.py
[2024-12-19T05:11:07.877+0000] {processor.py:914} INFO - Processing file /home/airflow/.local/lib/python3.12/site-packages/airflow/example_dags/example_latest_only.py for tasks to queue
[2024-12-19T05:11:07.878+0000] {logging_mixin.py:190} INFO - [2024-12-19T05:11:07.878+0000] {dagbag.py:588} INFO - Filling up the DagBag from /home/airflow/.local/lib/python3.12/site-packages/airflow/example_dags/example_latest_only.py
[2024-12-19T05:11:07.881+0000] {processor.py:925} INFO - DAG(s) 'latest_only' retrieved from /home/airflow/.local/lib/python3.12/site-packages/airflow/example_dags/example_latest_only.py
[2024-12-19T05:11:07.889+0000] {logging_mixin.py:190} INFO - [2024-12-19T05:11:07.889+0000] {dag.py:3239} INFO - Sync 1 DAGs
[2024-12-19T05:11:07.897+0000] {logging_mixin.py:190} INFO - [2024-12-19T05:11:07.897+0000] {dag.py:4180} INFO - Setting next_dagrun for latest_only to 2024-12-19 00:00:00+00:00, run_after=2024-12-19 04:00:00+00:00
[2024-12-19T05:11:07.903+0000] {processor.py:208} INFO - Processing /home/airflow/.local/lib/python3.12/site-packages/airflow/example_dags/example_latest_only.py took 0.029 seconds
[2024-12-19T05:11:39.070+0000] {processor.py:186} INFO - Started process (PID=14849) to work on /home/airflow/.local/lib/python3.12/site-packages/airflow/example_dags/example_latest_only.py
[2024-12-19T05:11:39.070+0000] {processor.py:914} INFO - Processing file /home/airflow/.local/lib/python3.12/site-packages/airflow/example_dags/example_latest_only.py for tasks to queue
[2024-12-19T05:11:39.071+0000] {logging_mixin.py:190} INFO - [2024-12-19T05:11:39.071+0000] {dagbag.py:588} INFO - Filling up the DagBag from /home/airflow/.local/lib/python3.12/site-packages/airflow/example_dags/example_latest_only.py
[2024-12-19T05:11:39.074+0000] {processor.py:925} INFO - DAG(s) 'latest_only' retrieved from /home/airflow/.local/lib/python3.12/site-packages/airflow/example_dags/example_latest_only.py
[2024-12-19T05:11:39.081+0000] {logging_mixin.py:190} INFO - [2024-12-19T05:11:39.081+0000] {dag.py:3239} INFO - Sync 1 DAGs
[2024-12-19T05:11:39.091+0000] {logging_mixin.py:190} INFO - [2024-12-19T05:11:39.091+0000] {dag.py:4180} INFO - Setting next_dagrun for latest_only to 2024-12-19 00:00:00+00:00, run_after=2024-12-19 04:00:00+00:00
[2024-12-19T05:11:39.099+0000] {processor.py:208} INFO - Processing /home/airflow/.local/lib/python3.12/site-packages/airflow/example_dags/example_latest_only.py took 0.032 seconds
[2024-12-19T05:12:10.228+0000] {processor.py:186} INFO - Started process (PID=15140) to work on /home/airflow/.local/lib/python3.12/site-packages/airflow/example_dags/example_latest_only.py
[2024-12-19T05:12:10.230+0000] {processor.py:914} INFO - Processing file /home/airflow/.local/lib/python3.12/site-packages/airflow/example_dags/example_latest_only.py for tasks to queue
[2024-12-19T05:12:10.231+0000] {logging_mixin.py:190} INFO - [2024-12-19T05:12:10.231+0000] {dagbag.py:588} INFO - Filling up the DagBag from /home/airflow/.local/lib/python3.12/site-packages/airflow/example_dags/example_latest_only.py
[2024-12-19T05:12:10.234+0000] {processor.py:925} INFO - DAG(s) 'latest_only' retrieved from /home/airflow/.local/lib/python3.12/site-packages/airflow/example_dags/example_latest_only.py
[2024-12-19T05:12:10.242+0000] {logging_mixin.py:190} INFO - [2024-12-19T05:12:10.242+0000] {dag.py:3239} INFO - Sync 1 DAGs
[2024-12-19T05:12:10.251+0000] {logging_mixin.py:190} INFO - [2024-12-19T05:12:10.251+0000] {dag.py:4180} INFO - Setting next_dagrun for latest_only to 2024-12-19 00:00:00+00:00, run_after=2024-12-19 04:00:00+00:00
[2024-12-19T05:12:10.260+0000] {processor.py:208} INFO - Processing /home/airflow/.local/lib/python3.12/site-packages/airflow/example_dags/example_latest_only.py took 0.035 seconds
[2024-12-19T05:12:41.371+0000] {processor.py:186} INFO - Started process (PID=15431) to work on /home/airflow/.local/lib/python3.12/site-packages/airflow/example_dags/example_latest_only.py
[2024-12-19T05:12:41.371+0000] {processor.py:914} INFO - Processing file /home/airflow/.local/lib/python3.12/site-packages/airflow/example_dags/example_latest_only.py for tasks to queue
[2024-12-19T05:12:41.372+0000] {logging_mixin.py:190} INFO - [2024-12-19T05:12:41.372+0000] {dagbag.py:588} INFO - Filling up the DagBag from /home/airflow/.local/lib/python3.12/site-packages/airflow/example_dags/example_latest_only.py
[2024-12-19T05:12:41.375+0000] {processor.py:925} INFO - DAG(s) 'latest_only' retrieved from /home/airflow/.local/lib/python3.12/site-packages/airflow/example_dags/example_latest_only.py
[2024-12-19T05:12:41.384+0000] {logging_mixin.py:190} INFO - [2024-12-19T05:12:41.383+0000] {dag.py:3239} INFO - Sync 1 DAGs
[2024-12-19T05:12:41.392+0000] {logging_mixin.py:190} INFO - [2024-12-19T05:12:41.392+0000] {dag.py:4180} INFO - Setting next_dagrun for latest_only to 2024-12-19 00:00:00+00:00, run_after=2024-12-19 04:00:00+00:00
[2024-12-19T05:12:41.400+0000] {processor.py:208} INFO - Processing /home/airflow/.local/lib/python3.12/site-packages/airflow/example_dags/example_latest_only.py took 0.031 seconds
[2024-12-19T05:13:11.668+0000] {processor.py:186} INFO - Started process (PID=15722) to work on /home/airflow/.local/lib/python3.12/site-packages/airflow/example_dags/example_latest_only.py
[2024-12-19T05:13:11.668+0000] {processor.py:914} INFO - Processing file /home/airflow/.local/lib/python3.12/site-packages/airflow/example_dags/example_latest_only.py for tasks to queue
[2024-12-19T05:13:11.669+0000] {logging_mixin.py:190} INFO - [2024-12-19T05:13:11.669+0000] {dagbag.py:588} INFO - Filling up the DagBag from /home/airflow/.local/lib/python3.12/site-packages/airflow/example_dags/example_latest_only.py
[2024-12-19T05:13:11.672+0000] {processor.py:925} INFO - DAG(s) 'latest_only' retrieved from /home/airflow/.local/lib/python3.12/site-packages/airflow/example_dags/example_latest_only.py
[2024-12-19T05:13:11.679+0000] {logging_mixin.py:190} INFO - [2024-12-19T05:13:11.679+0000] {dag.py:3239} INFO - Sync 1 DAGs
[2024-12-19T05:13:11.687+0000] {logging_mixin.py:190} INFO - [2024-12-19T05:13:11.687+0000] {dag.py:4180} INFO - Setting next_dagrun for latest_only to 2024-12-19 00:00:00+00:00, run_after=2024-12-19 04:00:00+00:00
[2024-12-19T05:13:11.694+0000] {processor.py:208} INFO - Processing /home/airflow/.local/lib/python3.12/site-packages/airflow/example_dags/example_latest_only.py took 0.028 seconds
[2024-12-19T05:13:42.700+0000] {processor.py:186} INFO - Started process (PID=16013) to work on /home/airflow/.local/lib/python3.12/site-packages/airflow/example_dags/example_latest_only.py
[2024-12-19T05:13:42.701+0000] {processor.py:914} INFO - Processing file /home/airflow/.local/lib/python3.12/site-packages/airflow/example_dags/example_latest_only.py for tasks to queue
[2024-12-19T05:13:42.701+0000] {logging_mixin.py:190} INFO - [2024-12-19T05:13:42.701+0000] {dagbag.py:588} INFO - Filling up the DagBag from /home/airflow/.local/lib/python3.12/site-packages/airflow/example_dags/example_latest_only.py
[2024-12-19T05:13:42.704+0000] {processor.py:925} INFO - DAG(s) 'latest_only' retrieved from /home/airflow/.local/lib/python3.12/site-packages/airflow/example_dags/example_latest_only.py
[2024-12-19T05:13:42.713+0000] {logging_mixin.py:190} INFO - [2024-12-19T05:13:42.713+0000] {dag.py:3239} INFO - Sync 1 DAGs
[2024-12-19T05:13:42.723+0000] {logging_mixin.py:190} INFO - [2024-12-19T05:13:42.723+0000] {dag.py:4180} INFO - Setting next_dagrun for latest_only to 2024-12-19 00:00:00+00:00, run_after=2024-12-19 04:00:00+00:00
[2024-12-19T05:13:42.731+0000] {processor.py:208} INFO - Processing /home/airflow/.local/lib/python3.12/site-packages/airflow/example_dags/example_latest_only.py took 0.033 seconds
[2024-12-19T05:14:13.720+0000] {processor.py:186} INFO - Started process (PID=16304) to work on /home/airflow/.local/lib/python3.12/site-packages/airflow/example_dags/example_latest_only.py
[2024-12-19T05:14:13.721+0000] {processor.py:914} INFO - Processing file /home/airflow/.local/lib/python3.12/site-packages/airflow/example_dags/example_latest_only.py for tasks to queue
[2024-12-19T05:14:13.722+0000] {logging_mixin.py:190} INFO - [2024-12-19T05:14:13.721+0000] {dagbag.py:588} INFO - Filling up the DagBag from /home/airflow/.local/lib/python3.12/site-packages/airflow/example_dags/example_latest_only.py
[2024-12-19T05:14:13.724+0000] {processor.py:925} INFO - DAG(s) 'latest_only' retrieved from /home/airflow/.local/lib/python3.12/site-packages/airflow/example_dags/example_latest_only.py
[2024-12-19T05:14:13.732+0000] {logging_mixin.py:190} INFO - [2024-12-19T05:14:13.732+0000] {dag.py:3239} INFO - Sync 1 DAGs
[2024-12-19T05:14:13.740+0000] {logging_mixin.py:190} INFO - [2024-12-19T05:14:13.740+0000] {dag.py:4180} INFO - Setting next_dagrun for latest_only to 2024-12-19 00:00:00+00:00, run_after=2024-12-19 04:00:00+00:00
[2024-12-19T05:14:13.747+0000] {processor.py:208} INFO - Processing /home/airflow/.local/lib/python3.12/site-packages/airflow/example_dags/example_latest_only.py took 0.029 seconds
[2024-12-19T05:14:44.000+0000] {processor.py:186} INFO - Started process (PID=16595) to work on /home/airflow/.local/lib/python3.12/site-packages/airflow/example_dags/example_latest_only.py
[2024-12-19T05:14:44.001+0000] {processor.py:914} INFO - Processing file /home/airflow/.local/lib/python3.12/site-packages/airflow/example_dags/example_latest_only.py for tasks to queue
[2024-12-19T05:14:44.001+0000] {logging_mixin.py:190} INFO - [2024-12-19T05:14:44.001+0000] {dagbag.py:588} INFO - Filling up the DagBag from /home/airflow/.local/lib/python3.12/site-packages/airflow/example_dags/example_latest_only.py
[2024-12-19T05:14:44.004+0000] {processor.py:925} INFO - DAG(s) 'latest_only' retrieved from /home/airflow/.local/lib/python3.12/site-packages/airflow/example_dags/example_latest_only.py
[2024-12-19T05:14:44.011+0000] {logging_mixin.py:190} INFO - [2024-12-19T05:14:44.011+0000] {dag.py:3239} INFO - Sync 1 DAGs
[2024-12-19T05:14:44.019+0000] {logging_mixin.py:190} INFO - [2024-12-19T05:14:44.019+0000] {dag.py:4180} INFO - Setting next_dagrun for latest_only to 2024-12-19 00:00:00+00:00, run_after=2024-12-19 04:00:00+00:00
[2024-12-19T05:14:44.027+0000] {processor.py:208} INFO - Processing /home/airflow/.local/lib/python3.12/site-packages/airflow/example_dags/example_latest_only.py took 0.029 seconds
[2024-12-19T05:15:15.058+0000] {processor.py:186} INFO - Started process (PID=16886) to work on /home/airflow/.local/lib/python3.12/site-packages/airflow/example_dags/example_latest_only.py
[2024-12-19T05:15:15.059+0000] {processor.py:914} INFO - Processing file /home/airflow/.local/lib/python3.12/site-packages/airflow/example_dags/example_latest_only.py for tasks to queue
[2024-12-19T05:15:15.059+0000] {logging_mixin.py:190} INFO - [2024-12-19T05:15:15.059+0000] {dagbag.py:588} INFO - Filling up the DagBag from /home/airflow/.local/lib/python3.12/site-packages/airflow/example_dags/example_latest_only.py
[2024-12-19T05:15:15.062+0000] {processor.py:925} INFO - DAG(s) 'latest_only' retrieved from /home/airflow/.local/lib/python3.12/site-packages/airflow/example_dags/example_latest_only.py
[2024-12-19T05:15:15.071+0000] {logging_mixin.py:190} INFO - [2024-12-19T05:15:15.071+0000] {dag.py:3239} INFO - Sync 1 DAGs
[2024-12-19T05:15:15.079+0000] {logging_mixin.py:190} INFO - [2024-12-19T05:15:15.079+0000] {dag.py:4180} INFO - Setting next_dagrun for latest_only to 2024-12-19 00:00:00+00:00, run_after=2024-12-19 04:00:00+00:00
[2024-12-19T05:15:15.089+0000] {processor.py:208} INFO - Processing /home/airflow/.local/lib/python3.12/site-packages/airflow/example_dags/example_latest_only.py took 0.032 seconds
[2024-12-19T05:15:46.009+0000] {processor.py:186} INFO - Started process (PID=17177) to work on /home/airflow/.local/lib/python3.12/site-packages/airflow/example_dags/example_latest_only.py
[2024-12-19T05:15:46.010+0000] {processor.py:914} INFO - Processing file /home/airflow/.local/lib/python3.12/site-packages/airflow/example_dags/example_latest_only.py for tasks to queue
[2024-12-19T05:15:46.011+0000] {logging_mixin.py:190} INFO - [2024-12-19T05:15:46.011+0000] {dagbag.py:588} INFO - Filling up the DagBag from /home/airflow/.local/lib/python3.12/site-packages/airflow/example_dags/example_latest_only.py
[2024-12-19T05:15:46.014+0000] {processor.py:925} INFO - DAG(s) 'latest_only' retrieved from /home/airflow/.local/lib/python3.12/site-packages/airflow/example_dags/example_latest_only.py
[2024-12-19T05:15:46.021+0000] {logging_mixin.py:190} INFO - [2024-12-19T05:15:46.021+0000] {dag.py:3239} INFO - Sync 1 DAGs
[2024-12-19T05:15:46.030+0000] {logging_mixin.py:190} INFO - [2024-12-19T05:15:46.030+0000] {dag.py:4180} INFO - Setting next_dagrun for latest_only to 2024-12-19 00:00:00+00:00, run_after=2024-12-19 04:00:00+00:00
[2024-12-19T05:15:46.036+0000] {processor.py:208} INFO - Processing /home/airflow/.local/lib/python3.12/site-packages/airflow/example_dags/example_latest_only.py took 0.030 seconds
[2024-12-19T05:16:16.912+0000] {processor.py:186} INFO - Started process (PID=17468) to work on /home/airflow/.local/lib/python3.12/site-packages/airflow/example_dags/example_latest_only.py
[2024-12-19T05:16:16.914+0000] {processor.py:914} INFO - Processing file /home/airflow/.local/lib/python3.12/site-packages/airflow/example_dags/example_latest_only.py for tasks to queue
[2024-12-19T05:16:16.915+0000] {logging_mixin.py:190} INFO - [2024-12-19T05:16:16.915+0000] {dagbag.py:588} INFO - Filling up the DagBag from /home/airflow/.local/lib/python3.12/site-packages/airflow/example_dags/example_latest_only.py
[2024-12-19T05:16:16.918+0000] {processor.py:925} INFO - DAG(s) 'latest_only' retrieved from /home/airflow/.local/lib/python3.12/site-packages/airflow/example_dags/example_latest_only.py
[2024-12-19T05:16:16.926+0000] {logging_mixin.py:190} INFO - [2024-12-19T05:16:16.926+0000] {dag.py:3239} INFO - Sync 1 DAGs
[2024-12-19T05:16:16.934+0000] {logging_mixin.py:190} INFO - [2024-12-19T05:16:16.934+0000] {dag.py:4180} INFO - Setting next_dagrun for latest_only to 2024-12-19 00:00:00+00:00, run_after=2024-12-19 04:00:00+00:00
[2024-12-19T05:16:16.940+0000] {processor.py:208} INFO - Processing /home/airflow/.local/lib/python3.12/site-packages/airflow/example_dags/example_latest_only.py took 0.030 seconds
[2024-12-19T05:16:47.928+0000] {processor.py:186} INFO - Started process (PID=17759) to work on /home/airflow/.local/lib/python3.12/site-packages/airflow/example_dags/example_latest_only.py
[2024-12-19T05:16:47.928+0000] {processor.py:914} INFO - Processing file /home/airflow/.local/lib/python3.12/site-packages/airflow/example_dags/example_latest_only.py for tasks to queue
[2024-12-19T05:16:47.930+0000] {logging_mixin.py:190} INFO - [2024-12-19T05:16:47.930+0000] {dagbag.py:588} INFO - Filling up the DagBag from /home/airflow/.local/lib/python3.12/site-packages/airflow/example_dags/example_latest_only.py
[2024-12-19T05:16:47.933+0000] {processor.py:925} INFO - DAG(s) 'latest_only' retrieved from /home/airflow/.local/lib/python3.12/site-packages/airflow/example_dags/example_latest_only.py
[2024-12-19T05:16:47.941+0000] {logging_mixin.py:190} INFO - [2024-12-19T05:16:47.940+0000] {dag.py:3239} INFO - Sync 1 DAGs
[2024-12-19T05:16:47.949+0000] {logging_mixin.py:190} INFO - [2024-12-19T05:16:47.949+0000] {dag.py:4180} INFO - Setting next_dagrun for latest_only to 2024-12-19 00:00:00+00:00, run_after=2024-12-19 04:00:00+00:00
[2024-12-19T05:16:47.955+0000] {processor.py:208} INFO - Processing /home/airflow/.local/lib/python3.12/site-packages/airflow/example_dags/example_latest_only.py took 0.032 seconds
[2024-12-19T05:17:18.930+0000] {processor.py:186} INFO - Started process (PID=18050) to work on /home/airflow/.local/lib/python3.12/site-packages/airflow/example_dags/example_latest_only.py
[2024-12-19T05:17:18.931+0000] {processor.py:914} INFO - Processing file /home/airflow/.local/lib/python3.12/site-packages/airflow/example_dags/example_latest_only.py for tasks to queue
[2024-12-19T05:17:18.932+0000] {logging_mixin.py:190} INFO - [2024-12-19T05:17:18.932+0000] {dagbag.py:588} INFO - Filling up the DagBag from /home/airflow/.local/lib/python3.12/site-packages/airflow/example_dags/example_latest_only.py
[2024-12-19T05:17:18.935+0000] {processor.py:925} INFO - DAG(s) 'latest_only' retrieved from /home/airflow/.local/lib/python3.12/site-packages/airflow/example_dags/example_latest_only.py
[2024-12-19T05:17:18.942+0000] {logging_mixin.py:190} INFO - [2024-12-19T05:17:18.942+0000] {dag.py:3239} INFO - Sync 1 DAGs
[2024-12-19T05:17:18.950+0000] {logging_mixin.py:190} INFO - [2024-12-19T05:17:18.950+0000] {dag.py:4180} INFO - Setting next_dagrun for latest_only to 2024-12-19 00:00:00+00:00, run_after=2024-12-19 04:00:00+00:00
[2024-12-19T05:17:19.033+0000] {processor.py:208} INFO - Processing /home/airflow/.local/lib/python3.12/site-packages/airflow/example_dags/example_latest_only.py took 0.105 seconds
[2024-12-19T05:17:49.344+0000] {processor.py:186} INFO - Started process (PID=18341) to work on /home/airflow/.local/lib/python3.12/site-packages/airflow/example_dags/example_latest_only.py
[2024-12-19T05:17:49.345+0000] {processor.py:914} INFO - Processing file /home/airflow/.local/lib/python3.12/site-packages/airflow/example_dags/example_latest_only.py for tasks to queue
[2024-12-19T05:17:49.347+0000] {logging_mixin.py:190} INFO - [2024-12-19T05:17:49.347+0000] {dagbag.py:588} INFO - Filling up the DagBag from /home/airflow/.local/lib/python3.12/site-packages/airflow/example_dags/example_latest_only.py
[2024-12-19T05:17:49.350+0000] {processor.py:925} INFO - DAG(s) 'latest_only' retrieved from /home/airflow/.local/lib/python3.12/site-packages/airflow/example_dags/example_latest_only.py
[2024-12-19T05:17:49.361+0000] {logging_mixin.py:190} INFO - [2024-12-19T05:17:49.361+0000] {dag.py:3239} INFO - Sync 1 DAGs
[2024-12-19T05:17:49.370+0000] {logging_mixin.py:190} INFO - [2024-12-19T05:17:49.370+0000] {dag.py:4180} INFO - Setting next_dagrun for latest_only to 2024-12-19 00:00:00+00:00, run_after=2024-12-19 04:00:00+00:00
[2024-12-19T05:17:49.385+0000] {processor.py:208} INFO - Processing /home/airflow/.local/lib/python3.12/site-packages/airflow/example_dags/example_latest_only.py took 0.044 seconds
[2024-12-19T05:18:19.994+0000] {processor.py:186} INFO - Started process (PID=18632) to work on /home/airflow/.local/lib/python3.12/site-packages/airflow/example_dags/example_latest_only.py
[2024-12-19T05:18:19.994+0000] {processor.py:914} INFO - Processing file /home/airflow/.local/lib/python3.12/site-packages/airflow/example_dags/example_latest_only.py for tasks to queue
[2024-12-19T05:18:19.995+0000] {logging_mixin.py:190} INFO - [2024-12-19T05:18:19.995+0000] {dagbag.py:588} INFO - Filling up the DagBag from /home/airflow/.local/lib/python3.12/site-packages/airflow/example_dags/example_latest_only.py
[2024-12-19T05:18:19.999+0000] {processor.py:925} INFO - DAG(s) 'latest_only' retrieved from /home/airflow/.local/lib/python3.12/site-packages/airflow/example_dags/example_latest_only.py
[2024-12-19T05:18:20.006+0000] {logging_mixin.py:190} INFO - [2024-12-19T05:18:20.006+0000] {dag.py:3239} INFO - Sync 1 DAGs
[2024-12-19T05:18:20.014+0000] {logging_mixin.py:190} INFO - [2024-12-19T05:18:20.014+0000] {dag.py:4180} INFO - Setting next_dagrun for latest_only to 2024-12-19 00:00:00+00:00, run_after=2024-12-19 04:00:00+00:00
[2024-12-19T05:18:20.020+0000] {processor.py:208} INFO - Processing /home/airflow/.local/lib/python3.12/site-packages/airflow/example_dags/example_latest_only.py took 0.028 seconds
[2024-12-19T05:18:50.302+0000] {processor.py:186} INFO - Started process (PID=18923) to work on /home/airflow/.local/lib/python3.12/site-packages/airflow/example_dags/example_latest_only.py
[2024-12-19T05:18:50.302+0000] {processor.py:914} INFO - Processing file /home/airflow/.local/lib/python3.12/site-packages/airflow/example_dags/example_latest_only.py for tasks to queue
[2024-12-19T05:18:50.303+0000] {logging_mixin.py:190} INFO - [2024-12-19T05:18:50.303+0000] {dagbag.py:588} INFO - Filling up the DagBag from /home/airflow/.local/lib/python3.12/site-packages/airflow/example_dags/example_latest_only.py
[2024-12-19T05:18:50.306+0000] {processor.py:925} INFO - DAG(s) 'latest_only' retrieved from /home/airflow/.local/lib/python3.12/site-packages/airflow/example_dags/example_latest_only.py
[2024-12-19T05:18:50.313+0000] {logging_mixin.py:190} INFO - [2024-12-19T05:18:50.313+0000] {dag.py:3239} INFO - Sync 1 DAGs
[2024-12-19T05:18:50.321+0000] {logging_mixin.py:190} INFO - [2024-12-19T05:18:50.321+0000] {dag.py:4180} INFO - Setting next_dagrun for latest_only to 2024-12-19 00:00:00+00:00, run_after=2024-12-19 04:00:00+00:00
[2024-12-19T05:18:50.327+0000] {processor.py:208} INFO - Processing /home/airflow/.local/lib/python3.12/site-packages/airflow/example_dags/example_latest_only.py took 0.027 seconds
[2024-12-19T05:19:20.864+0000] {processor.py:186} INFO - Started process (PID=19214) to work on /home/airflow/.local/lib/python3.12/site-packages/airflow/example_dags/example_latest_only.py
[2024-12-19T05:19:20.864+0000] {processor.py:914} INFO - Processing file /home/airflow/.local/lib/python3.12/site-packages/airflow/example_dags/example_latest_only.py for tasks to queue
[2024-12-19T05:19:20.867+0000] {logging_mixin.py:190} INFO - [2024-12-19T05:19:20.867+0000] {dagbag.py:588} INFO - Filling up the DagBag from /home/airflow/.local/lib/python3.12/site-packages/airflow/example_dags/example_latest_only.py
[2024-12-19T05:19:20.871+0000] {processor.py:925} INFO - DAG(s) 'latest_only' retrieved from /home/airflow/.local/lib/python3.12/site-packages/airflow/example_dags/example_latest_only.py
[2024-12-19T05:19:20.878+0000] {logging_mixin.py:190} INFO - [2024-12-19T05:19:20.877+0000] {dag.py:3239} INFO - Sync 1 DAGs
[2024-12-19T05:19:20.886+0000] {logging_mixin.py:190} INFO - [2024-12-19T05:19:20.886+0000] {dag.py:4180} INFO - Setting next_dagrun for latest_only to 2024-12-19 00:00:00+00:00, run_after=2024-12-19 04:00:00+00:00
[2024-12-19T05:19:20.892+0000] {processor.py:208} INFO - Processing /home/airflow/.local/lib/python3.12/site-packages/airflow/example_dags/example_latest_only.py took 0.031 seconds
[2024-12-19T05:19:51.729+0000] {processor.py:186} INFO - Started process (PID=19505) to work on /home/airflow/.local/lib/python3.12/site-packages/airflow/example_dags/example_latest_only.py
[2024-12-19T05:19:51.730+0000] {processor.py:914} INFO - Processing file /home/airflow/.local/lib/python3.12/site-packages/airflow/example_dags/example_latest_only.py for tasks to queue
[2024-12-19T05:19:51.731+0000] {logging_mixin.py:190} INFO - [2024-12-19T05:19:51.731+0000] {dagbag.py:588} INFO - Filling up the DagBag from /home/airflow/.local/lib/python3.12/site-packages/airflow/example_dags/example_latest_only.py
[2024-12-19T05:19:51.734+0000] {processor.py:925} INFO - DAG(s) 'latest_only' retrieved from /home/airflow/.local/lib/python3.12/site-packages/airflow/example_dags/example_latest_only.py
[2024-12-19T05:19:51.741+0000] {logging_mixin.py:190} INFO - [2024-12-19T05:19:51.741+0000] {dag.py:3239} INFO - Sync 1 DAGs
[2024-12-19T05:19:51.749+0000] {logging_mixin.py:190} INFO - [2024-12-19T05:19:51.749+0000] {dag.py:4180} INFO - Setting next_dagrun for latest_only to 2024-12-19 00:00:00+00:00, run_after=2024-12-19 04:00:00+00:00
[2024-12-19T05:19:51.756+0000] {processor.py:208} INFO - Processing /home/airflow/.local/lib/python3.12/site-packages/airflow/example_dags/example_latest_only.py took 0.029 seconds
[2024-12-19T05:20:22.525+0000] {processor.py:186} INFO - Started process (PID=19802) to work on /home/airflow/.local/lib/python3.12/site-packages/airflow/example_dags/example_latest_only.py
[2024-12-19T05:20:22.527+0000] {processor.py:914} INFO - Processing file /home/airflow/.local/lib/python3.12/site-packages/airflow/example_dags/example_latest_only.py for tasks to queue
[2024-12-19T05:20:22.528+0000] {logging_mixin.py:190} INFO - [2024-12-19T05:20:22.528+0000] {dagbag.py:588} INFO - Filling up the DagBag from /home/airflow/.local/lib/python3.12/site-packages/airflow/example_dags/example_latest_only.py
[2024-12-19T05:20:22.531+0000] {processor.py:925} INFO - DAG(s) 'latest_only' retrieved from /home/airflow/.local/lib/python3.12/site-packages/airflow/example_dags/example_latest_only.py
[2024-12-19T05:20:22.538+0000] {logging_mixin.py:190} INFO - [2024-12-19T05:20:22.538+0000] {dag.py:3239} INFO - Sync 1 DAGs
[2024-12-19T05:20:22.548+0000] {logging_mixin.py:190} INFO - [2024-12-19T05:20:22.548+0000] {dag.py:4180} INFO - Setting next_dagrun for latest_only to 2024-12-19 00:00:00+00:00, run_after=2024-12-19 04:00:00+00:00
[2024-12-19T05:20:22.559+0000] {processor.py:208} INFO - Processing /home/airflow/.local/lib/python3.12/site-packages/airflow/example_dags/example_latest_only.py took 0.037 seconds
[2024-12-19T05:20:53.486+0000] {processor.py:186} INFO - Started process (PID=20093) to work on /home/airflow/.local/lib/python3.12/site-packages/airflow/example_dags/example_latest_only.py
[2024-12-19T05:20:53.487+0000] {processor.py:914} INFO - Processing file /home/airflow/.local/lib/python3.12/site-packages/airflow/example_dags/example_latest_only.py for tasks to queue
[2024-12-19T05:20:53.488+0000] {logging_mixin.py:190} INFO - [2024-12-19T05:20:53.488+0000] {dagbag.py:588} INFO - Filling up the DagBag from /home/airflow/.local/lib/python3.12/site-packages/airflow/example_dags/example_latest_only.py
[2024-12-19T05:20:53.491+0000] {processor.py:925} INFO - DAG(s) 'latest_only' retrieved from /home/airflow/.local/lib/python3.12/site-packages/airflow/example_dags/example_latest_only.py
[2024-12-19T05:20:53.498+0000] {logging_mixin.py:190} INFO - [2024-12-19T05:20:53.497+0000] {dag.py:3239} INFO - Sync 1 DAGs
[2024-12-19T05:20:53.506+0000] {logging_mixin.py:190} INFO - [2024-12-19T05:20:53.506+0000] {dag.py:4180} INFO - Setting next_dagrun for latest_only to 2024-12-19 00:00:00+00:00, run_after=2024-12-19 04:00:00+00:00
[2024-12-19T05:20:53.515+0000] {processor.py:208} INFO - Processing /home/airflow/.local/lib/python3.12/site-packages/airflow/example_dags/example_latest_only.py took 0.031 seconds
[2024-12-19T05:21:24.544+0000] {processor.py:186} INFO - Started process (PID=20384) to work on /home/airflow/.local/lib/python3.12/site-packages/airflow/example_dags/example_latest_only.py
[2024-12-19T05:21:24.544+0000] {processor.py:914} INFO - Processing file /home/airflow/.local/lib/python3.12/site-packages/airflow/example_dags/example_latest_only.py for tasks to queue
[2024-12-19T05:21:24.545+0000] {logging_mixin.py:190} INFO - [2024-12-19T05:21:24.545+0000] {dagbag.py:588} INFO - Filling up the DagBag from /home/airflow/.local/lib/python3.12/site-packages/airflow/example_dags/example_latest_only.py
[2024-12-19T05:21:24.548+0000] {processor.py:925} INFO - DAG(s) 'latest_only' retrieved from /home/airflow/.local/lib/python3.12/site-packages/airflow/example_dags/example_latest_only.py
[2024-12-19T05:21:24.555+0000] {logging_mixin.py:190} INFO - [2024-12-19T05:21:24.555+0000] {dag.py:3239} INFO - Sync 1 DAGs
[2024-12-19T05:21:24.565+0000] {logging_mixin.py:190} INFO - [2024-12-19T05:21:24.565+0000] {dag.py:4180} INFO - Setting next_dagrun for latest_only to 2024-12-19 00:00:00+00:00, run_after=2024-12-19 04:00:00+00:00
[2024-12-19T05:21:24.573+0000] {processor.py:208} INFO - Processing /home/airflow/.local/lib/python3.12/site-packages/airflow/example_dags/example_latest_only.py took 0.032 seconds
[2024-12-19T05:21:54.775+0000] {processor.py:186} INFO - Started process (PID=20675) to work on /home/airflow/.local/lib/python3.12/site-packages/airflow/example_dags/example_latest_only.py
[2024-12-19T05:21:54.778+0000] {processor.py:914} INFO - Processing file /home/airflow/.local/lib/python3.12/site-packages/airflow/example_dags/example_latest_only.py for tasks to queue
[2024-12-19T05:21:54.779+0000] {logging_mixin.py:190} INFO - [2024-12-19T05:21:54.779+0000] {dagbag.py:588} INFO - Filling up the DagBag from /home/airflow/.local/lib/python3.12/site-packages/airflow/example_dags/example_latest_only.py
[2024-12-19T05:21:54.782+0000] {processor.py:925} INFO - DAG(s) 'latest_only' retrieved from /home/airflow/.local/lib/python3.12/site-packages/airflow/example_dags/example_latest_only.py
[2024-12-19T05:21:54.789+0000] {logging_mixin.py:190} INFO - [2024-12-19T05:21:54.789+0000] {dag.py:3239} INFO - Sync 1 DAGs
[2024-12-19T05:21:54.797+0000] {logging_mixin.py:190} INFO - [2024-12-19T05:21:54.797+0000] {dag.py:4180} INFO - Setting next_dagrun for latest_only to 2024-12-19 00:00:00+00:00, run_after=2024-12-19 04:00:00+00:00
[2024-12-19T05:21:54.805+0000] {processor.py:208} INFO - Processing /home/airflow/.local/lib/python3.12/site-packages/airflow/example_dags/example_latest_only.py took 0.032 seconds
[2024-12-19T05:22:25.796+0000] {processor.py:186} INFO - Started process (PID=20966) to work on /home/airflow/.local/lib/python3.12/site-packages/airflow/example_dags/example_latest_only.py
[2024-12-19T05:22:25.799+0000] {processor.py:914} INFO - Processing file /home/airflow/.local/lib/python3.12/site-packages/airflow/example_dags/example_latest_only.py for tasks to queue
[2024-12-19T05:22:25.800+0000] {logging_mixin.py:190} INFO - [2024-12-19T05:22:25.800+0000] {dagbag.py:588} INFO - Filling up the DagBag from /home/airflow/.local/lib/python3.12/site-packages/airflow/example_dags/example_latest_only.py
[2024-12-19T05:22:25.803+0000] {processor.py:925} INFO - DAG(s) 'latest_only' retrieved from /home/airflow/.local/lib/python3.12/site-packages/airflow/example_dags/example_latest_only.py
[2024-12-19T05:22:25.811+0000] {logging_mixin.py:190} INFO - [2024-12-19T05:22:25.811+0000] {dag.py:3239} INFO - Sync 1 DAGs
[2024-12-19T05:22:25.821+0000] {logging_mixin.py:190} INFO - [2024-12-19T05:22:25.821+0000] {dag.py:4180} INFO - Setting next_dagrun for latest_only to 2024-12-19 00:00:00+00:00, run_after=2024-12-19 04:00:00+00:00
[2024-12-19T05:22:25.832+0000] {processor.py:208} INFO - Processing /home/airflow/.local/lib/python3.12/site-packages/airflow/example_dags/example_latest_only.py took 0.038 seconds
[2024-12-19T05:22:56.804+0000] {processor.py:186} INFO - Started process (PID=21257) to work on /home/airflow/.local/lib/python3.12/site-packages/airflow/example_dags/example_latest_only.py
[2024-12-19T05:22:56.806+0000] {processor.py:914} INFO - Processing file /home/airflow/.local/lib/python3.12/site-packages/airflow/example_dags/example_latest_only.py for tasks to queue
[2024-12-19T05:22:56.807+0000] {logging_mixin.py:190} INFO - [2024-12-19T05:22:56.807+0000] {dagbag.py:588} INFO - Filling up the DagBag from /home/airflow/.local/lib/python3.12/site-packages/airflow/example_dags/example_latest_only.py
[2024-12-19T05:22:56.810+0000] {processor.py:925} INFO - DAG(s) 'latest_only' retrieved from /home/airflow/.local/lib/python3.12/site-packages/airflow/example_dags/example_latest_only.py
[2024-12-19T05:22:56.817+0000] {logging_mixin.py:190} INFO - [2024-12-19T05:22:56.817+0000] {dag.py:3239} INFO - Sync 1 DAGs
[2024-12-19T05:22:56.827+0000] {logging_mixin.py:190} INFO - [2024-12-19T05:22:56.827+0000] {dag.py:4180} INFO - Setting next_dagrun for latest_only to 2024-12-19 00:00:00+00:00, run_after=2024-12-19 04:00:00+00:00
[2024-12-19T05:22:56.835+0000] {processor.py:208} INFO - Processing /home/airflow/.local/lib/python3.12/site-packages/airflow/example_dags/example_latest_only.py took 0.034 seconds
[2024-12-19T05:23:27.241+0000] {processor.py:186} INFO - Started process (PID=21548) to work on /home/airflow/.local/lib/python3.12/site-packages/airflow/example_dags/example_latest_only.py
[2024-12-19T05:23:27.242+0000] {processor.py:914} INFO - Processing file /home/airflow/.local/lib/python3.12/site-packages/airflow/example_dags/example_latest_only.py for tasks to queue
[2024-12-19T05:23:27.243+0000] {logging_mixin.py:190} INFO - [2024-12-19T05:23:27.243+0000] {dagbag.py:588} INFO - Filling up the DagBag from /home/airflow/.local/lib/python3.12/site-packages/airflow/example_dags/example_latest_only.py
[2024-12-19T05:23:27.246+0000] {processor.py:925} INFO - DAG(s) 'latest_only' retrieved from /home/airflow/.local/lib/python3.12/site-packages/airflow/example_dags/example_latest_only.py
[2024-12-19T05:23:27.255+0000] {logging_mixin.py:190} INFO - [2024-12-19T05:23:27.255+0000] {dag.py:3239} INFO - Sync 1 DAGs
[2024-12-19T05:23:27.265+0000] {logging_mixin.py:190} INFO - [2024-12-19T05:23:27.265+0000] {dag.py:4180} INFO - Setting next_dagrun for latest_only to 2024-12-19 00:00:00+00:00, run_after=2024-12-19 04:00:00+00:00
[2024-12-19T05:23:27.271+0000] {processor.py:208} INFO - Processing /home/airflow/.local/lib/python3.12/site-packages/airflow/example_dags/example_latest_only.py took 0.032 seconds
