[2024-12-19T04:00:06.270+0000] {processor.py:186} INFO - Started process (PID=343) to work on /home/airflow/.local/lib/python3.12/site-packages/airflow/example_dags/example_complex.py
[2024-12-19T04:00:06.272+0000] {processor.py:914} INFO - Processing file /home/airflow/.local/lib/python3.12/site-packages/airflow/example_dags/example_complex.py for tasks to queue
[2024-12-19T04:00:06.274+0000] {logging_mixin.py:190} INFO - [2024-12-19T04:00:06.273+0000] {dagbag.py:588} INFO - Filling up the DagBag from /home/airflow/.local/lib/python3.12/site-packages/airflow/example_dags/example_complex.py
[2024-12-19T04:00:06.282+0000] {processor.py:925} INFO - DAG(s) 'example_complex' retrieved from /home/airflow/.local/lib/python3.12/site-packages/airflow/example_dags/example_complex.py
[2024-12-19T04:00:06.326+0000] {logging_mixin.py:190} INFO - [2024-12-19T04:00:06.326+0000] {override.py:1911} INFO - Created Permission View: can edit on DAG:example_complex
[2024-12-19T04:00:06.329+0000] {logging_mixin.py:190} INFO - [2024-12-19T04:00:06.329+0000] {override.py:1911} INFO - Created Permission View: can delete on DAG:example_complex
[2024-12-19T04:00:06.331+0000] {logging_mixin.py:190} INFO - [2024-12-19T04:00:06.331+0000] {override.py:1911} INFO - Created Permission View: can read on DAG:example_complex
[2024-12-19T04:00:06.333+0000] {logging_mixin.py:190} INFO - [2024-12-19T04:00:06.333+0000] {override.py:1911} INFO - Created Permission View: can create on DAG Run:example_complex
[2024-12-19T04:00:06.334+0000] {logging_mixin.py:190} INFO - [2024-12-19T04:00:06.334+0000] {override.py:1911} INFO - Created Permission View: can delete on DAG Run:example_complex
[2024-12-19T04:00:06.336+0000] {logging_mixin.py:190} INFO - [2024-12-19T04:00:06.336+0000] {override.py:1911} INFO - Created Permission View: menu access on DAG Run:example_complex
[2024-12-19T04:00:06.337+0000] {logging_mixin.py:190} INFO - [2024-12-19T04:00:06.337+0000] {override.py:1911} INFO - Created Permission View: can read on DAG Run:example_complex
[2024-12-19T04:00:06.337+0000] {logging_mixin.py:190} INFO - [2024-12-19T04:00:06.337+0000] {dag.py:3239} INFO - Sync 1 DAGs
[2024-12-19T04:00:06.342+0000] {logging_mixin.py:190} INFO - [2024-12-19T04:00:06.342+0000] {dag.py:3262} INFO - Creating ORM DAG for example_complex
[2024-12-19T04:00:06.342+0000] {logging_mixin.py:190} INFO - [2024-12-19T04:00:06.342+0000] {dag.py:4180} INFO - Setting next_dagrun for example_complex to None, run_after=None
[2024-12-19T04:00:06.348+0000] {processor.py:208} INFO - Processing /home/airflow/.local/lib/python3.12/site-packages/airflow/example_dags/example_complex.py took 0.081 seconds
[2024-12-19T04:00:55.958+0000] {processor.py:186} INFO - Started process (PID=335) to work on /home/airflow/.local/lib/python3.12/site-packages/airflow/example_dags/example_complex.py
[2024-12-19T04:00:55.958+0000] {processor.py:914} INFO - Processing file /home/airflow/.local/lib/python3.12/site-packages/airflow/example_dags/example_complex.py for tasks to queue
[2024-12-19T04:00:55.959+0000] {logging_mixin.py:190} INFO - [2024-12-19T04:00:55.959+0000] {dagbag.py:588} INFO - Filling up the DagBag from /home/airflow/.local/lib/python3.12/site-packages/airflow/example_dags/example_complex.py
[2024-12-19T04:00:55.964+0000] {processor.py:925} INFO - DAG(s) 'example_complex' retrieved from /home/airflow/.local/lib/python3.12/site-packages/airflow/example_dags/example_complex.py
[2024-12-19T04:00:55.976+0000] {logging_mixin.py:190} INFO - [2024-12-19T04:00:55.976+0000] {dag.py:3239} INFO - Sync 1 DAGs
[2024-12-19T04:00:55.981+0000] {logging_mixin.py:190} INFO - [2024-12-19T04:00:55.981+0000] {dag.py:4180} INFO - Setting next_dagrun for example_complex to None, run_after=None
[2024-12-19T04:00:55.987+0000] {processor.py:208} INFO - Processing /home/airflow/.local/lib/python3.12/site-packages/airflow/example_dags/example_complex.py took 0.032 seconds
[2024-12-19T04:01:26.341+0000] {processor.py:186} INFO - Started process (PID=626) to work on /home/airflow/.local/lib/python3.12/site-packages/airflow/example_dags/example_complex.py
[2024-12-19T04:01:26.341+0000] {processor.py:914} INFO - Processing file /home/airflow/.local/lib/python3.12/site-packages/airflow/example_dags/example_complex.py for tasks to queue
[2024-12-19T04:01:26.343+0000] {logging_mixin.py:190} INFO - [2024-12-19T04:01:26.343+0000] {dagbag.py:588} INFO - Filling up the DagBag from /home/airflow/.local/lib/python3.12/site-packages/airflow/example_dags/example_complex.py
[2024-12-19T04:01:26.350+0000] {processor.py:925} INFO - DAG(s) 'example_complex' retrieved from /home/airflow/.local/lib/python3.12/site-packages/airflow/example_dags/example_complex.py
[2024-12-19T04:01:26.367+0000] {logging_mixin.py:190} INFO - [2024-12-19T04:01:26.367+0000] {dag.py:3239} INFO - Sync 1 DAGs
[2024-12-19T04:01:26.374+0000] {logging_mixin.py:190} INFO - [2024-12-19T04:01:26.373+0000] {dag.py:4180} INFO - Setting next_dagrun for example_complex to None, run_after=None
[2024-12-19T04:01:26.383+0000] {processor.py:208} INFO - Processing /home/airflow/.local/lib/python3.12/site-packages/airflow/example_dags/example_complex.py took 0.045 seconds
[2024-12-19T04:01:56.623+0000] {processor.py:186} INFO - Started process (PID=917) to work on /home/airflow/.local/lib/python3.12/site-packages/airflow/example_dags/example_complex.py
[2024-12-19T04:01:56.624+0000] {processor.py:914} INFO - Processing file /home/airflow/.local/lib/python3.12/site-packages/airflow/example_dags/example_complex.py for tasks to queue
[2024-12-19T04:01:56.625+0000] {logging_mixin.py:190} INFO - [2024-12-19T04:01:56.625+0000] {dagbag.py:588} INFO - Filling up the DagBag from /home/airflow/.local/lib/python3.12/site-packages/airflow/example_dags/example_complex.py
[2024-12-19T04:01:56.630+0000] {processor.py:925} INFO - DAG(s) 'example_complex' retrieved from /home/airflow/.local/lib/python3.12/site-packages/airflow/example_dags/example_complex.py
[2024-12-19T04:01:56.641+0000] {logging_mixin.py:190} INFO - [2024-12-19T04:01:56.641+0000] {dag.py:3239} INFO - Sync 1 DAGs
[2024-12-19T04:01:56.646+0000] {logging_mixin.py:190} INFO - [2024-12-19T04:01:56.646+0000] {dag.py:4180} INFO - Setting next_dagrun for example_complex to None, run_after=None
[2024-12-19T04:01:56.653+0000] {processor.py:208} INFO - Processing /home/airflow/.local/lib/python3.12/site-packages/airflow/example_dags/example_complex.py took 0.032 seconds
[2024-12-19T04:02:26.921+0000] {processor.py:186} INFO - Started process (PID=1232) to work on /home/airflow/.local/lib/python3.12/site-packages/airflow/example_dags/example_complex.py
[2024-12-19T04:02:26.921+0000] {processor.py:914} INFO - Processing file /home/airflow/.local/lib/python3.12/site-packages/airflow/example_dags/example_complex.py for tasks to queue
[2024-12-19T04:02:26.922+0000] {logging_mixin.py:190} INFO - [2024-12-19T04:02:26.922+0000] {dagbag.py:588} INFO - Filling up the DagBag from /home/airflow/.local/lib/python3.12/site-packages/airflow/example_dags/example_complex.py
[2024-12-19T04:02:26.929+0000] {processor.py:925} INFO - DAG(s) 'example_complex' retrieved from /home/airflow/.local/lib/python3.12/site-packages/airflow/example_dags/example_complex.py
[2024-12-19T04:02:26.941+0000] {logging_mixin.py:190} INFO - [2024-12-19T04:02:26.941+0000] {dag.py:3239} INFO - Sync 1 DAGs
[2024-12-19T04:02:26.946+0000] {logging_mixin.py:190} INFO - [2024-12-19T04:02:26.946+0000] {dag.py:4180} INFO - Setting next_dagrun for example_complex to None, run_after=None
[2024-12-19T04:02:26.953+0000] {processor.py:208} INFO - Processing /home/airflow/.local/lib/python3.12/site-packages/airflow/example_dags/example_complex.py took 0.034 seconds
[2024-12-19T04:02:57.923+0000] {processor.py:186} INFO - Started process (PID=1523) to work on /home/airflow/.local/lib/python3.12/site-packages/airflow/example_dags/example_complex.py
[2024-12-19T04:02:57.926+0000] {processor.py:914} INFO - Processing file /home/airflow/.local/lib/python3.12/site-packages/airflow/example_dags/example_complex.py for tasks to queue
[2024-12-19T04:02:57.927+0000] {logging_mixin.py:190} INFO - [2024-12-19T04:02:57.927+0000] {dagbag.py:588} INFO - Filling up the DagBag from /home/airflow/.local/lib/python3.12/site-packages/airflow/example_dags/example_complex.py
[2024-12-19T04:02:57.933+0000] {processor.py:925} INFO - DAG(s) 'example_complex' retrieved from /home/airflow/.local/lib/python3.12/site-packages/airflow/example_dags/example_complex.py
[2024-12-19T04:02:57.945+0000] {logging_mixin.py:190} INFO - [2024-12-19T04:02:57.945+0000] {dag.py:3239} INFO - Sync 1 DAGs
[2024-12-19T04:02:57.950+0000] {logging_mixin.py:190} INFO - [2024-12-19T04:02:57.950+0000] {dag.py:4180} INFO - Setting next_dagrun for example_complex to None, run_after=None
[2024-12-19T04:02:57.958+0000] {processor.py:208} INFO - Processing /home/airflow/.local/lib/python3.12/site-packages/airflow/example_dags/example_complex.py took 0.037 seconds
[2024-12-19T04:03:29.060+0000] {processor.py:186} INFO - Started process (PID=1814) to work on /home/airflow/.local/lib/python3.12/site-packages/airflow/example_dags/example_complex.py
[2024-12-19T04:03:29.060+0000] {processor.py:914} INFO - Processing file /home/airflow/.local/lib/python3.12/site-packages/airflow/example_dags/example_complex.py for tasks to queue
[2024-12-19T04:03:29.061+0000] {logging_mixin.py:190} INFO - [2024-12-19T04:03:29.061+0000] {dagbag.py:588} INFO - Filling up the DagBag from /home/airflow/.local/lib/python3.12/site-packages/airflow/example_dags/example_complex.py
[2024-12-19T04:03:29.066+0000] {processor.py:925} INFO - DAG(s) 'example_complex' retrieved from /home/airflow/.local/lib/python3.12/site-packages/airflow/example_dags/example_complex.py
[2024-12-19T04:03:29.077+0000] {logging_mixin.py:190} INFO - [2024-12-19T04:03:29.077+0000] {dag.py:3239} INFO - Sync 1 DAGs
[2024-12-19T04:03:29.083+0000] {logging_mixin.py:190} INFO - [2024-12-19T04:03:29.082+0000] {dag.py:4180} INFO - Setting next_dagrun for example_complex to None, run_after=None
[2024-12-19T04:03:29.089+0000] {processor.py:208} INFO - Processing /home/airflow/.local/lib/python3.12/site-packages/airflow/example_dags/example_complex.py took 0.032 seconds
[2024-12-19T04:03:59.335+0000] {processor.py:186} INFO - Started process (PID=2105) to work on /home/airflow/.local/lib/python3.12/site-packages/airflow/example_dags/example_complex.py
[2024-12-19T04:03:59.335+0000] {processor.py:914} INFO - Processing file /home/airflow/.local/lib/python3.12/site-packages/airflow/example_dags/example_complex.py for tasks to queue
[2024-12-19T04:03:59.336+0000] {logging_mixin.py:190} INFO - [2024-12-19T04:03:59.336+0000] {dagbag.py:588} INFO - Filling up the DagBag from /home/airflow/.local/lib/python3.12/site-packages/airflow/example_dags/example_complex.py
[2024-12-19T04:03:59.341+0000] {processor.py:925} INFO - DAG(s) 'example_complex' retrieved from /home/airflow/.local/lib/python3.12/site-packages/airflow/example_dags/example_complex.py
[2024-12-19T04:03:59.353+0000] {logging_mixin.py:190} INFO - [2024-12-19T04:03:59.353+0000] {dag.py:3239} INFO - Sync 1 DAGs
[2024-12-19T04:03:59.359+0000] {logging_mixin.py:190} INFO - [2024-12-19T04:03:59.359+0000] {dag.py:4180} INFO - Setting next_dagrun for example_complex to None, run_after=None
[2024-12-19T04:03:59.366+0000] {processor.py:208} INFO - Processing /home/airflow/.local/lib/python3.12/site-packages/airflow/example_dags/example_complex.py took 0.033 seconds
[2024-12-19T04:04:32.098+0000] {processor.py:186} INFO - Started process (PID=2396) to work on /home/airflow/.local/lib/python3.12/site-packages/airflow/example_dags/example_complex.py
[2024-12-19T04:04:32.099+0000] {processor.py:914} INFO - Processing file /home/airflow/.local/lib/python3.12/site-packages/airflow/example_dags/example_complex.py for tasks to queue
[2024-12-19T04:04:32.100+0000] {logging_mixin.py:190} INFO - [2024-12-19T04:04:32.099+0000] {dagbag.py:588} INFO - Filling up the DagBag from /home/airflow/.local/lib/python3.12/site-packages/airflow/example_dags/example_complex.py
[2024-12-19T04:04:32.104+0000] {processor.py:925} INFO - DAG(s) 'example_complex' retrieved from /home/airflow/.local/lib/python3.12/site-packages/airflow/example_dags/example_complex.py
[2024-12-19T04:04:32.116+0000] {logging_mixin.py:190} INFO - [2024-12-19T04:04:32.116+0000] {dag.py:3239} INFO - Sync 1 DAGs
[2024-12-19T04:04:32.128+0000] {logging_mixin.py:190} INFO - [2024-12-19T04:04:32.128+0000] {dag.py:4180} INFO - Setting next_dagrun for example_complex to None, run_after=None
[2024-12-19T04:04:32.139+0000] {processor.py:208} INFO - Processing /home/airflow/.local/lib/python3.12/site-packages/airflow/example_dags/example_complex.py took 0.043 seconds
[2024-12-19T04:05:03.208+0000] {processor.py:186} INFO - Started process (PID=2693) to work on /home/airflow/.local/lib/python3.12/site-packages/airflow/example_dags/example_complex.py
[2024-12-19T04:05:03.208+0000] {processor.py:914} INFO - Processing file /home/airflow/.local/lib/python3.12/site-packages/airflow/example_dags/example_complex.py for tasks to queue
[2024-12-19T04:05:03.209+0000] {logging_mixin.py:190} INFO - [2024-12-19T04:05:03.209+0000] {dagbag.py:588} INFO - Filling up the DagBag from /home/airflow/.local/lib/python3.12/site-packages/airflow/example_dags/example_complex.py
[2024-12-19T04:05:03.213+0000] {processor.py:925} INFO - DAG(s) 'example_complex' retrieved from /home/airflow/.local/lib/python3.12/site-packages/airflow/example_dags/example_complex.py
[2024-12-19T04:05:03.228+0000] {logging_mixin.py:190} INFO - [2024-12-19T04:05:03.228+0000] {dag.py:3239} INFO - Sync 1 DAGs
[2024-12-19T04:05:03.234+0000] {logging_mixin.py:190} INFO - [2024-12-19T04:05:03.234+0000] {dag.py:4180} INFO - Setting next_dagrun for example_complex to None, run_after=None
[2024-12-19T04:05:03.242+0000] {processor.py:208} INFO - Processing /home/airflow/.local/lib/python3.12/site-packages/airflow/example_dags/example_complex.py took 0.037 seconds
[2024-12-19T04:22:25.081+0000] {processor.py:186} INFO - Started process (PID=3119) to work on /home/airflow/.local/lib/python3.12/site-packages/airflow/example_dags/example_complex.py
[2024-12-19T04:22:25.082+0000] {processor.py:914} INFO - Processing file /home/airflow/.local/lib/python3.12/site-packages/airflow/example_dags/example_complex.py for tasks to queue
[2024-12-19T04:22:25.083+0000] {logging_mixin.py:190} INFO - [2024-12-19T04:22:25.083+0000] {dagbag.py:588} INFO - Filling up the DagBag from /home/airflow/.local/lib/python3.12/site-packages/airflow/example_dags/example_complex.py
[2024-12-19T04:22:25.088+0000] {processor.py:925} INFO - DAG(s) 'example_complex' retrieved from /home/airflow/.local/lib/python3.12/site-packages/airflow/example_dags/example_complex.py
[2024-12-19T04:22:25.100+0000] {logging_mixin.py:190} INFO - [2024-12-19T04:22:25.100+0000] {dag.py:3239} INFO - Sync 1 DAGs
[2024-12-19T04:22:25.106+0000] {logging_mixin.py:190} INFO - [2024-12-19T04:22:25.105+0000] {dag.py:4180} INFO - Setting next_dagrun for example_complex to None, run_after=None
[2024-12-19T04:22:25.111+0000] {processor.py:208} INFO - Processing /home/airflow/.local/lib/python3.12/site-packages/airflow/example_dags/example_complex.py took 0.032 seconds
[2024-12-19T04:22:55.568+0000] {processor.py:186} INFO - Started process (PID=3410) to work on /home/airflow/.local/lib/python3.12/site-packages/airflow/example_dags/example_complex.py
[2024-12-19T04:22:55.569+0000] {processor.py:914} INFO - Processing file /home/airflow/.local/lib/python3.12/site-packages/airflow/example_dags/example_complex.py for tasks to queue
[2024-12-19T04:22:55.570+0000] {logging_mixin.py:190} INFO - [2024-12-19T04:22:55.570+0000] {dagbag.py:588} INFO - Filling up the DagBag from /home/airflow/.local/lib/python3.12/site-packages/airflow/example_dags/example_complex.py
[2024-12-19T04:22:55.574+0000] {processor.py:925} INFO - DAG(s) 'example_complex' retrieved from /home/airflow/.local/lib/python3.12/site-packages/airflow/example_dags/example_complex.py
[2024-12-19T04:22:55.587+0000] {logging_mixin.py:190} INFO - [2024-12-19T04:22:55.586+0000] {dag.py:3239} INFO - Sync 1 DAGs
[2024-12-19T04:22:55.592+0000] {logging_mixin.py:190} INFO - [2024-12-19T04:22:55.592+0000] {dag.py:4180} INFO - Setting next_dagrun for example_complex to None, run_after=None
[2024-12-19T04:22:55.599+0000] {processor.py:208} INFO - Processing /home/airflow/.local/lib/python3.12/site-packages/airflow/example_dags/example_complex.py took 0.033 seconds
[2024-12-19T04:39:23.152+0000] {processor.py:186} INFO - Started process (PID=3695) to work on /home/airflow/.local/lib/python3.12/site-packages/airflow/example_dags/example_complex.py
[2024-12-19T04:39:23.153+0000] {processor.py:914} INFO - Processing file /home/airflow/.local/lib/python3.12/site-packages/airflow/example_dags/example_complex.py for tasks to queue
[2024-12-19T04:39:23.154+0000] {logging_mixin.py:190} INFO - [2024-12-19T04:39:23.154+0000] {dagbag.py:588} INFO - Filling up the DagBag from /home/airflow/.local/lib/python3.12/site-packages/airflow/example_dags/example_complex.py
[2024-12-19T04:39:23.159+0000] {processor.py:925} INFO - DAG(s) 'example_complex' retrieved from /home/airflow/.local/lib/python3.12/site-packages/airflow/example_dags/example_complex.py
[2024-12-19T04:39:23.170+0000] {logging_mixin.py:190} INFO - [2024-12-19T04:39:23.170+0000] {dag.py:3239} INFO - Sync 1 DAGs
[2024-12-19T04:39:23.176+0000] {logging_mixin.py:190} INFO - [2024-12-19T04:39:23.175+0000] {dag.py:4180} INFO - Setting next_dagrun for example_complex to None, run_after=None
[2024-12-19T04:39:23.182+0000] {processor.py:208} INFO - Processing /home/airflow/.local/lib/python3.12/site-packages/airflow/example_dags/example_complex.py took 0.032 seconds
[2024-12-19T04:39:54.253+0000] {processor.py:186} INFO - Started process (PID=3992) to work on /home/airflow/.local/lib/python3.12/site-packages/airflow/example_dags/example_complex.py
[2024-12-19T04:39:54.254+0000] {processor.py:914} INFO - Processing file /home/airflow/.local/lib/python3.12/site-packages/airflow/example_dags/example_complex.py for tasks to queue
[2024-12-19T04:39:54.255+0000] {logging_mixin.py:190} INFO - [2024-12-19T04:39:54.255+0000] {dagbag.py:588} INFO - Filling up the DagBag from /home/airflow/.local/lib/python3.12/site-packages/airflow/example_dags/example_complex.py
[2024-12-19T04:39:54.260+0000] {processor.py:925} INFO - DAG(s) 'example_complex' retrieved from /home/airflow/.local/lib/python3.12/site-packages/airflow/example_dags/example_complex.py
[2024-12-19T04:39:54.272+0000] {logging_mixin.py:190} INFO - [2024-12-19T04:39:54.272+0000] {dag.py:3239} INFO - Sync 1 DAGs
[2024-12-19T04:39:54.280+0000] {logging_mixin.py:190} INFO - [2024-12-19T04:39:54.280+0000] {dag.py:4180} INFO - Setting next_dagrun for example_complex to None, run_after=None
[2024-12-19T04:39:54.287+0000] {processor.py:208} INFO - Processing /home/airflow/.local/lib/python3.12/site-packages/airflow/example_dags/example_complex.py took 0.036 seconds
[2024-12-19T04:40:25.250+0000] {processor.py:186} INFO - Started process (PID=4283) to work on /home/airflow/.local/lib/python3.12/site-packages/airflow/example_dags/example_complex.py
[2024-12-19T04:40:25.250+0000] {processor.py:914} INFO - Processing file /home/airflow/.local/lib/python3.12/site-packages/airflow/example_dags/example_complex.py for tasks to queue
[2024-12-19T04:40:25.251+0000] {logging_mixin.py:190} INFO - [2024-12-19T04:40:25.251+0000] {dagbag.py:588} INFO - Filling up the DagBag from /home/airflow/.local/lib/python3.12/site-packages/airflow/example_dags/example_complex.py
[2024-12-19T04:40:25.256+0000] {processor.py:925} INFO - DAG(s) 'example_complex' retrieved from /home/airflow/.local/lib/python3.12/site-packages/airflow/example_dags/example_complex.py
[2024-12-19T04:40:25.266+0000] {logging_mixin.py:190} INFO - [2024-12-19T04:40:25.266+0000] {dag.py:3239} INFO - Sync 1 DAGs
[2024-12-19T04:40:25.271+0000] {logging_mixin.py:190} INFO - [2024-12-19T04:40:25.271+0000] {dag.py:4180} INFO - Setting next_dagrun for example_complex to None, run_after=None
[2024-12-19T04:40:25.277+0000] {processor.py:208} INFO - Processing /home/airflow/.local/lib/python3.12/site-packages/airflow/example_dags/example_complex.py took 0.030 seconds
[2024-12-19T04:40:56.248+0000] {processor.py:186} INFO - Started process (PID=4574) to work on /home/airflow/.local/lib/python3.12/site-packages/airflow/example_dags/example_complex.py
[2024-12-19T04:40:56.249+0000] {processor.py:914} INFO - Processing file /home/airflow/.local/lib/python3.12/site-packages/airflow/example_dags/example_complex.py for tasks to queue
[2024-12-19T04:40:56.250+0000] {logging_mixin.py:190} INFO - [2024-12-19T04:40:56.250+0000] {dagbag.py:588} INFO - Filling up the DagBag from /home/airflow/.local/lib/python3.12/site-packages/airflow/example_dags/example_complex.py
[2024-12-19T04:40:56.255+0000] {processor.py:925} INFO - DAG(s) 'example_complex' retrieved from /home/airflow/.local/lib/python3.12/site-packages/airflow/example_dags/example_complex.py
[2024-12-19T04:40:56.266+0000] {logging_mixin.py:190} INFO - [2024-12-19T04:40:56.266+0000] {dag.py:3239} INFO - Sync 1 DAGs
[2024-12-19T04:40:56.271+0000] {logging_mixin.py:190} INFO - [2024-12-19T04:40:56.271+0000] {dag.py:4180} INFO - Setting next_dagrun for example_complex to None, run_after=None
[2024-12-19T04:40:56.276+0000] {processor.py:208} INFO - Processing /home/airflow/.local/lib/python3.12/site-packages/airflow/example_dags/example_complex.py took 0.031 seconds
[2024-12-19T04:41:27.324+0000] {processor.py:186} INFO - Started process (PID=4865) to work on /home/airflow/.local/lib/python3.12/site-packages/airflow/example_dags/example_complex.py
[2024-12-19T04:41:27.324+0000] {processor.py:914} INFO - Processing file /home/airflow/.local/lib/python3.12/site-packages/airflow/example_dags/example_complex.py for tasks to queue
[2024-12-19T04:41:27.325+0000] {logging_mixin.py:190} INFO - [2024-12-19T04:41:27.325+0000] {dagbag.py:588} INFO - Filling up the DagBag from /home/airflow/.local/lib/python3.12/site-packages/airflow/example_dags/example_complex.py
[2024-12-19T04:41:27.330+0000] {processor.py:925} INFO - DAG(s) 'example_complex' retrieved from /home/airflow/.local/lib/python3.12/site-packages/airflow/example_dags/example_complex.py
[2024-12-19T04:41:27.343+0000] {logging_mixin.py:190} INFO - [2024-12-19T04:41:27.343+0000] {dag.py:3239} INFO - Sync 1 DAGs
[2024-12-19T04:41:27.351+0000] {logging_mixin.py:190} INFO - [2024-12-19T04:41:27.351+0000] {dag.py:4180} INFO - Setting next_dagrun for example_complex to None, run_after=None
[2024-12-19T04:41:27.357+0000] {processor.py:208} INFO - Processing /home/airflow/.local/lib/python3.12/site-packages/airflow/example_dags/example_complex.py took 0.036 seconds
[2024-12-19T04:41:58.403+0000] {processor.py:186} INFO - Started process (PID=5156) to work on /home/airflow/.local/lib/python3.12/site-packages/airflow/example_dags/example_complex.py
[2024-12-19T04:41:58.403+0000] {processor.py:914} INFO - Processing file /home/airflow/.local/lib/python3.12/site-packages/airflow/example_dags/example_complex.py for tasks to queue
[2024-12-19T04:41:58.404+0000] {logging_mixin.py:190} INFO - [2024-12-19T04:41:58.404+0000] {dagbag.py:588} INFO - Filling up the DagBag from /home/airflow/.local/lib/python3.12/site-packages/airflow/example_dags/example_complex.py
[2024-12-19T04:41:58.409+0000] {processor.py:925} INFO - DAG(s) 'example_complex' retrieved from /home/airflow/.local/lib/python3.12/site-packages/airflow/example_dags/example_complex.py
[2024-12-19T04:41:58.420+0000] {logging_mixin.py:190} INFO - [2024-12-19T04:41:58.420+0000] {dag.py:3239} INFO - Sync 1 DAGs
[2024-12-19T04:41:58.425+0000] {logging_mixin.py:190} INFO - [2024-12-19T04:41:58.425+0000] {dag.py:4180} INFO - Setting next_dagrun for example_complex to None, run_after=None
[2024-12-19T04:41:58.431+0000] {processor.py:208} INFO - Processing /home/airflow/.local/lib/python3.12/site-packages/airflow/example_dags/example_complex.py took 0.030 seconds
[2024-12-19T04:55:19.288+0000] {processor.py:186} INFO - Started process (PID=5443) to work on /home/airflow/.local/lib/python3.12/site-packages/airflow/example_dags/example_complex.py
[2024-12-19T04:55:19.288+0000] {processor.py:914} INFO - Processing file /home/airflow/.local/lib/python3.12/site-packages/airflow/example_dags/example_complex.py for tasks to queue
[2024-12-19T04:55:19.289+0000] {logging_mixin.py:190} INFO - [2024-12-19T04:55:19.289+0000] {dagbag.py:588} INFO - Filling up the DagBag from /home/airflow/.local/lib/python3.12/site-packages/airflow/example_dags/example_complex.py
[2024-12-19T04:55:19.294+0000] {processor.py:925} INFO - DAG(s) 'example_complex' retrieved from /home/airflow/.local/lib/python3.12/site-packages/airflow/example_dags/example_complex.py
[2024-12-19T04:55:19.306+0000] {logging_mixin.py:190} INFO - [2024-12-19T04:55:19.306+0000] {dag.py:3239} INFO - Sync 1 DAGs
[2024-12-19T04:55:19.314+0000] {logging_mixin.py:190} INFO - [2024-12-19T04:55:19.314+0000] {dag.py:4180} INFO - Setting next_dagrun for example_complex to None, run_after=None
[2024-12-19T04:55:19.322+0000] {processor.py:208} INFO - Processing /home/airflow/.local/lib/python3.12/site-packages/airflow/example_dags/example_complex.py took 0.037 seconds
[2024-12-19T04:55:49.569+0000] {processor.py:186} INFO - Started process (PID=5738) to work on /home/airflow/.local/lib/python3.12/site-packages/airflow/example_dags/example_complex.py
[2024-12-19T04:55:49.569+0000] {processor.py:914} INFO - Processing file /home/airflow/.local/lib/python3.12/site-packages/airflow/example_dags/example_complex.py for tasks to queue
[2024-12-19T04:55:49.570+0000] {logging_mixin.py:190} INFO - [2024-12-19T04:55:49.570+0000] {dagbag.py:588} INFO - Filling up the DagBag from /home/airflow/.local/lib/python3.12/site-packages/airflow/example_dags/example_complex.py
[2024-12-19T04:55:49.575+0000] {processor.py:925} INFO - DAG(s) 'example_complex' retrieved from /home/airflow/.local/lib/python3.12/site-packages/airflow/example_dags/example_complex.py
[2024-12-19T04:55:49.590+0000] {logging_mixin.py:190} INFO - [2024-12-19T04:55:49.590+0000] {dag.py:3239} INFO - Sync 1 DAGs
[2024-12-19T04:55:49.595+0000] {logging_mixin.py:190} INFO - [2024-12-19T04:55:49.595+0000] {dag.py:4180} INFO - Setting next_dagrun for example_complex to None, run_after=None
[2024-12-19T04:55:49.604+0000] {processor.py:208} INFO - Processing /home/airflow/.local/lib/python3.12/site-packages/airflow/example_dags/example_complex.py took 0.037 seconds
[2024-12-19T04:56:19.859+0000] {processor.py:186} INFO - Started process (PID=6029) to work on /home/airflow/.local/lib/python3.12/site-packages/airflow/example_dags/example_complex.py
[2024-12-19T04:56:19.859+0000] {processor.py:914} INFO - Processing file /home/airflow/.local/lib/python3.12/site-packages/airflow/example_dags/example_complex.py for tasks to queue
[2024-12-19T04:56:19.860+0000] {logging_mixin.py:190} INFO - [2024-12-19T04:56:19.860+0000] {dagbag.py:588} INFO - Filling up the DagBag from /home/airflow/.local/lib/python3.12/site-packages/airflow/example_dags/example_complex.py
[2024-12-19T04:56:19.865+0000] {processor.py:925} INFO - DAG(s) 'example_complex' retrieved from /home/airflow/.local/lib/python3.12/site-packages/airflow/example_dags/example_complex.py
[2024-12-19T04:56:19.876+0000] {logging_mixin.py:190} INFO - [2024-12-19T04:56:19.876+0000] {dag.py:3239} INFO - Sync 1 DAGs
[2024-12-19T04:56:19.881+0000] {logging_mixin.py:190} INFO - [2024-12-19T04:56:19.881+0000] {dag.py:4180} INFO - Setting next_dagrun for example_complex to None, run_after=None
[2024-12-19T04:56:19.893+0000] {processor.py:208} INFO - Processing /home/airflow/.local/lib/python3.12/site-packages/airflow/example_dags/example_complex.py took 0.037 seconds
[2024-12-19T04:56:50.112+0000] {processor.py:186} INFO - Started process (PID=6320) to work on /home/airflow/.local/lib/python3.12/site-packages/airflow/example_dags/example_complex.py
[2024-12-19T04:56:50.113+0000] {processor.py:914} INFO - Processing file /home/airflow/.local/lib/python3.12/site-packages/airflow/example_dags/example_complex.py for tasks to queue
[2024-12-19T04:56:50.114+0000] {logging_mixin.py:190} INFO - [2024-12-19T04:56:50.114+0000] {dagbag.py:588} INFO - Filling up the DagBag from /home/airflow/.local/lib/python3.12/site-packages/airflow/example_dags/example_complex.py
[2024-12-19T04:56:50.119+0000] {processor.py:925} INFO - DAG(s) 'example_complex' retrieved from /home/airflow/.local/lib/python3.12/site-packages/airflow/example_dags/example_complex.py
[2024-12-19T04:56:50.130+0000] {logging_mixin.py:190} INFO - [2024-12-19T04:56:50.130+0000] {dag.py:3239} INFO - Sync 1 DAGs
[2024-12-19T04:56:50.136+0000] {logging_mixin.py:190} INFO - [2024-12-19T04:56:50.136+0000] {dag.py:4180} INFO - Setting next_dagrun for example_complex to None, run_after=None
[2024-12-19T04:56:50.143+0000] {processor.py:208} INFO - Processing /home/airflow/.local/lib/python3.12/site-packages/airflow/example_dags/example_complex.py took 0.033 seconds
[2024-12-19T04:57:20.241+0000] {processor.py:186} INFO - Started process (PID=6606) to work on /home/airflow/.local/lib/python3.12/site-packages/airflow/example_dags/example_complex.py
[2024-12-19T04:57:20.242+0000] {processor.py:914} INFO - Processing file /home/airflow/.local/lib/python3.12/site-packages/airflow/example_dags/example_complex.py for tasks to queue
[2024-12-19T04:57:20.244+0000] {logging_mixin.py:190} INFO - [2024-12-19T04:57:20.244+0000] {dagbag.py:588} INFO - Filling up the DagBag from /home/airflow/.local/lib/python3.12/site-packages/airflow/example_dags/example_complex.py
[2024-12-19T04:57:20.248+0000] {processor.py:925} INFO - DAG(s) 'example_complex' retrieved from /home/airflow/.local/lib/python3.12/site-packages/airflow/example_dags/example_complex.py
[2024-12-19T04:57:20.259+0000] {logging_mixin.py:190} INFO - [2024-12-19T04:57:20.259+0000] {dag.py:3239} INFO - Sync 1 DAGs
[2024-12-19T04:57:20.266+0000] {logging_mixin.py:190} INFO - [2024-12-19T04:57:20.266+0000] {dag.py:4180} INFO - Setting next_dagrun for example_complex to None, run_after=None
[2024-12-19T04:57:20.275+0000] {processor.py:208} INFO - Processing /home/airflow/.local/lib/python3.12/site-packages/airflow/example_dags/example_complex.py took 0.036 seconds
[2024-12-19T04:57:50.353+0000] {processor.py:186} INFO - Started process (PID=6891) to work on /home/airflow/.local/lib/python3.12/site-packages/airflow/example_dags/example_complex.py
[2024-12-19T04:57:50.354+0000] {processor.py:914} INFO - Processing file /home/airflow/.local/lib/python3.12/site-packages/airflow/example_dags/example_complex.py for tasks to queue
[2024-12-19T04:57:50.355+0000] {logging_mixin.py:190} INFO - [2024-12-19T04:57:50.354+0000] {dagbag.py:588} INFO - Filling up the DagBag from /home/airflow/.local/lib/python3.12/site-packages/airflow/example_dags/example_complex.py
[2024-12-19T04:57:50.360+0000] {processor.py:925} INFO - DAG(s) 'example_complex' retrieved from /home/airflow/.local/lib/python3.12/site-packages/airflow/example_dags/example_complex.py
[2024-12-19T04:57:50.373+0000] {logging_mixin.py:190} INFO - [2024-12-19T04:57:50.372+0000] {dag.py:3239} INFO - Sync 1 DAGs
[2024-12-19T04:57:50.379+0000] {logging_mixin.py:190} INFO - [2024-12-19T04:57:50.378+0000] {dag.py:4180} INFO - Setting next_dagrun for example_complex to None, run_after=None
[2024-12-19T04:57:50.385+0000] {processor.py:208} INFO - Processing /home/airflow/.local/lib/python3.12/site-packages/airflow/example_dags/example_complex.py took 0.035 seconds
[2024-12-19T04:58:20.735+0000] {processor.py:186} INFO - Started process (PID=7179) to work on /home/airflow/.local/lib/python3.12/site-packages/airflow/example_dags/example_complex.py
[2024-12-19T04:58:20.736+0000] {processor.py:914} INFO - Processing file /home/airflow/.local/lib/python3.12/site-packages/airflow/example_dags/example_complex.py for tasks to queue
[2024-12-19T04:58:20.737+0000] {logging_mixin.py:190} INFO - [2024-12-19T04:58:20.737+0000] {dagbag.py:588} INFO - Filling up the DagBag from /home/airflow/.local/lib/python3.12/site-packages/airflow/example_dags/example_complex.py
[2024-12-19T04:58:20.742+0000] {processor.py:925} INFO - DAG(s) 'example_complex' retrieved from /home/airflow/.local/lib/python3.12/site-packages/airflow/example_dags/example_complex.py
[2024-12-19T04:58:20.753+0000] {logging_mixin.py:190} INFO - [2024-12-19T04:58:20.753+0000] {dag.py:3239} INFO - Sync 1 DAGs
[2024-12-19T04:58:20.758+0000] {logging_mixin.py:190} INFO - [2024-12-19T04:58:20.758+0000] {dag.py:4180} INFO - Setting next_dagrun for example_complex to None, run_after=None
[2024-12-19T04:58:20.765+0000] {processor.py:208} INFO - Processing /home/airflow/.local/lib/python3.12/site-packages/airflow/example_dags/example_complex.py took 0.032 seconds
[2024-12-19T04:58:50.974+0000] {processor.py:186} INFO - Started process (PID=7470) to work on /home/airflow/.local/lib/python3.12/site-packages/airflow/example_dags/example_complex.py
[2024-12-19T04:58:50.975+0000] {processor.py:914} INFO - Processing file /home/airflow/.local/lib/python3.12/site-packages/airflow/example_dags/example_complex.py for tasks to queue
[2024-12-19T04:58:50.975+0000] {logging_mixin.py:190} INFO - [2024-12-19T04:58:50.975+0000] {dagbag.py:588} INFO - Filling up the DagBag from /home/airflow/.local/lib/python3.12/site-packages/airflow/example_dags/example_complex.py
[2024-12-19T04:58:50.980+0000] {processor.py:925} INFO - DAG(s) 'example_complex' retrieved from /home/airflow/.local/lib/python3.12/site-packages/airflow/example_dags/example_complex.py
[2024-12-19T04:58:50.990+0000] {logging_mixin.py:190} INFO - [2024-12-19T04:58:50.990+0000] {dag.py:3239} INFO - Sync 1 DAGs
[2024-12-19T04:58:50.995+0000] {logging_mixin.py:190} INFO - [2024-12-19T04:58:50.995+0000] {dag.py:4180} INFO - Setting next_dagrun for example_complex to None, run_after=None
[2024-12-19T04:58:51.000+0000] {processor.py:208} INFO - Processing /home/airflow/.local/lib/python3.12/site-packages/airflow/example_dags/example_complex.py took 0.028 seconds
[2024-12-19T04:59:21.157+0000] {processor.py:186} INFO - Started process (PID=7759) to work on /home/airflow/.local/lib/python3.12/site-packages/airflow/example_dags/example_complex.py
[2024-12-19T04:59:21.158+0000] {processor.py:914} INFO - Processing file /home/airflow/.local/lib/python3.12/site-packages/airflow/example_dags/example_complex.py for tasks to queue
[2024-12-19T04:59:21.159+0000] {logging_mixin.py:190} INFO - [2024-12-19T04:59:21.159+0000] {dagbag.py:588} INFO - Filling up the DagBag from /home/airflow/.local/lib/python3.12/site-packages/airflow/example_dags/example_complex.py
[2024-12-19T04:59:21.165+0000] {processor.py:925} INFO - DAG(s) 'example_complex' retrieved from /home/airflow/.local/lib/python3.12/site-packages/airflow/example_dags/example_complex.py
[2024-12-19T04:59:21.178+0000] {logging_mixin.py:190} INFO - [2024-12-19T04:59:21.177+0000] {dag.py:3239} INFO - Sync 1 DAGs
[2024-12-19T04:59:21.183+0000] {logging_mixin.py:190} INFO - [2024-12-19T04:59:21.183+0000] {dag.py:4180} INFO - Setting next_dagrun for example_complex to None, run_after=None
[2024-12-19T04:59:21.190+0000] {processor.py:208} INFO - Processing /home/airflow/.local/lib/python3.12/site-packages/airflow/example_dags/example_complex.py took 0.035 seconds
[2024-12-19T04:59:51.374+0000] {processor.py:186} INFO - Started process (PID=8050) to work on /home/airflow/.local/lib/python3.12/site-packages/airflow/example_dags/example_complex.py
[2024-12-19T04:59:51.375+0000] {processor.py:914} INFO - Processing file /home/airflow/.local/lib/python3.12/site-packages/airflow/example_dags/example_complex.py for tasks to queue
[2024-12-19T04:59:51.376+0000] {logging_mixin.py:190} INFO - [2024-12-19T04:59:51.376+0000] {dagbag.py:588} INFO - Filling up the DagBag from /home/airflow/.local/lib/python3.12/site-packages/airflow/example_dags/example_complex.py
[2024-12-19T04:59:51.382+0000] {processor.py:925} INFO - DAG(s) 'example_complex' retrieved from /home/airflow/.local/lib/python3.12/site-packages/airflow/example_dags/example_complex.py
[2024-12-19T04:59:51.394+0000] {logging_mixin.py:190} INFO - [2024-12-19T04:59:51.394+0000] {dag.py:3239} INFO - Sync 1 DAGs
[2024-12-19T04:59:51.401+0000] {logging_mixin.py:190} INFO - [2024-12-19T04:59:51.400+0000] {dag.py:4180} INFO - Setting next_dagrun for example_complex to None, run_after=None
[2024-12-19T04:59:51.407+0000] {processor.py:208} INFO - Processing /home/airflow/.local/lib/python3.12/site-packages/airflow/example_dags/example_complex.py took 0.036 seconds
[2024-12-19T05:00:21.913+0000] {processor.py:186} INFO - Started process (PID=8341) to work on /home/airflow/.local/lib/python3.12/site-packages/airflow/example_dags/example_complex.py
[2024-12-19T05:00:21.915+0000] {processor.py:914} INFO - Processing file /home/airflow/.local/lib/python3.12/site-packages/airflow/example_dags/example_complex.py for tasks to queue
[2024-12-19T05:00:21.917+0000] {logging_mixin.py:190} INFO - [2024-12-19T05:00:21.916+0000] {dagbag.py:588} INFO - Filling up the DagBag from /home/airflow/.local/lib/python3.12/site-packages/airflow/example_dags/example_complex.py
[2024-12-19T05:00:21.922+0000] {processor.py:925} INFO - DAG(s) 'example_complex' retrieved from /home/airflow/.local/lib/python3.12/site-packages/airflow/example_dags/example_complex.py
[2024-12-19T05:00:21.935+0000] {logging_mixin.py:190} INFO - [2024-12-19T05:00:21.935+0000] {dag.py:3239} INFO - Sync 1 DAGs
[2024-12-19T05:00:21.941+0000] {logging_mixin.py:190} INFO - [2024-12-19T05:00:21.941+0000] {dag.py:4180} INFO - Setting next_dagrun for example_complex to None, run_after=None
[2024-12-19T05:00:21.947+0000] {processor.py:208} INFO - Processing /home/airflow/.local/lib/python3.12/site-packages/airflow/example_dags/example_complex.py took 0.037 seconds
[2024-12-19T05:00:52.194+0000] {processor.py:186} INFO - Started process (PID=8632) to work on /home/airflow/.local/lib/python3.12/site-packages/airflow/example_dags/example_complex.py
[2024-12-19T05:00:52.194+0000] {processor.py:914} INFO - Processing file /home/airflow/.local/lib/python3.12/site-packages/airflow/example_dags/example_complex.py for tasks to queue
[2024-12-19T05:00:52.195+0000] {logging_mixin.py:190} INFO - [2024-12-19T05:00:52.195+0000] {dagbag.py:588} INFO - Filling up the DagBag from /home/airflow/.local/lib/python3.12/site-packages/airflow/example_dags/example_complex.py
[2024-12-19T05:00:52.200+0000] {processor.py:925} INFO - DAG(s) 'example_complex' retrieved from /home/airflow/.local/lib/python3.12/site-packages/airflow/example_dags/example_complex.py
[2024-12-19T05:00:52.211+0000] {logging_mixin.py:190} INFO - [2024-12-19T05:00:52.211+0000] {dag.py:3239} INFO - Sync 1 DAGs
[2024-12-19T05:00:52.216+0000] {logging_mixin.py:190} INFO - [2024-12-19T05:00:52.216+0000] {dag.py:4180} INFO - Setting next_dagrun for example_complex to None, run_after=None
[2024-12-19T05:00:52.221+0000] {processor.py:208} INFO - Processing /home/airflow/.local/lib/python3.12/site-packages/airflow/example_dags/example_complex.py took 0.030 seconds
[2024-12-19T05:01:22.600+0000] {processor.py:186} INFO - Started process (PID=8923) to work on /home/airflow/.local/lib/python3.12/site-packages/airflow/example_dags/example_complex.py
[2024-12-19T05:01:22.600+0000] {processor.py:914} INFO - Processing file /home/airflow/.local/lib/python3.12/site-packages/airflow/example_dags/example_complex.py for tasks to queue
[2024-12-19T05:01:22.601+0000] {logging_mixin.py:190} INFO - [2024-12-19T05:01:22.601+0000] {dagbag.py:588} INFO - Filling up the DagBag from /home/airflow/.local/lib/python3.12/site-packages/airflow/example_dags/example_complex.py
[2024-12-19T05:01:22.606+0000] {processor.py:925} INFO - DAG(s) 'example_complex' retrieved from /home/airflow/.local/lib/python3.12/site-packages/airflow/example_dags/example_complex.py
[2024-12-19T05:01:22.617+0000] {logging_mixin.py:190} INFO - [2024-12-19T05:01:22.617+0000] {dag.py:3239} INFO - Sync 1 DAGs
[2024-12-19T05:01:22.621+0000] {logging_mixin.py:190} INFO - [2024-12-19T05:01:22.621+0000] {dag.py:4180} INFO - Setting next_dagrun for example_complex to None, run_after=None
[2024-12-19T05:01:22.627+0000] {processor.py:208} INFO - Processing /home/airflow/.local/lib/python3.12/site-packages/airflow/example_dags/example_complex.py took 0.030 seconds
[2024-12-19T05:01:52.883+0000] {processor.py:186} INFO - Started process (PID=9214) to work on /home/airflow/.local/lib/python3.12/site-packages/airflow/example_dags/example_complex.py
[2024-12-19T05:01:52.883+0000] {processor.py:914} INFO - Processing file /home/airflow/.local/lib/python3.12/site-packages/airflow/example_dags/example_complex.py for tasks to queue
[2024-12-19T05:01:52.884+0000] {logging_mixin.py:190} INFO - [2024-12-19T05:01:52.884+0000] {dagbag.py:588} INFO - Filling up the DagBag from /home/airflow/.local/lib/python3.12/site-packages/airflow/example_dags/example_complex.py
[2024-12-19T05:01:52.889+0000] {processor.py:925} INFO - DAG(s) 'example_complex' retrieved from /home/airflow/.local/lib/python3.12/site-packages/airflow/example_dags/example_complex.py
[2024-12-19T05:01:52.902+0000] {logging_mixin.py:190} INFO - [2024-12-19T05:01:52.902+0000] {dag.py:3239} INFO - Sync 1 DAGs
[2024-12-19T05:01:52.908+0000] {logging_mixin.py:190} INFO - [2024-12-19T05:01:52.907+0000] {dag.py:4180} INFO - Setting next_dagrun for example_complex to None, run_after=None
[2024-12-19T05:01:52.915+0000] {processor.py:208} INFO - Processing /home/airflow/.local/lib/python3.12/site-packages/airflow/example_dags/example_complex.py took 0.035 seconds
[2024-12-19T05:02:23.223+0000] {processor.py:186} INFO - Started process (PID=9507) to work on /home/airflow/.local/lib/python3.12/site-packages/airflow/example_dags/example_complex.py
[2024-12-19T05:02:23.223+0000] {processor.py:914} INFO - Processing file /home/airflow/.local/lib/python3.12/site-packages/airflow/example_dags/example_complex.py for tasks to queue
[2024-12-19T05:02:23.224+0000] {logging_mixin.py:190} INFO - [2024-12-19T05:02:23.224+0000] {dagbag.py:588} INFO - Filling up the DagBag from /home/airflow/.local/lib/python3.12/site-packages/airflow/example_dags/example_complex.py
[2024-12-19T05:02:23.229+0000] {processor.py:925} INFO - DAG(s) 'example_complex' retrieved from /home/airflow/.local/lib/python3.12/site-packages/airflow/example_dags/example_complex.py
[2024-12-19T05:02:23.239+0000] {logging_mixin.py:190} INFO - [2024-12-19T05:02:23.239+0000] {dag.py:3239} INFO - Sync 1 DAGs
[2024-12-19T05:02:23.244+0000] {logging_mixin.py:190} INFO - [2024-12-19T05:02:23.244+0000] {dag.py:4180} INFO - Setting next_dagrun for example_complex to None, run_after=None
[2024-12-19T05:02:23.250+0000] {processor.py:208} INFO - Processing /home/airflow/.local/lib/python3.12/site-packages/airflow/example_dags/example_complex.py took 0.030 seconds
[2024-12-19T05:02:53.646+0000] {processor.py:186} INFO - Started process (PID=9798) to work on /home/airflow/.local/lib/python3.12/site-packages/airflow/example_dags/example_complex.py
[2024-12-19T05:02:53.646+0000] {processor.py:914} INFO - Processing file /home/airflow/.local/lib/python3.12/site-packages/airflow/example_dags/example_complex.py for tasks to queue
[2024-12-19T05:02:53.647+0000] {logging_mixin.py:190} INFO - [2024-12-19T05:02:53.647+0000] {dagbag.py:588} INFO - Filling up the DagBag from /home/airflow/.local/lib/python3.12/site-packages/airflow/example_dags/example_complex.py
[2024-12-19T05:02:53.652+0000] {processor.py:925} INFO - DAG(s) 'example_complex' retrieved from /home/airflow/.local/lib/python3.12/site-packages/airflow/example_dags/example_complex.py
[2024-12-19T05:02:53.664+0000] {logging_mixin.py:190} INFO - [2024-12-19T05:02:53.664+0000] {dag.py:3239} INFO - Sync 1 DAGs
[2024-12-19T05:02:53.669+0000] {logging_mixin.py:190} INFO - [2024-12-19T05:02:53.669+0000] {dag.py:4180} INFO - Setting next_dagrun for example_complex to None, run_after=None
[2024-12-19T05:02:53.675+0000] {processor.py:208} INFO - Processing /home/airflow/.local/lib/python3.12/site-packages/airflow/example_dags/example_complex.py took 0.032 seconds
[2024-12-19T05:03:24.070+0000] {processor.py:186} INFO - Started process (PID=10089) to work on /home/airflow/.local/lib/python3.12/site-packages/airflow/example_dags/example_complex.py
[2024-12-19T05:03:24.070+0000] {processor.py:914} INFO - Processing file /home/airflow/.local/lib/python3.12/site-packages/airflow/example_dags/example_complex.py for tasks to queue
[2024-12-19T05:03:24.071+0000] {logging_mixin.py:190} INFO - [2024-12-19T05:03:24.071+0000] {dagbag.py:588} INFO - Filling up the DagBag from /home/airflow/.local/lib/python3.12/site-packages/airflow/example_dags/example_complex.py
[2024-12-19T05:03:24.076+0000] {processor.py:925} INFO - DAG(s) 'example_complex' retrieved from /home/airflow/.local/lib/python3.12/site-packages/airflow/example_dags/example_complex.py
[2024-12-19T05:03:24.087+0000] {logging_mixin.py:190} INFO - [2024-12-19T05:03:24.087+0000] {dag.py:3239} INFO - Sync 1 DAGs
[2024-12-19T05:03:24.093+0000] {logging_mixin.py:190} INFO - [2024-12-19T05:03:24.093+0000] {dag.py:4180} INFO - Setting next_dagrun for example_complex to None, run_after=None
[2024-12-19T05:03:24.099+0000] {processor.py:208} INFO - Processing /home/airflow/.local/lib/python3.12/site-packages/airflow/example_dags/example_complex.py took 0.031 seconds
[2024-12-19T05:03:54.309+0000] {processor.py:186} INFO - Started process (PID=10378) to work on /home/airflow/.local/lib/python3.12/site-packages/airflow/example_dags/example_complex.py
[2024-12-19T05:03:54.310+0000] {processor.py:914} INFO - Processing file /home/airflow/.local/lib/python3.12/site-packages/airflow/example_dags/example_complex.py for tasks to queue
[2024-12-19T05:03:54.311+0000] {logging_mixin.py:190} INFO - [2024-12-19T05:03:54.310+0000] {dagbag.py:588} INFO - Filling up the DagBag from /home/airflow/.local/lib/python3.12/site-packages/airflow/example_dags/example_complex.py
[2024-12-19T05:03:54.316+0000] {processor.py:925} INFO - DAG(s) 'example_complex' retrieved from /home/airflow/.local/lib/python3.12/site-packages/airflow/example_dags/example_complex.py
[2024-12-19T05:03:54.327+0000] {logging_mixin.py:190} INFO - [2024-12-19T05:03:54.327+0000] {dag.py:3239} INFO - Sync 1 DAGs
[2024-12-19T05:03:54.333+0000] {logging_mixin.py:190} INFO - [2024-12-19T05:03:54.333+0000] {dag.py:4180} INFO - Setting next_dagrun for example_complex to None, run_after=None
[2024-12-19T05:03:54.339+0000] {processor.py:208} INFO - Processing /home/airflow/.local/lib/python3.12/site-packages/airflow/example_dags/example_complex.py took 0.033 seconds
[2024-12-19T05:04:24.565+0000] {processor.py:186} INFO - Started process (PID=10671) to work on /home/airflow/.local/lib/python3.12/site-packages/airflow/example_dags/example_complex.py
[2024-12-19T05:04:24.565+0000] {processor.py:914} INFO - Processing file /home/airflow/.local/lib/python3.12/site-packages/airflow/example_dags/example_complex.py for tasks to queue
[2024-12-19T05:04:24.566+0000] {logging_mixin.py:190} INFO - [2024-12-19T05:04:24.566+0000] {dagbag.py:588} INFO - Filling up the DagBag from /home/airflow/.local/lib/python3.12/site-packages/airflow/example_dags/example_complex.py
[2024-12-19T05:04:24.571+0000] {processor.py:925} INFO - DAG(s) 'example_complex' retrieved from /home/airflow/.local/lib/python3.12/site-packages/airflow/example_dags/example_complex.py
[2024-12-19T05:04:24.581+0000] {logging_mixin.py:190} INFO - [2024-12-19T05:04:24.581+0000] {dag.py:3239} INFO - Sync 1 DAGs
[2024-12-19T05:04:24.586+0000] {logging_mixin.py:190} INFO - [2024-12-19T05:04:24.586+0000] {dag.py:4180} INFO - Setting next_dagrun for example_complex to None, run_after=None
[2024-12-19T05:04:24.592+0000] {processor.py:208} INFO - Processing /home/airflow/.local/lib/python3.12/site-packages/airflow/example_dags/example_complex.py took 0.029 seconds
[2024-12-19T05:04:54.823+0000] {processor.py:186} INFO - Started process (PID=10960) to work on /home/airflow/.local/lib/python3.12/site-packages/airflow/example_dags/example_complex.py
[2024-12-19T05:04:54.824+0000] {processor.py:914} INFO - Processing file /home/airflow/.local/lib/python3.12/site-packages/airflow/example_dags/example_complex.py for tasks to queue
[2024-12-19T05:04:54.825+0000] {logging_mixin.py:190} INFO - [2024-12-19T05:04:54.824+0000] {dagbag.py:588} INFO - Filling up the DagBag from /home/airflow/.local/lib/python3.12/site-packages/airflow/example_dags/example_complex.py
[2024-12-19T05:04:54.829+0000] {processor.py:925} INFO - DAG(s) 'example_complex' retrieved from /home/airflow/.local/lib/python3.12/site-packages/airflow/example_dags/example_complex.py
[2024-12-19T05:04:54.841+0000] {logging_mixin.py:190} INFO - [2024-12-19T05:04:54.841+0000] {dag.py:3239} INFO - Sync 1 DAGs
[2024-12-19T05:04:54.847+0000] {logging_mixin.py:190} INFO - [2024-12-19T05:04:54.847+0000] {dag.py:4180} INFO - Setting next_dagrun for example_complex to None, run_after=None
[2024-12-19T05:04:54.853+0000] {processor.py:208} INFO - Processing /home/airflow/.local/lib/python3.12/site-packages/airflow/example_dags/example_complex.py took 0.033 seconds
[2024-12-19T05:05:25.136+0000] {processor.py:186} INFO - Started process (PID=11253) to work on /home/airflow/.local/lib/python3.12/site-packages/airflow/example_dags/example_complex.py
[2024-12-19T05:05:25.136+0000] {processor.py:914} INFO - Processing file /home/airflow/.local/lib/python3.12/site-packages/airflow/example_dags/example_complex.py for tasks to queue
[2024-12-19T05:05:25.137+0000] {logging_mixin.py:190} INFO - [2024-12-19T05:05:25.137+0000] {dagbag.py:588} INFO - Filling up the DagBag from /home/airflow/.local/lib/python3.12/site-packages/airflow/example_dags/example_complex.py
[2024-12-19T05:05:25.142+0000] {processor.py:925} INFO - DAG(s) 'example_complex' retrieved from /home/airflow/.local/lib/python3.12/site-packages/airflow/example_dags/example_complex.py
[2024-12-19T05:05:25.154+0000] {logging_mixin.py:190} INFO - [2024-12-19T05:05:25.154+0000] {dag.py:3239} INFO - Sync 1 DAGs
[2024-12-19T05:05:25.159+0000] {logging_mixin.py:190} INFO - [2024-12-19T05:05:25.159+0000] {dag.py:4180} INFO - Setting next_dagrun for example_complex to None, run_after=None
[2024-12-19T05:05:25.166+0000] {processor.py:208} INFO - Processing /home/airflow/.local/lib/python3.12/site-packages/airflow/example_dags/example_complex.py took 0.032 seconds
[2024-12-19T05:05:55.591+0000] {processor.py:186} INFO - Started process (PID=11542) to work on /home/airflow/.local/lib/python3.12/site-packages/airflow/example_dags/example_complex.py
[2024-12-19T05:05:55.593+0000] {processor.py:914} INFO - Processing file /home/airflow/.local/lib/python3.12/site-packages/airflow/example_dags/example_complex.py for tasks to queue
[2024-12-19T05:05:55.594+0000] {logging_mixin.py:190} INFO - [2024-12-19T05:05:55.594+0000] {dagbag.py:588} INFO - Filling up the DagBag from /home/airflow/.local/lib/python3.12/site-packages/airflow/example_dags/example_complex.py
[2024-12-19T05:05:55.598+0000] {processor.py:925} INFO - DAG(s) 'example_complex' retrieved from /home/airflow/.local/lib/python3.12/site-packages/airflow/example_dags/example_complex.py
[2024-12-19T05:05:55.609+0000] {logging_mixin.py:190} INFO - [2024-12-19T05:05:55.609+0000] {dag.py:3239} INFO - Sync 1 DAGs
[2024-12-19T05:05:55.615+0000] {logging_mixin.py:190} INFO - [2024-12-19T05:05:55.615+0000] {dag.py:4180} INFO - Setting next_dagrun for example_complex to None, run_after=None
[2024-12-19T05:05:55.621+0000] {processor.py:208} INFO - Processing /home/airflow/.local/lib/python3.12/site-packages/airflow/example_dags/example_complex.py took 0.033 seconds
[2024-12-19T05:06:25.892+0000] {processor.py:186} INFO - Started process (PID=11833) to work on /home/airflow/.local/lib/python3.12/site-packages/airflow/example_dags/example_complex.py
[2024-12-19T05:06:25.893+0000] {processor.py:914} INFO - Processing file /home/airflow/.local/lib/python3.12/site-packages/airflow/example_dags/example_complex.py for tasks to queue
[2024-12-19T05:06:25.894+0000] {logging_mixin.py:190} INFO - [2024-12-19T05:06:25.894+0000] {dagbag.py:588} INFO - Filling up the DagBag from /home/airflow/.local/lib/python3.12/site-packages/airflow/example_dags/example_complex.py
[2024-12-19T05:06:25.899+0000] {processor.py:925} INFO - DAG(s) 'example_complex' retrieved from /home/airflow/.local/lib/python3.12/site-packages/airflow/example_dags/example_complex.py
[2024-12-19T05:06:25.910+0000] {logging_mixin.py:190} INFO - [2024-12-19T05:06:25.910+0000] {dag.py:3239} INFO - Sync 1 DAGs
[2024-12-19T05:06:25.916+0000] {logging_mixin.py:190} INFO - [2024-12-19T05:06:25.916+0000] {dag.py:4180} INFO - Setting next_dagrun for example_complex to None, run_after=None
[2024-12-19T05:06:25.923+0000] {processor.py:208} INFO - Processing /home/airflow/.local/lib/python3.12/site-packages/airflow/example_dags/example_complex.py took 0.034 seconds
[2024-12-19T05:06:56.178+0000] {processor.py:186} INFO - Started process (PID=12126) to work on /home/airflow/.local/lib/python3.12/site-packages/airflow/example_dags/example_complex.py
[2024-12-19T05:06:56.179+0000] {processor.py:914} INFO - Processing file /home/airflow/.local/lib/python3.12/site-packages/airflow/example_dags/example_complex.py for tasks to queue
[2024-12-19T05:06:56.179+0000] {logging_mixin.py:190} INFO - [2024-12-19T05:06:56.179+0000] {dagbag.py:588} INFO - Filling up the DagBag from /home/airflow/.local/lib/python3.12/site-packages/airflow/example_dags/example_complex.py
[2024-12-19T05:06:56.184+0000] {processor.py:925} INFO - DAG(s) 'example_complex' retrieved from /home/airflow/.local/lib/python3.12/site-packages/airflow/example_dags/example_complex.py
[2024-12-19T05:06:56.196+0000] {logging_mixin.py:190} INFO - [2024-12-19T05:06:56.196+0000] {dag.py:3239} INFO - Sync 1 DAGs
[2024-12-19T05:06:56.201+0000] {logging_mixin.py:190} INFO - [2024-12-19T05:06:56.201+0000] {dag.py:4180} INFO - Setting next_dagrun for example_complex to None, run_after=None
[2024-12-19T05:06:56.208+0000] {processor.py:208} INFO - Processing /home/airflow/.local/lib/python3.12/site-packages/airflow/example_dags/example_complex.py took 0.032 seconds
[2024-12-19T05:07:26.615+0000] {processor.py:186} INFO - Started process (PID=12418) to work on /home/airflow/.local/lib/python3.12/site-packages/airflow/example_dags/example_complex.py
[2024-12-19T05:07:26.615+0000] {processor.py:914} INFO - Processing file /home/airflow/.local/lib/python3.12/site-packages/airflow/example_dags/example_complex.py for tasks to queue
[2024-12-19T05:07:26.616+0000] {logging_mixin.py:190} INFO - [2024-12-19T05:07:26.616+0000] {dagbag.py:588} INFO - Filling up the DagBag from /home/airflow/.local/lib/python3.12/site-packages/airflow/example_dags/example_complex.py
[2024-12-19T05:07:26.621+0000] {processor.py:925} INFO - DAG(s) 'example_complex' retrieved from /home/airflow/.local/lib/python3.12/site-packages/airflow/example_dags/example_complex.py
[2024-12-19T05:07:26.634+0000] {logging_mixin.py:190} INFO - [2024-12-19T05:07:26.634+0000] {dag.py:3239} INFO - Sync 1 DAGs
[2024-12-19T05:07:26.639+0000] {logging_mixin.py:190} INFO - [2024-12-19T05:07:26.639+0000] {dag.py:4180} INFO - Setting next_dagrun for example_complex to None, run_after=None
[2024-12-19T05:07:26.646+0000] {processor.py:208} INFO - Processing /home/airflow/.local/lib/python3.12/site-packages/airflow/example_dags/example_complex.py took 0.034 seconds
[2024-12-19T05:07:57.290+0000] {processor.py:186} INFO - Started process (PID=12707) to work on /home/airflow/.local/lib/python3.12/site-packages/airflow/example_dags/example_complex.py
[2024-12-19T05:07:57.291+0000] {processor.py:914} INFO - Processing file /home/airflow/.local/lib/python3.12/site-packages/airflow/example_dags/example_complex.py for tasks to queue
[2024-12-19T05:07:57.291+0000] {logging_mixin.py:190} INFO - [2024-12-19T05:07:57.291+0000] {dagbag.py:588} INFO - Filling up the DagBag from /home/airflow/.local/lib/python3.12/site-packages/airflow/example_dags/example_complex.py
[2024-12-19T05:07:57.297+0000] {processor.py:925} INFO - DAG(s) 'example_complex' retrieved from /home/airflow/.local/lib/python3.12/site-packages/airflow/example_dags/example_complex.py
[2024-12-19T05:07:57.309+0000] {logging_mixin.py:190} INFO - [2024-12-19T05:07:57.309+0000] {dag.py:3239} INFO - Sync 1 DAGs
[2024-12-19T05:07:57.314+0000] {logging_mixin.py:190} INFO - [2024-12-19T05:07:57.314+0000] {dag.py:4180} INFO - Setting next_dagrun for example_complex to None, run_after=None
[2024-12-19T05:07:57.320+0000] {processor.py:208} INFO - Processing /home/airflow/.local/lib/python3.12/site-packages/airflow/example_dags/example_complex.py took 0.033 seconds
[2024-12-19T05:08:27.561+0000] {processor.py:186} INFO - Started process (PID=12998) to work on /home/airflow/.local/lib/python3.12/site-packages/airflow/example_dags/example_complex.py
[2024-12-19T05:08:27.561+0000] {processor.py:914} INFO - Processing file /home/airflow/.local/lib/python3.12/site-packages/airflow/example_dags/example_complex.py for tasks to queue
[2024-12-19T05:08:27.562+0000] {logging_mixin.py:190} INFO - [2024-12-19T05:08:27.562+0000] {dagbag.py:588} INFO - Filling up the DagBag from /home/airflow/.local/lib/python3.12/site-packages/airflow/example_dags/example_complex.py
[2024-12-19T05:08:27.569+0000] {processor.py:925} INFO - DAG(s) 'example_complex' retrieved from /home/airflow/.local/lib/python3.12/site-packages/airflow/example_dags/example_complex.py
[2024-12-19T05:08:27.582+0000] {logging_mixin.py:190} INFO - [2024-12-19T05:08:27.582+0000] {dag.py:3239} INFO - Sync 1 DAGs
[2024-12-19T05:08:27.587+0000] {logging_mixin.py:190} INFO - [2024-12-19T05:08:27.587+0000] {dag.py:4180} INFO - Setting next_dagrun for example_complex to None, run_after=None
[2024-12-19T05:08:27.593+0000] {processor.py:208} INFO - Processing /home/airflow/.local/lib/python3.12/site-packages/airflow/example_dags/example_complex.py took 0.035 seconds
[2024-12-19T05:08:57.759+0000] {processor.py:186} INFO - Started process (PID=13289) to work on /home/airflow/.local/lib/python3.12/site-packages/airflow/example_dags/example_complex.py
[2024-12-19T05:08:57.760+0000] {processor.py:914} INFO - Processing file /home/airflow/.local/lib/python3.12/site-packages/airflow/example_dags/example_complex.py for tasks to queue
[2024-12-19T05:08:57.760+0000] {logging_mixin.py:190} INFO - [2024-12-19T05:08:57.760+0000] {dagbag.py:588} INFO - Filling up the DagBag from /home/airflow/.local/lib/python3.12/site-packages/airflow/example_dags/example_complex.py
[2024-12-19T05:08:57.765+0000] {processor.py:925} INFO - DAG(s) 'example_complex' retrieved from /home/airflow/.local/lib/python3.12/site-packages/airflow/example_dags/example_complex.py
[2024-12-19T05:08:57.776+0000] {logging_mixin.py:190} INFO - [2024-12-19T05:08:57.776+0000] {dag.py:3239} INFO - Sync 1 DAGs
[2024-12-19T05:08:57.781+0000] {logging_mixin.py:190} INFO - [2024-12-19T05:08:57.781+0000] {dag.py:4180} INFO - Setting next_dagrun for example_complex to None, run_after=None
[2024-12-19T05:08:57.791+0000] {processor.py:208} INFO - Processing /home/airflow/.local/lib/python3.12/site-packages/airflow/example_dags/example_complex.py took 0.035 seconds
[2024-12-19T05:09:27.950+0000] {processor.py:186} INFO - Started process (PID=13575) to work on /home/airflow/.local/lib/python3.12/site-packages/airflow/example_dags/example_complex.py
[2024-12-19T05:09:27.952+0000] {processor.py:914} INFO - Processing file /home/airflow/.local/lib/python3.12/site-packages/airflow/example_dags/example_complex.py for tasks to queue
[2024-12-19T05:09:27.953+0000] {logging_mixin.py:190} INFO - [2024-12-19T05:09:27.953+0000] {dagbag.py:588} INFO - Filling up the DagBag from /home/airflow/.local/lib/python3.12/site-packages/airflow/example_dags/example_complex.py
[2024-12-19T05:09:27.957+0000] {processor.py:925} INFO - DAG(s) 'example_complex' retrieved from /home/airflow/.local/lib/python3.12/site-packages/airflow/example_dags/example_complex.py
[2024-12-19T05:09:27.970+0000] {logging_mixin.py:190} INFO - [2024-12-19T05:09:27.970+0000] {dag.py:3239} INFO - Sync 1 DAGs
[2024-12-19T05:09:27.975+0000] {logging_mixin.py:190} INFO - [2024-12-19T05:09:27.975+0000] {dag.py:4180} INFO - Setting next_dagrun for example_complex to None, run_after=None
[2024-12-19T05:09:27.985+0000] {processor.py:208} INFO - Processing /home/airflow/.local/lib/python3.12/site-packages/airflow/example_dags/example_complex.py took 0.037 seconds
[2024-12-19T05:09:58.122+0000] {processor.py:186} INFO - Started process (PID=13866) to work on /home/airflow/.local/lib/python3.12/site-packages/airflow/example_dags/example_complex.py
[2024-12-19T05:09:58.122+0000] {processor.py:914} INFO - Processing file /home/airflow/.local/lib/python3.12/site-packages/airflow/example_dags/example_complex.py for tasks to queue
[2024-12-19T05:09:58.124+0000] {logging_mixin.py:190} INFO - [2024-12-19T05:09:58.124+0000] {dagbag.py:588} INFO - Filling up the DagBag from /home/airflow/.local/lib/python3.12/site-packages/airflow/example_dags/example_complex.py
[2024-12-19T05:09:58.129+0000] {processor.py:925} INFO - DAG(s) 'example_complex' retrieved from /home/airflow/.local/lib/python3.12/site-packages/airflow/example_dags/example_complex.py
[2024-12-19T05:09:58.144+0000] {logging_mixin.py:190} INFO - [2024-12-19T05:09:58.144+0000] {dag.py:3239} INFO - Sync 1 DAGs
[2024-12-19T05:09:58.151+0000] {logging_mixin.py:190} INFO - [2024-12-19T05:09:58.151+0000] {dag.py:4180} INFO - Setting next_dagrun for example_complex to None, run_after=None
[2024-12-19T05:09:58.158+0000] {processor.py:208} INFO - Processing /home/airflow/.local/lib/python3.12/site-packages/airflow/example_dags/example_complex.py took 0.038 seconds
[2024-12-19T05:10:28.421+0000] {processor.py:186} INFO - Started process (PID=14157) to work on /home/airflow/.local/lib/python3.12/site-packages/airflow/example_dags/example_complex.py
[2024-12-19T05:10:28.422+0000] {processor.py:914} INFO - Processing file /home/airflow/.local/lib/python3.12/site-packages/airflow/example_dags/example_complex.py for tasks to queue
[2024-12-19T05:10:28.423+0000] {logging_mixin.py:190} INFO - [2024-12-19T05:10:28.422+0000] {dagbag.py:588} INFO - Filling up the DagBag from /home/airflow/.local/lib/python3.12/site-packages/airflow/example_dags/example_complex.py
[2024-12-19T05:10:28.427+0000] {processor.py:925} INFO - DAG(s) 'example_complex' retrieved from /home/airflow/.local/lib/python3.12/site-packages/airflow/example_dags/example_complex.py
[2024-12-19T05:10:28.440+0000] {logging_mixin.py:190} INFO - [2024-12-19T05:10:28.439+0000] {dag.py:3239} INFO - Sync 1 DAGs
[2024-12-19T05:10:28.445+0000] {logging_mixin.py:190} INFO - [2024-12-19T05:10:28.445+0000] {dag.py:4180} INFO - Setting next_dagrun for example_complex to None, run_after=None
[2024-12-19T05:10:28.451+0000] {processor.py:208} INFO - Processing /home/airflow/.local/lib/python3.12/site-packages/airflow/example_dags/example_complex.py took 0.032 seconds
[2024-12-19T05:10:58.652+0000] {processor.py:186} INFO - Started process (PID=14448) to work on /home/airflow/.local/lib/python3.12/site-packages/airflow/example_dags/example_complex.py
[2024-12-19T05:10:58.653+0000] {processor.py:914} INFO - Processing file /home/airflow/.local/lib/python3.12/site-packages/airflow/example_dags/example_complex.py for tasks to queue
[2024-12-19T05:10:58.654+0000] {logging_mixin.py:190} INFO - [2024-12-19T05:10:58.654+0000] {dagbag.py:588} INFO - Filling up the DagBag from /home/airflow/.local/lib/python3.12/site-packages/airflow/example_dags/example_complex.py
[2024-12-19T05:10:58.659+0000] {processor.py:925} INFO - DAG(s) 'example_complex' retrieved from /home/airflow/.local/lib/python3.12/site-packages/airflow/example_dags/example_complex.py
[2024-12-19T05:10:58.672+0000] {logging_mixin.py:190} INFO - [2024-12-19T05:10:58.672+0000] {dag.py:3239} INFO - Sync 1 DAGs
[2024-12-19T05:10:58.679+0000] {logging_mixin.py:190} INFO - [2024-12-19T05:10:58.679+0000] {dag.py:4180} INFO - Setting next_dagrun for example_complex to None, run_after=None
[2024-12-19T05:10:58.685+0000] {processor.py:208} INFO - Processing /home/airflow/.local/lib/python3.12/site-packages/airflow/example_dags/example_complex.py took 0.035 seconds
[2024-12-19T05:11:28.930+0000] {processor.py:186} INFO - Started process (PID=14739) to work on /home/airflow/.local/lib/python3.12/site-packages/airflow/example_dags/example_complex.py
[2024-12-19T05:11:28.931+0000] {processor.py:914} INFO - Processing file /home/airflow/.local/lib/python3.12/site-packages/airflow/example_dags/example_complex.py for tasks to queue
[2024-12-19T05:11:28.931+0000] {logging_mixin.py:190} INFO - [2024-12-19T05:11:28.931+0000] {dagbag.py:588} INFO - Filling up the DagBag from /home/airflow/.local/lib/python3.12/site-packages/airflow/example_dags/example_complex.py
[2024-12-19T05:11:28.936+0000] {processor.py:925} INFO - DAG(s) 'example_complex' retrieved from /home/airflow/.local/lib/python3.12/site-packages/airflow/example_dags/example_complex.py
[2024-12-19T05:11:28.946+0000] {logging_mixin.py:190} INFO - [2024-12-19T05:11:28.946+0000] {dag.py:3239} INFO - Sync 1 DAGs
[2024-12-19T05:11:28.951+0000] {logging_mixin.py:190} INFO - [2024-12-19T05:11:28.951+0000] {dag.py:4180} INFO - Setting next_dagrun for example_complex to None, run_after=None
[2024-12-19T05:11:28.956+0000] {processor.py:208} INFO - Processing /home/airflow/.local/lib/python3.12/site-packages/airflow/example_dags/example_complex.py took 0.028 seconds
[2024-12-19T05:11:59.068+0000] {processor.py:186} INFO - Started process (PID=15030) to work on /home/airflow/.local/lib/python3.12/site-packages/airflow/example_dags/example_complex.py
[2024-12-19T05:11:59.068+0000] {processor.py:914} INFO - Processing file /home/airflow/.local/lib/python3.12/site-packages/airflow/example_dags/example_complex.py for tasks to queue
[2024-12-19T05:11:59.069+0000] {logging_mixin.py:190} INFO - [2024-12-19T05:11:59.069+0000] {dagbag.py:588} INFO - Filling up the DagBag from /home/airflow/.local/lib/python3.12/site-packages/airflow/example_dags/example_complex.py
[2024-12-19T05:11:59.074+0000] {processor.py:925} INFO - DAG(s) 'example_complex' retrieved from /home/airflow/.local/lib/python3.12/site-packages/airflow/example_dags/example_complex.py
[2024-12-19T05:11:59.083+0000] {logging_mixin.py:190} INFO - [2024-12-19T05:11:59.083+0000] {dag.py:3239} INFO - Sync 1 DAGs
[2024-12-19T05:11:59.088+0000] {logging_mixin.py:190} INFO - [2024-12-19T05:11:59.088+0000] {dag.py:4180} INFO - Setting next_dagrun for example_complex to None, run_after=None
[2024-12-19T05:11:59.093+0000] {processor.py:208} INFO - Processing /home/airflow/.local/lib/python3.12/site-packages/airflow/example_dags/example_complex.py took 0.028 seconds
[2024-12-19T05:12:29.205+0000] {processor.py:186} INFO - Started process (PID=15321) to work on /home/airflow/.local/lib/python3.12/site-packages/airflow/example_dags/example_complex.py
[2024-12-19T05:12:29.206+0000] {processor.py:914} INFO - Processing file /home/airflow/.local/lib/python3.12/site-packages/airflow/example_dags/example_complex.py for tasks to queue
[2024-12-19T05:12:29.207+0000] {logging_mixin.py:190} INFO - [2024-12-19T05:12:29.207+0000] {dagbag.py:588} INFO - Filling up the DagBag from /home/airflow/.local/lib/python3.12/site-packages/airflow/example_dags/example_complex.py
[2024-12-19T05:12:29.212+0000] {processor.py:925} INFO - DAG(s) 'example_complex' retrieved from /home/airflow/.local/lib/python3.12/site-packages/airflow/example_dags/example_complex.py
[2024-12-19T05:12:29.222+0000] {logging_mixin.py:190} INFO - [2024-12-19T05:12:29.222+0000] {dag.py:3239} INFO - Sync 1 DAGs
[2024-12-19T05:12:29.227+0000] {logging_mixin.py:190} INFO - [2024-12-19T05:12:29.227+0000] {dag.py:4180} INFO - Setting next_dagrun for example_complex to None, run_after=None
[2024-12-19T05:12:29.233+0000] {processor.py:208} INFO - Processing /home/airflow/.local/lib/python3.12/site-packages/airflow/example_dags/example_complex.py took 0.030 seconds
[2024-12-19T05:12:59.398+0000] {processor.py:186} INFO - Started process (PID=15614) to work on /home/airflow/.local/lib/python3.12/site-packages/airflow/example_dags/example_complex.py
[2024-12-19T05:12:59.398+0000] {processor.py:914} INFO - Processing file /home/airflow/.local/lib/python3.12/site-packages/airflow/example_dags/example_complex.py for tasks to queue
[2024-12-19T05:12:59.399+0000] {logging_mixin.py:190} INFO - [2024-12-19T05:12:59.399+0000] {dagbag.py:588} INFO - Filling up the DagBag from /home/airflow/.local/lib/python3.12/site-packages/airflow/example_dags/example_complex.py
[2024-12-19T05:12:59.404+0000] {processor.py:925} INFO - DAG(s) 'example_complex' retrieved from /home/airflow/.local/lib/python3.12/site-packages/airflow/example_dags/example_complex.py
[2024-12-19T05:12:59.414+0000] {logging_mixin.py:190} INFO - [2024-12-19T05:12:59.414+0000] {dag.py:3239} INFO - Sync 1 DAGs
[2024-12-19T05:12:59.419+0000] {logging_mixin.py:190} INFO - [2024-12-19T05:12:59.419+0000] {dag.py:4180} INFO - Setting next_dagrun for example_complex to None, run_after=None
[2024-12-19T05:12:59.424+0000] {processor.py:208} INFO - Processing /home/airflow/.local/lib/python3.12/site-packages/airflow/example_dags/example_complex.py took 0.028 seconds
[2024-12-19T05:13:29.609+0000] {processor.py:186} INFO - Started process (PID=15905) to work on /home/airflow/.local/lib/python3.12/site-packages/airflow/example_dags/example_complex.py
[2024-12-19T05:13:29.609+0000] {processor.py:914} INFO - Processing file /home/airflow/.local/lib/python3.12/site-packages/airflow/example_dags/example_complex.py for tasks to queue
[2024-12-19T05:13:29.610+0000] {logging_mixin.py:190} INFO - [2024-12-19T05:13:29.610+0000] {dagbag.py:588} INFO - Filling up the DagBag from /home/airflow/.local/lib/python3.12/site-packages/airflow/example_dags/example_complex.py
[2024-12-19T05:13:29.614+0000] {processor.py:925} INFO - DAG(s) 'example_complex' retrieved from /home/airflow/.local/lib/python3.12/site-packages/airflow/example_dags/example_complex.py
[2024-12-19T05:13:29.625+0000] {logging_mixin.py:190} INFO - [2024-12-19T05:13:29.625+0000] {dag.py:3239} INFO - Sync 1 DAGs
[2024-12-19T05:13:29.629+0000] {logging_mixin.py:190} INFO - [2024-12-19T05:13:29.629+0000] {dag.py:4180} INFO - Setting next_dagrun for example_complex to None, run_after=None
[2024-12-19T05:13:29.635+0000] {processor.py:208} INFO - Processing /home/airflow/.local/lib/python3.12/site-packages/airflow/example_dags/example_complex.py took 0.028 seconds
[2024-12-19T05:14:00.635+0000] {processor.py:186} INFO - Started process (PID=16194) to work on /home/airflow/.local/lib/python3.12/site-packages/airflow/example_dags/example_complex.py
[2024-12-19T05:14:00.636+0000] {processor.py:914} INFO - Processing file /home/airflow/.local/lib/python3.12/site-packages/airflow/example_dags/example_complex.py for tasks to queue
[2024-12-19T05:14:00.638+0000] {logging_mixin.py:190} INFO - [2024-12-19T05:14:00.637+0000] {dagbag.py:588} INFO - Filling up the DagBag from /home/airflow/.local/lib/python3.12/site-packages/airflow/example_dags/example_complex.py
[2024-12-19T05:14:00.642+0000] {processor.py:925} INFO - DAG(s) 'example_complex' retrieved from /home/airflow/.local/lib/python3.12/site-packages/airflow/example_dags/example_complex.py
[2024-12-19T05:14:00.653+0000] {logging_mixin.py:190} INFO - [2024-12-19T05:14:00.653+0000] {dag.py:3239} INFO - Sync 1 DAGs
[2024-12-19T05:14:00.657+0000] {logging_mixin.py:190} INFO - [2024-12-19T05:14:00.657+0000] {dag.py:4180} INFO - Setting next_dagrun for example_complex to None, run_after=None
[2024-12-19T05:14:00.663+0000] {processor.py:208} INFO - Processing /home/airflow/.local/lib/python3.12/site-packages/airflow/example_dags/example_complex.py took 0.031 seconds
[2024-12-19T05:14:31.684+0000] {processor.py:186} INFO - Started process (PID=16485) to work on /home/airflow/.local/lib/python3.12/site-packages/airflow/example_dags/example_complex.py
[2024-12-19T05:14:31.685+0000] {processor.py:914} INFO - Processing file /home/airflow/.local/lib/python3.12/site-packages/airflow/example_dags/example_complex.py for tasks to queue
[2024-12-19T05:14:31.686+0000] {logging_mixin.py:190} INFO - [2024-12-19T05:14:31.686+0000] {dagbag.py:588} INFO - Filling up the DagBag from /home/airflow/.local/lib/python3.12/site-packages/airflow/example_dags/example_complex.py
[2024-12-19T05:14:31.690+0000] {processor.py:925} INFO - DAG(s) 'example_complex' retrieved from /home/airflow/.local/lib/python3.12/site-packages/airflow/example_dags/example_complex.py
[2024-12-19T05:14:31.701+0000] {logging_mixin.py:190} INFO - [2024-12-19T05:14:31.700+0000] {dag.py:3239} INFO - Sync 1 DAGs
[2024-12-19T05:14:31.706+0000] {logging_mixin.py:190} INFO - [2024-12-19T05:14:31.706+0000] {dag.py:4180} INFO - Setting next_dagrun for example_complex to None, run_after=None
[2024-12-19T05:14:31.712+0000] {processor.py:208} INFO - Processing /home/airflow/.local/lib/python3.12/site-packages/airflow/example_dags/example_complex.py took 0.030 seconds
[2024-12-19T05:15:01.976+0000] {processor.py:186} INFO - Started process (PID=16778) to work on /home/airflow/.local/lib/python3.12/site-packages/airflow/example_dags/example_complex.py
[2024-12-19T05:15:01.976+0000] {processor.py:914} INFO - Processing file /home/airflow/.local/lib/python3.12/site-packages/airflow/example_dags/example_complex.py for tasks to queue
[2024-12-19T05:15:01.977+0000] {logging_mixin.py:190} INFO - [2024-12-19T05:15:01.977+0000] {dagbag.py:588} INFO - Filling up the DagBag from /home/airflow/.local/lib/python3.12/site-packages/airflow/example_dags/example_complex.py
[2024-12-19T05:15:01.981+0000] {processor.py:925} INFO - DAG(s) 'example_complex' retrieved from /home/airflow/.local/lib/python3.12/site-packages/airflow/example_dags/example_complex.py
[2024-12-19T05:15:01.992+0000] {logging_mixin.py:190} INFO - [2024-12-19T05:15:01.992+0000] {dag.py:3239} INFO - Sync 1 DAGs
[2024-12-19T05:15:01.997+0000] {logging_mixin.py:190} INFO - [2024-12-19T05:15:01.997+0000] {dag.py:4180} INFO - Setting next_dagrun for example_complex to None, run_after=None
[2024-12-19T05:15:02.002+0000] {processor.py:208} INFO - Processing /home/airflow/.local/lib/python3.12/site-packages/airflow/example_dags/example_complex.py took 0.029 seconds
[2024-12-19T05:15:32.945+0000] {processor.py:186} INFO - Started process (PID=17067) to work on /home/airflow/.local/lib/python3.12/site-packages/airflow/example_dags/example_complex.py
[2024-12-19T05:15:32.945+0000] {processor.py:914} INFO - Processing file /home/airflow/.local/lib/python3.12/site-packages/airflow/example_dags/example_complex.py for tasks to queue
[2024-12-19T05:15:32.946+0000] {logging_mixin.py:190} INFO - [2024-12-19T05:15:32.946+0000] {dagbag.py:588} INFO - Filling up the DagBag from /home/airflow/.local/lib/python3.12/site-packages/airflow/example_dags/example_complex.py
[2024-12-19T05:15:32.950+0000] {processor.py:925} INFO - DAG(s) 'example_complex' retrieved from /home/airflow/.local/lib/python3.12/site-packages/airflow/example_dags/example_complex.py
[2024-12-19T05:15:32.961+0000] {logging_mixin.py:190} INFO - [2024-12-19T05:15:32.961+0000] {dag.py:3239} INFO - Sync 1 DAGs
[2024-12-19T05:15:32.966+0000] {logging_mixin.py:190} INFO - [2024-12-19T05:15:32.966+0000] {dag.py:4180} INFO - Setting next_dagrun for example_complex to None, run_after=None
[2024-12-19T05:15:32.972+0000] {processor.py:208} INFO - Processing /home/airflow/.local/lib/python3.12/site-packages/airflow/example_dags/example_complex.py took 0.030 seconds
[2024-12-19T05:16:03.873+0000] {processor.py:186} INFO - Started process (PID=17358) to work on /home/airflow/.local/lib/python3.12/site-packages/airflow/example_dags/example_complex.py
[2024-12-19T05:16:03.873+0000] {processor.py:914} INFO - Processing file /home/airflow/.local/lib/python3.12/site-packages/airflow/example_dags/example_complex.py for tasks to queue
[2024-12-19T05:16:03.874+0000] {logging_mixin.py:190} INFO - [2024-12-19T05:16:03.874+0000] {dagbag.py:588} INFO - Filling up the DagBag from /home/airflow/.local/lib/python3.12/site-packages/airflow/example_dags/example_complex.py
[2024-12-19T05:16:03.879+0000] {processor.py:925} INFO - DAG(s) 'example_complex' retrieved from /home/airflow/.local/lib/python3.12/site-packages/airflow/example_dags/example_complex.py
[2024-12-19T05:16:03.890+0000] {logging_mixin.py:190} INFO - [2024-12-19T05:16:03.890+0000] {dag.py:3239} INFO - Sync 1 DAGs
[2024-12-19T05:16:03.894+0000] {logging_mixin.py:190} INFO - [2024-12-19T05:16:03.894+0000] {dag.py:4180} INFO - Setting next_dagrun for example_complex to None, run_after=None
[2024-12-19T05:16:03.900+0000] {processor.py:208} INFO - Processing /home/airflow/.local/lib/python3.12/site-packages/airflow/example_dags/example_complex.py took 0.029 seconds
[2024-12-19T05:16:34.784+0000] {processor.py:186} INFO - Started process (PID=17649) to work on /home/airflow/.local/lib/python3.12/site-packages/airflow/example_dags/example_complex.py
[2024-12-19T05:16:34.785+0000] {processor.py:914} INFO - Processing file /home/airflow/.local/lib/python3.12/site-packages/airflow/example_dags/example_complex.py for tasks to queue
[2024-12-19T05:16:34.786+0000] {logging_mixin.py:190} INFO - [2024-12-19T05:16:34.786+0000] {dagbag.py:588} INFO - Filling up the DagBag from /home/airflow/.local/lib/python3.12/site-packages/airflow/example_dags/example_complex.py
[2024-12-19T05:16:34.792+0000] {processor.py:925} INFO - DAG(s) 'example_complex' retrieved from /home/airflow/.local/lib/python3.12/site-packages/airflow/example_dags/example_complex.py
[2024-12-19T05:16:34.803+0000] {logging_mixin.py:190} INFO - [2024-12-19T05:16:34.803+0000] {dag.py:3239} INFO - Sync 1 DAGs
[2024-12-19T05:16:34.808+0000] {logging_mixin.py:190} INFO - [2024-12-19T05:16:34.807+0000] {dag.py:4180} INFO - Setting next_dagrun for example_complex to None, run_after=None
[2024-12-19T05:16:34.813+0000] {processor.py:208} INFO - Processing /home/airflow/.local/lib/python3.12/site-packages/airflow/example_dags/example_complex.py took 0.032 seconds
[2024-12-19T05:17:05.786+0000] {processor.py:186} INFO - Started process (PID=17940) to work on /home/airflow/.local/lib/python3.12/site-packages/airflow/example_dags/example_complex.py
[2024-12-19T05:17:05.786+0000] {processor.py:914} INFO - Processing file /home/airflow/.local/lib/python3.12/site-packages/airflow/example_dags/example_complex.py for tasks to queue
[2024-12-19T05:17:05.788+0000] {logging_mixin.py:190} INFO - [2024-12-19T05:17:05.788+0000] {dagbag.py:588} INFO - Filling up the DagBag from /home/airflow/.local/lib/python3.12/site-packages/airflow/example_dags/example_complex.py
[2024-12-19T05:17:05.793+0000] {processor.py:925} INFO - DAG(s) 'example_complex' retrieved from /home/airflow/.local/lib/python3.12/site-packages/airflow/example_dags/example_complex.py
[2024-12-19T05:17:05.803+0000] {logging_mixin.py:190} INFO - [2024-12-19T05:17:05.803+0000] {dag.py:3239} INFO - Sync 1 DAGs
[2024-12-19T05:17:05.808+0000] {logging_mixin.py:190} INFO - [2024-12-19T05:17:05.808+0000] {dag.py:4180} INFO - Setting next_dagrun for example_complex to None, run_after=None
[2024-12-19T05:17:05.814+0000] {processor.py:208} INFO - Processing /home/airflow/.local/lib/python3.12/site-packages/airflow/example_dags/example_complex.py took 0.031 seconds
[2024-12-19T05:17:35.960+0000] {processor.py:186} INFO - Started process (PID=18231) to work on /home/airflow/.local/lib/python3.12/site-packages/airflow/example_dags/example_complex.py
[2024-12-19T05:17:35.961+0000] {processor.py:914} INFO - Processing file /home/airflow/.local/lib/python3.12/site-packages/airflow/example_dags/example_complex.py for tasks to queue
[2024-12-19T05:17:35.962+0000] {logging_mixin.py:190} INFO - [2024-12-19T05:17:35.962+0000] {dagbag.py:588} INFO - Filling up the DagBag from /home/airflow/.local/lib/python3.12/site-packages/airflow/example_dags/example_complex.py
[2024-12-19T05:17:35.967+0000] {processor.py:925} INFO - DAG(s) 'example_complex' retrieved from /home/airflow/.local/lib/python3.12/site-packages/airflow/example_dags/example_complex.py
[2024-12-19T05:17:35.977+0000] {logging_mixin.py:190} INFO - [2024-12-19T05:17:35.976+0000] {dag.py:3239} INFO - Sync 1 DAGs
[2024-12-19T05:17:35.981+0000] {logging_mixin.py:190} INFO - [2024-12-19T05:17:35.981+0000] {dag.py:4180} INFO - Setting next_dagrun for example_complex to None, run_after=None
[2024-12-19T05:17:35.987+0000] {processor.py:208} INFO - Processing /home/airflow/.local/lib/python3.12/site-packages/airflow/example_dags/example_complex.py took 0.029 seconds
[2024-12-19T05:18:06.855+0000] {processor.py:186} INFO - Started process (PID=18522) to work on /home/airflow/.local/lib/python3.12/site-packages/airflow/example_dags/example_complex.py
[2024-12-19T05:18:06.856+0000] {processor.py:914} INFO - Processing file /home/airflow/.local/lib/python3.12/site-packages/airflow/example_dags/example_complex.py for tasks to queue
[2024-12-19T05:18:06.857+0000] {logging_mixin.py:190} INFO - [2024-12-19T05:18:06.857+0000] {dagbag.py:588} INFO - Filling up the DagBag from /home/airflow/.local/lib/python3.12/site-packages/airflow/example_dags/example_complex.py
[2024-12-19T05:18:06.862+0000] {processor.py:925} INFO - DAG(s) 'example_complex' retrieved from /home/airflow/.local/lib/python3.12/site-packages/airflow/example_dags/example_complex.py
[2024-12-19T05:18:06.872+0000] {logging_mixin.py:190} INFO - [2024-12-19T05:18:06.872+0000] {dag.py:3239} INFO - Sync 1 DAGs
[2024-12-19T05:18:06.876+0000] {logging_mixin.py:190} INFO - [2024-12-19T05:18:06.876+0000] {dag.py:4180} INFO - Setting next_dagrun for example_complex to None, run_after=None
[2024-12-19T05:18:06.882+0000] {processor.py:208} INFO - Processing /home/airflow/.local/lib/python3.12/site-packages/airflow/example_dags/example_complex.py took 0.028 seconds
[2024-12-19T05:18:37.918+0000] {processor.py:186} INFO - Started process (PID=18813) to work on /home/airflow/.local/lib/python3.12/site-packages/airflow/example_dags/example_complex.py
[2024-12-19T05:18:37.919+0000] {processor.py:914} INFO - Processing file /home/airflow/.local/lib/python3.12/site-packages/airflow/example_dags/example_complex.py for tasks to queue
[2024-12-19T05:18:37.920+0000] {logging_mixin.py:190} INFO - [2024-12-19T05:18:37.920+0000] {dagbag.py:588} INFO - Filling up the DagBag from /home/airflow/.local/lib/python3.12/site-packages/airflow/example_dags/example_complex.py
[2024-12-19T05:18:37.924+0000] {processor.py:925} INFO - DAG(s) 'example_complex' retrieved from /home/airflow/.local/lib/python3.12/site-packages/airflow/example_dags/example_complex.py
[2024-12-19T05:18:37.936+0000] {logging_mixin.py:190} INFO - [2024-12-19T05:18:37.936+0000] {dag.py:3239} INFO - Sync 1 DAGs
[2024-12-19T05:18:37.941+0000] {logging_mixin.py:190} INFO - [2024-12-19T05:18:37.941+0000] {dag.py:4180} INFO - Setting next_dagrun for example_complex to None, run_after=None
[2024-12-19T05:18:37.947+0000] {processor.py:208} INFO - Processing /home/airflow/.local/lib/python3.12/site-packages/airflow/example_dags/example_complex.py took 0.031 seconds
[2024-12-19T05:19:08.433+0000] {processor.py:186} INFO - Started process (PID=19104) to work on /home/airflow/.local/lib/python3.12/site-packages/airflow/example_dags/example_complex.py
[2024-12-19T05:19:08.433+0000] {processor.py:914} INFO - Processing file /home/airflow/.local/lib/python3.12/site-packages/airflow/example_dags/example_complex.py for tasks to queue
[2024-12-19T05:19:08.434+0000] {logging_mixin.py:190} INFO - [2024-12-19T05:19:08.434+0000] {dagbag.py:588} INFO - Filling up the DagBag from /home/airflow/.local/lib/python3.12/site-packages/airflow/example_dags/example_complex.py
[2024-12-19T05:19:08.441+0000] {processor.py:925} INFO - DAG(s) 'example_complex' retrieved from /home/airflow/.local/lib/python3.12/site-packages/airflow/example_dags/example_complex.py
[2024-12-19T05:19:08.534+0000] {logging_mixin.py:190} INFO - [2024-12-19T05:19:08.533+0000] {dag.py:3239} INFO - Sync 1 DAGs
[2024-12-19T05:19:08.538+0000] {logging_mixin.py:190} INFO - [2024-12-19T05:19:08.538+0000] {dag.py:4180} INFO - Setting next_dagrun for example_complex to None, run_after=None
[2024-12-19T05:19:08.542+0000] {processor.py:208} INFO - Processing /home/airflow/.local/lib/python3.12/site-packages/airflow/example_dags/example_complex.py took 0.112 seconds
[2024-12-19T05:19:38.805+0000] {processor.py:186} INFO - Started process (PID=19395) to work on /home/airflow/.local/lib/python3.12/site-packages/airflow/example_dags/example_complex.py
[2024-12-19T05:19:38.805+0000] {processor.py:914} INFO - Processing file /home/airflow/.local/lib/python3.12/site-packages/airflow/example_dags/example_complex.py for tasks to queue
[2024-12-19T05:19:38.806+0000] {logging_mixin.py:190} INFO - [2024-12-19T05:19:38.806+0000] {dagbag.py:588} INFO - Filling up the DagBag from /home/airflow/.local/lib/python3.12/site-packages/airflow/example_dags/example_complex.py
[2024-12-19T05:19:38.811+0000] {processor.py:925} INFO - DAG(s) 'example_complex' retrieved from /home/airflow/.local/lib/python3.12/site-packages/airflow/example_dags/example_complex.py
[2024-12-19T05:19:38.823+0000] {logging_mixin.py:190} INFO - [2024-12-19T05:19:38.823+0000] {dag.py:3239} INFO - Sync 1 DAGs
[2024-12-19T05:19:38.828+0000] {logging_mixin.py:190} INFO - [2024-12-19T05:19:38.828+0000] {dag.py:4180} INFO - Setting next_dagrun for example_complex to None, run_after=None
[2024-12-19T05:19:38.834+0000] {processor.py:208} INFO - Processing /home/airflow/.local/lib/python3.12/site-packages/airflow/example_dags/example_complex.py took 0.031 seconds
[2024-12-19T05:20:09.624+0000] {processor.py:186} INFO - Started process (PID=19686) to work on /home/airflow/.local/lib/python3.12/site-packages/airflow/example_dags/example_complex.py
[2024-12-19T05:20:09.626+0000] {processor.py:914} INFO - Processing file /home/airflow/.local/lib/python3.12/site-packages/airflow/example_dags/example_complex.py for tasks to queue
[2024-12-19T05:20:09.627+0000] {logging_mixin.py:190} INFO - [2024-12-19T05:20:09.627+0000] {dagbag.py:588} INFO - Filling up the DagBag from /home/airflow/.local/lib/python3.12/site-packages/airflow/example_dags/example_complex.py
[2024-12-19T05:20:09.632+0000] {processor.py:925} INFO - DAG(s) 'example_complex' retrieved from /home/airflow/.local/lib/python3.12/site-packages/airflow/example_dags/example_complex.py
[2024-12-19T05:20:09.642+0000] {logging_mixin.py:190} INFO - [2024-12-19T05:20:09.642+0000] {dag.py:3239} INFO - Sync 1 DAGs
[2024-12-19T05:20:09.647+0000] {logging_mixin.py:190} INFO - [2024-12-19T05:20:09.647+0000] {dag.py:4180} INFO - Setting next_dagrun for example_complex to None, run_after=None
[2024-12-19T05:20:09.652+0000] {processor.py:208} INFO - Processing /home/airflow/.local/lib/python3.12/site-packages/airflow/example_dags/example_complex.py took 0.030 seconds
[2024-12-19T05:20:40.573+0000] {processor.py:186} INFO - Started process (PID=19979) to work on /home/airflow/.local/lib/python3.12/site-packages/airflow/example_dags/example_complex.py
[2024-12-19T05:20:40.574+0000] {processor.py:914} INFO - Processing file /home/airflow/.local/lib/python3.12/site-packages/airflow/example_dags/example_complex.py for tasks to queue
[2024-12-19T05:20:40.574+0000] {logging_mixin.py:190} INFO - [2024-12-19T05:20:40.574+0000] {dagbag.py:588} INFO - Filling up the DagBag from /home/airflow/.local/lib/python3.12/site-packages/airflow/example_dags/example_complex.py
[2024-12-19T05:20:40.579+0000] {processor.py:925} INFO - DAG(s) 'example_complex' retrieved from /home/airflow/.local/lib/python3.12/site-packages/airflow/example_dags/example_complex.py
[2024-12-19T05:20:40.590+0000] {logging_mixin.py:190} INFO - [2024-12-19T05:20:40.590+0000] {dag.py:3239} INFO - Sync 1 DAGs
[2024-12-19T05:20:40.595+0000] {logging_mixin.py:190} INFO - [2024-12-19T05:20:40.595+0000] {dag.py:4180} INFO - Setting next_dagrun for example_complex to None, run_after=None
[2024-12-19T05:20:40.601+0000] {processor.py:208} INFO - Processing /home/airflow/.local/lib/python3.12/site-packages/airflow/example_dags/example_complex.py took 0.030 seconds
[2024-12-19T05:21:11.501+0000] {processor.py:186} INFO - Started process (PID=20268) to work on /home/airflow/.local/lib/python3.12/site-packages/airflow/example_dags/example_complex.py
[2024-12-19T05:21:11.503+0000] {processor.py:914} INFO - Processing file /home/airflow/.local/lib/python3.12/site-packages/airflow/example_dags/example_complex.py for tasks to queue
[2024-12-19T05:21:11.503+0000] {logging_mixin.py:190} INFO - [2024-12-19T05:21:11.503+0000] {dagbag.py:588} INFO - Filling up the DagBag from /home/airflow/.local/lib/python3.12/site-packages/airflow/example_dags/example_complex.py
[2024-12-19T05:21:11.508+0000] {processor.py:925} INFO - DAG(s) 'example_complex' retrieved from /home/airflow/.local/lib/python3.12/site-packages/airflow/example_dags/example_complex.py
[2024-12-19T05:21:11.522+0000] {logging_mixin.py:190} INFO - [2024-12-19T05:21:11.522+0000] {dag.py:3239} INFO - Sync 1 DAGs
[2024-12-19T05:21:11.527+0000] {logging_mixin.py:190} INFO - [2024-12-19T05:21:11.527+0000] {dag.py:4180} INFO - Setting next_dagrun for example_complex to None, run_after=None
[2024-12-19T05:21:11.534+0000] {processor.py:208} INFO - Processing /home/airflow/.local/lib/python3.12/site-packages/airflow/example_dags/example_complex.py took 0.035 seconds
[2024-12-19T05:21:41.600+0000] {processor.py:186} INFO - Started process (PID=20561) to work on /home/airflow/.local/lib/python3.12/site-packages/airflow/example_dags/example_complex.py
[2024-12-19T05:21:41.601+0000] {processor.py:914} INFO - Processing file /home/airflow/.local/lib/python3.12/site-packages/airflow/example_dags/example_complex.py for tasks to queue
[2024-12-19T05:21:41.601+0000] {logging_mixin.py:190} INFO - [2024-12-19T05:21:41.601+0000] {dagbag.py:588} INFO - Filling up the DagBag from /home/airflow/.local/lib/python3.12/site-packages/airflow/example_dags/example_complex.py
[2024-12-19T05:21:41.606+0000] {processor.py:925} INFO - DAG(s) 'example_complex' retrieved from /home/airflow/.local/lib/python3.12/site-packages/airflow/example_dags/example_complex.py
[2024-12-19T05:21:41.616+0000] {logging_mixin.py:190} INFO - [2024-12-19T05:21:41.615+0000] {dag.py:3239} INFO - Sync 1 DAGs
[2024-12-19T05:21:41.620+0000] {logging_mixin.py:190} INFO - [2024-12-19T05:21:41.620+0000] {dag.py:4180} INFO - Setting next_dagrun for example_complex to None, run_after=None
[2024-12-19T05:21:41.626+0000] {processor.py:208} INFO - Processing /home/airflow/.local/lib/python3.12/site-packages/airflow/example_dags/example_complex.py took 0.028 seconds
[2024-12-19T05:22:11.746+0000] {processor.py:186} INFO - Started process (PID=20850) to work on /home/airflow/.local/lib/python3.12/site-packages/airflow/example_dags/example_complex.py
[2024-12-19T05:22:11.748+0000] {processor.py:914} INFO - Processing file /home/airflow/.local/lib/python3.12/site-packages/airflow/example_dags/example_complex.py for tasks to queue
[2024-12-19T05:22:11.749+0000] {logging_mixin.py:190} INFO - [2024-12-19T05:22:11.749+0000] {dagbag.py:588} INFO - Filling up the DagBag from /home/airflow/.local/lib/python3.12/site-packages/airflow/example_dags/example_complex.py
[2024-12-19T05:22:11.754+0000] {processor.py:925} INFO - DAG(s) 'example_complex' retrieved from /home/airflow/.local/lib/python3.12/site-packages/airflow/example_dags/example_complex.py
[2024-12-19T05:22:11.767+0000] {logging_mixin.py:190} INFO - [2024-12-19T05:22:11.766+0000] {dag.py:3239} INFO - Sync 1 DAGs
[2024-12-19T05:22:11.771+0000] {logging_mixin.py:190} INFO - [2024-12-19T05:22:11.771+0000] {dag.py:4180} INFO - Setting next_dagrun for example_complex to None, run_after=None
[2024-12-19T05:22:11.777+0000] {processor.py:208} INFO - Processing /home/airflow/.local/lib/python3.12/site-packages/airflow/example_dags/example_complex.py took 0.033 seconds
[2024-12-19T05:22:42.815+0000] {processor.py:186} INFO - Started process (PID=21143) to work on /home/airflow/.local/lib/python3.12/site-packages/airflow/example_dags/example_complex.py
[2024-12-19T05:22:42.815+0000] {processor.py:914} INFO - Processing file /home/airflow/.local/lib/python3.12/site-packages/airflow/example_dags/example_complex.py for tasks to queue
[2024-12-19T05:22:42.816+0000] {logging_mixin.py:190} INFO - [2024-12-19T05:22:42.816+0000] {dagbag.py:588} INFO - Filling up the DagBag from /home/airflow/.local/lib/python3.12/site-packages/airflow/example_dags/example_complex.py
[2024-12-19T05:22:42.821+0000] {processor.py:925} INFO - DAG(s) 'example_complex' retrieved from /home/airflow/.local/lib/python3.12/site-packages/airflow/example_dags/example_complex.py
[2024-12-19T05:22:42.832+0000] {logging_mixin.py:190} INFO - [2024-12-19T05:22:42.832+0000] {dag.py:3239} INFO - Sync 1 DAGs
[2024-12-19T05:22:42.837+0000] {logging_mixin.py:190} INFO - [2024-12-19T05:22:42.837+0000] {dag.py:4180} INFO - Setting next_dagrun for example_complex to None, run_after=None
[2024-12-19T05:22:42.842+0000] {processor.py:208} INFO - Processing /home/airflow/.local/lib/python3.12/site-packages/airflow/example_dags/example_complex.py took 0.030 seconds
[2024-12-19T05:23:13.914+0000] {processor.py:186} INFO - Started process (PID=21432) to work on /home/airflow/.local/lib/python3.12/site-packages/airflow/example_dags/example_complex.py
[2024-12-19T05:23:13.914+0000] {processor.py:914} INFO - Processing file /home/airflow/.local/lib/python3.12/site-packages/airflow/example_dags/example_complex.py for tasks to queue
[2024-12-19T05:23:13.915+0000] {logging_mixin.py:190} INFO - [2024-12-19T05:23:13.915+0000] {dagbag.py:588} INFO - Filling up the DagBag from /home/airflow/.local/lib/python3.12/site-packages/airflow/example_dags/example_complex.py
[2024-12-19T05:23:13.920+0000] {processor.py:925} INFO - DAG(s) 'example_complex' retrieved from /home/airflow/.local/lib/python3.12/site-packages/airflow/example_dags/example_complex.py
[2024-12-19T05:23:13.933+0000] {logging_mixin.py:190} INFO - [2024-12-19T05:23:13.933+0000] {dag.py:3239} INFO - Sync 1 DAGs
[2024-12-19T05:23:13.939+0000] {logging_mixin.py:190} INFO - [2024-12-19T05:23:13.939+0000] {dag.py:4180} INFO - Setting next_dagrun for example_complex to None, run_after=None
[2024-12-19T05:23:13.950+0000] {processor.py:208} INFO - Processing /home/airflow/.local/lib/python3.12/site-packages/airflow/example_dags/example_complex.py took 0.039 seconds
[2024-12-19T05:23:44.294+0000] {processor.py:186} INFO - Started process (PID=21723) to work on /home/airflow/.local/lib/python3.12/site-packages/airflow/example_dags/example_complex.py
[2024-12-19T05:23:44.295+0000] {processor.py:914} INFO - Processing file /home/airflow/.local/lib/python3.12/site-packages/airflow/example_dags/example_complex.py for tasks to queue
[2024-12-19T05:23:44.296+0000] {logging_mixin.py:190} INFO - [2024-12-19T05:23:44.296+0000] {dagbag.py:588} INFO - Filling up the DagBag from /home/airflow/.local/lib/python3.12/site-packages/airflow/example_dags/example_complex.py
[2024-12-19T05:23:44.301+0000] {processor.py:925} INFO - DAG(s) 'example_complex' retrieved from /home/airflow/.local/lib/python3.12/site-packages/airflow/example_dags/example_complex.py
[2024-12-19T05:23:44.314+0000] {logging_mixin.py:190} INFO - [2024-12-19T05:23:44.314+0000] {dag.py:3239} INFO - Sync 1 DAGs
[2024-12-19T05:23:44.321+0000] {logging_mixin.py:190} INFO - [2024-12-19T05:23:44.321+0000] {dag.py:4180} INFO - Setting next_dagrun for example_complex to None, run_after=None
[2024-12-19T05:23:44.327+0000] {processor.py:208} INFO - Processing /home/airflow/.local/lib/python3.12/site-packages/airflow/example_dags/example_complex.py took 0.036 seconds
