[2024-12-19T04:00:06.716+0000] {processor.py:186} INFO - Started process (PID=383) to work on /home/airflow/.local/lib/python3.12/site-packages/airflow/example_dags/example_sensors.py
[2024-12-19T04:00:06.716+0000] {processor.py:914} INFO - Processing file /home/airflow/.local/lib/python3.12/site-packages/airflow/example_dags/example_sensors.py for tasks to queue
[2024-12-19T04:00:06.717+0000] {logging_mixin.py:190} INFO - [2024-12-19T04:00:06.717+0000] {dagbag.py:588} INFO - Filling up the DagBag from /home/airflow/.local/lib/python3.12/site-packages/airflow/example_dags/example_sensors.py
[2024-12-19T04:00:06.723+0000] {processor.py:925} INFO - DAG(s) 'example_sensors' retrieved from /home/airflow/.local/lib/python3.12/site-packages/airflow/example_dags/example_sensors.py
[2024-12-19T04:00:06.765+0000] {logging_mixin.py:190} INFO - [2024-12-19T04:00:06.765+0000] {override.py:1911} INFO - Created Permission View: can edit on DAG:example_sensors
[2024-12-19T04:00:06.768+0000] {logging_mixin.py:190} INFO - [2024-12-19T04:00:06.768+0000] {override.py:1911} INFO - Created Permission View: can delete on DAG:example_sensors
[2024-12-19T04:00:06.770+0000] {logging_mixin.py:190} INFO - [2024-12-19T04:00:06.770+0000] {override.py:1911} INFO - Created Permission View: can read on DAG:example_sensors
[2024-12-19T04:00:06.771+0000] {logging_mixin.py:190} INFO - [2024-12-19T04:00:06.771+0000] {override.py:1911} INFO - Created Permission View: can create on DAG Run:example_sensors
[2024-12-19T04:00:06.773+0000] {logging_mixin.py:190} INFO - [2024-12-19T04:00:06.773+0000] {override.py:1911} INFO - Created Permission View: can delete on DAG Run:example_sensors
[2024-12-19T04:00:06.775+0000] {logging_mixin.py:190} INFO - [2024-12-19T04:00:06.775+0000] {override.py:1911} INFO - Created Permission View: menu access on DAG Run:example_sensors
[2024-12-19T04:00:06.776+0000] {logging_mixin.py:190} INFO - [2024-12-19T04:00:06.776+0000] {override.py:1911} INFO - Created Permission View: can read on DAG Run:example_sensors
[2024-12-19T04:00:06.777+0000] {logging_mixin.py:190} INFO - [2024-12-19T04:00:06.776+0000] {dag.py:3239} INFO - Sync 1 DAGs
[2024-12-19T04:00:06.782+0000] {logging_mixin.py:190} INFO - [2024-12-19T04:00:06.782+0000] {dag.py:3262} INFO - Creating ORM DAG for example_sensors
[2024-12-19T04:00:06.782+0000] {logging_mixin.py:190} INFO - [2024-12-19T04:00:06.782+0000] {dag.py:4180} INFO - Setting next_dagrun for example_sensors to None, run_after=None
[2024-12-19T04:00:06.787+0000] {processor.py:208} INFO - Processing /home/airflow/.local/lib/python3.12/site-packages/airflow/example_dags/example_sensors.py took 0.074 seconds
[2024-12-19T04:00:56.192+0000] {processor.py:186} INFO - Started process (PID=375) to work on /home/airflow/.local/lib/python3.12/site-packages/airflow/example_dags/example_sensors.py
[2024-12-19T04:00:56.192+0000] {processor.py:914} INFO - Processing file /home/airflow/.local/lib/python3.12/site-packages/airflow/example_dags/example_sensors.py for tasks to queue
[2024-12-19T04:00:56.193+0000] {logging_mixin.py:190} INFO - [2024-12-19T04:00:56.193+0000] {dagbag.py:588} INFO - Filling up the DagBag from /home/airflow/.local/lib/python3.12/site-packages/airflow/example_dags/example_sensors.py
[2024-12-19T04:00:56.198+0000] {processor.py:925} INFO - DAG(s) 'example_sensors' retrieved from /home/airflow/.local/lib/python3.12/site-packages/airflow/example_dags/example_sensors.py
[2024-12-19T04:00:56.208+0000] {logging_mixin.py:190} INFO - [2024-12-19T04:00:56.208+0000] {dag.py:3239} INFO - Sync 1 DAGs
[2024-12-19T04:00:56.213+0000] {logging_mixin.py:190} INFO - [2024-12-19T04:00:56.213+0000] {dag.py:4180} INFO - Setting next_dagrun for example_sensors to None, run_after=None
[2024-12-19T04:00:56.219+0000] {processor.py:208} INFO - Processing /home/airflow/.local/lib/python3.12/site-packages/airflow/example_dags/example_sensors.py took 0.029 seconds
[2024-12-19T04:01:26.549+0000] {processor.py:186} INFO - Started process (PID=661) to work on /home/airflow/.local/lib/python3.12/site-packages/airflow/example_dags/example_sensors.py
[2024-12-19T04:01:26.550+0000] {processor.py:914} INFO - Processing file /home/airflow/.local/lib/python3.12/site-packages/airflow/example_dags/example_sensors.py for tasks to queue
[2024-12-19T04:01:26.551+0000] {logging_mixin.py:190} INFO - [2024-12-19T04:01:26.551+0000] {dagbag.py:588} INFO - Filling up the DagBag from /home/airflow/.local/lib/python3.12/site-packages/airflow/example_dags/example_sensors.py
[2024-12-19T04:01:26.556+0000] {processor.py:925} INFO - DAG(s) 'example_sensors' retrieved from /home/airflow/.local/lib/python3.12/site-packages/airflow/example_dags/example_sensors.py
[2024-12-19T04:01:26.567+0000] {logging_mixin.py:190} INFO - [2024-12-19T04:01:26.566+0000] {dag.py:3239} INFO - Sync 1 DAGs
[2024-12-19T04:01:26.573+0000] {logging_mixin.py:190} INFO - [2024-12-19T04:01:26.573+0000] {dag.py:4180} INFO - Setting next_dagrun for example_sensors to None, run_after=None
[2024-12-19T04:01:26.582+0000] {processor.py:208} INFO - Processing /home/airflow/.local/lib/python3.12/site-packages/airflow/example_dags/example_sensors.py took 0.035 seconds
[2024-12-19T04:01:56.786+0000] {processor.py:186} INFO - Started process (PID=952) to work on /home/airflow/.local/lib/python3.12/site-packages/airflow/example_dags/example_sensors.py
[2024-12-19T04:01:56.786+0000] {processor.py:914} INFO - Processing file /home/airflow/.local/lib/python3.12/site-packages/airflow/example_dags/example_sensors.py for tasks to queue
[2024-12-19T04:01:56.787+0000] {logging_mixin.py:190} INFO - [2024-12-19T04:01:56.787+0000] {dagbag.py:588} INFO - Filling up the DagBag from /home/airflow/.local/lib/python3.12/site-packages/airflow/example_dags/example_sensors.py
[2024-12-19T04:01:56.792+0000] {processor.py:925} INFO - DAG(s) 'example_sensors' retrieved from /home/airflow/.local/lib/python3.12/site-packages/airflow/example_dags/example_sensors.py
[2024-12-19T04:01:56.803+0000] {logging_mixin.py:190} INFO - [2024-12-19T04:01:56.803+0000] {dag.py:3239} INFO - Sync 1 DAGs
[2024-12-19T04:01:56.809+0000] {logging_mixin.py:190} INFO - [2024-12-19T04:01:56.809+0000] {dag.py:4180} INFO - Setting next_dagrun for example_sensors to None, run_after=None
[2024-12-19T04:01:56.815+0000] {processor.py:208} INFO - Processing /home/airflow/.local/lib/python3.12/site-packages/airflow/example_dags/example_sensors.py took 0.032 seconds
[2024-12-19T04:02:27.086+0000] {processor.py:186} INFO - Started process (PID=1267) to work on /home/airflow/.local/lib/python3.12/site-packages/airflow/example_dags/example_sensors.py
[2024-12-19T04:02:27.087+0000] {processor.py:914} INFO - Processing file /home/airflow/.local/lib/python3.12/site-packages/airflow/example_dags/example_sensors.py for tasks to queue
[2024-12-19T04:02:27.088+0000] {logging_mixin.py:190} INFO - [2024-12-19T04:02:27.087+0000] {dagbag.py:588} INFO - Filling up the DagBag from /home/airflow/.local/lib/python3.12/site-packages/airflow/example_dags/example_sensors.py
[2024-12-19T04:02:27.092+0000] {processor.py:925} INFO - DAG(s) 'example_sensors' retrieved from /home/airflow/.local/lib/python3.12/site-packages/airflow/example_dags/example_sensors.py
[2024-12-19T04:02:27.105+0000] {logging_mixin.py:190} INFO - [2024-12-19T04:02:27.105+0000] {dag.py:3239} INFO - Sync 1 DAGs
[2024-12-19T04:02:27.110+0000] {logging_mixin.py:190} INFO - [2024-12-19T04:02:27.110+0000] {dag.py:4180} INFO - Setting next_dagrun for example_sensors to None, run_after=None
[2024-12-19T04:02:27.120+0000] {processor.py:208} INFO - Processing /home/airflow/.local/lib/python3.12/site-packages/airflow/example_dags/example_sensors.py took 0.036 seconds
[2024-12-19T04:02:58.151+0000] {processor.py:186} INFO - Started process (PID=1558) to work on /home/airflow/.local/lib/python3.12/site-packages/airflow/example_dags/example_sensors.py
[2024-12-19T04:02:58.151+0000] {processor.py:914} INFO - Processing file /home/airflow/.local/lib/python3.12/site-packages/airflow/example_dags/example_sensors.py for tasks to queue
[2024-12-19T04:02:58.152+0000] {logging_mixin.py:190} INFO - [2024-12-19T04:02:58.152+0000] {dagbag.py:588} INFO - Filling up the DagBag from /home/airflow/.local/lib/python3.12/site-packages/airflow/example_dags/example_sensors.py
[2024-12-19T04:02:58.156+0000] {processor.py:925} INFO - DAG(s) 'example_sensors' retrieved from /home/airflow/.local/lib/python3.12/site-packages/airflow/example_dags/example_sensors.py
[2024-12-19T04:02:58.166+0000] {logging_mixin.py:190} INFO - [2024-12-19T04:02:58.166+0000] {dag.py:3239} INFO - Sync 1 DAGs
[2024-12-19T04:02:58.172+0000] {logging_mixin.py:190} INFO - [2024-12-19T04:02:58.172+0000] {dag.py:4180} INFO - Setting next_dagrun for example_sensors to None, run_after=None
[2024-12-19T04:02:58.179+0000] {processor.py:208} INFO - Processing /home/airflow/.local/lib/python3.12/site-packages/airflow/example_dags/example_sensors.py took 0.031 seconds
[2024-12-19T04:03:29.304+0000] {processor.py:186} INFO - Started process (PID=1849) to work on /home/airflow/.local/lib/python3.12/site-packages/airflow/example_dags/example_sensors.py
[2024-12-19T04:03:29.304+0000] {processor.py:914} INFO - Processing file /home/airflow/.local/lib/python3.12/site-packages/airflow/example_dags/example_sensors.py for tasks to queue
[2024-12-19T04:03:29.305+0000] {logging_mixin.py:190} INFO - [2024-12-19T04:03:29.305+0000] {dagbag.py:588} INFO - Filling up the DagBag from /home/airflow/.local/lib/python3.12/site-packages/airflow/example_dags/example_sensors.py
[2024-12-19T04:03:29.309+0000] {processor.py:925} INFO - DAG(s) 'example_sensors' retrieved from /home/airflow/.local/lib/python3.12/site-packages/airflow/example_dags/example_sensors.py
[2024-12-19T04:03:29.320+0000] {logging_mixin.py:190} INFO - [2024-12-19T04:03:29.319+0000] {dag.py:3239} INFO - Sync 1 DAGs
[2024-12-19T04:03:29.325+0000] {logging_mixin.py:190} INFO - [2024-12-19T04:03:29.325+0000] {dag.py:4180} INFO - Setting next_dagrun for example_sensors to None, run_after=None
[2024-12-19T04:03:29.331+0000] {processor.py:208} INFO - Processing /home/airflow/.local/lib/python3.12/site-packages/airflow/example_dags/example_sensors.py took 0.029 seconds
[2024-12-19T04:03:59.570+0000] {processor.py:186} INFO - Started process (PID=2146) to work on /home/airflow/.local/lib/python3.12/site-packages/airflow/example_dags/example_sensors.py
[2024-12-19T04:03:59.571+0000] {processor.py:914} INFO - Processing file /home/airflow/.local/lib/python3.12/site-packages/airflow/example_dags/example_sensors.py for tasks to queue
[2024-12-19T04:03:59.573+0000] {logging_mixin.py:190} INFO - [2024-12-19T04:03:59.572+0000] {dagbag.py:588} INFO - Filling up the DagBag from /home/airflow/.local/lib/python3.12/site-packages/airflow/example_dags/example_sensors.py
[2024-12-19T04:03:59.577+0000] {processor.py:925} INFO - DAG(s) 'example_sensors' retrieved from /home/airflow/.local/lib/python3.12/site-packages/airflow/example_dags/example_sensors.py
[2024-12-19T04:03:59.588+0000] {logging_mixin.py:190} INFO - [2024-12-19T04:03:59.588+0000] {dag.py:3239} INFO - Sync 1 DAGs
[2024-12-19T04:03:59.595+0000] {logging_mixin.py:190} INFO - [2024-12-19T04:03:59.595+0000] {dag.py:4180} INFO - Setting next_dagrun for example_sensors to None, run_after=None
[2024-12-19T04:03:59.601+0000] {processor.py:208} INFO - Processing /home/airflow/.local/lib/python3.12/site-packages/airflow/example_dags/example_sensors.py took 0.033 seconds
[2024-12-19T04:04:32.393+0000] {processor.py:186} INFO - Started process (PID=2436) to work on /home/airflow/.local/lib/python3.12/site-packages/airflow/example_dags/example_sensors.py
[2024-12-19T04:04:32.393+0000] {processor.py:914} INFO - Processing file /home/airflow/.local/lib/python3.12/site-packages/airflow/example_dags/example_sensors.py for tasks to queue
[2024-12-19T04:04:32.394+0000] {logging_mixin.py:190} INFO - [2024-12-19T04:04:32.394+0000] {dagbag.py:588} INFO - Filling up the DagBag from /home/airflow/.local/lib/python3.12/site-packages/airflow/example_dags/example_sensors.py
[2024-12-19T04:04:32.398+0000] {processor.py:925} INFO - DAG(s) 'example_sensors' retrieved from /home/airflow/.local/lib/python3.12/site-packages/airflow/example_dags/example_sensors.py
[2024-12-19T04:04:32.408+0000] {logging_mixin.py:190} INFO - [2024-12-19T04:04:32.408+0000] {dag.py:3239} INFO - Sync 1 DAGs
[2024-12-19T04:04:32.413+0000] {logging_mixin.py:190} INFO - [2024-12-19T04:04:32.413+0000] {dag.py:4180} INFO - Setting next_dagrun for example_sensors to None, run_after=None
[2024-12-19T04:04:32.419+0000] {processor.py:208} INFO - Processing /home/airflow/.local/lib/python3.12/site-packages/airflow/example_dags/example_sensors.py took 0.028 seconds
[2024-12-19T04:05:03.499+0000] {processor.py:186} INFO - Started process (PID=2733) to work on /home/airflow/.local/lib/python3.12/site-packages/airflow/example_dags/example_sensors.py
[2024-12-19T04:05:03.500+0000] {processor.py:914} INFO - Processing file /home/airflow/.local/lib/python3.12/site-packages/airflow/example_dags/example_sensors.py for tasks to queue
[2024-12-19T04:05:03.501+0000] {logging_mixin.py:190} INFO - [2024-12-19T04:05:03.500+0000] {dagbag.py:588} INFO - Filling up the DagBag from /home/airflow/.local/lib/python3.12/site-packages/airflow/example_dags/example_sensors.py
[2024-12-19T04:05:03.504+0000] {processor.py:925} INFO - DAG(s) 'example_sensors' retrieved from /home/airflow/.local/lib/python3.12/site-packages/airflow/example_dags/example_sensors.py
[2024-12-19T04:05:03.514+0000] {logging_mixin.py:190} INFO - [2024-12-19T04:05:03.514+0000] {dag.py:3239} INFO - Sync 1 DAGs
[2024-12-19T04:05:03.519+0000] {logging_mixin.py:190} INFO - [2024-12-19T04:05:03.519+0000] {dag.py:4180} INFO - Setting next_dagrun for example_sensors to None, run_after=None
[2024-12-19T04:05:03.525+0000] {processor.py:208} INFO - Processing /home/airflow/.local/lib/python3.12/site-packages/airflow/example_dags/example_sensors.py took 0.028 seconds
[2024-12-19T04:22:25.301+0000] {processor.py:186} INFO - Started process (PID=3159) to work on /home/airflow/.local/lib/python3.12/site-packages/airflow/example_dags/example_sensors.py
[2024-12-19T04:22:25.302+0000] {processor.py:914} INFO - Processing file /home/airflow/.local/lib/python3.12/site-packages/airflow/example_dags/example_sensors.py for tasks to queue
[2024-12-19T04:22:25.302+0000] {logging_mixin.py:190} INFO - [2024-12-19T04:22:25.302+0000] {dagbag.py:588} INFO - Filling up the DagBag from /home/airflow/.local/lib/python3.12/site-packages/airflow/example_dags/example_sensors.py
[2024-12-19T04:22:25.306+0000] {processor.py:925} INFO - DAG(s) 'example_sensors' retrieved from /home/airflow/.local/lib/python3.12/site-packages/airflow/example_dags/example_sensors.py
[2024-12-19T04:22:25.316+0000] {logging_mixin.py:190} INFO - [2024-12-19T04:22:25.316+0000] {dag.py:3239} INFO - Sync 1 DAGs
[2024-12-19T04:22:25.321+0000] {logging_mixin.py:190} INFO - [2024-12-19T04:22:25.321+0000] {dag.py:4180} INFO - Setting next_dagrun for example_sensors to None, run_after=None
[2024-12-19T04:22:25.327+0000] {processor.py:208} INFO - Processing /home/airflow/.local/lib/python3.12/site-packages/airflow/example_dags/example_sensors.py took 0.028 seconds
[2024-12-19T04:22:55.794+0000] {processor.py:186} INFO - Started process (PID=3450) to work on /home/airflow/.local/lib/python3.12/site-packages/airflow/example_dags/example_sensors.py
[2024-12-19T04:22:55.795+0000] {processor.py:914} INFO - Processing file /home/airflow/.local/lib/python3.12/site-packages/airflow/example_dags/example_sensors.py for tasks to queue
[2024-12-19T04:22:55.797+0000] {logging_mixin.py:190} INFO - [2024-12-19T04:22:55.797+0000] {dagbag.py:588} INFO - Filling up the DagBag from /home/airflow/.local/lib/python3.12/site-packages/airflow/example_dags/example_sensors.py
[2024-12-19T04:22:55.802+0000] {processor.py:925} INFO - DAG(s) 'example_sensors' retrieved from /home/airflow/.local/lib/python3.12/site-packages/airflow/example_dags/example_sensors.py
[2024-12-19T04:22:55.813+0000] {logging_mixin.py:190} INFO - [2024-12-19T04:22:55.813+0000] {dag.py:3239} INFO - Sync 1 DAGs
[2024-12-19T04:22:55.818+0000] {logging_mixin.py:190} INFO - [2024-12-19T04:22:55.818+0000] {dag.py:4180} INFO - Setting next_dagrun for example_sensors to None, run_after=None
[2024-12-19T04:22:55.824+0000] {processor.py:208} INFO - Processing /home/airflow/.local/lib/python3.12/site-packages/airflow/example_dags/example_sensors.py took 0.033 seconds
[2024-12-19T04:39:23.387+0000] {processor.py:186} INFO - Started process (PID=3741) to work on /home/airflow/.local/lib/python3.12/site-packages/airflow/example_dags/example_sensors.py
[2024-12-19T04:39:23.387+0000] {processor.py:914} INFO - Processing file /home/airflow/.local/lib/python3.12/site-packages/airflow/example_dags/example_sensors.py for tasks to queue
[2024-12-19T04:39:23.388+0000] {logging_mixin.py:190} INFO - [2024-12-19T04:39:23.388+0000] {dagbag.py:588} INFO - Filling up the DagBag from /home/airflow/.local/lib/python3.12/site-packages/airflow/example_dags/example_sensors.py
[2024-12-19T04:39:23.393+0000] {processor.py:925} INFO - DAG(s) 'example_sensors' retrieved from /home/airflow/.local/lib/python3.12/site-packages/airflow/example_dags/example_sensors.py
[2024-12-19T04:39:23.402+0000] {logging_mixin.py:190} INFO - [2024-12-19T04:39:23.402+0000] {dag.py:3239} INFO - Sync 1 DAGs
[2024-12-19T04:39:23.408+0000] {logging_mixin.py:190} INFO - [2024-12-19T04:39:23.408+0000] {dag.py:4180} INFO - Setting next_dagrun for example_sensors to None, run_after=None
[2024-12-19T04:39:23.414+0000] {processor.py:208} INFO - Processing /home/airflow/.local/lib/python3.12/site-packages/airflow/example_dags/example_sensors.py took 0.030 seconds
[2024-12-19T04:39:54.460+0000] {processor.py:186} INFO - Started process (PID=4032) to work on /home/airflow/.local/lib/python3.12/site-packages/airflow/example_dags/example_sensors.py
[2024-12-19T04:39:54.460+0000] {processor.py:914} INFO - Processing file /home/airflow/.local/lib/python3.12/site-packages/airflow/example_dags/example_sensors.py for tasks to queue
[2024-12-19T04:39:54.461+0000] {logging_mixin.py:190} INFO - [2024-12-19T04:39:54.461+0000] {dagbag.py:588} INFO - Filling up the DagBag from /home/airflow/.local/lib/python3.12/site-packages/airflow/example_dags/example_sensors.py
[2024-12-19T04:39:54.465+0000] {processor.py:925} INFO - DAG(s) 'example_sensors' retrieved from /home/airflow/.local/lib/python3.12/site-packages/airflow/example_dags/example_sensors.py
[2024-12-19T04:39:54.475+0000] {logging_mixin.py:190} INFO - [2024-12-19T04:39:54.474+0000] {dag.py:3239} INFO - Sync 1 DAGs
[2024-12-19T04:39:54.480+0000] {logging_mixin.py:190} INFO - [2024-12-19T04:39:54.480+0000] {dag.py:4180} INFO - Setting next_dagrun for example_sensors to None, run_after=None
[2024-12-19T04:39:54.486+0000] {processor.py:208} INFO - Processing /home/airflow/.local/lib/python3.12/site-packages/airflow/example_dags/example_sensors.py took 0.028 seconds
[2024-12-19T04:40:25.464+0000] {processor.py:186} INFO - Started process (PID=4323) to work on /home/airflow/.local/lib/python3.12/site-packages/airflow/example_dags/example_sensors.py
[2024-12-19T04:40:25.464+0000] {processor.py:914} INFO - Processing file /home/airflow/.local/lib/python3.12/site-packages/airflow/example_dags/example_sensors.py for tasks to queue
[2024-12-19T04:40:25.465+0000] {logging_mixin.py:190} INFO - [2024-12-19T04:40:25.465+0000] {dagbag.py:588} INFO - Filling up the DagBag from /home/airflow/.local/lib/python3.12/site-packages/airflow/example_dags/example_sensors.py
[2024-12-19T04:40:25.469+0000] {processor.py:925} INFO - DAG(s) 'example_sensors' retrieved from /home/airflow/.local/lib/python3.12/site-packages/airflow/example_dags/example_sensors.py
[2024-12-19T04:40:25.479+0000] {logging_mixin.py:190} INFO - [2024-12-19T04:40:25.479+0000] {dag.py:3239} INFO - Sync 1 DAGs
[2024-12-19T04:40:25.484+0000] {logging_mixin.py:190} INFO - [2024-12-19T04:40:25.483+0000] {dag.py:4180} INFO - Setting next_dagrun for example_sensors to None, run_after=None
[2024-12-19T04:40:25.490+0000] {processor.py:208} INFO - Processing /home/airflow/.local/lib/python3.12/site-packages/airflow/example_dags/example_sensors.py took 0.028 seconds
[2024-12-19T04:40:56.462+0000] {processor.py:186} INFO - Started process (PID=4614) to work on /home/airflow/.local/lib/python3.12/site-packages/airflow/example_dags/example_sensors.py
[2024-12-19T04:40:56.462+0000] {processor.py:914} INFO - Processing file /home/airflow/.local/lib/python3.12/site-packages/airflow/example_dags/example_sensors.py for tasks to queue
[2024-12-19T04:40:56.463+0000] {logging_mixin.py:190} INFO - [2024-12-19T04:40:56.463+0000] {dagbag.py:588} INFO - Filling up the DagBag from /home/airflow/.local/lib/python3.12/site-packages/airflow/example_dags/example_sensors.py
[2024-12-19T04:40:56.467+0000] {processor.py:925} INFO - DAG(s) 'example_sensors' retrieved from /home/airflow/.local/lib/python3.12/site-packages/airflow/example_dags/example_sensors.py
[2024-12-19T04:40:56.477+0000] {logging_mixin.py:190} INFO - [2024-12-19T04:40:56.477+0000] {dag.py:3239} INFO - Sync 1 DAGs
[2024-12-19T04:40:56.482+0000] {logging_mixin.py:190} INFO - [2024-12-19T04:40:56.482+0000] {dag.py:4180} INFO - Setting next_dagrun for example_sensors to None, run_after=None
[2024-12-19T04:40:56.489+0000] {processor.py:208} INFO - Processing /home/airflow/.local/lib/python3.12/site-packages/airflow/example_dags/example_sensors.py took 0.029 seconds
[2024-12-19T04:41:27.555+0000] {processor.py:186} INFO - Started process (PID=4905) to work on /home/airflow/.local/lib/python3.12/site-packages/airflow/example_dags/example_sensors.py
[2024-12-19T04:41:27.556+0000] {processor.py:914} INFO - Processing file /home/airflow/.local/lib/python3.12/site-packages/airflow/example_dags/example_sensors.py for tasks to queue
[2024-12-19T04:41:27.557+0000] {logging_mixin.py:190} INFO - [2024-12-19T04:41:27.557+0000] {dagbag.py:588} INFO - Filling up the DagBag from /home/airflow/.local/lib/python3.12/site-packages/airflow/example_dags/example_sensors.py
[2024-12-19T04:41:27.562+0000] {processor.py:925} INFO - DAG(s) 'example_sensors' retrieved from /home/airflow/.local/lib/python3.12/site-packages/airflow/example_dags/example_sensors.py
[2024-12-19T04:41:27.572+0000] {logging_mixin.py:190} INFO - [2024-12-19T04:41:27.572+0000] {dag.py:3239} INFO - Sync 1 DAGs
[2024-12-19T04:41:27.577+0000] {logging_mixin.py:190} INFO - [2024-12-19T04:41:27.577+0000] {dag.py:4180} INFO - Setting next_dagrun for example_sensors to None, run_after=None
[2024-12-19T04:41:27.584+0000] {processor.py:208} INFO - Processing /home/airflow/.local/lib/python3.12/site-packages/airflow/example_dags/example_sensors.py took 0.031 seconds
[2024-12-19T04:41:58.663+0000] {processor.py:186} INFO - Started process (PID=5196) to work on /home/airflow/.local/lib/python3.12/site-packages/airflow/example_dags/example_sensors.py
[2024-12-19T04:41:58.663+0000] {processor.py:914} INFO - Processing file /home/airflow/.local/lib/python3.12/site-packages/airflow/example_dags/example_sensors.py for tasks to queue
[2024-12-19T04:41:58.664+0000] {logging_mixin.py:190} INFO - [2024-12-19T04:41:58.664+0000] {dagbag.py:588} INFO - Filling up the DagBag from /home/airflow/.local/lib/python3.12/site-packages/airflow/example_dags/example_sensors.py
[2024-12-19T04:41:58.668+0000] {processor.py:925} INFO - DAG(s) 'example_sensors' retrieved from /home/airflow/.local/lib/python3.12/site-packages/airflow/example_dags/example_sensors.py
[2024-12-19T04:41:58.677+0000] {logging_mixin.py:190} INFO - [2024-12-19T04:41:58.677+0000] {dag.py:3239} INFO - Sync 1 DAGs
[2024-12-19T04:41:58.682+0000] {logging_mixin.py:190} INFO - [2024-12-19T04:41:58.682+0000] {dag.py:4180} INFO - Setting next_dagrun for example_sensors to None, run_after=None
[2024-12-19T04:41:58.688+0000] {processor.py:208} INFO - Processing /home/airflow/.local/lib/python3.12/site-packages/airflow/example_dags/example_sensors.py took 0.027 seconds
[2024-12-19T04:55:19.683+0000] {processor.py:186} INFO - Started process (PID=5487) to work on /home/airflow/.local/lib/python3.12/site-packages/airflow/example_dags/example_sensors.py
[2024-12-19T04:55:19.684+0000] {processor.py:914} INFO - Processing file /home/airflow/.local/lib/python3.12/site-packages/airflow/example_dags/example_sensors.py for tasks to queue
[2024-12-19T04:55:19.684+0000] {logging_mixin.py:190} INFO - [2024-12-19T04:55:19.684+0000] {dagbag.py:588} INFO - Filling up the DagBag from /home/airflow/.local/lib/python3.12/site-packages/airflow/example_dags/example_sensors.py
[2024-12-19T04:55:19.689+0000] {processor.py:925} INFO - DAG(s) 'example_sensors' retrieved from /home/airflow/.local/lib/python3.12/site-packages/airflow/example_dags/example_sensors.py
[2024-12-19T04:55:19.699+0000] {logging_mixin.py:190} INFO - [2024-12-19T04:55:19.699+0000] {dag.py:3239} INFO - Sync 1 DAGs
[2024-12-19T04:55:19.712+0000] {logging_mixin.py:190} INFO - [2024-12-19T04:55:19.711+0000] {dag.py:4180} INFO - Setting next_dagrun for example_sensors to None, run_after=None
[2024-12-19T04:55:19.721+0000] {processor.py:208} INFO - Processing /home/airflow/.local/lib/python3.12/site-packages/airflow/example_dags/example_sensors.py took 0.041 seconds
[2024-12-19T04:55:49.825+0000] {processor.py:186} INFO - Started process (PID=5778) to work on /home/airflow/.local/lib/python3.12/site-packages/airflow/example_dags/example_sensors.py
[2024-12-19T04:55:49.825+0000] {processor.py:914} INFO - Processing file /home/airflow/.local/lib/python3.12/site-packages/airflow/example_dags/example_sensors.py for tasks to queue
[2024-12-19T04:55:49.826+0000] {logging_mixin.py:190} INFO - [2024-12-19T04:55:49.826+0000] {dagbag.py:588} INFO - Filling up the DagBag from /home/airflow/.local/lib/python3.12/site-packages/airflow/example_dags/example_sensors.py
[2024-12-19T04:55:49.831+0000] {processor.py:925} INFO - DAG(s) 'example_sensors' retrieved from /home/airflow/.local/lib/python3.12/site-packages/airflow/example_dags/example_sensors.py
[2024-12-19T04:55:49.842+0000] {logging_mixin.py:190} INFO - [2024-12-19T04:55:49.842+0000] {dag.py:3239} INFO - Sync 1 DAGs
[2024-12-19T04:55:49.848+0000] {logging_mixin.py:190} INFO - [2024-12-19T04:55:49.848+0000] {dag.py:4180} INFO - Setting next_dagrun for example_sensors to None, run_after=None
[2024-12-19T04:55:49.855+0000] {processor.py:208} INFO - Processing /home/airflow/.local/lib/python3.12/site-packages/airflow/example_dags/example_sensors.py took 0.033 seconds
[2024-12-19T04:56:20.047+0000] {processor.py:186} INFO - Started process (PID=6069) to work on /home/airflow/.local/lib/python3.12/site-packages/airflow/example_dags/example_sensors.py
[2024-12-19T04:56:20.048+0000] {processor.py:914} INFO - Processing file /home/airflow/.local/lib/python3.12/site-packages/airflow/example_dags/example_sensors.py for tasks to queue
[2024-12-19T04:56:20.049+0000] {logging_mixin.py:190} INFO - [2024-12-19T04:56:20.049+0000] {dagbag.py:588} INFO - Filling up the DagBag from /home/airflow/.local/lib/python3.12/site-packages/airflow/example_dags/example_sensors.py
[2024-12-19T04:56:20.055+0000] {processor.py:925} INFO - DAG(s) 'example_sensors' retrieved from /home/airflow/.local/lib/python3.12/site-packages/airflow/example_dags/example_sensors.py
[2024-12-19T04:56:20.065+0000] {logging_mixin.py:190} INFO - [2024-12-19T04:56:20.065+0000] {dag.py:3239} INFO - Sync 1 DAGs
[2024-12-19T04:56:20.071+0000] {logging_mixin.py:190} INFO - [2024-12-19T04:56:20.071+0000] {dag.py:4180} INFO - Setting next_dagrun for example_sensors to None, run_after=None
[2024-12-19T04:56:20.080+0000] {processor.py:208} INFO - Processing /home/airflow/.local/lib/python3.12/site-packages/airflow/example_dags/example_sensors.py took 0.036 seconds
[2024-12-19T04:56:50.407+0000] {processor.py:186} INFO - Started process (PID=6360) to work on /home/airflow/.local/lib/python3.12/site-packages/airflow/example_dags/example_sensors.py
[2024-12-19T04:56:50.408+0000] {processor.py:914} INFO - Processing file /home/airflow/.local/lib/python3.12/site-packages/airflow/example_dags/example_sensors.py for tasks to queue
[2024-12-19T04:56:50.408+0000] {logging_mixin.py:190} INFO - [2024-12-19T04:56:50.408+0000] {dagbag.py:588} INFO - Filling up the DagBag from /home/airflow/.local/lib/python3.12/site-packages/airflow/example_dags/example_sensors.py
[2024-12-19T04:56:50.412+0000] {processor.py:925} INFO - DAG(s) 'example_sensors' retrieved from /home/airflow/.local/lib/python3.12/site-packages/airflow/example_dags/example_sensors.py
[2024-12-19T04:56:50.422+0000] {logging_mixin.py:190} INFO - [2024-12-19T04:56:50.422+0000] {dag.py:3239} INFO - Sync 1 DAGs
[2024-12-19T04:56:50.427+0000] {logging_mixin.py:190} INFO - [2024-12-19T04:56:50.427+0000] {dag.py:4180} INFO - Setting next_dagrun for example_sensors to None, run_after=None
[2024-12-19T04:56:50.433+0000] {processor.py:208} INFO - Processing /home/airflow/.local/lib/python3.12/site-packages/airflow/example_dags/example_sensors.py took 0.028 seconds
[2024-12-19T04:57:20.633+0000] {processor.py:186} INFO - Started process (PID=6646) to work on /home/airflow/.local/lib/python3.12/site-packages/airflow/example_dags/example_sensors.py
[2024-12-19T04:57:20.635+0000] {processor.py:914} INFO - Processing file /home/airflow/.local/lib/python3.12/site-packages/airflow/example_dags/example_sensors.py for tasks to queue
[2024-12-19T04:57:20.637+0000] {logging_mixin.py:190} INFO - [2024-12-19T04:57:20.637+0000] {dagbag.py:588} INFO - Filling up the DagBag from /home/airflow/.local/lib/python3.12/site-packages/airflow/example_dags/example_sensors.py
[2024-12-19T04:57:20.641+0000] {processor.py:925} INFO - DAG(s) 'example_sensors' retrieved from /home/airflow/.local/lib/python3.12/site-packages/airflow/example_dags/example_sensors.py
[2024-12-19T04:57:20.652+0000] {logging_mixin.py:190} INFO - [2024-12-19T04:57:20.652+0000] {dag.py:3239} INFO - Sync 1 DAGs
[2024-12-19T04:57:20.657+0000] {logging_mixin.py:190} INFO - [2024-12-19T04:57:20.657+0000] {dag.py:4180} INFO - Setting next_dagrun for example_sensors to None, run_after=None
[2024-12-19T04:57:20.664+0000] {processor.py:208} INFO - Processing /home/airflow/.local/lib/python3.12/site-packages/airflow/example_dags/example_sensors.py took 0.033 seconds
[2024-12-19T04:57:50.958+0000] {processor.py:186} INFO - Started process (PID=6938) to work on /home/airflow/.local/lib/python3.12/site-packages/airflow/example_dags/example_sensors.py
[2024-12-19T04:57:50.958+0000] {processor.py:914} INFO - Processing file /home/airflow/.local/lib/python3.12/site-packages/airflow/example_dags/example_sensors.py for tasks to queue
[2024-12-19T04:57:50.959+0000] {logging_mixin.py:190} INFO - [2024-12-19T04:57:50.959+0000] {dagbag.py:588} INFO - Filling up the DagBag from /home/airflow/.local/lib/python3.12/site-packages/airflow/example_dags/example_sensors.py
[2024-12-19T04:57:50.963+0000] {processor.py:925} INFO - DAG(s) 'example_sensors' retrieved from /home/airflow/.local/lib/python3.12/site-packages/airflow/example_dags/example_sensors.py
[2024-12-19T04:57:50.973+0000] {logging_mixin.py:190} INFO - [2024-12-19T04:57:50.973+0000] {dag.py:3239} INFO - Sync 1 DAGs
[2024-12-19T04:57:50.979+0000] {logging_mixin.py:190} INFO - [2024-12-19T04:57:50.979+0000] {dag.py:4180} INFO - Setting next_dagrun for example_sensors to None, run_after=None
[2024-12-19T04:57:50.988+0000] {processor.py:208} INFO - Processing /home/airflow/.local/lib/python3.12/site-packages/airflow/example_dags/example_sensors.py took 0.032 seconds
[2024-12-19T04:58:21.315+0000] {processor.py:186} INFO - Started process (PID=7227) to work on /home/airflow/.local/lib/python3.12/site-packages/airflow/example_dags/example_sensors.py
[2024-12-19T04:58:21.316+0000] {processor.py:914} INFO - Processing file /home/airflow/.local/lib/python3.12/site-packages/airflow/example_dags/example_sensors.py for tasks to queue
[2024-12-19T04:58:21.317+0000] {logging_mixin.py:190} INFO - [2024-12-19T04:58:21.317+0000] {dagbag.py:588} INFO - Filling up the DagBag from /home/airflow/.local/lib/python3.12/site-packages/airflow/example_dags/example_sensors.py
[2024-12-19T04:58:21.322+0000] {processor.py:925} INFO - DAG(s) 'example_sensors' retrieved from /home/airflow/.local/lib/python3.12/site-packages/airflow/example_dags/example_sensors.py
[2024-12-19T04:58:21.332+0000] {logging_mixin.py:190} INFO - [2024-12-19T04:58:21.332+0000] {dag.py:3239} INFO - Sync 1 DAGs
[2024-12-19T04:58:21.338+0000] {logging_mixin.py:190} INFO - [2024-12-19T04:58:21.338+0000] {dag.py:4180} INFO - Setting next_dagrun for example_sensors to None, run_after=None
[2024-12-19T04:58:21.350+0000] {processor.py:208} INFO - Processing /home/airflow/.local/lib/python3.12/site-packages/airflow/example_dags/example_sensors.py took 0.038 seconds
[2024-12-19T04:58:52.642+0000] {processor.py:186} INFO - Started process (PID=7523) to work on /home/airflow/.local/lib/python3.12/site-packages/airflow/example_dags/example_sensors.py
[2024-12-19T04:58:52.643+0000] {processor.py:914} INFO - Processing file /home/airflow/.local/lib/python3.12/site-packages/airflow/example_dags/example_sensors.py for tasks to queue
[2024-12-19T04:58:52.644+0000] {logging_mixin.py:190} INFO - [2024-12-19T04:58:52.644+0000] {dagbag.py:588} INFO - Filling up the DagBag from /home/airflow/.local/lib/python3.12/site-packages/airflow/example_dags/example_sensors.py
[2024-12-19T04:58:52.649+0000] {processor.py:925} INFO - DAG(s) 'example_sensors' retrieved from /home/airflow/.local/lib/python3.12/site-packages/airflow/example_dags/example_sensors.py
[2024-12-19T04:58:52.660+0000] {logging_mixin.py:190} INFO - [2024-12-19T04:58:52.660+0000] {dag.py:3239} INFO - Sync 1 DAGs
[2024-12-19T04:58:52.666+0000] {logging_mixin.py:190} INFO - [2024-12-19T04:58:52.666+0000] {dag.py:4180} INFO - Setting next_dagrun for example_sensors to None, run_after=None
[2024-12-19T04:58:52.673+0000] {processor.py:208} INFO - Processing /home/airflow/.local/lib/python3.12/site-packages/airflow/example_dags/example_sensors.py took 0.033 seconds
[2024-12-19T04:59:23.906+0000] {processor.py:186} INFO - Started process (PID=7814) to work on /home/airflow/.local/lib/python3.12/site-packages/airflow/example_dags/example_sensors.py
[2024-12-19T04:59:23.906+0000] {processor.py:914} INFO - Processing file /home/airflow/.local/lib/python3.12/site-packages/airflow/example_dags/example_sensors.py for tasks to queue
[2024-12-19T04:59:23.907+0000] {logging_mixin.py:190} INFO - [2024-12-19T04:59:23.907+0000] {dagbag.py:588} INFO - Filling up the DagBag from /home/airflow/.local/lib/python3.12/site-packages/airflow/example_dags/example_sensors.py
[2024-12-19T04:59:23.912+0000] {processor.py:925} INFO - DAG(s) 'example_sensors' retrieved from /home/airflow/.local/lib/python3.12/site-packages/airflow/example_dags/example_sensors.py
[2024-12-19T04:59:23.922+0000] {logging_mixin.py:190} INFO - [2024-12-19T04:59:23.922+0000] {dag.py:3239} INFO - Sync 1 DAGs
[2024-12-19T04:59:23.927+0000] {logging_mixin.py:190} INFO - [2024-12-19T04:59:23.927+0000] {dag.py:4180} INFO - Setting next_dagrun for example_sensors to None, run_after=None
[2024-12-19T04:59:23.935+0000] {processor.py:208} INFO - Processing /home/airflow/.local/lib/python3.12/site-packages/airflow/example_dags/example_sensors.py took 0.032 seconds
[2024-12-19T04:59:54.277+0000] {processor.py:186} INFO - Started process (PID=8105) to work on /home/airflow/.local/lib/python3.12/site-packages/airflow/example_dags/example_sensors.py
[2024-12-19T04:59:54.277+0000] {processor.py:914} INFO - Processing file /home/airflow/.local/lib/python3.12/site-packages/airflow/example_dags/example_sensors.py for tasks to queue
[2024-12-19T04:59:54.278+0000] {logging_mixin.py:190} INFO - [2024-12-19T04:59:54.278+0000] {dagbag.py:588} INFO - Filling up the DagBag from /home/airflow/.local/lib/python3.12/site-packages/airflow/example_dags/example_sensors.py
[2024-12-19T04:59:54.283+0000] {processor.py:925} INFO - DAG(s) 'example_sensors' retrieved from /home/airflow/.local/lib/python3.12/site-packages/airflow/example_dags/example_sensors.py
[2024-12-19T04:59:54.293+0000] {logging_mixin.py:190} INFO - [2024-12-19T04:59:54.293+0000] {dag.py:3239} INFO - Sync 1 DAGs
[2024-12-19T04:59:54.299+0000] {logging_mixin.py:190} INFO - [2024-12-19T04:59:54.298+0000] {dag.py:4180} INFO - Setting next_dagrun for example_sensors to None, run_after=None
[2024-12-19T04:59:54.305+0000] {processor.py:208} INFO - Processing /home/airflow/.local/lib/python3.12/site-packages/airflow/example_dags/example_sensors.py took 0.031 seconds
[2024-12-19T05:00:24.689+0000] {processor.py:186} INFO - Started process (PID=8396) to work on /home/airflow/.local/lib/python3.12/site-packages/airflow/example_dags/example_sensors.py
[2024-12-19T05:00:24.690+0000] {processor.py:914} INFO - Processing file /home/airflow/.local/lib/python3.12/site-packages/airflow/example_dags/example_sensors.py for tasks to queue
[2024-12-19T05:00:24.691+0000] {logging_mixin.py:190} INFO - [2024-12-19T05:00:24.690+0000] {dagbag.py:588} INFO - Filling up the DagBag from /home/airflow/.local/lib/python3.12/site-packages/airflow/example_dags/example_sensors.py
[2024-12-19T05:00:24.695+0000] {processor.py:925} INFO - DAG(s) 'example_sensors' retrieved from /home/airflow/.local/lib/python3.12/site-packages/airflow/example_dags/example_sensors.py
[2024-12-19T05:00:24.705+0000] {logging_mixin.py:190} INFO - [2024-12-19T05:00:24.704+0000] {dag.py:3239} INFO - Sync 1 DAGs
[2024-12-19T05:00:24.709+0000] {logging_mixin.py:190} INFO - [2024-12-19T05:00:24.709+0000] {dag.py:4180} INFO - Setting next_dagrun for example_sensors to None, run_after=None
[2024-12-19T05:00:24.715+0000] {processor.py:208} INFO - Processing /home/airflow/.local/lib/python3.12/site-packages/airflow/example_dags/example_sensors.py took 0.028 seconds
[2024-12-19T05:00:55.043+0000] {processor.py:186} INFO - Started process (PID=8682) to work on /home/airflow/.local/lib/python3.12/site-packages/airflow/example_dags/example_sensors.py
[2024-12-19T05:00:55.045+0000] {processor.py:914} INFO - Processing file /home/airflow/.local/lib/python3.12/site-packages/airflow/example_dags/example_sensors.py for tasks to queue
[2024-12-19T05:00:55.046+0000] {logging_mixin.py:190} INFO - [2024-12-19T05:00:55.046+0000] {dagbag.py:588} INFO - Filling up the DagBag from /home/airflow/.local/lib/python3.12/site-packages/airflow/example_dags/example_sensors.py
[2024-12-19T05:00:55.051+0000] {processor.py:925} INFO - DAG(s) 'example_sensors' retrieved from /home/airflow/.local/lib/python3.12/site-packages/airflow/example_dags/example_sensors.py
[2024-12-19T05:00:55.061+0000] {logging_mixin.py:190} INFO - [2024-12-19T05:00:55.061+0000] {dag.py:3239} INFO - Sync 1 DAGs
[2024-12-19T05:00:55.066+0000] {logging_mixin.py:190} INFO - [2024-12-19T05:00:55.066+0000] {dag.py:4180} INFO - Setting next_dagrun for example_sensors to None, run_after=None
[2024-12-19T05:00:55.076+0000] {processor.py:208} INFO - Processing /home/airflow/.local/lib/python3.12/site-packages/airflow/example_dags/example_sensors.py took 0.035 seconds
[2024-12-19T05:01:25.231+0000] {processor.py:186} INFO - Started process (PID=8973) to work on /home/airflow/.local/lib/python3.12/site-packages/airflow/example_dags/example_sensors.py
[2024-12-19T05:01:25.232+0000] {processor.py:914} INFO - Processing file /home/airflow/.local/lib/python3.12/site-packages/airflow/example_dags/example_sensors.py for tasks to queue
[2024-12-19T05:01:25.233+0000] {logging_mixin.py:190} INFO - [2024-12-19T05:01:25.233+0000] {dagbag.py:588} INFO - Filling up the DagBag from /home/airflow/.local/lib/python3.12/site-packages/airflow/example_dags/example_sensors.py
[2024-12-19T05:01:25.237+0000] {processor.py:925} INFO - DAG(s) 'example_sensors' retrieved from /home/airflow/.local/lib/python3.12/site-packages/airflow/example_dags/example_sensors.py
[2024-12-19T05:01:25.246+0000] {logging_mixin.py:190} INFO - [2024-12-19T05:01:25.246+0000] {dag.py:3239} INFO - Sync 1 DAGs
[2024-12-19T05:01:25.252+0000] {logging_mixin.py:190} INFO - [2024-12-19T05:01:25.251+0000] {dag.py:4180} INFO - Setting next_dagrun for example_sensors to None, run_after=None
[2024-12-19T05:01:25.258+0000] {processor.py:208} INFO - Processing /home/airflow/.local/lib/python3.12/site-packages/airflow/example_dags/example_sensors.py took 0.029 seconds
[2024-12-19T05:01:55.344+0000] {processor.py:186} INFO - Started process (PID=9259) to work on /home/airflow/.local/lib/python3.12/site-packages/airflow/example_dags/example_sensors.py
[2024-12-19T05:01:55.344+0000] {processor.py:914} INFO - Processing file /home/airflow/.local/lib/python3.12/site-packages/airflow/example_dags/example_sensors.py for tasks to queue
[2024-12-19T05:01:55.345+0000] {logging_mixin.py:190} INFO - [2024-12-19T05:01:55.345+0000] {dagbag.py:588} INFO - Filling up the DagBag from /home/airflow/.local/lib/python3.12/site-packages/airflow/example_dags/example_sensors.py
[2024-12-19T05:01:55.350+0000] {processor.py:925} INFO - DAG(s) 'example_sensors' retrieved from /home/airflow/.local/lib/python3.12/site-packages/airflow/example_dags/example_sensors.py
[2024-12-19T05:01:55.361+0000] {logging_mixin.py:190} INFO - [2024-12-19T05:01:55.360+0000] {dag.py:3239} INFO - Sync 1 DAGs
[2024-12-19T05:01:55.366+0000] {logging_mixin.py:190} INFO - [2024-12-19T05:01:55.366+0000] {dag.py:4180} INFO - Setting next_dagrun for example_sensors to None, run_after=None
[2024-12-19T05:01:55.373+0000] {processor.py:208} INFO - Processing /home/airflow/.local/lib/python3.12/site-packages/airflow/example_dags/example_sensors.py took 0.032 seconds
[2024-12-19T05:02:25.647+0000] {processor.py:186} INFO - Started process (PID=9550) to work on /home/airflow/.local/lib/python3.12/site-packages/airflow/example_dags/example_sensors.py
[2024-12-19T05:02:25.647+0000] {processor.py:914} INFO - Processing file /home/airflow/.local/lib/python3.12/site-packages/airflow/example_dags/example_sensors.py for tasks to queue
[2024-12-19T05:02:25.648+0000] {logging_mixin.py:190} INFO - [2024-12-19T05:02:25.648+0000] {dagbag.py:588} INFO - Filling up the DagBag from /home/airflow/.local/lib/python3.12/site-packages/airflow/example_dags/example_sensors.py
[2024-12-19T05:02:25.653+0000] {processor.py:925} INFO - DAG(s) 'example_sensors' retrieved from /home/airflow/.local/lib/python3.12/site-packages/airflow/example_dags/example_sensors.py
[2024-12-19T05:02:25.663+0000] {logging_mixin.py:190} INFO - [2024-12-19T05:02:25.663+0000] {dag.py:3239} INFO - Sync 1 DAGs
[2024-12-19T05:02:25.668+0000] {logging_mixin.py:190} INFO - [2024-12-19T05:02:25.668+0000] {dag.py:4180} INFO - Setting next_dagrun for example_sensors to None, run_after=None
[2024-12-19T05:02:25.677+0000] {processor.py:208} INFO - Processing /home/airflow/.local/lib/python3.12/site-packages/airflow/example_dags/example_sensors.py took 0.032 seconds
[2024-12-19T05:02:55.994+0000] {processor.py:186} INFO - Started process (PID=9841) to work on /home/airflow/.local/lib/python3.12/site-packages/airflow/example_dags/example_sensors.py
[2024-12-19T05:02:55.994+0000] {processor.py:914} INFO - Processing file /home/airflow/.local/lib/python3.12/site-packages/airflow/example_dags/example_sensors.py for tasks to queue
[2024-12-19T05:02:55.995+0000] {logging_mixin.py:190} INFO - [2024-12-19T05:02:55.995+0000] {dagbag.py:588} INFO - Filling up the DagBag from /home/airflow/.local/lib/python3.12/site-packages/airflow/example_dags/example_sensors.py
[2024-12-19T05:02:55.999+0000] {processor.py:925} INFO - DAG(s) 'example_sensors' retrieved from /home/airflow/.local/lib/python3.12/site-packages/airflow/example_dags/example_sensors.py
[2024-12-19T05:02:56.009+0000] {logging_mixin.py:190} INFO - [2024-12-19T05:02:56.009+0000] {dag.py:3239} INFO - Sync 1 DAGs
[2024-12-19T05:02:56.014+0000] {logging_mixin.py:190} INFO - [2024-12-19T05:02:56.014+0000] {dag.py:4180} INFO - Setting next_dagrun for example_sensors to None, run_after=None
[2024-12-19T05:02:56.020+0000] {processor.py:208} INFO - Processing /home/airflow/.local/lib/python3.12/site-packages/airflow/example_dags/example_sensors.py took 0.029 seconds
[2024-12-19T05:03:26.390+0000] {processor.py:186} INFO - Started process (PID=10127) to work on /home/airflow/.local/lib/python3.12/site-packages/airflow/example_dags/example_sensors.py
[2024-12-19T05:03:26.390+0000] {processor.py:914} INFO - Processing file /home/airflow/.local/lib/python3.12/site-packages/airflow/example_dags/example_sensors.py for tasks to queue
[2024-12-19T05:03:26.391+0000] {logging_mixin.py:190} INFO - [2024-12-19T05:03:26.391+0000] {dagbag.py:588} INFO - Filling up the DagBag from /home/airflow/.local/lib/python3.12/site-packages/airflow/example_dags/example_sensors.py
[2024-12-19T05:03:26.395+0000] {processor.py:925} INFO - DAG(s) 'example_sensors' retrieved from /home/airflow/.local/lib/python3.12/site-packages/airflow/example_dags/example_sensors.py
[2024-12-19T05:03:26.405+0000] {logging_mixin.py:190} INFO - [2024-12-19T05:03:26.405+0000] {dag.py:3239} INFO - Sync 1 DAGs
[2024-12-19T05:03:26.410+0000] {logging_mixin.py:190} INFO - [2024-12-19T05:03:26.410+0000] {dag.py:4180} INFO - Setting next_dagrun for example_sensors to None, run_after=None
[2024-12-19T05:03:26.419+0000] {processor.py:208} INFO - Processing /home/airflow/.local/lib/python3.12/site-packages/airflow/example_dags/example_sensors.py took 0.032 seconds
[2024-12-19T05:03:56.568+0000] {processor.py:186} INFO - Started process (PID=10418) to work on /home/airflow/.local/lib/python3.12/site-packages/airflow/example_dags/example_sensors.py
[2024-12-19T05:03:56.568+0000] {processor.py:914} INFO - Processing file /home/airflow/.local/lib/python3.12/site-packages/airflow/example_dags/example_sensors.py for tasks to queue
[2024-12-19T05:03:56.569+0000] {logging_mixin.py:190} INFO - [2024-12-19T05:03:56.569+0000] {dagbag.py:588} INFO - Filling up the DagBag from /home/airflow/.local/lib/python3.12/site-packages/airflow/example_dags/example_sensors.py
[2024-12-19T05:03:56.574+0000] {processor.py:925} INFO - DAG(s) 'example_sensors' retrieved from /home/airflow/.local/lib/python3.12/site-packages/airflow/example_dags/example_sensors.py
[2024-12-19T05:03:56.584+0000] {logging_mixin.py:190} INFO - [2024-12-19T05:03:56.584+0000] {dag.py:3239} INFO - Sync 1 DAGs
[2024-12-19T05:03:56.589+0000] {logging_mixin.py:190} INFO - [2024-12-19T05:03:56.589+0000] {dag.py:4180} INFO - Setting next_dagrun for example_sensors to None, run_after=None
[2024-12-19T05:03:56.595+0000] {processor.py:208} INFO - Processing /home/airflow/.local/lib/python3.12/site-packages/airflow/example_dags/example_sensors.py took 0.030 seconds
[2024-12-19T05:04:26.813+0000] {processor.py:186} INFO - Started process (PID=10709) to work on /home/airflow/.local/lib/python3.12/site-packages/airflow/example_dags/example_sensors.py
[2024-12-19T05:04:26.814+0000] {processor.py:914} INFO - Processing file /home/airflow/.local/lib/python3.12/site-packages/airflow/example_dags/example_sensors.py for tasks to queue
[2024-12-19T05:04:26.815+0000] {logging_mixin.py:190} INFO - [2024-12-19T05:04:26.814+0000] {dagbag.py:588} INFO - Filling up the DagBag from /home/airflow/.local/lib/python3.12/site-packages/airflow/example_dags/example_sensors.py
[2024-12-19T05:04:26.819+0000] {processor.py:925} INFO - DAG(s) 'example_sensors' retrieved from /home/airflow/.local/lib/python3.12/site-packages/airflow/example_dags/example_sensors.py
[2024-12-19T05:04:26.829+0000] {logging_mixin.py:190} INFO - [2024-12-19T05:04:26.829+0000] {dag.py:3239} INFO - Sync 1 DAGs
[2024-12-19T05:04:26.834+0000] {logging_mixin.py:190} INFO - [2024-12-19T05:04:26.834+0000] {dag.py:4180} INFO - Setting next_dagrun for example_sensors to None, run_after=None
[2024-12-19T05:04:26.841+0000] {processor.py:208} INFO - Processing /home/airflow/.local/lib/python3.12/site-packages/airflow/example_dags/example_sensors.py took 0.030 seconds
[2024-12-19T05:04:56.995+0000] {processor.py:186} INFO - Started process (PID=10995) to work on /home/airflow/.local/lib/python3.12/site-packages/airflow/example_dags/example_sensors.py
[2024-12-19T05:04:56.997+0000] {processor.py:914} INFO - Processing file /home/airflow/.local/lib/python3.12/site-packages/airflow/example_dags/example_sensors.py for tasks to queue
[2024-12-19T05:04:56.998+0000] {logging_mixin.py:190} INFO - [2024-12-19T05:04:56.998+0000] {dagbag.py:588} INFO - Filling up the DagBag from /home/airflow/.local/lib/python3.12/site-packages/airflow/example_dags/example_sensors.py
[2024-12-19T05:04:57.005+0000] {processor.py:925} INFO - DAG(s) 'example_sensors' retrieved from /home/airflow/.local/lib/python3.12/site-packages/airflow/example_dags/example_sensors.py
[2024-12-19T05:04:57.017+0000] {logging_mixin.py:190} INFO - [2024-12-19T05:04:57.017+0000] {dag.py:3239} INFO - Sync 1 DAGs
[2024-12-19T05:04:57.023+0000] {logging_mixin.py:190} INFO - [2024-12-19T05:04:57.023+0000] {dag.py:4180} INFO - Setting next_dagrun for example_sensors to None, run_after=None
[2024-12-19T05:04:57.031+0000] {processor.py:208} INFO - Processing /home/airflow/.local/lib/python3.12/site-packages/airflow/example_dags/example_sensors.py took 0.038 seconds
[2024-12-19T05:05:27.374+0000] {processor.py:186} INFO - Started process (PID=11286) to work on /home/airflow/.local/lib/python3.12/site-packages/airflow/example_dags/example_sensors.py
[2024-12-19T05:05:27.375+0000] {processor.py:914} INFO - Processing file /home/airflow/.local/lib/python3.12/site-packages/airflow/example_dags/example_sensors.py for tasks to queue
[2024-12-19T05:05:27.376+0000] {logging_mixin.py:190} INFO - [2024-12-19T05:05:27.376+0000] {dagbag.py:588} INFO - Filling up the DagBag from /home/airflow/.local/lib/python3.12/site-packages/airflow/example_dags/example_sensors.py
[2024-12-19T05:05:27.387+0000] {processor.py:925} INFO - DAG(s) 'example_sensors' retrieved from /home/airflow/.local/lib/python3.12/site-packages/airflow/example_dags/example_sensors.py
[2024-12-19T05:05:27.403+0000] {logging_mixin.py:190} INFO - [2024-12-19T05:05:27.402+0000] {dag.py:3239} INFO - Sync 1 DAGs
[2024-12-19T05:05:27.409+0000] {logging_mixin.py:190} INFO - [2024-12-19T05:05:27.408+0000] {dag.py:4180} INFO - Setting next_dagrun for example_sensors to None, run_after=None
[2024-12-19T05:05:27.416+0000] {processor.py:208} INFO - Processing /home/airflow/.local/lib/python3.12/site-packages/airflow/example_dags/example_sensors.py took 0.045 seconds
[2024-12-19T05:05:57.800+0000] {processor.py:186} INFO - Started process (PID=11577) to work on /home/airflow/.local/lib/python3.12/site-packages/airflow/example_dags/example_sensors.py
[2024-12-19T05:05:57.800+0000] {processor.py:914} INFO - Processing file /home/airflow/.local/lib/python3.12/site-packages/airflow/example_dags/example_sensors.py for tasks to queue
[2024-12-19T05:05:57.801+0000] {logging_mixin.py:190} INFO - [2024-12-19T05:05:57.801+0000] {dagbag.py:588} INFO - Filling up the DagBag from /home/airflow/.local/lib/python3.12/site-packages/airflow/example_dags/example_sensors.py
[2024-12-19T05:05:57.806+0000] {processor.py:925} INFO - DAG(s) 'example_sensors' retrieved from /home/airflow/.local/lib/python3.12/site-packages/airflow/example_dags/example_sensors.py
[2024-12-19T05:05:57.816+0000] {logging_mixin.py:190} INFO - [2024-12-19T05:05:57.816+0000] {dag.py:3239} INFO - Sync 1 DAGs
[2024-12-19T05:05:57.821+0000] {logging_mixin.py:190} INFO - [2024-12-19T05:05:57.821+0000] {dag.py:4180} INFO - Setting next_dagrun for example_sensors to None, run_after=None
[2024-12-19T05:05:57.829+0000] {processor.py:208} INFO - Processing /home/airflow/.local/lib/python3.12/site-packages/airflow/example_dags/example_sensors.py took 0.031 seconds
[2024-12-19T05:06:28.088+0000] {processor.py:186} INFO - Started process (PID=11868) to work on /home/airflow/.local/lib/python3.12/site-packages/airflow/example_dags/example_sensors.py
[2024-12-19T05:06:28.091+0000] {processor.py:914} INFO - Processing file /home/airflow/.local/lib/python3.12/site-packages/airflow/example_dags/example_sensors.py for tasks to queue
[2024-12-19T05:06:28.093+0000] {logging_mixin.py:190} INFO - [2024-12-19T05:06:28.092+0000] {dagbag.py:588} INFO - Filling up the DagBag from /home/airflow/.local/lib/python3.12/site-packages/airflow/example_dags/example_sensors.py
[2024-12-19T05:06:28.098+0000] {processor.py:925} INFO - DAG(s) 'example_sensors' retrieved from /home/airflow/.local/lib/python3.12/site-packages/airflow/example_dags/example_sensors.py
[2024-12-19T05:06:28.109+0000] {logging_mixin.py:190} INFO - [2024-12-19T05:06:28.109+0000] {dag.py:3239} INFO - Sync 1 DAGs
[2024-12-19T05:06:28.116+0000] {logging_mixin.py:190} INFO - [2024-12-19T05:06:28.116+0000] {dag.py:4180} INFO - Setting next_dagrun for example_sensors to None, run_after=None
[2024-12-19T05:06:28.125+0000] {processor.py:208} INFO - Processing /home/airflow/.local/lib/python3.12/site-packages/airflow/example_dags/example_sensors.py took 0.040 seconds
[2024-12-19T05:06:58.389+0000] {processor.py:186} INFO - Started process (PID=12159) to work on /home/airflow/.local/lib/python3.12/site-packages/airflow/example_dags/example_sensors.py
[2024-12-19T05:06:58.390+0000] {processor.py:914} INFO - Processing file /home/airflow/.local/lib/python3.12/site-packages/airflow/example_dags/example_sensors.py for tasks to queue
[2024-12-19T05:06:58.391+0000] {logging_mixin.py:190} INFO - [2024-12-19T05:06:58.391+0000] {dagbag.py:588} INFO - Filling up the DagBag from /home/airflow/.local/lib/python3.12/site-packages/airflow/example_dags/example_sensors.py
[2024-12-19T05:06:58.395+0000] {processor.py:925} INFO - DAG(s) 'example_sensors' retrieved from /home/airflow/.local/lib/python3.12/site-packages/airflow/example_dags/example_sensors.py
[2024-12-19T05:06:58.406+0000] {logging_mixin.py:190} INFO - [2024-12-19T05:06:58.406+0000] {dag.py:3239} INFO - Sync 1 DAGs
[2024-12-19T05:06:58.411+0000] {logging_mixin.py:190} INFO - [2024-12-19T05:06:58.411+0000] {dag.py:4180} INFO - Setting next_dagrun for example_sensors to None, run_after=None
[2024-12-19T05:06:58.418+0000] {processor.py:208} INFO - Processing /home/airflow/.local/lib/python3.12/site-packages/airflow/example_dags/example_sensors.py took 0.031 seconds
[2024-12-19T05:07:28.873+0000] {processor.py:186} INFO - Started process (PID=12451) to work on /home/airflow/.local/lib/python3.12/site-packages/airflow/example_dags/example_sensors.py
[2024-12-19T05:07:28.873+0000] {processor.py:914} INFO - Processing file /home/airflow/.local/lib/python3.12/site-packages/airflow/example_dags/example_sensors.py for tasks to queue
[2024-12-19T05:07:28.874+0000] {logging_mixin.py:190} INFO - [2024-12-19T05:07:28.874+0000] {dagbag.py:588} INFO - Filling up the DagBag from /home/airflow/.local/lib/python3.12/site-packages/airflow/example_dags/example_sensors.py
[2024-12-19T05:07:28.879+0000] {processor.py:925} INFO - DAG(s) 'example_sensors' retrieved from /home/airflow/.local/lib/python3.12/site-packages/airflow/example_dags/example_sensors.py
[2024-12-19T05:07:28.893+0000] {logging_mixin.py:190} INFO - [2024-12-19T05:07:28.893+0000] {dag.py:3239} INFO - Sync 1 DAGs
[2024-12-19T05:07:28.901+0000] {logging_mixin.py:190} INFO - [2024-12-19T05:07:28.901+0000] {dag.py:4180} INFO - Setting next_dagrun for example_sensors to None, run_after=None
[2024-12-19T05:07:28.909+0000] {processor.py:208} INFO - Processing /home/airflow/.local/lib/python3.12/site-packages/airflow/example_dags/example_sensors.py took 0.040 seconds
[2024-12-19T05:07:59.530+0000] {processor.py:186} INFO - Started process (PID=12742) to work on /home/airflow/.local/lib/python3.12/site-packages/airflow/example_dags/example_sensors.py
[2024-12-19T05:07:59.531+0000] {processor.py:914} INFO - Processing file /home/airflow/.local/lib/python3.12/site-packages/airflow/example_dags/example_sensors.py for tasks to queue
[2024-12-19T05:07:59.532+0000] {logging_mixin.py:190} INFO - [2024-12-19T05:07:59.532+0000] {dagbag.py:588} INFO - Filling up the DagBag from /home/airflow/.local/lib/python3.12/site-packages/airflow/example_dags/example_sensors.py
[2024-12-19T05:07:59.536+0000] {processor.py:925} INFO - DAG(s) 'example_sensors' retrieved from /home/airflow/.local/lib/python3.12/site-packages/airflow/example_dags/example_sensors.py
[2024-12-19T05:07:59.545+0000] {logging_mixin.py:190} INFO - [2024-12-19T05:07:59.545+0000] {dag.py:3239} INFO - Sync 1 DAGs
[2024-12-19T05:07:59.550+0000] {logging_mixin.py:190} INFO - [2024-12-19T05:07:59.550+0000] {dag.py:4180} INFO - Setting next_dagrun for example_sensors to None, run_after=None
[2024-12-19T05:07:59.556+0000] {processor.py:208} INFO - Processing /home/airflow/.local/lib/python3.12/site-packages/airflow/example_dags/example_sensors.py took 0.029 seconds
[2024-12-19T05:08:29.779+0000] {processor.py:186} INFO - Started process (PID=13033) to work on /home/airflow/.local/lib/python3.12/site-packages/airflow/example_dags/example_sensors.py
[2024-12-19T05:08:29.780+0000] {processor.py:914} INFO - Processing file /home/airflow/.local/lib/python3.12/site-packages/airflow/example_dags/example_sensors.py for tasks to queue
[2024-12-19T05:08:29.783+0000] {logging_mixin.py:190} INFO - [2024-12-19T05:08:29.783+0000] {dagbag.py:588} INFO - Filling up the DagBag from /home/airflow/.local/lib/python3.12/site-packages/airflow/example_dags/example_sensors.py
[2024-12-19T05:08:29.789+0000] {processor.py:925} INFO - DAG(s) 'example_sensors' retrieved from /home/airflow/.local/lib/python3.12/site-packages/airflow/example_dags/example_sensors.py
[2024-12-19T05:08:29.800+0000] {logging_mixin.py:190} INFO - [2024-12-19T05:08:29.800+0000] {dag.py:3239} INFO - Sync 1 DAGs
[2024-12-19T05:08:29.805+0000] {logging_mixin.py:190} INFO - [2024-12-19T05:08:29.805+0000] {dag.py:4180} INFO - Setting next_dagrun for example_sensors to None, run_after=None
[2024-12-19T05:08:29.812+0000] {processor.py:208} INFO - Processing /home/airflow/.local/lib/python3.12/site-packages/airflow/example_dags/example_sensors.py took 0.036 seconds
[2024-12-19T05:08:59.989+0000] {processor.py:186} INFO - Started process (PID=13324) to work on /home/airflow/.local/lib/python3.12/site-packages/airflow/example_dags/example_sensors.py
[2024-12-19T05:08:59.989+0000] {processor.py:914} INFO - Processing file /home/airflow/.local/lib/python3.12/site-packages/airflow/example_dags/example_sensors.py for tasks to queue
[2024-12-19T05:08:59.990+0000] {logging_mixin.py:190} INFO - [2024-12-19T05:08:59.990+0000] {dagbag.py:588} INFO - Filling up the DagBag from /home/airflow/.local/lib/python3.12/site-packages/airflow/example_dags/example_sensors.py
[2024-12-19T05:08:59.994+0000] {processor.py:925} INFO - DAG(s) 'example_sensors' retrieved from /home/airflow/.local/lib/python3.12/site-packages/airflow/example_dags/example_sensors.py
[2024-12-19T05:09:00.006+0000] {logging_mixin.py:190} INFO - [2024-12-19T05:09:00.005+0000] {dag.py:3239} INFO - Sync 1 DAGs
[2024-12-19T05:09:00.012+0000] {logging_mixin.py:190} INFO - [2024-12-19T05:09:00.012+0000] {dag.py:4180} INFO - Setting next_dagrun for example_sensors to None, run_after=None
[2024-12-19T05:09:00.022+0000] {processor.py:208} INFO - Processing /home/airflow/.local/lib/python3.12/site-packages/airflow/example_dags/example_sensors.py took 0.035 seconds
[2024-12-19T05:09:30.193+0000] {processor.py:186} INFO - Started process (PID=13615) to work on /home/airflow/.local/lib/python3.12/site-packages/airflow/example_dags/example_sensors.py
[2024-12-19T05:09:30.193+0000] {processor.py:914} INFO - Processing file /home/airflow/.local/lib/python3.12/site-packages/airflow/example_dags/example_sensors.py for tasks to queue
[2024-12-19T05:09:30.194+0000] {logging_mixin.py:190} INFO - [2024-12-19T05:09:30.194+0000] {dagbag.py:588} INFO - Filling up the DagBag from /home/airflow/.local/lib/python3.12/site-packages/airflow/example_dags/example_sensors.py
[2024-12-19T05:09:30.198+0000] {processor.py:925} INFO - DAG(s) 'example_sensors' retrieved from /home/airflow/.local/lib/python3.12/site-packages/airflow/example_dags/example_sensors.py
[2024-12-19T05:09:30.209+0000] {logging_mixin.py:190} INFO - [2024-12-19T05:09:30.209+0000] {dag.py:3239} INFO - Sync 1 DAGs
[2024-12-19T05:09:30.214+0000] {logging_mixin.py:190} INFO - [2024-12-19T05:09:30.214+0000] {dag.py:4180} INFO - Setting next_dagrun for example_sensors to None, run_after=None
[2024-12-19T05:09:30.222+0000] {processor.py:208} INFO - Processing /home/airflow/.local/lib/python3.12/site-packages/airflow/example_dags/example_sensors.py took 0.031 seconds
[2024-12-19T05:10:00.376+0000] {processor.py:186} INFO - Started process (PID=13906) to work on /home/airflow/.local/lib/python3.12/site-packages/airflow/example_dags/example_sensors.py
[2024-12-19T05:10:00.380+0000] {processor.py:914} INFO - Processing file /home/airflow/.local/lib/python3.12/site-packages/airflow/example_dags/example_sensors.py for tasks to queue
[2024-12-19T05:10:00.382+0000] {logging_mixin.py:190} INFO - [2024-12-19T05:10:00.382+0000] {dagbag.py:588} INFO - Filling up the DagBag from /home/airflow/.local/lib/python3.12/site-packages/airflow/example_dags/example_sensors.py
[2024-12-19T05:10:00.388+0000] {processor.py:925} INFO - DAG(s) 'example_sensors' retrieved from /home/airflow/.local/lib/python3.12/site-packages/airflow/example_dags/example_sensors.py
[2024-12-19T05:10:00.405+0000] {logging_mixin.py:190} INFO - [2024-12-19T05:10:00.405+0000] {dag.py:3239} INFO - Sync 1 DAGs
[2024-12-19T05:10:00.414+0000] {logging_mixin.py:190} INFO - [2024-12-19T05:10:00.414+0000] {dag.py:4180} INFO - Setting next_dagrun for example_sensors to None, run_after=None
[2024-12-19T05:10:00.422+0000] {processor.py:208} INFO - Processing /home/airflow/.local/lib/python3.12/site-packages/airflow/example_dags/example_sensors.py took 0.055 seconds
[2024-12-19T05:10:30.670+0000] {processor.py:186} INFO - Started process (PID=14197) to work on /home/airflow/.local/lib/python3.12/site-packages/airflow/example_dags/example_sensors.py
[2024-12-19T05:10:30.674+0000] {processor.py:914} INFO - Processing file /home/airflow/.local/lib/python3.12/site-packages/airflow/example_dags/example_sensors.py for tasks to queue
[2024-12-19T05:10:30.677+0000] {logging_mixin.py:190} INFO - [2024-12-19T05:10:30.676+0000] {dagbag.py:588} INFO - Filling up the DagBag from /home/airflow/.local/lib/python3.12/site-packages/airflow/example_dags/example_sensors.py
[2024-12-19T05:10:30.696+0000] {processor.py:925} INFO - DAG(s) 'example_sensors' retrieved from /home/airflow/.local/lib/python3.12/site-packages/airflow/example_dags/example_sensors.py
[2024-12-19T05:10:30.714+0000] {logging_mixin.py:190} INFO - [2024-12-19T05:10:30.714+0000] {dag.py:3239} INFO - Sync 1 DAGs
[2024-12-19T05:10:30.720+0000] {logging_mixin.py:190} INFO - [2024-12-19T05:10:30.720+0000] {dag.py:4180} INFO - Setting next_dagrun for example_sensors to None, run_after=None
[2024-12-19T05:10:30.730+0000] {processor.py:208} INFO - Processing /home/airflow/.local/lib/python3.12/site-packages/airflow/example_dags/example_sensors.py took 0.069 seconds
[2024-12-19T05:11:01.009+0000] {processor.py:186} INFO - Started process (PID=14488) to work on /home/airflow/.local/lib/python3.12/site-packages/airflow/example_dags/example_sensors.py
[2024-12-19T05:11:01.011+0000] {processor.py:914} INFO - Processing file /home/airflow/.local/lib/python3.12/site-packages/airflow/example_dags/example_sensors.py for tasks to queue
[2024-12-19T05:11:01.013+0000] {logging_mixin.py:190} INFO - [2024-12-19T05:11:01.013+0000] {dagbag.py:588} INFO - Filling up the DagBag from /home/airflow/.local/lib/python3.12/site-packages/airflow/example_dags/example_sensors.py
[2024-12-19T05:11:01.017+0000] {processor.py:925} INFO - DAG(s) 'example_sensors' retrieved from /home/airflow/.local/lib/python3.12/site-packages/airflow/example_dags/example_sensors.py
[2024-12-19T05:11:01.030+0000] {logging_mixin.py:190} INFO - [2024-12-19T05:11:01.030+0000] {dag.py:3239} INFO - Sync 1 DAGs
[2024-12-19T05:11:01.035+0000] {logging_mixin.py:190} INFO - [2024-12-19T05:11:01.035+0000] {dag.py:4180} INFO - Setting next_dagrun for example_sensors to None, run_after=None
[2024-12-19T05:11:01.042+0000] {processor.py:208} INFO - Processing /home/airflow/.local/lib/python3.12/site-packages/airflow/example_dags/example_sensors.py took 0.035 seconds
[2024-12-19T05:11:31.178+0000] {processor.py:186} INFO - Started process (PID=14779) to work on /home/airflow/.local/lib/python3.12/site-packages/airflow/example_dags/example_sensors.py
[2024-12-19T05:11:31.179+0000] {processor.py:914} INFO - Processing file /home/airflow/.local/lib/python3.12/site-packages/airflow/example_dags/example_sensors.py for tasks to queue
[2024-12-19T05:11:31.180+0000] {logging_mixin.py:190} INFO - [2024-12-19T05:11:31.180+0000] {dagbag.py:588} INFO - Filling up the DagBag from /home/airflow/.local/lib/python3.12/site-packages/airflow/example_dags/example_sensors.py
[2024-12-19T05:11:31.184+0000] {processor.py:925} INFO - DAG(s) 'example_sensors' retrieved from /home/airflow/.local/lib/python3.12/site-packages/airflow/example_dags/example_sensors.py
[2024-12-19T05:11:31.193+0000] {logging_mixin.py:190} INFO - [2024-12-19T05:11:31.193+0000] {dag.py:3239} INFO - Sync 1 DAGs
[2024-12-19T05:11:31.198+0000] {logging_mixin.py:190} INFO - [2024-12-19T05:11:31.198+0000] {dag.py:4180} INFO - Setting next_dagrun for example_sensors to None, run_after=None
[2024-12-19T05:11:31.205+0000] {processor.py:208} INFO - Processing /home/airflow/.local/lib/python3.12/site-packages/airflow/example_dags/example_sensors.py took 0.028 seconds
[2024-12-19T05:12:01.240+0000] {processor.py:186} INFO - Started process (PID=15065) to work on /home/airflow/.local/lib/python3.12/site-packages/airflow/example_dags/example_sensors.py
[2024-12-19T05:12:01.241+0000] {processor.py:914} INFO - Processing file /home/airflow/.local/lib/python3.12/site-packages/airflow/example_dags/example_sensors.py for tasks to queue
[2024-12-19T05:12:01.244+0000] {logging_mixin.py:190} INFO - [2024-12-19T05:12:01.243+0000] {dagbag.py:588} INFO - Filling up the DagBag from /home/airflow/.local/lib/python3.12/site-packages/airflow/example_dags/example_sensors.py
[2024-12-19T05:12:01.249+0000] {processor.py:925} INFO - DAG(s) 'example_sensors' retrieved from /home/airflow/.local/lib/python3.12/site-packages/airflow/example_dags/example_sensors.py
[2024-12-19T05:12:01.259+0000] {logging_mixin.py:190} INFO - [2024-12-19T05:12:01.258+0000] {dag.py:3239} INFO - Sync 1 DAGs
[2024-12-19T05:12:01.264+0000] {logging_mixin.py:190} INFO - [2024-12-19T05:12:01.264+0000] {dag.py:4180} INFO - Setting next_dagrun for example_sensors to None, run_after=None
[2024-12-19T05:12:01.270+0000] {processor.py:208} INFO - Processing /home/airflow/.local/lib/python3.12/site-packages/airflow/example_dags/example_sensors.py took 0.032 seconds
[2024-12-19T05:12:31.440+0000] {processor.py:186} INFO - Started process (PID=15356) to work on /home/airflow/.local/lib/python3.12/site-packages/airflow/example_dags/example_sensors.py
[2024-12-19T05:12:31.440+0000] {processor.py:914} INFO - Processing file /home/airflow/.local/lib/python3.12/site-packages/airflow/example_dags/example_sensors.py for tasks to queue
[2024-12-19T05:12:31.441+0000] {logging_mixin.py:190} INFO - [2024-12-19T05:12:31.441+0000] {dagbag.py:588} INFO - Filling up the DagBag from /home/airflow/.local/lib/python3.12/site-packages/airflow/example_dags/example_sensors.py
[2024-12-19T05:12:31.445+0000] {processor.py:925} INFO - DAG(s) 'example_sensors' retrieved from /home/airflow/.local/lib/python3.12/site-packages/airflow/example_dags/example_sensors.py
[2024-12-19T05:12:31.456+0000] {logging_mixin.py:190} INFO - [2024-12-19T05:12:31.456+0000] {dag.py:3239} INFO - Sync 1 DAGs
[2024-12-19T05:12:31.461+0000] {logging_mixin.py:190} INFO - [2024-12-19T05:12:31.461+0000] {dag.py:4180} INFO - Setting next_dagrun for example_sensors to None, run_after=None
[2024-12-19T05:12:31.467+0000] {processor.py:208} INFO - Processing /home/airflow/.local/lib/python3.12/site-packages/airflow/example_dags/example_sensors.py took 0.030 seconds
[2024-12-19T05:13:01.596+0000] {processor.py:186} INFO - Started process (PID=15647) to work on /home/airflow/.local/lib/python3.12/site-packages/airflow/example_dags/example_sensors.py
[2024-12-19T05:13:01.596+0000] {processor.py:914} INFO - Processing file /home/airflow/.local/lib/python3.12/site-packages/airflow/example_dags/example_sensors.py for tasks to queue
[2024-12-19T05:13:01.597+0000] {logging_mixin.py:190} INFO - [2024-12-19T05:13:01.597+0000] {dagbag.py:588} INFO - Filling up the DagBag from /home/airflow/.local/lib/python3.12/site-packages/airflow/example_dags/example_sensors.py
[2024-12-19T05:13:01.602+0000] {processor.py:925} INFO - DAG(s) 'example_sensors' retrieved from /home/airflow/.local/lib/python3.12/site-packages/airflow/example_dags/example_sensors.py
[2024-12-19T05:13:01.612+0000] {logging_mixin.py:190} INFO - [2024-12-19T05:13:01.612+0000] {dag.py:3239} INFO - Sync 1 DAGs
[2024-12-19T05:13:01.617+0000] {logging_mixin.py:190} INFO - [2024-12-19T05:13:01.617+0000] {dag.py:4180} INFO - Setting next_dagrun for example_sensors to None, run_after=None
[2024-12-19T05:13:01.623+0000] {processor.py:208} INFO - Processing /home/airflow/.local/lib/python3.12/site-packages/airflow/example_dags/example_sensors.py took 0.030 seconds
[2024-12-19T05:13:31.793+0000] {processor.py:186} INFO - Started process (PID=15938) to work on /home/airflow/.local/lib/python3.12/site-packages/airflow/example_dags/example_sensors.py
[2024-12-19T05:13:31.794+0000] {processor.py:914} INFO - Processing file /home/airflow/.local/lib/python3.12/site-packages/airflow/example_dags/example_sensors.py for tasks to queue
[2024-12-19T05:13:31.797+0000] {logging_mixin.py:190} INFO - [2024-12-19T05:13:31.797+0000] {dagbag.py:588} INFO - Filling up the DagBag from /home/airflow/.local/lib/python3.12/site-packages/airflow/example_dags/example_sensors.py
[2024-12-19T05:13:31.802+0000] {processor.py:925} INFO - DAG(s) 'example_sensors' retrieved from /home/airflow/.local/lib/python3.12/site-packages/airflow/example_dags/example_sensors.py
[2024-12-19T05:13:31.812+0000] {logging_mixin.py:190} INFO - [2024-12-19T05:13:31.812+0000] {dag.py:3239} INFO - Sync 1 DAGs
[2024-12-19T05:13:31.819+0000] {logging_mixin.py:190} INFO - [2024-12-19T05:13:31.819+0000] {dag.py:4180} INFO - Setting next_dagrun for example_sensors to None, run_after=None
[2024-12-19T05:13:31.829+0000] {processor.py:208} INFO - Processing /home/airflow/.local/lib/python3.12/site-packages/airflow/example_dags/example_sensors.py took 0.039 seconds
[2024-12-19T05:14:02.826+0000] {processor.py:186} INFO - Started process (PID=16229) to work on /home/airflow/.local/lib/python3.12/site-packages/airflow/example_dags/example_sensors.py
[2024-12-19T05:14:02.827+0000] {processor.py:914} INFO - Processing file /home/airflow/.local/lib/python3.12/site-packages/airflow/example_dags/example_sensors.py for tasks to queue
[2024-12-19T05:14:02.828+0000] {logging_mixin.py:190} INFO - [2024-12-19T05:14:02.828+0000] {dagbag.py:588} INFO - Filling up the DagBag from /home/airflow/.local/lib/python3.12/site-packages/airflow/example_dags/example_sensors.py
[2024-12-19T05:14:02.834+0000] {processor.py:925} INFO - DAG(s) 'example_sensors' retrieved from /home/airflow/.local/lib/python3.12/site-packages/airflow/example_dags/example_sensors.py
[2024-12-19T05:14:02.843+0000] {logging_mixin.py:190} INFO - [2024-12-19T05:14:02.843+0000] {dag.py:3239} INFO - Sync 1 DAGs
[2024-12-19T05:14:02.848+0000] {logging_mixin.py:190} INFO - [2024-12-19T05:14:02.847+0000] {dag.py:4180} INFO - Setting next_dagrun for example_sensors to None, run_after=None
[2024-12-19T05:14:02.854+0000] {processor.py:208} INFO - Processing /home/airflow/.local/lib/python3.12/site-packages/airflow/example_dags/example_sensors.py took 0.030 seconds
[2024-12-19T05:14:33.897+0000] {processor.py:186} INFO - Started process (PID=16520) to work on /home/airflow/.local/lib/python3.12/site-packages/airflow/example_dags/example_sensors.py
[2024-12-19T05:14:33.897+0000] {processor.py:914} INFO - Processing file /home/airflow/.local/lib/python3.12/site-packages/airflow/example_dags/example_sensors.py for tasks to queue
[2024-12-19T05:14:33.898+0000] {logging_mixin.py:190} INFO - [2024-12-19T05:14:33.898+0000] {dagbag.py:588} INFO - Filling up the DagBag from /home/airflow/.local/lib/python3.12/site-packages/airflow/example_dags/example_sensors.py
[2024-12-19T05:14:33.904+0000] {processor.py:925} INFO - DAG(s) 'example_sensors' retrieved from /home/airflow/.local/lib/python3.12/site-packages/airflow/example_dags/example_sensors.py
[2024-12-19T05:14:33.914+0000] {logging_mixin.py:190} INFO - [2024-12-19T05:14:33.914+0000] {dag.py:3239} INFO - Sync 1 DAGs
[2024-12-19T05:14:33.922+0000] {logging_mixin.py:190} INFO - [2024-12-19T05:14:33.922+0000] {dag.py:4180} INFO - Setting next_dagrun for example_sensors to None, run_after=None
[2024-12-19T05:14:33.929+0000] {processor.py:208} INFO - Processing /home/airflow/.local/lib/python3.12/site-packages/airflow/example_dags/example_sensors.py took 0.035 seconds
[2024-12-19T05:15:04.159+0000] {processor.py:186} INFO - Started process (PID=16811) to work on /home/airflow/.local/lib/python3.12/site-packages/airflow/example_dags/example_sensors.py
[2024-12-19T05:15:04.159+0000] {processor.py:914} INFO - Processing file /home/airflow/.local/lib/python3.12/site-packages/airflow/example_dags/example_sensors.py for tasks to queue
[2024-12-19T05:15:04.160+0000] {logging_mixin.py:190} INFO - [2024-12-19T05:15:04.160+0000] {dagbag.py:588} INFO - Filling up the DagBag from /home/airflow/.local/lib/python3.12/site-packages/airflow/example_dags/example_sensors.py
[2024-12-19T05:15:04.163+0000] {processor.py:925} INFO - DAG(s) 'example_sensors' retrieved from /home/airflow/.local/lib/python3.12/site-packages/airflow/example_dags/example_sensors.py
[2024-12-19T05:15:04.174+0000] {logging_mixin.py:190} INFO - [2024-12-19T05:15:04.174+0000] {dag.py:3239} INFO - Sync 1 DAGs
[2024-12-19T05:15:04.179+0000] {logging_mixin.py:190} INFO - [2024-12-19T05:15:04.179+0000] {dag.py:4180} INFO - Setting next_dagrun for example_sensors to None, run_after=None
[2024-12-19T05:15:04.186+0000] {processor.py:208} INFO - Processing /home/airflow/.local/lib/python3.12/site-packages/airflow/example_dags/example_sensors.py took 0.030 seconds
[2024-12-19T05:15:35.154+0000] {processor.py:186} INFO - Started process (PID=17102) to work on /home/airflow/.local/lib/python3.12/site-packages/airflow/example_dags/example_sensors.py
[2024-12-19T05:15:35.155+0000] {processor.py:914} INFO - Processing file /home/airflow/.local/lib/python3.12/site-packages/airflow/example_dags/example_sensors.py for tasks to queue
[2024-12-19T05:15:35.156+0000] {logging_mixin.py:190} INFO - [2024-12-19T05:15:35.156+0000] {dagbag.py:588} INFO - Filling up the DagBag from /home/airflow/.local/lib/python3.12/site-packages/airflow/example_dags/example_sensors.py
[2024-12-19T05:15:35.160+0000] {processor.py:925} INFO - DAG(s) 'example_sensors' retrieved from /home/airflow/.local/lib/python3.12/site-packages/airflow/example_dags/example_sensors.py
[2024-12-19T05:15:35.172+0000] {logging_mixin.py:190} INFO - [2024-12-19T05:15:35.172+0000] {dag.py:3239} INFO - Sync 1 DAGs
[2024-12-19T05:15:35.177+0000] {logging_mixin.py:190} INFO - [2024-12-19T05:15:35.177+0000] {dag.py:4180} INFO - Setting next_dagrun for example_sensors to None, run_after=None
[2024-12-19T05:15:35.183+0000] {processor.py:208} INFO - Processing /home/airflow/.local/lib/python3.12/site-packages/airflow/example_dags/example_sensors.py took 0.031 seconds
[2024-12-19T05:16:06.060+0000] {processor.py:186} INFO - Started process (PID=17393) to work on /home/airflow/.local/lib/python3.12/site-packages/airflow/example_dags/example_sensors.py
[2024-12-19T05:16:06.060+0000] {processor.py:914} INFO - Processing file /home/airflow/.local/lib/python3.12/site-packages/airflow/example_dags/example_sensors.py for tasks to queue
[2024-12-19T05:16:06.064+0000] {logging_mixin.py:190} INFO - [2024-12-19T05:16:06.063+0000] {dagbag.py:588} INFO - Filling up the DagBag from /home/airflow/.local/lib/python3.12/site-packages/airflow/example_dags/example_sensors.py
[2024-12-19T05:16:06.067+0000] {processor.py:925} INFO - DAG(s) 'example_sensors' retrieved from /home/airflow/.local/lib/python3.12/site-packages/airflow/example_dags/example_sensors.py
[2024-12-19T05:16:06.079+0000] {logging_mixin.py:190} INFO - [2024-12-19T05:16:06.079+0000] {dag.py:3239} INFO - Sync 1 DAGs
[2024-12-19T05:16:06.085+0000] {logging_mixin.py:190} INFO - [2024-12-19T05:16:06.085+0000] {dag.py:4180} INFO - Setting next_dagrun for example_sensors to None, run_after=None
[2024-12-19T05:16:06.090+0000] {processor.py:208} INFO - Processing /home/airflow/.local/lib/python3.12/site-packages/airflow/example_dags/example_sensors.py took 0.033 seconds
[2024-12-19T05:16:37.045+0000] {processor.py:186} INFO - Started process (PID=17686) to work on /home/airflow/.local/lib/python3.12/site-packages/airflow/example_dags/example_sensors.py
[2024-12-19T05:16:37.046+0000] {processor.py:914} INFO - Processing file /home/airflow/.local/lib/python3.12/site-packages/airflow/example_dags/example_sensors.py for tasks to queue
[2024-12-19T05:16:37.046+0000] {logging_mixin.py:190} INFO - [2024-12-19T05:16:37.046+0000] {dagbag.py:588} INFO - Filling up the DagBag from /home/airflow/.local/lib/python3.12/site-packages/airflow/example_dags/example_sensors.py
[2024-12-19T05:16:37.050+0000] {processor.py:925} INFO - DAG(s) 'example_sensors' retrieved from /home/airflow/.local/lib/python3.12/site-packages/airflow/example_dags/example_sensors.py
[2024-12-19T05:16:37.060+0000] {logging_mixin.py:190} INFO - [2024-12-19T05:16:37.060+0000] {dag.py:3239} INFO - Sync 1 DAGs
[2024-12-19T05:16:37.065+0000] {logging_mixin.py:190} INFO - [2024-12-19T05:16:37.065+0000] {dag.py:4180} INFO - Setting next_dagrun for example_sensors to None, run_after=None
[2024-12-19T05:16:37.071+0000] {processor.py:208} INFO - Processing /home/airflow/.local/lib/python3.12/site-packages/airflow/example_dags/example_sensors.py took 0.028 seconds
[2024-12-19T05:17:08.062+0000] {processor.py:186} INFO - Started process (PID=17977) to work on /home/airflow/.local/lib/python3.12/site-packages/airflow/example_dags/example_sensors.py
[2024-12-19T05:17:08.063+0000] {processor.py:914} INFO - Processing file /home/airflow/.local/lib/python3.12/site-packages/airflow/example_dags/example_sensors.py for tasks to queue
[2024-12-19T05:17:08.063+0000] {logging_mixin.py:190} INFO - [2024-12-19T05:17:08.063+0000] {dagbag.py:588} INFO - Filling up the DagBag from /home/airflow/.local/lib/python3.12/site-packages/airflow/example_dags/example_sensors.py
[2024-12-19T05:17:08.068+0000] {processor.py:925} INFO - DAG(s) 'example_sensors' retrieved from /home/airflow/.local/lib/python3.12/site-packages/airflow/example_dags/example_sensors.py
[2024-12-19T05:17:08.077+0000] {logging_mixin.py:190} INFO - [2024-12-19T05:17:08.077+0000] {dag.py:3239} INFO - Sync 1 DAGs
[2024-12-19T05:17:08.082+0000] {logging_mixin.py:190} INFO - [2024-12-19T05:17:08.082+0000] {dag.py:4180} INFO - Setting next_dagrun for example_sensors to None, run_after=None
[2024-12-19T05:17:08.088+0000] {processor.py:208} INFO - Processing /home/airflow/.local/lib/python3.12/site-packages/airflow/example_dags/example_sensors.py took 0.028 seconds
[2024-12-19T05:17:38.222+0000] {processor.py:186} INFO - Started process (PID=18266) to work on /home/airflow/.local/lib/python3.12/site-packages/airflow/example_dags/example_sensors.py
[2024-12-19T05:17:38.222+0000] {processor.py:914} INFO - Processing file /home/airflow/.local/lib/python3.12/site-packages/airflow/example_dags/example_sensors.py for tasks to queue
[2024-12-19T05:17:38.223+0000] {logging_mixin.py:190} INFO - [2024-12-19T05:17:38.223+0000] {dagbag.py:588} INFO - Filling up the DagBag from /home/airflow/.local/lib/python3.12/site-packages/airflow/example_dags/example_sensors.py
[2024-12-19T05:17:38.228+0000] {processor.py:925} INFO - DAG(s) 'example_sensors' retrieved from /home/airflow/.local/lib/python3.12/site-packages/airflow/example_dags/example_sensors.py
[2024-12-19T05:17:38.238+0000] {logging_mixin.py:190} INFO - [2024-12-19T05:17:38.238+0000] {dag.py:3239} INFO - Sync 1 DAGs
[2024-12-19T05:17:38.243+0000] {logging_mixin.py:190} INFO - [2024-12-19T05:17:38.243+0000] {dag.py:4180} INFO - Setting next_dagrun for example_sensors to None, run_after=None
[2024-12-19T05:17:38.249+0000] {processor.py:208} INFO - Processing /home/airflow/.local/lib/python3.12/site-packages/airflow/example_dags/example_sensors.py took 0.030 seconds
[2024-12-19T05:18:09.119+0000] {processor.py:186} INFO - Started process (PID=18557) to work on /home/airflow/.local/lib/python3.12/site-packages/airflow/example_dags/example_sensors.py
[2024-12-19T05:18:09.120+0000] {processor.py:914} INFO - Processing file /home/airflow/.local/lib/python3.12/site-packages/airflow/example_dags/example_sensors.py for tasks to queue
[2024-12-19T05:18:09.121+0000] {logging_mixin.py:190} INFO - [2024-12-19T05:18:09.121+0000] {dagbag.py:588} INFO - Filling up the DagBag from /home/airflow/.local/lib/python3.12/site-packages/airflow/example_dags/example_sensors.py
[2024-12-19T05:18:09.127+0000] {processor.py:925} INFO - DAG(s) 'example_sensors' retrieved from /home/airflow/.local/lib/python3.12/site-packages/airflow/example_dags/example_sensors.py
[2024-12-19T05:18:09.137+0000] {logging_mixin.py:190} INFO - [2024-12-19T05:18:09.137+0000] {dag.py:3239} INFO - Sync 1 DAGs
[2024-12-19T05:18:09.143+0000] {logging_mixin.py:190} INFO - [2024-12-19T05:18:09.142+0000] {dag.py:4180} INFO - Setting next_dagrun for example_sensors to None, run_after=None
[2024-12-19T05:18:09.149+0000] {processor.py:208} INFO - Processing /home/airflow/.local/lib/python3.12/site-packages/airflow/example_dags/example_sensors.py took 0.032 seconds
[2024-12-19T05:18:40.185+0000] {processor.py:186} INFO - Started process (PID=18848) to work on /home/airflow/.local/lib/python3.12/site-packages/airflow/example_dags/example_sensors.py
[2024-12-19T05:18:40.185+0000] {processor.py:914} INFO - Processing file /home/airflow/.local/lib/python3.12/site-packages/airflow/example_dags/example_sensors.py for tasks to queue
[2024-12-19T05:18:40.186+0000] {logging_mixin.py:190} INFO - [2024-12-19T05:18:40.186+0000] {dagbag.py:588} INFO - Filling up the DagBag from /home/airflow/.local/lib/python3.12/site-packages/airflow/example_dags/example_sensors.py
[2024-12-19T05:18:40.191+0000] {processor.py:925} INFO - DAG(s) 'example_sensors' retrieved from /home/airflow/.local/lib/python3.12/site-packages/airflow/example_dags/example_sensors.py
[2024-12-19T05:18:40.201+0000] {logging_mixin.py:190} INFO - [2024-12-19T05:18:40.200+0000] {dag.py:3239} INFO - Sync 1 DAGs
[2024-12-19T05:18:40.206+0000] {logging_mixin.py:190} INFO - [2024-12-19T05:18:40.205+0000] {dag.py:4180} INFO - Setting next_dagrun for example_sensors to None, run_after=None
[2024-12-19T05:18:40.211+0000] {processor.py:208} INFO - Processing /home/airflow/.local/lib/python3.12/site-packages/airflow/example_dags/example_sensors.py took 0.029 seconds
[2024-12-19T05:19:10.883+0000] {processor.py:186} INFO - Started process (PID=19139) to work on /home/airflow/.local/lib/python3.12/site-packages/airflow/example_dags/example_sensors.py
[2024-12-19T05:19:10.883+0000] {processor.py:914} INFO - Processing file /home/airflow/.local/lib/python3.12/site-packages/airflow/example_dags/example_sensors.py for tasks to queue
[2024-12-19T05:19:10.884+0000] {logging_mixin.py:190} INFO - [2024-12-19T05:19:10.884+0000] {dagbag.py:588} INFO - Filling up the DagBag from /home/airflow/.local/lib/python3.12/site-packages/airflow/example_dags/example_sensors.py
[2024-12-19T05:19:10.888+0000] {processor.py:925} INFO - DAG(s) 'example_sensors' retrieved from /home/airflow/.local/lib/python3.12/site-packages/airflow/example_dags/example_sensors.py
[2024-12-19T05:19:10.898+0000] {logging_mixin.py:190} INFO - [2024-12-19T05:19:10.898+0000] {dag.py:3239} INFO - Sync 1 DAGs
[2024-12-19T05:19:10.903+0000] {logging_mixin.py:190} INFO - [2024-12-19T05:19:10.903+0000] {dag.py:4180} INFO - Setting next_dagrun for example_sensors to None, run_after=None
[2024-12-19T05:19:10.909+0000] {processor.py:208} INFO - Processing /home/airflow/.local/lib/python3.12/site-packages/airflow/example_dags/example_sensors.py took 0.029 seconds
[2024-12-19T05:19:40.978+0000] {processor.py:186} INFO - Started process (PID=19425) to work on /home/airflow/.local/lib/python3.12/site-packages/airflow/example_dags/example_sensors.py
[2024-12-19T05:19:40.978+0000] {processor.py:914} INFO - Processing file /home/airflow/.local/lib/python3.12/site-packages/airflow/example_dags/example_sensors.py for tasks to queue
[2024-12-19T05:19:40.979+0000] {logging_mixin.py:190} INFO - [2024-12-19T05:19:40.979+0000] {dagbag.py:588} INFO - Filling up the DagBag from /home/airflow/.local/lib/python3.12/site-packages/airflow/example_dags/example_sensors.py
[2024-12-19T05:19:40.984+0000] {processor.py:925} INFO - DAG(s) 'example_sensors' retrieved from /home/airflow/.local/lib/python3.12/site-packages/airflow/example_dags/example_sensors.py
[2024-12-19T05:19:40.994+0000] {logging_mixin.py:190} INFO - [2024-12-19T05:19:40.994+0000] {dag.py:3239} INFO - Sync 1 DAGs
[2024-12-19T05:19:41.001+0000] {logging_mixin.py:190} INFO - [2024-12-19T05:19:41.001+0000] {dag.py:4180} INFO - Setting next_dagrun for example_sensors to None, run_after=None
[2024-12-19T05:19:41.006+0000] {processor.py:208} INFO - Processing /home/airflow/.local/lib/python3.12/site-packages/airflow/example_dags/example_sensors.py took 0.031 seconds
[2024-12-19T05:20:11.814+0000] {processor.py:186} INFO - Started process (PID=19721) to work on /home/airflow/.local/lib/python3.12/site-packages/airflow/example_dags/example_sensors.py
[2024-12-19T05:20:11.815+0000] {processor.py:914} INFO - Processing file /home/airflow/.local/lib/python3.12/site-packages/airflow/example_dags/example_sensors.py for tasks to queue
[2024-12-19T05:20:11.815+0000] {logging_mixin.py:190} INFO - [2024-12-19T05:20:11.815+0000] {dagbag.py:588} INFO - Filling up the DagBag from /home/airflow/.local/lib/python3.12/site-packages/airflow/example_dags/example_sensors.py
[2024-12-19T05:20:11.820+0000] {processor.py:925} INFO - DAG(s) 'example_sensors' retrieved from /home/airflow/.local/lib/python3.12/site-packages/airflow/example_dags/example_sensors.py
[2024-12-19T05:20:11.830+0000] {logging_mixin.py:190} INFO - [2024-12-19T05:20:11.830+0000] {dag.py:3239} INFO - Sync 1 DAGs
[2024-12-19T05:20:11.835+0000] {logging_mixin.py:190} INFO - [2024-12-19T05:20:11.835+0000] {dag.py:4180} INFO - Setting next_dagrun for example_sensors to None, run_after=None
[2024-12-19T05:20:11.841+0000] {processor.py:208} INFO - Processing /home/airflow/.local/lib/python3.12/site-packages/airflow/example_dags/example_sensors.py took 0.029 seconds
[2024-12-19T05:20:42.771+0000] {processor.py:186} INFO - Started process (PID=20012) to work on /home/airflow/.local/lib/python3.12/site-packages/airflow/example_dags/example_sensors.py
[2024-12-19T05:20:42.772+0000] {processor.py:914} INFO - Processing file /home/airflow/.local/lib/python3.12/site-packages/airflow/example_dags/example_sensors.py for tasks to queue
[2024-12-19T05:20:42.773+0000] {logging_mixin.py:190} INFO - [2024-12-19T05:20:42.773+0000] {dagbag.py:588} INFO - Filling up the DagBag from /home/airflow/.local/lib/python3.12/site-packages/airflow/example_dags/example_sensors.py
[2024-12-19T05:20:42.777+0000] {processor.py:925} INFO - DAG(s) 'example_sensors' retrieved from /home/airflow/.local/lib/python3.12/site-packages/airflow/example_dags/example_sensors.py
[2024-12-19T05:20:42.788+0000] {logging_mixin.py:190} INFO - [2024-12-19T05:20:42.788+0000] {dag.py:3239} INFO - Sync 1 DAGs
[2024-12-19T05:20:42.793+0000] {logging_mixin.py:190} INFO - [2024-12-19T05:20:42.793+0000] {dag.py:4180} INFO - Setting next_dagrun for example_sensors to None, run_after=None
[2024-12-19T05:20:42.799+0000] {processor.py:208} INFO - Processing /home/airflow/.local/lib/python3.12/site-packages/airflow/example_dags/example_sensors.py took 0.030 seconds
[2024-12-19T05:21:13.749+0000] {processor.py:186} INFO - Started process (PID=20303) to work on /home/airflow/.local/lib/python3.12/site-packages/airflow/example_dags/example_sensors.py
[2024-12-19T05:21:13.749+0000] {processor.py:914} INFO - Processing file /home/airflow/.local/lib/python3.12/site-packages/airflow/example_dags/example_sensors.py for tasks to queue
[2024-12-19T05:21:13.751+0000] {logging_mixin.py:190} INFO - [2024-12-19T05:21:13.751+0000] {dagbag.py:588} INFO - Filling up the DagBag from /home/airflow/.local/lib/python3.12/site-packages/airflow/example_dags/example_sensors.py
[2024-12-19T05:21:13.756+0000] {processor.py:925} INFO - DAG(s) 'example_sensors' retrieved from /home/airflow/.local/lib/python3.12/site-packages/airflow/example_dags/example_sensors.py
[2024-12-19T05:21:13.771+0000] {logging_mixin.py:190} INFO - [2024-12-19T05:21:13.771+0000] {dag.py:3239} INFO - Sync 1 DAGs
[2024-12-19T05:21:13.777+0000] {logging_mixin.py:190} INFO - [2024-12-19T05:21:13.776+0000] {dag.py:4180} INFO - Setting next_dagrun for example_sensors to None, run_after=None
[2024-12-19T05:21:13.783+0000] {processor.py:208} INFO - Processing /home/airflow/.local/lib/python3.12/site-packages/airflow/example_dags/example_sensors.py took 0.037 seconds
[2024-12-19T05:21:43.849+0000] {processor.py:186} INFO - Started process (PID=20594) to work on /home/airflow/.local/lib/python3.12/site-packages/airflow/example_dags/example_sensors.py
[2024-12-19T05:21:43.852+0000] {processor.py:914} INFO - Processing file /home/airflow/.local/lib/python3.12/site-packages/airflow/example_dags/example_sensors.py for tasks to queue
[2024-12-19T05:21:43.853+0000] {logging_mixin.py:190} INFO - [2024-12-19T05:21:43.852+0000] {dagbag.py:588} INFO - Filling up the DagBag from /home/airflow/.local/lib/python3.12/site-packages/airflow/example_dags/example_sensors.py
[2024-12-19T05:21:43.857+0000] {processor.py:925} INFO - DAG(s) 'example_sensors' retrieved from /home/airflow/.local/lib/python3.12/site-packages/airflow/example_dags/example_sensors.py
[2024-12-19T05:21:43.866+0000] {logging_mixin.py:190} INFO - [2024-12-19T05:21:43.865+0000] {dag.py:3239} INFO - Sync 1 DAGs
[2024-12-19T05:21:43.872+0000] {logging_mixin.py:190} INFO - [2024-12-19T05:21:43.872+0000] {dag.py:4180} INFO - Setting next_dagrun for example_sensors to None, run_after=None
[2024-12-19T05:21:43.879+0000] {processor.py:208} INFO - Processing /home/airflow/.local/lib/python3.12/site-packages/airflow/example_dags/example_sensors.py took 0.033 seconds
[2024-12-19T05:22:13.981+0000] {processor.py:186} INFO - Started process (PID=20885) to work on /home/airflow/.local/lib/python3.12/site-packages/airflow/example_dags/example_sensors.py
[2024-12-19T05:22:13.981+0000] {processor.py:914} INFO - Processing file /home/airflow/.local/lib/python3.12/site-packages/airflow/example_dags/example_sensors.py for tasks to queue
[2024-12-19T05:22:13.982+0000] {logging_mixin.py:190} INFO - [2024-12-19T05:22:13.982+0000] {dagbag.py:588} INFO - Filling up the DagBag from /home/airflow/.local/lib/python3.12/site-packages/airflow/example_dags/example_sensors.py
[2024-12-19T05:22:13.986+0000] {processor.py:925} INFO - DAG(s) 'example_sensors' retrieved from /home/airflow/.local/lib/python3.12/site-packages/airflow/example_dags/example_sensors.py
[2024-12-19T05:22:13.996+0000] {logging_mixin.py:190} INFO - [2024-12-19T05:22:13.996+0000] {dag.py:3239} INFO - Sync 1 DAGs
[2024-12-19T05:22:14.000+0000] {logging_mixin.py:190} INFO - [2024-12-19T05:22:14.000+0000] {dag.py:4180} INFO - Setting next_dagrun for example_sensors to None, run_after=None
[2024-12-19T05:22:14.008+0000] {processor.py:208} INFO - Processing /home/airflow/.local/lib/python3.12/site-packages/airflow/example_dags/example_sensors.py took 0.030 seconds
[2024-12-19T05:22:45.010+0000] {processor.py:186} INFO - Started process (PID=21176) to work on /home/airflow/.local/lib/python3.12/site-packages/airflow/example_dags/example_sensors.py
[2024-12-19T05:22:45.013+0000] {processor.py:914} INFO - Processing file /home/airflow/.local/lib/python3.12/site-packages/airflow/example_dags/example_sensors.py for tasks to queue
[2024-12-19T05:22:45.014+0000] {logging_mixin.py:190} INFO - [2024-12-19T05:22:45.014+0000] {dagbag.py:588} INFO - Filling up the DagBag from /home/airflow/.local/lib/python3.12/site-packages/airflow/example_dags/example_sensors.py
[2024-12-19T05:22:45.022+0000] {processor.py:925} INFO - DAG(s) 'example_sensors' retrieved from /home/airflow/.local/lib/python3.12/site-packages/airflow/example_dags/example_sensors.py
[2024-12-19T05:22:45.032+0000] {logging_mixin.py:190} INFO - [2024-12-19T05:22:45.032+0000] {dag.py:3239} INFO - Sync 1 DAGs
[2024-12-19T05:22:45.037+0000] {logging_mixin.py:190} INFO - [2024-12-19T05:22:45.037+0000] {dag.py:4180} INFO - Setting next_dagrun for example_sensors to None, run_after=None
[2024-12-19T05:22:45.043+0000] {processor.py:208} INFO - Processing /home/airflow/.local/lib/python3.12/site-packages/airflow/example_dags/example_sensors.py took 0.036 seconds
[2024-12-19T05:23:15.162+0000] {processor.py:186} INFO - Started process (PID=21467) to work on /home/airflow/.local/lib/python3.12/site-packages/airflow/example_dags/example_sensors.py
[2024-12-19T05:23:15.163+0000] {processor.py:914} INFO - Processing file /home/airflow/.local/lib/python3.12/site-packages/airflow/example_dags/example_sensors.py for tasks to queue
[2024-12-19T05:23:15.165+0000] {logging_mixin.py:190} INFO - [2024-12-19T05:23:15.165+0000] {dagbag.py:588} INFO - Filling up the DagBag from /home/airflow/.local/lib/python3.12/site-packages/airflow/example_dags/example_sensors.py
[2024-12-19T05:23:15.172+0000] {processor.py:925} INFO - DAG(s) 'example_sensors' retrieved from /home/airflow/.local/lib/python3.12/site-packages/airflow/example_dags/example_sensors.py
[2024-12-19T05:23:15.185+0000] {logging_mixin.py:190} INFO - [2024-12-19T05:23:15.185+0000] {dag.py:3239} INFO - Sync 1 DAGs
[2024-12-19T05:23:15.191+0000] {logging_mixin.py:190} INFO - [2024-12-19T05:23:15.191+0000] {dag.py:4180} INFO - Setting next_dagrun for example_sensors to None, run_after=None
[2024-12-19T05:23:15.199+0000] {processor.py:208} INFO - Processing /home/airflow/.local/lib/python3.12/site-packages/airflow/example_dags/example_sensors.py took 0.040 seconds
[2024-12-19T05:23:45.493+0000] {processor.py:186} INFO - Started process (PID=21758) to work on /home/airflow/.local/lib/python3.12/site-packages/airflow/example_dags/example_sensors.py
[2024-12-19T05:23:45.493+0000] {processor.py:914} INFO - Processing file /home/airflow/.local/lib/python3.12/site-packages/airflow/example_dags/example_sensors.py for tasks to queue
[2024-12-19T05:23:45.495+0000] {logging_mixin.py:190} INFO - [2024-12-19T05:23:45.494+0000] {dagbag.py:588} INFO - Filling up the DagBag from /home/airflow/.local/lib/python3.12/site-packages/airflow/example_dags/example_sensors.py
[2024-12-19T05:23:45.500+0000] {processor.py:925} INFO - DAG(s) 'example_sensors' retrieved from /home/airflow/.local/lib/python3.12/site-packages/airflow/example_dags/example_sensors.py
[2024-12-19T05:23:45.511+0000] {logging_mixin.py:190} INFO - [2024-12-19T05:23:45.511+0000] {dag.py:3239} INFO - Sync 1 DAGs
[2024-12-19T05:23:45.517+0000] {logging_mixin.py:190} INFO - [2024-12-19T05:23:45.517+0000] {dag.py:4180} INFO - Setting next_dagrun for example_sensors to None, run_after=None
[2024-12-19T05:23:45.523+0000] {processor.py:208} INFO - Processing /home/airflow/.local/lib/python3.12/site-packages/airflow/example_dags/example_sensors.py took 0.033 seconds
