[2024-12-19T04:00:04.929+0000] {processor.py:186} INFO - Started process (PID=242) to work on /home/airflow/.local/lib/python3.12/site-packages/airflow/example_dags/example_task_group.py
[2024-12-19T04:00:04.930+0000] {processor.py:914} INFO - Processing file /home/airflow/.local/lib/python3.12/site-packages/airflow/example_dags/example_task_group.py for tasks to queue
[2024-12-19T04:00:04.931+0000] {logging_mixin.py:190} INFO - [2024-12-19T04:00:04.930+0000] {dagbag.py:588} INFO - Filling up the DagBag from /home/airflow/.local/lib/python3.12/site-packages/airflow/example_dags/example_task_group.py
[2024-12-19T04:00:04.937+0000] {processor.py:925} INFO - DAG(s) 'example_task_group' retrieved from /home/airflow/.local/lib/python3.12/site-packages/airflow/example_dags/example_task_group.py
[2024-12-19T04:00:04.980+0000] {logging_mixin.py:190} INFO - [2024-12-19T04:00:04.979+0000] {override.py:1911} INFO - Created Permission View: can edit on DAG:example_task_group
[2024-12-19T04:00:04.983+0000] {logging_mixin.py:190} INFO - [2024-12-19T04:00:04.983+0000] {override.py:1911} INFO - Created Permission View: can delete on DAG:example_task_group
[2024-12-19T04:00:04.985+0000] {logging_mixin.py:190} INFO - [2024-12-19T04:00:04.985+0000] {override.py:1911} INFO - Created Permission View: can read on DAG:example_task_group
[2024-12-19T04:00:04.987+0000] {logging_mixin.py:190} INFO - [2024-12-19T04:00:04.987+0000] {override.py:1911} INFO - Created Permission View: can create on DAG Run:example_task_group
[2024-12-19T04:00:04.992+0000] {logging_mixin.py:190} INFO - [2024-12-19T04:00:04.992+0000] {override.py:1911} INFO - Created Permission View: can delete on DAG Run:example_task_group
[2024-12-19T04:00:04.994+0000] {logging_mixin.py:190} INFO - [2024-12-19T04:00:04.994+0000] {override.py:1911} INFO - Created Permission View: menu access on DAG Run:example_task_group
[2024-12-19T04:00:04.995+0000] {logging_mixin.py:190} INFO - [2024-12-19T04:00:04.995+0000] {override.py:1911} INFO - Created Permission View: can read on DAG Run:example_task_group
[2024-12-19T04:00:04.996+0000] {logging_mixin.py:190} INFO - [2024-12-19T04:00:04.995+0000] {dag.py:3239} INFO - Sync 1 DAGs
[2024-12-19T04:00:05.000+0000] {logging_mixin.py:190} INFO - [2024-12-19T04:00:05.000+0000] {dag.py:3262} INFO - Creating ORM DAG for example_task_group
[2024-12-19T04:00:05.001+0000] {logging_mixin.py:190} INFO - [2024-12-19T04:00:05.001+0000] {dag.py:4180} INFO - Setting next_dagrun for example_task_group to None, run_after=None
[2024-12-19T04:00:05.007+0000] {processor.py:208} INFO - Processing /home/airflow/.local/lib/python3.12/site-packages/airflow/example_dags/example_task_group.py took 0.080 seconds
[2024-12-19T04:00:55.134+0000] {processor.py:186} INFO - Started process (PID=240) to work on /home/airflow/.local/lib/python3.12/site-packages/airflow/example_dags/example_task_group.py
[2024-12-19T04:00:55.134+0000] {processor.py:914} INFO - Processing file /home/airflow/.local/lib/python3.12/site-packages/airflow/example_dags/example_task_group.py for tasks to queue
[2024-12-19T04:00:55.136+0000] {logging_mixin.py:190} INFO - [2024-12-19T04:00:55.135+0000] {dagbag.py:588} INFO - Filling up the DagBag from /home/airflow/.local/lib/python3.12/site-packages/airflow/example_dags/example_task_group.py
[2024-12-19T04:00:55.142+0000] {processor.py:925} INFO - DAG(s) 'example_task_group' retrieved from /home/airflow/.local/lib/python3.12/site-packages/airflow/example_dags/example_task_group.py
[2024-12-19T04:00:55.151+0000] {logging_mixin.py:190} INFO - [2024-12-19T04:00:55.151+0000] {dag.py:3239} INFO - Sync 1 DAGs
[2024-12-19T04:00:55.157+0000] {logging_mixin.py:190} INFO - [2024-12-19T04:00:55.157+0000] {dag.py:4180} INFO - Setting next_dagrun for example_task_group to None, run_after=None
[2024-12-19T04:00:55.165+0000] {processor.py:208} INFO - Processing /home/airflow/.local/lib/python3.12/site-packages/airflow/example_dags/example_task_group.py took 0.034 seconds
[2024-12-19T04:01:25.274+0000] {processor.py:186} INFO - Started process (PID=531) to work on /home/airflow/.local/lib/python3.12/site-packages/airflow/example_dags/example_task_group.py
[2024-12-19T04:01:25.274+0000] {processor.py:914} INFO - Processing file /home/airflow/.local/lib/python3.12/site-packages/airflow/example_dags/example_task_group.py for tasks to queue
[2024-12-19T04:01:25.275+0000] {logging_mixin.py:190} INFO - [2024-12-19T04:01:25.275+0000] {dagbag.py:588} INFO - Filling up the DagBag from /home/airflow/.local/lib/python3.12/site-packages/airflow/example_dags/example_task_group.py
[2024-12-19T04:01:25.279+0000] {processor.py:925} INFO - DAG(s) 'example_task_group' retrieved from /home/airflow/.local/lib/python3.12/site-packages/airflow/example_dags/example_task_group.py
[2024-12-19T04:01:25.293+0000] {logging_mixin.py:190} INFO - [2024-12-19T04:01:25.293+0000] {dag.py:3239} INFO - Sync 1 DAGs
[2024-12-19T04:01:25.303+0000] {logging_mixin.py:190} INFO - [2024-12-19T04:01:25.302+0000] {dag.py:4180} INFO - Setting next_dagrun for example_task_group to None, run_after=None
[2024-12-19T04:01:25.315+0000] {processor.py:208} INFO - Processing /home/airflow/.local/lib/python3.12/site-packages/airflow/example_dags/example_task_group.py took 0.044 seconds
[2024-12-19T04:01:55.793+0000] {processor.py:186} INFO - Started process (PID=822) to work on /home/airflow/.local/lib/python3.12/site-packages/airflow/example_dags/example_task_group.py
[2024-12-19T04:01:55.793+0000] {processor.py:914} INFO - Processing file /home/airflow/.local/lib/python3.12/site-packages/airflow/example_dags/example_task_group.py for tasks to queue
[2024-12-19T04:01:55.794+0000] {logging_mixin.py:190} INFO - [2024-12-19T04:01:55.794+0000] {dagbag.py:588} INFO - Filling up the DagBag from /home/airflow/.local/lib/python3.12/site-packages/airflow/example_dags/example_task_group.py
[2024-12-19T04:01:55.797+0000] {processor.py:925} INFO - DAG(s) 'example_task_group' retrieved from /home/airflow/.local/lib/python3.12/site-packages/airflow/example_dags/example_task_group.py
[2024-12-19T04:01:55.806+0000] {logging_mixin.py:190} INFO - [2024-12-19T04:01:55.806+0000] {dag.py:3239} INFO - Sync 1 DAGs
[2024-12-19T04:01:55.812+0000] {logging_mixin.py:190} INFO - [2024-12-19T04:01:55.812+0000] {dag.py:4180} INFO - Setting next_dagrun for example_task_group to None, run_after=None
[2024-12-19T04:01:55.819+0000] {processor.py:208} INFO - Processing /home/airflow/.local/lib/python3.12/site-packages/airflow/example_dags/example_task_group.py took 0.028 seconds
[2024-12-19T04:02:25.995+0000] {processor.py:186} INFO - Started process (PID=1137) to work on /home/airflow/.local/lib/python3.12/site-packages/airflow/example_dags/example_task_group.py
[2024-12-19T04:02:25.997+0000] {processor.py:914} INFO - Processing file /home/airflow/.local/lib/python3.12/site-packages/airflow/example_dags/example_task_group.py for tasks to queue
[2024-12-19T04:02:25.999+0000] {logging_mixin.py:190} INFO - [2024-12-19T04:02:25.999+0000] {dagbag.py:588} INFO - Filling up the DagBag from /home/airflow/.local/lib/python3.12/site-packages/airflow/example_dags/example_task_group.py
[2024-12-19T04:02:26.002+0000] {processor.py:925} INFO - DAG(s) 'example_task_group' retrieved from /home/airflow/.local/lib/python3.12/site-packages/airflow/example_dags/example_task_group.py
[2024-12-19T04:02:26.010+0000] {logging_mixin.py:190} INFO - [2024-12-19T04:02:26.010+0000] {dag.py:3239} INFO - Sync 1 DAGs
[2024-12-19T04:02:26.015+0000] {logging_mixin.py:190} INFO - [2024-12-19T04:02:26.015+0000] {dag.py:4180} INFO - Setting next_dagrun for example_task_group to None, run_after=None
[2024-12-19T04:02:26.021+0000] {processor.py:208} INFO - Processing /home/airflow/.local/lib/python3.12/site-packages/airflow/example_dags/example_task_group.py took 0.029 seconds
[2024-12-19T04:02:56.130+0000] {processor.py:186} INFO - Started process (PID=1433) to work on /home/airflow/.local/lib/python3.12/site-packages/airflow/example_dags/example_task_group.py
[2024-12-19T04:02:56.131+0000] {processor.py:914} INFO - Processing file /home/airflow/.local/lib/python3.12/site-packages/airflow/example_dags/example_task_group.py for tasks to queue
[2024-12-19T04:02:56.132+0000] {logging_mixin.py:190} INFO - [2024-12-19T04:02:56.132+0000] {dagbag.py:588} INFO - Filling up the DagBag from /home/airflow/.local/lib/python3.12/site-packages/airflow/example_dags/example_task_group.py
[2024-12-19T04:02:56.135+0000] {processor.py:925} INFO - DAG(s) 'example_task_group' retrieved from /home/airflow/.local/lib/python3.12/site-packages/airflow/example_dags/example_task_group.py
[2024-12-19T04:02:56.144+0000] {logging_mixin.py:190} INFO - [2024-12-19T04:02:56.144+0000] {dag.py:3239} INFO - Sync 1 DAGs
[2024-12-19T04:02:56.149+0000] {logging_mixin.py:190} INFO - [2024-12-19T04:02:56.149+0000] {dag.py:4180} INFO - Setting next_dagrun for example_task_group to None, run_after=None
[2024-12-19T04:02:56.156+0000] {processor.py:208} INFO - Processing /home/airflow/.local/lib/python3.12/site-packages/airflow/example_dags/example_task_group.py took 0.028 seconds
[2024-12-19T04:03:26.272+0000] {processor.py:186} INFO - Started process (PID=1719) to work on /home/airflow/.local/lib/python3.12/site-packages/airflow/example_dags/example_task_group.py
[2024-12-19T04:03:26.272+0000] {processor.py:914} INFO - Processing file /home/airflow/.local/lib/python3.12/site-packages/airflow/example_dags/example_task_group.py for tasks to queue
[2024-12-19T04:03:26.273+0000] {logging_mixin.py:190} INFO - [2024-12-19T04:03:26.273+0000] {dagbag.py:588} INFO - Filling up the DagBag from /home/airflow/.local/lib/python3.12/site-packages/airflow/example_dags/example_task_group.py
[2024-12-19T04:03:26.277+0000] {processor.py:925} INFO - DAG(s) 'example_task_group' retrieved from /home/airflow/.local/lib/python3.12/site-packages/airflow/example_dags/example_task_group.py
[2024-12-19T04:03:26.287+0000] {logging_mixin.py:190} INFO - [2024-12-19T04:03:26.287+0000] {dag.py:3239} INFO - Sync 1 DAGs
[2024-12-19T04:03:26.293+0000] {logging_mixin.py:190} INFO - [2024-12-19T04:03:26.293+0000] {dag.py:4180} INFO - Setting next_dagrun for example_task_group to None, run_after=None
[2024-12-19T04:03:26.300+0000] {processor.py:208} INFO - Processing /home/airflow/.local/lib/python3.12/site-packages/airflow/example_dags/example_task_group.py took 0.031 seconds
[2024-12-19T04:03:56.541+0000] {processor.py:186} INFO - Started process (PID=2010) to work on /home/airflow/.local/lib/python3.12/site-packages/airflow/example_dags/example_task_group.py
[2024-12-19T04:03:56.542+0000] {processor.py:914} INFO - Processing file /home/airflow/.local/lib/python3.12/site-packages/airflow/example_dags/example_task_group.py for tasks to queue
[2024-12-19T04:03:56.543+0000] {logging_mixin.py:190} INFO - [2024-12-19T04:03:56.543+0000] {dagbag.py:588} INFO - Filling up the DagBag from /home/airflow/.local/lib/python3.12/site-packages/airflow/example_dags/example_task_group.py
[2024-12-19T04:03:56.546+0000] {processor.py:925} INFO - DAG(s) 'example_task_group' retrieved from /home/airflow/.local/lib/python3.12/site-packages/airflow/example_dags/example_task_group.py
[2024-12-19T04:03:56.554+0000] {logging_mixin.py:190} INFO - [2024-12-19T04:03:56.554+0000] {dag.py:3239} INFO - Sync 1 DAGs
[2024-12-19T04:03:56.559+0000] {logging_mixin.py:190} INFO - [2024-12-19T04:03:56.559+0000] {dag.py:4180} INFO - Setting next_dagrun for example_task_group to None, run_after=None
[2024-12-19T04:03:56.566+0000] {processor.py:208} INFO - Processing /home/airflow/.local/lib/python3.12/site-packages/airflow/example_dags/example_task_group.py took 0.028 seconds
[2024-12-19T04:04:26.993+0000] {processor.py:186} INFO - Started process (PID=2301) to work on /home/airflow/.local/lib/python3.12/site-packages/airflow/example_dags/example_task_group.py
[2024-12-19T04:04:26.993+0000] {processor.py:914} INFO - Processing file /home/airflow/.local/lib/python3.12/site-packages/airflow/example_dags/example_task_group.py for tasks to queue
[2024-12-19T04:04:26.994+0000] {logging_mixin.py:190} INFO - [2024-12-19T04:04:26.994+0000] {dagbag.py:588} INFO - Filling up the DagBag from /home/airflow/.local/lib/python3.12/site-packages/airflow/example_dags/example_task_group.py
[2024-12-19T04:04:26.998+0000] {processor.py:925} INFO - DAG(s) 'example_task_group' retrieved from /home/airflow/.local/lib/python3.12/site-packages/airflow/example_dags/example_task_group.py
[2024-12-19T04:04:27.007+0000] {logging_mixin.py:190} INFO - [2024-12-19T04:04:27.007+0000] {dag.py:3239} INFO - Sync 1 DAGs
[2024-12-19T04:04:27.012+0000] {logging_mixin.py:190} INFO - [2024-12-19T04:04:27.012+0000] {dag.py:4180} INFO - Setting next_dagrun for example_task_group to None, run_after=None
[2024-12-19T04:04:27.019+0000] {processor.py:208} INFO - Processing /home/airflow/.local/lib/python3.12/site-packages/airflow/example_dags/example_task_group.py took 0.028 seconds
[2024-12-19T04:04:57.384+0000] {processor.py:186} INFO - Started process (PID=2592) to work on /home/airflow/.local/lib/python3.12/site-packages/airflow/example_dags/example_task_group.py
[2024-12-19T04:04:57.385+0000] {processor.py:914} INFO - Processing file /home/airflow/.local/lib/python3.12/site-packages/airflow/example_dags/example_task_group.py for tasks to queue
[2024-12-19T04:04:57.386+0000] {logging_mixin.py:190} INFO - [2024-12-19T04:04:57.386+0000] {dagbag.py:588} INFO - Filling up the DagBag from /home/airflow/.local/lib/python3.12/site-packages/airflow/example_dags/example_task_group.py
[2024-12-19T04:04:57.390+0000] {processor.py:925} INFO - DAG(s) 'example_task_group' retrieved from /home/airflow/.local/lib/python3.12/site-packages/airflow/example_dags/example_task_group.py
[2024-12-19T04:04:57.399+0000] {logging_mixin.py:190} INFO - [2024-12-19T04:04:57.399+0000] {dag.py:3239} INFO - Sync 1 DAGs
[2024-12-19T04:04:57.404+0000] {logging_mixin.py:190} INFO - [2024-12-19T04:04:57.404+0000] {dag.py:4180} INFO - Setting next_dagrun for example_task_group to None, run_after=None
[2024-12-19T04:04:57.412+0000] {processor.py:208} INFO - Processing /home/airflow/.local/lib/python3.12/site-packages/airflow/example_dags/example_task_group.py took 0.030 seconds
[2024-12-19T04:05:28.545+0000] {processor.py:186} INFO - Started process (PID=2888) to work on /home/airflow/.local/lib/python3.12/site-packages/airflow/example_dags/example_task_group.py
[2024-12-19T04:05:28.546+0000] {processor.py:914} INFO - Processing file /home/airflow/.local/lib/python3.12/site-packages/airflow/example_dags/example_task_group.py for tasks to queue
[2024-12-19T04:05:28.547+0000] {logging_mixin.py:190} INFO - [2024-12-19T04:05:28.547+0000] {dagbag.py:588} INFO - Filling up the DagBag from /home/airflow/.local/lib/python3.12/site-packages/airflow/example_dags/example_task_group.py
[2024-12-19T04:05:28.550+0000] {processor.py:925} INFO - DAG(s) 'example_task_group' retrieved from /home/airflow/.local/lib/python3.12/site-packages/airflow/example_dags/example_task_group.py
[2024-12-19T04:05:28.558+0000] {logging_mixin.py:190} INFO - [2024-12-19T04:05:28.558+0000] {dag.py:3239} INFO - Sync 1 DAGs
[2024-12-19T04:05:28.563+0000] {logging_mixin.py:190} INFO - [2024-12-19T04:05:28.563+0000] {dag.py:4180} INFO - Setting next_dagrun for example_task_group to None, run_after=None
[2024-12-19T04:05:28.571+0000] {processor.py:208} INFO - Processing /home/airflow/.local/lib/python3.12/site-packages/airflow/example_dags/example_task_group.py took 0.029 seconds
[2024-12-19T04:22:24.357+0000] {processor.py:186} INFO - Started process (PID=3020) to work on /home/airflow/.local/lib/python3.12/site-packages/airflow/example_dags/example_task_group.py
[2024-12-19T04:22:24.357+0000] {processor.py:914} INFO - Processing file /home/airflow/.local/lib/python3.12/site-packages/airflow/example_dags/example_task_group.py for tasks to queue
[2024-12-19T04:22:24.358+0000] {logging_mixin.py:190} INFO - [2024-12-19T04:22:24.358+0000] {dagbag.py:588} INFO - Filling up the DagBag from /home/airflow/.local/lib/python3.12/site-packages/airflow/example_dags/example_task_group.py
[2024-12-19T04:22:24.361+0000] {processor.py:925} INFO - DAG(s) 'example_task_group' retrieved from /home/airflow/.local/lib/python3.12/site-packages/airflow/example_dags/example_task_group.py
[2024-12-19T04:22:24.368+0000] {logging_mixin.py:190} INFO - [2024-12-19T04:22:24.368+0000] {dag.py:3239} INFO - Sync 1 DAGs
[2024-12-19T04:22:24.372+0000] {logging_mixin.py:190} INFO - [2024-12-19T04:22:24.372+0000] {dag.py:4180} INFO - Setting next_dagrun for example_task_group to None, run_after=None
[2024-12-19T04:22:24.378+0000] {processor.py:208} INFO - Processing /home/airflow/.local/lib/python3.12/site-packages/airflow/example_dags/example_task_group.py took 0.023 seconds
[2024-12-19T04:22:54.588+0000] {processor.py:186} INFO - Started process (PID=3309) to work on /home/airflow/.local/lib/python3.12/site-packages/airflow/example_dags/example_task_group.py
[2024-12-19T04:22:54.590+0000] {processor.py:914} INFO - Processing file /home/airflow/.local/lib/python3.12/site-packages/airflow/example_dags/example_task_group.py for tasks to queue
[2024-12-19T04:22:54.591+0000] {logging_mixin.py:190} INFO - [2024-12-19T04:22:54.590+0000] {dagbag.py:588} INFO - Filling up the DagBag from /home/airflow/.local/lib/python3.12/site-packages/airflow/example_dags/example_task_group.py
[2024-12-19T04:22:54.594+0000] {processor.py:925} INFO - DAG(s) 'example_task_group' retrieved from /home/airflow/.local/lib/python3.12/site-packages/airflow/example_dags/example_task_group.py
[2024-12-19T04:22:54.603+0000] {logging_mixin.py:190} INFO - [2024-12-19T04:22:54.603+0000] {dag.py:3239} INFO - Sync 1 DAGs
[2024-12-19T04:22:54.610+0000] {logging_mixin.py:190} INFO - [2024-12-19T04:22:54.609+0000] {dag.py:4180} INFO - Setting next_dagrun for example_task_group to None, run_after=None
[2024-12-19T04:22:54.619+0000] {processor.py:208} INFO - Processing /home/airflow/.local/lib/python3.12/site-packages/airflow/example_dags/example_task_group.py took 0.034 seconds
[2024-12-19T04:39:22.318+0000] {processor.py:186} INFO - Started process (PID=3600) to work on /home/airflow/.local/lib/python3.12/site-packages/airflow/example_dags/example_task_group.py
[2024-12-19T04:39:22.320+0000] {processor.py:914} INFO - Processing file /home/airflow/.local/lib/python3.12/site-packages/airflow/example_dags/example_task_group.py for tasks to queue
[2024-12-19T04:39:22.321+0000] {logging_mixin.py:190} INFO - [2024-12-19T04:39:22.321+0000] {dagbag.py:588} INFO - Filling up the DagBag from /home/airflow/.local/lib/python3.12/site-packages/airflow/example_dags/example_task_group.py
[2024-12-19T04:39:22.324+0000] {processor.py:925} INFO - DAG(s) 'example_task_group' retrieved from /home/airflow/.local/lib/python3.12/site-packages/airflow/example_dags/example_task_group.py
[2024-12-19T04:39:22.332+0000] {logging_mixin.py:190} INFO - [2024-12-19T04:39:22.332+0000] {dag.py:3239} INFO - Sync 1 DAGs
[2024-12-19T04:39:22.336+0000] {logging_mixin.py:190} INFO - [2024-12-19T04:39:22.336+0000] {dag.py:4180} INFO - Setting next_dagrun for example_task_group to None, run_after=None
[2024-12-19T04:39:22.343+0000] {processor.py:208} INFO - Processing /home/airflow/.local/lib/python3.12/site-packages/airflow/example_dags/example_task_group.py took 0.027 seconds
[2024-12-19T04:39:52.517+0000] {processor.py:186} INFO - Started process (PID=3891) to work on /home/airflow/.local/lib/python3.12/site-packages/airflow/example_dags/example_task_group.py
[2024-12-19T04:39:52.518+0000] {processor.py:914} INFO - Processing file /home/airflow/.local/lib/python3.12/site-packages/airflow/example_dags/example_task_group.py for tasks to queue
[2024-12-19T04:39:52.519+0000] {logging_mixin.py:190} INFO - [2024-12-19T04:39:52.519+0000] {dagbag.py:588} INFO - Filling up the DagBag from /home/airflow/.local/lib/python3.12/site-packages/airflow/example_dags/example_task_group.py
[2024-12-19T04:39:52.522+0000] {processor.py:925} INFO - DAG(s) 'example_task_group' retrieved from /home/airflow/.local/lib/python3.12/site-packages/airflow/example_dags/example_task_group.py
[2024-12-19T04:39:52.530+0000] {logging_mixin.py:190} INFO - [2024-12-19T04:39:52.530+0000] {dag.py:3239} INFO - Sync 1 DAGs
[2024-12-19T04:39:52.535+0000] {logging_mixin.py:190} INFO - [2024-12-19T04:39:52.535+0000] {dag.py:4180} INFO - Setting next_dagrun for example_task_group to None, run_after=None
[2024-12-19T04:39:52.541+0000] {processor.py:208} INFO - Processing /home/airflow/.local/lib/python3.12/site-packages/airflow/example_dags/example_task_group.py took 0.026 seconds
[2024-12-19T04:40:23.529+0000] {processor.py:186} INFO - Started process (PID=4188) to work on /home/airflow/.local/lib/python3.12/site-packages/airflow/example_dags/example_task_group.py
[2024-12-19T04:40:23.530+0000] {processor.py:914} INFO - Processing file /home/airflow/.local/lib/python3.12/site-packages/airflow/example_dags/example_task_group.py for tasks to queue
[2024-12-19T04:40:23.531+0000] {logging_mixin.py:190} INFO - [2024-12-19T04:40:23.531+0000] {dagbag.py:588} INFO - Filling up the DagBag from /home/airflow/.local/lib/python3.12/site-packages/airflow/example_dags/example_task_group.py
[2024-12-19T04:40:23.534+0000] {processor.py:925} INFO - DAG(s) 'example_task_group' retrieved from /home/airflow/.local/lib/python3.12/site-packages/airflow/example_dags/example_task_group.py
[2024-12-19T04:40:23.543+0000] {logging_mixin.py:190} INFO - [2024-12-19T04:40:23.543+0000] {dag.py:3239} INFO - Sync 1 DAGs
[2024-12-19T04:40:23.548+0000] {logging_mixin.py:190} INFO - [2024-12-19T04:40:23.547+0000] {dag.py:4180} INFO - Setting next_dagrun for example_task_group to None, run_after=None
[2024-12-19T04:40:23.557+0000] {processor.py:208} INFO - Processing /home/airflow/.local/lib/python3.12/site-packages/airflow/example_dags/example_task_group.py took 0.030 seconds
[2024-12-19T04:40:54.530+0000] {processor.py:186} INFO - Started process (PID=4481) to work on /home/airflow/.local/lib/python3.12/site-packages/airflow/example_dags/example_task_group.py
[2024-12-19T04:40:54.530+0000] {processor.py:914} INFO - Processing file /home/airflow/.local/lib/python3.12/site-packages/airflow/example_dags/example_task_group.py for tasks to queue
[2024-12-19T04:40:54.531+0000] {logging_mixin.py:190} INFO - [2024-12-19T04:40:54.531+0000] {dagbag.py:588} INFO - Filling up the DagBag from /home/airflow/.local/lib/python3.12/site-packages/airflow/example_dags/example_task_group.py
[2024-12-19T04:40:54.534+0000] {processor.py:925} INFO - DAG(s) 'example_task_group' retrieved from /home/airflow/.local/lib/python3.12/site-packages/airflow/example_dags/example_task_group.py
[2024-12-19T04:40:54.541+0000] {logging_mixin.py:190} INFO - [2024-12-19T04:40:54.541+0000] {dag.py:3239} INFO - Sync 1 DAGs
[2024-12-19T04:40:54.546+0000] {logging_mixin.py:190} INFO - [2024-12-19T04:40:54.546+0000] {dag.py:4180} INFO - Setting next_dagrun for example_task_group to None, run_after=None
[2024-12-19T04:40:54.551+0000] {processor.py:208} INFO - Processing /home/airflow/.local/lib/python3.12/site-packages/airflow/example_dags/example_task_group.py took 0.024 seconds
[2024-12-19T04:41:25.549+0000] {processor.py:186} INFO - Started process (PID=4770) to work on /home/airflow/.local/lib/python3.12/site-packages/airflow/example_dags/example_task_group.py
[2024-12-19T04:41:25.550+0000] {processor.py:914} INFO - Processing file /home/airflow/.local/lib/python3.12/site-packages/airflow/example_dags/example_task_group.py for tasks to queue
[2024-12-19T04:41:25.551+0000] {logging_mixin.py:190} INFO - [2024-12-19T04:41:25.551+0000] {dagbag.py:588} INFO - Filling up the DagBag from /home/airflow/.local/lib/python3.12/site-packages/airflow/example_dags/example_task_group.py
[2024-12-19T04:41:25.556+0000] {processor.py:925} INFO - DAG(s) 'example_task_group' retrieved from /home/airflow/.local/lib/python3.12/site-packages/airflow/example_dags/example_task_group.py
[2024-12-19T04:41:25.566+0000] {logging_mixin.py:190} INFO - [2024-12-19T04:41:25.566+0000] {dag.py:3239} INFO - Sync 1 DAGs
[2024-12-19T04:41:25.571+0000] {logging_mixin.py:190} INFO - [2024-12-19T04:41:25.571+0000] {dag.py:4180} INFO - Setting next_dagrun for example_task_group to None, run_after=None
[2024-12-19T04:41:25.578+0000] {processor.py:208} INFO - Processing /home/airflow/.local/lib/python3.12/site-packages/airflow/example_dags/example_task_group.py took 0.031 seconds
[2024-12-19T04:41:55.690+0000] {processor.py:186} INFO - Started process (PID=5061) to work on /home/airflow/.local/lib/python3.12/site-packages/airflow/example_dags/example_task_group.py
[2024-12-19T04:41:55.691+0000] {processor.py:914} INFO - Processing file /home/airflow/.local/lib/python3.12/site-packages/airflow/example_dags/example_task_group.py for tasks to queue
[2024-12-19T04:41:55.692+0000] {logging_mixin.py:190} INFO - [2024-12-19T04:41:55.692+0000] {dagbag.py:588} INFO - Filling up the DagBag from /home/airflow/.local/lib/python3.12/site-packages/airflow/example_dags/example_task_group.py
[2024-12-19T04:41:55.696+0000] {processor.py:925} INFO - DAG(s) 'example_task_group' retrieved from /home/airflow/.local/lib/python3.12/site-packages/airflow/example_dags/example_task_group.py
[2024-12-19T04:41:55.704+0000] {logging_mixin.py:190} INFO - [2024-12-19T04:41:55.704+0000] {dag.py:3239} INFO - Sync 1 DAGs
[2024-12-19T04:41:55.710+0000] {logging_mixin.py:190} INFO - [2024-12-19T04:41:55.710+0000] {dag.py:4180} INFO - Setting next_dagrun for example_task_group to None, run_after=None
[2024-12-19T04:41:55.715+0000] {processor.py:208} INFO - Processing /home/airflow/.local/lib/python3.12/site-packages/airflow/example_dags/example_task_group.py took 0.028 seconds
[2024-12-19T04:55:18.504+0000] {processor.py:186} INFO - Started process (PID=5346) to work on /home/airflow/.local/lib/python3.12/site-packages/airflow/example_dags/example_task_group.py
[2024-12-19T04:55:18.504+0000] {processor.py:914} INFO - Processing file /home/airflow/.local/lib/python3.12/site-packages/airflow/example_dags/example_task_group.py for tasks to queue
[2024-12-19T04:55:18.506+0000] {logging_mixin.py:190} INFO - [2024-12-19T04:55:18.506+0000] {dagbag.py:588} INFO - Filling up the DagBag from /home/airflow/.local/lib/python3.12/site-packages/airflow/example_dags/example_task_group.py
[2024-12-19T04:55:18.510+0000] {processor.py:925} INFO - DAG(s) 'example_task_group' retrieved from /home/airflow/.local/lib/python3.12/site-packages/airflow/example_dags/example_task_group.py
[2024-12-19T04:55:18.521+0000] {logging_mixin.py:190} INFO - [2024-12-19T04:55:18.521+0000] {dag.py:3239} INFO - Sync 1 DAGs
[2024-12-19T04:55:18.526+0000] {logging_mixin.py:190} INFO - [2024-12-19T04:55:18.526+0000] {dag.py:4180} INFO - Setting next_dagrun for example_task_group to None, run_after=None
[2024-12-19T04:55:18.532+0000] {processor.py:208} INFO - Processing /home/airflow/.local/lib/python3.12/site-packages/airflow/example_dags/example_task_group.py took 0.031 seconds
[2024-12-19T04:55:48.800+0000] {processor.py:186} INFO - Started process (PID=5637) to work on /home/airflow/.local/lib/python3.12/site-packages/airflow/example_dags/example_task_group.py
[2024-12-19T04:55:48.801+0000] {processor.py:914} INFO - Processing file /home/airflow/.local/lib/python3.12/site-packages/airflow/example_dags/example_task_group.py for tasks to queue
[2024-12-19T04:55:48.802+0000] {logging_mixin.py:190} INFO - [2024-12-19T04:55:48.802+0000] {dagbag.py:588} INFO - Filling up the DagBag from /home/airflow/.local/lib/python3.12/site-packages/airflow/example_dags/example_task_group.py
[2024-12-19T04:55:48.806+0000] {processor.py:925} INFO - DAG(s) 'example_task_group' retrieved from /home/airflow/.local/lib/python3.12/site-packages/airflow/example_dags/example_task_group.py
[2024-12-19T04:55:48.814+0000] {logging_mixin.py:190} INFO - [2024-12-19T04:55:48.814+0000] {dag.py:3239} INFO - Sync 1 DAGs
[2024-12-19T04:55:48.819+0000] {logging_mixin.py:190} INFO - [2024-12-19T04:55:48.819+0000] {dag.py:4180} INFO - Setting next_dagrun for example_task_group to None, run_after=None
[2024-12-19T04:55:48.828+0000] {processor.py:208} INFO - Processing /home/airflow/.local/lib/python3.12/site-packages/airflow/example_dags/example_task_group.py took 0.030 seconds
[2024-12-19T04:56:18.908+0000] {processor.py:186} INFO - Started process (PID=5928) to work on /home/airflow/.local/lib/python3.12/site-packages/airflow/example_dags/example_task_group.py
[2024-12-19T04:56:18.908+0000] {processor.py:914} INFO - Processing file /home/airflow/.local/lib/python3.12/site-packages/airflow/example_dags/example_task_group.py for tasks to queue
[2024-12-19T04:56:18.909+0000] {logging_mixin.py:190} INFO - [2024-12-19T04:56:18.909+0000] {dagbag.py:588} INFO - Filling up the DagBag from /home/airflow/.local/lib/python3.12/site-packages/airflow/example_dags/example_task_group.py
[2024-12-19T04:56:18.913+0000] {processor.py:925} INFO - DAG(s) 'example_task_group' retrieved from /home/airflow/.local/lib/python3.12/site-packages/airflow/example_dags/example_task_group.py
[2024-12-19T04:56:18.922+0000] {logging_mixin.py:190} INFO - [2024-12-19T04:56:18.922+0000] {dag.py:3239} INFO - Sync 1 DAGs
[2024-12-19T04:56:18.927+0000] {logging_mixin.py:190} INFO - [2024-12-19T04:56:18.927+0000] {dag.py:4180} INFO - Setting next_dagrun for example_task_group to None, run_after=None
[2024-12-19T04:56:18.934+0000] {processor.py:208} INFO - Processing /home/airflow/.local/lib/python3.12/site-packages/airflow/example_dags/example_task_group.py took 0.029 seconds
[2024-12-19T04:56:49.142+0000] {processor.py:186} INFO - Started process (PID=6214) to work on /home/airflow/.local/lib/python3.12/site-packages/airflow/example_dags/example_task_group.py
[2024-12-19T04:56:49.142+0000] {processor.py:914} INFO - Processing file /home/airflow/.local/lib/python3.12/site-packages/airflow/example_dags/example_task_group.py for tasks to queue
[2024-12-19T04:56:49.143+0000] {logging_mixin.py:190} INFO - [2024-12-19T04:56:49.143+0000] {dagbag.py:588} INFO - Filling up the DagBag from /home/airflow/.local/lib/python3.12/site-packages/airflow/example_dags/example_task_group.py
[2024-12-19T04:56:49.147+0000] {processor.py:925} INFO - DAG(s) 'example_task_group' retrieved from /home/airflow/.local/lib/python3.12/site-packages/airflow/example_dags/example_task_group.py
[2024-12-19T04:56:49.156+0000] {logging_mixin.py:190} INFO - [2024-12-19T04:56:49.156+0000] {dag.py:3239} INFO - Sync 1 DAGs
[2024-12-19T04:56:49.162+0000] {logging_mixin.py:190} INFO - [2024-12-19T04:56:49.162+0000] {dag.py:4180} INFO - Setting next_dagrun for example_task_group to None, run_after=None
[2024-12-19T04:56:49.169+0000] {processor.py:208} INFO - Processing /home/airflow/.local/lib/python3.12/site-packages/airflow/example_dags/example_task_group.py took 0.029 seconds
[2024-12-19T04:57:19.497+0000] {processor.py:186} INFO - Started process (PID=6505) to work on /home/airflow/.local/lib/python3.12/site-packages/airflow/example_dags/example_task_group.py
[2024-12-19T04:57:19.498+0000] {processor.py:914} INFO - Processing file /home/airflow/.local/lib/python3.12/site-packages/airflow/example_dags/example_task_group.py for tasks to queue
[2024-12-19T04:57:19.499+0000] {logging_mixin.py:190} INFO - [2024-12-19T04:57:19.499+0000] {dagbag.py:588} INFO - Filling up the DagBag from /home/airflow/.local/lib/python3.12/site-packages/airflow/example_dags/example_task_group.py
[2024-12-19T04:57:19.503+0000] {processor.py:925} INFO - DAG(s) 'example_task_group' retrieved from /home/airflow/.local/lib/python3.12/site-packages/airflow/example_dags/example_task_group.py
[2024-12-19T04:57:19.511+0000] {logging_mixin.py:190} INFO - [2024-12-19T04:57:19.511+0000] {dag.py:3239} INFO - Sync 1 DAGs
[2024-12-19T04:57:19.517+0000] {logging_mixin.py:190} INFO - [2024-12-19T04:57:19.517+0000] {dag.py:4180} INFO - Setting next_dagrun for example_task_group to None, run_after=None
[2024-12-19T04:57:19.527+0000] {processor.py:208} INFO - Processing /home/airflow/.local/lib/python3.12/site-packages/airflow/example_dags/example_task_group.py took 0.033 seconds
[2024-12-19T04:57:49.761+0000] {processor.py:186} INFO - Started process (PID=6803) to work on /home/airflow/.local/lib/python3.12/site-packages/airflow/example_dags/example_task_group.py
[2024-12-19T04:57:49.762+0000] {processor.py:914} INFO - Processing file /home/airflow/.local/lib/python3.12/site-packages/airflow/example_dags/example_task_group.py for tasks to queue
[2024-12-19T04:57:49.764+0000] {logging_mixin.py:190} INFO - [2024-12-19T04:57:49.764+0000] {dagbag.py:588} INFO - Filling up the DagBag from /home/airflow/.local/lib/python3.12/site-packages/airflow/example_dags/example_task_group.py
[2024-12-19T04:57:49.768+0000] {processor.py:925} INFO - DAG(s) 'example_task_group' retrieved from /home/airflow/.local/lib/python3.12/site-packages/airflow/example_dags/example_task_group.py
[2024-12-19T04:57:49.777+0000] {logging_mixin.py:190} INFO - [2024-12-19T04:57:49.777+0000] {dag.py:3239} INFO - Sync 1 DAGs
[2024-12-19T04:57:49.785+0000] {logging_mixin.py:190} INFO - [2024-12-19T04:57:49.785+0000] {dag.py:4180} INFO - Setting next_dagrun for example_task_group to None, run_after=None
[2024-12-19T04:57:49.793+0000] {processor.py:208} INFO - Processing /home/airflow/.local/lib/python3.12/site-packages/airflow/example_dags/example_task_group.py took 0.034 seconds
[2024-12-19T04:58:20.123+0000] {processor.py:186} INFO - Started process (PID=7094) to work on /home/airflow/.local/lib/python3.12/site-packages/airflow/example_dags/example_task_group.py
[2024-12-19T04:58:20.123+0000] {processor.py:914} INFO - Processing file /home/airflow/.local/lib/python3.12/site-packages/airflow/example_dags/example_task_group.py for tasks to queue
[2024-12-19T04:58:20.124+0000] {logging_mixin.py:190} INFO - [2024-12-19T04:58:20.124+0000] {dagbag.py:588} INFO - Filling up the DagBag from /home/airflow/.local/lib/python3.12/site-packages/airflow/example_dags/example_task_group.py
[2024-12-19T04:58:20.128+0000] {processor.py:925} INFO - DAG(s) 'example_task_group' retrieved from /home/airflow/.local/lib/python3.12/site-packages/airflow/example_dags/example_task_group.py
[2024-12-19T04:58:20.137+0000] {logging_mixin.py:190} INFO - [2024-12-19T04:58:20.137+0000] {dag.py:3239} INFO - Sync 1 DAGs
[2024-12-19T04:58:20.142+0000] {logging_mixin.py:190} INFO - [2024-12-19T04:58:20.142+0000] {dag.py:4180} INFO - Setting next_dagrun for example_task_group to None, run_after=None
[2024-12-19T04:58:20.154+0000] {processor.py:208} INFO - Processing /home/airflow/.local/lib/python3.12/site-packages/airflow/example_dags/example_task_group.py took 0.033 seconds
[2024-12-19T04:58:50.375+0000] {processor.py:186} INFO - Started process (PID=7383) to work on /home/airflow/.local/lib/python3.12/site-packages/airflow/example_dags/example_task_group.py
[2024-12-19T04:58:50.376+0000] {processor.py:914} INFO - Processing file /home/airflow/.local/lib/python3.12/site-packages/airflow/example_dags/example_task_group.py for tasks to queue
[2024-12-19T04:58:50.379+0000] {logging_mixin.py:190} INFO - [2024-12-19T04:58:50.378+0000] {dagbag.py:588} INFO - Filling up the DagBag from /home/airflow/.local/lib/python3.12/site-packages/airflow/example_dags/example_task_group.py
[2024-12-19T04:58:50.382+0000] {processor.py:925} INFO - DAG(s) 'example_task_group' retrieved from /home/airflow/.local/lib/python3.12/site-packages/airflow/example_dags/example_task_group.py
[2024-12-19T04:58:50.392+0000] {logging_mixin.py:190} INFO - [2024-12-19T04:58:50.392+0000] {dag.py:3239} INFO - Sync 1 DAGs
[2024-12-19T04:58:50.397+0000] {logging_mixin.py:190} INFO - [2024-12-19T04:58:50.397+0000] {dag.py:4180} INFO - Setting next_dagrun for example_task_group to None, run_after=None
[2024-12-19T04:58:50.402+0000] {processor.py:208} INFO - Processing /home/airflow/.local/lib/python3.12/site-packages/airflow/example_dags/example_task_group.py took 0.030 seconds
[2024-12-19T04:59:20.657+0000] {processor.py:186} INFO - Started process (PID=7676) to work on /home/airflow/.local/lib/python3.12/site-packages/airflow/example_dags/example_task_group.py
[2024-12-19T04:59:20.658+0000] {processor.py:914} INFO - Processing file /home/airflow/.local/lib/python3.12/site-packages/airflow/example_dags/example_task_group.py for tasks to queue
[2024-12-19T04:59:20.659+0000] {logging_mixin.py:190} INFO - [2024-12-19T04:59:20.659+0000] {dagbag.py:588} INFO - Filling up the DagBag from /home/airflow/.local/lib/python3.12/site-packages/airflow/example_dags/example_task_group.py
[2024-12-19T04:59:20.662+0000] {processor.py:925} INFO - DAG(s) 'example_task_group' retrieved from /home/airflow/.local/lib/python3.12/site-packages/airflow/example_dags/example_task_group.py
[2024-12-19T04:59:20.672+0000] {logging_mixin.py:190} INFO - [2024-12-19T04:59:20.672+0000] {dag.py:3239} INFO - Sync 1 DAGs
[2024-12-19T04:59:20.677+0000] {logging_mixin.py:190} INFO - [2024-12-19T04:59:20.677+0000] {dag.py:4180} INFO - Setting next_dagrun for example_task_group to None, run_after=None
[2024-12-19T04:59:20.688+0000] {processor.py:208} INFO - Processing /home/airflow/.local/lib/python3.12/site-packages/airflow/example_dags/example_task_group.py took 0.033 seconds
[2024-12-19T04:59:50.923+0000] {processor.py:186} INFO - Started process (PID=7965) to work on /home/airflow/.local/lib/python3.12/site-packages/airflow/example_dags/example_task_group.py
[2024-12-19T04:59:50.925+0000] {processor.py:914} INFO - Processing file /home/airflow/.local/lib/python3.12/site-packages/airflow/example_dags/example_task_group.py for tasks to queue
[2024-12-19T04:59:50.926+0000] {logging_mixin.py:190} INFO - [2024-12-19T04:59:50.925+0000] {dagbag.py:588} INFO - Filling up the DagBag from /home/airflow/.local/lib/python3.12/site-packages/airflow/example_dags/example_task_group.py
[2024-12-19T04:59:50.929+0000] {processor.py:925} INFO - DAG(s) 'example_task_group' retrieved from /home/airflow/.local/lib/python3.12/site-packages/airflow/example_dags/example_task_group.py
[2024-12-19T04:59:50.937+0000] {logging_mixin.py:190} INFO - [2024-12-19T04:59:50.937+0000] {dag.py:3239} INFO - Sync 1 DAGs
[2024-12-19T04:59:50.942+0000] {logging_mixin.py:190} INFO - [2024-12-19T04:59:50.942+0000] {dag.py:4180} INFO - Setting next_dagrun for example_task_group to None, run_after=None
[2024-12-19T04:59:50.953+0000] {processor.py:208} INFO - Processing /home/airflow/.local/lib/python3.12/site-packages/airflow/example_dags/example_task_group.py took 0.033 seconds
[2024-12-19T05:00:21.411+0000] {processor.py:186} INFO - Started process (PID=8258) to work on /home/airflow/.local/lib/python3.12/site-packages/airflow/example_dags/example_task_group.py
[2024-12-19T05:00:21.412+0000] {processor.py:914} INFO - Processing file /home/airflow/.local/lib/python3.12/site-packages/airflow/example_dags/example_task_group.py for tasks to queue
[2024-12-19T05:00:21.413+0000] {logging_mixin.py:190} INFO - [2024-12-19T05:00:21.412+0000] {dagbag.py:588} INFO - Filling up the DagBag from /home/airflow/.local/lib/python3.12/site-packages/airflow/example_dags/example_task_group.py
[2024-12-19T05:00:21.416+0000] {processor.py:925} INFO - DAG(s) 'example_task_group' retrieved from /home/airflow/.local/lib/python3.12/site-packages/airflow/example_dags/example_task_group.py
[2024-12-19T05:00:21.424+0000] {logging_mixin.py:190} INFO - [2024-12-19T05:00:21.424+0000] {dag.py:3239} INFO - Sync 1 DAGs
[2024-12-19T05:00:21.429+0000] {logging_mixin.py:190} INFO - [2024-12-19T05:00:21.429+0000] {dag.py:4180} INFO - Setting next_dagrun for example_task_group to None, run_after=None
[2024-12-19T05:00:21.435+0000] {processor.py:208} INFO - Processing /home/airflow/.local/lib/python3.12/site-packages/airflow/example_dags/example_task_group.py took 0.026 seconds
[2024-12-19T05:00:51.680+0000] {processor.py:186} INFO - Started process (PID=8547) to work on /home/airflow/.local/lib/python3.12/site-packages/airflow/example_dags/example_task_group.py
[2024-12-19T05:00:51.681+0000] {processor.py:914} INFO - Processing file /home/airflow/.local/lib/python3.12/site-packages/airflow/example_dags/example_task_group.py for tasks to queue
[2024-12-19T05:00:51.682+0000] {logging_mixin.py:190} INFO - [2024-12-19T05:00:51.682+0000] {dagbag.py:588} INFO - Filling up the DagBag from /home/airflow/.local/lib/python3.12/site-packages/airflow/example_dags/example_task_group.py
[2024-12-19T05:00:51.686+0000] {processor.py:925} INFO - DAG(s) 'example_task_group' retrieved from /home/airflow/.local/lib/python3.12/site-packages/airflow/example_dags/example_task_group.py
[2024-12-19T05:00:51.696+0000] {logging_mixin.py:190} INFO - [2024-12-19T05:00:51.695+0000] {dag.py:3239} INFO - Sync 1 DAGs
[2024-12-19T05:00:51.701+0000] {logging_mixin.py:190} INFO - [2024-12-19T05:00:51.701+0000] {dag.py:4180} INFO - Setting next_dagrun for example_task_group to None, run_after=None
[2024-12-19T05:00:51.710+0000] {processor.py:208} INFO - Processing /home/airflow/.local/lib/python3.12/site-packages/airflow/example_dags/example_task_group.py took 0.033 seconds
[2024-12-19T05:01:22.114+0000] {processor.py:186} INFO - Started process (PID=8840) to work on /home/airflow/.local/lib/python3.12/site-packages/airflow/example_dags/example_task_group.py
[2024-12-19T05:01:22.114+0000] {processor.py:914} INFO - Processing file /home/airflow/.local/lib/python3.12/site-packages/airflow/example_dags/example_task_group.py for tasks to queue
[2024-12-19T05:01:22.115+0000] {logging_mixin.py:190} INFO - [2024-12-19T05:01:22.115+0000] {dagbag.py:588} INFO - Filling up the DagBag from /home/airflow/.local/lib/python3.12/site-packages/airflow/example_dags/example_task_group.py
[2024-12-19T05:01:22.119+0000] {processor.py:925} INFO - DAG(s) 'example_task_group' retrieved from /home/airflow/.local/lib/python3.12/site-packages/airflow/example_dags/example_task_group.py
[2024-12-19T05:01:22.128+0000] {logging_mixin.py:190} INFO - [2024-12-19T05:01:22.128+0000] {dag.py:3239} INFO - Sync 1 DAGs
[2024-12-19T05:01:22.133+0000] {logging_mixin.py:190} INFO - [2024-12-19T05:01:22.133+0000] {dag.py:4180} INFO - Setting next_dagrun for example_task_group to None, run_after=None
[2024-12-19T05:01:22.145+0000] {processor.py:208} INFO - Processing /home/airflow/.local/lib/python3.12/site-packages/airflow/example_dags/example_task_group.py took 0.033 seconds
[2024-12-19T05:01:52.360+0000] {processor.py:186} INFO - Started process (PID=9129) to work on /home/airflow/.local/lib/python3.12/site-packages/airflow/example_dags/example_task_group.py
[2024-12-19T05:01:52.361+0000] {processor.py:914} INFO - Processing file /home/airflow/.local/lib/python3.12/site-packages/airflow/example_dags/example_task_group.py for tasks to queue
[2024-12-19T05:01:52.362+0000] {logging_mixin.py:190} INFO - [2024-12-19T05:01:52.362+0000] {dagbag.py:588} INFO - Filling up the DagBag from /home/airflow/.local/lib/python3.12/site-packages/airflow/example_dags/example_task_group.py
[2024-12-19T05:01:52.368+0000] {processor.py:925} INFO - DAG(s) 'example_task_group' retrieved from /home/airflow/.local/lib/python3.12/site-packages/airflow/example_dags/example_task_group.py
[2024-12-19T05:01:52.378+0000] {logging_mixin.py:190} INFO - [2024-12-19T05:01:52.378+0000] {dag.py:3239} INFO - Sync 1 DAGs
[2024-12-19T05:01:52.384+0000] {logging_mixin.py:190} INFO - [2024-12-19T05:01:52.383+0000] {dag.py:4180} INFO - Setting next_dagrun for example_task_group to None, run_after=None
[2024-12-19T05:01:52.392+0000] {processor.py:208} INFO - Processing /home/airflow/.local/lib/python3.12/site-packages/airflow/example_dags/example_task_group.py took 0.034 seconds
[2024-12-19T05:02:22.701+0000] {processor.py:186} INFO - Started process (PID=9422) to work on /home/airflow/.local/lib/python3.12/site-packages/airflow/example_dags/example_task_group.py
[2024-12-19T05:02:22.702+0000] {processor.py:914} INFO - Processing file /home/airflow/.local/lib/python3.12/site-packages/airflow/example_dags/example_task_group.py for tasks to queue
[2024-12-19T05:02:22.707+0000] {logging_mixin.py:190} INFO - [2024-12-19T05:02:22.707+0000] {dagbag.py:588} INFO - Filling up the DagBag from /home/airflow/.local/lib/python3.12/site-packages/airflow/example_dags/example_task_group.py
[2024-12-19T05:02:22.710+0000] {processor.py:925} INFO - DAG(s) 'example_task_group' retrieved from /home/airflow/.local/lib/python3.12/site-packages/airflow/example_dags/example_task_group.py
[2024-12-19T05:02:22.718+0000] {logging_mixin.py:190} INFO - [2024-12-19T05:02:22.718+0000] {dag.py:3239} INFO - Sync 1 DAGs
[2024-12-19T05:02:22.723+0000] {logging_mixin.py:190} INFO - [2024-12-19T05:02:22.723+0000] {dag.py:4180} INFO - Setting next_dagrun for example_task_group to None, run_after=None
[2024-12-19T05:02:22.733+0000] {processor.py:208} INFO - Processing /home/airflow/.local/lib/python3.12/site-packages/airflow/example_dags/example_task_group.py took 0.034 seconds
[2024-12-19T05:02:53.011+0000] {processor.py:186} INFO - Started process (PID=9711) to work on /home/airflow/.local/lib/python3.12/site-packages/airflow/example_dags/example_task_group.py
[2024-12-19T05:02:53.011+0000] {processor.py:914} INFO - Processing file /home/airflow/.local/lib/python3.12/site-packages/airflow/example_dags/example_task_group.py for tasks to queue
[2024-12-19T05:02:53.012+0000] {logging_mixin.py:190} INFO - [2024-12-19T05:02:53.012+0000] {dagbag.py:588} INFO - Filling up the DagBag from /home/airflow/.local/lib/python3.12/site-packages/airflow/example_dags/example_task_group.py
[2024-12-19T05:02:53.016+0000] {processor.py:925} INFO - DAG(s) 'example_task_group' retrieved from /home/airflow/.local/lib/python3.12/site-packages/airflow/example_dags/example_task_group.py
[2024-12-19T05:02:53.025+0000] {logging_mixin.py:190} INFO - [2024-12-19T05:02:53.025+0000] {dag.py:3239} INFO - Sync 1 DAGs
[2024-12-19T05:02:53.031+0000] {logging_mixin.py:190} INFO - [2024-12-19T05:02:53.031+0000] {dag.py:4180} INFO - Setting next_dagrun for example_task_group to None, run_after=None
[2024-12-19T05:02:53.040+0000] {processor.py:208} INFO - Processing /home/airflow/.local/lib/python3.12/site-packages/airflow/example_dags/example_task_group.py took 0.032 seconds
[2024-12-19T05:03:23.429+0000] {processor.py:186} INFO - Started process (PID=10004) to work on /home/airflow/.local/lib/python3.12/site-packages/airflow/example_dags/example_task_group.py
[2024-12-19T05:03:23.429+0000] {processor.py:914} INFO - Processing file /home/airflow/.local/lib/python3.12/site-packages/airflow/example_dags/example_task_group.py for tasks to queue
[2024-12-19T05:03:23.430+0000] {logging_mixin.py:190} INFO - [2024-12-19T05:03:23.430+0000] {dagbag.py:588} INFO - Filling up the DagBag from /home/airflow/.local/lib/python3.12/site-packages/airflow/example_dags/example_task_group.py
[2024-12-19T05:03:23.434+0000] {processor.py:925} INFO - DAG(s) 'example_task_group' retrieved from /home/airflow/.local/lib/python3.12/site-packages/airflow/example_dags/example_task_group.py
[2024-12-19T05:03:23.444+0000] {logging_mixin.py:190} INFO - [2024-12-19T05:03:23.444+0000] {dag.py:3239} INFO - Sync 1 DAGs
[2024-12-19T05:03:23.450+0000] {logging_mixin.py:190} INFO - [2024-12-19T05:03:23.450+0000] {dag.py:4180} INFO - Setting next_dagrun for example_task_group to None, run_after=None
[2024-12-19T05:03:23.462+0000] {processor.py:208} INFO - Processing /home/airflow/.local/lib/python3.12/site-packages/airflow/example_dags/example_task_group.py took 0.036 seconds
[2024-12-19T05:03:53.675+0000] {processor.py:186} INFO - Started process (PID=10293) to work on /home/airflow/.local/lib/python3.12/site-packages/airflow/example_dags/example_task_group.py
[2024-12-19T05:03:53.675+0000] {processor.py:914} INFO - Processing file /home/airflow/.local/lib/python3.12/site-packages/airflow/example_dags/example_task_group.py for tasks to queue
[2024-12-19T05:03:53.676+0000] {logging_mixin.py:190} INFO - [2024-12-19T05:03:53.676+0000] {dagbag.py:588} INFO - Filling up the DagBag from /home/airflow/.local/lib/python3.12/site-packages/airflow/example_dags/example_task_group.py
[2024-12-19T05:03:53.680+0000] {processor.py:925} INFO - DAG(s) 'example_task_group' retrieved from /home/airflow/.local/lib/python3.12/site-packages/airflow/example_dags/example_task_group.py
[2024-12-19T05:03:53.688+0000] {logging_mixin.py:190} INFO - [2024-12-19T05:03:53.688+0000] {dag.py:3239} INFO - Sync 1 DAGs
[2024-12-19T05:03:53.694+0000] {logging_mixin.py:190} INFO - [2024-12-19T05:03:53.693+0000] {dag.py:4180} INFO - Setting next_dagrun for example_task_group to None, run_after=None
[2024-12-19T05:03:53.703+0000] {processor.py:208} INFO - Processing /home/airflow/.local/lib/python3.12/site-packages/airflow/example_dags/example_task_group.py took 0.031 seconds
[2024-12-19T05:04:24.056+0000] {processor.py:186} INFO - Started process (PID=10589) to work on /home/airflow/.local/lib/python3.12/site-packages/airflow/example_dags/example_task_group.py
[2024-12-19T05:04:24.057+0000] {processor.py:914} INFO - Processing file /home/airflow/.local/lib/python3.12/site-packages/airflow/example_dags/example_task_group.py for tasks to queue
[2024-12-19T05:04:24.058+0000] {logging_mixin.py:190} INFO - [2024-12-19T05:04:24.058+0000] {dagbag.py:588} INFO - Filling up the DagBag from /home/airflow/.local/lib/python3.12/site-packages/airflow/example_dags/example_task_group.py
[2024-12-19T05:04:24.062+0000] {processor.py:925} INFO - DAG(s) 'example_task_group' retrieved from /home/airflow/.local/lib/python3.12/site-packages/airflow/example_dags/example_task_group.py
[2024-12-19T05:04:24.072+0000] {logging_mixin.py:190} INFO - [2024-12-19T05:04:24.072+0000] {dag.py:3239} INFO - Sync 1 DAGs
[2024-12-19T05:04:24.078+0000] {logging_mixin.py:190} INFO - [2024-12-19T05:04:24.078+0000] {dag.py:4180} INFO - Setting next_dagrun for example_task_group to None, run_after=None
[2024-12-19T05:04:24.085+0000] {processor.py:208} INFO - Processing /home/airflow/.local/lib/python3.12/site-packages/airflow/example_dags/example_task_group.py took 0.032 seconds
[2024-12-19T05:04:54.298+0000] {processor.py:186} INFO - Started process (PID=10877) to work on /home/airflow/.local/lib/python3.12/site-packages/airflow/example_dags/example_task_group.py
[2024-12-19T05:04:54.298+0000] {processor.py:914} INFO - Processing file /home/airflow/.local/lib/python3.12/site-packages/airflow/example_dags/example_task_group.py for tasks to queue
[2024-12-19T05:04:54.299+0000] {logging_mixin.py:190} INFO - [2024-12-19T05:04:54.299+0000] {dagbag.py:588} INFO - Filling up the DagBag from /home/airflow/.local/lib/python3.12/site-packages/airflow/example_dags/example_task_group.py
[2024-12-19T05:04:54.303+0000] {processor.py:925} INFO - DAG(s) 'example_task_group' retrieved from /home/airflow/.local/lib/python3.12/site-packages/airflow/example_dags/example_task_group.py
[2024-12-19T05:04:54.313+0000] {logging_mixin.py:190} INFO - [2024-12-19T05:04:54.313+0000] {dag.py:3239} INFO - Sync 1 DAGs
[2024-12-19T05:04:54.319+0000] {logging_mixin.py:190} INFO - [2024-12-19T05:04:54.319+0000] {dag.py:4180} INFO - Setting next_dagrun for example_task_group to None, run_after=None
[2024-12-19T05:04:54.327+0000] {processor.py:208} INFO - Processing /home/airflow/.local/lib/python3.12/site-packages/airflow/example_dags/example_task_group.py took 0.032 seconds
[2024-12-19T05:05:24.573+0000] {processor.py:186} INFO - Started process (PID=11166) to work on /home/airflow/.local/lib/python3.12/site-packages/airflow/example_dags/example_task_group.py
[2024-12-19T05:05:24.574+0000] {processor.py:914} INFO - Processing file /home/airflow/.local/lib/python3.12/site-packages/airflow/example_dags/example_task_group.py for tasks to queue
[2024-12-19T05:05:24.575+0000] {logging_mixin.py:190} INFO - [2024-12-19T05:05:24.575+0000] {dagbag.py:588} INFO - Filling up the DagBag from /home/airflow/.local/lib/python3.12/site-packages/airflow/example_dags/example_task_group.py
[2024-12-19T05:05:24.579+0000] {processor.py:925} INFO - DAG(s) 'example_task_group' retrieved from /home/airflow/.local/lib/python3.12/site-packages/airflow/example_dags/example_task_group.py
[2024-12-19T05:05:24.587+0000] {logging_mixin.py:190} INFO - [2024-12-19T05:05:24.587+0000] {dag.py:3239} INFO - Sync 1 DAGs
[2024-12-19T05:05:24.593+0000] {logging_mixin.py:190} INFO - [2024-12-19T05:05:24.593+0000] {dag.py:4180} INFO - Setting next_dagrun for example_task_group to None, run_after=None
[2024-12-19T05:05:24.605+0000] {processor.py:208} INFO - Processing /home/airflow/.local/lib/python3.12/site-packages/airflow/example_dags/example_task_group.py took 0.035 seconds
[2024-12-19T05:05:55.009+0000] {processor.py:186} INFO - Started process (PID=11457) to work on /home/airflow/.local/lib/python3.12/site-packages/airflow/example_dags/example_task_group.py
[2024-12-19T05:05:55.009+0000] {processor.py:914} INFO - Processing file /home/airflow/.local/lib/python3.12/site-packages/airflow/example_dags/example_task_group.py for tasks to queue
[2024-12-19T05:05:55.010+0000] {logging_mixin.py:190} INFO - [2024-12-19T05:05:55.010+0000] {dagbag.py:588} INFO - Filling up the DagBag from /home/airflow/.local/lib/python3.12/site-packages/airflow/example_dags/example_task_group.py
[2024-12-19T05:05:55.014+0000] {processor.py:925} INFO - DAG(s) 'example_task_group' retrieved from /home/airflow/.local/lib/python3.12/site-packages/airflow/example_dags/example_task_group.py
[2024-12-19T05:05:55.022+0000] {logging_mixin.py:190} INFO - [2024-12-19T05:05:55.022+0000] {dag.py:3239} INFO - Sync 1 DAGs
[2024-12-19T05:05:55.028+0000] {logging_mixin.py:190} INFO - [2024-12-19T05:05:55.027+0000] {dag.py:4180} INFO - Setting next_dagrun for example_task_group to None, run_after=None
[2024-12-19T05:05:55.035+0000] {processor.py:208} INFO - Processing /home/airflow/.local/lib/python3.12/site-packages/airflow/example_dags/example_task_group.py took 0.029 seconds
[2024-12-19T05:06:25.228+0000] {processor.py:186} INFO - Started process (PID=11750) to work on /home/airflow/.local/lib/python3.12/site-packages/airflow/example_dags/example_task_group.py
[2024-12-19T05:06:25.228+0000] {processor.py:914} INFO - Processing file /home/airflow/.local/lib/python3.12/site-packages/airflow/example_dags/example_task_group.py for tasks to queue
[2024-12-19T05:06:25.229+0000] {logging_mixin.py:190} INFO - [2024-12-19T05:06:25.229+0000] {dagbag.py:588} INFO - Filling up the DagBag from /home/airflow/.local/lib/python3.12/site-packages/airflow/example_dags/example_task_group.py
[2024-12-19T05:06:25.233+0000] {processor.py:925} INFO - DAG(s) 'example_task_group' retrieved from /home/airflow/.local/lib/python3.12/site-packages/airflow/example_dags/example_task_group.py
[2024-12-19T05:06:25.241+0000] {logging_mixin.py:190} INFO - [2024-12-19T05:06:25.241+0000] {dag.py:3239} INFO - Sync 1 DAGs
[2024-12-19T05:06:25.246+0000] {logging_mixin.py:190} INFO - [2024-12-19T05:06:25.246+0000] {dag.py:4180} INFO - Setting next_dagrun for example_task_group to None, run_after=None
[2024-12-19T05:06:25.252+0000] {processor.py:208} INFO - Processing /home/airflow/.local/lib/python3.12/site-packages/airflow/example_dags/example_task_group.py took 0.027 seconds
[2024-12-19T05:06:55.619+0000] {processor.py:186} INFO - Started process (PID=12041) to work on /home/airflow/.local/lib/python3.12/site-packages/airflow/example_dags/example_task_group.py
[2024-12-19T05:06:55.619+0000] {processor.py:914} INFO - Processing file /home/airflow/.local/lib/python3.12/site-packages/airflow/example_dags/example_task_group.py for tasks to queue
[2024-12-19T05:06:55.620+0000] {logging_mixin.py:190} INFO - [2024-12-19T05:06:55.620+0000] {dagbag.py:588} INFO - Filling up the DagBag from /home/airflow/.local/lib/python3.12/site-packages/airflow/example_dags/example_task_group.py
[2024-12-19T05:06:55.624+0000] {processor.py:925} INFO - DAG(s) 'example_task_group' retrieved from /home/airflow/.local/lib/python3.12/site-packages/airflow/example_dags/example_task_group.py
[2024-12-19T05:06:55.632+0000] {logging_mixin.py:190} INFO - [2024-12-19T05:06:55.632+0000] {dag.py:3239} INFO - Sync 1 DAGs
[2024-12-19T05:06:55.637+0000] {logging_mixin.py:190} INFO - [2024-12-19T05:06:55.637+0000] {dag.py:4180} INFO - Setting next_dagrun for example_task_group to None, run_after=None
[2024-12-19T05:06:55.644+0000] {processor.py:208} INFO - Processing /home/airflow/.local/lib/python3.12/site-packages/airflow/example_dags/example_task_group.py took 0.027 seconds
[2024-12-19T05:07:26.009+0000] {processor.py:186} INFO - Started process (PID=12331) to work on /home/airflow/.local/lib/python3.12/site-packages/airflow/example_dags/example_task_group.py
[2024-12-19T05:07:26.009+0000] {processor.py:914} INFO - Processing file /home/airflow/.local/lib/python3.12/site-packages/airflow/example_dags/example_task_group.py for tasks to queue
[2024-12-19T05:07:26.010+0000] {logging_mixin.py:190} INFO - [2024-12-19T05:07:26.010+0000] {dagbag.py:588} INFO - Filling up the DagBag from /home/airflow/.local/lib/python3.12/site-packages/airflow/example_dags/example_task_group.py
[2024-12-19T05:07:26.014+0000] {processor.py:925} INFO - DAG(s) 'example_task_group' retrieved from /home/airflow/.local/lib/python3.12/site-packages/airflow/example_dags/example_task_group.py
[2024-12-19T05:07:26.025+0000] {logging_mixin.py:190} INFO - [2024-12-19T05:07:26.025+0000] {dag.py:3239} INFO - Sync 1 DAGs
[2024-12-19T05:07:26.030+0000] {logging_mixin.py:190} INFO - [2024-12-19T05:07:26.030+0000] {dag.py:4180} INFO - Setting next_dagrun for example_task_group to None, run_after=None
[2024-12-19T05:07:26.043+0000] {processor.py:208} INFO - Processing /home/airflow/.local/lib/python3.12/site-packages/airflow/example_dags/example_task_group.py took 0.036 seconds
[2024-12-19T05:07:56.679+0000] {processor.py:186} INFO - Started process (PID=12622) to work on /home/airflow/.local/lib/python3.12/site-packages/airflow/example_dags/example_task_group.py
[2024-12-19T05:07:56.680+0000] {processor.py:914} INFO - Processing file /home/airflow/.local/lib/python3.12/site-packages/airflow/example_dags/example_task_group.py for tasks to queue
[2024-12-19T05:07:56.681+0000] {logging_mixin.py:190} INFO - [2024-12-19T05:07:56.681+0000] {dagbag.py:588} INFO - Filling up the DagBag from /home/airflow/.local/lib/python3.12/site-packages/airflow/example_dags/example_task_group.py
[2024-12-19T05:07:56.684+0000] {processor.py:925} INFO - DAG(s) 'example_task_group' retrieved from /home/airflow/.local/lib/python3.12/site-packages/airflow/example_dags/example_task_group.py
[2024-12-19T05:07:56.696+0000] {logging_mixin.py:190} INFO - [2024-12-19T05:07:56.696+0000] {dag.py:3239} INFO - Sync 1 DAGs
[2024-12-19T05:07:56.703+0000] {logging_mixin.py:190} INFO - [2024-12-19T05:07:56.703+0000] {dag.py:4180} INFO - Setting next_dagrun for example_task_group to None, run_after=None
[2024-12-19T05:07:56.711+0000] {processor.py:208} INFO - Processing /home/airflow/.local/lib/python3.12/site-packages/airflow/example_dags/example_task_group.py took 0.034 seconds
[2024-12-19T05:08:27.073+0000] {processor.py:186} INFO - Started process (PID=12913) to work on /home/airflow/.local/lib/python3.12/site-packages/airflow/example_dags/example_task_group.py
[2024-12-19T05:08:27.073+0000] {processor.py:914} INFO - Processing file /home/airflow/.local/lib/python3.12/site-packages/airflow/example_dags/example_task_group.py for tasks to queue
[2024-12-19T05:08:27.074+0000] {logging_mixin.py:190} INFO - [2024-12-19T05:08:27.074+0000] {dagbag.py:588} INFO - Filling up the DagBag from /home/airflow/.local/lib/python3.12/site-packages/airflow/example_dags/example_task_group.py
[2024-12-19T05:08:27.078+0000] {processor.py:925} INFO - DAG(s) 'example_task_group' retrieved from /home/airflow/.local/lib/python3.12/site-packages/airflow/example_dags/example_task_group.py
[2024-12-19T05:08:27.087+0000] {logging_mixin.py:190} INFO - [2024-12-19T05:08:27.087+0000] {dag.py:3239} INFO - Sync 1 DAGs
[2024-12-19T05:08:27.092+0000] {logging_mixin.py:190} INFO - [2024-12-19T05:08:27.092+0000] {dag.py:4180} INFO - Setting next_dagrun for example_task_group to None, run_after=None
[2024-12-19T05:08:27.099+0000] {processor.py:208} INFO - Processing /home/airflow/.local/lib/python3.12/site-packages/airflow/example_dags/example_task_group.py took 0.028 seconds
[2024-12-19T05:08:57.278+0000] {processor.py:186} INFO - Started process (PID=13205) to work on /home/airflow/.local/lib/python3.12/site-packages/airflow/example_dags/example_task_group.py
[2024-12-19T05:08:57.278+0000] {processor.py:914} INFO - Processing file /home/airflow/.local/lib/python3.12/site-packages/airflow/example_dags/example_task_group.py for tasks to queue
[2024-12-19T05:08:57.279+0000] {logging_mixin.py:190} INFO - [2024-12-19T05:08:57.279+0000] {dagbag.py:588} INFO - Filling up the DagBag from /home/airflow/.local/lib/python3.12/site-packages/airflow/example_dags/example_task_group.py
[2024-12-19T05:08:57.282+0000] {processor.py:925} INFO - DAG(s) 'example_task_group' retrieved from /home/airflow/.local/lib/python3.12/site-packages/airflow/example_dags/example_task_group.py
[2024-12-19T05:08:57.292+0000] {logging_mixin.py:190} INFO - [2024-12-19T05:08:57.292+0000] {dag.py:3239} INFO - Sync 1 DAGs
[2024-12-19T05:08:57.298+0000] {logging_mixin.py:190} INFO - [2024-12-19T05:08:57.298+0000] {dag.py:4180} INFO - Setting next_dagrun for example_task_group to None, run_after=None
[2024-12-19T05:08:57.310+0000] {processor.py:208} INFO - Processing /home/airflow/.local/lib/python3.12/site-packages/airflow/example_dags/example_task_group.py took 0.034 seconds
[2024-12-19T05:09:27.583+0000] {processor.py:186} INFO - Started process (PID=13495) to work on /home/airflow/.local/lib/python3.12/site-packages/airflow/example_dags/example_task_group.py
[2024-12-19T05:09:27.584+0000] {processor.py:914} INFO - Processing file /home/airflow/.local/lib/python3.12/site-packages/airflow/example_dags/example_task_group.py for tasks to queue
[2024-12-19T05:09:27.587+0000] {logging_mixin.py:190} INFO - [2024-12-19T05:09:27.587+0000] {dagbag.py:588} INFO - Filling up the DagBag from /home/airflow/.local/lib/python3.12/site-packages/airflow/example_dags/example_task_group.py
[2024-12-19T05:09:27.590+0000] {processor.py:925} INFO - DAG(s) 'example_task_group' retrieved from /home/airflow/.local/lib/python3.12/site-packages/airflow/example_dags/example_task_group.py
[2024-12-19T05:09:27.598+0000] {logging_mixin.py:190} INFO - [2024-12-19T05:09:27.598+0000] {dag.py:3239} INFO - Sync 1 DAGs
[2024-12-19T05:09:27.604+0000] {logging_mixin.py:190} INFO - [2024-12-19T05:09:27.604+0000] {dag.py:4180} INFO - Setting next_dagrun for example_task_group to None, run_after=None
[2024-12-19T05:09:27.617+0000] {processor.py:208} INFO - Processing /home/airflow/.local/lib/python3.12/site-packages/airflow/example_dags/example_task_group.py took 0.035 seconds
[2024-12-19T05:09:57.660+0000] {processor.py:186} INFO - Started process (PID=13786) to work on /home/airflow/.local/lib/python3.12/site-packages/airflow/example_dags/example_task_group.py
[2024-12-19T05:09:57.662+0000] {processor.py:914} INFO - Processing file /home/airflow/.local/lib/python3.12/site-packages/airflow/example_dags/example_task_group.py for tasks to queue
[2024-12-19T05:09:57.664+0000] {logging_mixin.py:190} INFO - [2024-12-19T05:09:57.664+0000] {dagbag.py:588} INFO - Filling up the DagBag from /home/airflow/.local/lib/python3.12/site-packages/airflow/example_dags/example_task_group.py
[2024-12-19T05:09:57.668+0000] {processor.py:925} INFO - DAG(s) 'example_task_group' retrieved from /home/airflow/.local/lib/python3.12/site-packages/airflow/example_dags/example_task_group.py
[2024-12-19T05:09:57.681+0000] {logging_mixin.py:190} INFO - [2024-12-19T05:09:57.679+0000] {dag.py:3239} INFO - Sync 1 DAGs
[2024-12-19T05:09:57.686+0000] {logging_mixin.py:190} INFO - [2024-12-19T05:09:57.686+0000] {dag.py:4180} INFO - Setting next_dagrun for example_task_group to None, run_after=None
[2024-12-19T05:09:57.693+0000] {processor.py:208} INFO - Processing /home/airflow/.local/lib/python3.12/site-packages/airflow/example_dags/example_task_group.py took 0.036 seconds
[2024-12-19T05:10:28.058+0000] {processor.py:186} INFO - Started process (PID=14077) to work on /home/airflow/.local/lib/python3.12/site-packages/airflow/example_dags/example_task_group.py
[2024-12-19T05:10:28.059+0000] {processor.py:914} INFO - Processing file /home/airflow/.local/lib/python3.12/site-packages/airflow/example_dags/example_task_group.py for tasks to queue
[2024-12-19T05:10:28.061+0000] {logging_mixin.py:190} INFO - [2024-12-19T05:10:28.061+0000] {dagbag.py:588} INFO - Filling up the DagBag from /home/airflow/.local/lib/python3.12/site-packages/airflow/example_dags/example_task_group.py
[2024-12-19T05:10:28.066+0000] {processor.py:925} INFO - DAG(s) 'example_task_group' retrieved from /home/airflow/.local/lib/python3.12/site-packages/airflow/example_dags/example_task_group.py
[2024-12-19T05:10:28.076+0000] {logging_mixin.py:190} INFO - [2024-12-19T05:10:28.076+0000] {dag.py:3239} INFO - Sync 1 DAGs
[2024-12-19T05:10:28.082+0000] {logging_mixin.py:190} INFO - [2024-12-19T05:10:28.082+0000] {dag.py:4180} INFO - Setting next_dagrun for example_task_group to None, run_after=None
[2024-12-19T05:10:28.088+0000] {processor.py:208} INFO - Processing /home/airflow/.local/lib/python3.12/site-packages/airflow/example_dags/example_task_group.py took 0.032 seconds
[2024-12-19T05:10:58.289+0000] {processor.py:186} INFO - Started process (PID=14368) to work on /home/airflow/.local/lib/python3.12/site-packages/airflow/example_dags/example_task_group.py
[2024-12-19T05:10:58.292+0000] {processor.py:914} INFO - Processing file /home/airflow/.local/lib/python3.12/site-packages/airflow/example_dags/example_task_group.py for tasks to queue
[2024-12-19T05:10:58.294+0000] {logging_mixin.py:190} INFO - [2024-12-19T05:10:58.293+0000] {dagbag.py:588} INFO - Filling up the DagBag from /home/airflow/.local/lib/python3.12/site-packages/airflow/example_dags/example_task_group.py
[2024-12-19T05:10:58.298+0000] {processor.py:925} INFO - DAG(s) 'example_task_group' retrieved from /home/airflow/.local/lib/python3.12/site-packages/airflow/example_dags/example_task_group.py
[2024-12-19T05:10:58.310+0000] {logging_mixin.py:190} INFO - [2024-12-19T05:10:58.308+0000] {dag.py:3239} INFO - Sync 1 DAGs
[2024-12-19T05:10:58.315+0000] {logging_mixin.py:190} INFO - [2024-12-19T05:10:58.315+0000] {dag.py:4180} INFO - Setting next_dagrun for example_task_group to None, run_after=None
[2024-12-19T05:10:58.322+0000] {processor.py:208} INFO - Processing /home/airflow/.local/lib/python3.12/site-packages/airflow/example_dags/example_task_group.py took 0.035 seconds
[2024-12-19T05:11:28.557+0000] {processor.py:186} INFO - Started process (PID=14659) to work on /home/airflow/.local/lib/python3.12/site-packages/airflow/example_dags/example_task_group.py
[2024-12-19T05:11:28.559+0000] {processor.py:914} INFO - Processing file /home/airflow/.local/lib/python3.12/site-packages/airflow/example_dags/example_task_group.py for tasks to queue
[2024-12-19T05:11:28.560+0000] {logging_mixin.py:190} INFO - [2024-12-19T05:11:28.559+0000] {dagbag.py:588} INFO - Filling up the DagBag from /home/airflow/.local/lib/python3.12/site-packages/airflow/example_dags/example_task_group.py
[2024-12-19T05:11:28.563+0000] {processor.py:925} INFO - DAG(s) 'example_task_group' retrieved from /home/airflow/.local/lib/python3.12/site-packages/airflow/example_dags/example_task_group.py
[2024-12-19T05:11:28.571+0000] {logging_mixin.py:190} INFO - [2024-12-19T05:11:28.571+0000] {dag.py:3239} INFO - Sync 1 DAGs
[2024-12-19T05:11:28.576+0000] {logging_mixin.py:190} INFO - [2024-12-19T05:11:28.576+0000] {dag.py:4180} INFO - Setting next_dagrun for example_task_group to None, run_after=None
[2024-12-19T05:11:28.584+0000] {processor.py:208} INFO - Processing /home/airflow/.local/lib/python3.12/site-packages/airflow/example_dags/example_task_group.py took 0.029 seconds
[2024-12-19T05:11:58.668+0000] {processor.py:186} INFO - Started process (PID=14952) to work on /home/airflow/.local/lib/python3.12/site-packages/airflow/example_dags/example_task_group.py
[2024-12-19T05:11:58.668+0000] {processor.py:914} INFO - Processing file /home/airflow/.local/lib/python3.12/site-packages/airflow/example_dags/example_task_group.py for tasks to queue
[2024-12-19T05:11:58.669+0000] {logging_mixin.py:190} INFO - [2024-12-19T05:11:58.669+0000] {dagbag.py:588} INFO - Filling up the DagBag from /home/airflow/.local/lib/python3.12/site-packages/airflow/example_dags/example_task_group.py
[2024-12-19T05:11:58.672+0000] {processor.py:925} INFO - DAG(s) 'example_task_group' retrieved from /home/airflow/.local/lib/python3.12/site-packages/airflow/example_dags/example_task_group.py
[2024-12-19T05:11:58.680+0000] {logging_mixin.py:190} INFO - [2024-12-19T05:11:58.680+0000] {dag.py:3239} INFO - Sync 1 DAGs
[2024-12-19T05:11:58.684+0000] {logging_mixin.py:190} INFO - [2024-12-19T05:11:58.684+0000] {dag.py:4180} INFO - Setting next_dagrun for example_task_group to None, run_after=None
[2024-12-19T05:11:58.690+0000] {processor.py:208} INFO - Processing /home/airflow/.local/lib/python3.12/site-packages/airflow/example_dags/example_task_group.py took 0.024 seconds
[2024-12-19T05:12:28.853+0000] {processor.py:186} INFO - Started process (PID=15243) to work on /home/airflow/.local/lib/python3.12/site-packages/airflow/example_dags/example_task_group.py
[2024-12-19T05:12:28.854+0000] {processor.py:914} INFO - Processing file /home/airflow/.local/lib/python3.12/site-packages/airflow/example_dags/example_task_group.py for tasks to queue
[2024-12-19T05:12:28.854+0000] {logging_mixin.py:190} INFO - [2024-12-19T05:12:28.854+0000] {dagbag.py:588} INFO - Filling up the DagBag from /home/airflow/.local/lib/python3.12/site-packages/airflow/example_dags/example_task_group.py
[2024-12-19T05:12:28.858+0000] {processor.py:925} INFO - DAG(s) 'example_task_group' retrieved from /home/airflow/.local/lib/python3.12/site-packages/airflow/example_dags/example_task_group.py
[2024-12-19T05:12:28.868+0000] {logging_mixin.py:190} INFO - [2024-12-19T05:12:28.868+0000] {dag.py:3239} INFO - Sync 1 DAGs
[2024-12-19T05:12:28.873+0000] {logging_mixin.py:190} INFO - [2024-12-19T05:12:28.873+0000] {dag.py:4180} INFO - Setting next_dagrun for example_task_group to None, run_after=None
[2024-12-19T05:12:28.882+0000] {processor.py:208} INFO - Processing /home/airflow/.local/lib/python3.12/site-packages/airflow/example_dags/example_task_group.py took 0.031 seconds
[2024-12-19T05:12:58.979+0000] {processor.py:186} INFO - Started process (PID=15534) to work on /home/airflow/.local/lib/python3.12/site-packages/airflow/example_dags/example_task_group.py
[2024-12-19T05:12:58.979+0000] {processor.py:914} INFO - Processing file /home/airflow/.local/lib/python3.12/site-packages/airflow/example_dags/example_task_group.py for tasks to queue
[2024-12-19T05:12:58.980+0000] {logging_mixin.py:190} INFO - [2024-12-19T05:12:58.980+0000] {dagbag.py:588} INFO - Filling up the DagBag from /home/airflow/.local/lib/python3.12/site-packages/airflow/example_dags/example_task_group.py
[2024-12-19T05:12:58.983+0000] {processor.py:925} INFO - DAG(s) 'example_task_group' retrieved from /home/airflow/.local/lib/python3.12/site-packages/airflow/example_dags/example_task_group.py
[2024-12-19T05:12:58.991+0000] {logging_mixin.py:190} INFO - [2024-12-19T05:12:58.991+0000] {dag.py:3239} INFO - Sync 1 DAGs
[2024-12-19T05:12:58.995+0000] {logging_mixin.py:190} INFO - [2024-12-19T05:12:58.995+0000] {dag.py:4180} INFO - Setting next_dagrun for example_task_group to None, run_after=None
[2024-12-19T05:12:59.000+0000] {processor.py:208} INFO - Processing /home/airflow/.local/lib/python3.12/site-packages/airflow/example_dags/example_task_group.py took 0.023 seconds
[2024-12-19T05:13:29.228+0000] {processor.py:186} INFO - Started process (PID=15823) to work on /home/airflow/.local/lib/python3.12/site-packages/airflow/example_dags/example_task_group.py
[2024-12-19T05:13:29.231+0000] {processor.py:914} INFO - Processing file /home/airflow/.local/lib/python3.12/site-packages/airflow/example_dags/example_task_group.py for tasks to queue
[2024-12-19T05:13:29.233+0000] {logging_mixin.py:190} INFO - [2024-12-19T05:13:29.233+0000] {dagbag.py:588} INFO - Filling up the DagBag from /home/airflow/.local/lib/python3.12/site-packages/airflow/example_dags/example_task_group.py
[2024-12-19T05:13:29.237+0000] {processor.py:925} INFO - DAG(s) 'example_task_group' retrieved from /home/airflow/.local/lib/python3.12/site-packages/airflow/example_dags/example_task_group.py
[2024-12-19T05:13:29.247+0000] {logging_mixin.py:190} INFO - [2024-12-19T05:13:29.246+0000] {dag.py:3239} INFO - Sync 1 DAGs
[2024-12-19T05:13:29.252+0000] {logging_mixin.py:190} INFO - [2024-12-19T05:13:29.252+0000] {dag.py:4180} INFO - Setting next_dagrun for example_task_group to None, run_after=None
[2024-12-19T05:13:29.258+0000] {processor.py:208} INFO - Processing /home/airflow/.local/lib/python3.12/site-packages/airflow/example_dags/example_task_group.py took 0.032 seconds
[2024-12-19T05:14:00.281+0000] {processor.py:186} INFO - Started process (PID=16116) to work on /home/airflow/.local/lib/python3.12/site-packages/airflow/example_dags/example_task_group.py
[2024-12-19T05:14:00.281+0000] {processor.py:914} INFO - Processing file /home/airflow/.local/lib/python3.12/site-packages/airflow/example_dags/example_task_group.py for tasks to queue
[2024-12-19T05:14:00.282+0000] {logging_mixin.py:190} INFO - [2024-12-19T05:14:00.282+0000] {dagbag.py:588} INFO - Filling up the DagBag from /home/airflow/.local/lib/python3.12/site-packages/airflow/example_dags/example_task_group.py
[2024-12-19T05:14:00.285+0000] {processor.py:925} INFO - DAG(s) 'example_task_group' retrieved from /home/airflow/.local/lib/python3.12/site-packages/airflow/example_dags/example_task_group.py
[2024-12-19T05:14:00.293+0000] {logging_mixin.py:190} INFO - [2024-12-19T05:14:00.293+0000] {dag.py:3239} INFO - Sync 1 DAGs
[2024-12-19T05:14:00.297+0000] {logging_mixin.py:190} INFO - [2024-12-19T05:14:00.297+0000] {dag.py:4180} INFO - Setting next_dagrun for example_task_group to None, run_after=None
[2024-12-19T05:14:00.303+0000] {processor.py:208} INFO - Processing /home/airflow/.local/lib/python3.12/site-packages/airflow/example_dags/example_task_group.py took 0.024 seconds
[2024-12-19T05:14:31.314+0000] {processor.py:186} INFO - Started process (PID=16407) to work on /home/airflow/.local/lib/python3.12/site-packages/airflow/example_dags/example_task_group.py
[2024-12-19T05:14:31.314+0000] {processor.py:914} INFO - Processing file /home/airflow/.local/lib/python3.12/site-packages/airflow/example_dags/example_task_group.py for tasks to queue
[2024-12-19T05:14:31.315+0000] {logging_mixin.py:190} INFO - [2024-12-19T05:14:31.315+0000] {dagbag.py:588} INFO - Filling up the DagBag from /home/airflow/.local/lib/python3.12/site-packages/airflow/example_dags/example_task_group.py
[2024-12-19T05:14:31.318+0000] {processor.py:925} INFO - DAG(s) 'example_task_group' retrieved from /home/airflow/.local/lib/python3.12/site-packages/airflow/example_dags/example_task_group.py
[2024-12-19T05:14:31.328+0000] {logging_mixin.py:190} INFO - [2024-12-19T05:14:31.328+0000] {dag.py:3239} INFO - Sync 1 DAGs
[2024-12-19T05:14:31.333+0000] {logging_mixin.py:190} INFO - [2024-12-19T05:14:31.332+0000] {dag.py:4180} INFO - Setting next_dagrun for example_task_group to None, run_after=None
[2024-12-19T05:14:31.344+0000] {processor.py:208} INFO - Processing /home/airflow/.local/lib/python3.12/site-packages/airflow/example_dags/example_task_group.py took 0.032 seconds
[2024-12-19T05:15:01.589+0000] {processor.py:186} INFO - Started process (PID=16698) to work on /home/airflow/.local/lib/python3.12/site-packages/airflow/example_dags/example_task_group.py
[2024-12-19T05:15:01.590+0000] {processor.py:914} INFO - Processing file /home/airflow/.local/lib/python3.12/site-packages/airflow/example_dags/example_task_group.py for tasks to queue
[2024-12-19T05:15:01.591+0000] {logging_mixin.py:190} INFO - [2024-12-19T05:15:01.590+0000] {dagbag.py:588} INFO - Filling up the DagBag from /home/airflow/.local/lib/python3.12/site-packages/airflow/example_dags/example_task_group.py
[2024-12-19T05:15:01.594+0000] {processor.py:925} INFO - DAG(s) 'example_task_group' retrieved from /home/airflow/.local/lib/python3.12/site-packages/airflow/example_dags/example_task_group.py
[2024-12-19T05:15:01.601+0000] {logging_mixin.py:190} INFO - [2024-12-19T05:15:01.601+0000] {dag.py:3239} INFO - Sync 1 DAGs
[2024-12-19T05:15:01.605+0000] {logging_mixin.py:190} INFO - [2024-12-19T05:15:01.605+0000] {dag.py:4180} INFO - Setting next_dagrun for example_task_group to None, run_after=None
[2024-12-19T05:15:01.611+0000] {processor.py:208} INFO - Processing /home/airflow/.local/lib/python3.12/site-packages/airflow/example_dags/example_task_group.py took 0.023 seconds
[2024-12-19T05:15:32.616+0000] {processor.py:186} INFO - Started process (PID=16987) to work on /home/airflow/.local/lib/python3.12/site-packages/airflow/example_dags/example_task_group.py
[2024-12-19T05:15:32.617+0000] {processor.py:914} INFO - Processing file /home/airflow/.local/lib/python3.12/site-packages/airflow/example_dags/example_task_group.py for tasks to queue
[2024-12-19T05:15:32.618+0000] {logging_mixin.py:190} INFO - [2024-12-19T05:15:32.617+0000] {dagbag.py:588} INFO - Filling up the DagBag from /home/airflow/.local/lib/python3.12/site-packages/airflow/example_dags/example_task_group.py
[2024-12-19T05:15:32.621+0000] {processor.py:925} INFO - DAG(s) 'example_task_group' retrieved from /home/airflow/.local/lib/python3.12/site-packages/airflow/example_dags/example_task_group.py
[2024-12-19T05:15:32.629+0000] {logging_mixin.py:190} INFO - [2024-12-19T05:15:32.628+0000] {dag.py:3239} INFO - Sync 1 DAGs
[2024-12-19T05:15:32.633+0000] {logging_mixin.py:190} INFO - [2024-12-19T05:15:32.633+0000] {dag.py:4180} INFO - Setting next_dagrun for example_task_group to None, run_after=None
[2024-12-19T05:15:32.639+0000] {processor.py:208} INFO - Processing /home/airflow/.local/lib/python3.12/site-packages/airflow/example_dags/example_task_group.py took 0.025 seconds
[2024-12-19T05:16:03.537+0000] {processor.py:186} INFO - Started process (PID=17278) to work on /home/airflow/.local/lib/python3.12/site-packages/airflow/example_dags/example_task_group.py
[2024-12-19T05:16:03.540+0000] {processor.py:914} INFO - Processing file /home/airflow/.local/lib/python3.12/site-packages/airflow/example_dags/example_task_group.py for tasks to queue
[2024-12-19T05:16:03.541+0000] {logging_mixin.py:190} INFO - [2024-12-19T05:16:03.541+0000] {dagbag.py:588} INFO - Filling up the DagBag from /home/airflow/.local/lib/python3.12/site-packages/airflow/example_dags/example_task_group.py
[2024-12-19T05:16:03.545+0000] {processor.py:925} INFO - DAG(s) 'example_task_group' retrieved from /home/airflow/.local/lib/python3.12/site-packages/airflow/example_dags/example_task_group.py
[2024-12-19T05:16:03.553+0000] {logging_mixin.py:190} INFO - [2024-12-19T05:16:03.553+0000] {dag.py:3239} INFO - Sync 1 DAGs
[2024-12-19T05:16:03.558+0000] {logging_mixin.py:190} INFO - [2024-12-19T05:16:03.558+0000] {dag.py:4180} INFO - Setting next_dagrun for example_task_group to None, run_after=None
[2024-12-19T05:16:03.564+0000] {processor.py:208} INFO - Processing /home/airflow/.local/lib/python3.12/site-packages/airflow/example_dags/example_task_group.py took 0.030 seconds
[2024-12-19T05:16:34.451+0000] {processor.py:186} INFO - Started process (PID=17569) to work on /home/airflow/.local/lib/python3.12/site-packages/airflow/example_dags/example_task_group.py
[2024-12-19T05:16:34.453+0000] {processor.py:914} INFO - Processing file /home/airflow/.local/lib/python3.12/site-packages/airflow/example_dags/example_task_group.py for tasks to queue
[2024-12-19T05:16:34.454+0000] {logging_mixin.py:190} INFO - [2024-12-19T05:16:34.454+0000] {dagbag.py:588} INFO - Filling up the DagBag from /home/airflow/.local/lib/python3.12/site-packages/airflow/example_dags/example_task_group.py
[2024-12-19T05:16:34.458+0000] {processor.py:925} INFO - DAG(s) 'example_task_group' retrieved from /home/airflow/.local/lib/python3.12/site-packages/airflow/example_dags/example_task_group.py
[2024-12-19T05:16:34.466+0000] {logging_mixin.py:190} INFO - [2024-12-19T05:16:34.466+0000] {dag.py:3239} INFO - Sync 1 DAGs
[2024-12-19T05:16:34.471+0000] {logging_mixin.py:190} INFO - [2024-12-19T05:16:34.471+0000] {dag.py:4180} INFO - Setting next_dagrun for example_task_group to None, run_after=None
[2024-12-19T05:16:34.477+0000] {processor.py:208} INFO - Processing /home/airflow/.local/lib/python3.12/site-packages/airflow/example_dags/example_task_group.py took 0.028 seconds
[2024-12-19T05:17:05.446+0000] {processor.py:186} INFO - Started process (PID=17860) to work on /home/airflow/.local/lib/python3.12/site-packages/airflow/example_dags/example_task_group.py
[2024-12-19T05:17:05.447+0000] {processor.py:914} INFO - Processing file /home/airflow/.local/lib/python3.12/site-packages/airflow/example_dags/example_task_group.py for tasks to queue
[2024-12-19T05:17:05.447+0000] {logging_mixin.py:190} INFO - [2024-12-19T05:17:05.447+0000] {dagbag.py:588} INFO - Filling up the DagBag from /home/airflow/.local/lib/python3.12/site-packages/airflow/example_dags/example_task_group.py
[2024-12-19T05:17:05.451+0000] {processor.py:925} INFO - DAG(s) 'example_task_group' retrieved from /home/airflow/.local/lib/python3.12/site-packages/airflow/example_dags/example_task_group.py
[2024-12-19T05:17:05.459+0000] {logging_mixin.py:190} INFO - [2024-12-19T05:17:05.459+0000] {dag.py:3239} INFO - Sync 1 DAGs
[2024-12-19T05:17:05.464+0000] {logging_mixin.py:190} INFO - [2024-12-19T05:17:05.464+0000] {dag.py:4180} INFO - Setting next_dagrun for example_task_group to None, run_after=None
[2024-12-19T05:17:05.470+0000] {processor.py:208} INFO - Processing /home/airflow/.local/lib/python3.12/site-packages/airflow/example_dags/example_task_group.py took 0.026 seconds
[2024-12-19T05:17:35.614+0000] {processor.py:186} INFO - Started process (PID=18153) to work on /home/airflow/.local/lib/python3.12/site-packages/airflow/example_dags/example_task_group.py
[2024-12-19T05:17:35.614+0000] {processor.py:914} INFO - Processing file /home/airflow/.local/lib/python3.12/site-packages/airflow/example_dags/example_task_group.py for tasks to queue
[2024-12-19T05:17:35.615+0000] {logging_mixin.py:190} INFO - [2024-12-19T05:17:35.615+0000] {dagbag.py:588} INFO - Filling up the DagBag from /home/airflow/.local/lib/python3.12/site-packages/airflow/example_dags/example_task_group.py
[2024-12-19T05:17:35.618+0000] {processor.py:925} INFO - DAG(s) 'example_task_group' retrieved from /home/airflow/.local/lib/python3.12/site-packages/airflow/example_dags/example_task_group.py
[2024-12-19T05:17:35.626+0000] {logging_mixin.py:190} INFO - [2024-12-19T05:17:35.625+0000] {dag.py:3239} INFO - Sync 1 DAGs
[2024-12-19T05:17:35.630+0000] {logging_mixin.py:190} INFO - [2024-12-19T05:17:35.630+0000] {dag.py:4180} INFO - Setting next_dagrun for example_task_group to None, run_after=None
[2024-12-19T05:17:35.635+0000] {processor.py:208} INFO - Processing /home/airflow/.local/lib/python3.12/site-packages/airflow/example_dags/example_task_group.py took 0.023 seconds
[2024-12-19T05:18:06.364+0000] {processor.py:186} INFO - Started process (PID=18442) to work on /home/airflow/.local/lib/python3.12/site-packages/airflow/example_dags/example_task_group.py
[2024-12-19T05:18:06.365+0000] {processor.py:914} INFO - Processing file /home/airflow/.local/lib/python3.12/site-packages/airflow/example_dags/example_task_group.py for tasks to queue
[2024-12-19T05:18:06.366+0000] {logging_mixin.py:190} INFO - [2024-12-19T05:18:06.366+0000] {dagbag.py:588} INFO - Filling up the DagBag from /home/airflow/.local/lib/python3.12/site-packages/airflow/example_dags/example_task_group.py
[2024-12-19T05:18:06.369+0000] {processor.py:925} INFO - DAG(s) 'example_task_group' retrieved from /home/airflow/.local/lib/python3.12/site-packages/airflow/example_dags/example_task_group.py
[2024-12-19T05:18:06.378+0000] {logging_mixin.py:190} INFO - [2024-12-19T05:18:06.378+0000] {dag.py:3239} INFO - Sync 1 DAGs
[2024-12-19T05:18:06.464+0000] {logging_mixin.py:190} INFO - [2024-12-19T05:18:06.464+0000] {dag.py:4180} INFO - Setting next_dagrun for example_task_group to None, run_after=None
[2024-12-19T05:18:06.472+0000] {processor.py:208} INFO - Processing /home/airflow/.local/lib/python3.12/site-packages/airflow/example_dags/example_task_group.py took 0.110 seconds
[2024-12-19T05:18:36.956+0000] {processor.py:186} INFO - Started process (PID=18733) to work on /home/airflow/.local/lib/python3.12/site-packages/airflow/example_dags/example_task_group.py
[2024-12-19T05:18:36.957+0000] {processor.py:914} INFO - Processing file /home/airflow/.local/lib/python3.12/site-packages/airflow/example_dags/example_task_group.py for tasks to queue
[2024-12-19T05:18:36.957+0000] {logging_mixin.py:190} INFO - [2024-12-19T05:18:36.957+0000] {dagbag.py:588} INFO - Filling up the DagBag from /home/airflow/.local/lib/python3.12/site-packages/airflow/example_dags/example_task_group.py
[2024-12-19T05:18:36.961+0000] {processor.py:925} INFO - DAG(s) 'example_task_group' retrieved from /home/airflow/.local/lib/python3.12/site-packages/airflow/example_dags/example_task_group.py
[2024-12-19T05:18:36.969+0000] {logging_mixin.py:190} INFO - [2024-12-19T05:18:36.969+0000] {dag.py:3239} INFO - Sync 1 DAGs
[2024-12-19T05:18:36.975+0000] {logging_mixin.py:190} INFO - [2024-12-19T05:18:36.975+0000] {dag.py:4180} INFO - Setting next_dagrun for example_task_group to None, run_after=None
[2024-12-19T05:18:37.056+0000] {processor.py:208} INFO - Processing /home/airflow/.local/lib/python3.12/site-packages/airflow/example_dags/example_task_group.py took 0.102 seconds
[2024-12-19T05:19:07.475+0000] {processor.py:186} INFO - Started process (PID=19026) to work on /home/airflow/.local/lib/python3.12/site-packages/airflow/example_dags/example_task_group.py
[2024-12-19T05:19:07.475+0000] {processor.py:914} INFO - Processing file /home/airflow/.local/lib/python3.12/site-packages/airflow/example_dags/example_task_group.py for tasks to queue
[2024-12-19T05:19:07.476+0000] {logging_mixin.py:190} INFO - [2024-12-19T05:19:07.476+0000] {dagbag.py:588} INFO - Filling up the DagBag from /home/airflow/.local/lib/python3.12/site-packages/airflow/example_dags/example_task_group.py
[2024-12-19T05:19:07.479+0000] {processor.py:925} INFO - DAG(s) 'example_task_group' retrieved from /home/airflow/.local/lib/python3.12/site-packages/airflow/example_dags/example_task_group.py
[2024-12-19T05:19:07.487+0000] {logging_mixin.py:190} INFO - [2024-12-19T05:19:07.487+0000] {dag.py:3239} INFO - Sync 1 DAGs
[2024-12-19T05:19:07.491+0000] {logging_mixin.py:190} INFO - [2024-12-19T05:19:07.491+0000] {dag.py:4180} INFO - Setting next_dagrun for example_task_group to None, run_after=None
[2024-12-19T05:19:07.564+0000] {processor.py:208} INFO - Processing /home/airflow/.local/lib/python3.12/site-packages/airflow/example_dags/example_task_group.py took 0.091 seconds
[2024-12-19T05:19:38.454+0000] {processor.py:186} INFO - Started process (PID=19317) to work on /home/airflow/.local/lib/python3.12/site-packages/airflow/example_dags/example_task_group.py
[2024-12-19T05:19:38.454+0000] {processor.py:914} INFO - Processing file /home/airflow/.local/lib/python3.12/site-packages/airflow/example_dags/example_task_group.py for tasks to queue
[2024-12-19T05:19:38.455+0000] {logging_mixin.py:190} INFO - [2024-12-19T05:19:38.455+0000] {dagbag.py:588} INFO - Filling up the DagBag from /home/airflow/.local/lib/python3.12/site-packages/airflow/example_dags/example_task_group.py
[2024-12-19T05:19:38.459+0000] {processor.py:925} INFO - DAG(s) 'example_task_group' retrieved from /home/airflow/.local/lib/python3.12/site-packages/airflow/example_dags/example_task_group.py
[2024-12-19T05:19:38.467+0000] {logging_mixin.py:190} INFO - [2024-12-19T05:19:38.467+0000] {dag.py:3239} INFO - Sync 1 DAGs
[2024-12-19T05:19:38.472+0000] {logging_mixin.py:190} INFO - [2024-12-19T05:19:38.472+0000] {dag.py:4180} INFO - Setting next_dagrun for example_task_group to None, run_after=None
[2024-12-19T05:19:38.479+0000] {processor.py:208} INFO - Processing /home/airflow/.local/lib/python3.12/site-packages/airflow/example_dags/example_task_group.py took 0.027 seconds
[2024-12-19T05:20:09.278+0000] {processor.py:186} INFO - Started process (PID=19608) to work on /home/airflow/.local/lib/python3.12/site-packages/airflow/example_dags/example_task_group.py
[2024-12-19T05:20:09.278+0000] {processor.py:914} INFO - Processing file /home/airflow/.local/lib/python3.12/site-packages/airflow/example_dags/example_task_group.py for tasks to queue
[2024-12-19T05:20:09.279+0000] {logging_mixin.py:190} INFO - [2024-12-19T05:20:09.279+0000] {dagbag.py:588} INFO - Filling up the DagBag from /home/airflow/.local/lib/python3.12/site-packages/airflow/example_dags/example_task_group.py
[2024-12-19T05:20:09.283+0000] {processor.py:925} INFO - DAG(s) 'example_task_group' retrieved from /home/airflow/.local/lib/python3.12/site-packages/airflow/example_dags/example_task_group.py
[2024-12-19T05:20:09.291+0000] {logging_mixin.py:190} INFO - [2024-12-19T05:20:09.291+0000] {dag.py:3239} INFO - Sync 1 DAGs
[2024-12-19T05:20:09.296+0000] {logging_mixin.py:190} INFO - [2024-12-19T05:20:09.296+0000] {dag.py:4180} INFO - Setting next_dagrun for example_task_group to None, run_after=None
[2024-12-19T05:20:09.302+0000] {processor.py:208} INFO - Processing /home/airflow/.local/lib/python3.12/site-packages/airflow/example_dags/example_task_group.py took 0.026 seconds
[2024-12-19T05:20:40.175+0000] {processor.py:186} INFO - Started process (PID=19899) to work on /home/airflow/.local/lib/python3.12/site-packages/airflow/example_dags/example_task_group.py
[2024-12-19T05:20:40.175+0000] {processor.py:914} INFO - Processing file /home/airflow/.local/lib/python3.12/site-packages/airflow/example_dags/example_task_group.py for tasks to queue
[2024-12-19T05:20:40.176+0000] {logging_mixin.py:190} INFO - [2024-12-19T05:20:40.176+0000] {dagbag.py:588} INFO - Filling up the DagBag from /home/airflow/.local/lib/python3.12/site-packages/airflow/example_dags/example_task_group.py
[2024-12-19T05:20:40.180+0000] {processor.py:925} INFO - DAG(s) 'example_task_group' retrieved from /home/airflow/.local/lib/python3.12/site-packages/airflow/example_dags/example_task_group.py
[2024-12-19T05:20:40.188+0000] {logging_mixin.py:190} INFO - [2024-12-19T05:20:40.188+0000] {dag.py:3239} INFO - Sync 1 DAGs
[2024-12-19T05:20:40.193+0000] {logging_mixin.py:190} INFO - [2024-12-19T05:20:40.192+0000] {dag.py:4180} INFO - Setting next_dagrun for example_task_group to None, run_after=None
[2024-12-19T05:20:40.198+0000] {processor.py:208} INFO - Processing /home/airflow/.local/lib/python3.12/site-packages/airflow/example_dags/example_task_group.py took 0.026 seconds
[2024-12-19T05:21:11.122+0000] {processor.py:186} INFO - Started process (PID=20190) to work on /home/airflow/.local/lib/python3.12/site-packages/airflow/example_dags/example_task_group.py
[2024-12-19T05:21:11.123+0000] {processor.py:914} INFO - Processing file /home/airflow/.local/lib/python3.12/site-packages/airflow/example_dags/example_task_group.py for tasks to queue
[2024-12-19T05:21:11.124+0000] {logging_mixin.py:190} INFO - [2024-12-19T05:21:11.124+0000] {dagbag.py:588} INFO - Filling up the DagBag from /home/airflow/.local/lib/python3.12/site-packages/airflow/example_dags/example_task_group.py
[2024-12-19T05:21:11.127+0000] {processor.py:925} INFO - DAG(s) 'example_task_group' retrieved from /home/airflow/.local/lib/python3.12/site-packages/airflow/example_dags/example_task_group.py
[2024-12-19T05:21:11.136+0000] {logging_mixin.py:190} INFO - [2024-12-19T05:21:11.136+0000] {dag.py:3239} INFO - Sync 1 DAGs
[2024-12-19T05:21:11.141+0000] {logging_mixin.py:190} INFO - [2024-12-19T05:21:11.141+0000] {dag.py:4180} INFO - Setting next_dagrun for example_task_group to None, run_after=None
[2024-12-19T05:21:11.147+0000] {processor.py:208} INFO - Processing /home/airflow/.local/lib/python3.12/site-packages/airflow/example_dags/example_task_group.py took 0.027 seconds
[2024-12-19T05:21:41.197+0000] {processor.py:186} INFO - Started process (PID=20481) to work on /home/airflow/.local/lib/python3.12/site-packages/airflow/example_dags/example_task_group.py
[2024-12-19T05:21:41.197+0000] {processor.py:914} INFO - Processing file /home/airflow/.local/lib/python3.12/site-packages/airflow/example_dags/example_task_group.py for tasks to queue
[2024-12-19T05:21:41.198+0000] {logging_mixin.py:190} INFO - [2024-12-19T05:21:41.198+0000] {dagbag.py:588} INFO - Filling up the DagBag from /home/airflow/.local/lib/python3.12/site-packages/airflow/example_dags/example_task_group.py
[2024-12-19T05:21:41.201+0000] {processor.py:925} INFO - DAG(s) 'example_task_group' retrieved from /home/airflow/.local/lib/python3.12/site-packages/airflow/example_dags/example_task_group.py
[2024-12-19T05:21:41.209+0000] {logging_mixin.py:190} INFO - [2024-12-19T05:21:41.209+0000] {dag.py:3239} INFO - Sync 1 DAGs
[2024-12-19T05:21:41.214+0000] {logging_mixin.py:190} INFO - [2024-12-19T05:21:41.214+0000] {dag.py:4180} INFO - Setting next_dagrun for example_task_group to None, run_after=None
[2024-12-19T05:21:41.219+0000] {processor.py:208} INFO - Processing /home/airflow/.local/lib/python3.12/site-packages/airflow/example_dags/example_task_group.py took 0.025 seconds
[2024-12-19T05:22:11.387+0000] {processor.py:186} INFO - Started process (PID=20770) to work on /home/airflow/.local/lib/python3.12/site-packages/airflow/example_dags/example_task_group.py
[2024-12-19T05:22:11.388+0000] {processor.py:914} INFO - Processing file /home/airflow/.local/lib/python3.12/site-packages/airflow/example_dags/example_task_group.py for tasks to queue
[2024-12-19T05:22:11.390+0000] {logging_mixin.py:190} INFO - [2024-12-19T05:22:11.390+0000] {dagbag.py:588} INFO - Filling up the DagBag from /home/airflow/.local/lib/python3.12/site-packages/airflow/example_dags/example_task_group.py
[2024-12-19T05:22:11.394+0000] {processor.py:925} INFO - DAG(s) 'example_task_group' retrieved from /home/airflow/.local/lib/python3.12/site-packages/airflow/example_dags/example_task_group.py
[2024-12-19T05:22:11.404+0000] {logging_mixin.py:190} INFO - [2024-12-19T05:22:11.404+0000] {dag.py:3239} INFO - Sync 1 DAGs
[2024-12-19T05:22:11.410+0000] {logging_mixin.py:190} INFO - [2024-12-19T05:22:11.409+0000] {dag.py:4180} INFO - Setting next_dagrun for example_task_group to None, run_after=None
[2024-12-19T05:22:11.416+0000] {processor.py:208} INFO - Processing /home/airflow/.local/lib/python3.12/site-packages/airflow/example_dags/example_task_group.py took 0.031 seconds
[2024-12-19T05:22:42.415+0000] {processor.py:186} INFO - Started process (PID=21061) to work on /home/airflow/.local/lib/python3.12/site-packages/airflow/example_dags/example_task_group.py
[2024-12-19T05:22:42.415+0000] {processor.py:914} INFO - Processing file /home/airflow/.local/lib/python3.12/site-packages/airflow/example_dags/example_task_group.py for tasks to queue
[2024-12-19T05:22:42.416+0000] {logging_mixin.py:190} INFO - [2024-12-19T05:22:42.416+0000] {dagbag.py:588} INFO - Filling up the DagBag from /home/airflow/.local/lib/python3.12/site-packages/airflow/example_dags/example_task_group.py
[2024-12-19T05:22:42.420+0000] {processor.py:925} INFO - DAG(s) 'example_task_group' retrieved from /home/airflow/.local/lib/python3.12/site-packages/airflow/example_dags/example_task_group.py
[2024-12-19T05:22:42.430+0000] {logging_mixin.py:190} INFO - [2024-12-19T05:22:42.430+0000] {dag.py:3239} INFO - Sync 1 DAGs
[2024-12-19T05:22:42.435+0000] {logging_mixin.py:190} INFO - [2024-12-19T05:22:42.435+0000] {dag.py:4180} INFO - Setting next_dagrun for example_task_group to None, run_after=None
[2024-12-19T05:22:42.443+0000] {processor.py:208} INFO - Processing /home/airflow/.local/lib/python3.12/site-packages/airflow/example_dags/example_task_group.py took 0.031 seconds
[2024-12-19T05:23:13.494+0000] {processor.py:186} INFO - Started process (PID=21354) to work on /home/airflow/.local/lib/python3.12/site-packages/airflow/example_dags/example_task_group.py
[2024-12-19T05:23:13.496+0000] {processor.py:914} INFO - Processing file /home/airflow/.local/lib/python3.12/site-packages/airflow/example_dags/example_task_group.py for tasks to queue
[2024-12-19T05:23:13.498+0000] {logging_mixin.py:190} INFO - [2024-12-19T05:23:13.498+0000] {dagbag.py:588} INFO - Filling up the DagBag from /home/airflow/.local/lib/python3.12/site-packages/airflow/example_dags/example_task_group.py
[2024-12-19T05:23:13.502+0000] {processor.py:925} INFO - DAG(s) 'example_task_group' retrieved from /home/airflow/.local/lib/python3.12/site-packages/airflow/example_dags/example_task_group.py
[2024-12-19T05:23:13.513+0000] {logging_mixin.py:190} INFO - [2024-12-19T05:23:13.512+0000] {dag.py:3239} INFO - Sync 1 DAGs
[2024-12-19T05:23:13.519+0000] {logging_mixin.py:190} INFO - [2024-12-19T05:23:13.519+0000] {dag.py:4180} INFO - Setting next_dagrun for example_task_group to None, run_after=None
[2024-12-19T05:23:13.529+0000] {processor.py:208} INFO - Processing /home/airflow/.local/lib/python3.12/site-packages/airflow/example_dags/example_task_group.py took 0.038 seconds
[2024-12-19T05:23:43.914+0000] {processor.py:186} INFO - Started process (PID=21643) to work on /home/airflow/.local/lib/python3.12/site-packages/airflow/example_dags/example_task_group.py
[2024-12-19T05:23:43.914+0000] {processor.py:914} INFO - Processing file /home/airflow/.local/lib/python3.12/site-packages/airflow/example_dags/example_task_group.py for tasks to queue
[2024-12-19T05:23:43.915+0000] {logging_mixin.py:190} INFO - [2024-12-19T05:23:43.915+0000] {dagbag.py:588} INFO - Filling up the DagBag from /home/airflow/.local/lib/python3.12/site-packages/airflow/example_dags/example_task_group.py
[2024-12-19T05:23:43.922+0000] {processor.py:925} INFO - DAG(s) 'example_task_group' retrieved from /home/airflow/.local/lib/python3.12/site-packages/airflow/example_dags/example_task_group.py
[2024-12-19T05:23:43.931+0000] {logging_mixin.py:190} INFO - [2024-12-19T05:23:43.931+0000] {dag.py:3239} INFO - Sync 1 DAGs
[2024-12-19T05:23:43.936+0000] {logging_mixin.py:190} INFO - [2024-12-19T05:23:43.936+0000] {dag.py:4180} INFO - Setting next_dagrun for example_task_group to None, run_after=None
[2024-12-19T05:23:43.943+0000] {processor.py:208} INFO - Processing /home/airflow/.local/lib/python3.12/site-packages/airflow/example_dags/example_task_group.py took 0.032 seconds
