[2024-12-19T04:00:06.451+0000] {processor.py:186} INFO - Started process (PID=363) to work on /home/airflow/.local/lib/python3.12/site-packages/airflow/example_dags/tutorial_dag.py
[2024-12-19T04:00:06.452+0000] {processor.py:914} INFO - Processing file /home/airflow/.local/lib/python3.12/site-packages/airflow/example_dags/tutorial_dag.py for tasks to queue
[2024-12-19T04:00:06.455+0000] {logging_mixin.py:190} INFO - [2024-12-19T04:00:06.455+0000] {dagbag.py:588} INFO - Filling up the DagBag from /home/airflow/.local/lib/python3.12/site-packages/airflow/example_dags/tutorial_dag.py
[2024-12-19T04:00:06.463+0000] {processor.py:925} INFO - DAG(s) 'tutorial_dag' retrieved from /home/airflow/.local/lib/python3.12/site-packages/airflow/example_dags/tutorial_dag.py
[2024-12-19T04:00:06.502+0000] {logging_mixin.py:190} INFO - [2024-12-19T04:00:06.502+0000] {override.py:1911} INFO - Created Permission View: can edit on DAG:tutorial_dag
[2024-12-19T04:00:06.505+0000] {logging_mixin.py:190} INFO - [2024-12-19T04:00:06.505+0000] {override.py:1911} INFO - Created Permission View: can delete on DAG:tutorial_dag
[2024-12-19T04:00:06.506+0000] {logging_mixin.py:190} INFO - [2024-12-19T04:00:06.506+0000] {override.py:1911} INFO - Created Permission View: can read on DAG:tutorial_dag
[2024-12-19T04:00:06.508+0000] {logging_mixin.py:190} INFO - [2024-12-19T04:00:06.508+0000] {override.py:1911} INFO - Created Permission View: can create on DAG Run:tutorial_dag
[2024-12-19T04:00:06.509+0000] {logging_mixin.py:190} INFO - [2024-12-19T04:00:06.509+0000] {override.py:1911} INFO - Created Permission View: can delete on DAG Run:tutorial_dag
[2024-12-19T04:00:06.511+0000] {logging_mixin.py:190} INFO - [2024-12-19T04:00:06.510+0000] {override.py:1911} INFO - Created Permission View: menu access on DAG Run:tutorial_dag
[2024-12-19T04:00:06.512+0000] {logging_mixin.py:190} INFO - [2024-12-19T04:00:06.512+0000] {override.py:1911} INFO - Created Permission View: can read on DAG Run:tutorial_dag
[2024-12-19T04:00:06.512+0000] {logging_mixin.py:190} INFO - [2024-12-19T04:00:06.512+0000] {dag.py:3239} INFO - Sync 1 DAGs
[2024-12-19T04:00:06.517+0000] {logging_mixin.py:190} INFO - [2024-12-19T04:00:06.517+0000] {dag.py:3262} INFO - Creating ORM DAG for tutorial_dag
[2024-12-19T04:00:06.517+0000] {logging_mixin.py:190} INFO - [2024-12-19T04:00:06.517+0000] {dag.py:4180} INFO - Setting next_dagrun for tutorial_dag to None, run_after=None
[2024-12-19T04:00:06.523+0000] {processor.py:208} INFO - Processing /home/airflow/.local/lib/python3.12/site-packages/airflow/example_dags/tutorial_dag.py took 0.074 seconds
[2024-12-19T04:00:56.070+0000] {processor.py:186} INFO - Started process (PID=355) to work on /home/airflow/.local/lib/python3.12/site-packages/airflow/example_dags/tutorial_dag.py
[2024-12-19T04:00:56.070+0000] {processor.py:914} INFO - Processing file /home/airflow/.local/lib/python3.12/site-packages/airflow/example_dags/tutorial_dag.py for tasks to queue
[2024-12-19T04:00:56.072+0000] {logging_mixin.py:190} INFO - [2024-12-19T04:00:56.071+0000] {dagbag.py:588} INFO - Filling up the DagBag from /home/airflow/.local/lib/python3.12/site-packages/airflow/example_dags/tutorial_dag.py
[2024-12-19T04:00:56.075+0000] {processor.py:925} INFO - DAG(s) 'tutorial_dag' retrieved from /home/airflow/.local/lib/python3.12/site-packages/airflow/example_dags/tutorial_dag.py
[2024-12-19T04:00:56.084+0000] {logging_mixin.py:190} INFO - [2024-12-19T04:00:56.083+0000] {dag.py:3239} INFO - Sync 1 DAGs
[2024-12-19T04:00:56.089+0000] {logging_mixin.py:190} INFO - [2024-12-19T04:00:56.089+0000] {dag.py:4180} INFO - Setting next_dagrun for tutorial_dag to None, run_after=None
[2024-12-19T04:00:56.095+0000] {processor.py:208} INFO - Processing /home/airflow/.local/lib/python3.12/site-packages/airflow/example_dags/tutorial_dag.py took 0.027 seconds
[2024-12-19T04:01:26.470+0000] {processor.py:186} INFO - Started process (PID=646) to work on /home/airflow/.local/lib/python3.12/site-packages/airflow/example_dags/tutorial_dag.py
[2024-12-19T04:01:26.470+0000] {processor.py:914} INFO - Processing file /home/airflow/.local/lib/python3.12/site-packages/airflow/example_dags/tutorial_dag.py for tasks to queue
[2024-12-19T04:01:26.473+0000] {logging_mixin.py:190} INFO - [2024-12-19T04:01:26.473+0000] {dagbag.py:588} INFO - Filling up the DagBag from /home/airflow/.local/lib/python3.12/site-packages/airflow/example_dags/tutorial_dag.py
[2024-12-19T04:01:26.477+0000] {processor.py:925} INFO - DAG(s) 'tutorial_dag' retrieved from /home/airflow/.local/lib/python3.12/site-packages/airflow/example_dags/tutorial_dag.py
[2024-12-19T04:01:26.487+0000] {logging_mixin.py:190} INFO - [2024-12-19T04:01:26.487+0000] {dag.py:3239} INFO - Sync 1 DAGs
[2024-12-19T04:01:26.493+0000] {logging_mixin.py:190} INFO - [2024-12-19T04:01:26.493+0000] {dag.py:4180} INFO - Setting next_dagrun for tutorial_dag to None, run_after=None
[2024-12-19T04:01:26.503+0000] {processor.py:208} INFO - Processing /home/airflow/.local/lib/python3.12/site-packages/airflow/example_dags/tutorial_dag.py took 0.036 seconds
[2024-12-19T04:01:56.720+0000] {processor.py:186} INFO - Started process (PID=937) to work on /home/airflow/.local/lib/python3.12/site-packages/airflow/example_dags/tutorial_dag.py
[2024-12-19T04:01:56.721+0000] {processor.py:914} INFO - Processing file /home/airflow/.local/lib/python3.12/site-packages/airflow/example_dags/tutorial_dag.py for tasks to queue
[2024-12-19T04:01:56.722+0000] {logging_mixin.py:190} INFO - [2024-12-19T04:01:56.722+0000] {dagbag.py:588} INFO - Filling up the DagBag from /home/airflow/.local/lib/python3.12/site-packages/airflow/example_dags/tutorial_dag.py
[2024-12-19T04:01:56.725+0000] {processor.py:925} INFO - DAG(s) 'tutorial_dag' retrieved from /home/airflow/.local/lib/python3.12/site-packages/airflow/example_dags/tutorial_dag.py
[2024-12-19T04:01:56.733+0000] {logging_mixin.py:190} INFO - [2024-12-19T04:01:56.733+0000] {dag.py:3239} INFO - Sync 1 DAGs
[2024-12-19T04:01:56.739+0000] {logging_mixin.py:190} INFO - [2024-12-19T04:01:56.739+0000] {dag.py:4180} INFO - Setting next_dagrun for tutorial_dag to None, run_after=None
[2024-12-19T04:01:56.745+0000] {processor.py:208} INFO - Processing /home/airflow/.local/lib/python3.12/site-packages/airflow/example_dags/tutorial_dag.py took 0.027 seconds
[2024-12-19T04:02:27.027+0000] {processor.py:186} INFO - Started process (PID=1252) to work on /home/airflow/.local/lib/python3.12/site-packages/airflow/example_dags/tutorial_dag.py
[2024-12-19T04:02:27.028+0000] {processor.py:914} INFO - Processing file /home/airflow/.local/lib/python3.12/site-packages/airflow/example_dags/tutorial_dag.py for tasks to queue
[2024-12-19T04:02:27.031+0000] {logging_mixin.py:190} INFO - [2024-12-19T04:02:27.031+0000] {dagbag.py:588} INFO - Filling up the DagBag from /home/airflow/.local/lib/python3.12/site-packages/airflow/example_dags/tutorial_dag.py
[2024-12-19T04:02:27.034+0000] {processor.py:925} INFO - DAG(s) 'tutorial_dag' retrieved from /home/airflow/.local/lib/python3.12/site-packages/airflow/example_dags/tutorial_dag.py
[2024-12-19T04:02:27.042+0000] {logging_mixin.py:190} INFO - [2024-12-19T04:02:27.042+0000] {dag.py:3239} INFO - Sync 1 DAGs
[2024-12-19T04:02:27.048+0000] {logging_mixin.py:190} INFO - [2024-12-19T04:02:27.048+0000] {dag.py:4180} INFO - Setting next_dagrun for tutorial_dag to None, run_after=None
[2024-12-19T04:02:27.055+0000] {processor.py:208} INFO - Processing /home/airflow/.local/lib/python3.12/site-packages/airflow/example_dags/tutorial_dag.py took 0.030 seconds
[2024-12-19T04:02:58.085+0000] {processor.py:186} INFO - Started process (PID=1543) to work on /home/airflow/.local/lib/python3.12/site-packages/airflow/example_dags/tutorial_dag.py
[2024-12-19T04:02:58.085+0000] {processor.py:914} INFO - Processing file /home/airflow/.local/lib/python3.12/site-packages/airflow/example_dags/tutorial_dag.py for tasks to queue
[2024-12-19T04:02:58.086+0000] {logging_mixin.py:190} INFO - [2024-12-19T04:02:58.086+0000] {dagbag.py:588} INFO - Filling up the DagBag from /home/airflow/.local/lib/python3.12/site-packages/airflow/example_dags/tutorial_dag.py
[2024-12-19T04:02:58.089+0000] {processor.py:925} INFO - DAG(s) 'tutorial_dag' retrieved from /home/airflow/.local/lib/python3.12/site-packages/airflow/example_dags/tutorial_dag.py
[2024-12-19T04:02:58.097+0000] {logging_mixin.py:190} INFO - [2024-12-19T04:02:58.096+0000] {dag.py:3239} INFO - Sync 1 DAGs
[2024-12-19T04:02:58.102+0000] {logging_mixin.py:190} INFO - [2024-12-19T04:02:58.102+0000] {dag.py:4180} INFO - Setting next_dagrun for tutorial_dag to None, run_after=None
[2024-12-19T04:02:58.110+0000] {processor.py:208} INFO - Processing /home/airflow/.local/lib/python3.12/site-packages/airflow/example_dags/tutorial_dag.py took 0.027 seconds
[2024-12-19T04:03:29.237+0000] {processor.py:186} INFO - Started process (PID=1834) to work on /home/airflow/.local/lib/python3.12/site-packages/airflow/example_dags/tutorial_dag.py
[2024-12-19T04:03:29.238+0000] {processor.py:914} INFO - Processing file /home/airflow/.local/lib/python3.12/site-packages/airflow/example_dags/tutorial_dag.py for tasks to queue
[2024-12-19T04:03:29.240+0000] {logging_mixin.py:190} INFO - [2024-12-19T04:03:29.239+0000] {dagbag.py:588} INFO - Filling up the DagBag from /home/airflow/.local/lib/python3.12/site-packages/airflow/example_dags/tutorial_dag.py
[2024-12-19T04:03:29.243+0000] {processor.py:925} INFO - DAG(s) 'tutorial_dag' retrieved from /home/airflow/.local/lib/python3.12/site-packages/airflow/example_dags/tutorial_dag.py
[2024-12-19T04:03:29.252+0000] {logging_mixin.py:190} INFO - [2024-12-19T04:03:29.252+0000] {dag.py:3239} INFO - Sync 1 DAGs
[2024-12-19T04:03:29.258+0000] {logging_mixin.py:190} INFO - [2024-12-19T04:03:29.258+0000] {dag.py:4180} INFO - Setting next_dagrun for tutorial_dag to None, run_after=None
[2024-12-19T04:03:29.264+0000] {processor.py:208} INFO - Processing /home/airflow/.local/lib/python3.12/site-packages/airflow/example_dags/tutorial_dag.py took 0.030 seconds
[2024-12-19T04:03:59.499+0000] {processor.py:186} INFO - Started process (PID=2125) to work on /home/airflow/.local/lib/python3.12/site-packages/airflow/example_dags/tutorial_dag.py
[2024-12-19T04:03:59.501+0000] {processor.py:914} INFO - Processing file /home/airflow/.local/lib/python3.12/site-packages/airflow/example_dags/tutorial_dag.py for tasks to queue
[2024-12-19T04:03:59.505+0000] {logging_mixin.py:190} INFO - [2024-12-19T04:03:59.505+0000] {dagbag.py:588} INFO - Filling up the DagBag from /home/airflow/.local/lib/python3.12/site-packages/airflow/example_dags/tutorial_dag.py
[2024-12-19T04:03:59.508+0000] {processor.py:925} INFO - DAG(s) 'tutorial_dag' retrieved from /home/airflow/.local/lib/python3.12/site-packages/airflow/example_dags/tutorial_dag.py
[2024-12-19T04:03:59.515+0000] {logging_mixin.py:190} INFO - [2024-12-19T04:03:59.515+0000] {dag.py:3239} INFO - Sync 1 DAGs
[2024-12-19T04:03:59.521+0000] {logging_mixin.py:190} INFO - [2024-12-19T04:03:59.520+0000] {dag.py:4180} INFO - Setting next_dagrun for tutorial_dag to None, run_after=None
[2024-12-19T04:03:59.527+0000] {processor.py:208} INFO - Processing /home/airflow/.local/lib/python3.12/site-packages/airflow/example_dags/tutorial_dag.py took 0.030 seconds
[2024-12-19T04:04:32.277+0000] {processor.py:186} INFO - Started process (PID=2418) to work on /home/airflow/.local/lib/python3.12/site-packages/airflow/example_dags/tutorial_dag.py
[2024-12-19T04:04:32.278+0000] {processor.py:914} INFO - Processing file /home/airflow/.local/lib/python3.12/site-packages/airflow/example_dags/tutorial_dag.py for tasks to queue
[2024-12-19T04:04:32.279+0000] {logging_mixin.py:190} INFO - [2024-12-19T04:04:32.279+0000] {dagbag.py:588} INFO - Filling up the DagBag from /home/airflow/.local/lib/python3.12/site-packages/airflow/example_dags/tutorial_dag.py
[2024-12-19T04:04:32.281+0000] {processor.py:925} INFO - DAG(s) 'tutorial_dag' retrieved from /home/airflow/.local/lib/python3.12/site-packages/airflow/example_dags/tutorial_dag.py
[2024-12-19T04:04:32.288+0000] {logging_mixin.py:190} INFO - [2024-12-19T04:04:32.288+0000] {dag.py:3239} INFO - Sync 1 DAGs
[2024-12-19T04:04:32.293+0000] {logging_mixin.py:190} INFO - [2024-12-19T04:04:32.293+0000] {dag.py:4180} INFO - Setting next_dagrun for tutorial_dag to None, run_after=None
[2024-12-19T04:04:32.299+0000] {processor.py:208} INFO - Processing /home/airflow/.local/lib/python3.12/site-packages/airflow/example_dags/tutorial_dag.py took 0.024 seconds
[2024-12-19T04:05:03.371+0000] {processor.py:186} INFO - Started process (PID=2713) to work on /home/airflow/.local/lib/python3.12/site-packages/airflow/example_dags/tutorial_dag.py
[2024-12-19T04:05:03.372+0000] {processor.py:914} INFO - Processing file /home/airflow/.local/lib/python3.12/site-packages/airflow/example_dags/tutorial_dag.py for tasks to queue
[2024-12-19T04:05:03.373+0000] {logging_mixin.py:190} INFO - [2024-12-19T04:05:03.373+0000] {dagbag.py:588} INFO - Filling up the DagBag from /home/airflow/.local/lib/python3.12/site-packages/airflow/example_dags/tutorial_dag.py
[2024-12-19T04:05:03.378+0000] {processor.py:925} INFO - DAG(s) 'tutorial_dag' retrieved from /home/airflow/.local/lib/python3.12/site-packages/airflow/example_dags/tutorial_dag.py
[2024-12-19T04:05:03.386+0000] {logging_mixin.py:190} INFO - [2024-12-19T04:05:03.386+0000] {dag.py:3239} INFO - Sync 1 DAGs
[2024-12-19T04:05:03.391+0000] {logging_mixin.py:190} INFO - [2024-12-19T04:05:03.391+0000] {dag.py:4180} INFO - Setting next_dagrun for tutorial_dag to None, run_after=None
[2024-12-19T04:05:03.397+0000] {processor.py:208} INFO - Processing /home/airflow/.local/lib/python3.12/site-packages/airflow/example_dags/tutorial_dag.py took 0.028 seconds
[2024-12-19T04:22:25.187+0000] {processor.py:186} INFO - Started process (PID=3139) to work on /home/airflow/.local/lib/python3.12/site-packages/airflow/example_dags/tutorial_dag.py
[2024-12-19T04:22:25.187+0000] {processor.py:914} INFO - Processing file /home/airflow/.local/lib/python3.12/site-packages/airflow/example_dags/tutorial_dag.py for tasks to queue
[2024-12-19T04:22:25.188+0000] {logging_mixin.py:190} INFO - [2024-12-19T04:22:25.188+0000] {dagbag.py:588} INFO - Filling up the DagBag from /home/airflow/.local/lib/python3.12/site-packages/airflow/example_dags/tutorial_dag.py
[2024-12-19T04:22:25.191+0000] {processor.py:925} INFO - DAG(s) 'tutorial_dag' retrieved from /home/airflow/.local/lib/python3.12/site-packages/airflow/example_dags/tutorial_dag.py
[2024-12-19T04:22:25.198+0000] {logging_mixin.py:190} INFO - [2024-12-19T04:22:25.198+0000] {dag.py:3239} INFO - Sync 1 DAGs
[2024-12-19T04:22:25.203+0000] {logging_mixin.py:190} INFO - [2024-12-19T04:22:25.203+0000] {dag.py:4180} INFO - Setting next_dagrun for tutorial_dag to None, run_after=None
[2024-12-19T04:22:25.209+0000] {processor.py:208} INFO - Processing /home/airflow/.local/lib/python3.12/site-packages/airflow/example_dags/tutorial_dag.py took 0.024 seconds
[2024-12-19T04:22:55.656+0000] {processor.py:186} INFO - Started process (PID=3430) to work on /home/airflow/.local/lib/python3.12/site-packages/airflow/example_dags/tutorial_dag.py
[2024-12-19T04:22:55.657+0000] {processor.py:914} INFO - Processing file /home/airflow/.local/lib/python3.12/site-packages/airflow/example_dags/tutorial_dag.py for tasks to queue
[2024-12-19T04:22:55.658+0000] {logging_mixin.py:190} INFO - [2024-12-19T04:22:55.658+0000] {dagbag.py:588} INFO - Filling up the DagBag from /home/airflow/.local/lib/python3.12/site-packages/airflow/example_dags/tutorial_dag.py
[2024-12-19T04:22:55.662+0000] {processor.py:925} INFO - DAG(s) 'tutorial_dag' retrieved from /home/airflow/.local/lib/python3.12/site-packages/airflow/example_dags/tutorial_dag.py
[2024-12-19T04:22:55.670+0000] {logging_mixin.py:190} INFO - [2024-12-19T04:22:55.670+0000] {dag.py:3239} INFO - Sync 1 DAGs
[2024-12-19T04:22:55.675+0000] {logging_mixin.py:190} INFO - [2024-12-19T04:22:55.675+0000] {dag.py:4180} INFO - Setting next_dagrun for tutorial_dag to None, run_after=None
[2024-12-19T04:22:55.682+0000] {processor.py:208} INFO - Processing /home/airflow/.local/lib/python3.12/site-packages/airflow/example_dags/tutorial_dag.py took 0.029 seconds
[2024-12-19T04:39:23.252+0000] {processor.py:186} INFO - Started process (PID=3715) to work on /home/airflow/.local/lib/python3.12/site-packages/airflow/example_dags/tutorial_dag.py
[2024-12-19T04:39:23.253+0000] {processor.py:914} INFO - Processing file /home/airflow/.local/lib/python3.12/site-packages/airflow/example_dags/tutorial_dag.py for tasks to queue
[2024-12-19T04:39:23.253+0000] {logging_mixin.py:190} INFO - [2024-12-19T04:39:23.253+0000] {dagbag.py:588} INFO - Filling up the DagBag from /home/airflow/.local/lib/python3.12/site-packages/airflow/example_dags/tutorial_dag.py
[2024-12-19T04:39:23.258+0000] {processor.py:925} INFO - DAG(s) 'tutorial_dag' retrieved from /home/airflow/.local/lib/python3.12/site-packages/airflow/example_dags/tutorial_dag.py
[2024-12-19T04:39:23.266+0000] {logging_mixin.py:190} INFO - [2024-12-19T04:39:23.266+0000] {dag.py:3239} INFO - Sync 1 DAGs
[2024-12-19T04:39:23.271+0000] {logging_mixin.py:190} INFO - [2024-12-19T04:39:23.271+0000] {dag.py:4180} INFO - Setting next_dagrun for tutorial_dag to None, run_after=None
[2024-12-19T04:39:23.277+0000] {processor.py:208} INFO - Processing /home/airflow/.local/lib/python3.12/site-packages/airflow/example_dags/tutorial_dag.py took 0.028 seconds
[2024-12-19T04:39:54.341+0000] {processor.py:186} INFO - Started process (PID=4012) to work on /home/airflow/.local/lib/python3.12/site-packages/airflow/example_dags/tutorial_dag.py
[2024-12-19T04:39:54.342+0000] {processor.py:914} INFO - Processing file /home/airflow/.local/lib/python3.12/site-packages/airflow/example_dags/tutorial_dag.py for tasks to queue
[2024-12-19T04:39:54.343+0000] {logging_mixin.py:190} INFO - [2024-12-19T04:39:54.342+0000] {dagbag.py:588} INFO - Filling up the DagBag from /home/airflow/.local/lib/python3.12/site-packages/airflow/example_dags/tutorial_dag.py
[2024-12-19T04:39:54.346+0000] {processor.py:925} INFO - DAG(s) 'tutorial_dag' retrieved from /home/airflow/.local/lib/python3.12/site-packages/airflow/example_dags/tutorial_dag.py
[2024-12-19T04:39:54.353+0000] {logging_mixin.py:190} INFO - [2024-12-19T04:39:54.353+0000] {dag.py:3239} INFO - Sync 1 DAGs
[2024-12-19T04:39:54.358+0000] {logging_mixin.py:190} INFO - [2024-12-19T04:39:54.358+0000] {dag.py:4180} INFO - Setting next_dagrun for tutorial_dag to None, run_after=None
[2024-12-19T04:39:54.364+0000] {processor.py:208} INFO - Processing /home/airflow/.local/lib/python3.12/site-packages/airflow/example_dags/tutorial_dag.py took 0.026 seconds
[2024-12-19T04:40:25.345+0000] {processor.py:186} INFO - Started process (PID=4303) to work on /home/airflow/.local/lib/python3.12/site-packages/airflow/example_dags/tutorial_dag.py
[2024-12-19T04:40:25.346+0000] {processor.py:914} INFO - Processing file /home/airflow/.local/lib/python3.12/site-packages/airflow/example_dags/tutorial_dag.py for tasks to queue
[2024-12-19T04:40:25.347+0000] {logging_mixin.py:190} INFO - [2024-12-19T04:40:25.347+0000] {dagbag.py:588} INFO - Filling up the DagBag from /home/airflow/.local/lib/python3.12/site-packages/airflow/example_dags/tutorial_dag.py
[2024-12-19T04:40:25.351+0000] {processor.py:925} INFO - DAG(s) 'tutorial_dag' retrieved from /home/airflow/.local/lib/python3.12/site-packages/airflow/example_dags/tutorial_dag.py
[2024-12-19T04:40:25.359+0000] {logging_mixin.py:190} INFO - [2024-12-19T04:40:25.359+0000] {dag.py:3239} INFO - Sync 1 DAGs
[2024-12-19T04:40:25.364+0000] {logging_mixin.py:190} INFO - [2024-12-19T04:40:25.364+0000] {dag.py:4180} INFO - Setting next_dagrun for tutorial_dag to None, run_after=None
[2024-12-19T04:40:25.370+0000] {processor.py:208} INFO - Processing /home/airflow/.local/lib/python3.12/site-packages/airflow/example_dags/tutorial_dag.py took 0.026 seconds
[2024-12-19T04:40:56.343+0000] {processor.py:186} INFO - Started process (PID=4594) to work on /home/airflow/.local/lib/python3.12/site-packages/airflow/example_dags/tutorial_dag.py
[2024-12-19T04:40:56.344+0000] {processor.py:914} INFO - Processing file /home/airflow/.local/lib/python3.12/site-packages/airflow/example_dags/tutorial_dag.py for tasks to queue
[2024-12-19T04:40:56.346+0000] {logging_mixin.py:190} INFO - [2024-12-19T04:40:56.346+0000] {dagbag.py:588} INFO - Filling up the DagBag from /home/airflow/.local/lib/python3.12/site-packages/airflow/example_dags/tutorial_dag.py
[2024-12-19T04:40:56.350+0000] {processor.py:925} INFO - DAG(s) 'tutorial_dag' retrieved from /home/airflow/.local/lib/python3.12/site-packages/airflow/example_dags/tutorial_dag.py
[2024-12-19T04:40:56.357+0000] {logging_mixin.py:190} INFO - [2024-12-19T04:40:56.357+0000] {dag.py:3239} INFO - Sync 1 DAGs
[2024-12-19T04:40:56.362+0000] {logging_mixin.py:190} INFO - [2024-12-19T04:40:56.362+0000] {dag.py:4180} INFO - Setting next_dagrun for tutorial_dag to None, run_after=None
[2024-12-19T04:40:56.368+0000] {processor.py:208} INFO - Processing /home/airflow/.local/lib/python3.12/site-packages/airflow/example_dags/tutorial_dag.py took 0.027 seconds
[2024-12-19T04:41:27.429+0000] {processor.py:186} INFO - Started process (PID=4885) to work on /home/airflow/.local/lib/python3.12/site-packages/airflow/example_dags/tutorial_dag.py
[2024-12-19T04:41:27.430+0000] {processor.py:914} INFO - Processing file /home/airflow/.local/lib/python3.12/site-packages/airflow/example_dags/tutorial_dag.py for tasks to queue
[2024-12-19T04:41:27.431+0000] {logging_mixin.py:190} INFO - [2024-12-19T04:41:27.430+0000] {dagbag.py:588} INFO - Filling up the DagBag from /home/airflow/.local/lib/python3.12/site-packages/airflow/example_dags/tutorial_dag.py
[2024-12-19T04:41:27.436+0000] {processor.py:925} INFO - DAG(s) 'tutorial_dag' retrieved from /home/airflow/.local/lib/python3.12/site-packages/airflow/example_dags/tutorial_dag.py
[2024-12-19T04:41:27.443+0000] {logging_mixin.py:190} INFO - [2024-12-19T04:41:27.443+0000] {dag.py:3239} INFO - Sync 1 DAGs
[2024-12-19T04:41:27.448+0000] {logging_mixin.py:190} INFO - [2024-12-19T04:41:27.448+0000] {dag.py:4180} INFO - Setting next_dagrun for tutorial_dag to None, run_after=None
[2024-12-19T04:41:27.454+0000] {processor.py:208} INFO - Processing /home/airflow/.local/lib/python3.12/site-packages/airflow/example_dags/tutorial_dag.py took 0.028 seconds
[2024-12-19T04:41:58.544+0000] {processor.py:186} INFO - Started process (PID=5176) to work on /home/airflow/.local/lib/python3.12/site-packages/airflow/example_dags/tutorial_dag.py
[2024-12-19T04:41:58.545+0000] {processor.py:914} INFO - Processing file /home/airflow/.local/lib/python3.12/site-packages/airflow/example_dags/tutorial_dag.py for tasks to queue
[2024-12-19T04:41:58.549+0000] {logging_mixin.py:190} INFO - [2024-12-19T04:41:58.549+0000] {dagbag.py:588} INFO - Filling up the DagBag from /home/airflow/.local/lib/python3.12/site-packages/airflow/example_dags/tutorial_dag.py
[2024-12-19T04:41:58.552+0000] {processor.py:925} INFO - DAG(s) 'tutorial_dag' retrieved from /home/airflow/.local/lib/python3.12/site-packages/airflow/example_dags/tutorial_dag.py
[2024-12-19T04:41:58.560+0000] {logging_mixin.py:190} INFO - [2024-12-19T04:41:58.560+0000] {dag.py:3239} INFO - Sync 1 DAGs
[2024-12-19T04:41:58.565+0000] {logging_mixin.py:190} INFO - [2024-12-19T04:41:58.565+0000] {dag.py:4180} INFO - Setting next_dagrun for tutorial_dag to None, run_after=None
[2024-12-19T04:41:58.571+0000] {processor.py:208} INFO - Processing /home/airflow/.local/lib/python3.12/site-packages/airflow/example_dags/tutorial_dag.py took 0.029 seconds
[2024-12-19T04:55:19.371+0000] {processor.py:186} INFO - Started process (PID=5461) to work on /home/airflow/.local/lib/python3.12/site-packages/airflow/example_dags/tutorial_dag.py
[2024-12-19T04:55:19.373+0000] {processor.py:914} INFO - Processing file /home/airflow/.local/lib/python3.12/site-packages/airflow/example_dags/tutorial_dag.py for tasks to queue
[2024-12-19T04:55:19.375+0000] {logging_mixin.py:190} INFO - [2024-12-19T04:55:19.374+0000] {dagbag.py:588} INFO - Filling up the DagBag from /home/airflow/.local/lib/python3.12/site-packages/airflow/example_dags/tutorial_dag.py
[2024-12-19T04:55:19.378+0000] {processor.py:925} INFO - DAG(s) 'tutorial_dag' retrieved from /home/airflow/.local/lib/python3.12/site-packages/airflow/example_dags/tutorial_dag.py
[2024-12-19T04:55:19.386+0000] {logging_mixin.py:190} INFO - [2024-12-19T04:55:19.386+0000] {dag.py:3239} INFO - Sync 1 DAGs
[2024-12-19T04:55:19.393+0000] {logging_mixin.py:190} INFO - [2024-12-19T04:55:19.393+0000] {dag.py:4180} INFO - Setting next_dagrun for tutorial_dag to None, run_after=None
[2024-12-19T04:55:19.401+0000] {processor.py:208} INFO - Processing /home/airflow/.local/lib/python3.12/site-packages/airflow/example_dags/tutorial_dag.py took 0.033 seconds
[2024-12-19T04:55:49.688+0000] {processor.py:186} INFO - Started process (PID=5758) to work on /home/airflow/.local/lib/python3.12/site-packages/airflow/example_dags/tutorial_dag.py
[2024-12-19T04:55:49.688+0000] {processor.py:914} INFO - Processing file /home/airflow/.local/lib/python3.12/site-packages/airflow/example_dags/tutorial_dag.py for tasks to queue
[2024-12-19T04:55:49.689+0000] {logging_mixin.py:190} INFO - [2024-12-19T04:55:49.689+0000] {dagbag.py:588} INFO - Filling up the DagBag from /home/airflow/.local/lib/python3.12/site-packages/airflow/example_dags/tutorial_dag.py
[2024-12-19T04:55:49.693+0000] {processor.py:925} INFO - DAG(s) 'tutorial_dag' retrieved from /home/airflow/.local/lib/python3.12/site-packages/airflow/example_dags/tutorial_dag.py
[2024-12-19T04:55:49.702+0000] {logging_mixin.py:190} INFO - [2024-12-19T04:55:49.702+0000] {dag.py:3239} INFO - Sync 1 DAGs
[2024-12-19T04:55:49.708+0000] {logging_mixin.py:190} INFO - [2024-12-19T04:55:49.708+0000] {dag.py:4180} INFO - Setting next_dagrun for tutorial_dag to None, run_after=None
[2024-12-19T04:55:49.719+0000] {processor.py:208} INFO - Processing /home/airflow/.local/lib/python3.12/site-packages/airflow/example_dags/tutorial_dag.py took 0.033 seconds
[2024-12-19T04:56:19.950+0000] {processor.py:186} INFO - Started process (PID=6049) to work on /home/airflow/.local/lib/python3.12/site-packages/airflow/example_dags/tutorial_dag.py
[2024-12-19T04:56:19.951+0000] {processor.py:914} INFO - Processing file /home/airflow/.local/lib/python3.12/site-packages/airflow/example_dags/tutorial_dag.py for tasks to queue
[2024-12-19T04:56:19.954+0000] {logging_mixin.py:190} INFO - [2024-12-19T04:56:19.954+0000] {dagbag.py:588} INFO - Filling up the DagBag from /home/airflow/.local/lib/python3.12/site-packages/airflow/example_dags/tutorial_dag.py
[2024-12-19T04:56:19.957+0000] {processor.py:925} INFO - DAG(s) 'tutorial_dag' retrieved from /home/airflow/.local/lib/python3.12/site-packages/airflow/example_dags/tutorial_dag.py
[2024-12-19T04:56:19.966+0000] {logging_mixin.py:190} INFO - [2024-12-19T04:56:19.965+0000] {dag.py:3239} INFO - Sync 1 DAGs
[2024-12-19T04:56:19.970+0000] {logging_mixin.py:190} INFO - [2024-12-19T04:56:19.970+0000] {dag.py:4180} INFO - Setting next_dagrun for tutorial_dag to None, run_after=None
[2024-12-19T04:56:19.977+0000] {processor.py:208} INFO - Processing /home/airflow/.local/lib/python3.12/site-packages/airflow/example_dags/tutorial_dag.py took 0.029 seconds
[2024-12-19T04:56:50.319+0000] {processor.py:186} INFO - Started process (PID=6340) to work on /home/airflow/.local/lib/python3.12/site-packages/airflow/example_dags/tutorial_dag.py
[2024-12-19T04:56:50.319+0000] {processor.py:914} INFO - Processing file /home/airflow/.local/lib/python3.12/site-packages/airflow/example_dags/tutorial_dag.py for tasks to queue
[2024-12-19T04:56:50.320+0000] {logging_mixin.py:190} INFO - [2024-12-19T04:56:50.320+0000] {dagbag.py:588} INFO - Filling up the DagBag from /home/airflow/.local/lib/python3.12/site-packages/airflow/example_dags/tutorial_dag.py
[2024-12-19T04:56:50.323+0000] {processor.py:925} INFO - DAG(s) 'tutorial_dag' retrieved from /home/airflow/.local/lib/python3.12/site-packages/airflow/example_dags/tutorial_dag.py
[2024-12-19T04:56:50.332+0000] {logging_mixin.py:190} INFO - [2024-12-19T04:56:50.332+0000] {dag.py:3239} INFO - Sync 1 DAGs
[2024-12-19T04:56:50.338+0000] {logging_mixin.py:190} INFO - [2024-12-19T04:56:50.338+0000] {dag.py:4180} INFO - Setting next_dagrun for tutorial_dag to None, run_after=None
[2024-12-19T04:56:50.347+0000] {processor.py:208} INFO - Processing /home/airflow/.local/lib/python3.12/site-packages/airflow/example_dags/tutorial_dag.py took 0.030 seconds
[2024-12-19T04:57:20.567+0000] {processor.py:186} INFO - Started process (PID=6631) to work on /home/airflow/.local/lib/python3.12/site-packages/airflow/example_dags/tutorial_dag.py
[2024-12-19T04:57:20.568+0000] {processor.py:914} INFO - Processing file /home/airflow/.local/lib/python3.12/site-packages/airflow/example_dags/tutorial_dag.py for tasks to queue
[2024-12-19T04:57:20.568+0000] {logging_mixin.py:190} INFO - [2024-12-19T04:57:20.568+0000] {dagbag.py:588} INFO - Filling up the DagBag from /home/airflow/.local/lib/python3.12/site-packages/airflow/example_dags/tutorial_dag.py
[2024-12-19T04:57:20.572+0000] {processor.py:925} INFO - DAG(s) 'tutorial_dag' retrieved from /home/airflow/.local/lib/python3.12/site-packages/airflow/example_dags/tutorial_dag.py
[2024-12-19T04:57:20.579+0000] {logging_mixin.py:190} INFO - [2024-12-19T04:57:20.579+0000] {dag.py:3239} INFO - Sync 1 DAGs
[2024-12-19T04:57:20.584+0000] {logging_mixin.py:190} INFO - [2024-12-19T04:57:20.584+0000] {dag.py:4180} INFO - Setting next_dagrun for tutorial_dag to None, run_after=None
[2024-12-19T04:57:20.592+0000] {processor.py:208} INFO - Processing /home/airflow/.local/lib/python3.12/site-packages/airflow/example_dags/tutorial_dag.py took 0.027 seconds
[2024-12-19T04:57:50.822+0000] {processor.py:186} INFO - Started process (PID=6921) to work on /home/airflow/.local/lib/python3.12/site-packages/airflow/example_dags/tutorial_dag.py
[2024-12-19T04:57:50.822+0000] {processor.py:914} INFO - Processing file /home/airflow/.local/lib/python3.12/site-packages/airflow/example_dags/tutorial_dag.py for tasks to queue
[2024-12-19T04:57:50.823+0000] {logging_mixin.py:190} INFO - [2024-12-19T04:57:50.823+0000] {dagbag.py:588} INFO - Filling up the DagBag from /home/airflow/.local/lib/python3.12/site-packages/airflow/example_dags/tutorial_dag.py
[2024-12-19T04:57:50.826+0000] {processor.py:925} INFO - DAG(s) 'tutorial_dag' retrieved from /home/airflow/.local/lib/python3.12/site-packages/airflow/example_dags/tutorial_dag.py
[2024-12-19T04:57:50.835+0000] {logging_mixin.py:190} INFO - [2024-12-19T04:57:50.835+0000] {dag.py:3239} INFO - Sync 1 DAGs
[2024-12-19T04:57:50.841+0000] {logging_mixin.py:190} INFO - [2024-12-19T04:57:50.840+0000] {dag.py:4180} INFO - Setting next_dagrun for tutorial_dag to None, run_after=None
[2024-12-19T04:57:50.847+0000] {processor.py:208} INFO - Processing /home/airflow/.local/lib/python3.12/site-packages/airflow/example_dags/tutorial_dag.py took 0.028 seconds
[2024-12-19T04:58:21.188+0000] {processor.py:186} INFO - Started process (PID=7212) to work on /home/airflow/.local/lib/python3.12/site-packages/airflow/example_dags/tutorial_dag.py
[2024-12-19T04:58:21.189+0000] {processor.py:914} INFO - Processing file /home/airflow/.local/lib/python3.12/site-packages/airflow/example_dags/tutorial_dag.py for tasks to queue
[2024-12-19T04:58:21.190+0000] {logging_mixin.py:190} INFO - [2024-12-19T04:58:21.190+0000] {dagbag.py:588} INFO - Filling up the DagBag from /home/airflow/.local/lib/python3.12/site-packages/airflow/example_dags/tutorial_dag.py
[2024-12-19T04:58:21.194+0000] {processor.py:925} INFO - DAG(s) 'tutorial_dag' retrieved from /home/airflow/.local/lib/python3.12/site-packages/airflow/example_dags/tutorial_dag.py
[2024-12-19T04:58:21.203+0000] {logging_mixin.py:190} INFO - [2024-12-19T04:58:21.202+0000] {dag.py:3239} INFO - Sync 1 DAGs
[2024-12-19T04:58:21.208+0000] {logging_mixin.py:190} INFO - [2024-12-19T04:58:21.208+0000] {dag.py:4180} INFO - Setting next_dagrun for tutorial_dag to None, run_after=None
[2024-12-19T04:58:21.215+0000] {processor.py:208} INFO - Processing /home/airflow/.local/lib/python3.12/site-packages/airflow/example_dags/tutorial_dag.py took 0.030 seconds
[2024-12-19T04:58:52.484+0000] {processor.py:186} INFO - Started process (PID=7503) to work on /home/airflow/.local/lib/python3.12/site-packages/airflow/example_dags/tutorial_dag.py
[2024-12-19T04:58:52.485+0000] {processor.py:914} INFO - Processing file /home/airflow/.local/lib/python3.12/site-packages/airflow/example_dags/tutorial_dag.py for tasks to queue
[2024-12-19T04:58:52.487+0000] {logging_mixin.py:190} INFO - [2024-12-19T04:58:52.486+0000] {dagbag.py:588} INFO - Filling up the DagBag from /home/airflow/.local/lib/python3.12/site-packages/airflow/example_dags/tutorial_dag.py
[2024-12-19T04:58:52.490+0000] {processor.py:925} INFO - DAG(s) 'tutorial_dag' retrieved from /home/airflow/.local/lib/python3.12/site-packages/airflow/example_dags/tutorial_dag.py
[2024-12-19T04:58:52.498+0000] {logging_mixin.py:190} INFO - [2024-12-19T04:58:52.498+0000] {dag.py:3239} INFO - Sync 1 DAGs
[2024-12-19T04:58:52.504+0000] {logging_mixin.py:190} INFO - [2024-12-19T04:58:52.504+0000] {dag.py:4180} INFO - Setting next_dagrun for tutorial_dag to None, run_after=None
[2024-12-19T04:58:52.510+0000] {processor.py:208} INFO - Processing /home/airflow/.local/lib/python3.12/site-packages/airflow/example_dags/tutorial_dag.py took 0.028 seconds
[2024-12-19T04:59:23.704+0000] {processor.py:186} INFO - Started process (PID=7794) to work on /home/airflow/.local/lib/python3.12/site-packages/airflow/example_dags/tutorial_dag.py
[2024-12-19T04:59:23.704+0000] {processor.py:914} INFO - Processing file /home/airflow/.local/lib/python3.12/site-packages/airflow/example_dags/tutorial_dag.py for tasks to queue
[2024-12-19T04:59:23.705+0000] {logging_mixin.py:190} INFO - [2024-12-19T04:59:23.705+0000] {dagbag.py:588} INFO - Filling up the DagBag from /home/airflow/.local/lib/python3.12/site-packages/airflow/example_dags/tutorial_dag.py
[2024-12-19T04:59:23.709+0000] {processor.py:925} INFO - DAG(s) 'tutorial_dag' retrieved from /home/airflow/.local/lib/python3.12/site-packages/airflow/example_dags/tutorial_dag.py
[2024-12-19T04:59:23.717+0000] {logging_mixin.py:190} INFO - [2024-12-19T04:59:23.717+0000] {dag.py:3239} INFO - Sync 1 DAGs
[2024-12-19T04:59:23.722+0000] {logging_mixin.py:190} INFO - [2024-12-19T04:59:23.722+0000] {dag.py:4180} INFO - Setting next_dagrun for tutorial_dag to None, run_after=None
[2024-12-19T04:59:23.728+0000] {processor.py:208} INFO - Processing /home/airflow/.local/lib/python3.12/site-packages/airflow/example_dags/tutorial_dag.py took 0.027 seconds
[2024-12-19T04:59:54.150+0000] {processor.py:186} INFO - Started process (PID=8085) to work on /home/airflow/.local/lib/python3.12/site-packages/airflow/example_dags/tutorial_dag.py
[2024-12-19T04:59:54.151+0000] {processor.py:914} INFO - Processing file /home/airflow/.local/lib/python3.12/site-packages/airflow/example_dags/tutorial_dag.py for tasks to queue
[2024-12-19T04:59:54.151+0000] {logging_mixin.py:190} INFO - [2024-12-19T04:59:54.151+0000] {dagbag.py:588} INFO - Filling up the DagBag from /home/airflow/.local/lib/python3.12/site-packages/airflow/example_dags/tutorial_dag.py
[2024-12-19T04:59:54.155+0000] {processor.py:925} INFO - DAG(s) 'tutorial_dag' retrieved from /home/airflow/.local/lib/python3.12/site-packages/airflow/example_dags/tutorial_dag.py
[2024-12-19T04:59:54.162+0000] {logging_mixin.py:190} INFO - [2024-12-19T04:59:54.162+0000] {dag.py:3239} INFO - Sync 1 DAGs
[2024-12-19T04:59:54.167+0000] {logging_mixin.py:190} INFO - [2024-12-19T04:59:54.167+0000] {dag.py:4180} INFO - Setting next_dagrun for tutorial_dag to None, run_after=None
[2024-12-19T04:59:54.173+0000] {processor.py:208} INFO - Processing /home/airflow/.local/lib/python3.12/site-packages/airflow/example_dags/tutorial_dag.py took 0.026 seconds
[2024-12-19T05:00:24.593+0000] {processor.py:186} INFO - Started process (PID=8378) to work on /home/airflow/.local/lib/python3.12/site-packages/airflow/example_dags/tutorial_dag.py
[2024-12-19T05:00:24.594+0000] {processor.py:914} INFO - Processing file /home/airflow/.local/lib/python3.12/site-packages/airflow/example_dags/tutorial_dag.py for tasks to queue
[2024-12-19T05:00:24.594+0000] {logging_mixin.py:190} INFO - [2024-12-19T05:00:24.594+0000] {dagbag.py:588} INFO - Filling up the DagBag from /home/airflow/.local/lib/python3.12/site-packages/airflow/example_dags/tutorial_dag.py
[2024-12-19T05:00:24.598+0000] {processor.py:925} INFO - DAG(s) 'tutorial_dag' retrieved from /home/airflow/.local/lib/python3.12/site-packages/airflow/example_dags/tutorial_dag.py
[2024-12-19T05:00:24.606+0000] {logging_mixin.py:190} INFO - [2024-12-19T05:00:24.606+0000] {dag.py:3239} INFO - Sync 1 DAGs
[2024-12-19T05:00:24.611+0000] {logging_mixin.py:190} INFO - [2024-12-19T05:00:24.611+0000] {dag.py:4180} INFO - Setting next_dagrun for tutorial_dag to None, run_after=None
[2024-12-19T05:00:24.619+0000] {processor.py:208} INFO - Processing /home/airflow/.local/lib/python3.12/site-packages/airflow/example_dags/tutorial_dag.py took 0.029 seconds
[2024-12-19T05:00:54.930+0000] {processor.py:186} INFO - Started process (PID=8667) to work on /home/airflow/.local/lib/python3.12/site-packages/airflow/example_dags/tutorial_dag.py
[2024-12-19T05:00:54.931+0000] {processor.py:914} INFO - Processing file /home/airflow/.local/lib/python3.12/site-packages/airflow/example_dags/tutorial_dag.py for tasks to queue
[2024-12-19T05:00:54.931+0000] {logging_mixin.py:190} INFO - [2024-12-19T05:00:54.931+0000] {dagbag.py:588} INFO - Filling up the DagBag from /home/airflow/.local/lib/python3.12/site-packages/airflow/example_dags/tutorial_dag.py
[2024-12-19T05:00:54.935+0000] {processor.py:925} INFO - DAG(s) 'tutorial_dag' retrieved from /home/airflow/.local/lib/python3.12/site-packages/airflow/example_dags/tutorial_dag.py
[2024-12-19T05:00:54.943+0000] {logging_mixin.py:190} INFO - [2024-12-19T05:00:54.943+0000] {dag.py:3239} INFO - Sync 1 DAGs
[2024-12-19T05:00:54.949+0000] {logging_mixin.py:190} INFO - [2024-12-19T05:00:54.949+0000] {dag.py:4180} INFO - Setting next_dagrun for tutorial_dag to None, run_after=None
[2024-12-19T05:00:54.956+0000] {processor.py:208} INFO - Processing /home/airflow/.local/lib/python3.12/site-packages/airflow/example_dags/tutorial_dag.py took 0.028 seconds
[2024-12-19T05:01:25.039+0000] {processor.py:186} INFO - Started process (PID=8953) to work on /home/airflow/.local/lib/python3.12/site-packages/airflow/example_dags/tutorial_dag.py
[2024-12-19T05:01:25.039+0000] {processor.py:914} INFO - Processing file /home/airflow/.local/lib/python3.12/site-packages/airflow/example_dags/tutorial_dag.py for tasks to queue
[2024-12-19T05:01:25.040+0000] {logging_mixin.py:190} INFO - [2024-12-19T05:01:25.040+0000] {dagbag.py:588} INFO - Filling up the DagBag from /home/airflow/.local/lib/python3.12/site-packages/airflow/example_dags/tutorial_dag.py
[2024-12-19T05:01:25.043+0000] {processor.py:925} INFO - DAG(s) 'tutorial_dag' retrieved from /home/airflow/.local/lib/python3.12/site-packages/airflow/example_dags/tutorial_dag.py
[2024-12-19T05:01:25.051+0000] {logging_mixin.py:190} INFO - [2024-12-19T05:01:25.051+0000] {dag.py:3239} INFO - Sync 1 DAGs
[2024-12-19T05:01:25.056+0000] {logging_mixin.py:190} INFO - [2024-12-19T05:01:25.056+0000] {dag.py:4180} INFO - Setting next_dagrun for tutorial_dag to None, run_after=None
[2024-12-19T05:01:25.062+0000] {processor.py:208} INFO - Processing /home/airflow/.local/lib/python3.12/site-packages/airflow/example_dags/tutorial_dag.py took 0.025 seconds
[2024-12-19T05:01:55.130+0000] {processor.py:186} INFO - Started process (PID=9239) to work on /home/airflow/.local/lib/python3.12/site-packages/airflow/example_dags/tutorial_dag.py
[2024-12-19T05:01:55.130+0000] {processor.py:914} INFO - Processing file /home/airflow/.local/lib/python3.12/site-packages/airflow/example_dags/tutorial_dag.py for tasks to queue
[2024-12-19T05:01:55.132+0000] {logging_mixin.py:190} INFO - [2024-12-19T05:01:55.131+0000] {dagbag.py:588} INFO - Filling up the DagBag from /home/airflow/.local/lib/python3.12/site-packages/airflow/example_dags/tutorial_dag.py
[2024-12-19T05:01:55.135+0000] {processor.py:925} INFO - DAG(s) 'tutorial_dag' retrieved from /home/airflow/.local/lib/python3.12/site-packages/airflow/example_dags/tutorial_dag.py
[2024-12-19T05:01:55.144+0000] {logging_mixin.py:190} INFO - [2024-12-19T05:01:55.144+0000] {dag.py:3239} INFO - Sync 1 DAGs
[2024-12-19T05:01:55.149+0000] {logging_mixin.py:190} INFO - [2024-12-19T05:01:55.149+0000] {dag.py:4180} INFO - Setting next_dagrun for tutorial_dag to None, run_after=None
[2024-12-19T05:01:55.157+0000] {processor.py:208} INFO - Processing /home/airflow/.local/lib/python3.12/site-packages/airflow/example_dags/tutorial_dag.py took 0.030 seconds
[2024-12-19T05:02:25.447+0000] {processor.py:186} INFO - Started process (PID=9530) to work on /home/airflow/.local/lib/python3.12/site-packages/airflow/example_dags/tutorial_dag.py
[2024-12-19T05:02:25.447+0000] {processor.py:914} INFO - Processing file /home/airflow/.local/lib/python3.12/site-packages/airflow/example_dags/tutorial_dag.py for tasks to queue
[2024-12-19T05:02:25.448+0000] {logging_mixin.py:190} INFO - [2024-12-19T05:02:25.448+0000] {dagbag.py:588} INFO - Filling up the DagBag from /home/airflow/.local/lib/python3.12/site-packages/airflow/example_dags/tutorial_dag.py
[2024-12-19T05:02:25.452+0000] {processor.py:925} INFO - DAG(s) 'tutorial_dag' retrieved from /home/airflow/.local/lib/python3.12/site-packages/airflow/example_dags/tutorial_dag.py
[2024-12-19T05:02:25.460+0000] {logging_mixin.py:190} INFO - [2024-12-19T05:02:25.459+0000] {dag.py:3239} INFO - Sync 1 DAGs
[2024-12-19T05:02:25.465+0000] {logging_mixin.py:190} INFO - [2024-12-19T05:02:25.465+0000] {dag.py:4180} INFO - Setting next_dagrun for tutorial_dag to None, run_after=None
[2024-12-19T05:02:25.473+0000] {processor.py:208} INFO - Processing /home/airflow/.local/lib/python3.12/site-packages/airflow/example_dags/tutorial_dag.py took 0.029 seconds
[2024-12-19T05:02:55.850+0000] {processor.py:186} INFO - Started process (PID=9821) to work on /home/airflow/.local/lib/python3.12/site-packages/airflow/example_dags/tutorial_dag.py
[2024-12-19T05:02:55.850+0000] {processor.py:914} INFO - Processing file /home/airflow/.local/lib/python3.12/site-packages/airflow/example_dags/tutorial_dag.py for tasks to queue
[2024-12-19T05:02:55.851+0000] {logging_mixin.py:190} INFO - [2024-12-19T05:02:55.851+0000] {dagbag.py:588} INFO - Filling up the DagBag from /home/airflow/.local/lib/python3.12/site-packages/airflow/example_dags/tutorial_dag.py
[2024-12-19T05:02:55.854+0000] {processor.py:925} INFO - DAG(s) 'tutorial_dag' retrieved from /home/airflow/.local/lib/python3.12/site-packages/airflow/example_dags/tutorial_dag.py
[2024-12-19T05:02:55.862+0000] {logging_mixin.py:190} INFO - [2024-12-19T05:02:55.862+0000] {dag.py:3239} INFO - Sync 1 DAGs
[2024-12-19T05:02:55.868+0000] {logging_mixin.py:190} INFO - [2024-12-19T05:02:55.868+0000] {dag.py:4180} INFO - Setting next_dagrun for tutorial_dag to None, run_after=None
[2024-12-19T05:02:55.877+0000] {processor.py:208} INFO - Processing /home/airflow/.local/lib/python3.12/site-packages/airflow/example_dags/tutorial_dag.py took 0.029 seconds
[2024-12-19T05:03:26.284+0000] {processor.py:186} INFO - Started process (PID=10112) to work on /home/airflow/.local/lib/python3.12/site-packages/airflow/example_dags/tutorial_dag.py
[2024-12-19T05:03:26.285+0000] {processor.py:914} INFO - Processing file /home/airflow/.local/lib/python3.12/site-packages/airflow/example_dags/tutorial_dag.py for tasks to queue
[2024-12-19T05:03:26.285+0000] {logging_mixin.py:190} INFO - [2024-12-19T05:03:26.285+0000] {dagbag.py:588} INFO - Filling up the DagBag from /home/airflow/.local/lib/python3.12/site-packages/airflow/example_dags/tutorial_dag.py
[2024-12-19T05:03:26.289+0000] {processor.py:925} INFO - DAG(s) 'tutorial_dag' retrieved from /home/airflow/.local/lib/python3.12/site-packages/airflow/example_dags/tutorial_dag.py
[2024-12-19T05:03:26.297+0000] {logging_mixin.py:190} INFO - [2024-12-19T05:03:26.297+0000] {dag.py:3239} INFO - Sync 1 DAGs
[2024-12-19T05:03:26.302+0000] {logging_mixin.py:190} INFO - [2024-12-19T05:03:26.302+0000] {dag.py:4180} INFO - Setting next_dagrun for tutorial_dag to None, run_after=None
[2024-12-19T05:03:26.315+0000] {processor.py:208} INFO - Processing /home/airflow/.local/lib/python3.12/site-packages/airflow/example_dags/tutorial_dag.py took 0.033 seconds
[2024-12-19T05:03:56.439+0000] {processor.py:186} INFO - Started process (PID=10400) to work on /home/airflow/.local/lib/python3.12/site-packages/airflow/example_dags/tutorial_dag.py
[2024-12-19T05:03:56.440+0000] {processor.py:914} INFO - Processing file /home/airflow/.local/lib/python3.12/site-packages/airflow/example_dags/tutorial_dag.py for tasks to queue
[2024-12-19T05:03:56.440+0000] {logging_mixin.py:190} INFO - [2024-12-19T05:03:56.440+0000] {dagbag.py:588} INFO - Filling up the DagBag from /home/airflow/.local/lib/python3.12/site-packages/airflow/example_dags/tutorial_dag.py
[2024-12-19T05:03:56.443+0000] {processor.py:925} INFO - DAG(s) 'tutorial_dag' retrieved from /home/airflow/.local/lib/python3.12/site-packages/airflow/example_dags/tutorial_dag.py
[2024-12-19T05:03:56.452+0000] {logging_mixin.py:190} INFO - [2024-12-19T05:03:56.452+0000] {dag.py:3239} INFO - Sync 1 DAGs
[2024-12-19T05:03:56.458+0000] {logging_mixin.py:190} INFO - [2024-12-19T05:03:56.458+0000] {dag.py:4180} INFO - Setting next_dagrun for tutorial_dag to None, run_after=None
[2024-12-19T05:03:56.464+0000] {processor.py:208} INFO - Processing /home/airflow/.local/lib/python3.12/site-packages/airflow/example_dags/tutorial_dag.py took 0.027 seconds
[2024-12-19T05:04:26.709+0000] {processor.py:186} INFO - Started process (PID=10689) to work on /home/airflow/.local/lib/python3.12/site-packages/airflow/example_dags/tutorial_dag.py
[2024-12-19T05:04:26.710+0000] {processor.py:914} INFO - Processing file /home/airflow/.local/lib/python3.12/site-packages/airflow/example_dags/tutorial_dag.py for tasks to queue
[2024-12-19T05:04:26.711+0000] {logging_mixin.py:190} INFO - [2024-12-19T05:04:26.711+0000] {dagbag.py:588} INFO - Filling up the DagBag from /home/airflow/.local/lib/python3.12/site-packages/airflow/example_dags/tutorial_dag.py
[2024-12-19T05:04:26.715+0000] {processor.py:925} INFO - DAG(s) 'tutorial_dag' retrieved from /home/airflow/.local/lib/python3.12/site-packages/airflow/example_dags/tutorial_dag.py
[2024-12-19T05:04:26.724+0000] {logging_mixin.py:190} INFO - [2024-12-19T05:04:26.723+0000] {dag.py:3239} INFO - Sync 1 DAGs
[2024-12-19T05:04:26.730+0000] {logging_mixin.py:190} INFO - [2024-12-19T05:04:26.730+0000] {dag.py:4180} INFO - Setting next_dagrun for tutorial_dag to None, run_after=None
[2024-12-19T05:04:26.738+0000] {processor.py:208} INFO - Processing /home/airflow/.local/lib/python3.12/site-packages/airflow/example_dags/tutorial_dag.py took 0.032 seconds
[2024-12-19T05:04:56.928+0000] {processor.py:186} INFO - Started process (PID=10980) to work on /home/airflow/.local/lib/python3.12/site-packages/airflow/example_dags/tutorial_dag.py
[2024-12-19T05:04:56.928+0000] {processor.py:914} INFO - Processing file /home/airflow/.local/lib/python3.12/site-packages/airflow/example_dags/tutorial_dag.py for tasks to queue
[2024-12-19T05:04:56.929+0000] {logging_mixin.py:190} INFO - [2024-12-19T05:04:56.929+0000] {dagbag.py:588} INFO - Filling up the DagBag from /home/airflow/.local/lib/python3.12/site-packages/airflow/example_dags/tutorial_dag.py
[2024-12-19T05:04:56.932+0000] {processor.py:925} INFO - DAG(s) 'tutorial_dag' retrieved from /home/airflow/.local/lib/python3.12/site-packages/airflow/example_dags/tutorial_dag.py
[2024-12-19T05:04:56.940+0000] {logging_mixin.py:190} INFO - [2024-12-19T05:04:56.940+0000] {dag.py:3239} INFO - Sync 1 DAGs
[2024-12-19T05:04:56.946+0000] {logging_mixin.py:190} INFO - [2024-12-19T05:04:56.946+0000] {dag.py:4180} INFO - Setting next_dagrun for tutorial_dag to None, run_after=None
[2024-12-19T05:04:56.956+0000] {processor.py:208} INFO - Processing /home/airflow/.local/lib/python3.12/site-packages/airflow/example_dags/tutorial_dag.py took 0.031 seconds
[2024-12-19T05:05:27.277+0000] {processor.py:186} INFO - Started process (PID=11273) to work on /home/airflow/.local/lib/python3.12/site-packages/airflow/example_dags/tutorial_dag.py
[2024-12-19T05:05:27.277+0000] {processor.py:914} INFO - Processing file /home/airflow/.local/lib/python3.12/site-packages/airflow/example_dags/tutorial_dag.py for tasks to queue
[2024-12-19T05:05:27.279+0000] {logging_mixin.py:190} INFO - [2024-12-19T05:05:27.278+0000] {dagbag.py:588} INFO - Filling up the DagBag from /home/airflow/.local/lib/python3.12/site-packages/airflow/example_dags/tutorial_dag.py
[2024-12-19T05:05:27.282+0000] {processor.py:925} INFO - DAG(s) 'tutorial_dag' retrieved from /home/airflow/.local/lib/python3.12/site-packages/airflow/example_dags/tutorial_dag.py
[2024-12-19T05:05:27.292+0000] {logging_mixin.py:190} INFO - [2024-12-19T05:05:27.292+0000] {dag.py:3239} INFO - Sync 1 DAGs
[2024-12-19T05:05:27.298+0000] {logging_mixin.py:190} INFO - [2024-12-19T05:05:27.298+0000] {dag.py:4180} INFO - Setting next_dagrun for tutorial_dag to None, run_after=None
[2024-12-19T05:05:27.305+0000] {processor.py:208} INFO - Processing /home/airflow/.local/lib/python3.12/site-packages/airflow/example_dags/tutorial_dag.py took 0.031 seconds
[2024-12-19T05:05:57.741+0000] {processor.py:186} INFO - Started process (PID=11562) to work on /home/airflow/.local/lib/python3.12/site-packages/airflow/example_dags/tutorial_dag.py
[2024-12-19T05:05:57.742+0000] {processor.py:914} INFO - Processing file /home/airflow/.local/lib/python3.12/site-packages/airflow/example_dags/tutorial_dag.py for tasks to queue
[2024-12-19T05:05:57.743+0000] {logging_mixin.py:190} INFO - [2024-12-19T05:05:57.743+0000] {dagbag.py:588} INFO - Filling up the DagBag from /home/airflow/.local/lib/python3.12/site-packages/airflow/example_dags/tutorial_dag.py
[2024-12-19T05:05:57.746+0000] {processor.py:925} INFO - DAG(s) 'tutorial_dag' retrieved from /home/airflow/.local/lib/python3.12/site-packages/airflow/example_dags/tutorial_dag.py
[2024-12-19T05:05:57.754+0000] {logging_mixin.py:190} INFO - [2024-12-19T05:05:57.754+0000] {dag.py:3239} INFO - Sync 1 DAGs
[2024-12-19T05:05:57.759+0000] {logging_mixin.py:190} INFO - [2024-12-19T05:05:57.759+0000] {dag.py:4180} INFO - Setting next_dagrun for tutorial_dag to None, run_after=None
[2024-12-19T05:05:57.767+0000] {processor.py:208} INFO - Processing /home/airflow/.local/lib/python3.12/site-packages/airflow/example_dags/tutorial_dag.py took 0.028 seconds
[2024-12-19T05:06:28.034+0000] {processor.py:186} INFO - Started process (PID=11855) to work on /home/airflow/.local/lib/python3.12/site-packages/airflow/example_dags/tutorial_dag.py
[2024-12-19T05:06:28.035+0000] {processor.py:914} INFO - Processing file /home/airflow/.local/lib/python3.12/site-packages/airflow/example_dags/tutorial_dag.py for tasks to queue
[2024-12-19T05:06:28.036+0000] {logging_mixin.py:190} INFO - [2024-12-19T05:06:28.036+0000] {dagbag.py:588} INFO - Filling up the DagBag from /home/airflow/.local/lib/python3.12/site-packages/airflow/example_dags/tutorial_dag.py
[2024-12-19T05:06:28.039+0000] {processor.py:925} INFO - DAG(s) 'tutorial_dag' retrieved from /home/airflow/.local/lib/python3.12/site-packages/airflow/example_dags/tutorial_dag.py
[2024-12-19T05:06:28.049+0000] {logging_mixin.py:190} INFO - [2024-12-19T05:06:28.049+0000] {dag.py:3239} INFO - Sync 1 DAGs
[2024-12-19T05:06:28.055+0000] {logging_mixin.py:190} INFO - [2024-12-19T05:06:28.055+0000] {dag.py:4180} INFO - Setting next_dagrun for tutorial_dag to None, run_after=None
[2024-12-19T05:06:28.063+0000] {processor.py:208} INFO - Processing /home/airflow/.local/lib/python3.12/site-packages/airflow/example_dags/tutorial_dag.py took 0.031 seconds
[2024-12-19T05:06:58.312+0000] {processor.py:186} INFO - Started process (PID=12146) to work on /home/airflow/.local/lib/python3.12/site-packages/airflow/example_dags/tutorial_dag.py
[2024-12-19T05:06:58.313+0000] {processor.py:914} INFO - Processing file /home/airflow/.local/lib/python3.12/site-packages/airflow/example_dags/tutorial_dag.py for tasks to queue
[2024-12-19T05:06:58.314+0000] {logging_mixin.py:190} INFO - [2024-12-19T05:06:58.313+0000] {dagbag.py:588} INFO - Filling up the DagBag from /home/airflow/.local/lib/python3.12/site-packages/airflow/example_dags/tutorial_dag.py
[2024-12-19T05:06:58.317+0000] {processor.py:925} INFO - DAG(s) 'tutorial_dag' retrieved from /home/airflow/.local/lib/python3.12/site-packages/airflow/example_dags/tutorial_dag.py
[2024-12-19T05:06:58.324+0000] {logging_mixin.py:190} INFO - [2024-12-19T05:06:58.324+0000] {dag.py:3239} INFO - Sync 1 DAGs
[2024-12-19T05:06:58.329+0000] {logging_mixin.py:190} INFO - [2024-12-19T05:06:58.329+0000] {dag.py:4180} INFO - Setting next_dagrun for tutorial_dag to None, run_after=None
[2024-12-19T05:06:58.335+0000] {processor.py:208} INFO - Processing /home/airflow/.local/lib/python3.12/site-packages/airflow/example_dags/tutorial_dag.py took 0.025 seconds
[2024-12-19T05:07:28.783+0000] {processor.py:186} INFO - Started process (PID=12436) to work on /home/airflow/.local/lib/python3.12/site-packages/airflow/example_dags/tutorial_dag.py
[2024-12-19T05:07:28.783+0000] {processor.py:914} INFO - Processing file /home/airflow/.local/lib/python3.12/site-packages/airflow/example_dags/tutorial_dag.py for tasks to queue
[2024-12-19T05:07:28.785+0000] {logging_mixin.py:190} INFO - [2024-12-19T05:07:28.785+0000] {dagbag.py:588} INFO - Filling up the DagBag from /home/airflow/.local/lib/python3.12/site-packages/airflow/example_dags/tutorial_dag.py
[2024-12-19T05:07:28.789+0000] {processor.py:925} INFO - DAG(s) 'tutorial_dag' retrieved from /home/airflow/.local/lib/python3.12/site-packages/airflow/example_dags/tutorial_dag.py
[2024-12-19T05:07:28.802+0000] {logging_mixin.py:190} INFO - [2024-12-19T05:07:28.802+0000] {dag.py:3239} INFO - Sync 1 DAGs
[2024-12-19T05:07:28.810+0000] {logging_mixin.py:190} INFO - [2024-12-19T05:07:28.810+0000] {dag.py:4180} INFO - Setting next_dagrun for tutorial_dag to None, run_after=None
[2024-12-19T05:07:28.820+0000] {processor.py:208} INFO - Processing /home/airflow/.local/lib/python3.12/site-packages/airflow/example_dags/tutorial_dag.py took 0.041 seconds
[2024-12-19T05:07:59.451+0000] {processor.py:186} INFO - Started process (PID=12729) to work on /home/airflow/.local/lib/python3.12/site-packages/airflow/example_dags/tutorial_dag.py
[2024-12-19T05:07:59.452+0000] {processor.py:914} INFO - Processing file /home/airflow/.local/lib/python3.12/site-packages/airflow/example_dags/tutorial_dag.py for tasks to queue
[2024-12-19T05:07:59.452+0000] {logging_mixin.py:190} INFO - [2024-12-19T05:07:59.452+0000] {dagbag.py:588} INFO - Filling up the DagBag from /home/airflow/.local/lib/python3.12/site-packages/airflow/example_dags/tutorial_dag.py
[2024-12-19T05:07:59.455+0000] {processor.py:925} INFO - DAG(s) 'tutorial_dag' retrieved from /home/airflow/.local/lib/python3.12/site-packages/airflow/example_dags/tutorial_dag.py
[2024-12-19T05:07:59.462+0000] {logging_mixin.py:190} INFO - [2024-12-19T05:07:59.462+0000] {dag.py:3239} INFO - Sync 1 DAGs
[2024-12-19T05:07:59.467+0000] {logging_mixin.py:190} INFO - [2024-12-19T05:07:59.467+0000] {dag.py:4180} INFO - Setting next_dagrun for tutorial_dag to None, run_after=None
[2024-12-19T05:07:59.472+0000] {processor.py:208} INFO - Processing /home/airflow/.local/lib/python3.12/site-packages/airflow/example_dags/tutorial_dag.py took 0.023 seconds
[2024-12-19T05:08:29.728+0000] {processor.py:186} INFO - Started process (PID=13020) to work on /home/airflow/.local/lib/python3.12/site-packages/airflow/example_dags/tutorial_dag.py
[2024-12-19T05:08:29.729+0000] {processor.py:914} INFO - Processing file /home/airflow/.local/lib/python3.12/site-packages/airflow/example_dags/tutorial_dag.py for tasks to queue
[2024-12-19T05:08:29.730+0000] {logging_mixin.py:190} INFO - [2024-12-19T05:08:29.729+0000] {dagbag.py:588} INFO - Filling up the DagBag from /home/airflow/.local/lib/python3.12/site-packages/airflow/example_dags/tutorial_dag.py
[2024-12-19T05:08:29.732+0000] {processor.py:925} INFO - DAG(s) 'tutorial_dag' retrieved from /home/airflow/.local/lib/python3.12/site-packages/airflow/example_dags/tutorial_dag.py
[2024-12-19T05:08:29.741+0000] {logging_mixin.py:190} INFO - [2024-12-19T05:08:29.741+0000] {dag.py:3239} INFO - Sync 1 DAGs
[2024-12-19T05:08:29.747+0000] {logging_mixin.py:190} INFO - [2024-12-19T05:08:29.747+0000] {dag.py:4180} INFO - Setting next_dagrun for tutorial_dag to None, run_after=None
[2024-12-19T05:08:29.756+0000] {processor.py:208} INFO - Processing /home/airflow/.local/lib/python3.12/site-packages/airflow/example_dags/tutorial_dag.py took 0.030 seconds
[2024-12-19T05:08:59.928+0000] {processor.py:186} INFO - Started process (PID=13311) to work on /home/airflow/.local/lib/python3.12/site-packages/airflow/example_dags/tutorial_dag.py
[2024-12-19T05:08:59.928+0000] {processor.py:914} INFO - Processing file /home/airflow/.local/lib/python3.12/site-packages/airflow/example_dags/tutorial_dag.py for tasks to queue
[2024-12-19T05:08:59.929+0000] {logging_mixin.py:190} INFO - [2024-12-19T05:08:59.929+0000] {dagbag.py:588} INFO - Filling up the DagBag from /home/airflow/.local/lib/python3.12/site-packages/airflow/example_dags/tutorial_dag.py
[2024-12-19T05:08:59.933+0000] {processor.py:925} INFO - DAG(s) 'tutorial_dag' retrieved from /home/airflow/.local/lib/python3.12/site-packages/airflow/example_dags/tutorial_dag.py
[2024-12-19T05:08:59.943+0000] {logging_mixin.py:190} INFO - [2024-12-19T05:08:59.943+0000] {dag.py:3239} INFO - Sync 1 DAGs
[2024-12-19T05:08:59.950+0000] {logging_mixin.py:190} INFO - [2024-12-19T05:08:59.950+0000] {dag.py:4180} INFO - Setting next_dagrun for tutorial_dag to None, run_after=None
[2024-12-19T05:08:59.958+0000] {processor.py:208} INFO - Processing /home/airflow/.local/lib/python3.12/site-packages/airflow/example_dags/tutorial_dag.py took 0.033 seconds
[2024-12-19T05:09:30.136+0000] {processor.py:186} INFO - Started process (PID=13602) to work on /home/airflow/.local/lib/python3.12/site-packages/airflow/example_dags/tutorial_dag.py
[2024-12-19T05:09:30.136+0000] {processor.py:914} INFO - Processing file /home/airflow/.local/lib/python3.12/site-packages/airflow/example_dags/tutorial_dag.py for tasks to queue
[2024-12-19T05:09:30.137+0000] {logging_mixin.py:190} INFO - [2024-12-19T05:09:30.137+0000] {dagbag.py:588} INFO - Filling up the DagBag from /home/airflow/.local/lib/python3.12/site-packages/airflow/example_dags/tutorial_dag.py
[2024-12-19T05:09:30.141+0000] {processor.py:925} INFO - DAG(s) 'tutorial_dag' retrieved from /home/airflow/.local/lib/python3.12/site-packages/airflow/example_dags/tutorial_dag.py
[2024-12-19T05:09:30.149+0000] {logging_mixin.py:190} INFO - [2024-12-19T05:09:30.149+0000] {dag.py:3239} INFO - Sync 1 DAGs
[2024-12-19T05:09:30.154+0000] {logging_mixin.py:190} INFO - [2024-12-19T05:09:30.154+0000] {dag.py:4180} INFO - Setting next_dagrun for tutorial_dag to None, run_after=None
[2024-12-19T05:09:30.162+0000] {processor.py:208} INFO - Processing /home/airflow/.local/lib/python3.12/site-packages/airflow/example_dags/tutorial_dag.py took 0.028 seconds
[2024-12-19T05:10:00.282+0000] {processor.py:186} INFO - Started process (PID=13891) to work on /home/airflow/.local/lib/python3.12/site-packages/airflow/example_dags/tutorial_dag.py
[2024-12-19T05:10:00.283+0000] {processor.py:914} INFO - Processing file /home/airflow/.local/lib/python3.12/site-packages/airflow/example_dags/tutorial_dag.py for tasks to queue
[2024-12-19T05:10:00.284+0000] {logging_mixin.py:190} INFO - [2024-12-19T05:10:00.284+0000] {dagbag.py:588} INFO - Filling up the DagBag from /home/airflow/.local/lib/python3.12/site-packages/airflow/example_dags/tutorial_dag.py
[2024-12-19T05:10:00.287+0000] {processor.py:925} INFO - DAG(s) 'tutorial_dag' retrieved from /home/airflow/.local/lib/python3.12/site-packages/airflow/example_dags/tutorial_dag.py
[2024-12-19T05:10:00.295+0000] {logging_mixin.py:190} INFO - [2024-12-19T05:10:00.295+0000] {dag.py:3239} INFO - Sync 1 DAGs
[2024-12-19T05:10:00.301+0000] {logging_mixin.py:190} INFO - [2024-12-19T05:10:00.301+0000] {dag.py:4180} INFO - Setting next_dagrun for tutorial_dag to None, run_after=None
[2024-12-19T05:10:00.313+0000] {processor.py:208} INFO - Processing /home/airflow/.local/lib/python3.12/site-packages/airflow/example_dags/tutorial_dag.py took 0.034 seconds
[2024-12-19T05:10:30.593+0000] {processor.py:186} INFO - Started process (PID=14182) to work on /home/airflow/.local/lib/python3.12/site-packages/airflow/example_dags/tutorial_dag.py
[2024-12-19T05:10:30.593+0000] {processor.py:914} INFO - Processing file /home/airflow/.local/lib/python3.12/site-packages/airflow/example_dags/tutorial_dag.py for tasks to queue
[2024-12-19T05:10:30.595+0000] {logging_mixin.py:190} INFO - [2024-12-19T05:10:30.594+0000] {dagbag.py:588} INFO - Filling up the DagBag from /home/airflow/.local/lib/python3.12/site-packages/airflow/example_dags/tutorial_dag.py
[2024-12-19T05:10:30.598+0000] {processor.py:925} INFO - DAG(s) 'tutorial_dag' retrieved from /home/airflow/.local/lib/python3.12/site-packages/airflow/example_dags/tutorial_dag.py
[2024-12-19T05:10:30.607+0000] {logging_mixin.py:190} INFO - [2024-12-19T05:10:30.607+0000] {dag.py:3239} INFO - Sync 1 DAGs
[2024-12-19T05:10:30.613+0000] {logging_mixin.py:190} INFO - [2024-12-19T05:10:30.613+0000] {dag.py:4180} INFO - Setting next_dagrun for tutorial_dag to None, run_after=None
[2024-12-19T05:10:30.623+0000] {processor.py:208} INFO - Processing /home/airflow/.local/lib/python3.12/site-packages/airflow/example_dags/tutorial_dag.py took 0.034 seconds
[2024-12-19T05:11:00.904+0000] {processor.py:186} INFO - Started process (PID=14473) to work on /home/airflow/.local/lib/python3.12/site-packages/airflow/example_dags/tutorial_dag.py
[2024-12-19T05:11:00.905+0000] {processor.py:914} INFO - Processing file /home/airflow/.local/lib/python3.12/site-packages/airflow/example_dags/tutorial_dag.py for tasks to queue
[2024-12-19T05:11:00.906+0000] {logging_mixin.py:190} INFO - [2024-12-19T05:11:00.905+0000] {dagbag.py:588} INFO - Filling up the DagBag from /home/airflow/.local/lib/python3.12/site-packages/airflow/example_dags/tutorial_dag.py
[2024-12-19T05:11:00.909+0000] {processor.py:925} INFO - DAG(s) 'tutorial_dag' retrieved from /home/airflow/.local/lib/python3.12/site-packages/airflow/example_dags/tutorial_dag.py
[2024-12-19T05:11:00.916+0000] {logging_mixin.py:190} INFO - [2024-12-19T05:11:00.916+0000] {dag.py:3239} INFO - Sync 1 DAGs
[2024-12-19T05:11:00.921+0000] {logging_mixin.py:190} INFO - [2024-12-19T05:11:00.921+0000] {dag.py:4180} INFO - Setting next_dagrun for tutorial_dag to None, run_after=None
[2024-12-19T05:11:00.928+0000] {processor.py:208} INFO - Processing /home/airflow/.local/lib/python3.12/site-packages/airflow/example_dags/tutorial_dag.py took 0.026 seconds
[2024-12-19T05:11:31.047+0000] {processor.py:186} INFO - Started process (PID=14759) to work on /home/airflow/.local/lib/python3.12/site-packages/airflow/example_dags/tutorial_dag.py
[2024-12-19T05:11:31.048+0000] {processor.py:914} INFO - Processing file /home/airflow/.local/lib/python3.12/site-packages/airflow/example_dags/tutorial_dag.py for tasks to queue
[2024-12-19T05:11:31.049+0000] {logging_mixin.py:190} INFO - [2024-12-19T05:11:31.049+0000] {dagbag.py:588} INFO - Filling up the DagBag from /home/airflow/.local/lib/python3.12/site-packages/airflow/example_dags/tutorial_dag.py
[2024-12-19T05:11:31.052+0000] {processor.py:925} INFO - DAG(s) 'tutorial_dag' retrieved from /home/airflow/.local/lib/python3.12/site-packages/airflow/example_dags/tutorial_dag.py
[2024-12-19T05:11:31.060+0000] {logging_mixin.py:190} INFO - [2024-12-19T05:11:31.060+0000] {dag.py:3239} INFO - Sync 1 DAGs
[2024-12-19T05:11:31.065+0000] {logging_mixin.py:190} INFO - [2024-12-19T05:11:31.065+0000] {dag.py:4180} INFO - Setting next_dagrun for tutorial_dag to None, run_after=None
[2024-12-19T05:11:31.075+0000] {processor.py:208} INFO - Processing /home/airflow/.local/lib/python3.12/site-packages/airflow/example_dags/tutorial_dag.py took 0.030 seconds
[2024-12-19T05:12:01.187+0000] {processor.py:186} INFO - Started process (PID=15050) to work on /home/airflow/.local/lib/python3.12/site-packages/airflow/example_dags/tutorial_dag.py
[2024-12-19T05:12:01.187+0000] {processor.py:914} INFO - Processing file /home/airflow/.local/lib/python3.12/site-packages/airflow/example_dags/tutorial_dag.py for tasks to queue
[2024-12-19T05:12:01.188+0000] {logging_mixin.py:190} INFO - [2024-12-19T05:12:01.188+0000] {dagbag.py:588} INFO - Filling up the DagBag from /home/airflow/.local/lib/python3.12/site-packages/airflow/example_dags/tutorial_dag.py
[2024-12-19T05:12:01.191+0000] {processor.py:925} INFO - DAG(s) 'tutorial_dag' retrieved from /home/airflow/.local/lib/python3.12/site-packages/airflow/example_dags/tutorial_dag.py
[2024-12-19T05:12:01.198+0000] {logging_mixin.py:190} INFO - [2024-12-19T05:12:01.198+0000] {dag.py:3239} INFO - Sync 1 DAGs
[2024-12-19T05:12:01.203+0000] {logging_mixin.py:190} INFO - [2024-12-19T05:12:01.203+0000] {dag.py:4180} INFO - Setting next_dagrun for tutorial_dag to None, run_after=None
[2024-12-19T05:12:01.210+0000] {processor.py:208} INFO - Processing /home/airflow/.local/lib/python3.12/site-packages/airflow/example_dags/tutorial_dag.py took 0.025 seconds
[2024-12-19T05:12:31.358+0000] {processor.py:186} INFO - Started process (PID=15341) to work on /home/airflow/.local/lib/python3.12/site-packages/airflow/example_dags/tutorial_dag.py
[2024-12-19T05:12:31.359+0000] {processor.py:914} INFO - Processing file /home/airflow/.local/lib/python3.12/site-packages/airflow/example_dags/tutorial_dag.py for tasks to queue
[2024-12-19T05:12:31.360+0000] {logging_mixin.py:190} INFO - [2024-12-19T05:12:31.360+0000] {dagbag.py:588} INFO - Filling up the DagBag from /home/airflow/.local/lib/python3.12/site-packages/airflow/example_dags/tutorial_dag.py
[2024-12-19T05:12:31.364+0000] {processor.py:925} INFO - DAG(s) 'tutorial_dag' retrieved from /home/airflow/.local/lib/python3.12/site-packages/airflow/example_dags/tutorial_dag.py
[2024-12-19T05:12:31.373+0000] {logging_mixin.py:190} INFO - [2024-12-19T05:12:31.373+0000] {dag.py:3239} INFO - Sync 1 DAGs
[2024-12-19T05:12:31.378+0000] {logging_mixin.py:190} INFO - [2024-12-19T05:12:31.378+0000] {dag.py:4180} INFO - Setting next_dagrun for tutorial_dag to None, run_after=None
[2024-12-19T05:12:31.385+0000] {processor.py:208} INFO - Processing /home/airflow/.local/lib/python3.12/site-packages/airflow/example_dags/tutorial_dag.py took 0.029 seconds
[2024-12-19T05:13:01.489+0000] {processor.py:186} INFO - Started process (PID=15629) to work on /home/airflow/.local/lib/python3.12/site-packages/airflow/example_dags/tutorial_dag.py
[2024-12-19T05:13:01.489+0000] {processor.py:914} INFO - Processing file /home/airflow/.local/lib/python3.12/site-packages/airflow/example_dags/tutorial_dag.py for tasks to queue
[2024-12-19T05:13:01.490+0000] {logging_mixin.py:190} INFO - [2024-12-19T05:13:01.490+0000] {dagbag.py:588} INFO - Filling up the DagBag from /home/airflow/.local/lib/python3.12/site-packages/airflow/example_dags/tutorial_dag.py
[2024-12-19T05:13:01.493+0000] {processor.py:925} INFO - DAG(s) 'tutorial_dag' retrieved from /home/airflow/.local/lib/python3.12/site-packages/airflow/example_dags/tutorial_dag.py
[2024-12-19T05:13:01.500+0000] {logging_mixin.py:190} INFO - [2024-12-19T05:13:01.500+0000] {dag.py:3239} INFO - Sync 1 DAGs
[2024-12-19T05:13:01.505+0000] {logging_mixin.py:190} INFO - [2024-12-19T05:13:01.505+0000] {dag.py:4180} INFO - Setting next_dagrun for tutorial_dag to None, run_after=None
[2024-12-19T05:13:01.511+0000] {processor.py:208} INFO - Processing /home/airflow/.local/lib/python3.12/site-packages/airflow/example_dags/tutorial_dag.py took 0.024 seconds
[2024-12-19T05:13:31.744+0000] {processor.py:186} INFO - Started process (PID=15923) to work on /home/airflow/.local/lib/python3.12/site-packages/airflow/example_dags/tutorial_dag.py
[2024-12-19T05:13:31.745+0000] {processor.py:914} INFO - Processing file /home/airflow/.local/lib/python3.12/site-packages/airflow/example_dags/tutorial_dag.py for tasks to queue
[2024-12-19T05:13:31.746+0000] {logging_mixin.py:190} INFO - [2024-12-19T05:13:31.746+0000] {dagbag.py:588} INFO - Filling up the DagBag from /home/airflow/.local/lib/python3.12/site-packages/airflow/example_dags/tutorial_dag.py
[2024-12-19T05:13:31.749+0000] {processor.py:925} INFO - DAG(s) 'tutorial_dag' retrieved from /home/airflow/.local/lib/python3.12/site-packages/airflow/example_dags/tutorial_dag.py
[2024-12-19T05:13:31.757+0000] {logging_mixin.py:190} INFO - [2024-12-19T05:13:31.757+0000] {dag.py:3239} INFO - Sync 1 DAGs
[2024-12-19T05:13:31.762+0000] {logging_mixin.py:190} INFO - [2024-12-19T05:13:31.762+0000] {dag.py:4180} INFO - Setting next_dagrun for tutorial_dag to None, run_after=None
[2024-12-19T05:13:31.771+0000] {processor.py:208} INFO - Processing /home/airflow/.local/lib/python3.12/site-packages/airflow/example_dags/tutorial_dag.py took 0.029 seconds
[2024-12-19T05:14:02.782+0000] {processor.py:186} INFO - Started process (PID=16216) to work on /home/airflow/.local/lib/python3.12/site-packages/airflow/example_dags/tutorial_dag.py
[2024-12-19T05:14:02.782+0000] {processor.py:914} INFO - Processing file /home/airflow/.local/lib/python3.12/site-packages/airflow/example_dags/tutorial_dag.py for tasks to queue
[2024-12-19T05:14:02.783+0000] {logging_mixin.py:190} INFO - [2024-12-19T05:14:02.783+0000] {dagbag.py:588} INFO - Filling up the DagBag from /home/airflow/.local/lib/python3.12/site-packages/airflow/example_dags/tutorial_dag.py
[2024-12-19T05:14:02.786+0000] {processor.py:925} INFO - DAG(s) 'tutorial_dag' retrieved from /home/airflow/.local/lib/python3.12/site-packages/airflow/example_dags/tutorial_dag.py
[2024-12-19T05:14:02.795+0000] {logging_mixin.py:190} INFO - [2024-12-19T05:14:02.795+0000] {dag.py:3239} INFO - Sync 1 DAGs
[2024-12-19T05:14:02.800+0000] {logging_mixin.py:190} INFO - [2024-12-19T05:14:02.800+0000] {dag.py:4180} INFO - Setting next_dagrun for tutorial_dag to None, run_after=None
[2024-12-19T05:14:02.809+0000] {processor.py:208} INFO - Processing /home/airflow/.local/lib/python3.12/site-packages/airflow/example_dags/tutorial_dag.py took 0.029 seconds
[2024-12-19T05:14:33.851+0000] {processor.py:186} INFO - Started process (PID=16507) to work on /home/airflow/.local/lib/python3.12/site-packages/airflow/example_dags/tutorial_dag.py
[2024-12-19T05:14:33.851+0000] {processor.py:914} INFO - Processing file /home/airflow/.local/lib/python3.12/site-packages/airflow/example_dags/tutorial_dag.py for tasks to queue
[2024-12-19T05:14:33.852+0000] {logging_mixin.py:190} INFO - [2024-12-19T05:14:33.852+0000] {dagbag.py:588} INFO - Filling up the DagBag from /home/airflow/.local/lib/python3.12/site-packages/airflow/example_dags/tutorial_dag.py
[2024-12-19T05:14:33.855+0000] {processor.py:925} INFO - DAG(s) 'tutorial_dag' retrieved from /home/airflow/.local/lib/python3.12/site-packages/airflow/example_dags/tutorial_dag.py
[2024-12-19T05:14:33.864+0000] {logging_mixin.py:190} INFO - [2024-12-19T05:14:33.864+0000] {dag.py:3239} INFO - Sync 1 DAGs
[2024-12-19T05:14:33.869+0000] {logging_mixin.py:190} INFO - [2024-12-19T05:14:33.869+0000] {dag.py:4180} INFO - Setting next_dagrun for tutorial_dag to None, run_after=None
[2024-12-19T05:14:33.878+0000] {processor.py:208} INFO - Processing /home/airflow/.local/lib/python3.12/site-packages/airflow/example_dags/tutorial_dag.py took 0.029 seconds
[2024-12-19T05:15:04.114+0000] {processor.py:186} INFO - Started process (PID=16798) to work on /home/airflow/.local/lib/python3.12/site-packages/airflow/example_dags/tutorial_dag.py
[2024-12-19T05:15:04.115+0000] {processor.py:914} INFO - Processing file /home/airflow/.local/lib/python3.12/site-packages/airflow/example_dags/tutorial_dag.py for tasks to queue
[2024-12-19T05:15:04.115+0000] {logging_mixin.py:190} INFO - [2024-12-19T05:15:04.115+0000] {dagbag.py:588} INFO - Filling up the DagBag from /home/airflow/.local/lib/python3.12/site-packages/airflow/example_dags/tutorial_dag.py
[2024-12-19T05:15:04.119+0000] {processor.py:925} INFO - DAG(s) 'tutorial_dag' retrieved from /home/airflow/.local/lib/python3.12/site-packages/airflow/example_dags/tutorial_dag.py
[2024-12-19T05:15:04.128+0000] {logging_mixin.py:190} INFO - [2024-12-19T05:15:04.128+0000] {dag.py:3239} INFO - Sync 1 DAGs
[2024-12-19T05:15:04.133+0000] {logging_mixin.py:190} INFO - [2024-12-19T05:15:04.133+0000] {dag.py:4180} INFO - Setting next_dagrun for tutorial_dag to None, run_after=None
[2024-12-19T05:15:04.140+0000] {processor.py:208} INFO - Processing /home/airflow/.local/lib/python3.12/site-packages/airflow/example_dags/tutorial_dag.py took 0.029 seconds
[2024-12-19T05:15:35.087+0000] {processor.py:186} INFO - Started process (PID=17089) to work on /home/airflow/.local/lib/python3.12/site-packages/airflow/example_dags/tutorial_dag.py
[2024-12-19T05:15:35.087+0000] {processor.py:914} INFO - Processing file /home/airflow/.local/lib/python3.12/site-packages/airflow/example_dags/tutorial_dag.py for tasks to queue
[2024-12-19T05:15:35.088+0000] {logging_mixin.py:190} INFO - [2024-12-19T05:15:35.088+0000] {dagbag.py:588} INFO - Filling up the DagBag from /home/airflow/.local/lib/python3.12/site-packages/airflow/example_dags/tutorial_dag.py
[2024-12-19T05:15:35.090+0000] {processor.py:925} INFO - DAG(s) 'tutorial_dag' retrieved from /home/airflow/.local/lib/python3.12/site-packages/airflow/example_dags/tutorial_dag.py
[2024-12-19T05:15:35.097+0000] {logging_mixin.py:190} INFO - [2024-12-19T05:15:35.097+0000] {dag.py:3239} INFO - Sync 1 DAGs
[2024-12-19T05:15:35.102+0000] {logging_mixin.py:190} INFO - [2024-12-19T05:15:35.102+0000] {dag.py:4180} INFO - Setting next_dagrun for tutorial_dag to None, run_after=None
[2024-12-19T05:15:35.107+0000] {processor.py:208} INFO - Processing /home/airflow/.local/lib/python3.12/site-packages/airflow/example_dags/tutorial_dag.py took 0.022 seconds
[2024-12-19T05:16:06.011+0000] {processor.py:186} INFO - Started process (PID=17378) to work on /home/airflow/.local/lib/python3.12/site-packages/airflow/example_dags/tutorial_dag.py
[2024-12-19T05:16:06.013+0000] {processor.py:914} INFO - Processing file /home/airflow/.local/lib/python3.12/site-packages/airflow/example_dags/tutorial_dag.py for tasks to queue
[2024-12-19T05:16:06.014+0000] {logging_mixin.py:190} INFO - [2024-12-19T05:16:06.014+0000] {dagbag.py:588} INFO - Filling up the DagBag from /home/airflow/.local/lib/python3.12/site-packages/airflow/example_dags/tutorial_dag.py
[2024-12-19T05:16:06.017+0000] {processor.py:925} INFO - DAG(s) 'tutorial_dag' retrieved from /home/airflow/.local/lib/python3.12/site-packages/airflow/example_dags/tutorial_dag.py
[2024-12-19T05:16:06.024+0000] {logging_mixin.py:190} INFO - [2024-12-19T05:16:06.024+0000] {dag.py:3239} INFO - Sync 1 DAGs
[2024-12-19T05:16:06.029+0000] {logging_mixin.py:190} INFO - [2024-12-19T05:16:06.029+0000] {dag.py:4180} INFO - Setting next_dagrun for tutorial_dag to None, run_after=None
[2024-12-19T05:16:06.035+0000] {processor.py:208} INFO - Processing /home/airflow/.local/lib/python3.12/site-packages/airflow/example_dags/tutorial_dag.py took 0.026 seconds
[2024-12-19T05:16:36.929+0000] {processor.py:186} INFO - Started process (PID=17669) to work on /home/airflow/.local/lib/python3.12/site-packages/airflow/example_dags/tutorial_dag.py
[2024-12-19T05:16:36.929+0000] {processor.py:914} INFO - Processing file /home/airflow/.local/lib/python3.12/site-packages/airflow/example_dags/tutorial_dag.py for tasks to queue
[2024-12-19T05:16:36.930+0000] {logging_mixin.py:190} INFO - [2024-12-19T05:16:36.930+0000] {dagbag.py:588} INFO - Filling up the DagBag from /home/airflow/.local/lib/python3.12/site-packages/airflow/example_dags/tutorial_dag.py
[2024-12-19T05:16:36.934+0000] {processor.py:925} INFO - DAG(s) 'tutorial_dag' retrieved from /home/airflow/.local/lib/python3.12/site-packages/airflow/example_dags/tutorial_dag.py
[2024-12-19T05:16:36.942+0000] {logging_mixin.py:190} INFO - [2024-12-19T05:16:36.942+0000] {dag.py:3239} INFO - Sync 1 DAGs
[2024-12-19T05:16:36.947+0000] {logging_mixin.py:190} INFO - [2024-12-19T05:16:36.947+0000] {dag.py:4180} INFO - Setting next_dagrun for tutorial_dag to None, run_after=None
[2024-12-19T05:16:36.953+0000] {processor.py:208} INFO - Processing /home/airflow/.local/lib/python3.12/site-packages/airflow/example_dags/tutorial_dag.py took 0.027 seconds
[2024-12-19T05:17:07.942+0000] {processor.py:186} INFO - Started process (PID=17960) to work on /home/airflow/.local/lib/python3.12/site-packages/airflow/example_dags/tutorial_dag.py
[2024-12-19T05:17:07.942+0000] {processor.py:914} INFO - Processing file /home/airflow/.local/lib/python3.12/site-packages/airflow/example_dags/tutorial_dag.py for tasks to queue
[2024-12-19T05:17:07.943+0000] {logging_mixin.py:190} INFO - [2024-12-19T05:17:07.943+0000] {dagbag.py:588} INFO - Filling up the DagBag from /home/airflow/.local/lib/python3.12/site-packages/airflow/example_dags/tutorial_dag.py
[2024-12-19T05:17:07.947+0000] {processor.py:925} INFO - DAG(s) 'tutorial_dag' retrieved from /home/airflow/.local/lib/python3.12/site-packages/airflow/example_dags/tutorial_dag.py
[2024-12-19T05:17:07.955+0000] {logging_mixin.py:190} INFO - [2024-12-19T05:17:07.955+0000] {dag.py:3239} INFO - Sync 1 DAGs
[2024-12-19T05:17:07.960+0000] {logging_mixin.py:190} INFO - [2024-12-19T05:17:07.960+0000] {dag.py:4180} INFO - Setting next_dagrun for tutorial_dag to None, run_after=None
[2024-12-19T05:17:07.967+0000] {processor.py:208} INFO - Processing /home/airflow/.local/lib/python3.12/site-packages/airflow/example_dags/tutorial_dag.py took 0.028 seconds
[2024-12-19T05:17:38.074+0000] {processor.py:186} INFO - Started process (PID=18248) to work on /home/airflow/.local/lib/python3.12/site-packages/airflow/example_dags/tutorial_dag.py
[2024-12-19T05:17:38.074+0000] {processor.py:914} INFO - Processing file /home/airflow/.local/lib/python3.12/site-packages/airflow/example_dags/tutorial_dag.py for tasks to queue
[2024-12-19T05:17:38.076+0000] {logging_mixin.py:190} INFO - [2024-12-19T05:17:38.075+0000] {dagbag.py:588} INFO - Filling up the DagBag from /home/airflow/.local/lib/python3.12/site-packages/airflow/example_dags/tutorial_dag.py
[2024-12-19T05:17:38.080+0000] {processor.py:925} INFO - DAG(s) 'tutorial_dag' retrieved from /home/airflow/.local/lib/python3.12/site-packages/airflow/example_dags/tutorial_dag.py
[2024-12-19T05:17:38.090+0000] {logging_mixin.py:190} INFO - [2024-12-19T05:17:38.090+0000] {dag.py:3239} INFO - Sync 1 DAGs
[2024-12-19T05:17:38.097+0000] {logging_mixin.py:190} INFO - [2024-12-19T05:17:38.096+0000] {dag.py:4180} INFO - Setting next_dagrun for tutorial_dag to None, run_after=None
[2024-12-19T05:17:38.103+0000] {processor.py:208} INFO - Processing /home/airflow/.local/lib/python3.12/site-packages/airflow/example_dags/tutorial_dag.py took 0.032 seconds
[2024-12-19T05:18:09.027+0000] {processor.py:186} INFO - Started process (PID=18542) to work on /home/airflow/.local/lib/python3.12/site-packages/airflow/example_dags/tutorial_dag.py
[2024-12-19T05:18:09.028+0000] {processor.py:914} INFO - Processing file /home/airflow/.local/lib/python3.12/site-packages/airflow/example_dags/tutorial_dag.py for tasks to queue
[2024-12-19T05:18:09.029+0000] {logging_mixin.py:190} INFO - [2024-12-19T05:18:09.029+0000] {dagbag.py:588} INFO - Filling up the DagBag from /home/airflow/.local/lib/python3.12/site-packages/airflow/example_dags/tutorial_dag.py
[2024-12-19T05:18:09.033+0000] {processor.py:925} INFO - DAG(s) 'tutorial_dag' retrieved from /home/airflow/.local/lib/python3.12/site-packages/airflow/example_dags/tutorial_dag.py
[2024-12-19T05:18:09.042+0000] {logging_mixin.py:190} INFO - [2024-12-19T05:18:09.042+0000] {dag.py:3239} INFO - Sync 1 DAGs
[2024-12-19T05:18:09.048+0000] {logging_mixin.py:190} INFO - [2024-12-19T05:18:09.048+0000] {dag.py:4180} INFO - Setting next_dagrun for tutorial_dag to None, run_after=None
[2024-12-19T05:18:09.055+0000] {processor.py:208} INFO - Processing /home/airflow/.local/lib/python3.12/site-packages/airflow/example_dags/tutorial_dag.py took 0.030 seconds
[2024-12-19T05:18:39.069+0000] {processor.py:186} INFO - Started process (PID=18828) to work on /home/airflow/.local/lib/python3.12/site-packages/airflow/example_dags/tutorial_dag.py
[2024-12-19T05:18:39.072+0000] {processor.py:914} INFO - Processing file /home/airflow/.local/lib/python3.12/site-packages/airflow/example_dags/tutorial_dag.py for tasks to queue
[2024-12-19T05:18:39.073+0000] {logging_mixin.py:190} INFO - [2024-12-19T05:18:39.073+0000] {dagbag.py:588} INFO - Filling up the DagBag from /home/airflow/.local/lib/python3.12/site-packages/airflow/example_dags/tutorial_dag.py
[2024-12-19T05:18:39.076+0000] {processor.py:925} INFO - DAG(s) 'tutorial_dag' retrieved from /home/airflow/.local/lib/python3.12/site-packages/airflow/example_dags/tutorial_dag.py
[2024-12-19T05:18:39.083+0000] {logging_mixin.py:190} INFO - [2024-12-19T05:18:39.083+0000] {dag.py:3239} INFO - Sync 1 DAGs
[2024-12-19T05:18:39.089+0000] {logging_mixin.py:190} INFO - [2024-12-19T05:18:39.089+0000] {dag.py:4180} INFO - Setting next_dagrun for tutorial_dag to None, run_after=None
[2024-12-19T05:18:39.095+0000] {processor.py:208} INFO - Processing /home/airflow/.local/lib/python3.12/site-packages/airflow/example_dags/tutorial_dag.py took 0.029 seconds
[2024-12-19T05:19:09.693+0000] {processor.py:186} INFO - Started process (PID=19121) to work on /home/airflow/.local/lib/python3.12/site-packages/airflow/example_dags/tutorial_dag.py
[2024-12-19T05:19:09.693+0000] {processor.py:914} INFO - Processing file /home/airflow/.local/lib/python3.12/site-packages/airflow/example_dags/tutorial_dag.py for tasks to queue
[2024-12-19T05:19:09.694+0000] {logging_mixin.py:190} INFO - [2024-12-19T05:19:09.694+0000] {dagbag.py:588} INFO - Filling up the DagBag from /home/airflow/.local/lib/python3.12/site-packages/airflow/example_dags/tutorial_dag.py
[2024-12-19T05:19:09.696+0000] {processor.py:925} INFO - DAG(s) 'tutorial_dag' retrieved from /home/airflow/.local/lib/python3.12/site-packages/airflow/example_dags/tutorial_dag.py
[2024-12-19T05:19:09.703+0000] {logging_mixin.py:190} INFO - [2024-12-19T05:19:09.703+0000] {dag.py:3239} INFO - Sync 1 DAGs
[2024-12-19T05:19:09.780+0000] {logging_mixin.py:190} INFO - [2024-12-19T05:19:09.779+0000] {dag.py:4180} INFO - Setting next_dagrun for tutorial_dag to None, run_after=None
[2024-12-19T05:19:09.785+0000] {processor.py:208} INFO - Processing /home/airflow/.local/lib/python3.12/site-packages/airflow/example_dags/tutorial_dag.py took 0.095 seconds
[2024-12-19T05:19:39.892+0000] {processor.py:186} INFO - Started process (PID=19412) to work on /home/airflow/.local/lib/python3.12/site-packages/airflow/example_dags/tutorial_dag.py
[2024-12-19T05:19:39.893+0000] {processor.py:914} INFO - Processing file /home/airflow/.local/lib/python3.12/site-packages/airflow/example_dags/tutorial_dag.py for tasks to queue
[2024-12-19T05:19:39.894+0000] {logging_mixin.py:190} INFO - [2024-12-19T05:19:39.893+0000] {dagbag.py:588} INFO - Filling up the DagBag from /home/airflow/.local/lib/python3.12/site-packages/airflow/example_dags/tutorial_dag.py
[2024-12-19T05:19:39.897+0000] {processor.py:925} INFO - DAG(s) 'tutorial_dag' retrieved from /home/airflow/.local/lib/python3.12/site-packages/airflow/example_dags/tutorial_dag.py
[2024-12-19T05:19:39.904+0000] {logging_mixin.py:190} INFO - [2024-12-19T05:19:39.904+0000] {dag.py:3239} INFO - Sync 1 DAGs
[2024-12-19T05:19:39.909+0000] {logging_mixin.py:190} INFO - [2024-12-19T05:19:39.909+0000] {dag.py:4180} INFO - Setting next_dagrun for tutorial_dag to None, run_after=None
[2024-12-19T05:19:39.915+0000] {processor.py:208} INFO - Processing /home/airflow/.local/lib/python3.12/site-packages/airflow/example_dags/tutorial_dag.py took 0.025 seconds
[2024-12-19T05:20:10.716+0000] {processor.py:186} INFO - Started process (PID=19703) to work on /home/airflow/.local/lib/python3.12/site-packages/airflow/example_dags/tutorial_dag.py
[2024-12-19T05:20:10.717+0000] {processor.py:914} INFO - Processing file /home/airflow/.local/lib/python3.12/site-packages/airflow/example_dags/tutorial_dag.py for tasks to queue
[2024-12-19T05:20:10.718+0000] {logging_mixin.py:190} INFO - [2024-12-19T05:20:10.718+0000] {dagbag.py:588} INFO - Filling up the DagBag from /home/airflow/.local/lib/python3.12/site-packages/airflow/example_dags/tutorial_dag.py
[2024-12-19T05:20:10.721+0000] {processor.py:925} INFO - DAG(s) 'tutorial_dag' retrieved from /home/airflow/.local/lib/python3.12/site-packages/airflow/example_dags/tutorial_dag.py
[2024-12-19T05:20:10.728+0000] {logging_mixin.py:190} INFO - [2024-12-19T05:20:10.728+0000] {dag.py:3239} INFO - Sync 1 DAGs
[2024-12-19T05:20:10.733+0000] {logging_mixin.py:190} INFO - [2024-12-19T05:20:10.733+0000] {dag.py:4180} INFO - Setting next_dagrun for tutorial_dag to None, run_after=None
[2024-12-19T05:20:10.739+0000] {processor.py:208} INFO - Processing /home/airflow/.local/lib/python3.12/site-packages/airflow/example_dags/tutorial_dag.py took 0.025 seconds
[2024-12-19T05:20:41.646+0000] {processor.py:186} INFO - Started process (PID=19994) to work on /home/airflow/.local/lib/python3.12/site-packages/airflow/example_dags/tutorial_dag.py
[2024-12-19T05:20:41.647+0000] {processor.py:914} INFO - Processing file /home/airflow/.local/lib/python3.12/site-packages/airflow/example_dags/tutorial_dag.py for tasks to queue
[2024-12-19T05:20:41.648+0000] {logging_mixin.py:190} INFO - [2024-12-19T05:20:41.648+0000] {dagbag.py:588} INFO - Filling up the DagBag from /home/airflow/.local/lib/python3.12/site-packages/airflow/example_dags/tutorial_dag.py
[2024-12-19T05:20:41.651+0000] {processor.py:925} INFO - DAG(s) 'tutorial_dag' retrieved from /home/airflow/.local/lib/python3.12/site-packages/airflow/example_dags/tutorial_dag.py
[2024-12-19T05:20:41.658+0000] {logging_mixin.py:190} INFO - [2024-12-19T05:20:41.658+0000] {dag.py:3239} INFO - Sync 1 DAGs
[2024-12-19T05:20:41.663+0000] {logging_mixin.py:190} INFO - [2024-12-19T05:20:41.663+0000] {dag.py:4180} INFO - Setting next_dagrun for tutorial_dag to None, run_after=None
[2024-12-19T05:20:41.669+0000] {processor.py:208} INFO - Processing /home/airflow/.local/lib/python3.12/site-packages/airflow/example_dags/tutorial_dag.py took 0.025 seconds
[2024-12-19T05:21:12.621+0000] {processor.py:186} INFO - Started process (PID=20285) to work on /home/airflow/.local/lib/python3.12/site-packages/airflow/example_dags/tutorial_dag.py
[2024-12-19T05:21:12.622+0000] {processor.py:914} INFO - Processing file /home/airflow/.local/lib/python3.12/site-packages/airflow/example_dags/tutorial_dag.py for tasks to queue
[2024-12-19T05:21:12.623+0000] {logging_mixin.py:190} INFO - [2024-12-19T05:21:12.623+0000] {dagbag.py:588} INFO - Filling up the DagBag from /home/airflow/.local/lib/python3.12/site-packages/airflow/example_dags/tutorial_dag.py
[2024-12-19T05:21:12.627+0000] {processor.py:925} INFO - DAG(s) 'tutorial_dag' retrieved from /home/airflow/.local/lib/python3.12/site-packages/airflow/example_dags/tutorial_dag.py
[2024-12-19T05:21:12.636+0000] {logging_mixin.py:190} INFO - [2024-12-19T05:21:12.635+0000] {dag.py:3239} INFO - Sync 1 DAGs
[2024-12-19T05:21:12.642+0000] {logging_mixin.py:190} INFO - [2024-12-19T05:21:12.641+0000] {dag.py:4180} INFO - Setting next_dagrun for tutorial_dag to None, run_after=None
[2024-12-19T05:21:12.648+0000] {processor.py:208} INFO - Processing /home/airflow/.local/lib/python3.12/site-packages/airflow/example_dags/tutorial_dag.py took 0.029 seconds
[2024-12-19T05:21:42.721+0000] {processor.py:186} INFO - Started process (PID=20576) to work on /home/airflow/.local/lib/python3.12/site-packages/airflow/example_dags/tutorial_dag.py
[2024-12-19T05:21:42.722+0000] {processor.py:914} INFO - Processing file /home/airflow/.local/lib/python3.12/site-packages/airflow/example_dags/tutorial_dag.py for tasks to queue
[2024-12-19T05:21:42.723+0000] {logging_mixin.py:190} INFO - [2024-12-19T05:21:42.723+0000] {dagbag.py:588} INFO - Filling up the DagBag from /home/airflow/.local/lib/python3.12/site-packages/airflow/example_dags/tutorial_dag.py
[2024-12-19T05:21:42.726+0000] {processor.py:925} INFO - DAG(s) 'tutorial_dag' retrieved from /home/airflow/.local/lib/python3.12/site-packages/airflow/example_dags/tutorial_dag.py
[2024-12-19T05:21:42.737+0000] {logging_mixin.py:190} INFO - [2024-12-19T05:21:42.737+0000] {dag.py:3239} INFO - Sync 1 DAGs
[2024-12-19T05:21:42.742+0000] {logging_mixin.py:190} INFO - [2024-12-19T05:21:42.742+0000] {dag.py:4180} INFO - Setting next_dagrun for tutorial_dag to None, run_after=None
[2024-12-19T05:21:42.747+0000] {processor.py:208} INFO - Processing /home/airflow/.local/lib/python3.12/site-packages/airflow/example_dags/tutorial_dag.py took 0.028 seconds
[2024-12-19T05:22:12.861+0000] {processor.py:186} INFO - Started process (PID=20867) to work on /home/airflow/.local/lib/python3.12/site-packages/airflow/example_dags/tutorial_dag.py
[2024-12-19T05:22:12.861+0000] {processor.py:914} INFO - Processing file /home/airflow/.local/lib/python3.12/site-packages/airflow/example_dags/tutorial_dag.py for tasks to queue
[2024-12-19T05:22:12.862+0000] {logging_mixin.py:190} INFO - [2024-12-19T05:22:12.862+0000] {dagbag.py:588} INFO - Filling up the DagBag from /home/airflow/.local/lib/python3.12/site-packages/airflow/example_dags/tutorial_dag.py
[2024-12-19T05:22:12.865+0000] {processor.py:925} INFO - DAG(s) 'tutorial_dag' retrieved from /home/airflow/.local/lib/python3.12/site-packages/airflow/example_dags/tutorial_dag.py
[2024-12-19T05:22:12.872+0000] {logging_mixin.py:190} INFO - [2024-12-19T05:22:12.872+0000] {dag.py:3239} INFO - Sync 1 DAGs
[2024-12-19T05:22:12.877+0000] {logging_mixin.py:190} INFO - [2024-12-19T05:22:12.877+0000] {dag.py:4180} INFO - Setting next_dagrun for tutorial_dag to None, run_after=None
[2024-12-19T05:22:12.882+0000] {processor.py:208} INFO - Processing /home/airflow/.local/lib/python3.12/site-packages/airflow/example_dags/tutorial_dag.py took 0.023 seconds
[2024-12-19T05:22:43.899+0000] {processor.py:186} INFO - Started process (PID=21158) to work on /home/airflow/.local/lib/python3.12/site-packages/airflow/example_dags/tutorial_dag.py
[2024-12-19T05:22:43.899+0000] {processor.py:914} INFO - Processing file /home/airflow/.local/lib/python3.12/site-packages/airflow/example_dags/tutorial_dag.py for tasks to queue
[2024-12-19T05:22:43.900+0000] {logging_mixin.py:190} INFO - [2024-12-19T05:22:43.900+0000] {dagbag.py:588} INFO - Filling up the DagBag from /home/airflow/.local/lib/python3.12/site-packages/airflow/example_dags/tutorial_dag.py
[2024-12-19T05:22:43.903+0000] {processor.py:925} INFO - DAG(s) 'tutorial_dag' retrieved from /home/airflow/.local/lib/python3.12/site-packages/airflow/example_dags/tutorial_dag.py
[2024-12-19T05:22:43.911+0000] {logging_mixin.py:190} INFO - [2024-12-19T05:22:43.911+0000] {dag.py:3239} INFO - Sync 1 DAGs
[2024-12-19T05:22:43.916+0000] {logging_mixin.py:190} INFO - [2024-12-19T05:22:43.916+0000] {dag.py:4180} INFO - Setting next_dagrun for tutorial_dag to None, run_after=None
[2024-12-19T05:22:43.922+0000] {processor.py:208} INFO - Processing /home/airflow/.local/lib/python3.12/site-packages/airflow/example_dags/tutorial_dag.py took 0.026 seconds
[2024-12-19T05:23:13.968+0000] {processor.py:186} INFO - Started process (PID=21447) to work on /home/airflow/.local/lib/python3.12/site-packages/airflow/example_dags/tutorial_dag.py
[2024-12-19T05:23:13.969+0000] {processor.py:914} INFO - Processing file /home/airflow/.local/lib/python3.12/site-packages/airflow/example_dags/tutorial_dag.py for tasks to queue
[2024-12-19T05:23:13.971+0000] {logging_mixin.py:190} INFO - [2024-12-19T05:23:13.971+0000] {dagbag.py:588} INFO - Filling up the DagBag from /home/airflow/.local/lib/python3.12/site-packages/airflow/example_dags/tutorial_dag.py
[2024-12-19T05:23:13.975+0000] {processor.py:925} INFO - DAG(s) 'tutorial_dag' retrieved from /home/airflow/.local/lib/python3.12/site-packages/airflow/example_dags/tutorial_dag.py
[2024-12-19T05:23:13.984+0000] {logging_mixin.py:190} INFO - [2024-12-19T05:23:13.984+0000] {dag.py:3239} INFO - Sync 1 DAGs
[2024-12-19T05:23:13.989+0000] {logging_mixin.py:190} INFO - [2024-12-19T05:23:13.989+0000] {dag.py:4180} INFO - Setting next_dagrun for tutorial_dag to None, run_after=None
[2024-12-19T05:23:14.000+0000] {processor.py:208} INFO - Processing /home/airflow/.local/lib/python3.12/site-packages/airflow/example_dags/tutorial_dag.py took 0.034 seconds
[2024-12-19T05:23:44.376+0000] {processor.py:186} INFO - Started process (PID=21738) to work on /home/airflow/.local/lib/python3.12/site-packages/airflow/example_dags/tutorial_dag.py
[2024-12-19T05:23:44.377+0000] {processor.py:914} INFO - Processing file /home/airflow/.local/lib/python3.12/site-packages/airflow/example_dags/tutorial_dag.py for tasks to queue
[2024-12-19T05:23:44.378+0000] {logging_mixin.py:190} INFO - [2024-12-19T05:23:44.378+0000] {dagbag.py:588} INFO - Filling up the DagBag from /home/airflow/.local/lib/python3.12/site-packages/airflow/example_dags/tutorial_dag.py
[2024-12-19T05:23:44.381+0000] {processor.py:925} INFO - DAG(s) 'tutorial_dag' retrieved from /home/airflow/.local/lib/python3.12/site-packages/airflow/example_dags/tutorial_dag.py
[2024-12-19T05:23:44.388+0000] {logging_mixin.py:190} INFO - [2024-12-19T05:23:44.388+0000] {dag.py:3239} INFO - Sync 1 DAGs
[2024-12-19T05:23:44.393+0000] {logging_mixin.py:190} INFO - [2024-12-19T05:23:44.393+0000] {dag.py:4180} INFO - Setting next_dagrun for tutorial_dag to None, run_after=None
[2024-12-19T05:23:44.399+0000] {processor.py:208} INFO - Processing /home/airflow/.local/lib/python3.12/site-packages/airflow/example_dags/tutorial_dag.py took 0.025 seconds
