[2024-12-19T04:00:06.185+0000] {processor.py:186} INFO - Started process (PID=333) to work on /home/airflow/.local/lib/python3.12/site-packages/airflow/example_dags/tutorial.py
[2024-12-19T04:00:06.185+0000] {processor.py:914} INFO - Processing file /home/airflow/.local/lib/python3.12/site-packages/airflow/example_dags/tutorial.py for tasks to queue
[2024-12-19T04:00:06.187+0000] {logging_mixin.py:190} INFO - [2024-12-19T04:00:06.187+0000] {dagbag.py:588} INFO - Filling up the DagBag from /home/airflow/.local/lib/python3.12/site-packages/airflow/example_dags/tutorial.py
[2024-12-19T04:00:06.191+0000] {processor.py:925} INFO - DAG(s) 'tutorial' retrieved from /home/airflow/.local/lib/python3.12/site-packages/airflow/example_dags/tutorial.py
[2024-12-19T04:00:06.231+0000] {logging_mixin.py:190} INFO - [2024-12-19T04:00:06.231+0000] {override.py:1911} INFO - Created Permission View: can edit on DAG:tutorial
[2024-12-19T04:00:06.234+0000] {logging_mixin.py:190} INFO - [2024-12-19T04:00:06.234+0000] {override.py:1911} INFO - Created Permission View: can delete on DAG:tutorial
[2024-12-19T04:00:06.236+0000] {logging_mixin.py:190} INFO - [2024-12-19T04:00:06.236+0000] {override.py:1911} INFO - Created Permission View: can read on DAG:tutorial
[2024-12-19T04:00:06.238+0000] {logging_mixin.py:190} INFO - [2024-12-19T04:00:06.238+0000] {override.py:1911} INFO - Created Permission View: can create on DAG Run:tutorial
[2024-12-19T04:00:06.239+0000] {logging_mixin.py:190} INFO - [2024-12-19T04:00:06.239+0000] {override.py:1911} INFO - Created Permission View: can delete on DAG Run:tutorial
[2024-12-19T04:00:06.241+0000] {logging_mixin.py:190} INFO - [2024-12-19T04:00:06.241+0000] {override.py:1911} INFO - Created Permission View: menu access on DAG Run:tutorial
[2024-12-19T04:00:06.242+0000] {logging_mixin.py:190} INFO - [2024-12-19T04:00:06.242+0000] {override.py:1911} INFO - Created Permission View: can read on DAG Run:tutorial
[2024-12-19T04:00:06.242+0000] {logging_mixin.py:190} INFO - [2024-12-19T04:00:06.242+0000] {dag.py:3239} INFO - Sync 1 DAGs
[2024-12-19T04:00:06.247+0000] {logging_mixin.py:190} INFO - [2024-12-19T04:00:06.247+0000] {dag.py:3262} INFO - Creating ORM DAG for tutorial
[2024-12-19T04:00:06.250+0000] {logging_mixin.py:190} INFO - [2024-12-19T04:00:06.250+0000] {dag.py:4180} INFO - Setting next_dagrun for tutorial to 2024-12-18 00:00:00+00:00, run_after=2024-12-19 00:00:00+00:00
[2024-12-19T04:00:06.256+0000] {processor.py:208} INFO - Processing /home/airflow/.local/lib/python3.12/site-packages/airflow/example_dags/tutorial.py took 0.074 seconds
[2024-12-19T04:00:55.906+0000] {processor.py:186} INFO - Started process (PID=325) to work on /home/airflow/.local/lib/python3.12/site-packages/airflow/example_dags/tutorial.py
[2024-12-19T04:00:55.907+0000] {processor.py:914} INFO - Processing file /home/airflow/.local/lib/python3.12/site-packages/airflow/example_dags/tutorial.py for tasks to queue
[2024-12-19T04:00:55.908+0000] {logging_mixin.py:190} INFO - [2024-12-19T04:00:55.908+0000] {dagbag.py:588} INFO - Filling up the DagBag from /home/airflow/.local/lib/python3.12/site-packages/airflow/example_dags/tutorial.py
[2024-12-19T04:00:55.912+0000] {processor.py:925} INFO - DAG(s) 'tutorial' retrieved from /home/airflow/.local/lib/python3.12/site-packages/airflow/example_dags/tutorial.py
[2024-12-19T04:00:55.920+0000] {logging_mixin.py:190} INFO - [2024-12-19T04:00:55.920+0000] {dag.py:3239} INFO - Sync 1 DAGs
[2024-12-19T04:00:55.931+0000] {logging_mixin.py:190} INFO - [2024-12-19T04:00:55.931+0000] {dag.py:4180} INFO - Setting next_dagrun for tutorial to 2024-12-18 00:00:00+00:00, run_after=2024-12-19 00:00:00+00:00
[2024-12-19T04:00:55.942+0000] {processor.py:208} INFO - Processing /home/airflow/.local/lib/python3.12/site-packages/airflow/example_dags/tutorial.py took 0.038 seconds
[2024-12-19T04:01:26.283+0000] {processor.py:186} INFO - Started process (PID=618) to work on /home/airflow/.local/lib/python3.12/site-packages/airflow/example_dags/tutorial.py
[2024-12-19T04:01:26.284+0000] {processor.py:914} INFO - Processing file /home/airflow/.local/lib/python3.12/site-packages/airflow/example_dags/tutorial.py for tasks to queue
[2024-12-19T04:01:26.285+0000] {logging_mixin.py:190} INFO - [2024-12-19T04:01:26.285+0000] {dagbag.py:588} INFO - Filling up the DagBag from /home/airflow/.local/lib/python3.12/site-packages/airflow/example_dags/tutorial.py
[2024-12-19T04:01:26.292+0000] {processor.py:925} INFO - DAG(s) 'tutorial' retrieved from /home/airflow/.local/lib/python3.12/site-packages/airflow/example_dags/tutorial.py
[2024-12-19T04:01:26.302+0000] {logging_mixin.py:190} INFO - [2024-12-19T04:01:26.301+0000] {dag.py:3239} INFO - Sync 1 DAGs
[2024-12-19T04:01:26.311+0000] {logging_mixin.py:190} INFO - [2024-12-19T04:01:26.311+0000] {dag.py:4180} INFO - Setting next_dagrun for tutorial to 2024-12-18 00:00:00+00:00, run_after=2024-12-19 00:00:00+00:00
[2024-12-19T04:01:26.320+0000] {processor.py:208} INFO - Processing /home/airflow/.local/lib/python3.12/site-packages/airflow/example_dags/tutorial.py took 0.040 seconds
[2024-12-19T04:01:56.585+0000] {processor.py:186} INFO - Started process (PID=909) to work on /home/airflow/.local/lib/python3.12/site-packages/airflow/example_dags/tutorial.py
[2024-12-19T04:01:56.586+0000] {processor.py:914} INFO - Processing file /home/airflow/.local/lib/python3.12/site-packages/airflow/example_dags/tutorial.py for tasks to queue
[2024-12-19T04:01:56.587+0000] {logging_mixin.py:190} INFO - [2024-12-19T04:01:56.587+0000] {dagbag.py:588} INFO - Filling up the DagBag from /home/airflow/.local/lib/python3.12/site-packages/airflow/example_dags/tutorial.py
[2024-12-19T04:01:56.590+0000] {processor.py:925} INFO - DAG(s) 'tutorial' retrieved from /home/airflow/.local/lib/python3.12/site-packages/airflow/example_dags/tutorial.py
[2024-12-19T04:01:56.597+0000] {logging_mixin.py:190} INFO - [2024-12-19T04:01:56.597+0000] {dag.py:3239} INFO - Sync 1 DAGs
[2024-12-19T04:01:56.606+0000] {logging_mixin.py:190} INFO - [2024-12-19T04:01:56.606+0000] {dag.py:4180} INFO - Setting next_dagrun for tutorial to 2024-12-18 00:00:00+00:00, run_after=2024-12-19 00:00:00+00:00
[2024-12-19T04:01:56.612+0000] {processor.py:208} INFO - Processing /home/airflow/.local/lib/python3.12/site-packages/airflow/example_dags/tutorial.py took 0.029 seconds
[2024-12-19T04:02:26.876+0000] {processor.py:186} INFO - Started process (PID=1222) to work on /home/airflow/.local/lib/python3.12/site-packages/airflow/example_dags/tutorial.py
[2024-12-19T04:02:26.876+0000] {processor.py:914} INFO - Processing file /home/airflow/.local/lib/python3.12/site-packages/airflow/example_dags/tutorial.py for tasks to queue
[2024-12-19T04:02:26.878+0000] {logging_mixin.py:190} INFO - [2024-12-19T04:02:26.878+0000] {dagbag.py:588} INFO - Filling up the DagBag from /home/airflow/.local/lib/python3.12/site-packages/airflow/example_dags/tutorial.py
[2024-12-19T04:02:26.882+0000] {processor.py:925} INFO - DAG(s) 'tutorial' retrieved from /home/airflow/.local/lib/python3.12/site-packages/airflow/example_dags/tutorial.py
[2024-12-19T04:02:26.890+0000] {logging_mixin.py:190} INFO - [2024-12-19T04:02:26.889+0000] {dag.py:3239} INFO - Sync 1 DAGs
[2024-12-19T04:02:26.899+0000] {logging_mixin.py:190} INFO - [2024-12-19T04:02:26.899+0000] {dag.py:4180} INFO - Setting next_dagrun for tutorial to 2024-12-18 00:00:00+00:00, run_after=2024-12-19 00:00:00+00:00
[2024-12-19T04:02:26.907+0000] {processor.py:208} INFO - Processing /home/airflow/.local/lib/python3.12/site-packages/airflow/example_dags/tutorial.py took 0.034 seconds
[2024-12-19T04:02:57.844+0000] {processor.py:186} INFO - Started process (PID=1513) to work on /home/airflow/.local/lib/python3.12/site-packages/airflow/example_dags/tutorial.py
[2024-12-19T04:02:57.844+0000] {processor.py:914} INFO - Processing file /home/airflow/.local/lib/python3.12/site-packages/airflow/example_dags/tutorial.py for tasks to queue
[2024-12-19T04:02:57.845+0000] {logging_mixin.py:190} INFO - [2024-12-19T04:02:57.845+0000] {dagbag.py:588} INFO - Filling up the DagBag from /home/airflow/.local/lib/python3.12/site-packages/airflow/example_dags/tutorial.py
[2024-12-19T04:02:57.849+0000] {processor.py:925} INFO - DAG(s) 'tutorial' retrieved from /home/airflow/.local/lib/python3.12/site-packages/airflow/example_dags/tutorial.py
[2024-12-19T04:02:57.857+0000] {logging_mixin.py:190} INFO - [2024-12-19T04:02:57.857+0000] {dag.py:3239} INFO - Sync 1 DAGs
[2024-12-19T04:02:57.865+0000] {logging_mixin.py:190} INFO - [2024-12-19T04:02:57.865+0000] {dag.py:4180} INFO - Setting next_dagrun for tutorial to 2024-12-18 00:00:00+00:00, run_after=2024-12-19 00:00:00+00:00
[2024-12-19T04:02:57.871+0000] {processor.py:208} INFO - Processing /home/airflow/.local/lib/python3.12/site-packages/airflow/example_dags/tutorial.py took 0.029 seconds
[2024-12-19T04:03:28.981+0000] {processor.py:186} INFO - Started process (PID=1804) to work on /home/airflow/.local/lib/python3.12/site-packages/airflow/example_dags/tutorial.py
[2024-12-19T04:03:28.981+0000] {processor.py:914} INFO - Processing file /home/airflow/.local/lib/python3.12/site-packages/airflow/example_dags/tutorial.py for tasks to queue
[2024-12-19T04:03:28.982+0000] {logging_mixin.py:190} INFO - [2024-12-19T04:03:28.982+0000] {dagbag.py:588} INFO - Filling up the DagBag from /home/airflow/.local/lib/python3.12/site-packages/airflow/example_dags/tutorial.py
[2024-12-19T04:03:28.986+0000] {processor.py:925} INFO - DAG(s) 'tutorial' retrieved from /home/airflow/.local/lib/python3.12/site-packages/airflow/example_dags/tutorial.py
[2024-12-19T04:03:28.994+0000] {logging_mixin.py:190} INFO - [2024-12-19T04:03:28.994+0000] {dag.py:3239} INFO - Sync 1 DAGs
[2024-12-19T04:03:29.003+0000] {logging_mixin.py:190} INFO - [2024-12-19T04:03:29.003+0000] {dag.py:4180} INFO - Setting next_dagrun for tutorial to 2024-12-18 00:00:00+00:00, run_after=2024-12-19 00:00:00+00:00
[2024-12-19T04:03:29.009+0000] {processor.py:208} INFO - Processing /home/airflow/.local/lib/python3.12/site-packages/airflow/example_dags/tutorial.py took 0.031 seconds
[2024-12-19T04:03:59.263+0000] {processor.py:186} INFO - Started process (PID=2095) to work on /home/airflow/.local/lib/python3.12/site-packages/airflow/example_dags/tutorial.py
[2024-12-19T04:03:59.263+0000] {processor.py:914} INFO - Processing file /home/airflow/.local/lib/python3.12/site-packages/airflow/example_dags/tutorial.py for tasks to queue
[2024-12-19T04:03:59.264+0000] {logging_mixin.py:190} INFO - [2024-12-19T04:03:59.264+0000] {dagbag.py:588} INFO - Filling up the DagBag from /home/airflow/.local/lib/python3.12/site-packages/airflow/example_dags/tutorial.py
[2024-12-19T04:03:59.267+0000] {processor.py:925} INFO - DAG(s) 'tutorial' retrieved from /home/airflow/.local/lib/python3.12/site-packages/airflow/example_dags/tutorial.py
[2024-12-19T04:03:59.274+0000] {logging_mixin.py:190} INFO - [2024-12-19T04:03:59.274+0000] {dag.py:3239} INFO - Sync 1 DAGs
[2024-12-19T04:03:59.283+0000] {logging_mixin.py:190} INFO - [2024-12-19T04:03:59.283+0000] {dag.py:4180} INFO - Setting next_dagrun for tutorial to 2024-12-18 00:00:00+00:00, run_after=2024-12-19 00:00:00+00:00
[2024-12-19T04:03:59.288+0000] {processor.py:208} INFO - Processing /home/airflow/.local/lib/python3.12/site-packages/airflow/example_dags/tutorial.py took 0.028 seconds
[2024-12-19T04:04:32.016+0000] {processor.py:186} INFO - Started process (PID=2386) to work on /home/airflow/.local/lib/python3.12/site-packages/airflow/example_dags/tutorial.py
[2024-12-19T04:04:32.017+0000] {processor.py:914} INFO - Processing file /home/airflow/.local/lib/python3.12/site-packages/airflow/example_dags/tutorial.py for tasks to queue
[2024-12-19T04:04:32.018+0000] {logging_mixin.py:190} INFO - [2024-12-19T04:04:32.018+0000] {dagbag.py:588} INFO - Filling up the DagBag from /home/airflow/.local/lib/python3.12/site-packages/airflow/example_dags/tutorial.py
[2024-12-19T04:04:32.021+0000] {processor.py:925} INFO - DAG(s) 'tutorial' retrieved from /home/airflow/.local/lib/python3.12/site-packages/airflow/example_dags/tutorial.py
[2024-12-19T04:04:32.028+0000] {logging_mixin.py:190} INFO - [2024-12-19T04:04:32.028+0000] {dag.py:3239} INFO - Sync 1 DAGs
[2024-12-19T04:04:32.036+0000] {logging_mixin.py:190} INFO - [2024-12-19T04:04:32.036+0000] {dag.py:4180} INFO - Setting next_dagrun for tutorial to 2024-12-18 00:00:00+00:00, run_after=2024-12-19 00:00:00+00:00
[2024-12-19T04:04:32.045+0000] {processor.py:208} INFO - Processing /home/airflow/.local/lib/python3.12/site-packages/airflow/example_dags/tutorial.py took 0.031 seconds
[2024-12-19T04:05:03.140+0000] {processor.py:186} INFO - Started process (PID=2683) to work on /home/airflow/.local/lib/python3.12/site-packages/airflow/example_dags/tutorial.py
[2024-12-19T04:05:03.140+0000] {processor.py:914} INFO - Processing file /home/airflow/.local/lib/python3.12/site-packages/airflow/example_dags/tutorial.py for tasks to queue
[2024-12-19T04:05:03.141+0000] {logging_mixin.py:190} INFO - [2024-12-19T04:05:03.141+0000] {dagbag.py:588} INFO - Filling up the DagBag from /home/airflow/.local/lib/python3.12/site-packages/airflow/example_dags/tutorial.py
[2024-12-19T04:05:03.144+0000] {processor.py:925} INFO - DAG(s) 'tutorial' retrieved from /home/airflow/.local/lib/python3.12/site-packages/airflow/example_dags/tutorial.py
[2024-12-19T04:05:03.151+0000] {logging_mixin.py:190} INFO - [2024-12-19T04:05:03.151+0000] {dag.py:3239} INFO - Sync 1 DAGs
[2024-12-19T04:05:03.159+0000] {logging_mixin.py:190} INFO - [2024-12-19T04:05:03.159+0000] {dag.py:4180} INFO - Setting next_dagrun for tutorial to 2024-12-18 00:00:00+00:00, run_after=2024-12-19 00:00:00+00:00
[2024-12-19T04:05:03.164+0000] {processor.py:208} INFO - Processing /home/airflow/.local/lib/python3.12/site-packages/airflow/example_dags/tutorial.py took 0.026 seconds
[2024-12-19T04:22:25.033+0000] {processor.py:186} INFO - Started process (PID=3109) to work on /home/airflow/.local/lib/python3.12/site-packages/airflow/example_dags/tutorial.py
[2024-12-19T04:22:25.034+0000] {processor.py:914} INFO - Processing file /home/airflow/.local/lib/python3.12/site-packages/airflow/example_dags/tutorial.py for tasks to queue
[2024-12-19T04:22:25.035+0000] {logging_mixin.py:190} INFO - [2024-12-19T04:22:25.035+0000] {dagbag.py:588} INFO - Filling up the DagBag from /home/airflow/.local/lib/python3.12/site-packages/airflow/example_dags/tutorial.py
[2024-12-19T04:22:25.039+0000] {processor.py:925} INFO - DAG(s) 'tutorial' retrieved from /home/airflow/.local/lib/python3.12/site-packages/airflow/example_dags/tutorial.py
[2024-12-19T04:22:25.046+0000] {logging_mixin.py:190} INFO - [2024-12-19T04:22:25.046+0000] {dag.py:3239} INFO - Sync 1 DAGs
[2024-12-19T04:22:25.055+0000] {logging_mixin.py:190} INFO - [2024-12-19T04:22:25.055+0000] {dag.py:4180} INFO - Setting next_dagrun for tutorial to 2024-12-18 00:00:00+00:00, run_after=2024-12-19 00:00:00+00:00
[2024-12-19T04:22:25.062+0000] {processor.py:208} INFO - Processing /home/airflow/.local/lib/python3.12/site-packages/airflow/example_dags/tutorial.py took 0.031 seconds
[2024-12-19T04:22:55.523+0000] {processor.py:186} INFO - Started process (PID=3402) to work on /home/airflow/.local/lib/python3.12/site-packages/airflow/example_dags/tutorial.py
[2024-12-19T04:22:55.524+0000] {processor.py:914} INFO - Processing file /home/airflow/.local/lib/python3.12/site-packages/airflow/example_dags/tutorial.py for tasks to queue
[2024-12-19T04:22:55.524+0000] {logging_mixin.py:190} INFO - [2024-12-19T04:22:55.524+0000] {dagbag.py:588} INFO - Filling up the DagBag from /home/airflow/.local/lib/python3.12/site-packages/airflow/example_dags/tutorial.py
[2024-12-19T04:22:55.528+0000] {processor.py:925} INFO - DAG(s) 'tutorial' retrieved from /home/airflow/.local/lib/python3.12/site-packages/airflow/example_dags/tutorial.py
[2024-12-19T04:22:55.535+0000] {logging_mixin.py:190} INFO - [2024-12-19T04:22:55.535+0000] {dag.py:3239} INFO - Sync 1 DAGs
[2024-12-19T04:22:55.546+0000] {logging_mixin.py:190} INFO - [2024-12-19T04:22:55.546+0000] {dag.py:4180} INFO - Setting next_dagrun for tutorial to 2024-12-18 00:00:00+00:00, run_after=2024-12-19 00:00:00+00:00
[2024-12-19T04:22:55.556+0000] {processor.py:208} INFO - Processing /home/airflow/.local/lib/python3.12/site-packages/airflow/example_dags/tutorial.py took 0.035 seconds
[2024-12-19T04:39:23.107+0000] {processor.py:186} INFO - Started process (PID=3685) to work on /home/airflow/.local/lib/python3.12/site-packages/airflow/example_dags/tutorial.py
[2024-12-19T04:39:23.111+0000] {processor.py:914} INFO - Processing file /home/airflow/.local/lib/python3.12/site-packages/airflow/example_dags/tutorial.py for tasks to queue
[2024-12-19T04:39:23.112+0000] {logging_mixin.py:190} INFO - [2024-12-19T04:39:23.112+0000] {dagbag.py:588} INFO - Filling up the DagBag from /home/airflow/.local/lib/python3.12/site-packages/airflow/example_dags/tutorial.py
[2024-12-19T04:39:23.116+0000] {processor.py:925} INFO - DAG(s) 'tutorial' retrieved from /home/airflow/.local/lib/python3.12/site-packages/airflow/example_dags/tutorial.py
[2024-12-19T04:39:23.125+0000] {logging_mixin.py:190} INFO - [2024-12-19T04:39:23.125+0000] {dag.py:3239} INFO - Sync 1 DAGs
[2024-12-19T04:39:23.134+0000] {logging_mixin.py:190} INFO - [2024-12-19T04:39:23.134+0000] {dag.py:4180} INFO - Setting next_dagrun for tutorial to 2024-12-18 00:00:00+00:00, run_after=2024-12-19 00:00:00+00:00
[2024-12-19T04:39:23.140+0000] {processor.py:208} INFO - Processing /home/airflow/.local/lib/python3.12/site-packages/airflow/example_dags/tutorial.py took 0.035 seconds
[2024-12-19T04:39:54.197+0000] {processor.py:186} INFO - Started process (PID=3982) to work on /home/airflow/.local/lib/python3.12/site-packages/airflow/example_dags/tutorial.py
[2024-12-19T04:39:54.197+0000] {processor.py:914} INFO - Processing file /home/airflow/.local/lib/python3.12/site-packages/airflow/example_dags/tutorial.py for tasks to queue
[2024-12-19T04:39:54.198+0000] {logging_mixin.py:190} INFO - [2024-12-19T04:39:54.198+0000] {dagbag.py:588} INFO - Filling up the DagBag from /home/airflow/.local/lib/python3.12/site-packages/airflow/example_dags/tutorial.py
[2024-12-19T04:39:54.201+0000] {processor.py:925} INFO - DAG(s) 'tutorial' retrieved from /home/airflow/.local/lib/python3.12/site-packages/airflow/example_dags/tutorial.py
[2024-12-19T04:39:54.209+0000] {logging_mixin.py:190} INFO - [2024-12-19T04:39:54.209+0000] {dag.py:3239} INFO - Sync 1 DAGs
[2024-12-19T04:39:54.217+0000] {logging_mixin.py:190} INFO - [2024-12-19T04:39:54.216+0000] {dag.py:4180} INFO - Setting next_dagrun for tutorial to 2024-12-18 00:00:00+00:00, run_after=2024-12-19 00:00:00+00:00
[2024-12-19T04:39:54.223+0000] {processor.py:208} INFO - Processing /home/airflow/.local/lib/python3.12/site-packages/airflow/example_dags/tutorial.py took 0.028 seconds
[2024-12-19T04:40:25.189+0000] {processor.py:186} INFO - Started process (PID=4273) to work on /home/airflow/.local/lib/python3.12/site-packages/airflow/example_dags/tutorial.py
[2024-12-19T04:40:25.189+0000] {processor.py:914} INFO - Processing file /home/airflow/.local/lib/python3.12/site-packages/airflow/example_dags/tutorial.py for tasks to queue
[2024-12-19T04:40:25.190+0000] {logging_mixin.py:190} INFO - [2024-12-19T04:40:25.190+0000] {dagbag.py:588} INFO - Filling up the DagBag from /home/airflow/.local/lib/python3.12/site-packages/airflow/example_dags/tutorial.py
[2024-12-19T04:40:25.193+0000] {processor.py:925} INFO - DAG(s) 'tutorial' retrieved from /home/airflow/.local/lib/python3.12/site-packages/airflow/example_dags/tutorial.py
[2024-12-19T04:40:25.200+0000] {logging_mixin.py:190} INFO - [2024-12-19T04:40:25.200+0000] {dag.py:3239} INFO - Sync 1 DAGs
[2024-12-19T04:40:25.208+0000] {logging_mixin.py:190} INFO - [2024-12-19T04:40:25.208+0000] {dag.py:4180} INFO - Setting next_dagrun for tutorial to 2024-12-18 00:00:00+00:00, run_after=2024-12-19 00:00:00+00:00
[2024-12-19T04:40:25.213+0000] {processor.py:208} INFO - Processing /home/airflow/.local/lib/python3.12/site-packages/airflow/example_dags/tutorial.py took 0.027 seconds
[2024-12-19T04:40:56.182+0000] {processor.py:186} INFO - Started process (PID=4564) to work on /home/airflow/.local/lib/python3.12/site-packages/airflow/example_dags/tutorial.py
[2024-12-19T04:40:56.182+0000] {processor.py:914} INFO - Processing file /home/airflow/.local/lib/python3.12/site-packages/airflow/example_dags/tutorial.py for tasks to queue
[2024-12-19T04:40:56.183+0000] {logging_mixin.py:190} INFO - [2024-12-19T04:40:56.183+0000] {dagbag.py:588} INFO - Filling up the DagBag from /home/airflow/.local/lib/python3.12/site-packages/airflow/example_dags/tutorial.py
[2024-12-19T04:40:56.186+0000] {processor.py:925} INFO - DAG(s) 'tutorial' retrieved from /home/airflow/.local/lib/python3.12/site-packages/airflow/example_dags/tutorial.py
[2024-12-19T04:40:56.193+0000] {logging_mixin.py:190} INFO - [2024-12-19T04:40:56.193+0000] {dag.py:3239} INFO - Sync 1 DAGs
[2024-12-19T04:40:56.201+0000] {logging_mixin.py:190} INFO - [2024-12-19T04:40:56.201+0000] {dag.py:4180} INFO - Setting next_dagrun for tutorial to 2024-12-18 00:00:00+00:00, run_after=2024-12-19 00:00:00+00:00
[2024-12-19T04:40:56.207+0000] {processor.py:208} INFO - Processing /home/airflow/.local/lib/python3.12/site-packages/airflow/example_dags/tutorial.py took 0.027 seconds
[2024-12-19T04:41:27.263+0000] {processor.py:186} INFO - Started process (PID=4855) to work on /home/airflow/.local/lib/python3.12/site-packages/airflow/example_dags/tutorial.py
[2024-12-19T04:41:27.263+0000] {processor.py:914} INFO - Processing file /home/airflow/.local/lib/python3.12/site-packages/airflow/example_dags/tutorial.py for tasks to queue
[2024-12-19T04:41:27.264+0000] {logging_mixin.py:190} INFO - [2024-12-19T04:41:27.264+0000] {dagbag.py:588} INFO - Filling up the DagBag from /home/airflow/.local/lib/python3.12/site-packages/airflow/example_dags/tutorial.py
[2024-12-19T04:41:27.267+0000] {processor.py:925} INFO - DAG(s) 'tutorial' retrieved from /home/airflow/.local/lib/python3.12/site-packages/airflow/example_dags/tutorial.py
[2024-12-19T04:41:27.276+0000] {logging_mixin.py:190} INFO - [2024-12-19T04:41:27.276+0000] {dag.py:3239} INFO - Sync 1 DAGs
[2024-12-19T04:41:27.284+0000] {logging_mixin.py:190} INFO - [2024-12-19T04:41:27.284+0000] {dag.py:4180} INFO - Setting next_dagrun for tutorial to 2024-12-18 00:00:00+00:00, run_after=2024-12-19 00:00:00+00:00
[2024-12-19T04:41:27.290+0000] {processor.py:208} INFO - Processing /home/airflow/.local/lib/python3.12/site-packages/airflow/example_dags/tutorial.py took 0.031 seconds
[2024-12-19T04:41:58.320+0000] {processor.py:186} INFO - Started process (PID=5146) to work on /home/airflow/.local/lib/python3.12/site-packages/airflow/example_dags/tutorial.py
[2024-12-19T04:41:58.320+0000] {processor.py:914} INFO - Processing file /home/airflow/.local/lib/python3.12/site-packages/airflow/example_dags/tutorial.py for tasks to queue
[2024-12-19T04:41:58.321+0000] {logging_mixin.py:190} INFO - [2024-12-19T04:41:58.321+0000] {dagbag.py:588} INFO - Filling up the DagBag from /home/airflow/.local/lib/python3.12/site-packages/airflow/example_dags/tutorial.py
[2024-12-19T04:41:58.324+0000] {processor.py:925} INFO - DAG(s) 'tutorial' retrieved from /home/airflow/.local/lib/python3.12/site-packages/airflow/example_dags/tutorial.py
[2024-12-19T04:41:58.332+0000] {logging_mixin.py:190} INFO - [2024-12-19T04:41:58.332+0000] {dag.py:3239} INFO - Sync 1 DAGs
[2024-12-19T04:41:58.340+0000] {logging_mixin.py:190} INFO - [2024-12-19T04:41:58.340+0000] {dag.py:4180} INFO - Setting next_dagrun for tutorial to 2024-12-18 00:00:00+00:00, run_after=2024-12-19 00:00:00+00:00
[2024-12-19T04:41:58.346+0000] {processor.py:208} INFO - Processing /home/airflow/.local/lib/python3.12/site-packages/airflow/example_dags/tutorial.py took 0.028 seconds
[2024-12-19T04:55:19.215+0000] {processor.py:186} INFO - Started process (PID=5431) to work on /home/airflow/.local/lib/python3.12/site-packages/airflow/example_dags/tutorial.py
[2024-12-19T04:55:19.216+0000] {processor.py:914} INFO - Processing file /home/airflow/.local/lib/python3.12/site-packages/airflow/example_dags/tutorial.py for tasks to queue
[2024-12-19T04:55:19.217+0000] {logging_mixin.py:190} INFO - [2024-12-19T04:55:19.217+0000] {dagbag.py:588} INFO - Filling up the DagBag from /home/airflow/.local/lib/python3.12/site-packages/airflow/example_dags/tutorial.py
[2024-12-19T04:55:19.220+0000] {processor.py:925} INFO - DAG(s) 'tutorial' retrieved from /home/airflow/.local/lib/python3.12/site-packages/airflow/example_dags/tutorial.py
[2024-12-19T04:55:19.229+0000] {logging_mixin.py:190} INFO - [2024-12-19T04:55:19.229+0000] {dag.py:3239} INFO - Sync 1 DAGs
[2024-12-19T04:55:19.240+0000] {logging_mixin.py:190} INFO - [2024-12-19T04:55:19.240+0000] {dag.py:4180} INFO - Setting next_dagrun for tutorial to 2024-12-18 00:00:00+00:00, run_after=2024-12-19 00:00:00+00:00
[2024-12-19T04:55:19.246+0000] {processor.py:208} INFO - Processing /home/airflow/.local/lib/python3.12/site-packages/airflow/example_dags/tutorial.py took 0.034 seconds
[2024-12-19T04:55:49.507+0000] {processor.py:186} INFO - Started process (PID=5728) to work on /home/airflow/.local/lib/python3.12/site-packages/airflow/example_dags/tutorial.py
[2024-12-19T04:55:49.508+0000] {processor.py:914} INFO - Processing file /home/airflow/.local/lib/python3.12/site-packages/airflow/example_dags/tutorial.py for tasks to queue
[2024-12-19T04:55:49.509+0000] {logging_mixin.py:190} INFO - [2024-12-19T04:55:49.509+0000] {dagbag.py:588} INFO - Filling up the DagBag from /home/airflow/.local/lib/python3.12/site-packages/airflow/example_dags/tutorial.py
[2024-12-19T04:55:49.514+0000] {processor.py:925} INFO - DAG(s) 'tutorial' retrieved from /home/airflow/.local/lib/python3.12/site-packages/airflow/example_dags/tutorial.py
[2024-12-19T04:55:49.522+0000] {logging_mixin.py:190} INFO - [2024-12-19T04:55:49.522+0000] {dag.py:3239} INFO - Sync 1 DAGs
[2024-12-19T04:55:49.532+0000] {logging_mixin.py:190} INFO - [2024-12-19T04:55:49.532+0000] {dag.py:4180} INFO - Setting next_dagrun for tutorial to 2024-12-18 00:00:00+00:00, run_after=2024-12-19 00:00:00+00:00
[2024-12-19T04:55:49.540+0000] {processor.py:208} INFO - Processing /home/airflow/.local/lib/python3.12/site-packages/airflow/example_dags/tutorial.py took 0.035 seconds
[2024-12-19T04:56:19.560+0000] {processor.py:186} INFO - Started process (PID=6014) to work on /home/airflow/.local/lib/python3.12/site-packages/airflow/example_dags/tutorial.py
[2024-12-19T04:56:19.560+0000] {processor.py:914} INFO - Processing file /home/airflow/.local/lib/python3.12/site-packages/airflow/example_dags/tutorial.py for tasks to queue
[2024-12-19T04:56:19.562+0000] {logging_mixin.py:190} INFO - [2024-12-19T04:56:19.562+0000] {dagbag.py:588} INFO - Filling up the DagBag from /home/airflow/.local/lib/python3.12/site-packages/airflow/example_dags/tutorial.py
[2024-12-19T04:56:19.567+0000] {processor.py:925} INFO - DAG(s) 'tutorial' retrieved from /home/airflow/.local/lib/python3.12/site-packages/airflow/example_dags/tutorial.py
[2024-12-19T04:56:19.574+0000] {logging_mixin.py:190} INFO - [2024-12-19T04:56:19.574+0000] {dag.py:3239} INFO - Sync 1 DAGs
[2024-12-19T04:56:19.582+0000] {logging_mixin.py:190} INFO - [2024-12-19T04:56:19.582+0000] {dag.py:4180} INFO - Setting next_dagrun for tutorial to 2024-12-18 00:00:00+00:00, run_after=2024-12-19 00:00:00+00:00
[2024-12-19T04:56:19.588+0000] {processor.py:208} INFO - Processing /home/airflow/.local/lib/python3.12/site-packages/airflow/example_dags/tutorial.py took 0.030 seconds
[2024-12-19T04:56:49.607+0000] {processor.py:186} INFO - Started process (PID=6300) to work on /home/airflow/.local/lib/python3.12/site-packages/airflow/example_dags/tutorial.py
[2024-12-19T04:56:49.608+0000] {processor.py:914} INFO - Processing file /home/airflow/.local/lib/python3.12/site-packages/airflow/example_dags/tutorial.py for tasks to queue
[2024-12-19T04:56:49.609+0000] {logging_mixin.py:190} INFO - [2024-12-19T04:56:49.609+0000] {dagbag.py:588} INFO - Filling up the DagBag from /home/airflow/.local/lib/python3.12/site-packages/airflow/example_dags/tutorial.py
[2024-12-19T04:56:49.613+0000] {processor.py:925} INFO - DAG(s) 'tutorial' retrieved from /home/airflow/.local/lib/python3.12/site-packages/airflow/example_dags/tutorial.py
[2024-12-19T04:56:49.624+0000] {logging_mixin.py:190} INFO - [2024-12-19T04:56:49.624+0000] {dag.py:3239} INFO - Sync 1 DAGs
[2024-12-19T04:56:49.633+0000] {logging_mixin.py:190} INFO - [2024-12-19T04:56:49.632+0000] {dag.py:4180} INFO - Setting next_dagrun for tutorial to 2024-12-18 00:00:00+00:00, run_after=2024-12-19 00:00:00+00:00
[2024-12-19T04:56:49.643+0000] {processor.py:208} INFO - Processing /home/airflow/.local/lib/python3.12/site-packages/airflow/example_dags/tutorial.py took 0.037 seconds
[2024-12-19T04:57:19.947+0000] {processor.py:186} INFO - Started process (PID=6586) to work on /home/airflow/.local/lib/python3.12/site-packages/airflow/example_dags/tutorial.py
[2024-12-19T04:57:19.947+0000] {processor.py:914} INFO - Processing file /home/airflow/.local/lib/python3.12/site-packages/airflow/example_dags/tutorial.py for tasks to queue
[2024-12-19T04:57:19.949+0000] {logging_mixin.py:190} INFO - [2024-12-19T04:57:19.948+0000] {dagbag.py:588} INFO - Filling up the DagBag from /home/airflow/.local/lib/python3.12/site-packages/airflow/example_dags/tutorial.py
[2024-12-19T04:57:19.953+0000] {processor.py:925} INFO - DAG(s) 'tutorial' retrieved from /home/airflow/.local/lib/python3.12/site-packages/airflow/example_dags/tutorial.py
[2024-12-19T04:57:19.961+0000] {logging_mixin.py:190} INFO - [2024-12-19T04:57:19.961+0000] {dag.py:3239} INFO - Sync 1 DAGs
[2024-12-19T04:57:19.970+0000] {logging_mixin.py:190} INFO - [2024-12-19T04:57:19.970+0000] {dag.py:4180} INFO - Setting next_dagrun for tutorial to 2024-12-18 00:00:00+00:00, run_after=2024-12-19 00:00:00+00:00
[2024-12-19T04:57:19.976+0000] {processor.py:208} INFO - Processing /home/airflow/.local/lib/python3.12/site-packages/airflow/example_dags/tutorial.py took 0.031 seconds
[2024-12-19T04:57:50.183+0000] {processor.py:186} INFO - Started process (PID=6876) to work on /home/airflow/.local/lib/python3.12/site-packages/airflow/example_dags/tutorial.py
[2024-12-19T04:57:50.183+0000] {processor.py:914} INFO - Processing file /home/airflow/.local/lib/python3.12/site-packages/airflow/example_dags/tutorial.py for tasks to queue
[2024-12-19T04:57:50.184+0000] {logging_mixin.py:190} INFO - [2024-12-19T04:57:50.184+0000] {dagbag.py:588} INFO - Filling up the DagBag from /home/airflow/.local/lib/python3.12/site-packages/airflow/example_dags/tutorial.py
[2024-12-19T04:57:50.187+0000] {processor.py:925} INFO - DAG(s) 'tutorial' retrieved from /home/airflow/.local/lib/python3.12/site-packages/airflow/example_dags/tutorial.py
[2024-12-19T04:57:50.195+0000] {logging_mixin.py:190} INFO - [2024-12-19T04:57:50.195+0000] {dag.py:3239} INFO - Sync 1 DAGs
[2024-12-19T04:57:50.204+0000] {logging_mixin.py:190} INFO - [2024-12-19T04:57:50.204+0000] {dag.py:4180} INFO - Setting next_dagrun for tutorial to 2024-12-18 00:00:00+00:00, run_after=2024-12-19 00:00:00+00:00
[2024-12-19T04:57:50.210+0000] {processor.py:208} INFO - Processing /home/airflow/.local/lib/python3.12/site-packages/airflow/example_dags/tutorial.py took 0.030 seconds
[2024-12-19T04:58:20.686+0000] {processor.py:186} INFO - Started process (PID=7168) to work on /home/airflow/.local/lib/python3.12/site-packages/airflow/example_dags/tutorial.py
[2024-12-19T04:58:20.686+0000] {processor.py:914} INFO - Processing file /home/airflow/.local/lib/python3.12/site-packages/airflow/example_dags/tutorial.py for tasks to queue
[2024-12-19T04:58:20.688+0000] {logging_mixin.py:190} INFO - [2024-12-19T04:58:20.687+0000] {dagbag.py:588} INFO - Filling up the DagBag from /home/airflow/.local/lib/python3.12/site-packages/airflow/example_dags/tutorial.py
[2024-12-19T04:58:20.692+0000] {processor.py:925} INFO - DAG(s) 'tutorial' retrieved from /home/airflow/.local/lib/python3.12/site-packages/airflow/example_dags/tutorial.py
[2024-12-19T04:58:20.701+0000] {logging_mixin.py:190} INFO - [2024-12-19T04:58:20.701+0000] {dag.py:3239} INFO - Sync 1 DAGs
[2024-12-19T04:58:20.710+0000] {logging_mixin.py:190} INFO - [2024-12-19T04:58:20.710+0000] {dag.py:4180} INFO - Setting next_dagrun for tutorial to 2024-12-18 00:00:00+00:00, run_after=2024-12-19 00:00:00+00:00
[2024-12-19T04:58:20.723+0000] {processor.py:208} INFO - Processing /home/airflow/.local/lib/python3.12/site-packages/airflow/example_dags/tutorial.py took 0.040 seconds
[2024-12-19T04:58:50.933+0000] {processor.py:186} INFO - Started process (PID=7460) to work on /home/airflow/.local/lib/python3.12/site-packages/airflow/example_dags/tutorial.py
[2024-12-19T04:58:50.933+0000] {processor.py:914} INFO - Processing file /home/airflow/.local/lib/python3.12/site-packages/airflow/example_dags/tutorial.py for tasks to queue
[2024-12-19T04:58:50.934+0000] {logging_mixin.py:190} INFO - [2024-12-19T04:58:50.934+0000] {dagbag.py:588} INFO - Filling up the DagBag from /home/airflow/.local/lib/python3.12/site-packages/airflow/example_dags/tutorial.py
[2024-12-19T04:58:50.937+0000] {processor.py:925} INFO - DAG(s) 'tutorial' retrieved from /home/airflow/.local/lib/python3.12/site-packages/airflow/example_dags/tutorial.py
[2024-12-19T04:58:50.946+0000] {logging_mixin.py:190} INFO - [2024-12-19T04:58:50.946+0000] {dag.py:3239} INFO - Sync 1 DAGs
[2024-12-19T04:58:50.955+0000] {logging_mixin.py:190} INFO - [2024-12-19T04:58:50.955+0000] {dag.py:4180} INFO - Setting next_dagrun for tutorial to 2024-12-18 00:00:00+00:00, run_after=2024-12-19 00:00:00+00:00
[2024-12-19T04:58:50.963+0000] {processor.py:208} INFO - Processing /home/airflow/.local/lib/python3.12/site-packages/airflow/example_dags/tutorial.py took 0.032 seconds
[2024-12-19T04:59:21.072+0000] {processor.py:186} INFO - Started process (PID=7749) to work on /home/airflow/.local/lib/python3.12/site-packages/airflow/example_dags/tutorial.py
[2024-12-19T04:59:21.072+0000] {processor.py:914} INFO - Processing file /home/airflow/.local/lib/python3.12/site-packages/airflow/example_dags/tutorial.py for tasks to queue
[2024-12-19T04:59:21.073+0000] {logging_mixin.py:190} INFO - [2024-12-19T04:59:21.073+0000] {dagbag.py:588} INFO - Filling up the DagBag from /home/airflow/.local/lib/python3.12/site-packages/airflow/example_dags/tutorial.py
[2024-12-19T04:59:21.076+0000] {processor.py:925} INFO - DAG(s) 'tutorial' retrieved from /home/airflow/.local/lib/python3.12/site-packages/airflow/example_dags/tutorial.py
[2024-12-19T04:59:21.084+0000] {logging_mixin.py:190} INFO - [2024-12-19T04:59:21.084+0000] {dag.py:3239} INFO - Sync 1 DAGs
[2024-12-19T04:59:21.092+0000] {logging_mixin.py:190} INFO - [2024-12-19T04:59:21.092+0000] {dag.py:4180} INFO - Setting next_dagrun for tutorial to 2024-12-18 00:00:00+00:00, run_after=2024-12-19 00:00:00+00:00
[2024-12-19T04:59:21.102+0000] {processor.py:208} INFO - Processing /home/airflow/.local/lib/python3.12/site-packages/airflow/example_dags/tutorial.py took 0.032 seconds
[2024-12-19T04:59:51.292+0000] {processor.py:186} INFO - Started process (PID=8040) to work on /home/airflow/.local/lib/python3.12/site-packages/airflow/example_dags/tutorial.py
[2024-12-19T04:59:51.292+0000] {processor.py:914} INFO - Processing file /home/airflow/.local/lib/python3.12/site-packages/airflow/example_dags/tutorial.py for tasks to queue
[2024-12-19T04:59:51.295+0000] {logging_mixin.py:190} INFO - [2024-12-19T04:59:51.295+0000] {dagbag.py:588} INFO - Filling up the DagBag from /home/airflow/.local/lib/python3.12/site-packages/airflow/example_dags/tutorial.py
[2024-12-19T04:59:51.298+0000] {processor.py:925} INFO - DAG(s) 'tutorial' retrieved from /home/airflow/.local/lib/python3.12/site-packages/airflow/example_dags/tutorial.py
[2024-12-19T04:59:51.306+0000] {logging_mixin.py:190} INFO - [2024-12-19T04:59:51.306+0000] {dag.py:3239} INFO - Sync 1 DAGs
[2024-12-19T04:59:51.314+0000] {logging_mixin.py:190} INFO - [2024-12-19T04:59:51.314+0000] {dag.py:4180} INFO - Setting next_dagrun for tutorial to 2024-12-18 00:00:00+00:00, run_after=2024-12-19 00:00:00+00:00
[2024-12-19T04:59:51.321+0000] {processor.py:208} INFO - Processing /home/airflow/.local/lib/python3.12/site-packages/airflow/example_dags/tutorial.py took 0.031 seconds
[2024-12-19T05:00:21.866+0000] {processor.py:186} INFO - Started process (PID=8331) to work on /home/airflow/.local/lib/python3.12/site-packages/airflow/example_dags/tutorial.py
[2024-12-19T05:00:21.870+0000] {processor.py:914} INFO - Processing file /home/airflow/.local/lib/python3.12/site-packages/airflow/example_dags/tutorial.py for tasks to queue
[2024-12-19T05:00:21.871+0000] {logging_mixin.py:190} INFO - [2024-12-19T05:00:21.871+0000] {dagbag.py:588} INFO - Filling up the DagBag from /home/airflow/.local/lib/python3.12/site-packages/airflow/example_dags/tutorial.py
[2024-12-19T05:00:21.874+0000] {processor.py:925} INFO - DAG(s) 'tutorial' retrieved from /home/airflow/.local/lib/python3.12/site-packages/airflow/example_dags/tutorial.py
[2024-12-19T05:00:21.883+0000] {logging_mixin.py:190} INFO - [2024-12-19T05:00:21.883+0000] {dag.py:3239} INFO - Sync 1 DAGs
[2024-12-19T05:00:21.891+0000] {logging_mixin.py:190} INFO - [2024-12-19T05:00:21.891+0000] {dag.py:4180} INFO - Setting next_dagrun for tutorial to 2024-12-18 00:00:00+00:00, run_after=2024-12-19 00:00:00+00:00
[2024-12-19T05:00:21.899+0000] {processor.py:208} INFO - Processing /home/airflow/.local/lib/python3.12/site-packages/airflow/example_dags/tutorial.py took 0.036 seconds
[2024-12-19T05:00:52.146+0000] {processor.py:186} INFO - Started process (PID=8622) to work on /home/airflow/.local/lib/python3.12/site-packages/airflow/example_dags/tutorial.py
[2024-12-19T05:00:52.146+0000] {processor.py:914} INFO - Processing file /home/airflow/.local/lib/python3.12/site-packages/airflow/example_dags/tutorial.py for tasks to queue
[2024-12-19T05:00:52.147+0000] {logging_mixin.py:190} INFO - [2024-12-19T05:00:52.147+0000] {dagbag.py:588} INFO - Filling up the DagBag from /home/airflow/.local/lib/python3.12/site-packages/airflow/example_dags/tutorial.py
[2024-12-19T05:00:52.152+0000] {processor.py:925} INFO - DAG(s) 'tutorial' retrieved from /home/airflow/.local/lib/python3.12/site-packages/airflow/example_dags/tutorial.py
[2024-12-19T05:00:52.161+0000] {logging_mixin.py:190} INFO - [2024-12-19T05:00:52.161+0000] {dag.py:3239} INFO - Sync 1 DAGs
[2024-12-19T05:00:52.169+0000] {logging_mixin.py:190} INFO - [2024-12-19T05:00:52.169+0000] {dag.py:4180} INFO - Setting next_dagrun for tutorial to 2024-12-18 00:00:00+00:00, run_after=2024-12-19 00:00:00+00:00
[2024-12-19T05:00:52.178+0000] {processor.py:208} INFO - Processing /home/airflow/.local/lib/python3.12/site-packages/airflow/example_dags/tutorial.py took 0.035 seconds
[2024-12-19T05:01:22.558+0000] {processor.py:186} INFO - Started process (PID=8913) to work on /home/airflow/.local/lib/python3.12/site-packages/airflow/example_dags/tutorial.py
[2024-12-19T05:01:22.559+0000] {processor.py:914} INFO - Processing file /home/airflow/.local/lib/python3.12/site-packages/airflow/example_dags/tutorial.py for tasks to queue
[2024-12-19T05:01:22.560+0000] {logging_mixin.py:190} INFO - [2024-12-19T05:01:22.560+0000] {dagbag.py:588} INFO - Filling up the DagBag from /home/airflow/.local/lib/python3.12/site-packages/airflow/example_dags/tutorial.py
[2024-12-19T05:01:22.563+0000] {processor.py:925} INFO - DAG(s) 'tutorial' retrieved from /home/airflow/.local/lib/python3.12/site-packages/airflow/example_dags/tutorial.py
[2024-12-19T05:01:22.571+0000] {logging_mixin.py:190} INFO - [2024-12-19T05:01:22.571+0000] {dag.py:3239} INFO - Sync 1 DAGs
[2024-12-19T05:01:22.580+0000] {logging_mixin.py:190} INFO - [2024-12-19T05:01:22.580+0000] {dag.py:4180} INFO - Setting next_dagrun for tutorial to 2024-12-18 00:00:00+00:00, run_after=2024-12-19 00:00:00+00:00
[2024-12-19T05:01:22.587+0000] {processor.py:208} INFO - Processing /home/airflow/.local/lib/python3.12/site-packages/airflow/example_dags/tutorial.py took 0.031 seconds
[2024-12-19T05:01:52.835+0000] {processor.py:186} INFO - Started process (PID=9204) to work on /home/airflow/.local/lib/python3.12/site-packages/airflow/example_dags/tutorial.py
[2024-12-19T05:01:52.836+0000] {processor.py:914} INFO - Processing file /home/airflow/.local/lib/python3.12/site-packages/airflow/example_dags/tutorial.py for tasks to queue
[2024-12-19T05:01:52.837+0000] {logging_mixin.py:190} INFO - [2024-12-19T05:01:52.837+0000] {dagbag.py:588} INFO - Filling up the DagBag from /home/airflow/.local/lib/python3.12/site-packages/airflow/example_dags/tutorial.py
[2024-12-19T05:01:52.841+0000] {processor.py:925} INFO - DAG(s) 'tutorial' retrieved from /home/airflow/.local/lib/python3.12/site-packages/airflow/example_dags/tutorial.py
[2024-12-19T05:01:52.849+0000] {logging_mixin.py:190} INFO - [2024-12-19T05:01:52.849+0000] {dag.py:3239} INFO - Sync 1 DAGs
[2024-12-19T05:01:52.859+0000] {logging_mixin.py:190} INFO - [2024-12-19T05:01:52.859+0000] {dag.py:4180} INFO - Setting next_dagrun for tutorial to 2024-12-18 00:00:00+00:00, run_after=2024-12-19 00:00:00+00:00
[2024-12-19T05:01:52.868+0000] {processor.py:208} INFO - Processing /home/airflow/.local/lib/python3.12/site-packages/airflow/example_dags/tutorial.py took 0.036 seconds
[2024-12-19T05:02:23.184+0000] {processor.py:186} INFO - Started process (PID=9497) to work on /home/airflow/.local/lib/python3.12/site-packages/airflow/example_dags/tutorial.py
[2024-12-19T05:02:23.184+0000] {processor.py:914} INFO - Processing file /home/airflow/.local/lib/python3.12/site-packages/airflow/example_dags/tutorial.py for tasks to queue
[2024-12-19T05:02:23.185+0000] {logging_mixin.py:190} INFO - [2024-12-19T05:02:23.185+0000] {dagbag.py:588} INFO - Filling up the DagBag from /home/airflow/.local/lib/python3.12/site-packages/airflow/example_dags/tutorial.py
[2024-12-19T05:02:23.190+0000] {processor.py:925} INFO - DAG(s) 'tutorial' retrieved from /home/airflow/.local/lib/python3.12/site-packages/airflow/example_dags/tutorial.py
[2024-12-19T05:02:23.199+0000] {logging_mixin.py:190} INFO - [2024-12-19T05:02:23.199+0000] {dag.py:3239} INFO - Sync 1 DAGs
[2024-12-19T05:02:23.212+0000] {logging_mixin.py:190} INFO - [2024-12-19T05:02:23.211+0000] {dag.py:4180} INFO - Setting next_dagrun for tutorial to 2024-12-18 00:00:00+00:00, run_after=2024-12-19 00:00:00+00:00
[2024-12-19T05:02:23.217+0000] {processor.py:208} INFO - Processing /home/airflow/.local/lib/python3.12/site-packages/airflow/example_dags/tutorial.py took 0.036 seconds
[2024-12-19T05:02:53.563+0000] {processor.py:186} INFO - Started process (PID=9786) to work on /home/airflow/.local/lib/python3.12/site-packages/airflow/example_dags/tutorial.py
[2024-12-19T05:02:53.564+0000] {processor.py:914} INFO - Processing file /home/airflow/.local/lib/python3.12/site-packages/airflow/example_dags/tutorial.py for tasks to queue
[2024-12-19T05:02:53.566+0000] {logging_mixin.py:190} INFO - [2024-12-19T05:02:53.566+0000] {dagbag.py:588} INFO - Filling up the DagBag from /home/airflow/.local/lib/python3.12/site-packages/airflow/example_dags/tutorial.py
[2024-12-19T05:02:53.571+0000] {processor.py:925} INFO - DAG(s) 'tutorial' retrieved from /home/airflow/.local/lib/python3.12/site-packages/airflow/example_dags/tutorial.py
[2024-12-19T05:02:53.582+0000] {logging_mixin.py:190} INFO - [2024-12-19T05:02:53.582+0000] {dag.py:3239} INFO - Sync 1 DAGs
[2024-12-19T05:02:53.591+0000] {logging_mixin.py:190} INFO - [2024-12-19T05:02:53.591+0000] {dag.py:4180} INFO - Setting next_dagrun for tutorial to 2024-12-18 00:00:00+00:00, run_after=2024-12-19 00:00:00+00:00
[2024-12-19T05:02:53.600+0000] {processor.py:208} INFO - Processing /home/airflow/.local/lib/python3.12/site-packages/airflow/example_dags/tutorial.py took 0.040 seconds
[2024-12-19T05:03:23.996+0000] {processor.py:186} INFO - Started process (PID=10077) to work on /home/airflow/.local/lib/python3.12/site-packages/airflow/example_dags/tutorial.py
[2024-12-19T05:03:23.996+0000] {processor.py:914} INFO - Processing file /home/airflow/.local/lib/python3.12/site-packages/airflow/example_dags/tutorial.py for tasks to queue
[2024-12-19T05:03:23.997+0000] {logging_mixin.py:190} INFO - [2024-12-19T05:03:23.997+0000] {dagbag.py:588} INFO - Filling up the DagBag from /home/airflow/.local/lib/python3.12/site-packages/airflow/example_dags/tutorial.py
[2024-12-19T05:03:24.001+0000] {processor.py:925} INFO - DAG(s) 'tutorial' retrieved from /home/airflow/.local/lib/python3.12/site-packages/airflow/example_dags/tutorial.py
[2024-12-19T05:03:24.010+0000] {logging_mixin.py:190} INFO - [2024-12-19T05:03:24.010+0000] {dag.py:3239} INFO - Sync 1 DAGs
[2024-12-19T05:03:24.019+0000] {logging_mixin.py:190} INFO - [2024-12-19T05:03:24.019+0000] {dag.py:4180} INFO - Setting next_dagrun for tutorial to 2024-12-18 00:00:00+00:00, run_after=2024-12-19 00:00:00+00:00
[2024-12-19T05:03:24.026+0000] {processor.py:208} INFO - Processing /home/airflow/.local/lib/python3.12/site-packages/airflow/example_dags/tutorial.py took 0.033 seconds
[2024-12-19T05:03:54.257+0000] {processor.py:186} INFO - Started process (PID=10368) to work on /home/airflow/.local/lib/python3.12/site-packages/airflow/example_dags/tutorial.py
[2024-12-19T05:03:54.259+0000] {processor.py:914} INFO - Processing file /home/airflow/.local/lib/python3.12/site-packages/airflow/example_dags/tutorial.py for tasks to queue
[2024-12-19T05:03:54.260+0000] {logging_mixin.py:190} INFO - [2024-12-19T05:03:54.260+0000] {dagbag.py:588} INFO - Filling up the DagBag from /home/airflow/.local/lib/python3.12/site-packages/airflow/example_dags/tutorial.py
[2024-12-19T05:03:54.263+0000] {processor.py:925} INFO - DAG(s) 'tutorial' retrieved from /home/airflow/.local/lib/python3.12/site-packages/airflow/example_dags/tutorial.py
[2024-12-19T05:03:54.272+0000] {logging_mixin.py:190} INFO - [2024-12-19T05:03:54.271+0000] {dag.py:3239} INFO - Sync 1 DAGs
[2024-12-19T05:03:54.281+0000] {logging_mixin.py:190} INFO - [2024-12-19T05:03:54.281+0000] {dag.py:4180} INFO - Setting next_dagrun for tutorial to 2024-12-18 00:00:00+00:00, run_after=2024-12-19 00:00:00+00:00
[2024-12-19T05:03:54.292+0000] {processor.py:208} INFO - Processing /home/airflow/.local/lib/python3.12/site-packages/airflow/example_dags/tutorial.py took 0.037 seconds
[2024-12-19T05:04:24.522+0000] {processor.py:186} INFO - Started process (PID=10661) to work on /home/airflow/.local/lib/python3.12/site-packages/airflow/example_dags/tutorial.py
[2024-12-19T05:04:24.522+0000] {processor.py:914} INFO - Processing file /home/airflow/.local/lib/python3.12/site-packages/airflow/example_dags/tutorial.py for tasks to queue
[2024-12-19T05:04:24.523+0000] {logging_mixin.py:190} INFO - [2024-12-19T05:04:24.523+0000] {dagbag.py:588} INFO - Filling up the DagBag from /home/airflow/.local/lib/python3.12/site-packages/airflow/example_dags/tutorial.py
[2024-12-19T05:04:24.526+0000] {processor.py:925} INFO - DAG(s) 'tutorial' retrieved from /home/airflow/.local/lib/python3.12/site-packages/airflow/example_dags/tutorial.py
[2024-12-19T05:04:24.536+0000] {logging_mixin.py:190} INFO - [2024-12-19T05:04:24.536+0000] {dag.py:3239} INFO - Sync 1 DAGs
[2024-12-19T05:04:24.544+0000] {logging_mixin.py:190} INFO - [2024-12-19T05:04:24.544+0000] {dag.py:4180} INFO - Setting next_dagrun for tutorial to 2024-12-18 00:00:00+00:00, run_after=2024-12-19 00:00:00+00:00
[2024-12-19T05:04:24.554+0000] {processor.py:208} INFO - Processing /home/airflow/.local/lib/python3.12/site-packages/airflow/example_dags/tutorial.py took 0.035 seconds
[2024-12-19T05:04:54.771+0000] {processor.py:186} INFO - Started process (PID=10950) to work on /home/airflow/.local/lib/python3.12/site-packages/airflow/example_dags/tutorial.py
[2024-12-19T05:04:54.772+0000] {processor.py:914} INFO - Processing file /home/airflow/.local/lib/python3.12/site-packages/airflow/example_dags/tutorial.py for tasks to queue
[2024-12-19T05:04:54.773+0000] {logging_mixin.py:190} INFO - [2024-12-19T05:04:54.773+0000] {dagbag.py:588} INFO - Filling up the DagBag from /home/airflow/.local/lib/python3.12/site-packages/airflow/example_dags/tutorial.py
[2024-12-19T05:04:54.778+0000] {processor.py:925} INFO - DAG(s) 'tutorial' retrieved from /home/airflow/.local/lib/python3.12/site-packages/airflow/example_dags/tutorial.py
[2024-12-19T05:04:54.787+0000] {logging_mixin.py:190} INFO - [2024-12-19T05:04:54.787+0000] {dag.py:3239} INFO - Sync 1 DAGs
[2024-12-19T05:04:54.797+0000] {logging_mixin.py:190} INFO - [2024-12-19T05:04:54.797+0000] {dag.py:4180} INFO - Setting next_dagrun for tutorial to 2024-12-18 00:00:00+00:00, run_after=2024-12-19 00:00:00+00:00
[2024-12-19T05:04:54.806+0000] {processor.py:208} INFO - Processing /home/airflow/.local/lib/python3.12/site-packages/airflow/example_dags/tutorial.py took 0.038 seconds
[2024-12-19T05:05:25.053+0000] {processor.py:186} INFO - Started process (PID=11241) to work on /home/airflow/.local/lib/python3.12/site-packages/airflow/example_dags/tutorial.py
[2024-12-19T05:05:25.056+0000] {processor.py:914} INFO - Processing file /home/airflow/.local/lib/python3.12/site-packages/airflow/example_dags/tutorial.py for tasks to queue
[2024-12-19T05:05:25.058+0000] {logging_mixin.py:190} INFO - [2024-12-19T05:05:25.057+0000] {dagbag.py:588} INFO - Filling up the DagBag from /home/airflow/.local/lib/python3.12/site-packages/airflow/example_dags/tutorial.py
[2024-12-19T05:05:25.062+0000] {processor.py:925} INFO - DAG(s) 'tutorial' retrieved from /home/airflow/.local/lib/python3.12/site-packages/airflow/example_dags/tutorial.py
[2024-12-19T05:05:25.071+0000] {logging_mixin.py:190} INFO - [2024-12-19T05:05:25.071+0000] {dag.py:3239} INFO - Sync 1 DAGs
[2024-12-19T05:05:25.080+0000] {logging_mixin.py:190} INFO - [2024-12-19T05:05:25.080+0000] {dag.py:4180} INFO - Setting next_dagrun for tutorial to 2024-12-18 00:00:00+00:00, run_after=2024-12-19 00:00:00+00:00
[2024-12-19T05:05:25.088+0000] {processor.py:208} INFO - Processing /home/airflow/.local/lib/python3.12/site-packages/airflow/example_dags/tutorial.py took 0.038 seconds
[2024-12-19T05:05:55.546+0000] {processor.py:186} INFO - Started process (PID=11532) to work on /home/airflow/.local/lib/python3.12/site-packages/airflow/example_dags/tutorial.py
[2024-12-19T05:05:55.547+0000] {processor.py:914} INFO - Processing file /home/airflow/.local/lib/python3.12/site-packages/airflow/example_dags/tutorial.py for tasks to queue
[2024-12-19T05:05:55.548+0000] {logging_mixin.py:190} INFO - [2024-12-19T05:05:55.548+0000] {dagbag.py:588} INFO - Filling up the DagBag from /home/airflow/.local/lib/python3.12/site-packages/airflow/example_dags/tutorial.py
[2024-12-19T05:05:55.553+0000] {processor.py:925} INFO - DAG(s) 'tutorial' retrieved from /home/airflow/.local/lib/python3.12/site-packages/airflow/example_dags/tutorial.py
[2024-12-19T05:05:55.561+0000] {logging_mixin.py:190} INFO - [2024-12-19T05:05:55.561+0000] {dag.py:3239} INFO - Sync 1 DAGs
[2024-12-19T05:05:55.571+0000] {logging_mixin.py:190} INFO - [2024-12-19T05:05:55.570+0000] {dag.py:4180} INFO - Setting next_dagrun for tutorial to 2024-12-18 00:00:00+00:00, run_after=2024-12-19 00:00:00+00:00
[2024-12-19T05:05:55.577+0000] {processor.py:208} INFO - Processing /home/airflow/.local/lib/python3.12/site-packages/airflow/example_dags/tutorial.py took 0.034 seconds
[2024-12-19T05:06:25.841+0000] {processor.py:186} INFO - Started process (PID=11823) to work on /home/airflow/.local/lib/python3.12/site-packages/airflow/example_dags/tutorial.py
[2024-12-19T05:06:25.842+0000] {processor.py:914} INFO - Processing file /home/airflow/.local/lib/python3.12/site-packages/airflow/example_dags/tutorial.py for tasks to queue
[2024-12-19T05:06:25.843+0000] {logging_mixin.py:190} INFO - [2024-12-19T05:06:25.843+0000] {dagbag.py:588} INFO - Filling up the DagBag from /home/airflow/.local/lib/python3.12/site-packages/airflow/example_dags/tutorial.py
[2024-12-19T05:06:25.848+0000] {processor.py:925} INFO - DAG(s) 'tutorial' retrieved from /home/airflow/.local/lib/python3.12/site-packages/airflow/example_dags/tutorial.py
[2024-12-19T05:06:25.859+0000] {logging_mixin.py:190} INFO - [2024-12-19T05:06:25.858+0000] {dag.py:3239} INFO - Sync 1 DAGs
[2024-12-19T05:06:25.868+0000] {logging_mixin.py:190} INFO - [2024-12-19T05:06:25.868+0000] {dag.py:4180} INFO - Setting next_dagrun for tutorial to 2024-12-18 00:00:00+00:00, run_after=2024-12-19 00:00:00+00:00
[2024-12-19T05:06:25.876+0000] {processor.py:208} INFO - Processing /home/airflow/.local/lib/python3.12/site-packages/airflow/example_dags/tutorial.py took 0.038 seconds
[2024-12-19T05:06:56.096+0000] {processor.py:186} INFO - Started process (PID=12114) to work on /home/airflow/.local/lib/python3.12/site-packages/airflow/example_dags/tutorial.py
[2024-12-19T05:06:56.097+0000] {processor.py:914} INFO - Processing file /home/airflow/.local/lib/python3.12/site-packages/airflow/example_dags/tutorial.py for tasks to queue
[2024-12-19T05:06:56.098+0000] {logging_mixin.py:190} INFO - [2024-12-19T05:06:56.098+0000] {dagbag.py:588} INFO - Filling up the DagBag from /home/airflow/.local/lib/python3.12/site-packages/airflow/example_dags/tutorial.py
[2024-12-19T05:06:56.102+0000] {processor.py:925} INFO - DAG(s) 'tutorial' retrieved from /home/airflow/.local/lib/python3.12/site-packages/airflow/example_dags/tutorial.py
[2024-12-19T05:06:56.112+0000] {logging_mixin.py:190} INFO - [2024-12-19T05:06:56.112+0000] {dag.py:3239} INFO - Sync 1 DAGs
[2024-12-19T05:06:56.122+0000] {logging_mixin.py:190} INFO - [2024-12-19T05:06:56.122+0000] {dag.py:4180} INFO - Setting next_dagrun for tutorial to 2024-12-18 00:00:00+00:00, run_after=2024-12-19 00:00:00+00:00
[2024-12-19T05:06:56.129+0000] {processor.py:208} INFO - Processing /home/airflow/.local/lib/python3.12/site-packages/airflow/example_dags/tutorial.py took 0.036 seconds
[2024-12-19T05:07:26.527+0000] {processor.py:186} INFO - Started process (PID=12406) to work on /home/airflow/.local/lib/python3.12/site-packages/airflow/example_dags/tutorial.py
[2024-12-19T05:07:26.528+0000] {processor.py:914} INFO - Processing file /home/airflow/.local/lib/python3.12/site-packages/airflow/example_dags/tutorial.py for tasks to queue
[2024-12-19T05:07:26.528+0000] {logging_mixin.py:190} INFO - [2024-12-19T05:07:26.528+0000] {dagbag.py:588} INFO - Filling up the DagBag from /home/airflow/.local/lib/python3.12/site-packages/airflow/example_dags/tutorial.py
[2024-12-19T05:07:26.534+0000] {processor.py:925} INFO - DAG(s) 'tutorial' retrieved from /home/airflow/.local/lib/python3.12/site-packages/airflow/example_dags/tutorial.py
[2024-12-19T05:07:26.543+0000] {logging_mixin.py:190} INFO - [2024-12-19T05:07:26.543+0000] {dag.py:3239} INFO - Sync 1 DAGs
[2024-12-19T05:07:26.553+0000] {logging_mixin.py:190} INFO - [2024-12-19T05:07:26.553+0000] {dag.py:4180} INFO - Setting next_dagrun for tutorial to 2024-12-18 00:00:00+00:00, run_after=2024-12-19 00:00:00+00:00
[2024-12-19T05:07:26.564+0000] {processor.py:208} INFO - Processing /home/airflow/.local/lib/python3.12/site-packages/airflow/example_dags/tutorial.py took 0.040 seconds
[2024-12-19T05:07:57.240+0000] {processor.py:186} INFO - Started process (PID=12697) to work on /home/airflow/.local/lib/python3.12/site-packages/airflow/example_dags/tutorial.py
[2024-12-19T05:07:57.243+0000] {processor.py:914} INFO - Processing file /home/airflow/.local/lib/python3.12/site-packages/airflow/example_dags/tutorial.py for tasks to queue
[2024-12-19T05:07:57.244+0000] {logging_mixin.py:190} INFO - [2024-12-19T05:07:57.244+0000] {dagbag.py:588} INFO - Filling up the DagBag from /home/airflow/.local/lib/python3.12/site-packages/airflow/example_dags/tutorial.py
[2024-12-19T05:07:57.248+0000] {processor.py:925} INFO - DAG(s) 'tutorial' retrieved from /home/airflow/.local/lib/python3.12/site-packages/airflow/example_dags/tutorial.py
[2024-12-19T05:07:57.257+0000] {logging_mixin.py:190} INFO - [2024-12-19T05:07:57.257+0000] {dag.py:3239} INFO - Sync 1 DAGs
[2024-12-19T05:07:57.266+0000] {logging_mixin.py:190} INFO - [2024-12-19T05:07:57.266+0000] {dag.py:4180} INFO - Setting next_dagrun for tutorial to 2024-12-18 00:00:00+00:00, run_after=2024-12-19 00:00:00+00:00
[2024-12-19T05:07:57.272+0000] {processor.py:208} INFO - Processing /home/airflow/.local/lib/python3.12/site-packages/airflow/example_dags/tutorial.py took 0.035 seconds
[2024-12-19T05:08:27.519+0000] {processor.py:186} INFO - Started process (PID=12988) to work on /home/airflow/.local/lib/python3.12/site-packages/airflow/example_dags/tutorial.py
[2024-12-19T05:08:27.519+0000] {processor.py:914} INFO - Processing file /home/airflow/.local/lib/python3.12/site-packages/airflow/example_dags/tutorial.py for tasks to queue
[2024-12-19T05:08:27.520+0000] {logging_mixin.py:190} INFO - [2024-12-19T05:08:27.520+0000] {dagbag.py:588} INFO - Filling up the DagBag from /home/airflow/.local/lib/python3.12/site-packages/airflow/example_dags/tutorial.py
[2024-12-19T05:08:27.523+0000] {processor.py:925} INFO - DAG(s) 'tutorial' retrieved from /home/airflow/.local/lib/python3.12/site-packages/airflow/example_dags/tutorial.py
[2024-12-19T05:08:27.531+0000] {logging_mixin.py:190} INFO - [2024-12-19T05:08:27.531+0000] {dag.py:3239} INFO - Sync 1 DAGs
[2024-12-19T05:08:27.540+0000] {logging_mixin.py:190} INFO - [2024-12-19T05:08:27.540+0000] {dag.py:4180} INFO - Setting next_dagrun for tutorial to 2024-12-18 00:00:00+00:00, run_after=2024-12-19 00:00:00+00:00
[2024-12-19T05:08:27.546+0000] {processor.py:208} INFO - Processing /home/airflow/.local/lib/python3.12/site-packages/airflow/example_dags/tutorial.py took 0.030 seconds
[2024-12-19T05:08:57.678+0000] {processor.py:186} INFO - Started process (PID=13279) to work on /home/airflow/.local/lib/python3.12/site-packages/airflow/example_dags/tutorial.py
[2024-12-19T05:08:57.679+0000] {processor.py:914} INFO - Processing file /home/airflow/.local/lib/python3.12/site-packages/airflow/example_dags/tutorial.py for tasks to queue
[2024-12-19T05:08:57.680+0000] {logging_mixin.py:190} INFO - [2024-12-19T05:08:57.680+0000] {dagbag.py:588} INFO - Filling up the DagBag from /home/airflow/.local/lib/python3.12/site-packages/airflow/example_dags/tutorial.py
[2024-12-19T05:08:57.683+0000] {processor.py:925} INFO - DAG(s) 'tutorial' retrieved from /home/airflow/.local/lib/python3.12/site-packages/airflow/example_dags/tutorial.py
[2024-12-19T05:08:57.691+0000] {logging_mixin.py:190} INFO - [2024-12-19T05:08:57.691+0000] {dag.py:3239} INFO - Sync 1 DAGs
[2024-12-19T05:08:57.699+0000] {logging_mixin.py:190} INFO - [2024-12-19T05:08:57.699+0000] {dag.py:4180} INFO - Setting next_dagrun for tutorial to 2024-12-18 00:00:00+00:00, run_after=2024-12-19 00:00:00+00:00
[2024-12-19T05:08:57.705+0000] {processor.py:208} INFO - Processing /home/airflow/.local/lib/python3.12/site-packages/airflow/example_dags/tutorial.py took 0.029 seconds
[2024-12-19T05:09:27.902+0000] {processor.py:186} INFO - Started process (PID=13565) to work on /home/airflow/.local/lib/python3.12/site-packages/airflow/example_dags/tutorial.py
[2024-12-19T05:09:27.905+0000] {processor.py:914} INFO - Processing file /home/airflow/.local/lib/python3.12/site-packages/airflow/example_dags/tutorial.py for tasks to queue
[2024-12-19T05:09:27.906+0000] {logging_mixin.py:190} INFO - [2024-12-19T05:09:27.905+0000] {dagbag.py:588} INFO - Filling up the DagBag from /home/airflow/.local/lib/python3.12/site-packages/airflow/example_dags/tutorial.py
[2024-12-19T05:09:27.909+0000] {processor.py:925} INFO - DAG(s) 'tutorial' retrieved from /home/airflow/.local/lib/python3.12/site-packages/airflow/example_dags/tutorial.py
[2024-12-19T05:09:27.918+0000] {logging_mixin.py:190} INFO - [2024-12-19T05:09:27.918+0000] {dag.py:3239} INFO - Sync 1 DAGs
[2024-12-19T05:09:27.927+0000] {logging_mixin.py:190} INFO - [2024-12-19T05:09:27.927+0000] {dag.py:4180} INFO - Setting next_dagrun for tutorial to 2024-12-18 00:00:00+00:00, run_after=2024-12-19 00:00:00+00:00
[2024-12-19T05:09:27.933+0000] {processor.py:208} INFO - Processing /home/airflow/.local/lib/python3.12/site-packages/airflow/example_dags/tutorial.py took 0.034 seconds
[2024-12-19T05:09:58.073+0000] {processor.py:186} INFO - Started process (PID=13856) to work on /home/airflow/.local/lib/python3.12/site-packages/airflow/example_dags/tutorial.py
[2024-12-19T05:09:58.073+0000] {processor.py:914} INFO - Processing file /home/airflow/.local/lib/python3.12/site-packages/airflow/example_dags/tutorial.py for tasks to queue
[2024-12-19T05:09:58.074+0000] {logging_mixin.py:190} INFO - [2024-12-19T05:09:58.074+0000] {dagbag.py:588} INFO - Filling up the DagBag from /home/airflow/.local/lib/python3.12/site-packages/airflow/example_dags/tutorial.py
[2024-12-19T05:09:58.078+0000] {processor.py:925} INFO - DAG(s) 'tutorial' retrieved from /home/airflow/.local/lib/python3.12/site-packages/airflow/example_dags/tutorial.py
[2024-12-19T05:09:58.088+0000] {logging_mixin.py:190} INFO - [2024-12-19T05:09:58.087+0000] {dag.py:3239} INFO - Sync 1 DAGs
[2024-12-19T05:09:58.097+0000] {logging_mixin.py:190} INFO - [2024-12-19T05:09:58.097+0000] {dag.py:4180} INFO - Setting next_dagrun for tutorial to 2024-12-18 00:00:00+00:00, run_after=2024-12-19 00:00:00+00:00
[2024-12-19T05:09:58.105+0000] {processor.py:208} INFO - Processing /home/airflow/.local/lib/python3.12/site-packages/airflow/example_dags/tutorial.py took 0.035 seconds
[2024-12-19T05:10:28.382+0000] {processor.py:186} INFO - Started process (PID=14147) to work on /home/airflow/.local/lib/python3.12/site-packages/airflow/example_dags/tutorial.py
[2024-12-19T05:10:28.382+0000] {processor.py:914} INFO - Processing file /home/airflow/.local/lib/python3.12/site-packages/airflow/example_dags/tutorial.py for tasks to queue
[2024-12-19T05:10:28.384+0000] {logging_mixin.py:190} INFO - [2024-12-19T05:10:28.383+0000] {dagbag.py:588} INFO - Filling up the DagBag from /home/airflow/.local/lib/python3.12/site-packages/airflow/example_dags/tutorial.py
[2024-12-19T05:10:28.387+0000] {processor.py:925} INFO - DAG(s) 'tutorial' retrieved from /home/airflow/.local/lib/python3.12/site-packages/airflow/example_dags/tutorial.py
[2024-12-19T05:10:28.395+0000] {logging_mixin.py:190} INFO - [2024-12-19T05:10:28.395+0000] {dag.py:3239} INFO - Sync 1 DAGs
[2024-12-19T05:10:28.403+0000] {logging_mixin.py:190} INFO - [2024-12-19T05:10:28.403+0000] {dag.py:4180} INFO - Setting next_dagrun for tutorial to 2024-12-18 00:00:00+00:00, run_after=2024-12-19 00:00:00+00:00
[2024-12-19T05:10:28.409+0000] {processor.py:208} INFO - Processing /home/airflow/.local/lib/python3.12/site-packages/airflow/example_dags/tutorial.py took 0.029 seconds
[2024-12-19T05:10:58.608+0000] {processor.py:186} INFO - Started process (PID=14438) to work on /home/airflow/.local/lib/python3.12/site-packages/airflow/example_dags/tutorial.py
[2024-12-19T05:10:58.609+0000] {processor.py:914} INFO - Processing file /home/airflow/.local/lib/python3.12/site-packages/airflow/example_dags/tutorial.py for tasks to queue
[2024-12-19T05:10:58.610+0000] {logging_mixin.py:190} INFO - [2024-12-19T05:10:58.610+0000] {dagbag.py:588} INFO - Filling up the DagBag from /home/airflow/.local/lib/python3.12/site-packages/airflow/example_dags/tutorial.py
[2024-12-19T05:10:58.613+0000] {processor.py:925} INFO - DAG(s) 'tutorial' retrieved from /home/airflow/.local/lib/python3.12/site-packages/airflow/example_dags/tutorial.py
[2024-12-19T05:10:58.621+0000] {logging_mixin.py:190} INFO - [2024-12-19T05:10:58.621+0000] {dag.py:3239} INFO - Sync 1 DAGs
[2024-12-19T05:10:58.630+0000] {logging_mixin.py:190} INFO - [2024-12-19T05:10:58.630+0000] {dag.py:4180} INFO - Setting next_dagrun for tutorial to 2024-12-18 00:00:00+00:00, run_after=2024-12-19 00:00:00+00:00
[2024-12-19T05:10:58.639+0000] {processor.py:208} INFO - Processing /home/airflow/.local/lib/python3.12/site-packages/airflow/example_dags/tutorial.py took 0.033 seconds
[2024-12-19T05:11:28.884+0000] {processor.py:186} INFO - Started process (PID=14729) to work on /home/airflow/.local/lib/python3.12/site-packages/airflow/example_dags/tutorial.py
[2024-12-19T05:11:28.887+0000] {processor.py:914} INFO - Processing file /home/airflow/.local/lib/python3.12/site-packages/airflow/example_dags/tutorial.py for tasks to queue
[2024-12-19T05:11:28.888+0000] {logging_mixin.py:190} INFO - [2024-12-19T05:11:28.887+0000] {dagbag.py:588} INFO - Filling up the DagBag from /home/airflow/.local/lib/python3.12/site-packages/airflow/example_dags/tutorial.py
[2024-12-19T05:11:28.891+0000] {processor.py:925} INFO - DAG(s) 'tutorial' retrieved from /home/airflow/.local/lib/python3.12/site-packages/airflow/example_dags/tutorial.py
[2024-12-19T05:11:28.898+0000] {logging_mixin.py:190} INFO - [2024-12-19T05:11:28.898+0000] {dag.py:3239} INFO - Sync 1 DAGs
[2024-12-19T05:11:28.907+0000] {logging_mixin.py:190} INFO - [2024-12-19T05:11:28.907+0000] {dag.py:4180} INFO - Setting next_dagrun for tutorial to 2024-12-18 00:00:00+00:00, run_after=2024-12-19 00:00:00+00:00
[2024-12-19T05:11:28.916+0000] {processor.py:208} INFO - Processing /home/airflow/.local/lib/python3.12/site-packages/airflow/example_dags/tutorial.py took 0.034 seconds
[2024-12-19T05:11:59.023+0000] {processor.py:186} INFO - Started process (PID=15020) to work on /home/airflow/.local/lib/python3.12/site-packages/airflow/example_dags/tutorial.py
[2024-12-19T05:11:59.026+0000] {processor.py:914} INFO - Processing file /home/airflow/.local/lib/python3.12/site-packages/airflow/example_dags/tutorial.py for tasks to queue
[2024-12-19T05:11:59.027+0000] {logging_mixin.py:190} INFO - [2024-12-19T05:11:59.026+0000] {dagbag.py:588} INFO - Filling up the DagBag from /home/airflow/.local/lib/python3.12/site-packages/airflow/example_dags/tutorial.py
[2024-12-19T05:11:59.030+0000] {processor.py:925} INFO - DAG(s) 'tutorial' retrieved from /home/airflow/.local/lib/python3.12/site-packages/airflow/example_dags/tutorial.py
[2024-12-19T05:11:59.037+0000] {logging_mixin.py:190} INFO - [2024-12-19T05:11:59.037+0000] {dag.py:3239} INFO - Sync 1 DAGs
[2024-12-19T05:11:59.047+0000] {logging_mixin.py:190} INFO - [2024-12-19T05:11:59.047+0000] {dag.py:4180} INFO - Setting next_dagrun for tutorial to 2024-12-18 00:00:00+00:00, run_after=2024-12-19 00:00:00+00:00
[2024-12-19T05:11:59.053+0000] {processor.py:208} INFO - Processing /home/airflow/.local/lib/python3.12/site-packages/airflow/example_dags/tutorial.py took 0.032 seconds
[2024-12-19T05:12:29.164+0000] {processor.py:186} INFO - Started process (PID=15311) to work on /home/airflow/.local/lib/python3.12/site-packages/airflow/example_dags/tutorial.py
[2024-12-19T05:12:29.164+0000] {processor.py:914} INFO - Processing file /home/airflow/.local/lib/python3.12/site-packages/airflow/example_dags/tutorial.py for tasks to queue
[2024-12-19T05:12:29.165+0000] {logging_mixin.py:190} INFO - [2024-12-19T05:12:29.165+0000] {dagbag.py:588} INFO - Filling up the DagBag from /home/airflow/.local/lib/python3.12/site-packages/airflow/example_dags/tutorial.py
[2024-12-19T05:12:29.168+0000] {processor.py:925} INFO - DAG(s) 'tutorial' retrieved from /home/airflow/.local/lib/python3.12/site-packages/airflow/example_dags/tutorial.py
[2024-12-19T05:12:29.176+0000] {logging_mixin.py:190} INFO - [2024-12-19T05:12:29.176+0000] {dag.py:3239} INFO - Sync 1 DAGs
[2024-12-19T05:12:29.185+0000] {logging_mixin.py:190} INFO - [2024-12-19T05:12:29.185+0000] {dag.py:4180} INFO - Setting next_dagrun for tutorial to 2024-12-18 00:00:00+00:00, run_after=2024-12-19 00:00:00+00:00
[2024-12-19T05:12:29.193+0000] {processor.py:208} INFO - Processing /home/airflow/.local/lib/python3.12/site-packages/airflow/example_dags/tutorial.py took 0.032 seconds
[2024-12-19T05:12:59.324+0000] {processor.py:186} INFO - Started process (PID=15602) to work on /home/airflow/.local/lib/python3.12/site-packages/airflow/example_dags/tutorial.py
[2024-12-19T05:12:59.328+0000] {processor.py:914} INFO - Processing file /home/airflow/.local/lib/python3.12/site-packages/airflow/example_dags/tutorial.py for tasks to queue
[2024-12-19T05:12:59.329+0000] {logging_mixin.py:190} INFO - [2024-12-19T05:12:59.329+0000] {dagbag.py:588} INFO - Filling up the DagBag from /home/airflow/.local/lib/python3.12/site-packages/airflow/example_dags/tutorial.py
[2024-12-19T05:12:59.333+0000] {processor.py:925} INFO - DAG(s) 'tutorial' retrieved from /home/airflow/.local/lib/python3.12/site-packages/airflow/example_dags/tutorial.py
[2024-12-19T05:12:59.341+0000] {logging_mixin.py:190} INFO - [2024-12-19T05:12:59.341+0000] {dag.py:3239} INFO - Sync 1 DAGs
[2024-12-19T05:12:59.350+0000] {logging_mixin.py:190} INFO - [2024-12-19T05:12:59.350+0000] {dag.py:4180} INFO - Setting next_dagrun for tutorial to 2024-12-18 00:00:00+00:00, run_after=2024-12-19 00:00:00+00:00
[2024-12-19T05:12:59.359+0000] {processor.py:208} INFO - Processing /home/airflow/.local/lib/python3.12/site-packages/airflow/example_dags/tutorial.py took 0.038 seconds
[2024-12-19T05:13:29.538+0000] {processor.py:186} INFO - Started process (PID=15893) to work on /home/airflow/.local/lib/python3.12/site-packages/airflow/example_dags/tutorial.py
[2024-12-19T05:13:29.539+0000] {processor.py:914} INFO - Processing file /home/airflow/.local/lib/python3.12/site-packages/airflow/example_dags/tutorial.py for tasks to queue
[2024-12-19T05:13:29.540+0000] {logging_mixin.py:190} INFO - [2024-12-19T05:13:29.539+0000] {dagbag.py:588} INFO - Filling up the DagBag from /home/airflow/.local/lib/python3.12/site-packages/airflow/example_dags/tutorial.py
[2024-12-19T05:13:29.543+0000] {processor.py:925} INFO - DAG(s) 'tutorial' retrieved from /home/airflow/.local/lib/python3.12/site-packages/airflow/example_dags/tutorial.py
[2024-12-19T05:13:29.551+0000] {logging_mixin.py:190} INFO - [2024-12-19T05:13:29.550+0000] {dag.py:3239} INFO - Sync 1 DAGs
[2024-12-19T05:13:29.560+0000] {logging_mixin.py:190} INFO - [2024-12-19T05:13:29.560+0000] {dag.py:4180} INFO - Setting next_dagrun for tutorial to 2024-12-18 00:00:00+00:00, run_after=2024-12-19 00:00:00+00:00
[2024-12-19T05:13:29.569+0000] {processor.py:208} INFO - Processing /home/airflow/.local/lib/python3.12/site-packages/airflow/example_dags/tutorial.py took 0.033 seconds
[2024-12-19T05:14:00.588+0000] {processor.py:186} INFO - Started process (PID=16184) to work on /home/airflow/.local/lib/python3.12/site-packages/airflow/example_dags/tutorial.py
[2024-12-19T05:14:00.590+0000] {processor.py:914} INFO - Processing file /home/airflow/.local/lib/python3.12/site-packages/airflow/example_dags/tutorial.py for tasks to queue
[2024-12-19T05:14:00.591+0000] {logging_mixin.py:190} INFO - [2024-12-19T05:14:00.591+0000] {dagbag.py:588} INFO - Filling up the DagBag from /home/airflow/.local/lib/python3.12/site-packages/airflow/example_dags/tutorial.py
[2024-12-19T05:14:00.594+0000] {processor.py:925} INFO - DAG(s) 'tutorial' retrieved from /home/airflow/.local/lib/python3.12/site-packages/airflow/example_dags/tutorial.py
[2024-12-19T05:14:00.603+0000] {logging_mixin.py:190} INFO - [2024-12-19T05:14:00.603+0000] {dag.py:3239} INFO - Sync 1 DAGs
[2024-12-19T05:14:00.612+0000] {logging_mixin.py:190} INFO - [2024-12-19T05:14:00.612+0000] {dag.py:4180} INFO - Setting next_dagrun for tutorial to 2024-12-18 00:00:00+00:00, run_after=2024-12-19 00:00:00+00:00
[2024-12-19T05:14:00.618+0000] {processor.py:208} INFO - Processing /home/airflow/.local/lib/python3.12/site-packages/airflow/example_dags/tutorial.py took 0.032 seconds
[2024-12-19T05:14:31.634+0000] {processor.py:186} INFO - Started process (PID=16475) to work on /home/airflow/.local/lib/python3.12/site-packages/airflow/example_dags/tutorial.py
[2024-12-19T05:14:31.635+0000] {processor.py:914} INFO - Processing file /home/airflow/.local/lib/python3.12/site-packages/airflow/example_dags/tutorial.py for tasks to queue
[2024-12-19T05:14:31.636+0000] {logging_mixin.py:190} INFO - [2024-12-19T05:14:31.636+0000] {dagbag.py:588} INFO - Filling up the DagBag from /home/airflow/.local/lib/python3.12/site-packages/airflow/example_dags/tutorial.py
[2024-12-19T05:14:31.640+0000] {processor.py:925} INFO - DAG(s) 'tutorial' retrieved from /home/airflow/.local/lib/python3.12/site-packages/airflow/example_dags/tutorial.py
[2024-12-19T05:14:31.649+0000] {logging_mixin.py:190} INFO - [2024-12-19T05:14:31.649+0000] {dag.py:3239} INFO - Sync 1 DAGs
[2024-12-19T05:14:31.657+0000] {logging_mixin.py:190} INFO - [2024-12-19T05:14:31.657+0000] {dag.py:4180} INFO - Setting next_dagrun for tutorial to 2024-12-18 00:00:00+00:00, run_after=2024-12-19 00:00:00+00:00
[2024-12-19T05:14:31.663+0000] {processor.py:208} INFO - Processing /home/airflow/.local/lib/python3.12/site-packages/airflow/example_dags/tutorial.py took 0.031 seconds
[2024-12-19T05:15:01.901+0000] {processor.py:186} INFO - Started process (PID=16766) to work on /home/airflow/.local/lib/python3.12/site-packages/airflow/example_dags/tutorial.py
[2024-12-19T05:15:01.901+0000] {processor.py:914} INFO - Processing file /home/airflow/.local/lib/python3.12/site-packages/airflow/example_dags/tutorial.py for tasks to queue
[2024-12-19T05:15:01.902+0000] {logging_mixin.py:190} INFO - [2024-12-19T05:15:01.902+0000] {dagbag.py:588} INFO - Filling up the DagBag from /home/airflow/.local/lib/python3.12/site-packages/airflow/example_dags/tutorial.py
[2024-12-19T05:15:01.906+0000] {processor.py:925} INFO - DAG(s) 'tutorial' retrieved from /home/airflow/.local/lib/python3.12/site-packages/airflow/example_dags/tutorial.py
[2024-12-19T05:15:01.915+0000] {logging_mixin.py:190} INFO - [2024-12-19T05:15:01.915+0000] {dag.py:3239} INFO - Sync 1 DAGs
[2024-12-19T05:15:01.923+0000] {logging_mixin.py:190} INFO - [2024-12-19T05:15:01.923+0000] {dag.py:4180} INFO - Setting next_dagrun for tutorial to 2024-12-18 00:00:00+00:00, run_after=2024-12-19 00:00:00+00:00
[2024-12-19T05:15:01.932+0000] {processor.py:208} INFO - Processing /home/airflow/.local/lib/python3.12/site-packages/airflow/example_dags/tutorial.py took 0.033 seconds
[2024-12-19T05:15:32.899+0000] {processor.py:186} INFO - Started process (PID=17057) to work on /home/airflow/.local/lib/python3.12/site-packages/airflow/example_dags/tutorial.py
[2024-12-19T05:15:32.900+0000] {processor.py:914} INFO - Processing file /home/airflow/.local/lib/python3.12/site-packages/airflow/example_dags/tutorial.py for tasks to queue
[2024-12-19T05:15:32.901+0000] {logging_mixin.py:190} INFO - [2024-12-19T05:15:32.901+0000] {dagbag.py:588} INFO - Filling up the DagBag from /home/airflow/.local/lib/python3.12/site-packages/airflow/example_dags/tutorial.py
[2024-12-19T05:15:32.904+0000] {processor.py:925} INFO - DAG(s) 'tutorial' retrieved from /home/airflow/.local/lib/python3.12/site-packages/airflow/example_dags/tutorial.py
[2024-12-19T05:15:32.913+0000] {logging_mixin.py:190} INFO - [2024-12-19T05:15:32.913+0000] {dag.py:3239} INFO - Sync 1 DAGs
[2024-12-19T05:15:32.922+0000] {logging_mixin.py:190} INFO - [2024-12-19T05:15:32.922+0000] {dag.py:4180} INFO - Setting next_dagrun for tutorial to 2024-12-18 00:00:00+00:00, run_after=2024-12-19 00:00:00+00:00
[2024-12-19T05:15:32.929+0000] {processor.py:208} INFO - Processing /home/airflow/.local/lib/python3.12/site-packages/airflow/example_dags/tutorial.py took 0.032 seconds
[2024-12-19T05:16:03.828+0000] {processor.py:186} INFO - Started process (PID=17348) to work on /home/airflow/.local/lib/python3.12/site-packages/airflow/example_dags/tutorial.py
[2024-12-19T05:16:03.829+0000] {processor.py:914} INFO - Processing file /home/airflow/.local/lib/python3.12/site-packages/airflow/example_dags/tutorial.py for tasks to queue
[2024-12-19T05:16:03.830+0000] {logging_mixin.py:190} INFO - [2024-12-19T05:16:03.830+0000] {dagbag.py:588} INFO - Filling up the DagBag from /home/airflow/.local/lib/python3.12/site-packages/airflow/example_dags/tutorial.py
[2024-12-19T05:16:03.833+0000] {processor.py:925} INFO - DAG(s) 'tutorial' retrieved from /home/airflow/.local/lib/python3.12/site-packages/airflow/example_dags/tutorial.py
[2024-12-19T05:16:03.841+0000] {logging_mixin.py:190} INFO - [2024-12-19T05:16:03.841+0000] {dag.py:3239} INFO - Sync 1 DAGs
[2024-12-19T05:16:03.849+0000] {logging_mixin.py:190} INFO - [2024-12-19T05:16:03.849+0000] {dag.py:4180} INFO - Setting next_dagrun for tutorial to 2024-12-18 00:00:00+00:00, run_after=2024-12-19 00:00:00+00:00
[2024-12-19T05:16:03.857+0000] {processor.py:208} INFO - Processing /home/airflow/.local/lib/python3.12/site-packages/airflow/example_dags/tutorial.py took 0.032 seconds
[2024-12-19T05:16:34.745+0000] {processor.py:186} INFO - Started process (PID=17639) to work on /home/airflow/.local/lib/python3.12/site-packages/airflow/example_dags/tutorial.py
[2024-12-19T05:16:34.745+0000] {processor.py:914} INFO - Processing file /home/airflow/.local/lib/python3.12/site-packages/airflow/example_dags/tutorial.py for tasks to queue
[2024-12-19T05:16:34.746+0000] {logging_mixin.py:190} INFO - [2024-12-19T05:16:34.746+0000] {dagbag.py:588} INFO - Filling up the DagBag from /home/airflow/.local/lib/python3.12/site-packages/airflow/example_dags/tutorial.py
[2024-12-19T05:16:34.750+0000] {processor.py:925} INFO - DAG(s) 'tutorial' retrieved from /home/airflow/.local/lib/python3.12/site-packages/airflow/example_dags/tutorial.py
[2024-12-19T05:16:34.757+0000] {logging_mixin.py:190} INFO - [2024-12-19T05:16:34.757+0000] {dag.py:3239} INFO - Sync 1 DAGs
[2024-12-19T05:16:34.766+0000] {logging_mixin.py:190} INFO - [2024-12-19T05:16:34.766+0000] {dag.py:4180} INFO - Setting next_dagrun for tutorial to 2024-12-18 00:00:00+00:00, run_after=2024-12-19 00:00:00+00:00
[2024-12-19T05:16:34.772+0000] {processor.py:208} INFO - Processing /home/airflow/.local/lib/python3.12/site-packages/airflow/example_dags/tutorial.py took 0.030 seconds
[2024-12-19T05:17:05.746+0000] {processor.py:186} INFO - Started process (PID=17930) to work on /home/airflow/.local/lib/python3.12/site-packages/airflow/example_dags/tutorial.py
[2024-12-19T05:17:05.747+0000] {processor.py:914} INFO - Processing file /home/airflow/.local/lib/python3.12/site-packages/airflow/example_dags/tutorial.py for tasks to queue
[2024-12-19T05:17:05.748+0000] {logging_mixin.py:190} INFO - [2024-12-19T05:17:05.748+0000] {dagbag.py:588} INFO - Filling up the DagBag from /home/airflow/.local/lib/python3.12/site-packages/airflow/example_dags/tutorial.py
[2024-12-19T05:17:05.751+0000] {processor.py:925} INFO - DAG(s) 'tutorial' retrieved from /home/airflow/.local/lib/python3.12/site-packages/airflow/example_dags/tutorial.py
[2024-12-19T05:17:05.759+0000] {logging_mixin.py:190} INFO - [2024-12-19T05:17:05.759+0000] {dag.py:3239} INFO - Sync 1 DAGs
[2024-12-19T05:17:05.767+0000] {logging_mixin.py:190} INFO - [2024-12-19T05:17:05.767+0000] {dag.py:4180} INFO - Setting next_dagrun for tutorial to 2024-12-18 00:00:00+00:00, run_after=2024-12-19 00:00:00+00:00
[2024-12-19T05:17:05.774+0000] {processor.py:208} INFO - Processing /home/airflow/.local/lib/python3.12/site-packages/airflow/example_dags/tutorial.py took 0.030 seconds
[2024-12-19T05:17:35.920+0000] {processor.py:186} INFO - Started process (PID=18221) to work on /home/airflow/.local/lib/python3.12/site-packages/airflow/example_dags/tutorial.py
[2024-12-19T05:17:35.920+0000] {processor.py:914} INFO - Processing file /home/airflow/.local/lib/python3.12/site-packages/airflow/example_dags/tutorial.py for tasks to queue
[2024-12-19T05:17:35.922+0000] {logging_mixin.py:190} INFO - [2024-12-19T05:17:35.922+0000] {dagbag.py:588} INFO - Filling up the DagBag from /home/airflow/.local/lib/python3.12/site-packages/airflow/example_dags/tutorial.py
[2024-12-19T05:17:35.926+0000] {processor.py:925} INFO - DAG(s) 'tutorial' retrieved from /home/airflow/.local/lib/python3.12/site-packages/airflow/example_dags/tutorial.py
[2024-12-19T05:17:35.933+0000] {logging_mixin.py:190} INFO - [2024-12-19T05:17:35.933+0000] {dag.py:3239} INFO - Sync 1 DAGs
[2024-12-19T05:17:35.941+0000] {logging_mixin.py:190} INFO - [2024-12-19T05:17:35.941+0000] {dag.py:4180} INFO - Setting next_dagrun for tutorial to 2024-12-18 00:00:00+00:00, run_after=2024-12-19 00:00:00+00:00
[2024-12-19T05:17:35.947+0000] {processor.py:208} INFO - Processing /home/airflow/.local/lib/python3.12/site-packages/airflow/example_dags/tutorial.py took 0.030 seconds
[2024-12-19T05:18:06.815+0000] {processor.py:186} INFO - Started process (PID=18512) to work on /home/airflow/.local/lib/python3.12/site-packages/airflow/example_dags/tutorial.py
[2024-12-19T05:18:06.815+0000] {processor.py:914} INFO - Processing file /home/airflow/.local/lib/python3.12/site-packages/airflow/example_dags/tutorial.py for tasks to queue
[2024-12-19T05:18:06.816+0000] {logging_mixin.py:190} INFO - [2024-12-19T05:18:06.816+0000] {dagbag.py:588} INFO - Filling up the DagBag from /home/airflow/.local/lib/python3.12/site-packages/airflow/example_dags/tutorial.py
[2024-12-19T05:18:06.819+0000] {processor.py:925} INFO - DAG(s) 'tutorial' retrieved from /home/airflow/.local/lib/python3.12/site-packages/airflow/example_dags/tutorial.py
[2024-12-19T05:18:06.828+0000] {logging_mixin.py:190} INFO - [2024-12-19T05:18:06.828+0000] {dag.py:3239} INFO - Sync 1 DAGs
[2024-12-19T05:18:06.836+0000] {logging_mixin.py:190} INFO - [2024-12-19T05:18:06.835+0000] {dag.py:4180} INFO - Setting next_dagrun for tutorial to 2024-12-18 00:00:00+00:00, run_after=2024-12-19 00:00:00+00:00
[2024-12-19T05:18:06.841+0000] {processor.py:208} INFO - Processing /home/airflow/.local/lib/python3.12/site-packages/airflow/example_dags/tutorial.py took 0.029 seconds
[2024-12-19T05:18:37.797+0000] {processor.py:186} INFO - Started process (PID=18803) to work on /home/airflow/.local/lib/python3.12/site-packages/airflow/example_dags/tutorial.py
[2024-12-19T05:18:37.798+0000] {processor.py:914} INFO - Processing file /home/airflow/.local/lib/python3.12/site-packages/airflow/example_dags/tutorial.py for tasks to queue
[2024-12-19T05:18:37.798+0000] {logging_mixin.py:190} INFO - [2024-12-19T05:18:37.798+0000] {dagbag.py:588} INFO - Filling up the DagBag from /home/airflow/.local/lib/python3.12/site-packages/airflow/example_dags/tutorial.py
[2024-12-19T05:18:37.802+0000] {processor.py:925} INFO - DAG(s) 'tutorial' retrieved from /home/airflow/.local/lib/python3.12/site-packages/airflow/example_dags/tutorial.py
[2024-12-19T05:18:37.810+0000] {logging_mixin.py:190} INFO - [2024-12-19T05:18:37.810+0000] {dag.py:3239} INFO - Sync 1 DAGs
[2024-12-19T05:18:37.895+0000] {logging_mixin.py:190} INFO - [2024-12-19T05:18:37.895+0000] {dag.py:4180} INFO - Setting next_dagrun for tutorial to 2024-12-18 00:00:00+00:00, run_after=2024-12-19 00:00:00+00:00
[2024-12-19T05:18:37.902+0000] {processor.py:208} INFO - Processing /home/airflow/.local/lib/python3.12/site-packages/airflow/example_dags/tutorial.py took 0.108 seconds
[2024-12-19T05:19:08.310+0000] {processor.py:186} INFO - Started process (PID=19094) to work on /home/airflow/.local/lib/python3.12/site-packages/airflow/example_dags/tutorial.py
[2024-12-19T05:19:08.314+0000] {processor.py:914} INFO - Processing file /home/airflow/.local/lib/python3.12/site-packages/airflow/example_dags/tutorial.py for tasks to queue
[2024-12-19T05:19:08.315+0000] {logging_mixin.py:190} INFO - [2024-12-19T05:19:08.315+0000] {dagbag.py:588} INFO - Filling up the DagBag from /home/airflow/.local/lib/python3.12/site-packages/airflow/example_dags/tutorial.py
[2024-12-19T05:19:08.318+0000] {processor.py:925} INFO - DAG(s) 'tutorial' retrieved from /home/airflow/.local/lib/python3.12/site-packages/airflow/example_dags/tutorial.py
[2024-12-19T05:19:08.326+0000] {logging_mixin.py:190} INFO - [2024-12-19T05:19:08.326+0000] {dag.py:3239} INFO - Sync 1 DAGs
[2024-12-19T05:19:08.411+0000] {logging_mixin.py:190} INFO - [2024-12-19T05:19:08.411+0000] {dag.py:4180} INFO - Setting next_dagrun for tutorial to 2024-12-18 00:00:00+00:00, run_after=2024-12-19 00:00:00+00:00
[2024-12-19T05:19:08.418+0000] {processor.py:208} INFO - Processing /home/airflow/.local/lib/python3.12/site-packages/airflow/example_dags/tutorial.py took 0.110 seconds
[2024-12-19T05:19:38.760+0000] {processor.py:186} INFO - Started process (PID=19385) to work on /home/airflow/.local/lib/python3.12/site-packages/airflow/example_dags/tutorial.py
[2024-12-19T05:19:38.767+0000] {processor.py:914} INFO - Processing file /home/airflow/.local/lib/python3.12/site-packages/airflow/example_dags/tutorial.py for tasks to queue
[2024-12-19T05:19:38.768+0000] {logging_mixin.py:190} INFO - [2024-12-19T05:19:38.768+0000] {dagbag.py:588} INFO - Filling up the DagBag from /home/airflow/.local/lib/python3.12/site-packages/airflow/example_dags/tutorial.py
[2024-12-19T05:19:38.772+0000] {processor.py:925} INFO - DAG(s) 'tutorial' retrieved from /home/airflow/.local/lib/python3.12/site-packages/airflow/example_dags/tutorial.py
[2024-12-19T05:19:38.779+0000] {logging_mixin.py:190} INFO - [2024-12-19T05:19:38.779+0000] {dag.py:3239} INFO - Sync 1 DAGs
[2024-12-19T05:19:38.787+0000] {logging_mixin.py:190} INFO - [2024-12-19T05:19:38.787+0000] {dag.py:4180} INFO - Setting next_dagrun for tutorial to 2024-12-18 00:00:00+00:00, run_after=2024-12-19 00:00:00+00:00
[2024-12-19T05:19:38.793+0000] {processor.py:208} INFO - Processing /home/airflow/.local/lib/python3.12/site-packages/airflow/example_dags/tutorial.py took 0.036 seconds
[2024-12-19T05:20:09.580+0000] {processor.py:186} INFO - Started process (PID=19676) to work on /home/airflow/.local/lib/python3.12/site-packages/airflow/example_dags/tutorial.py
[2024-12-19T05:20:09.581+0000] {processor.py:914} INFO - Processing file /home/airflow/.local/lib/python3.12/site-packages/airflow/example_dags/tutorial.py for tasks to queue
[2024-12-19T05:20:09.582+0000] {logging_mixin.py:190} INFO - [2024-12-19T05:20:09.582+0000] {dagbag.py:588} INFO - Filling up the DagBag from /home/airflow/.local/lib/python3.12/site-packages/airflow/example_dags/tutorial.py
[2024-12-19T05:20:09.586+0000] {processor.py:925} INFO - DAG(s) 'tutorial' retrieved from /home/airflow/.local/lib/python3.12/site-packages/airflow/example_dags/tutorial.py
[2024-12-19T05:20:09.594+0000] {logging_mixin.py:190} INFO - [2024-12-19T05:20:09.594+0000] {dag.py:3239} INFO - Sync 1 DAGs
[2024-12-19T05:20:09.602+0000] {logging_mixin.py:190} INFO - [2024-12-19T05:20:09.602+0000] {dag.py:4180} INFO - Setting next_dagrun for tutorial to 2024-12-18 00:00:00+00:00, run_after=2024-12-19 00:00:00+00:00
[2024-12-19T05:20:09.611+0000] {processor.py:208} INFO - Processing /home/airflow/.local/lib/python3.12/site-packages/airflow/example_dags/tutorial.py took 0.033 seconds
[2024-12-19T05:20:40.497+0000] {processor.py:186} INFO - Started process (PID=19967) to work on /home/airflow/.local/lib/python3.12/site-packages/airflow/example_dags/tutorial.py
[2024-12-19T05:20:40.498+0000] {processor.py:914} INFO - Processing file /home/airflow/.local/lib/python3.12/site-packages/airflow/example_dags/tutorial.py for tasks to queue
[2024-12-19T05:20:40.499+0000] {logging_mixin.py:190} INFO - [2024-12-19T05:20:40.499+0000] {dagbag.py:588} INFO - Filling up the DagBag from /home/airflow/.local/lib/python3.12/site-packages/airflow/example_dags/tutorial.py
[2024-12-19T05:20:40.504+0000] {processor.py:925} INFO - DAG(s) 'tutorial' retrieved from /home/airflow/.local/lib/python3.12/site-packages/airflow/example_dags/tutorial.py
[2024-12-19T05:20:40.512+0000] {logging_mixin.py:190} INFO - [2024-12-19T05:20:40.512+0000] {dag.py:3239} INFO - Sync 1 DAGs
[2024-12-19T05:20:40.520+0000] {logging_mixin.py:190} INFO - [2024-12-19T05:20:40.519+0000] {dag.py:4180} INFO - Setting next_dagrun for tutorial to 2024-12-18 00:00:00+00:00, run_after=2024-12-19 00:00:00+00:00
[2024-12-19T05:20:40.528+0000] {processor.py:208} INFO - Processing /home/airflow/.local/lib/python3.12/site-packages/airflow/example_dags/tutorial.py took 0.033 seconds
[2024-12-19T05:21:11.453+0000] {processor.py:186} INFO - Started process (PID=20258) to work on /home/airflow/.local/lib/python3.12/site-packages/airflow/example_dags/tutorial.py
[2024-12-19T05:21:11.454+0000] {processor.py:914} INFO - Processing file /home/airflow/.local/lib/python3.12/site-packages/airflow/example_dags/tutorial.py for tasks to queue
[2024-12-19T05:21:11.456+0000] {logging_mixin.py:190} INFO - [2024-12-19T05:21:11.456+0000] {dagbag.py:588} INFO - Filling up the DagBag from /home/airflow/.local/lib/python3.12/site-packages/airflow/example_dags/tutorial.py
[2024-12-19T05:21:11.459+0000] {processor.py:925} INFO - DAG(s) 'tutorial' retrieved from /home/airflow/.local/lib/python3.12/site-packages/airflow/example_dags/tutorial.py
[2024-12-19T05:21:11.469+0000] {logging_mixin.py:190} INFO - [2024-12-19T05:21:11.469+0000] {dag.py:3239} INFO - Sync 1 DAGs
[2024-12-19T05:21:11.478+0000] {logging_mixin.py:190} INFO - [2024-12-19T05:21:11.478+0000] {dag.py:4180} INFO - Setting next_dagrun for tutorial to 2024-12-18 00:00:00+00:00, run_after=2024-12-19 00:00:00+00:00
[2024-12-19T05:21:11.484+0000] {processor.py:208} INFO - Processing /home/airflow/.local/lib/python3.12/site-packages/airflow/example_dags/tutorial.py took 0.033 seconds
[2024-12-19T05:21:41.557+0000] {processor.py:186} INFO - Started process (PID=20549) to work on /home/airflow/.local/lib/python3.12/site-packages/airflow/example_dags/tutorial.py
[2024-12-19T05:21:41.559+0000] {processor.py:914} INFO - Processing file /home/airflow/.local/lib/python3.12/site-packages/airflow/example_dags/tutorial.py for tasks to queue
[2024-12-19T05:21:41.560+0000] {logging_mixin.py:190} INFO - [2024-12-19T05:21:41.560+0000] {dagbag.py:588} INFO - Filling up the DagBag from /home/airflow/.local/lib/python3.12/site-packages/airflow/example_dags/tutorial.py
[2024-12-19T05:21:41.563+0000] {processor.py:925} INFO - DAG(s) 'tutorial' retrieved from /home/airflow/.local/lib/python3.12/site-packages/airflow/example_dags/tutorial.py
[2024-12-19T05:21:41.570+0000] {logging_mixin.py:190} INFO - [2024-12-19T05:21:41.570+0000] {dag.py:3239} INFO - Sync 1 DAGs
[2024-12-19T05:21:41.579+0000] {logging_mixin.py:190} INFO - [2024-12-19T05:21:41.579+0000] {dag.py:4180} INFO - Setting next_dagrun for tutorial to 2024-12-18 00:00:00+00:00, run_after=2024-12-19 00:00:00+00:00
[2024-12-19T05:21:41.586+0000] {processor.py:208} INFO - Processing /home/airflow/.local/lib/python3.12/site-packages/airflow/example_dags/tutorial.py took 0.032 seconds
[2024-12-19T05:22:11.706+0000] {processor.py:186} INFO - Started process (PID=20840) to work on /home/airflow/.local/lib/python3.12/site-packages/airflow/example_dags/tutorial.py
[2024-12-19T05:22:11.707+0000] {processor.py:914} INFO - Processing file /home/airflow/.local/lib/python3.12/site-packages/airflow/example_dags/tutorial.py for tasks to queue
[2024-12-19T05:22:11.708+0000] {logging_mixin.py:190} INFO - [2024-12-19T05:22:11.708+0000] {dagbag.py:588} INFO - Filling up the DagBag from /home/airflow/.local/lib/python3.12/site-packages/airflow/example_dags/tutorial.py
[2024-12-19T05:22:11.711+0000] {processor.py:925} INFO - DAG(s) 'tutorial' retrieved from /home/airflow/.local/lib/python3.12/site-packages/airflow/example_dags/tutorial.py
[2024-12-19T05:22:11.719+0000] {logging_mixin.py:190} INFO - [2024-12-19T05:22:11.719+0000] {dag.py:3239} INFO - Sync 1 DAGs
[2024-12-19T05:22:11.728+0000] {logging_mixin.py:190} INFO - [2024-12-19T05:22:11.727+0000] {dag.py:4180} INFO - Setting next_dagrun for tutorial to 2024-12-18 00:00:00+00:00, run_after=2024-12-19 00:00:00+00:00
[2024-12-19T05:22:11.733+0000] {processor.py:208} INFO - Processing /home/airflow/.local/lib/python3.12/site-packages/airflow/example_dags/tutorial.py took 0.030 seconds
[2024-12-19T05:22:42.741+0000] {processor.py:186} INFO - Started process (PID=21131) to work on /home/airflow/.local/lib/python3.12/site-packages/airflow/example_dags/tutorial.py
[2024-12-19T05:22:42.741+0000] {processor.py:914} INFO - Processing file /home/airflow/.local/lib/python3.12/site-packages/airflow/example_dags/tutorial.py for tasks to queue
[2024-12-19T05:22:42.742+0000] {logging_mixin.py:190} INFO - [2024-12-19T05:22:42.742+0000] {dagbag.py:588} INFO - Filling up the DagBag from /home/airflow/.local/lib/python3.12/site-packages/airflow/example_dags/tutorial.py
[2024-12-19T05:22:42.746+0000] {processor.py:925} INFO - DAG(s) 'tutorial' retrieved from /home/airflow/.local/lib/python3.12/site-packages/airflow/example_dags/tutorial.py
[2024-12-19T05:22:42.753+0000] {logging_mixin.py:190} INFO - [2024-12-19T05:22:42.753+0000] {dag.py:3239} INFO - Sync 1 DAGs
[2024-12-19T05:22:42.765+0000] {logging_mixin.py:190} INFO - [2024-12-19T05:22:42.764+0000] {dag.py:4180} INFO - Setting next_dagrun for tutorial to 2024-12-18 00:00:00+00:00, run_after=2024-12-19 00:00:00+00:00
[2024-12-19T05:22:42.773+0000] {processor.py:208} INFO - Processing /home/airflow/.local/lib/python3.12/site-packages/airflow/example_dags/tutorial.py took 0.035 seconds
[2024-12-19T05:23:13.864+0000] {processor.py:186} INFO - Started process (PID=21422) to work on /home/airflow/.local/lib/python3.12/site-packages/airflow/example_dags/tutorial.py
[2024-12-19T05:23:13.864+0000] {processor.py:914} INFO - Processing file /home/airflow/.local/lib/python3.12/site-packages/airflow/example_dags/tutorial.py for tasks to queue
[2024-12-19T05:23:13.865+0000] {logging_mixin.py:190} INFO - [2024-12-19T05:23:13.865+0000] {dagbag.py:588} INFO - Filling up the DagBag from /home/airflow/.local/lib/python3.12/site-packages/airflow/example_dags/tutorial.py
[2024-12-19T05:23:13.869+0000] {processor.py:925} INFO - DAG(s) 'tutorial' retrieved from /home/airflow/.local/lib/python3.12/site-packages/airflow/example_dags/tutorial.py
[2024-12-19T05:23:13.877+0000] {logging_mixin.py:190} INFO - [2024-12-19T05:23:13.877+0000] {dag.py:3239} INFO - Sync 1 DAGs
[2024-12-19T05:23:13.887+0000] {logging_mixin.py:190} INFO - [2024-12-19T05:23:13.887+0000] {dag.py:4180} INFO - Setting next_dagrun for tutorial to 2024-12-18 00:00:00+00:00, run_after=2024-12-19 00:00:00+00:00
[2024-12-19T05:23:13.897+0000] {processor.py:208} INFO - Processing /home/airflow/.local/lib/python3.12/site-packages/airflow/example_dags/tutorial.py took 0.036 seconds
[2024-12-19T05:23:44.245+0000] {processor.py:186} INFO - Started process (PID=21713) to work on /home/airflow/.local/lib/python3.12/site-packages/airflow/example_dags/tutorial.py
[2024-12-19T05:23:44.248+0000] {processor.py:914} INFO - Processing file /home/airflow/.local/lib/python3.12/site-packages/airflow/example_dags/tutorial.py for tasks to queue
[2024-12-19T05:23:44.249+0000] {logging_mixin.py:190} INFO - [2024-12-19T05:23:44.249+0000] {dagbag.py:588} INFO - Filling up the DagBag from /home/airflow/.local/lib/python3.12/site-packages/airflow/example_dags/tutorial.py
[2024-12-19T05:23:44.253+0000] {processor.py:925} INFO - DAG(s) 'tutorial' retrieved from /home/airflow/.local/lib/python3.12/site-packages/airflow/example_dags/tutorial.py
[2024-12-19T05:23:44.263+0000] {logging_mixin.py:190} INFO - [2024-12-19T05:23:44.263+0000] {dag.py:3239} INFO - Sync 1 DAGs
[2024-12-19T05:23:44.272+0000] {logging_mixin.py:190} INFO - [2024-12-19T05:23:44.272+0000] {dag.py:4180} INFO - Setting next_dagrun for tutorial to 2024-12-18 00:00:00+00:00, run_after=2024-12-19 00:00:00+00:00
[2024-12-19T05:23:44.278+0000] {processor.py:208} INFO - Processing /home/airflow/.local/lib/python3.12/site-packages/airflow/example_dags/tutorial.py took 0.035 seconds
