[2024-12-22T00:10:44.612+0000] {processor.py:186} INFO - Started process (PID=8882) to work on /opt/airflow/dags/dag2_python.py
[2024-12-22T00:10:44.613+0000] {processor.py:914} INFO - Processing file /opt/airflow/dags/dag2_python.py for tasks to queue
[2024-12-22T00:10:44.614+0000] {logging_mixin.py:190} INFO - [2024-12-22T00:10:44.614+0000] {dagbag.py:588} INFO - Filling up the DagBag from /opt/airflow/dags/dag2_python.py
[2024-12-22T00:10:44.624+0000] {processor.py:925} INFO - DAG(s) 'dag_python_v02' retrieved from /opt/airflow/dags/dag2_python.py
[2024-12-22T00:10:44.646+0000] {logging_mixin.py:190} INFO - [2024-12-22T00:10:44.646+0000] {dag.py:3239} INFO - Sync 1 DAGs
[2024-12-22T00:10:44.789+0000] {logging_mixin.py:190} INFO - [2024-12-22T00:10:44.789+0000] {dag.py:4180} INFO - Setting next_dagrun for dag_python_v02 to 2024-12-22 00:10:00+00:00, run_after=2024-12-22 00:12:00+00:00
[2024-12-22T00:10:44.803+0000] {processor.py:208} INFO - Processing /opt/airflow/dags/dag2_python.py took 0.195 seconds
[2024-12-22T00:40:04.579+0000] {processor.py:186} INFO - Started process (PID=8921) to work on /opt/airflow/dags/dag2_python.py
[2024-12-22T00:40:04.581+0000] {processor.py:914} INFO - Processing file /opt/airflow/dags/dag2_python.py for tasks to queue
[2024-12-22T00:40:04.582+0000] {logging_mixin.py:190} INFO - [2024-12-22T00:40:04.581+0000] {dagbag.py:588} INFO - Filling up the DagBag from /opt/airflow/dags/dag2_python.py
[2024-12-22T00:40:04.591+0000] {processor.py:925} INFO - DAG(s) 'dag_python_v02' retrieved from /opt/airflow/dags/dag2_python.py
[2024-12-22T00:40:04.607+0000] {logging_mixin.py:190} INFO - [2024-12-22T00:40:04.607+0000] {dag.py:3239} INFO - Sync 1 DAGs
[2024-12-22T00:40:04.761+0000] {logging_mixin.py:190} INFO - [2024-12-22T00:40:04.761+0000] {dag.py:4180} INFO - Setting next_dagrun for dag_python_v02 to 2024-12-22 00:20:00+00:00, run_after=2024-12-22 00:22:00+00:00
[2024-12-22T00:40:04.779+0000] {processor.py:208} INFO - Processing /opt/airflow/dags/dag2_python.py took 0.203 seconds
[2024-12-22T00:55:34.320+0000] {processor.py:186} INFO - Started process (PID=9080) to work on /opt/airflow/dags/dag2_python.py
[2024-12-22T00:55:34.320+0000] {processor.py:914} INFO - Processing file /opt/airflow/dags/dag2_python.py for tasks to queue
[2024-12-22T00:55:34.322+0000] {logging_mixin.py:190} INFO - [2024-12-22T00:55:34.321+0000] {dagbag.py:588} INFO - Filling up the DagBag from /opt/airflow/dags/dag2_python.py
[2024-12-22T00:55:34.332+0000] {processor.py:925} INFO - DAG(s) 'dag_python_v02' retrieved from /opt/airflow/dags/dag2_python.py
[2024-12-22T00:55:34.352+0000] {logging_mixin.py:190} INFO - [2024-12-22T00:55:34.351+0000] {dag.py:3239} INFO - Sync 1 DAGs
[2024-12-22T00:55:34.365+0000] {logging_mixin.py:190} INFO - [2024-12-22T00:55:34.365+0000] {dag.py:4180} INFO - Setting next_dagrun for dag_python_v02 to 2024-12-22 00:40:00+00:00, run_after=2024-12-22 00:42:00+00:00
[2024-12-22T00:55:34.379+0000] {processor.py:208} INFO - Processing /opt/airflow/dags/dag2_python.py took 0.064 seconds
[2024-12-22T00:56:04.849+0000] {processor.py:186} INFO - Started process (PID=9178) to work on /opt/airflow/dags/dag2_python.py
[2024-12-22T00:56:04.851+0000] {processor.py:914} INFO - Processing file /opt/airflow/dags/dag2_python.py for tasks to queue
[2024-12-22T00:56:04.851+0000] {logging_mixin.py:190} INFO - [2024-12-22T00:56:04.851+0000] {dagbag.py:588} INFO - Filling up the DagBag from /opt/airflow/dags/dag2_python.py
[2024-12-22T00:56:04.861+0000] {processor.py:925} INFO - DAG(s) 'dag_python_v02' retrieved from /opt/airflow/dags/dag2_python.py
[2024-12-22T00:56:04.877+0000] {logging_mixin.py:190} INFO - [2024-12-22T00:56:04.877+0000] {dag.py:3239} INFO - Sync 1 DAGs
[2024-12-22T00:56:04.892+0000] {logging_mixin.py:190} INFO - [2024-12-22T00:56:04.891+0000] {dag.py:4180} INFO - Setting next_dagrun for dag_python_v02 to 2024-12-22 00:56:00+00:00, run_after=2024-12-22 00:58:00+00:00
[2024-12-22T00:56:04.906+0000] {processor.py:208} INFO - Processing /opt/airflow/dags/dag2_python.py took 0.060 seconds
[2024-12-22T01:05:56.878+0000] {processor.py:186} INFO - Started process (PID=9208) to work on /opt/airflow/dags/dag2_python.py
[2024-12-22T01:05:56.881+0000] {processor.py:914} INFO - Processing file /opt/airflow/dags/dag2_python.py for tasks to queue
[2024-12-22T01:05:56.885+0000] {logging_mixin.py:190} INFO - [2024-12-22T01:05:56.884+0000] {dagbag.py:588} INFO - Filling up the DagBag from /opt/airflow/dags/dag2_python.py
[2024-12-22T01:05:56.900+0000] {processor.py:925} INFO - DAG(s) 'dag_python_v02' retrieved from /opt/airflow/dags/dag2_python.py
[2024-12-22T01:05:56.924+0000] {logging_mixin.py:190} INFO - [2024-12-22T01:05:56.923+0000] {dag.py:3239} INFO - Sync 1 DAGs
[2024-12-22T01:05:56.941+0000] {logging_mixin.py:190} INFO - [2024-12-22T01:05:56.941+0000] {dag.py:4180} INFO - Setting next_dagrun for dag_python_v02 to 2024-12-22 01:04:00+00:00, run_after=2024-12-22 01:06:00+00:00
[2024-12-22T01:05:56.967+0000] {processor.py:208} INFO - Processing /opt/airflow/dags/dag2_python.py took 0.097 seconds
[2024-12-22T01:06:27.439+0000] {processor.py:186} INFO - Started process (PID=9275) to work on /opt/airflow/dags/dag2_python.py
[2024-12-22T01:06:27.440+0000] {processor.py:914} INFO - Processing file /opt/airflow/dags/dag2_python.py for tasks to queue
[2024-12-22T01:06:27.441+0000] {logging_mixin.py:190} INFO - [2024-12-22T01:06:27.440+0000] {dagbag.py:588} INFO - Filling up the DagBag from /opt/airflow/dags/dag2_python.py
[2024-12-22T01:06:27.450+0000] {processor.py:925} INFO - DAG(s) 'dag_python_v02' retrieved from /opt/airflow/dags/dag2_python.py
[2024-12-22T01:06:27.463+0000] {logging_mixin.py:190} INFO - [2024-12-22T01:06:27.463+0000] {dag.py:3239} INFO - Sync 1 DAGs
[2024-12-22T01:06:27.569+0000] {logging_mixin.py:190} INFO - [2024-12-22T01:06:27.569+0000] {dag.py:4180} INFO - Setting next_dagrun for dag_python_v02 to 2024-12-22 01:06:00+00:00, run_after=2024-12-22 01:08:00+00:00
[2024-12-22T01:06:27.578+0000] {processor.py:208} INFO - Processing /opt/airflow/dags/dag2_python.py took 0.144 seconds
[2024-12-22T01:06:57.996+0000] {processor.py:186} INFO - Started process (PID=9301) to work on /opt/airflow/dags/dag2_python.py
[2024-12-22T01:06:57.997+0000] {processor.py:914} INFO - Processing file /opt/airflow/dags/dag2_python.py for tasks to queue
[2024-12-22T01:06:57.999+0000] {logging_mixin.py:190} INFO - [2024-12-22T01:06:57.998+0000] {dagbag.py:588} INFO - Filling up the DagBag from /opt/airflow/dags/dag2_python.py
[2024-12-22T01:06:58.008+0000] {processor.py:925} INFO - DAG(s) 'dag_python_v02' retrieved from /opt/airflow/dags/dag2_python.py
[2024-12-22T01:06:58.024+0000] {logging_mixin.py:190} INFO - [2024-12-22T01:06:58.024+0000] {dag.py:3239} INFO - Sync 1 DAGs
[2024-12-22T01:06:58.116+0000] {logging_mixin.py:190} INFO - [2024-12-22T01:06:58.116+0000] {dag.py:4180} INFO - Setting next_dagrun for dag_python_v02 to 2024-12-22 01:06:00+00:00, run_after=2024-12-22 01:08:00+00:00
[2024-12-22T01:06:58.122+0000] {processor.py:208} INFO - Processing /opt/airflow/dags/dag2_python.py took 0.131 seconds
[2024-12-22T01:07:28.527+0000] {processor.py:186} INFO - Started process (PID=9327) to work on /opt/airflow/dags/dag2_python.py
[2024-12-22T01:07:28.529+0000] {processor.py:914} INFO - Processing file /opt/airflow/dags/dag2_python.py for tasks to queue
[2024-12-22T01:07:28.529+0000] {logging_mixin.py:190} INFO - [2024-12-22T01:07:28.529+0000] {dagbag.py:588} INFO - Filling up the DagBag from /opt/airflow/dags/dag2_python.py
[2024-12-22T01:07:28.537+0000] {processor.py:925} INFO - DAG(s) 'dag_python_v02' retrieved from /opt/airflow/dags/dag2_python.py
[2024-12-22T01:07:28.635+0000] {logging_mixin.py:190} INFO - [2024-12-22T01:07:28.635+0000] {dag.py:3239} INFO - Sync 1 DAGs
[2024-12-22T01:07:28.645+0000] {logging_mixin.py:190} INFO - [2024-12-22T01:07:28.645+0000] {dag.py:4180} INFO - Setting next_dagrun for dag_python_v02 to 2024-12-22 01:06:00+00:00, run_after=2024-12-22 01:08:00+00:00
[2024-12-22T01:07:28.650+0000] {processor.py:208} INFO - Processing /opt/airflow/dags/dag2_python.py took 0.127 seconds
[2024-12-22T01:07:59.029+0000] {processor.py:186} INFO - Started process (PID=9353) to work on /opt/airflow/dags/dag2_python.py
[2024-12-22T01:07:59.029+0000] {processor.py:914} INFO - Processing file /opt/airflow/dags/dag2_python.py for tasks to queue
[2024-12-22T01:07:59.030+0000] {logging_mixin.py:190} INFO - [2024-12-22T01:07:59.030+0000] {dagbag.py:588} INFO - Filling up the DagBag from /opt/airflow/dags/dag2_python.py
[2024-12-22T01:07:59.039+0000] {processor.py:925} INFO - DAG(s) 'dag_python_v02' retrieved from /opt/airflow/dags/dag2_python.py
[2024-12-22T01:07:59.052+0000] {logging_mixin.py:190} INFO - [2024-12-22T01:07:59.052+0000] {dag.py:3239} INFO - Sync 1 DAGs
[2024-12-22T01:07:59.064+0000] {logging_mixin.py:190} INFO - [2024-12-22T01:07:59.064+0000] {dag.py:4180} INFO - Setting next_dagrun for dag_python_v02 to 2024-12-22 01:06:00+00:00, run_after=2024-12-22 01:08:00+00:00
[2024-12-22T01:07:59.076+0000] {processor.py:208} INFO - Processing /opt/airflow/dags/dag2_python.py took 0.051 seconds
[2024-12-22T01:08:29.483+0000] {processor.py:186} INFO - Started process (PID=9388) to work on /opt/airflow/dags/dag2_python.py
[2024-12-22T01:08:29.484+0000] {processor.py:914} INFO - Processing file /opt/airflow/dags/dag2_python.py for tasks to queue
[2024-12-22T01:08:29.484+0000] {logging_mixin.py:190} INFO - [2024-12-22T01:08:29.484+0000] {dagbag.py:588} INFO - Filling up the DagBag from /opt/airflow/dags/dag2_python.py
[2024-12-22T01:08:29.496+0000] {processor.py:925} INFO - DAG(s) 'dag_python_v02' retrieved from /opt/airflow/dags/dag2_python.py
[2024-12-22T01:08:29.548+0000] {logging_mixin.py:190} INFO - [2024-12-22T01:08:29.548+0000] {dag.py:3239} INFO - Sync 1 DAGs
[2024-12-22T01:08:29.566+0000] {logging_mixin.py:190} INFO - [2024-12-22T01:08:29.566+0000] {dag.py:4180} INFO - Setting next_dagrun for dag_python_v02 to 2024-12-22 01:08:00+00:00, run_after=2024-12-22 01:10:00+00:00
[2024-12-22T01:08:29.578+0000] {processor.py:208} INFO - Processing /opt/airflow/dags/dag2_python.py took 0.099 seconds
[2024-12-22T01:08:59.956+0000] {processor.py:186} INFO - Started process (PID=9414) to work on /opt/airflow/dags/dag2_python.py
[2024-12-22T01:08:59.957+0000] {processor.py:914} INFO - Processing file /opt/airflow/dags/dag2_python.py for tasks to queue
[2024-12-22T01:08:59.958+0000] {logging_mixin.py:190} INFO - [2024-12-22T01:08:59.958+0000] {dagbag.py:588} INFO - Filling up the DagBag from /opt/airflow/dags/dag2_python.py
[2024-12-22T01:08:59.967+0000] {processor.py:925} INFO - DAG(s) 'dag_python_v02' retrieved from /opt/airflow/dags/dag2_python.py
[2024-12-22T01:08:59.984+0000] {logging_mixin.py:190} INFO - [2024-12-22T01:08:59.984+0000] {dag.py:3239} INFO - Sync 1 DAGs
[2024-12-22T01:08:59.996+0000] {logging_mixin.py:190} INFO - [2024-12-22T01:08:59.995+0000] {dag.py:4180} INFO - Setting next_dagrun for dag_python_v02 to 2024-12-22 01:08:00+00:00, run_after=2024-12-22 01:10:00+00:00
[2024-12-22T01:09:00.090+0000] {processor.py:208} INFO - Processing /opt/airflow/dags/dag2_python.py took 0.138 seconds
[2024-12-22T01:09:30.503+0000] {processor.py:186} INFO - Started process (PID=9440) to work on /opt/airflow/dags/dag2_python.py
[2024-12-22T01:09:30.503+0000] {processor.py:914} INFO - Processing file /opt/airflow/dags/dag2_python.py for tasks to queue
[2024-12-22T01:09:30.504+0000] {logging_mixin.py:190} INFO - [2024-12-22T01:09:30.504+0000] {dagbag.py:588} INFO - Filling up the DagBag from /opt/airflow/dags/dag2_python.py
[2024-12-22T01:09:30.513+0000] {processor.py:925} INFO - DAG(s) 'dag_python_v02' retrieved from /opt/airflow/dags/dag2_python.py
[2024-12-22T01:09:30.527+0000] {logging_mixin.py:190} INFO - [2024-12-22T01:09:30.527+0000] {dag.py:3239} INFO - Sync 1 DAGs
[2024-12-22T01:09:30.624+0000] {logging_mixin.py:190} INFO - [2024-12-22T01:09:30.623+0000] {dag.py:4180} INFO - Setting next_dagrun for dag_python_v02 to 2024-12-22 01:08:00+00:00, run_after=2024-12-22 01:10:00+00:00
[2024-12-22T01:09:30.632+0000] {processor.py:208} INFO - Processing /opt/airflow/dags/dag2_python.py took 0.133 seconds
[2024-12-22T01:10:01.023+0000] {processor.py:186} INFO - Started process (PID=9466) to work on /opt/airflow/dags/dag2_python.py
[2024-12-22T01:10:01.024+0000] {processor.py:914} INFO - Processing file /opt/airflow/dags/dag2_python.py for tasks to queue
[2024-12-22T01:10:01.025+0000] {logging_mixin.py:190} INFO - [2024-12-22T01:10:01.025+0000] {dagbag.py:588} INFO - Filling up the DagBag from /opt/airflow/dags/dag2_python.py
[2024-12-22T01:10:01.032+0000] {processor.py:925} INFO - DAG(s) 'dag_python_v02' retrieved from /opt/airflow/dags/dag2_python.py
[2024-12-22T01:10:01.145+0000] {logging_mixin.py:190} INFO - [2024-12-22T01:10:01.144+0000] {dag.py:3239} INFO - Sync 1 DAGs
[2024-12-22T01:10:01.154+0000] {logging_mixin.py:190} INFO - [2024-12-22T01:10:01.154+0000] {dag.py:4180} INFO - Setting next_dagrun for dag_python_v02 to 2024-12-22 01:10:00+00:00, run_after=2024-12-22 01:12:00+00:00
[2024-12-22T01:10:01.160+0000] {processor.py:208} INFO - Processing /opt/airflow/dags/dag2_python.py took 0.141 seconds
[2024-12-22T01:10:31.559+0000] {processor.py:186} INFO - Started process (PID=9501) to work on /opt/airflow/dags/dag2_python.py
[2024-12-22T01:10:31.559+0000] {processor.py:914} INFO - Processing file /opt/airflow/dags/dag2_python.py for tasks to queue
[2024-12-22T01:10:31.560+0000] {logging_mixin.py:190} INFO - [2024-12-22T01:10:31.560+0000] {dagbag.py:588} INFO - Filling up the DagBag from /opt/airflow/dags/dag2_python.py
[2024-12-22T01:10:31.569+0000] {processor.py:925} INFO - DAG(s) 'dag_python_v02' retrieved from /opt/airflow/dags/dag2_python.py
[2024-12-22T01:10:31.584+0000] {logging_mixin.py:190} INFO - [2024-12-22T01:10:31.584+0000] {dag.py:3239} INFO - Sync 1 DAGs
[2024-12-22T01:10:31.596+0000] {logging_mixin.py:190} INFO - [2024-12-22T01:10:31.596+0000] {dag.py:4180} INFO - Setting next_dagrun for dag_python_v02 to 2024-12-22 01:10:00+00:00, run_after=2024-12-22 01:12:00+00:00
[2024-12-22T01:10:31.603+0000] {processor.py:208} INFO - Processing /opt/airflow/dags/dag2_python.py took 0.048 seconds
[2024-12-22T01:11:02.047+0000] {processor.py:186} INFO - Started process (PID=9527) to work on /opt/airflow/dags/dag2_python.py
[2024-12-22T01:11:02.048+0000] {processor.py:914} INFO - Processing file /opt/airflow/dags/dag2_python.py for tasks to queue
[2024-12-22T01:11:02.050+0000] {logging_mixin.py:190} INFO - [2024-12-22T01:11:02.050+0000] {dagbag.py:588} INFO - Filling up the DagBag from /opt/airflow/dags/dag2_python.py
[2024-12-22T01:11:02.060+0000] {processor.py:925} INFO - DAG(s) 'dag_python_v02' retrieved from /opt/airflow/dags/dag2_python.py
[2024-12-22T01:11:02.078+0000] {logging_mixin.py:190} INFO - [2024-12-22T01:11:02.078+0000] {dag.py:3239} INFO - Sync 1 DAGs
[2024-12-22T01:11:02.091+0000] {logging_mixin.py:190} INFO - [2024-12-22T01:11:02.091+0000] {dag.py:4180} INFO - Setting next_dagrun for dag_python_v02 to 2024-12-22 01:10:00+00:00, run_after=2024-12-22 01:12:00+00:00
[2024-12-22T01:11:02.099+0000] {processor.py:208} INFO - Processing /opt/airflow/dags/dag2_python.py took 0.056 seconds
[2024-12-22T01:11:32.507+0000] {processor.py:186} INFO - Started process (PID=9553) to work on /opt/airflow/dags/dag2_python.py
[2024-12-22T01:11:32.508+0000] {processor.py:914} INFO - Processing file /opt/airflow/dags/dag2_python.py for tasks to queue
[2024-12-22T01:11:32.509+0000] {logging_mixin.py:190} INFO - [2024-12-22T01:11:32.509+0000] {dagbag.py:588} INFO - Filling up the DagBag from /opt/airflow/dags/dag2_python.py
[2024-12-22T01:11:32.517+0000] {processor.py:925} INFO - DAG(s) 'dag_python_v02' retrieved from /opt/airflow/dags/dag2_python.py
[2024-12-22T01:11:32.529+0000] {logging_mixin.py:190} INFO - [2024-12-22T01:11:32.529+0000] {dag.py:3239} INFO - Sync 1 DAGs
[2024-12-22T01:11:32.540+0000] {logging_mixin.py:190} INFO - [2024-12-22T01:11:32.540+0000] {dag.py:4180} INFO - Setting next_dagrun for dag_python_v02 to 2024-12-22 01:10:00+00:00, run_after=2024-12-22 01:12:00+00:00
[2024-12-22T01:11:32.626+0000] {processor.py:208} INFO - Processing /opt/airflow/dags/dag2_python.py took 0.123 seconds
[2024-12-22T01:12:03.009+0000] {processor.py:186} INFO - Started process (PID=9588) to work on /opt/airflow/dags/dag2_python.py
[2024-12-22T01:12:03.012+0000] {processor.py:914} INFO - Processing file /opt/airflow/dags/dag2_python.py for tasks to queue
[2024-12-22T01:12:03.012+0000] {logging_mixin.py:190} INFO - [2024-12-22T01:12:03.012+0000] {dagbag.py:588} INFO - Filling up the DagBag from /opt/airflow/dags/dag2_python.py
[2024-12-22T01:12:03.022+0000] {processor.py:925} INFO - DAG(s) 'dag_python_v02' retrieved from /opt/airflow/dags/dag2_python.py
[2024-12-22T01:12:03.039+0000] {logging_mixin.py:190} INFO - [2024-12-22T01:12:03.039+0000] {dag.py:3239} INFO - Sync 1 DAGs
[2024-12-22T01:12:03.124+0000] {logging_mixin.py:190} INFO - [2024-12-22T01:12:03.124+0000] {dag.py:4180} INFO - Setting next_dagrun for dag_python_v02 to 2024-12-22 01:12:00+00:00, run_after=2024-12-22 01:14:00+00:00
[2024-12-22T01:12:03.129+0000] {processor.py:208} INFO - Processing /opt/airflow/dags/dag2_python.py took 0.125 seconds
[2024-12-22T01:12:33.475+0000] {processor.py:186} INFO - Started process (PID=9614) to work on /opt/airflow/dags/dag2_python.py
[2024-12-22T01:12:33.476+0000] {processor.py:914} INFO - Processing file /opt/airflow/dags/dag2_python.py for tasks to queue
[2024-12-22T01:12:33.476+0000] {logging_mixin.py:190} INFO - [2024-12-22T01:12:33.476+0000] {dagbag.py:588} INFO - Filling up the DagBag from /opt/airflow/dags/dag2_python.py
[2024-12-22T01:12:33.485+0000] {processor.py:925} INFO - DAG(s) 'dag_python_v02' retrieved from /opt/airflow/dags/dag2_python.py
[2024-12-22T01:12:33.505+0000] {logging_mixin.py:190} INFO - [2024-12-22T01:12:33.504+0000] {dag.py:3239} INFO - Sync 1 DAGs
[2024-12-22T01:12:33.597+0000] {logging_mixin.py:190} INFO - [2024-12-22T01:12:33.597+0000] {dag.py:4180} INFO - Setting next_dagrun for dag_python_v02 to 2024-12-22 01:12:00+00:00, run_after=2024-12-22 01:14:00+00:00
[2024-12-22T01:12:33.607+0000] {processor.py:208} INFO - Processing /opt/airflow/dags/dag2_python.py took 0.136 seconds
[2024-12-22T01:13:03.972+0000] {processor.py:186} INFO - Started process (PID=9640) to work on /opt/airflow/dags/dag2_python.py
[2024-12-22T01:13:03.972+0000] {processor.py:914} INFO - Processing file /opt/airflow/dags/dag2_python.py for tasks to queue
[2024-12-22T01:13:03.973+0000] {logging_mixin.py:190} INFO - [2024-12-22T01:13:03.973+0000] {dagbag.py:588} INFO - Filling up the DagBag from /opt/airflow/dags/dag2_python.py
[2024-12-22T01:13:03.981+0000] {processor.py:925} INFO - DAG(s) 'dag_python_v02' retrieved from /opt/airflow/dags/dag2_python.py
[2024-12-22T01:13:04.084+0000] {logging_mixin.py:190} INFO - [2024-12-22T01:13:04.084+0000] {dag.py:3239} INFO - Sync 1 DAGs
[2024-12-22T01:13:04.091+0000] {logging_mixin.py:190} INFO - [2024-12-22T01:13:04.091+0000] {dag.py:4180} INFO - Setting next_dagrun for dag_python_v02 to 2024-12-22 01:12:00+00:00, run_after=2024-12-22 01:14:00+00:00
[2024-12-22T01:13:04.097+0000] {processor.py:208} INFO - Processing /opt/airflow/dags/dag2_python.py took 0.130 seconds
[2024-12-22T01:13:34.526+0000] {processor.py:186} INFO - Started process (PID=9666) to work on /opt/airflow/dags/dag2_python.py
[2024-12-22T01:13:34.527+0000] {processor.py:914} INFO - Processing file /opt/airflow/dags/dag2_python.py for tasks to queue
[2024-12-22T01:13:34.529+0000] {logging_mixin.py:190} INFO - [2024-12-22T01:13:34.529+0000] {dagbag.py:588} INFO - Filling up the DagBag from /opt/airflow/dags/dag2_python.py
[2024-12-22T01:13:34.536+0000] {processor.py:925} INFO - DAG(s) 'dag_python_v02' retrieved from /opt/airflow/dags/dag2_python.py
[2024-12-22T01:13:34.550+0000] {logging_mixin.py:190} INFO - [2024-12-22T01:13:34.550+0000] {dag.py:3239} INFO - Sync 1 DAGs
[2024-12-22T01:13:34.562+0000] {logging_mixin.py:190} INFO - [2024-12-22T01:13:34.562+0000] {dag.py:4180} INFO - Setting next_dagrun for dag_python_v02 to 2024-12-22 01:12:00+00:00, run_after=2024-12-22 01:14:00+00:00
[2024-12-22T01:13:34.576+0000] {processor.py:208} INFO - Processing /opt/airflow/dags/dag2_python.py took 0.054 seconds
[2024-12-22T01:14:05.000+0000] {processor.py:186} INFO - Started process (PID=9707) to work on /opt/airflow/dags/dag2_python.py
[2024-12-22T01:14:05.001+0000] {processor.py:914} INFO - Processing file /opt/airflow/dags/dag2_python.py for tasks to queue
[2024-12-22T01:14:05.002+0000] {logging_mixin.py:190} INFO - [2024-12-22T01:14:05.001+0000] {dagbag.py:588} INFO - Filling up the DagBag from /opt/airflow/dags/dag2_python.py
[2024-12-22T01:14:05.011+0000] {processor.py:925} INFO - DAG(s) 'dag_python_v02' retrieved from /opt/airflow/dags/dag2_python.py
[2024-12-22T01:14:05.024+0000] {logging_mixin.py:190} INFO - [2024-12-22T01:14:05.024+0000] {dag.py:3239} INFO - Sync 1 DAGs
[2024-12-22T01:14:05.036+0000] {logging_mixin.py:190} INFO - [2024-12-22T01:14:05.036+0000] {dag.py:4180} INFO - Setting next_dagrun for dag_python_v02 to 2024-12-22 01:14:00+00:00, run_after=2024-12-22 01:16:00+00:00
[2024-12-22T01:14:05.048+0000] {processor.py:208} INFO - Processing /opt/airflow/dags/dag2_python.py took 0.052 seconds
[2024-12-22T01:14:35.443+0000] {processor.py:186} INFO - Started process (PID=9733) to work on /opt/airflow/dags/dag2_python.py
[2024-12-22T01:14:35.443+0000] {processor.py:914} INFO - Processing file /opt/airflow/dags/dag2_python.py for tasks to queue
[2024-12-22T01:14:35.445+0000] {logging_mixin.py:190} INFO - [2024-12-22T01:14:35.445+0000] {dagbag.py:588} INFO - Filling up the DagBag from /opt/airflow/dags/dag2_python.py
[2024-12-22T01:14:35.453+0000] {processor.py:925} INFO - DAG(s) 'dag_python_v02' retrieved from /opt/airflow/dags/dag2_python.py
[2024-12-22T01:14:35.469+0000] {logging_mixin.py:190} INFO - [2024-12-22T01:14:35.469+0000] {dag.py:3239} INFO - Sync 1 DAGs
[2024-12-22T01:14:35.561+0000] {logging_mixin.py:190} INFO - [2024-12-22T01:14:35.561+0000] {dag.py:4180} INFO - Setting next_dagrun for dag_python_v02 to 2024-12-22 01:14:00+00:00, run_after=2024-12-22 01:16:00+00:00
[2024-12-22T01:14:35.569+0000] {processor.py:208} INFO - Processing /opt/airflow/dags/dag2_python.py took 0.130 seconds
[2024-12-22T01:15:05.970+0000] {processor.py:186} INFO - Started process (PID=9759) to work on /opt/airflow/dags/dag2_python.py
[2024-12-22T01:15:05.971+0000] {processor.py:914} INFO - Processing file /opt/airflow/dags/dag2_python.py for tasks to queue
[2024-12-22T01:15:05.972+0000] {logging_mixin.py:190} INFO - [2024-12-22T01:15:05.972+0000] {dagbag.py:588} INFO - Filling up the DagBag from /opt/airflow/dags/dag2_python.py
[2024-12-22T01:15:05.981+0000] {processor.py:925} INFO - DAG(s) 'dag_python_v02' retrieved from /opt/airflow/dags/dag2_python.py
[2024-12-22T01:15:05.997+0000] {logging_mixin.py:190} INFO - [2024-12-22T01:15:05.997+0000] {dag.py:3239} INFO - Sync 1 DAGs
[2024-12-22T01:15:06.087+0000] {logging_mixin.py:190} INFO - [2024-12-22T01:15:06.087+0000] {dag.py:4180} INFO - Setting next_dagrun for dag_python_v02 to 2024-12-22 01:14:00+00:00, run_after=2024-12-22 01:16:00+00:00
[2024-12-22T01:15:06.097+0000] {processor.py:208} INFO - Processing /opt/airflow/dags/dag2_python.py took 0.131 seconds
[2024-12-22T01:15:36.493+0000] {processor.py:186} INFO - Started process (PID=9785) to work on /opt/airflow/dags/dag2_python.py
[2024-12-22T01:15:36.493+0000] {processor.py:914} INFO - Processing file /opt/airflow/dags/dag2_python.py for tasks to queue
[2024-12-22T01:15:36.494+0000] {logging_mixin.py:190} INFO - [2024-12-22T01:15:36.494+0000] {dagbag.py:588} INFO - Filling up the DagBag from /opt/airflow/dags/dag2_python.py
[2024-12-22T01:15:36.502+0000] {processor.py:925} INFO - DAG(s) 'dag_python_v02' retrieved from /opt/airflow/dags/dag2_python.py
[2024-12-22T01:15:36.595+0000] {logging_mixin.py:190} INFO - [2024-12-22T01:15:36.595+0000] {dag.py:3239} INFO - Sync 1 DAGs
[2024-12-22T01:15:36.609+0000] {logging_mixin.py:190} INFO - [2024-12-22T01:15:36.609+0000] {dag.py:4180} INFO - Setting next_dagrun for dag_python_v02 to 2024-12-22 01:14:00+00:00, run_after=2024-12-22 01:16:00+00:00
[2024-12-22T01:15:36.616+0000] {processor.py:208} INFO - Processing /opt/airflow/dags/dag2_python.py took 0.127 seconds
[2024-12-22T01:16:07.194+0000] {processor.py:186} INFO - Started process (PID=9820) to work on /opt/airflow/dags/dag2_python.py
[2024-12-22T01:16:07.195+0000] {processor.py:914} INFO - Processing file /opt/airflow/dags/dag2_python.py for tasks to queue
[2024-12-22T01:16:07.195+0000] {logging_mixin.py:190} INFO - [2024-12-22T01:16:07.195+0000] {dagbag.py:588} INFO - Filling up the DagBag from /opt/airflow/dags/dag2_python.py
[2024-12-22T01:16:07.204+0000] {processor.py:925} INFO - DAG(s) 'dag_python_v02' retrieved from /opt/airflow/dags/dag2_python.py
[2024-12-22T01:16:07.219+0000] {logging_mixin.py:190} INFO - [2024-12-22T01:16:07.219+0000] {dag.py:3239} INFO - Sync 1 DAGs
[2024-12-22T01:16:07.229+0000] {logging_mixin.py:190} INFO - [2024-12-22T01:16:07.229+0000] {dag.py:4180} INFO - Setting next_dagrun for dag_python_v02 to 2024-12-22 01:16:00+00:00, run_after=2024-12-22 01:18:00+00:00
[2024-12-22T01:16:07.237+0000] {processor.py:208} INFO - Processing /opt/airflow/dags/dag2_python.py took 0.047 seconds
[2024-12-22T01:16:37.640+0000] {processor.py:186} INFO - Started process (PID=9846) to work on /opt/airflow/dags/dag2_python.py
[2024-12-22T01:16:37.641+0000] {processor.py:914} INFO - Processing file /opt/airflow/dags/dag2_python.py for tasks to queue
[2024-12-22T01:16:37.642+0000] {logging_mixin.py:190} INFO - [2024-12-22T01:16:37.642+0000] {dagbag.py:588} INFO - Filling up the DagBag from /opt/airflow/dags/dag2_python.py
[2024-12-22T01:16:37.650+0000] {processor.py:925} INFO - DAG(s) 'dag_python_v02' retrieved from /opt/airflow/dags/dag2_python.py
[2024-12-22T01:16:37.666+0000] {logging_mixin.py:190} INFO - [2024-12-22T01:16:37.666+0000] {dag.py:3239} INFO - Sync 1 DAGs
[2024-12-22T01:16:37.676+0000] {logging_mixin.py:190} INFO - [2024-12-22T01:16:37.676+0000] {dag.py:4180} INFO - Setting next_dagrun for dag_python_v02 to 2024-12-22 01:16:00+00:00, run_after=2024-12-22 01:18:00+00:00
[2024-12-22T01:16:37.686+0000] {processor.py:208} INFO - Processing /opt/airflow/dags/dag2_python.py took 0.049 seconds
[2024-12-22T01:17:08.190+0000] {processor.py:186} INFO - Started process (PID=9872) to work on /opt/airflow/dags/dag2_python.py
[2024-12-22T01:17:08.190+0000] {processor.py:914} INFO - Processing file /opt/airflow/dags/dag2_python.py for tasks to queue
[2024-12-22T01:17:08.191+0000] {logging_mixin.py:190} INFO - [2024-12-22T01:17:08.191+0000] {dagbag.py:588} INFO - Filling up the DagBag from /opt/airflow/dags/dag2_python.py
[2024-12-22T01:17:08.199+0000] {processor.py:925} INFO - DAG(s) 'dag_python_v02' retrieved from /opt/airflow/dags/dag2_python.py
[2024-12-22T01:17:08.214+0000] {logging_mixin.py:190} INFO - [2024-12-22T01:17:08.214+0000] {dag.py:3239} INFO - Sync 1 DAGs
[2024-12-22T01:17:08.224+0000] {logging_mixin.py:190} INFO - [2024-12-22T01:17:08.224+0000] {dag.py:4180} INFO - Setting next_dagrun for dag_python_v02 to 2024-12-22 01:16:00+00:00, run_after=2024-12-22 01:18:00+00:00
[2024-12-22T01:17:08.234+0000] {processor.py:208} INFO - Processing /opt/airflow/dags/dag2_python.py took 0.049 seconds
[2024-12-22T01:17:38.724+0000] {processor.py:186} INFO - Started process (PID=9898) to work on /opt/airflow/dags/dag2_python.py
[2024-12-22T01:17:38.724+0000] {processor.py:914} INFO - Processing file /opt/airflow/dags/dag2_python.py for tasks to queue
[2024-12-22T01:17:38.725+0000] {logging_mixin.py:190} INFO - [2024-12-22T01:17:38.725+0000] {dagbag.py:588} INFO - Filling up the DagBag from /opt/airflow/dags/dag2_python.py
[2024-12-22T01:17:38.732+0000] {processor.py:925} INFO - DAG(s) 'dag_python_v02' retrieved from /opt/airflow/dags/dag2_python.py
[2024-12-22T01:17:38.745+0000] {logging_mixin.py:190} INFO - [2024-12-22T01:17:38.745+0000] {dag.py:3239} INFO - Sync 1 DAGs
[2024-12-22T01:17:38.756+0000] {logging_mixin.py:190} INFO - [2024-12-22T01:17:38.756+0000] {dag.py:4180} INFO - Setting next_dagrun for dag_python_v02 to 2024-12-22 01:16:00+00:00, run_after=2024-12-22 01:18:00+00:00
[2024-12-22T01:17:38.764+0000] {processor.py:208} INFO - Processing /opt/airflow/dags/dag2_python.py took 0.044 seconds
[2024-12-22T01:18:09.246+0000] {processor.py:186} INFO - Started process (PID=9933) to work on /opt/airflow/dags/dag2_python.py
[2024-12-22T01:18:09.247+0000] {processor.py:914} INFO - Processing file /opt/airflow/dags/dag2_python.py for tasks to queue
[2024-12-22T01:18:09.248+0000] {logging_mixin.py:190} INFO - [2024-12-22T01:18:09.248+0000] {dagbag.py:588} INFO - Filling up the DagBag from /opt/airflow/dags/dag2_python.py
[2024-12-22T01:18:09.256+0000] {processor.py:925} INFO - DAG(s) 'dag_python_v02' retrieved from /opt/airflow/dags/dag2_python.py
[2024-12-22T01:18:09.269+0000] {logging_mixin.py:190} INFO - [2024-12-22T01:18:09.268+0000] {dag.py:3239} INFO - Sync 1 DAGs
[2024-12-22T01:18:09.278+0000] {logging_mixin.py:190} INFO - [2024-12-22T01:18:09.278+0000] {dag.py:4180} INFO - Setting next_dagrun for dag_python_v02 to 2024-12-22 01:18:00+00:00, run_after=2024-12-22 01:20:00+00:00
[2024-12-22T01:18:09.285+0000] {processor.py:208} INFO - Processing /opt/airflow/dags/dag2_python.py took 0.042 seconds
[2024-12-22T01:18:39.800+0000] {processor.py:186} INFO - Started process (PID=9959) to work on /opt/airflow/dags/dag2_python.py
[2024-12-22T01:18:39.801+0000] {processor.py:914} INFO - Processing file /opt/airflow/dags/dag2_python.py for tasks to queue
[2024-12-22T01:18:39.802+0000] {logging_mixin.py:190} INFO - [2024-12-22T01:18:39.802+0000] {dagbag.py:588} INFO - Filling up the DagBag from /opt/airflow/dags/dag2_python.py
[2024-12-22T01:18:39.811+0000] {processor.py:925} INFO - DAG(s) 'dag_python_v02' retrieved from /opt/airflow/dags/dag2_python.py
[2024-12-22T01:18:39.825+0000] {logging_mixin.py:190} INFO - [2024-12-22T01:18:39.825+0000] {dag.py:3239} INFO - Sync 1 DAGs
[2024-12-22T01:18:39.835+0000] {logging_mixin.py:190} INFO - [2024-12-22T01:18:39.835+0000] {dag.py:4180} INFO - Setting next_dagrun for dag_python_v02 to 2024-12-22 01:18:00+00:00, run_after=2024-12-22 01:20:00+00:00
[2024-12-22T01:18:39.844+0000] {processor.py:208} INFO - Processing /opt/airflow/dags/dag2_python.py took 0.047 seconds
[2024-12-22T01:19:10.301+0000] {processor.py:186} INFO - Started process (PID=9985) to work on /opt/airflow/dags/dag2_python.py
[2024-12-22T01:19:10.302+0000] {processor.py:914} INFO - Processing file /opt/airflow/dags/dag2_python.py for tasks to queue
[2024-12-22T01:19:10.303+0000] {logging_mixin.py:190} INFO - [2024-12-22T01:19:10.303+0000] {dagbag.py:588} INFO - Filling up the DagBag from /opt/airflow/dags/dag2_python.py
[2024-12-22T01:19:10.309+0000] {processor.py:925} INFO - DAG(s) 'dag_python_v02' retrieved from /opt/airflow/dags/dag2_python.py
[2024-12-22T01:19:10.322+0000] {logging_mixin.py:190} INFO - [2024-12-22T01:19:10.322+0000] {dag.py:3239} INFO - Sync 1 DAGs
[2024-12-22T01:19:10.333+0000] {logging_mixin.py:190} INFO - [2024-12-22T01:19:10.333+0000] {dag.py:4180} INFO - Setting next_dagrun for dag_python_v02 to 2024-12-22 01:18:00+00:00, run_after=2024-12-22 01:20:00+00:00
[2024-12-22T01:19:10.341+0000] {processor.py:208} INFO - Processing /opt/airflow/dags/dag2_python.py took 0.045 seconds
[2024-12-22T01:19:40.823+0000] {processor.py:186} INFO - Started process (PID=10011) to work on /opt/airflow/dags/dag2_python.py
[2024-12-22T01:19:40.824+0000] {processor.py:914} INFO - Processing file /opt/airflow/dags/dag2_python.py for tasks to queue
[2024-12-22T01:19:40.825+0000] {logging_mixin.py:190} INFO - [2024-12-22T01:19:40.825+0000] {dagbag.py:588} INFO - Filling up the DagBag from /opt/airflow/dags/dag2_python.py
[2024-12-22T01:19:40.834+0000] {processor.py:925} INFO - DAG(s) 'dag_python_v02' retrieved from /opt/airflow/dags/dag2_python.py
[2024-12-22T01:19:40.847+0000] {logging_mixin.py:190} INFO - [2024-12-22T01:19:40.847+0000] {dag.py:3239} INFO - Sync 1 DAGs
[2024-12-22T01:19:40.860+0000] {logging_mixin.py:190} INFO - [2024-12-22T01:19:40.860+0000] {dag.py:4180} INFO - Setting next_dagrun for dag_python_v02 to 2024-12-22 01:18:00+00:00, run_after=2024-12-22 01:20:00+00:00
[2024-12-22T01:19:40.869+0000] {processor.py:208} INFO - Processing /opt/airflow/dags/dag2_python.py took 0.049 seconds
[2024-12-22T01:20:11.346+0000] {processor.py:186} INFO - Started process (PID=10046) to work on /opt/airflow/dags/dag2_python.py
[2024-12-22T01:20:11.347+0000] {processor.py:914} INFO - Processing file /opt/airflow/dags/dag2_python.py for tasks to queue
[2024-12-22T01:20:11.348+0000] {logging_mixin.py:190} INFO - [2024-12-22T01:20:11.347+0000] {dagbag.py:588} INFO - Filling up the DagBag from /opt/airflow/dags/dag2_python.py
[2024-12-22T01:20:11.357+0000] {processor.py:925} INFO - DAG(s) 'dag_python_v02' retrieved from /opt/airflow/dags/dag2_python.py
[2024-12-22T01:20:11.370+0000] {logging_mixin.py:190} INFO - [2024-12-22T01:20:11.370+0000] {dag.py:3239} INFO - Sync 1 DAGs
[2024-12-22T01:20:11.381+0000] {logging_mixin.py:190} INFO - [2024-12-22T01:20:11.381+0000] {dag.py:4180} INFO - Setting next_dagrun for dag_python_v02 to 2024-12-22 01:20:00+00:00, run_after=2024-12-22 01:22:00+00:00
[2024-12-22T01:20:11.390+0000] {processor.py:208} INFO - Processing /opt/airflow/dags/dag2_python.py took 0.048 seconds
[2024-12-22T01:20:41.884+0000] {processor.py:186} INFO - Started process (PID=10072) to work on /opt/airflow/dags/dag2_python.py
[2024-12-22T01:20:41.885+0000] {processor.py:914} INFO - Processing file /opt/airflow/dags/dag2_python.py for tasks to queue
[2024-12-22T01:20:41.886+0000] {logging_mixin.py:190} INFO - [2024-12-22T01:20:41.885+0000] {dagbag.py:588} INFO - Filling up the DagBag from /opt/airflow/dags/dag2_python.py
[2024-12-22T01:20:41.895+0000] {processor.py:925} INFO - DAG(s) 'dag_python_v02' retrieved from /opt/airflow/dags/dag2_python.py
[2024-12-22T01:20:41.911+0000] {logging_mixin.py:190} INFO - [2024-12-22T01:20:41.911+0000] {dag.py:3239} INFO - Sync 1 DAGs
[2024-12-22T01:20:41.924+0000] {logging_mixin.py:190} INFO - [2024-12-22T01:20:41.924+0000] {dag.py:4180} INFO - Setting next_dagrun for dag_python_v02 to 2024-12-22 01:20:00+00:00, run_after=2024-12-22 01:22:00+00:00
[2024-12-22T01:20:41.936+0000] {processor.py:208} INFO - Processing /opt/airflow/dags/dag2_python.py took 0.056 seconds
[2024-12-22T01:21:12.399+0000] {processor.py:186} INFO - Started process (PID=10096) to work on /opt/airflow/dags/dag2_python.py
[2024-12-22T01:21:12.401+0000] {processor.py:914} INFO - Processing file /opt/airflow/dags/dag2_python.py for tasks to queue
[2024-12-22T01:21:12.402+0000] {logging_mixin.py:190} INFO - [2024-12-22T01:21:12.401+0000] {dagbag.py:588} INFO - Filling up the DagBag from /opt/airflow/dags/dag2_python.py
[2024-12-22T01:21:12.416+0000] {processor.py:925} INFO - DAG(s) 'dag_python_v02' retrieved from /opt/airflow/dags/dag2_python.py
[2024-12-22T01:21:12.433+0000] {logging_mixin.py:190} INFO - [2024-12-22T01:21:12.433+0000] {dag.py:3239} INFO - Sync 1 DAGs
[2024-12-22T01:21:12.447+0000] {logging_mixin.py:190} INFO - [2024-12-22T01:21:12.446+0000] {dag.py:4180} INFO - Setting next_dagrun for dag_python_v02 to 2024-12-22 01:20:00+00:00, run_after=2024-12-22 01:22:00+00:00
[2024-12-22T01:21:12.456+0000] {processor.py:208} INFO - Processing /opt/airflow/dags/dag2_python.py took 0.062 seconds
[2024-12-22T01:21:42.917+0000] {processor.py:186} INFO - Started process (PID=10124) to work on /opt/airflow/dags/dag2_python.py
[2024-12-22T01:21:42.917+0000] {processor.py:914} INFO - Processing file /opt/airflow/dags/dag2_python.py for tasks to queue
[2024-12-22T01:21:42.919+0000] {logging_mixin.py:190} INFO - [2024-12-22T01:21:42.919+0000] {dagbag.py:588} INFO - Filling up the DagBag from /opt/airflow/dags/dag2_python.py
[2024-12-22T01:21:42.935+0000] {processor.py:925} INFO - DAG(s) 'dag_python_v02' retrieved from /opt/airflow/dags/dag2_python.py
[2024-12-22T01:21:42.954+0000] {logging_mixin.py:190} INFO - [2024-12-22T01:21:42.954+0000] {dag.py:3239} INFO - Sync 1 DAGs
[2024-12-22T01:21:42.967+0000] {logging_mixin.py:190} INFO - [2024-12-22T01:21:42.966+0000] {dag.py:4180} INFO - Setting next_dagrun for dag_python_v02 to 2024-12-22 01:20:00+00:00, run_after=2024-12-22 01:22:00+00:00
[2024-12-22T01:21:42.977+0000] {processor.py:208} INFO - Processing /opt/airflow/dags/dag2_python.py took 0.066 seconds
[2024-12-22T01:22:13.390+0000] {processor.py:186} INFO - Started process (PID=10158) to work on /opt/airflow/dags/dag2_python.py
[2024-12-22T01:22:13.390+0000] {processor.py:914} INFO - Processing file /opt/airflow/dags/dag2_python.py for tasks to queue
[2024-12-22T01:22:13.392+0000] {logging_mixin.py:190} INFO - [2024-12-22T01:22:13.392+0000] {dagbag.py:588} INFO - Filling up the DagBag from /opt/airflow/dags/dag2_python.py
[2024-12-22T01:22:13.400+0000] {processor.py:925} INFO - DAG(s) 'dag_python_v02' retrieved from /opt/airflow/dags/dag2_python.py
[2024-12-22T01:22:13.414+0000] {logging_mixin.py:190} INFO - [2024-12-22T01:22:13.414+0000] {dag.py:3239} INFO - Sync 1 DAGs
[2024-12-22T01:22:13.426+0000] {logging_mixin.py:190} INFO - [2024-12-22T01:22:13.426+0000] {dag.py:4180} INFO - Setting next_dagrun for dag_python_v02 to 2024-12-22 01:22:00+00:00, run_after=2024-12-22 01:24:00+00:00
[2024-12-22T01:22:13.437+0000] {processor.py:208} INFO - Processing /opt/airflow/dags/dag2_python.py took 0.052 seconds
[2024-12-22T01:22:43.881+0000] {processor.py:186} INFO - Started process (PID=10184) to work on /opt/airflow/dags/dag2_python.py
[2024-12-22T01:22:43.883+0000] {processor.py:914} INFO - Processing file /opt/airflow/dags/dag2_python.py for tasks to queue
[2024-12-22T01:22:43.884+0000] {logging_mixin.py:190} INFO - [2024-12-22T01:22:43.884+0000] {dagbag.py:588} INFO - Filling up the DagBag from /opt/airflow/dags/dag2_python.py
[2024-12-22T01:22:43.893+0000] {processor.py:925} INFO - DAG(s) 'dag_python_v02' retrieved from /opt/airflow/dags/dag2_python.py
[2024-12-22T01:22:43.912+0000] {logging_mixin.py:190} INFO - [2024-12-22T01:22:43.912+0000] {dag.py:3239} INFO - Sync 1 DAGs
[2024-12-22T01:22:43.924+0000] {logging_mixin.py:190} INFO - [2024-12-22T01:22:43.924+0000] {dag.py:4180} INFO - Setting next_dagrun for dag_python_v02 to 2024-12-22 01:22:00+00:00, run_after=2024-12-22 01:24:00+00:00
[2024-12-22T01:22:43.934+0000] {processor.py:208} INFO - Processing /opt/airflow/dags/dag2_python.py took 0.057 seconds
[2024-12-22T01:23:14.370+0000] {processor.py:186} INFO - Started process (PID=10210) to work on /opt/airflow/dags/dag2_python.py
[2024-12-22T01:23:14.371+0000] {processor.py:914} INFO - Processing file /opt/airflow/dags/dag2_python.py for tasks to queue
[2024-12-22T01:23:14.372+0000] {logging_mixin.py:190} INFO - [2024-12-22T01:23:14.371+0000] {dagbag.py:588} INFO - Filling up the DagBag from /opt/airflow/dags/dag2_python.py
[2024-12-22T01:23:14.381+0000] {processor.py:925} INFO - DAG(s) 'dag_python_v02' retrieved from /opt/airflow/dags/dag2_python.py
[2024-12-22T01:23:14.400+0000] {logging_mixin.py:190} INFO - [2024-12-22T01:23:14.400+0000] {dag.py:3239} INFO - Sync 1 DAGs
[2024-12-22T01:23:14.412+0000] {logging_mixin.py:190} INFO - [2024-12-22T01:23:14.412+0000] {dag.py:4180} INFO - Setting next_dagrun for dag_python_v02 to 2024-12-22 01:22:00+00:00, run_after=2024-12-22 01:24:00+00:00
[2024-12-22T01:23:14.420+0000] {processor.py:208} INFO - Processing /opt/airflow/dags/dag2_python.py took 0.055 seconds
[2024-12-22T01:23:44.908+0000] {processor.py:186} INFO - Started process (PID=10236) to work on /opt/airflow/dags/dag2_python.py
[2024-12-22T01:23:44.909+0000] {processor.py:914} INFO - Processing file /opt/airflow/dags/dag2_python.py for tasks to queue
[2024-12-22T01:23:44.909+0000] {logging_mixin.py:190} INFO - [2024-12-22T01:23:44.909+0000] {dagbag.py:588} INFO - Filling up the DagBag from /opt/airflow/dags/dag2_python.py
[2024-12-22T01:23:44.920+0000] {processor.py:925} INFO - DAG(s) 'dag_python_v02' retrieved from /opt/airflow/dags/dag2_python.py
[2024-12-22T01:23:44.937+0000] {logging_mixin.py:190} INFO - [2024-12-22T01:23:44.937+0000] {dag.py:3239} INFO - Sync 1 DAGs
[2024-12-22T01:23:44.951+0000] {logging_mixin.py:190} INFO - [2024-12-22T01:23:44.951+0000] {dag.py:4180} INFO - Setting next_dagrun for dag_python_v02 to 2024-12-22 01:22:00+00:00, run_after=2024-12-22 01:24:00+00:00
[2024-12-22T01:23:44.960+0000] {processor.py:208} INFO - Processing /opt/airflow/dags/dag2_python.py took 0.056 seconds
[2024-12-22T01:24:15.433+0000] {processor.py:186} INFO - Started process (PID=10271) to work on /opt/airflow/dags/dag2_python.py
[2024-12-22T01:24:15.434+0000] {processor.py:914} INFO - Processing file /opt/airflow/dags/dag2_python.py for tasks to queue
[2024-12-22T01:24:15.435+0000] {logging_mixin.py:190} INFO - [2024-12-22T01:24:15.435+0000] {dagbag.py:588} INFO - Filling up the DagBag from /opt/airflow/dags/dag2_python.py
[2024-12-22T01:24:15.445+0000] {processor.py:925} INFO - DAG(s) 'dag_python_v02' retrieved from /opt/airflow/dags/dag2_python.py
[2024-12-22T01:24:15.461+0000] {logging_mixin.py:190} INFO - [2024-12-22T01:24:15.461+0000] {dag.py:3239} INFO - Sync 1 DAGs
[2024-12-22T01:24:15.473+0000] {logging_mixin.py:190} INFO - [2024-12-22T01:24:15.473+0000] {dag.py:4180} INFO - Setting next_dagrun for dag_python_v02 to 2024-12-22 01:24:00+00:00, run_after=2024-12-22 01:26:00+00:00
[2024-12-22T01:24:15.482+0000] {processor.py:208} INFO - Processing /opt/airflow/dags/dag2_python.py took 0.054 seconds
[2024-12-22T01:24:45.876+0000] {processor.py:186} INFO - Started process (PID=10297) to work on /opt/airflow/dags/dag2_python.py
[2024-12-22T01:24:45.876+0000] {processor.py:914} INFO - Processing file /opt/airflow/dags/dag2_python.py for tasks to queue
[2024-12-22T01:24:45.879+0000] {logging_mixin.py:190} INFO - [2024-12-22T01:24:45.878+0000] {dagbag.py:588} INFO - Filling up the DagBag from /opt/airflow/dags/dag2_python.py
[2024-12-22T01:24:45.887+0000] {processor.py:925} INFO - DAG(s) 'dag_python_v02' retrieved from /opt/airflow/dags/dag2_python.py
[2024-12-22T01:24:45.902+0000] {logging_mixin.py:190} INFO - [2024-12-22T01:24:45.902+0000] {dag.py:3239} INFO - Sync 1 DAGs
[2024-12-22T01:24:45.914+0000] {logging_mixin.py:190} INFO - [2024-12-22T01:24:45.914+0000] {dag.py:4180} INFO - Setting next_dagrun for dag_python_v02 to 2024-12-22 01:24:00+00:00, run_after=2024-12-22 01:26:00+00:00
[2024-12-22T01:24:45.926+0000] {processor.py:208} INFO - Processing /opt/airflow/dags/dag2_python.py took 0.053 seconds
[2024-12-22T01:25:16.366+0000] {processor.py:186} INFO - Started process (PID=10323) to work on /opt/airflow/dags/dag2_python.py
[2024-12-22T01:25:16.367+0000] {processor.py:914} INFO - Processing file /opt/airflow/dags/dag2_python.py for tasks to queue
[2024-12-22T01:25:16.368+0000] {logging_mixin.py:190} INFO - [2024-12-22T01:25:16.368+0000] {dagbag.py:588} INFO - Filling up the DagBag from /opt/airflow/dags/dag2_python.py
[2024-12-22T01:25:16.377+0000] {processor.py:925} INFO - DAG(s) 'dag_python_v02' retrieved from /opt/airflow/dags/dag2_python.py
[2024-12-22T01:25:16.390+0000] {logging_mixin.py:190} INFO - [2024-12-22T01:25:16.390+0000] {dag.py:3239} INFO - Sync 1 DAGs
[2024-12-22T01:25:16.402+0000] {logging_mixin.py:190} INFO - [2024-12-22T01:25:16.402+0000] {dag.py:4180} INFO - Setting next_dagrun for dag_python_v02 to 2024-12-22 01:24:00+00:00, run_after=2024-12-22 01:26:00+00:00
[2024-12-22T01:25:16.413+0000] {processor.py:208} INFO - Processing /opt/airflow/dags/dag2_python.py took 0.051 seconds
[2024-12-22T01:25:46.784+0000] {processor.py:186} INFO - Started process (PID=10349) to work on /opt/airflow/dags/dag2_python.py
[2024-12-22T01:25:46.785+0000] {processor.py:914} INFO - Processing file /opt/airflow/dags/dag2_python.py for tasks to queue
[2024-12-22T01:25:46.786+0000] {logging_mixin.py:190} INFO - [2024-12-22T01:25:46.785+0000] {dagbag.py:588} INFO - Filling up the DagBag from /opt/airflow/dags/dag2_python.py
[2024-12-22T01:25:46.795+0000] {processor.py:925} INFO - DAG(s) 'dag_python_v02' retrieved from /opt/airflow/dags/dag2_python.py
[2024-12-22T01:25:46.811+0000] {logging_mixin.py:190} INFO - [2024-12-22T01:25:46.811+0000] {dag.py:3239} INFO - Sync 1 DAGs
[2024-12-22T01:25:46.822+0000] {logging_mixin.py:190} INFO - [2024-12-22T01:25:46.822+0000] {dag.py:4180} INFO - Setting next_dagrun for dag_python_v02 to 2024-12-22 01:24:00+00:00, run_after=2024-12-22 01:26:00+00:00
[2024-12-22T01:25:46.830+0000] {processor.py:208} INFO - Processing /opt/airflow/dags/dag2_python.py took 0.050 seconds
[2024-12-22T01:26:17.244+0000] {processor.py:186} INFO - Started process (PID=10384) to work on /opt/airflow/dags/dag2_python.py
[2024-12-22T01:26:17.245+0000] {processor.py:914} INFO - Processing file /opt/airflow/dags/dag2_python.py for tasks to queue
[2024-12-22T01:26:17.246+0000] {logging_mixin.py:190} INFO - [2024-12-22T01:26:17.245+0000] {dagbag.py:588} INFO - Filling up the DagBag from /opt/airflow/dags/dag2_python.py
[2024-12-22T01:26:17.253+0000] {processor.py:925} INFO - DAG(s) 'dag_python_v02' retrieved from /opt/airflow/dags/dag2_python.py
[2024-12-22T01:26:17.265+0000] {logging_mixin.py:190} INFO - [2024-12-22T01:26:17.265+0000] {dag.py:3239} INFO - Sync 1 DAGs
[2024-12-22T01:26:17.275+0000] {logging_mixin.py:190} INFO - [2024-12-22T01:26:17.275+0000] {dag.py:4180} INFO - Setting next_dagrun for dag_python_v02 to 2024-12-22 01:26:00+00:00, run_after=2024-12-22 01:28:00+00:00
[2024-12-22T01:26:17.283+0000] {processor.py:208} INFO - Processing /opt/airflow/dags/dag2_python.py took 0.042 seconds
[2024-12-22T01:26:47.693+0000] {processor.py:186} INFO - Started process (PID=10410) to work on /opt/airflow/dags/dag2_python.py
[2024-12-22T01:26:47.693+0000] {processor.py:914} INFO - Processing file /opt/airflow/dags/dag2_python.py for tasks to queue
[2024-12-22T01:26:47.694+0000] {logging_mixin.py:190} INFO - [2024-12-22T01:26:47.694+0000] {dagbag.py:588} INFO - Filling up the DagBag from /opt/airflow/dags/dag2_python.py
[2024-12-22T01:26:47.700+0000] {processor.py:925} INFO - DAG(s) 'dag_python_v02' retrieved from /opt/airflow/dags/dag2_python.py
[2024-12-22T01:26:47.710+0000] {logging_mixin.py:190} INFO - [2024-12-22T01:26:47.710+0000] {dag.py:3239} INFO - Sync 1 DAGs
[2024-12-22T01:26:47.723+0000] {logging_mixin.py:190} INFO - [2024-12-22T01:26:47.723+0000] {dag.py:4180} INFO - Setting next_dagrun for dag_python_v02 to 2024-12-22 01:26:00+00:00, run_after=2024-12-22 01:28:00+00:00
[2024-12-22T01:26:47.731+0000] {processor.py:208} INFO - Processing /opt/airflow/dags/dag2_python.py took 0.041 seconds
[2024-12-22T01:27:18.130+0000] {processor.py:186} INFO - Started process (PID=10436) to work on /opt/airflow/dags/dag2_python.py
[2024-12-22T01:27:18.130+0000] {processor.py:914} INFO - Processing file /opt/airflow/dags/dag2_python.py for tasks to queue
[2024-12-22T01:27:18.131+0000] {logging_mixin.py:190} INFO - [2024-12-22T01:27:18.130+0000] {dagbag.py:588} INFO - Filling up the DagBag from /opt/airflow/dags/dag2_python.py
[2024-12-22T01:27:18.137+0000] {processor.py:925} INFO - DAG(s) 'dag_python_v02' retrieved from /opt/airflow/dags/dag2_python.py
[2024-12-22T01:27:18.150+0000] {logging_mixin.py:190} INFO - [2024-12-22T01:27:18.150+0000] {dag.py:3239} INFO - Sync 1 DAGs
[2024-12-22T01:27:18.164+0000] {logging_mixin.py:190} INFO - [2024-12-22T01:27:18.163+0000] {dag.py:4180} INFO - Setting next_dagrun for dag_python_v02 to 2024-12-22 01:26:00+00:00, run_after=2024-12-22 01:28:00+00:00
[2024-12-22T01:27:18.172+0000] {processor.py:208} INFO - Processing /opt/airflow/dags/dag2_python.py took 0.046 seconds
[2024-12-22T01:27:48.561+0000] {processor.py:186} INFO - Started process (PID=10462) to work on /opt/airflow/dags/dag2_python.py
[2024-12-22T01:27:48.562+0000] {processor.py:914} INFO - Processing file /opt/airflow/dags/dag2_python.py for tasks to queue
[2024-12-22T01:27:48.562+0000] {logging_mixin.py:190} INFO - [2024-12-22T01:27:48.562+0000] {dagbag.py:588} INFO - Filling up the DagBag from /opt/airflow/dags/dag2_python.py
[2024-12-22T01:27:48.573+0000] {processor.py:925} INFO - DAG(s) 'dag_python_v02' retrieved from /opt/airflow/dags/dag2_python.py
[2024-12-22T01:27:48.587+0000] {logging_mixin.py:190} INFO - [2024-12-22T01:27:48.587+0000] {dag.py:3239} INFO - Sync 1 DAGs
[2024-12-22T01:27:48.597+0000] {logging_mixin.py:190} INFO - [2024-12-22T01:27:48.597+0000] {dag.py:4180} INFO - Setting next_dagrun for dag_python_v02 to 2024-12-22 01:26:00+00:00, run_after=2024-12-22 01:28:00+00:00
[2024-12-22T01:27:48.606+0000] {processor.py:208} INFO - Processing /opt/airflow/dags/dag2_python.py took 0.048 seconds
[2024-12-22T01:28:19.018+0000] {processor.py:186} INFO - Started process (PID=10497) to work on /opt/airflow/dags/dag2_python.py
[2024-12-22T01:28:19.018+0000] {processor.py:914} INFO - Processing file /opt/airflow/dags/dag2_python.py for tasks to queue
[2024-12-22T01:28:19.019+0000] {logging_mixin.py:190} INFO - [2024-12-22T01:28:19.019+0000] {dagbag.py:588} INFO - Filling up the DagBag from /opt/airflow/dags/dag2_python.py
[2024-12-22T01:28:19.026+0000] {processor.py:925} INFO - DAG(s) 'dag_python_v02' retrieved from /opt/airflow/dags/dag2_python.py
[2024-12-22T01:28:19.039+0000] {logging_mixin.py:190} INFO - [2024-12-22T01:28:19.039+0000] {dag.py:3239} INFO - Sync 1 DAGs
[2024-12-22T01:28:19.048+0000] {logging_mixin.py:190} INFO - [2024-12-22T01:28:19.048+0000] {dag.py:4180} INFO - Setting next_dagrun for dag_python_v02 to 2024-12-22 01:28:00+00:00, run_after=2024-12-22 01:30:00+00:00
[2024-12-22T01:28:19.057+0000] {processor.py:208} INFO - Processing /opt/airflow/dags/dag2_python.py took 0.043 seconds
[2024-12-22T01:28:49.461+0000] {processor.py:186} INFO - Started process (PID=10523) to work on /opt/airflow/dags/dag2_python.py
[2024-12-22T01:28:49.461+0000] {processor.py:914} INFO - Processing file /opt/airflow/dags/dag2_python.py for tasks to queue
[2024-12-22T01:28:49.462+0000] {logging_mixin.py:190} INFO - [2024-12-22T01:28:49.462+0000] {dagbag.py:588} INFO - Filling up the DagBag from /opt/airflow/dags/dag2_python.py
[2024-12-22T01:28:49.470+0000] {processor.py:925} INFO - DAG(s) 'dag_python_v02' retrieved from /opt/airflow/dags/dag2_python.py
[2024-12-22T01:28:49.487+0000] {logging_mixin.py:190} INFO - [2024-12-22T01:28:49.487+0000] {dag.py:3239} INFO - Sync 1 DAGs
[2024-12-22T01:28:49.497+0000] {logging_mixin.py:190} INFO - [2024-12-22T01:28:49.497+0000] {dag.py:4180} INFO - Setting next_dagrun for dag_python_v02 to 2024-12-22 01:28:00+00:00, run_after=2024-12-22 01:30:00+00:00
[2024-12-22T01:28:49.505+0000] {processor.py:208} INFO - Processing /opt/airflow/dags/dag2_python.py took 0.048 seconds
[2024-12-22T03:44:24.443+0000] {processor.py:186} INFO - Started process (PID=180) to work on /opt/airflow/dags/dag2_python.py
[2024-12-22T03:44:24.444+0000] {processor.py:914} INFO - Processing file /opt/airflow/dags/dag2_python.py for tasks to queue
[2024-12-22T03:44:24.446+0000] {logging_mixin.py:190} INFO - [2024-12-22T03:44:24.445+0000] {dagbag.py:588} INFO - Filling up the DagBag from /opt/airflow/dags/dag2_python.py
[2024-12-22T03:44:24.455+0000] {processor.py:925} INFO - DAG(s) 'dag_python_v02' retrieved from /opt/airflow/dags/dag2_python.py
[2024-12-22T03:44:24.495+0000] {logging_mixin.py:190} INFO - [2024-12-22T03:44:24.495+0000] {dag.py:3239} INFO - Sync 1 DAGs
[2024-12-22T03:44:24.518+0000] {logging_mixin.py:190} INFO - [2024-12-22T03:44:24.518+0000] {dag.py:4180} INFO - Setting next_dagrun for dag_python_v02 to 2024-12-22 01:32:00+00:00, run_after=2024-12-22 01:34:00+00:00
[2024-12-22T03:44:24.538+0000] {processor.py:208} INFO - Processing /opt/airflow/dags/dag2_python.py took 0.099 seconds
[2024-12-22T03:44:54.795+0000] {processor.py:186} INFO - Started process (PID=756) to work on /opt/airflow/dags/dag2_python.py
[2024-12-22T03:44:54.796+0000] {processor.py:914} INFO - Processing file /opt/airflow/dags/dag2_python.py for tasks to queue
[2024-12-22T03:44:54.799+0000] {logging_mixin.py:190} INFO - [2024-12-22T03:44:54.799+0000] {dagbag.py:588} INFO - Filling up the DagBag from /opt/airflow/dags/dag2_python.py
[2024-12-22T03:44:54.806+0000] {processor.py:925} INFO - DAG(s) 'dag_python_v02' retrieved from /opt/airflow/dags/dag2_python.py
[2024-12-22T03:44:54.825+0000] {logging_mixin.py:190} INFO - [2024-12-22T03:44:54.824+0000] {dag.py:3239} INFO - Sync 1 DAGs
[2024-12-22T03:44:54.835+0000] {logging_mixin.py:190} INFO - [2024-12-22T03:44:54.835+0000] {dag.py:4180} INFO - Setting next_dagrun for dag_python_v02 to 2024-12-22 03:30:00+00:00, run_after=2024-12-22 03:32:00+00:00
[2024-12-22T03:44:54.846+0000] {processor.py:208} INFO - Processing /opt/airflow/dags/dag2_python.py took 0.054 seconds
[2024-12-22T03:45:25.181+0000] {processor.py:186} INFO - Started process (PID=782) to work on /opt/airflow/dags/dag2_python.py
[2024-12-22T03:45:25.182+0000] {processor.py:914} INFO - Processing file /opt/airflow/dags/dag2_python.py for tasks to queue
[2024-12-22T03:45:25.183+0000] {logging_mixin.py:190} INFO - [2024-12-22T03:45:25.183+0000] {dagbag.py:588} INFO - Filling up the DagBag from /opt/airflow/dags/dag2_python.py
[2024-12-22T03:45:25.190+0000] {processor.py:925} INFO - DAG(s) 'dag_python_v02' retrieved from /opt/airflow/dags/dag2_python.py
[2024-12-22T03:45:25.201+0000] {logging_mixin.py:190} INFO - [2024-12-22T03:45:25.201+0000] {dag.py:3239} INFO - Sync 1 DAGs
[2024-12-22T03:45:25.210+0000] {logging_mixin.py:190} INFO - [2024-12-22T03:45:25.210+0000] {dag.py:4180} INFO - Setting next_dagrun for dag_python_v02 to 2024-12-22 03:30:00+00:00, run_after=2024-12-22 03:32:00+00:00
[2024-12-22T03:45:25.218+0000] {processor.py:208} INFO - Processing /opt/airflow/dags/dag2_python.py took 0.038 seconds
[2024-12-22T03:45:55.622+0000] {processor.py:186} INFO - Started process (PID=808) to work on /opt/airflow/dags/dag2_python.py
[2024-12-22T03:45:55.624+0000] {processor.py:914} INFO - Processing file /opt/airflow/dags/dag2_python.py for tasks to queue
[2024-12-22T03:45:55.625+0000] {logging_mixin.py:190} INFO - [2024-12-22T03:45:55.625+0000] {dagbag.py:588} INFO - Filling up the DagBag from /opt/airflow/dags/dag2_python.py
[2024-12-22T03:45:55.636+0000] {processor.py:925} INFO - DAG(s) 'dag_python_v02' retrieved from /opt/airflow/dags/dag2_python.py
[2024-12-22T03:45:55.652+0000] {logging_mixin.py:190} INFO - [2024-12-22T03:45:55.652+0000] {dag.py:3239} INFO - Sync 1 DAGs
[2024-12-22T03:45:55.662+0000] {logging_mixin.py:190} INFO - [2024-12-22T03:45:55.662+0000] {dag.py:4180} INFO - Setting next_dagrun for dag_python_v02 to 2024-12-22 03:30:00+00:00, run_after=2024-12-22 03:32:00+00:00
[2024-12-22T03:45:55.673+0000] {processor.py:208} INFO - Processing /opt/airflow/dags/dag2_python.py took 0.055 seconds
[2024-12-22T03:46:39.358+0000] {processor.py:186} INFO - Started process (PID=182) to work on /opt/airflow/dags/dag2_python.py
[2024-12-22T03:46:39.359+0000] {processor.py:914} INFO - Processing file /opt/airflow/dags/dag2_python.py for tasks to queue
[2024-12-22T03:46:39.360+0000] {logging_mixin.py:190} INFO - [2024-12-22T03:46:39.359+0000] {dagbag.py:588} INFO - Filling up the DagBag from /opt/airflow/dags/dag2_python.py
[2024-12-22T03:46:39.374+0000] {processor.py:925} INFO - DAG(s) 'dag_python_v02' retrieved from /opt/airflow/dags/dag2_python.py
[2024-12-22T03:46:39.399+0000] {logging_mixin.py:190} INFO - [2024-12-22T03:46:39.398+0000] {dag.py:3239} INFO - Sync 1 DAGs
[2024-12-22T03:46:39.411+0000] {logging_mixin.py:190} INFO - [2024-12-22T03:46:39.411+0000] {dag.py:4180} INFO - Setting next_dagrun for dag_python_v02 to 2024-12-22 03:30:00+00:00, run_after=2024-12-22 03:32:00+00:00
[2024-12-22T03:46:39.420+0000] {processor.py:208} INFO - Processing /opt/airflow/dags/dag2_python.py took 0.065 seconds
[2024-12-22T03:47:09.693+0000] {processor.py:186} INFO - Started process (PID=208) to work on /opt/airflow/dags/dag2_python.py
[2024-12-22T03:47:09.694+0000] {processor.py:914} INFO - Processing file /opt/airflow/dags/dag2_python.py for tasks to queue
[2024-12-22T03:47:09.695+0000] {logging_mixin.py:190} INFO - [2024-12-22T03:47:09.695+0000] {dagbag.py:588} INFO - Filling up the DagBag from /opt/airflow/dags/dag2_python.py
[2024-12-22T03:47:09.701+0000] {processor.py:925} INFO - DAG(s) 'dag_python_v02' retrieved from /opt/airflow/dags/dag2_python.py
[2024-12-22T03:47:09.717+0000] {logging_mixin.py:190} INFO - [2024-12-22T03:47:09.716+0000] {dag.py:3239} INFO - Sync 1 DAGs
[2024-12-22T03:47:09.730+0000] {logging_mixin.py:190} INFO - [2024-12-22T03:47:09.730+0000] {dag.py:4180} INFO - Setting next_dagrun for dag_python_v02 to 2024-12-22 03:30:00+00:00, run_after=2024-12-22 03:32:00+00:00
[2024-12-22T03:47:09.743+0000] {processor.py:208} INFO - Processing /opt/airflow/dags/dag2_python.py took 0.052 seconds
[2024-12-22T03:47:40.092+0000] {processor.py:186} INFO - Started process (PID=234) to work on /opt/airflow/dags/dag2_python.py
[2024-12-22T03:47:40.092+0000] {processor.py:914} INFO - Processing file /opt/airflow/dags/dag2_python.py for tasks to queue
[2024-12-22T03:47:40.094+0000] {logging_mixin.py:190} INFO - [2024-12-22T03:47:40.093+0000] {dagbag.py:588} INFO - Filling up the DagBag from /opt/airflow/dags/dag2_python.py
[2024-12-22T03:47:40.099+0000] {processor.py:925} INFO - DAG(s) 'dag_python_v02' retrieved from /opt/airflow/dags/dag2_python.py
[2024-12-22T03:47:40.112+0000] {logging_mixin.py:190} INFO - [2024-12-22T03:47:40.112+0000] {dag.py:3239} INFO - Sync 1 DAGs
[2024-12-22T03:47:40.121+0000] {logging_mixin.py:190} INFO - [2024-12-22T03:47:40.121+0000] {dag.py:4180} INFO - Setting next_dagrun for dag_python_v02 to 2024-12-22 03:30:00+00:00, run_after=2024-12-22 03:32:00+00:00
[2024-12-22T03:47:40.127+0000] {processor.py:208} INFO - Processing /opt/airflow/dags/dag2_python.py took 0.037 seconds
[2024-12-22T03:48:10.523+0000] {processor.py:186} INFO - Started process (PID=260) to work on /opt/airflow/dags/dag2_python.py
[2024-12-22T03:48:10.524+0000] {processor.py:914} INFO - Processing file /opt/airflow/dags/dag2_python.py for tasks to queue
[2024-12-22T03:48:10.525+0000] {logging_mixin.py:190} INFO - [2024-12-22T03:48:10.525+0000] {dagbag.py:588} INFO - Filling up the DagBag from /opt/airflow/dags/dag2_python.py
[2024-12-22T03:48:10.533+0000] {processor.py:925} INFO - DAG(s) 'dag_python_v02' retrieved from /opt/airflow/dags/dag2_python.py
[2024-12-22T03:48:10.549+0000] {logging_mixin.py:190} INFO - [2024-12-22T03:48:10.549+0000] {dag.py:3239} INFO - Sync 1 DAGs
[2024-12-22T03:48:10.559+0000] {logging_mixin.py:190} INFO - [2024-12-22T03:48:10.559+0000] {dag.py:4180} INFO - Setting next_dagrun for dag_python_v02 to 2024-12-22 03:30:00+00:00, run_after=2024-12-22 03:32:00+00:00
[2024-12-22T03:48:10.568+0000] {processor.py:208} INFO - Processing /opt/airflow/dags/dag2_python.py took 0.050 seconds
[2024-12-22T03:48:40.984+0000] {processor.py:186} INFO - Started process (PID=286) to work on /opt/airflow/dags/dag2_python.py
[2024-12-22T03:48:40.985+0000] {processor.py:914} INFO - Processing file /opt/airflow/dags/dag2_python.py for tasks to queue
[2024-12-22T03:48:40.987+0000] {logging_mixin.py:190} INFO - [2024-12-22T03:48:40.987+0000] {dagbag.py:588} INFO - Filling up the DagBag from /opt/airflow/dags/dag2_python.py
[2024-12-22T03:48:40.994+0000] {processor.py:925} INFO - DAG(s) 'dag_python_v02' retrieved from /opt/airflow/dags/dag2_python.py
[2024-12-22T03:48:41.008+0000] {logging_mixin.py:190} INFO - [2024-12-22T03:48:41.008+0000] {dag.py:3239} INFO - Sync 1 DAGs
[2024-12-22T03:48:41.019+0000] {logging_mixin.py:190} INFO - [2024-12-22T03:48:41.018+0000] {dag.py:4180} INFO - Setting next_dagrun for dag_python_v02 to 2024-12-22 03:30:00+00:00, run_after=2024-12-22 03:32:00+00:00
[2024-12-22T03:48:41.029+0000] {processor.py:208} INFO - Processing /opt/airflow/dags/dag2_python.py took 0.049 seconds
[2024-12-22T03:49:11.416+0000] {processor.py:186} INFO - Started process (PID=312) to work on /opt/airflow/dags/dag2_python.py
[2024-12-22T03:49:11.416+0000] {processor.py:914} INFO - Processing file /opt/airflow/dags/dag2_python.py for tasks to queue
[2024-12-22T03:49:11.417+0000] {logging_mixin.py:190} INFO - [2024-12-22T03:49:11.417+0000] {dagbag.py:588} INFO - Filling up the DagBag from /opt/airflow/dags/dag2_python.py
[2024-12-22T03:49:11.425+0000] {processor.py:925} INFO - DAG(s) 'dag_python_v02' retrieved from /opt/airflow/dags/dag2_python.py
[2024-12-22T03:49:11.440+0000] {logging_mixin.py:190} INFO - [2024-12-22T03:49:11.440+0000] {dag.py:3239} INFO - Sync 1 DAGs
[2024-12-22T03:49:11.450+0000] {logging_mixin.py:190} INFO - [2024-12-22T03:49:11.450+0000] {dag.py:4180} INFO - Setting next_dagrun for dag_python_v02 to 2024-12-22 03:30:00+00:00, run_after=2024-12-22 03:32:00+00:00
[2024-12-22T03:49:11.460+0000] {processor.py:208} INFO - Processing /opt/airflow/dags/dag2_python.py took 0.048 seconds
