[2024-12-22T00:10:44.832+0000] {processor.py:186} INFO - Started process (PID=8894) to work on /opt/airflow/dags/our_first_dag.py
[2024-12-22T00:10:44.834+0000] {processor.py:914} INFO - Processing file /opt/airflow/dags/our_first_dag.py for tasks to queue
[2024-12-22T00:10:44.836+0000] {logging_mixin.py:190} INFO - [2024-12-22T00:10:44.836+0000] {dagbag.py:588} INFO - Filling up the DagBag from /opt/airflow/dags/our_first_dag.py
[2024-12-22T00:10:44.844+0000] {processor.py:925} INFO - DAG(s) 'our_first_dag_v3' retrieved from /opt/airflow/dags/our_first_dag.py
[2024-12-22T00:10:44.857+0000] {logging_mixin.py:190} INFO - [2024-12-22T00:10:44.857+0000] {dag.py:3239} INFO - Sync 1 DAGs
[2024-12-22T00:10:44.994+0000] {logging_mixin.py:190} INFO - [2024-12-22T00:10:44.994+0000] {dag.py:4180} INFO - Setting next_dagrun for our_first_dag_v3 to 2021-07-30 00:00:00+00:00, run_after=2021-07-31 00:00:00+00:00
[2024-12-22T00:10:45.003+0000] {processor.py:208} INFO - Processing /opt/airflow/dags/our_first_dag.py took 0.174 seconds
[2024-12-22T00:40:04.821+0000] {processor.py:186} INFO - Started process (PID=8942) to work on /opt/airflow/dags/our_first_dag.py
[2024-12-22T00:40:04.822+0000] {processor.py:914} INFO - Processing file /opt/airflow/dags/our_first_dag.py for tasks to queue
[2024-12-22T00:40:04.823+0000] {logging_mixin.py:190} INFO - [2024-12-22T00:40:04.823+0000] {dagbag.py:588} INFO - Filling up the DagBag from /opt/airflow/dags/our_first_dag.py
[2024-12-22T00:40:04.844+0000] {processor.py:925} INFO - DAG(s) 'our_first_dag_v3' retrieved from /opt/airflow/dags/our_first_dag.py
[2024-12-22T00:40:04.872+0000] {logging_mixin.py:190} INFO - [2024-12-22T00:40:04.871+0000] {dag.py:3239} INFO - Sync 1 DAGs
[2024-12-22T00:40:05.079+0000] {logging_mixin.py:190} INFO - [2024-12-22T00:40:05.078+0000] {dag.py:4180} INFO - Setting next_dagrun for our_first_dag_v3 to 2021-07-30 00:00:00+00:00, run_after=2021-07-31 00:00:00+00:00
[2024-12-22T00:40:05.099+0000] {processor.py:208} INFO - Processing /opt/airflow/dags/our_first_dag.py took 0.282 seconds
[2024-12-22T00:55:34.405+0000] {processor.py:186} INFO - Started process (PID=9090) to work on /opt/airflow/dags/our_first_dag.py
[2024-12-22T00:55:34.407+0000] {processor.py:914} INFO - Processing file /opt/airflow/dags/our_first_dag.py for tasks to queue
[2024-12-22T00:55:34.411+0000] {logging_mixin.py:190} INFO - [2024-12-22T00:55:34.411+0000] {dagbag.py:588} INFO - Filling up the DagBag from /opt/airflow/dags/our_first_dag.py
[2024-12-22T00:55:34.421+0000] {processor.py:925} INFO - DAG(s) 'our_first_dag_v3' retrieved from /opt/airflow/dags/our_first_dag.py
[2024-12-22T00:55:34.440+0000] {logging_mixin.py:190} INFO - [2024-12-22T00:55:34.439+0000] {dag.py:3239} INFO - Sync 1 DAGs
[2024-12-22T00:55:34.455+0000] {logging_mixin.py:190} INFO - [2024-12-22T00:55:34.455+0000] {dag.py:4180} INFO - Setting next_dagrun for our_first_dag_v3 to 2021-07-30 00:00:00+00:00, run_after=2021-07-31 00:00:00+00:00
[2024-12-22T00:55:34.465+0000] {processor.py:208} INFO - Processing /opt/airflow/dags/our_first_dag.py took 0.063 seconds
[2024-12-22T00:56:04.925+0000] {processor.py:186} INFO - Started process (PID=9188) to work on /opt/airflow/dags/our_first_dag.py
[2024-12-22T00:56:04.927+0000] {processor.py:914} INFO - Processing file /opt/airflow/dags/our_first_dag.py for tasks to queue
[2024-12-22T00:56:04.929+0000] {logging_mixin.py:190} INFO - [2024-12-22T00:56:04.928+0000] {dagbag.py:588} INFO - Filling up the DagBag from /opt/airflow/dags/our_first_dag.py
[2024-12-22T00:56:04.938+0000] {processor.py:925} INFO - DAG(s) 'our_first_dag_v3' retrieved from /opt/airflow/dags/our_first_dag.py
[2024-12-22T00:56:04.954+0000] {logging_mixin.py:190} INFO - [2024-12-22T00:56:04.953+0000] {dag.py:3239} INFO - Sync 1 DAGs
[2024-12-22T00:56:04.965+0000] {logging_mixin.py:190} INFO - [2024-12-22T00:56:04.965+0000] {dag.py:4180} INFO - Setting next_dagrun for our_first_dag_v3 to 2021-07-30 00:00:00+00:00, run_after=2021-07-31 00:00:00+00:00
[2024-12-22T00:56:04.972+0000] {processor.py:208} INFO - Processing /opt/airflow/dags/our_first_dag.py took 0.051 seconds
[2024-12-22T01:05:57.000+0000] {processor.py:186} INFO - Started process (PID=9226) to work on /opt/airflow/dags/our_first_dag.py
[2024-12-22T01:05:57.001+0000] {processor.py:914} INFO - Processing file /opt/airflow/dags/our_first_dag.py for tasks to queue
[2024-12-22T01:05:57.003+0000] {logging_mixin.py:190} INFO - [2024-12-22T01:05:57.003+0000] {dagbag.py:588} INFO - Filling up the DagBag from /opt/airflow/dags/our_first_dag.py
[2024-12-22T01:05:57.017+0000] {processor.py:925} INFO - DAG(s) 'our_first_dag_v3' retrieved from /opt/airflow/dags/our_first_dag.py
[2024-12-22T01:05:57.039+0000] {logging_mixin.py:190} INFO - [2024-12-22T01:05:57.039+0000] {dag.py:3239} INFO - Sync 1 DAGs
[2024-12-22T01:05:57.054+0000] {logging_mixin.py:190} INFO - [2024-12-22T01:05:57.054+0000] {dag.py:4180} INFO - Setting next_dagrun for our_first_dag_v3 to 2021-07-30 00:00:00+00:00, run_after=2021-07-31 00:00:00+00:00
[2024-12-22T01:05:57.075+0000] {processor.py:208} INFO - Processing /opt/airflow/dags/our_first_dag.py took 0.079 seconds
[2024-12-22T01:06:27.593+0000] {processor.py:186} INFO - Started process (PID=9285) to work on /opt/airflow/dags/our_first_dag.py
[2024-12-22T01:06:27.593+0000] {processor.py:914} INFO - Processing file /opt/airflow/dags/our_first_dag.py for tasks to queue
[2024-12-22T01:06:27.594+0000] {logging_mixin.py:190} INFO - [2024-12-22T01:06:27.594+0000] {dagbag.py:588} INFO - Filling up the DagBag from /opt/airflow/dags/our_first_dag.py
[2024-12-22T01:06:27.599+0000] {processor.py:925} INFO - DAG(s) 'our_first_dag_v3' retrieved from /opt/airflow/dags/our_first_dag.py
[2024-12-22T01:06:27.611+0000] {logging_mixin.py:190} INFO - [2024-12-22T01:06:27.611+0000] {dag.py:3239} INFO - Sync 1 DAGs
[2024-12-22T01:06:27.681+0000] {logging_mixin.py:190} INFO - [2024-12-22T01:06:27.681+0000] {dag.py:4180} INFO - Setting next_dagrun for our_first_dag_v3 to 2021-07-30 00:00:00+00:00, run_after=2021-07-31 00:00:00+00:00
[2024-12-22T01:06:27.687+0000] {processor.py:208} INFO - Processing /opt/airflow/dags/our_first_dag.py took 0.096 seconds
[2024-12-22T01:06:58.136+0000] {processor.py:186} INFO - Started process (PID=9311) to work on /opt/airflow/dags/our_first_dag.py
[2024-12-22T01:06:58.137+0000] {processor.py:914} INFO - Processing file /opt/airflow/dags/our_first_dag.py for tasks to queue
[2024-12-22T01:06:58.137+0000] {logging_mixin.py:190} INFO - [2024-12-22T01:06:58.137+0000] {dagbag.py:588} INFO - Filling up the DagBag from /opt/airflow/dags/our_first_dag.py
[2024-12-22T01:06:58.142+0000] {processor.py:925} INFO - DAG(s) 'our_first_dag_v3' retrieved from /opt/airflow/dags/our_first_dag.py
[2024-12-22T01:06:58.154+0000] {logging_mixin.py:190} INFO - [2024-12-22T01:06:58.154+0000] {dag.py:3239} INFO - Sync 1 DAGs
[2024-12-22T01:06:58.228+0000] {logging_mixin.py:190} INFO - [2024-12-22T01:06:58.228+0000] {dag.py:4180} INFO - Setting next_dagrun for our_first_dag_v3 to 2021-07-30 00:00:00+00:00, run_after=2021-07-31 00:00:00+00:00
[2024-12-22T01:06:58.234+0000] {processor.py:208} INFO - Processing /opt/airflow/dags/our_first_dag.py took 0.100 seconds
[2024-12-22T01:07:28.665+0000] {processor.py:186} INFO - Started process (PID=9337) to work on /opt/airflow/dags/our_first_dag.py
[2024-12-22T01:07:28.666+0000] {processor.py:914} INFO - Processing file /opt/airflow/dags/our_first_dag.py for tasks to queue
[2024-12-22T01:07:28.666+0000] {logging_mixin.py:190} INFO - [2024-12-22T01:07:28.666+0000] {dagbag.py:588} INFO - Filling up the DagBag from /opt/airflow/dags/our_first_dag.py
[2024-12-22T01:07:28.674+0000] {processor.py:925} INFO - DAG(s) 'our_first_dag_v3' retrieved from /opt/airflow/dags/our_first_dag.py
[2024-12-22T01:07:28.747+0000] {logging_mixin.py:190} INFO - [2024-12-22T01:07:28.747+0000] {dag.py:3239} INFO - Sync 1 DAGs
[2024-12-22T01:07:28.754+0000] {logging_mixin.py:190} INFO - [2024-12-22T01:07:28.754+0000] {dag.py:4180} INFO - Setting next_dagrun for our_first_dag_v3 to 2021-07-30 00:00:00+00:00, run_after=2021-07-31 00:00:00+00:00
[2024-12-22T01:07:28.759+0000] {processor.py:208} INFO - Processing /opt/airflow/dags/our_first_dag.py took 0.097 seconds
[2024-12-22T01:07:59.095+0000] {processor.py:186} INFO - Started process (PID=9363) to work on /opt/airflow/dags/our_first_dag.py
[2024-12-22T01:07:59.095+0000] {processor.py:914} INFO - Processing file /opt/airflow/dags/our_first_dag.py for tasks to queue
[2024-12-22T01:07:59.096+0000] {logging_mixin.py:190} INFO - [2024-12-22T01:07:59.096+0000] {dagbag.py:588} INFO - Filling up the DagBag from /opt/airflow/dags/our_first_dag.py
[2024-12-22T01:07:59.103+0000] {processor.py:925} INFO - DAG(s) 'our_first_dag_v3' retrieved from /opt/airflow/dags/our_first_dag.py
[2024-12-22T01:07:59.115+0000] {logging_mixin.py:190} INFO - [2024-12-22T01:07:59.114+0000] {dag.py:3239} INFO - Sync 1 DAGs
[2024-12-22T01:07:59.122+0000] {logging_mixin.py:190} INFO - [2024-12-22T01:07:59.122+0000] {dag.py:4180} INFO - Setting next_dagrun for our_first_dag_v3 to 2021-07-30 00:00:00+00:00, run_after=2021-07-31 00:00:00+00:00
[2024-12-22T01:07:59.128+0000] {processor.py:208} INFO - Processing /opt/airflow/dags/our_first_dag.py took 0.036 seconds
[2024-12-22T01:08:29.598+0000] {processor.py:186} INFO - Started process (PID=9398) to work on /opt/airflow/dags/our_first_dag.py
[2024-12-22T01:08:29.598+0000] {processor.py:914} INFO - Processing file /opt/airflow/dags/our_first_dag.py for tasks to queue
[2024-12-22T01:08:29.600+0000] {logging_mixin.py:190} INFO - [2024-12-22T01:08:29.600+0000] {dagbag.py:588} INFO - Filling up the DagBag from /opt/airflow/dags/our_first_dag.py
[2024-12-22T01:08:29.607+0000] {processor.py:925} INFO - DAG(s) 'our_first_dag_v3' retrieved from /opt/airflow/dags/our_first_dag.py
[2024-12-22T01:08:29.622+0000] {logging_mixin.py:190} INFO - [2024-12-22T01:08:29.621+0000] {dag.py:3239} INFO - Sync 1 DAGs
[2024-12-22T01:08:29.631+0000] {logging_mixin.py:190} INFO - [2024-12-22T01:08:29.631+0000] {dag.py:4180} INFO - Setting next_dagrun for our_first_dag_v3 to 2021-07-30 00:00:00+00:00, run_after=2021-07-31 00:00:00+00:00
[2024-12-22T01:08:29.638+0000] {processor.py:208} INFO - Processing /opt/airflow/dags/our_first_dag.py took 0.044 seconds
[2024-12-22T01:09:00.104+0000] {processor.py:186} INFO - Started process (PID=9424) to work on /opt/airflow/dags/our_first_dag.py
[2024-12-22T01:09:00.105+0000] {processor.py:914} INFO - Processing file /opt/airflow/dags/our_first_dag.py for tasks to queue
[2024-12-22T01:09:00.106+0000] {logging_mixin.py:190} INFO - [2024-12-22T01:09:00.106+0000] {dagbag.py:588} INFO - Filling up the DagBag from /opt/airflow/dags/our_first_dag.py
[2024-12-22T01:09:00.111+0000] {processor.py:925} INFO - DAG(s) 'our_first_dag_v3' retrieved from /opt/airflow/dags/our_first_dag.py
[2024-12-22T01:09:00.123+0000] {logging_mixin.py:190} INFO - [2024-12-22T01:09:00.123+0000] {dag.py:3239} INFO - Sync 1 DAGs
[2024-12-22T01:09:00.131+0000] {logging_mixin.py:190} INFO - [2024-12-22T01:09:00.131+0000] {dag.py:4180} INFO - Setting next_dagrun for our_first_dag_v3 to 2021-07-30 00:00:00+00:00, run_after=2021-07-31 00:00:00+00:00
[2024-12-22T01:09:00.201+0000] {processor.py:208} INFO - Processing /opt/airflow/dags/our_first_dag.py took 0.098 seconds
[2024-12-22T01:09:30.647+0000] {processor.py:186} INFO - Started process (PID=9450) to work on /opt/airflow/dags/our_first_dag.py
[2024-12-22T01:09:30.648+0000] {processor.py:914} INFO - Processing file /opt/airflow/dags/our_first_dag.py for tasks to queue
[2024-12-22T01:09:30.649+0000] {logging_mixin.py:190} INFO - [2024-12-22T01:09:30.649+0000] {dagbag.py:588} INFO - Filling up the DagBag from /opt/airflow/dags/our_first_dag.py
[2024-12-22T01:09:30.657+0000] {processor.py:925} INFO - DAG(s) 'our_first_dag_v3' retrieved from /opt/airflow/dags/our_first_dag.py
[2024-12-22T01:09:30.666+0000] {logging_mixin.py:190} INFO - [2024-12-22T01:09:30.666+0000] {dag.py:3239} INFO - Sync 1 DAGs
[2024-12-22T01:09:30.738+0000] {logging_mixin.py:190} INFO - [2024-12-22T01:09:30.737+0000] {dag.py:4180} INFO - Setting next_dagrun for our_first_dag_v3 to 2021-07-30 00:00:00+00:00, run_after=2021-07-31 00:00:00+00:00
[2024-12-22T01:09:30.743+0000] {processor.py:208} INFO - Processing /opt/airflow/dags/our_first_dag.py took 0.098 seconds
[2024-12-22T01:10:01.176+0000] {processor.py:186} INFO - Started process (PID=9482) to work on /opt/airflow/dags/our_first_dag.py
[2024-12-22T01:10:01.176+0000] {processor.py:914} INFO - Processing file /opt/airflow/dags/our_first_dag.py for tasks to queue
[2024-12-22T01:10:01.177+0000] {logging_mixin.py:190} INFO - [2024-12-22T01:10:01.177+0000] {dagbag.py:588} INFO - Filling up the DagBag from /opt/airflow/dags/our_first_dag.py
[2024-12-22T01:10:01.183+0000] {processor.py:925} INFO - DAG(s) 'our_first_dag_v3' retrieved from /opt/airflow/dags/our_first_dag.py
[2024-12-22T01:10:01.269+0000] {logging_mixin.py:190} INFO - [2024-12-22T01:10:01.269+0000] {dag.py:3239} INFO - Sync 1 DAGs
[2024-12-22T01:10:01.276+0000] {logging_mixin.py:190} INFO - [2024-12-22T01:10:01.276+0000] {dag.py:4180} INFO - Setting next_dagrun for our_first_dag_v3 to 2021-07-30 00:00:00+00:00, run_after=2021-07-31 00:00:00+00:00
[2024-12-22T01:10:01.280+0000] {processor.py:208} INFO - Processing /opt/airflow/dags/our_first_dag.py took 0.107 seconds
[2024-12-22T01:10:31.619+0000] {processor.py:186} INFO - Started process (PID=9511) to work on /opt/airflow/dags/our_first_dag.py
[2024-12-22T01:10:31.621+0000] {processor.py:914} INFO - Processing file /opt/airflow/dags/our_first_dag.py for tasks to queue
[2024-12-22T01:10:31.621+0000] {logging_mixin.py:190} INFO - [2024-12-22T01:10:31.621+0000] {dagbag.py:588} INFO - Filling up the DagBag from /opt/airflow/dags/our_first_dag.py
[2024-12-22T01:10:31.627+0000] {processor.py:925} INFO - DAG(s) 'our_first_dag_v3' retrieved from /opt/airflow/dags/our_first_dag.py
[2024-12-22T01:10:31.641+0000] {logging_mixin.py:190} INFO - [2024-12-22T01:10:31.641+0000] {dag.py:3239} INFO - Sync 1 DAGs
[2024-12-22T01:10:31.649+0000] {logging_mixin.py:190} INFO - [2024-12-22T01:10:31.649+0000] {dag.py:4180} INFO - Setting next_dagrun for our_first_dag_v3 to 2021-07-30 00:00:00+00:00, run_after=2021-07-31 00:00:00+00:00
[2024-12-22T01:10:31.654+0000] {processor.py:208} INFO - Processing /opt/airflow/dags/our_first_dag.py took 0.037 seconds
[2024-12-22T01:11:02.123+0000] {processor.py:186} INFO - Started process (PID=9537) to work on /opt/airflow/dags/our_first_dag.py
[2024-12-22T01:11:02.124+0000] {processor.py:914} INFO - Processing file /opt/airflow/dags/our_first_dag.py for tasks to queue
[2024-12-22T01:11:02.124+0000] {logging_mixin.py:190} INFO - [2024-12-22T01:11:02.124+0000] {dagbag.py:588} INFO - Filling up the DagBag from /opt/airflow/dags/our_first_dag.py
[2024-12-22T01:11:02.134+0000] {processor.py:925} INFO - DAG(s) 'our_first_dag_v3' retrieved from /opt/airflow/dags/our_first_dag.py
[2024-12-22T01:11:02.150+0000] {logging_mixin.py:190} INFO - [2024-12-22T01:11:02.150+0000] {dag.py:3239} INFO - Sync 1 DAGs
[2024-12-22T01:11:02.161+0000] {logging_mixin.py:190} INFO - [2024-12-22T01:11:02.161+0000] {dag.py:4180} INFO - Setting next_dagrun for our_first_dag_v3 to 2021-07-30 00:00:00+00:00, run_after=2021-07-31 00:00:00+00:00
[2024-12-22T01:11:02.168+0000] {processor.py:208} INFO - Processing /opt/airflow/dags/our_first_dag.py took 0.048 seconds
[2024-12-22T01:11:32.648+0000] {processor.py:186} INFO - Started process (PID=9563) to work on /opt/airflow/dags/our_first_dag.py
[2024-12-22T01:11:32.649+0000] {processor.py:914} INFO - Processing file /opt/airflow/dags/our_first_dag.py for tasks to queue
[2024-12-22T01:11:32.650+0000] {logging_mixin.py:190} INFO - [2024-12-22T01:11:32.650+0000] {dagbag.py:588} INFO - Filling up the DagBag from /opt/airflow/dags/our_first_dag.py
[2024-12-22T01:11:32.659+0000] {processor.py:925} INFO - DAG(s) 'our_first_dag_v3' retrieved from /opt/airflow/dags/our_first_dag.py
[2024-12-22T01:11:32.669+0000] {logging_mixin.py:190} INFO - [2024-12-22T01:11:32.669+0000] {dag.py:3239} INFO - Sync 1 DAGs
[2024-12-22T01:11:32.677+0000] {logging_mixin.py:190} INFO - [2024-12-22T01:11:32.677+0000] {dag.py:4180} INFO - Setting next_dagrun for our_first_dag_v3 to 2021-07-30 00:00:00+00:00, run_after=2021-07-31 00:00:00+00:00
[2024-12-22T01:11:32.747+0000] {processor.py:208} INFO - Processing /opt/airflow/dags/our_first_dag.py took 0.101 seconds
[2024-12-22T01:12:03.144+0000] {processor.py:186} INFO - Started process (PID=9598) to work on /opt/airflow/dags/our_first_dag.py
[2024-12-22T01:12:03.145+0000] {processor.py:914} INFO - Processing file /opt/airflow/dags/our_first_dag.py for tasks to queue
[2024-12-22T01:12:03.145+0000] {logging_mixin.py:190} INFO - [2024-12-22T01:12:03.145+0000] {dagbag.py:588} INFO - Filling up the DagBag from /opt/airflow/dags/our_first_dag.py
[2024-12-22T01:12:03.151+0000] {processor.py:925} INFO - DAG(s) 'our_first_dag_v3' retrieved from /opt/airflow/dags/our_first_dag.py
[2024-12-22T01:12:03.161+0000] {logging_mixin.py:190} INFO - [2024-12-22T01:12:03.161+0000] {dag.py:3239} INFO - Sync 1 DAGs
[2024-12-22T01:12:03.242+0000] {logging_mixin.py:190} INFO - [2024-12-22T01:12:03.242+0000] {dag.py:4180} INFO - Setting next_dagrun for our_first_dag_v3 to 2021-07-30 00:00:00+00:00, run_after=2021-07-31 00:00:00+00:00
[2024-12-22T01:12:03.251+0000] {processor.py:208} INFO - Processing /opt/airflow/dags/our_first_dag.py took 0.109 seconds
[2024-12-22T01:12:33.622+0000] {processor.py:186} INFO - Started process (PID=9624) to work on /opt/airflow/dags/our_first_dag.py
[2024-12-22T01:12:33.623+0000] {processor.py:914} INFO - Processing file /opt/airflow/dags/our_first_dag.py for tasks to queue
[2024-12-22T01:12:33.624+0000] {logging_mixin.py:190} INFO - [2024-12-22T01:12:33.624+0000] {dagbag.py:588} INFO - Filling up the DagBag from /opt/airflow/dags/our_first_dag.py
[2024-12-22T01:12:33.630+0000] {processor.py:925} INFO - DAG(s) 'our_first_dag_v3' retrieved from /opt/airflow/dags/our_first_dag.py
[2024-12-22T01:12:33.639+0000] {logging_mixin.py:190} INFO - [2024-12-22T01:12:33.639+0000] {dag.py:3239} INFO - Sync 1 DAGs
[2024-12-22T01:12:33.709+0000] {logging_mixin.py:190} INFO - [2024-12-22T01:12:33.709+0000] {dag.py:4180} INFO - Setting next_dagrun for our_first_dag_v3 to 2021-07-30 00:00:00+00:00, run_after=2021-07-31 00:00:00+00:00
[2024-12-22T01:12:33.714+0000] {processor.py:208} INFO - Processing /opt/airflow/dags/our_first_dag.py took 0.095 seconds
[2024-12-22T01:13:04.112+0000] {processor.py:186} INFO - Started process (PID=9650) to work on /opt/airflow/dags/our_first_dag.py
[2024-12-22T01:13:04.113+0000] {processor.py:914} INFO - Processing file /opt/airflow/dags/our_first_dag.py for tasks to queue
[2024-12-22T01:13:04.114+0000] {logging_mixin.py:190} INFO - [2024-12-22T01:13:04.113+0000] {dagbag.py:588} INFO - Filling up the DagBag from /opt/airflow/dags/our_first_dag.py
[2024-12-22T01:13:04.121+0000] {processor.py:925} INFO - DAG(s) 'our_first_dag_v3' retrieved from /opt/airflow/dags/our_first_dag.py
[2024-12-22T01:13:04.192+0000] {logging_mixin.py:190} INFO - [2024-12-22T01:13:04.192+0000] {dag.py:3239} INFO - Sync 1 DAGs
[2024-12-22T01:13:04.199+0000] {logging_mixin.py:190} INFO - [2024-12-22T01:13:04.199+0000] {dag.py:4180} INFO - Setting next_dagrun for our_first_dag_v3 to 2021-07-30 00:00:00+00:00, run_after=2021-07-31 00:00:00+00:00
[2024-12-22T01:13:04.204+0000] {processor.py:208} INFO - Processing /opt/airflow/dags/our_first_dag.py took 0.094 seconds
[2024-12-22T01:13:34.593+0000] {processor.py:186} INFO - Started process (PID=9676) to work on /opt/airflow/dags/our_first_dag.py
[2024-12-22T01:13:34.594+0000] {processor.py:914} INFO - Processing file /opt/airflow/dags/our_first_dag.py for tasks to queue
[2024-12-22T01:13:34.595+0000] {logging_mixin.py:190} INFO - [2024-12-22T01:13:34.594+0000] {dagbag.py:588} INFO - Filling up the DagBag from /opt/airflow/dags/our_first_dag.py
[2024-12-22T01:13:34.601+0000] {processor.py:925} INFO - DAG(s) 'our_first_dag_v3' retrieved from /opt/airflow/dags/our_first_dag.py
[2024-12-22T01:13:34.610+0000] {logging_mixin.py:190} INFO - [2024-12-22T01:13:34.610+0000] {dag.py:3239} INFO - Sync 1 DAGs
[2024-12-22T01:13:34.618+0000] {logging_mixin.py:190} INFO - [2024-12-22T01:13:34.618+0000] {dag.py:4180} INFO - Setting next_dagrun for our_first_dag_v3 to 2021-07-30 00:00:00+00:00, run_after=2021-07-31 00:00:00+00:00
[2024-12-22T01:13:34.624+0000] {processor.py:208} INFO - Processing /opt/airflow/dags/our_first_dag.py took 0.033 seconds
[2024-12-22T01:14:05.067+0000] {processor.py:186} INFO - Started process (PID=9717) to work on /opt/airflow/dags/our_first_dag.py
[2024-12-22T01:14:05.067+0000] {processor.py:914} INFO - Processing file /opt/airflow/dags/our_first_dag.py for tasks to queue
[2024-12-22T01:14:05.067+0000] {logging_mixin.py:190} INFO - [2024-12-22T01:14:05.067+0000] {dagbag.py:588} INFO - Filling up the DagBag from /opt/airflow/dags/our_first_dag.py
[2024-12-22T01:14:05.074+0000] {processor.py:925} INFO - DAG(s) 'our_first_dag_v3' retrieved from /opt/airflow/dags/our_first_dag.py
[2024-12-22T01:14:05.083+0000] {logging_mixin.py:190} INFO - [2024-12-22T01:14:05.083+0000] {dag.py:3239} INFO - Sync 1 DAGs
[2024-12-22T01:14:05.090+0000] {logging_mixin.py:190} INFO - [2024-12-22T01:14:05.090+0000] {dag.py:4180} INFO - Setting next_dagrun for our_first_dag_v3 to 2021-07-30 00:00:00+00:00, run_after=2021-07-31 00:00:00+00:00
[2024-12-22T01:14:05.096+0000] {processor.py:208} INFO - Processing /opt/airflow/dags/our_first_dag.py took 0.032 seconds
[2024-12-22T01:14:35.584+0000] {processor.py:186} INFO - Started process (PID=9743) to work on /opt/airflow/dags/our_first_dag.py
[2024-12-22T01:14:35.584+0000] {processor.py:914} INFO - Processing file /opt/airflow/dags/our_first_dag.py for tasks to queue
[2024-12-22T01:14:35.585+0000] {logging_mixin.py:190} INFO - [2024-12-22T01:14:35.585+0000] {dagbag.py:588} INFO - Filling up the DagBag from /opt/airflow/dags/our_first_dag.py
[2024-12-22T01:14:35.590+0000] {processor.py:925} INFO - DAG(s) 'our_first_dag_v3' retrieved from /opt/airflow/dags/our_first_dag.py
[2024-12-22T01:14:35.601+0000] {logging_mixin.py:190} INFO - [2024-12-22T01:14:35.601+0000] {dag.py:3239} INFO - Sync 1 DAGs
[2024-12-22T01:14:35.677+0000] {logging_mixin.py:190} INFO - [2024-12-22T01:14:35.677+0000] {dag.py:4180} INFO - Setting next_dagrun for our_first_dag_v3 to 2021-07-30 00:00:00+00:00, run_after=2021-07-31 00:00:00+00:00
[2024-12-22T01:14:35.683+0000] {processor.py:208} INFO - Processing /opt/airflow/dags/our_first_dag.py took 0.102 seconds
[2024-12-22T01:15:06.117+0000] {processor.py:186} INFO - Started process (PID=9769) to work on /opt/airflow/dags/our_first_dag.py
[2024-12-22T01:15:06.117+0000] {processor.py:914} INFO - Processing file /opt/airflow/dags/our_first_dag.py for tasks to queue
[2024-12-22T01:15:06.118+0000] {logging_mixin.py:190} INFO - [2024-12-22T01:15:06.118+0000] {dagbag.py:588} INFO - Filling up the DagBag from /opt/airflow/dags/our_first_dag.py
[2024-12-22T01:15:06.123+0000] {processor.py:925} INFO - DAG(s) 'our_first_dag_v3' retrieved from /opt/airflow/dags/our_first_dag.py
[2024-12-22T01:15:06.131+0000] {logging_mixin.py:190} INFO - [2024-12-22T01:15:06.131+0000] {dag.py:3239} INFO - Sync 1 DAGs
[2024-12-22T01:15:06.201+0000] {logging_mixin.py:190} INFO - [2024-12-22T01:15:06.201+0000] {dag.py:4180} INFO - Setting next_dagrun for our_first_dag_v3 to 2021-07-30 00:00:00+00:00, run_after=2021-07-31 00:00:00+00:00
[2024-12-22T01:15:06.207+0000] {processor.py:208} INFO - Processing /opt/airflow/dags/our_first_dag.py took 0.092 seconds
[2024-12-22T01:15:36.630+0000] {processor.py:186} INFO - Started process (PID=9795) to work on /opt/airflow/dags/our_first_dag.py
[2024-12-22T01:15:36.631+0000] {processor.py:914} INFO - Processing file /opt/airflow/dags/our_first_dag.py for tasks to queue
[2024-12-22T01:15:36.631+0000] {logging_mixin.py:190} INFO - [2024-12-22T01:15:36.631+0000] {dagbag.py:588} INFO - Filling up the DagBag from /opt/airflow/dags/our_first_dag.py
[2024-12-22T01:15:36.641+0000] {processor.py:925} INFO - DAG(s) 'our_first_dag_v3' retrieved from /opt/airflow/dags/our_first_dag.py
[2024-12-22T01:15:36.713+0000] {logging_mixin.py:190} INFO - [2024-12-22T01:15:36.713+0000] {dag.py:3239} INFO - Sync 1 DAGs
[2024-12-22T01:15:36.719+0000] {logging_mixin.py:190} INFO - [2024-12-22T01:15:36.719+0000] {dag.py:4180} INFO - Setting next_dagrun for our_first_dag_v3 to 2021-07-30 00:00:00+00:00, run_after=2021-07-31 00:00:00+00:00
[2024-12-22T01:15:36.725+0000] {processor.py:208} INFO - Processing /opt/airflow/dags/our_first_dag.py took 0.097 seconds
[2024-12-22T01:16:07.251+0000] {processor.py:186} INFO - Started process (PID=9830) to work on /opt/airflow/dags/our_first_dag.py
[2024-12-22T01:16:07.254+0000] {processor.py:914} INFO - Processing file /opt/airflow/dags/our_first_dag.py for tasks to queue
[2024-12-22T01:16:07.255+0000] {logging_mixin.py:190} INFO - [2024-12-22T01:16:07.255+0000] {dagbag.py:588} INFO - Filling up the DagBag from /opt/airflow/dags/our_first_dag.py
[2024-12-22T01:16:07.260+0000] {processor.py:925} INFO - DAG(s) 'our_first_dag_v3' retrieved from /opt/airflow/dags/our_first_dag.py
[2024-12-22T01:16:07.276+0000] {logging_mixin.py:190} INFO - [2024-12-22T01:16:07.276+0000] {dag.py:3239} INFO - Sync 1 DAGs
[2024-12-22T01:16:07.284+0000] {logging_mixin.py:190} INFO - [2024-12-22T01:16:07.284+0000] {dag.py:4180} INFO - Setting next_dagrun for our_first_dag_v3 to 2021-07-30 00:00:00+00:00, run_after=2021-07-31 00:00:00+00:00
[2024-12-22T01:16:07.289+0000] {processor.py:208} INFO - Processing /opt/airflow/dags/our_first_dag.py took 0.041 seconds
[2024-12-22T01:16:37.702+0000] {processor.py:186} INFO - Started process (PID=9856) to work on /opt/airflow/dags/our_first_dag.py
[2024-12-22T01:16:37.703+0000] {processor.py:914} INFO - Processing file /opt/airflow/dags/our_first_dag.py for tasks to queue
[2024-12-22T01:16:37.703+0000] {logging_mixin.py:190} INFO - [2024-12-22T01:16:37.703+0000] {dagbag.py:588} INFO - Filling up the DagBag from /opt/airflow/dags/our_first_dag.py
[2024-12-22T01:16:37.711+0000] {processor.py:925} INFO - DAG(s) 'our_first_dag_v3' retrieved from /opt/airflow/dags/our_first_dag.py
[2024-12-22T01:16:37.722+0000] {logging_mixin.py:190} INFO - [2024-12-22T01:16:37.722+0000] {dag.py:3239} INFO - Sync 1 DAGs
[2024-12-22T01:16:37.730+0000] {logging_mixin.py:190} INFO - [2024-12-22T01:16:37.730+0000] {dag.py:4180} INFO - Setting next_dagrun for our_first_dag_v3 to 2021-07-30 00:00:00+00:00, run_after=2021-07-31 00:00:00+00:00
[2024-12-22T01:16:37.736+0000] {processor.py:208} INFO - Processing /opt/airflow/dags/our_first_dag.py took 0.037 seconds
[2024-12-22T01:17:08.259+0000] {processor.py:186} INFO - Started process (PID=9882) to work on /opt/airflow/dags/our_first_dag.py
[2024-12-22T01:17:08.259+0000] {processor.py:914} INFO - Processing file /opt/airflow/dags/our_first_dag.py for tasks to queue
[2024-12-22T01:17:08.260+0000] {logging_mixin.py:190} INFO - [2024-12-22T01:17:08.260+0000] {dagbag.py:588} INFO - Filling up the DagBag from /opt/airflow/dags/our_first_dag.py
[2024-12-22T01:17:08.266+0000] {processor.py:925} INFO - DAG(s) 'our_first_dag_v3' retrieved from /opt/airflow/dags/our_first_dag.py
[2024-12-22T01:17:08.277+0000] {logging_mixin.py:190} INFO - [2024-12-22T01:17:08.277+0000] {dag.py:3239} INFO - Sync 1 DAGs
[2024-12-22T01:17:08.285+0000] {logging_mixin.py:190} INFO - [2024-12-22T01:17:08.285+0000] {dag.py:4180} INFO - Setting next_dagrun for our_first_dag_v3 to 2021-07-30 00:00:00+00:00, run_after=2021-07-31 00:00:00+00:00
[2024-12-22T01:17:08.292+0000] {processor.py:208} INFO - Processing /opt/airflow/dags/our_first_dag.py took 0.036 seconds
[2024-12-22T01:17:38.777+0000] {processor.py:186} INFO - Started process (PID=9908) to work on /opt/airflow/dags/our_first_dag.py
[2024-12-22T01:17:38.778+0000] {processor.py:914} INFO - Processing file /opt/airflow/dags/our_first_dag.py for tasks to queue
[2024-12-22T01:17:38.779+0000] {logging_mixin.py:190} INFO - [2024-12-22T01:17:38.779+0000] {dagbag.py:588} INFO - Filling up the DagBag from /opt/airflow/dags/our_first_dag.py
[2024-12-22T01:17:38.784+0000] {processor.py:925} INFO - DAG(s) 'our_first_dag_v3' retrieved from /opt/airflow/dags/our_first_dag.py
[2024-12-22T01:17:38.797+0000] {logging_mixin.py:190} INFO - [2024-12-22T01:17:38.797+0000] {dag.py:3239} INFO - Sync 1 DAGs
[2024-12-22T01:17:38.805+0000] {logging_mixin.py:190} INFO - [2024-12-22T01:17:38.805+0000] {dag.py:4180} INFO - Setting next_dagrun for our_first_dag_v3 to 2021-07-30 00:00:00+00:00, run_after=2021-07-31 00:00:00+00:00
[2024-12-22T01:17:38.810+0000] {processor.py:208} INFO - Processing /opt/airflow/dags/our_first_dag.py took 0.036 seconds
[2024-12-22T01:18:09.300+0000] {processor.py:186} INFO - Started process (PID=9943) to work on /opt/airflow/dags/our_first_dag.py
[2024-12-22T01:18:09.301+0000] {processor.py:914} INFO - Processing file /opt/airflow/dags/our_first_dag.py for tasks to queue
[2024-12-22T01:18:09.302+0000] {logging_mixin.py:190} INFO - [2024-12-22T01:18:09.302+0000] {dagbag.py:588} INFO - Filling up the DagBag from /opt/airflow/dags/our_first_dag.py
[2024-12-22T01:18:09.310+0000] {processor.py:925} INFO - DAG(s) 'our_first_dag_v3' retrieved from /opt/airflow/dags/our_first_dag.py
[2024-12-22T01:18:09.322+0000] {logging_mixin.py:190} INFO - [2024-12-22T01:18:09.322+0000] {dag.py:3239} INFO - Sync 1 DAGs
[2024-12-22T01:18:09.331+0000] {logging_mixin.py:190} INFO - [2024-12-22T01:18:09.331+0000] {dag.py:4180} INFO - Setting next_dagrun for our_first_dag_v3 to 2021-07-30 00:00:00+00:00, run_after=2021-07-31 00:00:00+00:00
[2024-12-22T01:18:09.336+0000] {processor.py:208} INFO - Processing /opt/airflow/dags/our_first_dag.py took 0.038 seconds
[2024-12-22T01:18:39.865+0000] {processor.py:186} INFO - Started process (PID=9969) to work on /opt/airflow/dags/our_first_dag.py
[2024-12-22T01:18:39.865+0000] {processor.py:914} INFO - Processing file /opt/airflow/dags/our_first_dag.py for tasks to queue
[2024-12-22T01:18:39.866+0000] {logging_mixin.py:190} INFO - [2024-12-22T01:18:39.866+0000] {dagbag.py:588} INFO - Filling up the DagBag from /opt/airflow/dags/our_first_dag.py
[2024-12-22T01:18:39.875+0000] {processor.py:925} INFO - DAG(s) 'our_first_dag_v3' retrieved from /opt/airflow/dags/our_first_dag.py
[2024-12-22T01:18:39.885+0000] {logging_mixin.py:190} INFO - [2024-12-22T01:18:39.885+0000] {dag.py:3239} INFO - Sync 1 DAGs
[2024-12-22T01:18:39.893+0000] {logging_mixin.py:190} INFO - [2024-12-22T01:18:39.893+0000] {dag.py:4180} INFO - Setting next_dagrun for our_first_dag_v3 to 2021-07-30 00:00:00+00:00, run_after=2021-07-31 00:00:00+00:00
[2024-12-22T01:18:39.898+0000] {processor.py:208} INFO - Processing /opt/airflow/dags/our_first_dag.py took 0.037 seconds
[2024-12-22T01:19:10.355+0000] {processor.py:186} INFO - Started process (PID=9995) to work on /opt/airflow/dags/our_first_dag.py
[2024-12-22T01:19:10.356+0000] {processor.py:914} INFO - Processing file /opt/airflow/dags/our_first_dag.py for tasks to queue
[2024-12-22T01:19:10.357+0000] {logging_mixin.py:190} INFO - [2024-12-22T01:19:10.357+0000] {dagbag.py:588} INFO - Filling up the DagBag from /opt/airflow/dags/our_first_dag.py
[2024-12-22T01:19:10.363+0000] {processor.py:925} INFO - DAG(s) 'our_first_dag_v3' retrieved from /opt/airflow/dags/our_first_dag.py
[2024-12-22T01:19:10.374+0000] {logging_mixin.py:190} INFO - [2024-12-22T01:19:10.374+0000] {dag.py:3239} INFO - Sync 1 DAGs
[2024-12-22T01:19:10.383+0000] {logging_mixin.py:190} INFO - [2024-12-22T01:19:10.382+0000] {dag.py:4180} INFO - Setting next_dagrun for our_first_dag_v3 to 2021-07-30 00:00:00+00:00, run_after=2021-07-31 00:00:00+00:00
[2024-12-22T01:19:10.388+0000] {processor.py:208} INFO - Processing /opt/airflow/dags/our_first_dag.py took 0.036 seconds
[2024-12-22T01:19:40.885+0000] {processor.py:186} INFO - Started process (PID=10021) to work on /opt/airflow/dags/our_first_dag.py
[2024-12-22T01:19:40.886+0000] {processor.py:914} INFO - Processing file /opt/airflow/dags/our_first_dag.py for tasks to queue
[2024-12-22T01:19:40.886+0000] {logging_mixin.py:190} INFO - [2024-12-22T01:19:40.886+0000] {dagbag.py:588} INFO - Filling up the DagBag from /opt/airflow/dags/our_first_dag.py
[2024-12-22T01:19:40.892+0000] {processor.py:925} INFO - DAG(s) 'our_first_dag_v3' retrieved from /opt/airflow/dags/our_first_dag.py
[2024-12-22T01:19:40.903+0000] {logging_mixin.py:190} INFO - [2024-12-22T01:19:40.903+0000] {dag.py:3239} INFO - Sync 1 DAGs
[2024-12-22T01:19:40.912+0000] {logging_mixin.py:190} INFO - [2024-12-22T01:19:40.912+0000] {dag.py:4180} INFO - Setting next_dagrun for our_first_dag_v3 to 2021-07-30 00:00:00+00:00, run_after=2021-07-31 00:00:00+00:00
[2024-12-22T01:19:40.917+0000] {processor.py:208} INFO - Processing /opt/airflow/dags/our_first_dag.py took 0.034 seconds
[2024-12-22T01:20:11.408+0000] {processor.py:186} INFO - Started process (PID=10056) to work on /opt/airflow/dags/our_first_dag.py
[2024-12-22T01:20:11.409+0000] {processor.py:914} INFO - Processing file /opt/airflow/dags/our_first_dag.py for tasks to queue
[2024-12-22T01:20:11.410+0000] {logging_mixin.py:190} INFO - [2024-12-22T01:20:11.410+0000] {dagbag.py:588} INFO - Filling up the DagBag from /opt/airflow/dags/our_first_dag.py
[2024-12-22T01:20:11.416+0000] {processor.py:925} INFO - DAG(s) 'our_first_dag_v3' retrieved from /opt/airflow/dags/our_first_dag.py
[2024-12-22T01:20:11.429+0000] {logging_mixin.py:190} INFO - [2024-12-22T01:20:11.429+0000] {dag.py:3239} INFO - Sync 1 DAGs
[2024-12-22T01:20:11.438+0000] {logging_mixin.py:190} INFO - [2024-12-22T01:20:11.438+0000] {dag.py:4180} INFO - Setting next_dagrun for our_first_dag_v3 to 2021-07-30 00:00:00+00:00, run_after=2021-07-31 00:00:00+00:00
[2024-12-22T01:20:11.443+0000] {processor.py:208} INFO - Processing /opt/airflow/dags/our_first_dag.py took 0.038 seconds
[2024-12-22T01:20:41.955+0000] {processor.py:186} INFO - Started process (PID=10082) to work on /opt/airflow/dags/our_first_dag.py
[2024-12-22T01:20:41.956+0000] {processor.py:914} INFO - Processing file /opt/airflow/dags/our_first_dag.py for tasks to queue
[2024-12-22T01:20:41.957+0000] {logging_mixin.py:190} INFO - [2024-12-22T01:20:41.957+0000] {dagbag.py:588} INFO - Filling up the DagBag from /opt/airflow/dags/our_first_dag.py
[2024-12-22T01:20:41.963+0000] {processor.py:925} INFO - DAG(s) 'our_first_dag_v3' retrieved from /opt/airflow/dags/our_first_dag.py
[2024-12-22T01:20:41.973+0000] {logging_mixin.py:190} INFO - [2024-12-22T01:20:41.973+0000] {dag.py:3239} INFO - Sync 1 DAGs
[2024-12-22T01:20:41.985+0000] {logging_mixin.py:190} INFO - [2024-12-22T01:20:41.984+0000] {dag.py:4180} INFO - Setting next_dagrun for our_first_dag_v3 to 2021-07-30 00:00:00+00:00, run_after=2021-07-31 00:00:00+00:00
[2024-12-22T01:20:42.003+0000] {processor.py:208} INFO - Processing /opt/airflow/dags/our_first_dag.py took 0.050 seconds
[2024-12-22T01:21:12.480+0000] {processor.py:186} INFO - Started process (PID=10108) to work on /opt/airflow/dags/our_first_dag.py
[2024-12-22T01:21:12.481+0000] {processor.py:914} INFO - Processing file /opt/airflow/dags/our_first_dag.py for tasks to queue
[2024-12-22T01:21:12.482+0000] {logging_mixin.py:190} INFO - [2024-12-22T01:21:12.481+0000] {dagbag.py:588} INFO - Filling up the DagBag from /opt/airflow/dags/our_first_dag.py
[2024-12-22T01:21:12.490+0000] {processor.py:925} INFO - DAG(s) 'our_first_dag_v3' retrieved from /opt/airflow/dags/our_first_dag.py
[2024-12-22T01:21:12.506+0000] {logging_mixin.py:190} INFO - [2024-12-22T01:21:12.506+0000] {dag.py:3239} INFO - Sync 1 DAGs
[2024-12-22T01:21:12.516+0000] {logging_mixin.py:190} INFO - [2024-12-22T01:21:12.516+0000] {dag.py:4180} INFO - Setting next_dagrun for our_first_dag_v3 to 2021-07-30 00:00:00+00:00, run_after=2021-07-31 00:00:00+00:00
[2024-12-22T01:21:12.522+0000] {processor.py:208} INFO - Processing /opt/airflow/dags/our_first_dag.py took 0.046 seconds
[2024-12-22T01:21:42.995+0000] {processor.py:186} INFO - Started process (PID=10134) to work on /opt/airflow/dags/our_first_dag.py
[2024-12-22T01:21:42.998+0000] {processor.py:914} INFO - Processing file /opt/airflow/dags/our_first_dag.py for tasks to queue
[2024-12-22T01:21:42.999+0000] {logging_mixin.py:190} INFO - [2024-12-22T01:21:42.999+0000] {dagbag.py:588} INFO - Filling up the DagBag from /opt/airflow/dags/our_first_dag.py
[2024-12-22T01:21:43.006+0000] {processor.py:925} INFO - DAG(s) 'our_first_dag_v3' retrieved from /opt/airflow/dags/our_first_dag.py
[2024-12-22T01:21:43.024+0000] {logging_mixin.py:190} INFO - [2024-12-22T01:21:43.024+0000] {dag.py:3239} INFO - Sync 1 DAGs
[2024-12-22T01:21:43.034+0000] {logging_mixin.py:190} INFO - [2024-12-22T01:21:43.034+0000] {dag.py:4180} INFO - Setting next_dagrun for our_first_dag_v3 to 2021-07-30 00:00:00+00:00, run_after=2021-07-31 00:00:00+00:00
[2024-12-22T01:21:43.041+0000] {processor.py:208} INFO - Processing /opt/airflow/dags/our_first_dag.py took 0.049 seconds
[2024-12-22T01:22:13.457+0000] {processor.py:186} INFO - Started process (PID=10168) to work on /opt/airflow/dags/our_first_dag.py
[2024-12-22T01:22:13.457+0000] {processor.py:914} INFO - Processing file /opt/airflow/dags/our_first_dag.py for tasks to queue
[2024-12-22T01:22:13.458+0000] {logging_mixin.py:190} INFO - [2024-12-22T01:22:13.458+0000] {dagbag.py:588} INFO - Filling up the DagBag from /opt/airflow/dags/our_first_dag.py
[2024-12-22T01:22:13.465+0000] {processor.py:925} INFO - DAG(s) 'our_first_dag_v3' retrieved from /opt/airflow/dags/our_first_dag.py
[2024-12-22T01:22:13.474+0000] {logging_mixin.py:190} INFO - [2024-12-22T01:22:13.474+0000] {dag.py:3239} INFO - Sync 1 DAGs
[2024-12-22T01:22:13.483+0000] {logging_mixin.py:190} INFO - [2024-12-22T01:22:13.483+0000] {dag.py:4180} INFO - Setting next_dagrun for our_first_dag_v3 to 2021-07-30 00:00:00+00:00, run_after=2021-07-31 00:00:00+00:00
[2024-12-22T01:22:13.488+0000] {processor.py:208} INFO - Processing /opt/airflow/dags/our_first_dag.py took 0.035 seconds
[2024-12-22T01:22:43.952+0000] {processor.py:186} INFO - Started process (PID=10194) to work on /opt/airflow/dags/our_first_dag.py
[2024-12-22T01:22:43.952+0000] {processor.py:914} INFO - Processing file /opt/airflow/dags/our_first_dag.py for tasks to queue
[2024-12-22T01:22:43.953+0000] {logging_mixin.py:190} INFO - [2024-12-22T01:22:43.953+0000] {dagbag.py:588} INFO - Filling up the DagBag from /opt/airflow/dags/our_first_dag.py
[2024-12-22T01:22:43.965+0000] {processor.py:925} INFO - DAG(s) 'our_first_dag_v3' retrieved from /opt/airflow/dags/our_first_dag.py
[2024-12-22T01:22:43.981+0000] {logging_mixin.py:190} INFO - [2024-12-22T01:22:43.981+0000] {dag.py:3239} INFO - Sync 1 DAGs
[2024-12-22T01:22:43.993+0000] {logging_mixin.py:190} INFO - [2024-12-22T01:22:43.993+0000] {dag.py:4180} INFO - Setting next_dagrun for our_first_dag_v3 to 2021-07-30 00:00:00+00:00, run_after=2021-07-31 00:00:00+00:00
[2024-12-22T01:22:44.000+0000] {processor.py:208} INFO - Processing /opt/airflow/dags/our_first_dag.py took 0.052 seconds
[2024-12-22T01:23:14.446+0000] {processor.py:186} INFO - Started process (PID=10220) to work on /opt/airflow/dags/our_first_dag.py
[2024-12-22T01:23:14.447+0000] {processor.py:914} INFO - Processing file /opt/airflow/dags/our_first_dag.py for tasks to queue
[2024-12-22T01:23:14.448+0000] {logging_mixin.py:190} INFO - [2024-12-22T01:23:14.448+0000] {dagbag.py:588} INFO - Filling up the DagBag from /opt/airflow/dags/our_first_dag.py
[2024-12-22T01:23:14.456+0000] {processor.py:925} INFO - DAG(s) 'our_first_dag_v3' retrieved from /opt/airflow/dags/our_first_dag.py
[2024-12-22T01:23:14.472+0000] {logging_mixin.py:190} INFO - [2024-12-22T01:23:14.472+0000] {dag.py:3239} INFO - Sync 1 DAGs
[2024-12-22T01:23:14.482+0000] {logging_mixin.py:190} INFO - [2024-12-22T01:23:14.482+0000] {dag.py:4180} INFO - Setting next_dagrun for our_first_dag_v3 to 2021-07-30 00:00:00+00:00, run_after=2021-07-31 00:00:00+00:00
[2024-12-22T01:23:14.488+0000] {processor.py:208} INFO - Processing /opt/airflow/dags/our_first_dag.py took 0.046 seconds
[2024-12-22T01:23:44.988+0000] {processor.py:186} INFO - Started process (PID=10246) to work on /opt/airflow/dags/our_first_dag.py
[2024-12-22T01:23:44.988+0000] {processor.py:914} INFO - Processing file /opt/airflow/dags/our_first_dag.py for tasks to queue
[2024-12-22T01:23:44.989+0000] {logging_mixin.py:190} INFO - [2024-12-22T01:23:44.989+0000] {dagbag.py:588} INFO - Filling up the DagBag from /opt/airflow/dags/our_first_dag.py
[2024-12-22T01:23:44.996+0000] {processor.py:925} INFO - DAG(s) 'our_first_dag_v3' retrieved from /opt/airflow/dags/our_first_dag.py
[2024-12-22T01:23:45.012+0000] {logging_mixin.py:190} INFO - [2024-12-22T01:23:45.012+0000] {dag.py:3239} INFO - Sync 1 DAGs
[2024-12-22T01:23:45.022+0000] {logging_mixin.py:190} INFO - [2024-12-22T01:23:45.022+0000] {dag.py:4180} INFO - Setting next_dagrun for our_first_dag_v3 to 2021-07-30 00:00:00+00:00, run_after=2021-07-31 00:00:00+00:00
[2024-12-22T01:23:45.029+0000] {processor.py:208} INFO - Processing /opt/airflow/dags/our_first_dag.py took 0.045 seconds
[2024-12-22T01:24:15.511+0000] {processor.py:186} INFO - Started process (PID=10281) to work on /opt/airflow/dags/our_first_dag.py
[2024-12-22T01:24:15.515+0000] {processor.py:914} INFO - Processing file /opt/airflow/dags/our_first_dag.py for tasks to queue
[2024-12-22T01:24:15.517+0000] {logging_mixin.py:190} INFO - [2024-12-22T01:24:15.517+0000] {dagbag.py:588} INFO - Filling up the DagBag from /opt/airflow/dags/our_first_dag.py
[2024-12-22T01:24:15.525+0000] {processor.py:925} INFO - DAG(s) 'our_first_dag_v3' retrieved from /opt/airflow/dags/our_first_dag.py
[2024-12-22T01:24:15.542+0000] {logging_mixin.py:190} INFO - [2024-12-22T01:24:15.541+0000] {dag.py:3239} INFO - Sync 1 DAGs
[2024-12-22T01:24:15.553+0000] {logging_mixin.py:190} INFO - [2024-12-22T01:24:15.553+0000] {dag.py:4180} INFO - Setting next_dagrun for our_first_dag_v3 to 2021-07-30 00:00:00+00:00, run_after=2021-07-31 00:00:00+00:00
[2024-12-22T01:24:15.560+0000] {processor.py:208} INFO - Processing /opt/airflow/dags/our_first_dag.py took 0.052 seconds
[2024-12-22T01:24:45.945+0000] {processor.py:186} INFO - Started process (PID=10307) to work on /opt/airflow/dags/our_first_dag.py
[2024-12-22T01:24:45.946+0000] {processor.py:914} INFO - Processing file /opt/airflow/dags/our_first_dag.py for tasks to queue
[2024-12-22T01:24:45.947+0000] {logging_mixin.py:190} INFO - [2024-12-22T01:24:45.947+0000] {dagbag.py:588} INFO - Filling up the DagBag from /opt/airflow/dags/our_first_dag.py
[2024-12-22T01:24:45.954+0000] {processor.py:925} INFO - DAG(s) 'our_first_dag_v3' retrieved from /opt/airflow/dags/our_first_dag.py
[2024-12-22T01:24:45.964+0000] {logging_mixin.py:190} INFO - [2024-12-22T01:24:45.963+0000] {dag.py:3239} INFO - Sync 1 DAGs
[2024-12-22T01:24:45.972+0000] {logging_mixin.py:190} INFO - [2024-12-22T01:24:45.972+0000] {dag.py:4180} INFO - Setting next_dagrun for our_first_dag_v3 to 2021-07-30 00:00:00+00:00, run_after=2021-07-31 00:00:00+00:00
[2024-12-22T01:24:45.978+0000] {processor.py:208} INFO - Processing /opt/airflow/dags/our_first_dag.py took 0.036 seconds
[2024-12-22T01:25:16.428+0000] {processor.py:186} INFO - Started process (PID=10333) to work on /opt/airflow/dags/our_first_dag.py
[2024-12-22T01:25:16.429+0000] {processor.py:914} INFO - Processing file /opt/airflow/dags/our_first_dag.py for tasks to queue
[2024-12-22T01:25:16.429+0000] {logging_mixin.py:190} INFO - [2024-12-22T01:25:16.429+0000] {dagbag.py:588} INFO - Filling up the DagBag from /opt/airflow/dags/our_first_dag.py
[2024-12-22T01:25:16.435+0000] {processor.py:925} INFO - DAG(s) 'our_first_dag_v3' retrieved from /opt/airflow/dags/our_first_dag.py
[2024-12-22T01:25:16.447+0000] {logging_mixin.py:190} INFO - [2024-12-22T01:25:16.447+0000] {dag.py:3239} INFO - Sync 1 DAGs
[2024-12-22T01:25:16.455+0000] {logging_mixin.py:190} INFO - [2024-12-22T01:25:16.455+0000] {dag.py:4180} INFO - Setting next_dagrun for our_first_dag_v3 to 2021-07-30 00:00:00+00:00, run_after=2021-07-31 00:00:00+00:00
[2024-12-22T01:25:16.461+0000] {processor.py:208} INFO - Processing /opt/airflow/dags/our_first_dag.py took 0.035 seconds
[2024-12-22T01:25:46.850+0000] {processor.py:186} INFO - Started process (PID=10359) to work on /opt/airflow/dags/our_first_dag.py
[2024-12-22T01:25:46.852+0000] {processor.py:914} INFO - Processing file /opt/airflow/dags/our_first_dag.py for tasks to queue
[2024-12-22T01:25:46.852+0000] {logging_mixin.py:190} INFO - [2024-12-22T01:25:46.852+0000] {dagbag.py:588} INFO - Filling up the DagBag from /opt/airflow/dags/our_first_dag.py
[2024-12-22T01:25:46.859+0000] {processor.py:925} INFO - DAG(s) 'our_first_dag_v3' retrieved from /opt/airflow/dags/our_first_dag.py
[2024-12-22T01:25:46.871+0000] {logging_mixin.py:190} INFO - [2024-12-22T01:25:46.871+0000] {dag.py:3239} INFO - Sync 1 DAGs
[2024-12-22T01:25:46.880+0000] {logging_mixin.py:190} INFO - [2024-12-22T01:25:46.880+0000] {dag.py:4180} INFO - Setting next_dagrun for our_first_dag_v3 to 2021-07-30 00:00:00+00:00, run_after=2021-07-31 00:00:00+00:00
[2024-12-22T01:25:46.885+0000] {processor.py:208} INFO - Processing /opt/airflow/dags/our_first_dag.py took 0.038 seconds
[2024-12-22T01:26:17.298+0000] {processor.py:186} INFO - Started process (PID=10394) to work on /opt/airflow/dags/our_first_dag.py
[2024-12-22T01:26:17.298+0000] {processor.py:914} INFO - Processing file /opt/airflow/dags/our_first_dag.py for tasks to queue
[2024-12-22T01:26:17.299+0000] {logging_mixin.py:190} INFO - [2024-12-22T01:26:17.299+0000] {dagbag.py:588} INFO - Filling up the DagBag from /opt/airflow/dags/our_first_dag.py
[2024-12-22T01:26:17.306+0000] {processor.py:925} INFO - DAG(s) 'our_first_dag_v3' retrieved from /opt/airflow/dags/our_first_dag.py
[2024-12-22T01:26:17.316+0000] {logging_mixin.py:190} INFO - [2024-12-22T01:26:17.316+0000] {dag.py:3239} INFO - Sync 1 DAGs
[2024-12-22T01:26:17.325+0000] {logging_mixin.py:190} INFO - [2024-12-22T01:26:17.324+0000] {dag.py:4180} INFO - Setting next_dagrun for our_first_dag_v3 to 2021-07-30 00:00:00+00:00, run_after=2021-07-31 00:00:00+00:00
[2024-12-22T01:26:17.329+0000] {processor.py:208} INFO - Processing /opt/airflow/dags/our_first_dag.py took 0.034 seconds
[2024-12-22T01:26:47.745+0000] {processor.py:186} INFO - Started process (PID=10420) to work on /opt/airflow/dags/our_first_dag.py
[2024-12-22T01:26:47.749+0000] {processor.py:914} INFO - Processing file /opt/airflow/dags/our_first_dag.py for tasks to queue
[2024-12-22T01:26:47.750+0000] {logging_mixin.py:190} INFO - [2024-12-22T01:26:47.749+0000] {dagbag.py:588} INFO - Filling up the DagBag from /opt/airflow/dags/our_first_dag.py
[2024-12-22T01:26:47.755+0000] {processor.py:925} INFO - DAG(s) 'our_first_dag_v3' retrieved from /opt/airflow/dags/our_first_dag.py
[2024-12-22T01:26:47.769+0000] {logging_mixin.py:190} INFO - [2024-12-22T01:26:47.769+0000] {dag.py:3239} INFO - Sync 1 DAGs
[2024-12-22T01:26:47.777+0000] {logging_mixin.py:190} INFO - [2024-12-22T01:26:47.777+0000] {dag.py:4180} INFO - Setting next_dagrun for our_first_dag_v3 to 2021-07-30 00:00:00+00:00, run_after=2021-07-31 00:00:00+00:00
[2024-12-22T01:26:47.783+0000] {processor.py:208} INFO - Processing /opt/airflow/dags/our_first_dag.py took 0.040 seconds
[2024-12-22T01:27:18.194+0000] {processor.py:186} INFO - Started process (PID=10446) to work on /opt/airflow/dags/our_first_dag.py
[2024-12-22T01:27:18.195+0000] {processor.py:914} INFO - Processing file /opt/airflow/dags/our_first_dag.py for tasks to queue
[2024-12-22T01:27:18.195+0000] {logging_mixin.py:190} INFO - [2024-12-22T01:27:18.195+0000] {dagbag.py:588} INFO - Filling up the DagBag from /opt/airflow/dags/our_first_dag.py
[2024-12-22T01:27:18.204+0000] {processor.py:925} INFO - DAG(s) 'our_first_dag_v3' retrieved from /opt/airflow/dags/our_first_dag.py
[2024-12-22T01:27:18.215+0000] {logging_mixin.py:190} INFO - [2024-12-22T01:27:18.215+0000] {dag.py:3239} INFO - Sync 1 DAGs
[2024-12-22T01:27:18.225+0000] {logging_mixin.py:190} INFO - [2024-12-22T01:27:18.224+0000] {dag.py:4180} INFO - Setting next_dagrun for our_first_dag_v3 to 2021-07-30 00:00:00+00:00, run_after=2021-07-31 00:00:00+00:00
[2024-12-22T01:27:18.231+0000] {processor.py:208} INFO - Processing /opt/airflow/dags/our_first_dag.py took 0.040 seconds
[2024-12-22T01:27:48.619+0000] {processor.py:186} INFO - Started process (PID=10472) to work on /opt/airflow/dags/our_first_dag.py
[2024-12-22T01:27:48.620+0000] {processor.py:914} INFO - Processing file /opt/airflow/dags/our_first_dag.py for tasks to queue
[2024-12-22T01:27:48.621+0000] {logging_mixin.py:190} INFO - [2024-12-22T01:27:48.620+0000] {dagbag.py:588} INFO - Filling up the DagBag from /opt/airflow/dags/our_first_dag.py
[2024-12-22T01:27:48.626+0000] {processor.py:925} INFO - DAG(s) 'our_first_dag_v3' retrieved from /opt/airflow/dags/our_first_dag.py
[2024-12-22T01:27:48.641+0000] {logging_mixin.py:190} INFO - [2024-12-22T01:27:48.641+0000] {dag.py:3239} INFO - Sync 1 DAGs
[2024-12-22T01:27:48.649+0000] {logging_mixin.py:190} INFO - [2024-12-22T01:27:48.649+0000] {dag.py:4180} INFO - Setting next_dagrun for our_first_dag_v3 to 2021-07-30 00:00:00+00:00, run_after=2021-07-31 00:00:00+00:00
[2024-12-22T01:27:48.655+0000] {processor.py:208} INFO - Processing /opt/airflow/dags/our_first_dag.py took 0.039 seconds
[2024-12-22T01:28:19.079+0000] {processor.py:186} INFO - Started process (PID=10507) to work on /opt/airflow/dags/our_first_dag.py
[2024-12-22T01:28:19.079+0000] {processor.py:914} INFO - Processing file /opt/airflow/dags/our_first_dag.py for tasks to queue
[2024-12-22T01:28:19.080+0000] {logging_mixin.py:190} INFO - [2024-12-22T01:28:19.080+0000] {dagbag.py:588} INFO - Filling up the DagBag from /opt/airflow/dags/our_first_dag.py
[2024-12-22T01:28:19.086+0000] {processor.py:925} INFO - DAG(s) 'our_first_dag_v3' retrieved from /opt/airflow/dags/our_first_dag.py
[2024-12-22T01:28:19.098+0000] {logging_mixin.py:190} INFO - [2024-12-22T01:28:19.097+0000] {dag.py:3239} INFO - Sync 1 DAGs
[2024-12-22T01:28:19.107+0000] {logging_mixin.py:190} INFO - [2024-12-22T01:28:19.107+0000] {dag.py:4180} INFO - Setting next_dagrun for our_first_dag_v3 to 2021-07-30 00:00:00+00:00, run_after=2021-07-31 00:00:00+00:00
[2024-12-22T01:28:19.113+0000] {processor.py:208} INFO - Processing /opt/airflow/dags/our_first_dag.py took 0.037 seconds
[2024-12-22T01:28:49.521+0000] {processor.py:186} INFO - Started process (PID=10533) to work on /opt/airflow/dags/our_first_dag.py
[2024-12-22T01:28:49.521+0000] {processor.py:914} INFO - Processing file /opt/airflow/dags/our_first_dag.py for tasks to queue
[2024-12-22T01:28:49.522+0000] {logging_mixin.py:190} INFO - [2024-12-22T01:28:49.522+0000] {dagbag.py:588} INFO - Filling up the DagBag from /opt/airflow/dags/our_first_dag.py
[2024-12-22T01:28:49.529+0000] {processor.py:925} INFO - DAG(s) 'our_first_dag_v3' retrieved from /opt/airflow/dags/our_first_dag.py
[2024-12-22T01:28:49.540+0000] {logging_mixin.py:190} INFO - [2024-12-22T01:28:49.540+0000] {dag.py:3239} INFO - Sync 1 DAGs
[2024-12-22T01:28:49.548+0000] {logging_mixin.py:190} INFO - [2024-12-22T01:28:49.548+0000] {dag.py:4180} INFO - Setting next_dagrun for our_first_dag_v3 to 2021-07-30 00:00:00+00:00, run_after=2021-07-31 00:00:00+00:00
[2024-12-22T01:28:49.553+0000] {processor.py:208} INFO - Processing /opt/airflow/dags/our_first_dag.py took 0.035 seconds
[2024-12-22T03:44:24.567+0000] {processor.py:186} INFO - Started process (PID=195) to work on /opt/airflow/dags/our_first_dag.py
[2024-12-22T03:44:24.570+0000] {processor.py:914} INFO - Processing file /opt/airflow/dags/our_first_dag.py for tasks to queue
[2024-12-22T03:44:24.572+0000] {logging_mixin.py:190} INFO - [2024-12-22T03:44:24.572+0000] {dagbag.py:588} INFO - Filling up the DagBag from /opt/airflow/dags/our_first_dag.py
[2024-12-22T03:44:24.581+0000] {processor.py:925} INFO - DAG(s) 'our_first_dag_v3' retrieved from /opt/airflow/dags/our_first_dag.py
[2024-12-22T03:44:24.609+0000] {logging_mixin.py:190} INFO - [2024-12-22T03:44:24.609+0000] {dag.py:3239} INFO - Sync 1 DAGs
[2024-12-22T03:44:24.626+0000] {logging_mixin.py:190} INFO - [2024-12-22T03:44:24.626+0000] {dag.py:4180} INFO - Setting next_dagrun for our_first_dag_v3 to 2021-07-30 00:00:00+00:00, run_after=2021-07-31 00:00:00+00:00
[2024-12-22T03:44:24.638+0000] {processor.py:208} INFO - Processing /opt/airflow/dags/our_first_dag.py took 0.076 seconds
[2024-12-22T03:44:54.869+0000] {processor.py:186} INFO - Started process (PID=766) to work on /opt/airflow/dags/our_first_dag.py
[2024-12-22T03:44:54.869+0000] {processor.py:914} INFO - Processing file /opt/airflow/dags/our_first_dag.py for tasks to queue
[2024-12-22T03:44:54.870+0000] {logging_mixin.py:190} INFO - [2024-12-22T03:44:54.870+0000] {dagbag.py:588} INFO - Filling up the DagBag from /opt/airflow/dags/our_first_dag.py
[2024-12-22T03:44:54.879+0000] {processor.py:925} INFO - DAG(s) 'our_first_dag_v3' retrieved from /opt/airflow/dags/our_first_dag.py
[2024-12-22T03:44:54.898+0000] {logging_mixin.py:190} INFO - [2024-12-22T03:44:54.898+0000] {dag.py:3239} INFO - Sync 1 DAGs
[2024-12-22T03:44:54.907+0000] {logging_mixin.py:190} INFO - [2024-12-22T03:44:54.907+0000] {dag.py:4180} INFO - Setting next_dagrun for our_first_dag_v3 to 2021-07-30 00:00:00+00:00, run_after=2021-07-31 00:00:00+00:00
[2024-12-22T03:44:54.913+0000] {processor.py:208} INFO - Processing /opt/airflow/dags/our_first_dag.py took 0.047 seconds
[2024-12-22T03:45:25.233+0000] {processor.py:186} INFO - Started process (PID=792) to work on /opt/airflow/dags/our_first_dag.py
[2024-12-22T03:45:25.233+0000] {processor.py:914} INFO - Processing file /opt/airflow/dags/our_first_dag.py for tasks to queue
[2024-12-22T03:45:25.234+0000] {logging_mixin.py:190} INFO - [2024-12-22T03:45:25.234+0000] {dagbag.py:588} INFO - Filling up the DagBag from /opt/airflow/dags/our_first_dag.py
[2024-12-22T03:45:25.241+0000] {processor.py:925} INFO - DAG(s) 'our_first_dag_v3' retrieved from /opt/airflow/dags/our_first_dag.py
[2024-12-22T03:45:25.253+0000] {logging_mixin.py:190} INFO - [2024-12-22T03:45:25.253+0000] {dag.py:3239} INFO - Sync 1 DAGs
[2024-12-22T03:45:25.262+0000] {logging_mixin.py:190} INFO - [2024-12-22T03:45:25.262+0000] {dag.py:4180} INFO - Setting next_dagrun for our_first_dag_v3 to 2021-07-30 00:00:00+00:00, run_after=2021-07-31 00:00:00+00:00
[2024-12-22T03:45:25.267+0000] {processor.py:208} INFO - Processing /opt/airflow/dags/our_first_dag.py took 0.037 seconds
[2024-12-22T03:45:55.689+0000] {processor.py:186} INFO - Started process (PID=818) to work on /opt/airflow/dags/our_first_dag.py
[2024-12-22T03:45:55.689+0000] {processor.py:914} INFO - Processing file /opt/airflow/dags/our_first_dag.py for tasks to queue
[2024-12-22T03:45:55.691+0000] {logging_mixin.py:190} INFO - [2024-12-22T03:45:55.691+0000] {dagbag.py:588} INFO - Filling up the DagBag from /opt/airflow/dags/our_first_dag.py
[2024-12-22T03:45:55.699+0000] {processor.py:925} INFO - DAG(s) 'our_first_dag_v3' retrieved from /opt/airflow/dags/our_first_dag.py
[2024-12-22T03:45:55.710+0000] {logging_mixin.py:190} INFO - [2024-12-22T03:45:55.710+0000] {dag.py:3239} INFO - Sync 1 DAGs
[2024-12-22T03:45:55.718+0000] {logging_mixin.py:190} INFO - [2024-12-22T03:45:55.718+0000] {dag.py:4180} INFO - Setting next_dagrun for our_first_dag_v3 to 2021-07-30 00:00:00+00:00, run_after=2021-07-31 00:00:00+00:00
[2024-12-22T03:45:55.724+0000] {processor.py:208} INFO - Processing /opt/airflow/dags/our_first_dag.py took 0.038 seconds
[2024-12-22T03:46:39.436+0000] {processor.py:186} INFO - Started process (PID=193) to work on /opt/airflow/dags/our_first_dag.py
[2024-12-22T03:46:39.436+0000] {processor.py:914} INFO - Processing file /opt/airflow/dags/our_first_dag.py for tasks to queue
[2024-12-22T03:46:39.437+0000] {logging_mixin.py:190} INFO - [2024-12-22T03:46:39.437+0000] {dagbag.py:588} INFO - Filling up the DagBag from /opt/airflow/dags/our_first_dag.py
[2024-12-22T03:46:39.443+0000] {processor.py:925} INFO - DAG(s) 'our_first_dag_v3' retrieved from /opt/airflow/dags/our_first_dag.py
[2024-12-22T03:46:39.453+0000] {logging_mixin.py:190} INFO - [2024-12-22T03:46:39.453+0000] {dag.py:3239} INFO - Sync 1 DAGs
[2024-12-22T03:46:39.463+0000] {logging_mixin.py:190} INFO - [2024-12-22T03:46:39.463+0000] {dag.py:4180} INFO - Setting next_dagrun for our_first_dag_v3 to 2021-07-30 00:00:00+00:00, run_after=2021-07-31 00:00:00+00:00
[2024-12-22T03:46:39.469+0000] {processor.py:208} INFO - Processing /opt/airflow/dags/our_first_dag.py took 0.035 seconds
[2024-12-22T03:47:09.759+0000] {processor.py:186} INFO - Started process (PID=218) to work on /opt/airflow/dags/our_first_dag.py
[2024-12-22T03:47:09.761+0000] {processor.py:914} INFO - Processing file /opt/airflow/dags/our_first_dag.py for tasks to queue
[2024-12-22T03:47:09.762+0000] {logging_mixin.py:190} INFO - [2024-12-22T03:47:09.762+0000] {dagbag.py:588} INFO - Filling up the DagBag from /opt/airflow/dags/our_first_dag.py
[2024-12-22T03:47:09.769+0000] {processor.py:925} INFO - DAG(s) 'our_first_dag_v3' retrieved from /opt/airflow/dags/our_first_dag.py
[2024-12-22T03:47:09.781+0000] {logging_mixin.py:190} INFO - [2024-12-22T03:47:09.781+0000] {dag.py:3239} INFO - Sync 1 DAGs
[2024-12-22T03:47:09.790+0000] {logging_mixin.py:190} INFO - [2024-12-22T03:47:09.790+0000] {dag.py:4180} INFO - Setting next_dagrun for our_first_dag_v3 to 2021-07-30 00:00:00+00:00, run_after=2021-07-31 00:00:00+00:00
[2024-12-22T03:47:09.797+0000] {processor.py:208} INFO - Processing /opt/airflow/dags/our_first_dag.py took 0.040 seconds
[2024-12-22T03:47:40.148+0000] {processor.py:186} INFO - Started process (PID=244) to work on /opt/airflow/dags/our_first_dag.py
[2024-12-22T03:47:40.152+0000] {processor.py:914} INFO - Processing file /opt/airflow/dags/our_first_dag.py for tasks to queue
[2024-12-22T03:47:40.153+0000] {logging_mixin.py:190} INFO - [2024-12-22T03:47:40.152+0000] {dagbag.py:588} INFO - Filling up the DagBag from /opt/airflow/dags/our_first_dag.py
[2024-12-22T03:47:40.159+0000] {processor.py:925} INFO - DAG(s) 'our_first_dag_v3' retrieved from /opt/airflow/dags/our_first_dag.py
[2024-12-22T03:47:40.170+0000] {logging_mixin.py:190} INFO - [2024-12-22T03:47:40.170+0000] {dag.py:3239} INFO - Sync 1 DAGs
[2024-12-22T03:47:40.178+0000] {logging_mixin.py:190} INFO - [2024-12-22T03:47:40.178+0000] {dag.py:4180} INFO - Setting next_dagrun for our_first_dag_v3 to 2021-07-30 00:00:00+00:00, run_after=2021-07-31 00:00:00+00:00
[2024-12-22T03:47:40.184+0000] {processor.py:208} INFO - Processing /opt/airflow/dags/our_first_dag.py took 0.038 seconds
[2024-12-22T03:48:10.584+0000] {processor.py:186} INFO - Started process (PID=270) to work on /opt/airflow/dags/our_first_dag.py
[2024-12-22T03:48:10.585+0000] {processor.py:914} INFO - Processing file /opt/airflow/dags/our_first_dag.py for tasks to queue
[2024-12-22T03:48:10.586+0000] {logging_mixin.py:190} INFO - [2024-12-22T03:48:10.586+0000] {dagbag.py:588} INFO - Filling up the DagBag from /opt/airflow/dags/our_first_dag.py
[2024-12-22T03:48:10.594+0000] {processor.py:925} INFO - DAG(s) 'our_first_dag_v3' retrieved from /opt/airflow/dags/our_first_dag.py
[2024-12-22T03:48:10.607+0000] {logging_mixin.py:190} INFO - [2024-12-22T03:48:10.607+0000] {dag.py:3239} INFO - Sync 1 DAGs
[2024-12-22T03:48:10.616+0000] {logging_mixin.py:190} INFO - [2024-12-22T03:48:10.616+0000] {dag.py:4180} INFO - Setting next_dagrun for our_first_dag_v3 to 2021-07-30 00:00:00+00:00, run_after=2021-07-31 00:00:00+00:00
[2024-12-22T03:48:10.626+0000] {processor.py:208} INFO - Processing /opt/airflow/dags/our_first_dag.py took 0.044 seconds
[2024-12-22T03:48:41.041+0000] {processor.py:186} INFO - Started process (PID=296) to work on /opt/airflow/dags/our_first_dag.py
[2024-12-22T03:48:41.042+0000] {processor.py:914} INFO - Processing file /opt/airflow/dags/our_first_dag.py for tasks to queue
[2024-12-22T03:48:41.043+0000] {logging_mixin.py:190} INFO - [2024-12-22T03:48:41.043+0000] {dagbag.py:588} INFO - Filling up the DagBag from /opt/airflow/dags/our_first_dag.py
[2024-12-22T03:48:41.051+0000] {processor.py:925} INFO - DAG(s) 'our_first_dag_v3' retrieved from /opt/airflow/dags/our_first_dag.py
[2024-12-22T03:48:41.062+0000] {logging_mixin.py:190} INFO - [2024-12-22T03:48:41.062+0000] {dag.py:3239} INFO - Sync 1 DAGs
[2024-12-22T03:48:41.070+0000] {logging_mixin.py:190} INFO - [2024-12-22T03:48:41.070+0000] {dag.py:4180} INFO - Setting next_dagrun for our_first_dag_v3 to 2021-07-30 00:00:00+00:00, run_after=2021-07-31 00:00:00+00:00
[2024-12-22T03:48:41.076+0000] {processor.py:208} INFO - Processing /opt/airflow/dags/our_first_dag.py took 0.038 seconds
[2024-12-22T03:49:11.481+0000] {processor.py:186} INFO - Started process (PID=322) to work on /opt/airflow/dags/our_first_dag.py
[2024-12-22T03:49:11.482+0000] {processor.py:914} INFO - Processing file /opt/airflow/dags/our_first_dag.py for tasks to queue
[2024-12-22T03:49:11.483+0000] {logging_mixin.py:190} INFO - [2024-12-22T03:49:11.483+0000] {dagbag.py:588} INFO - Filling up the DagBag from /opt/airflow/dags/our_first_dag.py
[2024-12-22T03:49:11.490+0000] {processor.py:925} INFO - DAG(s) 'our_first_dag_v3' retrieved from /opt/airflow/dags/our_first_dag.py
[2024-12-22T03:49:11.500+0000] {logging_mixin.py:190} INFO - [2024-12-22T03:49:11.500+0000] {dag.py:3239} INFO - Sync 1 DAGs
[2024-12-22T03:49:11.508+0000] {logging_mixin.py:190} INFO - [2024-12-22T03:49:11.508+0000] {dag.py:4180} INFO - Setting next_dagrun for our_first_dag_v3 to 2021-07-30 00:00:00+00:00, run_after=2021-07-31 00:00:00+00:00
[2024-12-22T03:49:11.513+0000] {processor.py:208} INFO - Processing /opt/airflow/dags/our_first_dag.py took 0.034 seconds
