[2024-12-22T00:10:44.604+0000] {processor.py:186} INFO - Started process (PID=8879) to work on /opt/airflow/dags/spark_dag.py
[2024-12-22T00:10:44.605+0000] {processor.py:914} INFO - Processing file /opt/airflow/dags/spark_dag.py for tasks to queue
[2024-12-22T00:10:44.607+0000] {logging_mixin.py:190} INFO - [2024-12-22T00:10:44.607+0000] {dagbag.py:588} INFO - Filling up the DagBag from /opt/airflow/dags/spark_dag.py
[2024-12-22T00:10:44.613+0000] {logging_mixin.py:190} INFO - [2024-12-22T00:10:44.610+0000] {dagbag.py:387} ERROR - Failed to import: /opt/airflow/dags/spark_dag.py
Traceback (most recent call last):
  File "/home/airflow/.local/lib/python3.12/site-packages/airflow/models/dagbag.py", line 383, in parse
    loader.exec_module(new_module)
  File "<frozen importlib._bootstrap_external>", line 999, in exec_module
  File "<frozen importlib._bootstrap>", line 488, in _call_with_frames_removed
  File "/opt/airflow/dags/spark_dag.py", line 3, in <module>
    from airflow.providers.apache.spark.operators.spark_submit import SparkSubmitOperator
ModuleNotFoundError: No module named 'airflow.providers.apache'
[2024-12-22T00:10:44.614+0000] {processor.py:927} WARNING - No viable dags retrieved from /opt/airflow/dags/spark_dag.py
[2024-12-22T00:10:44.630+0000] {processor.py:208} INFO - Processing /opt/airflow/dags/spark_dag.py took 0.030 seconds
[2024-12-22T00:40:04.578+0000] {processor.py:186} INFO - Started process (PID=8918) to work on /opt/airflow/dags/spark_dag.py
[2024-12-22T00:40:04.579+0000] {processor.py:914} INFO - Processing file /opt/airflow/dags/spark_dag.py for tasks to queue
[2024-12-22T00:40:04.580+0000] {logging_mixin.py:190} INFO - [2024-12-22T00:40:04.580+0000] {dagbag.py:588} INFO - Filling up the DagBag from /opt/airflow/dags/spark_dag.py
[2024-12-22T00:40:04.584+0000] {logging_mixin.py:190} INFO - [2024-12-22T00:40:04.583+0000] {dagbag.py:387} ERROR - Failed to import: /opt/airflow/dags/spark_dag.py
Traceback (most recent call last):
  File "/home/airflow/.local/lib/python3.12/site-packages/airflow/models/dagbag.py", line 383, in parse
    loader.exec_module(new_module)
  File "<frozen importlib._bootstrap_external>", line 999, in exec_module
  File "<frozen importlib._bootstrap>", line 488, in _call_with_frames_removed
  File "/opt/airflow/dags/spark_dag.py", line 3, in <module>
    from airflow.providers.apache.spark.operators.spark_submit import SparkSubmitOperator
ModuleNotFoundError: No module named 'airflow.providers.apache'
[2024-12-22T00:40:04.584+0000] {processor.py:927} WARNING - No viable dags retrieved from /opt/airflow/dags/spark_dag.py
[2024-12-22T00:40:04.600+0000] {processor.py:208} INFO - Processing /opt/airflow/dags/spark_dag.py took 0.026 seconds
[2024-12-22T00:55:34.317+0000] {processor.py:186} INFO - Started process (PID=9077) to work on /opt/airflow/dags/spark_dag.py
[2024-12-22T00:55:34.317+0000] {processor.py:914} INFO - Processing file /opt/airflow/dags/spark_dag.py for tasks to queue
[2024-12-22T00:55:34.318+0000] {logging_mixin.py:190} INFO - [2024-12-22T00:55:34.318+0000] {dagbag.py:588} INFO - Filling up the DagBag from /opt/airflow/dags/spark_dag.py
[2024-12-22T00:55:34.325+0000] {logging_mixin.py:190} INFO - [2024-12-22T00:55:34.324+0000] {dagbag.py:387} ERROR - Failed to import: /opt/airflow/dags/spark_dag.py
Traceback (most recent call last):
  File "/home/airflow/.local/lib/python3.12/site-packages/airflow/models/dagbag.py", line 383, in parse
    loader.exec_module(new_module)
  File "<frozen importlib._bootstrap_external>", line 999, in exec_module
  File "<frozen importlib._bootstrap>", line 488, in _call_with_frames_removed
  File "/opt/airflow/dags/spark_dag.py", line 3, in <module>
    from airflow.providers.apache.spark.operators.spark_submit import SparkSubmitOperator
ModuleNotFoundError: No module named 'airflow.providers.apache'
[2024-12-22T00:55:34.325+0000] {processor.py:927} WARNING - No viable dags retrieved from /opt/airflow/dags/spark_dag.py
[2024-12-22T00:55:34.340+0000] {processor.py:208} INFO - Processing /opt/airflow/dags/spark_dag.py took 0.028 seconds
[2024-12-22T00:56:04.848+0000] {processor.py:186} INFO - Started process (PID=9175) to work on /opt/airflow/dags/spark_dag.py
[2024-12-22T00:56:04.849+0000] {processor.py:914} INFO - Processing file /opt/airflow/dags/spark_dag.py for tasks to queue
[2024-12-22T00:56:04.850+0000] {logging_mixin.py:190} INFO - [2024-12-22T00:56:04.850+0000] {dagbag.py:588} INFO - Filling up the DagBag from /opt/airflow/dags/spark_dag.py
[2024-12-22T00:56:04.858+0000] {logging_mixin.py:190} INFO - [2024-12-22T00:56:04.854+0000] {dagbag.py:387} ERROR - Failed to import: /opt/airflow/dags/spark_dag.py
Traceback (most recent call last):
  File "/home/airflow/.local/lib/python3.12/site-packages/airflow/models/dagbag.py", line 383, in parse
    loader.exec_module(new_module)
  File "<frozen importlib._bootstrap_external>", line 999, in exec_module
  File "<frozen importlib._bootstrap>", line 488, in _call_with_frames_removed
  File "/opt/airflow/dags/spark_dag.py", line 3, in <module>
    from airflow.providers.apache.spark.operators.spark_submit import SparkSubmitOperator
ModuleNotFoundError: No module named 'airflow.providers.apache'
[2024-12-22T00:56:04.859+0000] {processor.py:927} WARNING - No viable dags retrieved from /opt/airflow/dags/spark_dag.py
[2024-12-22T00:56:04.873+0000] {processor.py:208} INFO - Processing /opt/airflow/dags/spark_dag.py took 0.030 seconds
[2024-12-22T01:05:56.868+0000] {processor.py:186} INFO - Started process (PID=9205) to work on /opt/airflow/dags/spark_dag.py
[2024-12-22T01:05:56.870+0000] {processor.py:914} INFO - Processing file /opt/airflow/dags/spark_dag.py for tasks to queue
[2024-12-22T01:05:56.871+0000] {logging_mixin.py:190} INFO - [2024-12-22T01:05:56.871+0000] {dagbag.py:588} INFO - Filling up the DagBag from /opt/airflow/dags/spark_dag.py
[2024-12-22T01:05:56.878+0000] {logging_mixin.py:190} INFO - [2024-12-22T01:05:56.876+0000] {dagbag.py:387} ERROR - Failed to import: /opt/airflow/dags/spark_dag.py
Traceback (most recent call last):
  File "/home/airflow/.local/lib/python3.12/site-packages/airflow/models/dagbag.py", line 383, in parse
    loader.exec_module(new_module)
  File "<frozen importlib._bootstrap_external>", line 999, in exec_module
  File "<frozen importlib._bootstrap>", line 488, in _call_with_frames_removed
  File "/opt/airflow/dags/spark_dag.py", line 3, in <module>
    from airflow.providers.apache.spark.operators.spark_submit import SparkSubmitOperator
ModuleNotFoundError: No module named 'airflow.providers.apache'
[2024-12-22T01:05:56.878+0000] {processor.py:927} WARNING - No viable dags retrieved from /opt/airflow/dags/spark_dag.py
[2024-12-22T01:05:56.906+0000] {processor.py:208} INFO - Processing /opt/airflow/dags/spark_dag.py took 0.045 seconds
[2024-12-22T01:06:27.440+0000] {processor.py:186} INFO - Started process (PID=9272) to work on /opt/airflow/dags/spark_dag.py
[2024-12-22T01:06:27.441+0000] {processor.py:914} INFO - Processing file /opt/airflow/dags/spark_dag.py for tasks to queue
[2024-12-22T01:06:27.442+0000] {logging_mixin.py:190} INFO - [2024-12-22T01:06:27.442+0000] {dagbag.py:588} INFO - Filling up the DagBag from /opt/airflow/dags/spark_dag.py
[2024-12-22T01:06:27.451+0000] {logging_mixin.py:190} INFO - [2024-12-22T01:06:27.448+0000] {dagbag.py:387} ERROR - Failed to import: /opt/airflow/dags/spark_dag.py
Traceback (most recent call last):
  File "/home/airflow/.local/lib/python3.12/site-packages/airflow/models/dagbag.py", line 383, in parse
    loader.exec_module(new_module)
  File "<frozen importlib._bootstrap_external>", line 999, in exec_module
  File "<frozen importlib._bootstrap>", line 488, in _call_with_frames_removed
  File "/opt/airflow/dags/spark_dag.py", line 3, in <module>
    from airflow.providers.apache.spark.operators.spark_submit import SparkSubmitOperator
ModuleNotFoundError: No module named 'airflow.providers.apache'
[2024-12-22T01:06:27.452+0000] {processor.py:927} WARNING - No viable dags retrieved from /opt/airflow/dags/spark_dag.py
[2024-12-22T01:06:27.464+0000] {processor.py:208} INFO - Processing /opt/airflow/dags/spark_dag.py took 0.029 seconds
[2024-12-22T01:06:57.995+0000] {processor.py:186} INFO - Started process (PID=9298) to work on /opt/airflow/dags/spark_dag.py
[2024-12-22T01:06:57.996+0000] {processor.py:914} INFO - Processing file /opt/airflow/dags/spark_dag.py for tasks to queue
[2024-12-22T01:06:57.997+0000] {logging_mixin.py:190} INFO - [2024-12-22T01:06:57.997+0000] {dagbag.py:588} INFO - Filling up the DagBag from /opt/airflow/dags/spark_dag.py
[2024-12-22T01:06:58.002+0000] {logging_mixin.py:190} INFO - [2024-12-22T01:06:58.000+0000] {dagbag.py:387} ERROR - Failed to import: /opt/airflow/dags/spark_dag.py
Traceback (most recent call last):
  File "/home/airflow/.local/lib/python3.12/site-packages/airflow/models/dagbag.py", line 383, in parse
    loader.exec_module(new_module)
  File "<frozen importlib._bootstrap_external>", line 999, in exec_module
  File "<frozen importlib._bootstrap>", line 488, in _call_with_frames_removed
  File "/opt/airflow/dags/spark_dag.py", line 3, in <module>
    from airflow.providers.apache.spark.operators.spark_submit import SparkSubmitOperator
ModuleNotFoundError: No module named 'airflow.providers.apache'
[2024-12-22T01:06:58.002+0000] {processor.py:927} WARNING - No viable dags retrieved from /opt/airflow/dags/spark_dag.py
[2024-12-22T01:06:58.014+0000] {processor.py:208} INFO - Processing /opt/airflow/dags/spark_dag.py took 0.024 seconds
[2024-12-22T01:07:28.524+0000] {processor.py:186} INFO - Started process (PID=9324) to work on /opt/airflow/dags/spark_dag.py
[2024-12-22T01:07:28.525+0000] {processor.py:914} INFO - Processing file /opt/airflow/dags/spark_dag.py for tasks to queue
[2024-12-22T01:07:28.526+0000] {logging_mixin.py:190} INFO - [2024-12-22T01:07:28.526+0000] {dagbag.py:588} INFO - Filling up the DagBag from /opt/airflow/dags/spark_dag.py
[2024-12-22T01:07:28.531+0000] {logging_mixin.py:190} INFO - [2024-12-22T01:07:28.530+0000] {dagbag.py:387} ERROR - Failed to import: /opt/airflow/dags/spark_dag.py
Traceback (most recent call last):
  File "/home/airflow/.local/lib/python3.12/site-packages/airflow/models/dagbag.py", line 383, in parse
    loader.exec_module(new_module)
  File "<frozen importlib._bootstrap_external>", line 999, in exec_module
  File "<frozen importlib._bootstrap>", line 488, in _call_with_frames_removed
  File "/opt/airflow/dags/spark_dag.py", line 3, in <module>
    from airflow.providers.apache.spark.operators.spark_submit import SparkSubmitOperator
ModuleNotFoundError: No module named 'airflow.providers.apache'
[2024-12-22T01:07:28.532+0000] {processor.py:927} WARNING - No viable dags retrieved from /opt/airflow/dags/spark_dag.py
[2024-12-22T01:07:28.547+0000] {processor.py:208} INFO - Processing /opt/airflow/dags/spark_dag.py took 0.027 seconds
[2024-12-22T01:07:59.026+0000] {processor.py:186} INFO - Started process (PID=9350) to work on /opt/airflow/dags/spark_dag.py
[2024-12-22T01:07:59.027+0000] {processor.py:914} INFO - Processing file /opt/airflow/dags/spark_dag.py for tasks to queue
[2024-12-22T01:07:59.028+0000] {logging_mixin.py:190} INFO - [2024-12-22T01:07:59.027+0000] {dagbag.py:588} INFO - Filling up the DagBag from /opt/airflow/dags/spark_dag.py
[2024-12-22T01:07:59.032+0000] {logging_mixin.py:190} INFO - [2024-12-22T01:07:59.030+0000] {dagbag.py:387} ERROR - Failed to import: /opt/airflow/dags/spark_dag.py
Traceback (most recent call last):
  File "/home/airflow/.local/lib/python3.12/site-packages/airflow/models/dagbag.py", line 383, in parse
    loader.exec_module(new_module)
  File "<frozen importlib._bootstrap_external>", line 999, in exec_module
  File "<frozen importlib._bootstrap>", line 488, in _call_with_frames_removed
  File "/opt/airflow/dags/spark_dag.py", line 3, in <module>
    from airflow.providers.apache.spark.operators.spark_submit import SparkSubmitOperator
ModuleNotFoundError: No module named 'airflow.providers.apache'
[2024-12-22T01:07:59.033+0000] {processor.py:927} WARNING - No viable dags retrieved from /opt/airflow/dags/spark_dag.py
[2024-12-22T01:07:59.043+0000] {processor.py:208} INFO - Processing /opt/airflow/dags/spark_dag.py took 0.022 seconds
[2024-12-22T01:08:29.479+0000] {processor.py:186} INFO - Started process (PID=9385) to work on /opt/airflow/dags/spark_dag.py
[2024-12-22T01:08:29.480+0000] {processor.py:914} INFO - Processing file /opt/airflow/dags/spark_dag.py for tasks to queue
[2024-12-22T01:08:29.481+0000] {logging_mixin.py:190} INFO - [2024-12-22T01:08:29.481+0000] {dagbag.py:588} INFO - Filling up the DagBag from /opt/airflow/dags/spark_dag.py
[2024-12-22T01:08:29.485+0000] {logging_mixin.py:190} INFO - [2024-12-22T01:08:29.483+0000] {dagbag.py:387} ERROR - Failed to import: /opt/airflow/dags/spark_dag.py
Traceback (most recent call last):
  File "/home/airflow/.local/lib/python3.12/site-packages/airflow/models/dagbag.py", line 383, in parse
    loader.exec_module(new_module)
  File "<frozen importlib._bootstrap_external>", line 999, in exec_module
  File "<frozen importlib._bootstrap>", line 488, in _call_with_frames_removed
  File "/opt/airflow/dags/spark_dag.py", line 3, in <module>
    from airflow.providers.apache.spark.operators.spark_submit import SparkSubmitOperator
ModuleNotFoundError: No module named 'airflow.providers.apache'
[2024-12-22T01:08:29.485+0000] {processor.py:927} WARNING - No viable dags retrieved from /opt/airflow/dags/spark_dag.py
[2024-12-22T01:08:29.506+0000] {processor.py:208} INFO - Processing /opt/airflow/dags/spark_dag.py took 0.034 seconds
[2024-12-22T01:08:59.948+0000] {processor.py:186} INFO - Started process (PID=9411) to work on /opt/airflow/dags/spark_dag.py
[2024-12-22T01:08:59.949+0000] {processor.py:914} INFO - Processing file /opt/airflow/dags/spark_dag.py for tasks to queue
[2024-12-22T01:08:59.951+0000] {logging_mixin.py:190} INFO - [2024-12-22T01:08:59.950+0000] {dagbag.py:588} INFO - Filling up the DagBag from /opt/airflow/dags/spark_dag.py
[2024-12-22T01:08:59.956+0000] {logging_mixin.py:190} INFO - [2024-12-22T01:08:59.955+0000] {dagbag.py:387} ERROR - Failed to import: /opt/airflow/dags/spark_dag.py
Traceback (most recent call last):
  File "/home/airflow/.local/lib/python3.12/site-packages/airflow/models/dagbag.py", line 383, in parse
    loader.exec_module(new_module)
  File "<frozen importlib._bootstrap_external>", line 999, in exec_module
  File "<frozen importlib._bootstrap>", line 488, in _call_with_frames_removed
  File "/opt/airflow/dags/spark_dag.py", line 3, in <module>
    from airflow.providers.apache.spark.operators.spark_submit import SparkSubmitOperator
ModuleNotFoundError: No module named 'airflow.providers.apache'
[2024-12-22T01:08:59.956+0000] {processor.py:927} WARNING - No viable dags retrieved from /opt/airflow/dags/spark_dag.py
[2024-12-22T01:08:59.972+0000] {processor.py:208} INFO - Processing /opt/airflow/dags/spark_dag.py took 0.028 seconds
[2024-12-22T01:09:30.501+0000] {processor.py:186} INFO - Started process (PID=9437) to work on /opt/airflow/dags/spark_dag.py
[2024-12-22T01:09:30.502+0000] {processor.py:914} INFO - Processing file /opt/airflow/dags/spark_dag.py for tasks to queue
[2024-12-22T01:09:30.502+0000] {logging_mixin.py:190} INFO - [2024-12-22T01:09:30.502+0000] {dagbag.py:588} INFO - Filling up the DagBag from /opt/airflow/dags/spark_dag.py
[2024-12-22T01:09:30.507+0000] {logging_mixin.py:190} INFO - [2024-12-22T01:09:30.506+0000] {dagbag.py:387} ERROR - Failed to import: /opt/airflow/dags/spark_dag.py
Traceback (most recent call last):
  File "/home/airflow/.local/lib/python3.12/site-packages/airflow/models/dagbag.py", line 383, in parse
    loader.exec_module(new_module)
  File "<frozen importlib._bootstrap_external>", line 999, in exec_module
  File "<frozen importlib._bootstrap>", line 488, in _call_with_frames_removed
  File "/opt/airflow/dags/spark_dag.py", line 3, in <module>
    from airflow.providers.apache.spark.operators.spark_submit import SparkSubmitOperator
ModuleNotFoundError: No module named 'airflow.providers.apache'
[2024-12-22T01:09:30.507+0000] {processor.py:927} WARNING - No viable dags retrieved from /opt/airflow/dags/spark_dag.py
[2024-12-22T01:09:30.518+0000] {processor.py:208} INFO - Processing /opt/airflow/dags/spark_dag.py took 0.023 seconds
[2024-12-22T01:10:01.022+0000] {processor.py:186} INFO - Started process (PID=9463) to work on /opt/airflow/dags/spark_dag.py
[2024-12-22T01:10:01.022+0000] {processor.py:914} INFO - Processing file /opt/airflow/dags/spark_dag.py for tasks to queue
[2024-12-22T01:10:01.023+0000] {logging_mixin.py:190} INFO - [2024-12-22T01:10:01.023+0000] {dagbag.py:588} INFO - Filling up the DagBag from /opt/airflow/dags/spark_dag.py
[2024-12-22T01:10:01.027+0000] {logging_mixin.py:190} INFO - [2024-12-22T01:10:01.027+0000] {dagbag.py:387} ERROR - Failed to import: /opt/airflow/dags/spark_dag.py
Traceback (most recent call last):
  File "/home/airflow/.local/lib/python3.12/site-packages/airflow/models/dagbag.py", line 383, in parse
    loader.exec_module(new_module)
  File "<frozen importlib._bootstrap_external>", line 999, in exec_module
  File "<frozen importlib._bootstrap>", line 488, in _call_with_frames_removed
  File "/opt/airflow/dags/spark_dag.py", line 3, in <module>
    from airflow.providers.apache.spark.operators.spark_submit import SparkSubmitOperator
ModuleNotFoundError: No module named 'airflow.providers.apache'
[2024-12-22T01:10:01.028+0000] {processor.py:927} WARNING - No viable dags retrieved from /opt/airflow/dags/spark_dag.py
[2024-12-22T01:10:01.039+0000] {processor.py:208} INFO - Processing /opt/airflow/dags/spark_dag.py took 0.021 seconds
[2024-12-22T01:10:31.557+0000] {processor.py:186} INFO - Started process (PID=9498) to work on /opt/airflow/dags/spark_dag.py
[2024-12-22T01:10:31.557+0000] {processor.py:914} INFO - Processing file /opt/airflow/dags/spark_dag.py for tasks to queue
[2024-12-22T01:10:31.558+0000] {logging_mixin.py:190} INFO - [2024-12-22T01:10:31.558+0000] {dagbag.py:588} INFO - Filling up the DagBag from /opt/airflow/dags/spark_dag.py
[2024-12-22T01:10:31.562+0000] {logging_mixin.py:190} INFO - [2024-12-22T01:10:31.561+0000] {dagbag.py:387} ERROR - Failed to import: /opt/airflow/dags/spark_dag.py
Traceback (most recent call last):
  File "/home/airflow/.local/lib/python3.12/site-packages/airflow/models/dagbag.py", line 383, in parse
    loader.exec_module(new_module)
  File "<frozen importlib._bootstrap_external>", line 999, in exec_module
  File "<frozen importlib._bootstrap>", line 488, in _call_with_frames_removed
  File "/opt/airflow/dags/spark_dag.py", line 3, in <module>
    from airflow.providers.apache.spark.operators.spark_submit import SparkSubmitOperator
ModuleNotFoundError: No module named 'airflow.providers.apache'
[2024-12-22T01:10:31.563+0000] {processor.py:927} WARNING - No viable dags retrieved from /opt/airflow/dags/spark_dag.py
[2024-12-22T01:10:31.573+0000] {processor.py:208} INFO - Processing /opt/airflow/dags/spark_dag.py took 0.021 seconds
[2024-12-22T01:11:02.047+0000] {processor.py:186} INFO - Started process (PID=9524) to work on /opt/airflow/dags/spark_dag.py
[2024-12-22T01:11:02.048+0000] {processor.py:914} INFO - Processing file /opt/airflow/dags/spark_dag.py for tasks to queue
[2024-12-22T01:11:02.049+0000] {logging_mixin.py:190} INFO - [2024-12-22T01:11:02.049+0000] {dagbag.py:588} INFO - Filling up the DagBag from /opt/airflow/dags/spark_dag.py
[2024-12-22T01:11:02.059+0000] {logging_mixin.py:190} INFO - [2024-12-22T01:11:02.057+0000] {dagbag.py:387} ERROR - Failed to import: /opt/airflow/dags/spark_dag.py
Traceback (most recent call last):
  File "/home/airflow/.local/lib/python3.12/site-packages/airflow/models/dagbag.py", line 383, in parse
    loader.exec_module(new_module)
  File "<frozen importlib._bootstrap_external>", line 999, in exec_module
  File "<frozen importlib._bootstrap>", line 488, in _call_with_frames_removed
  File "/opt/airflow/dags/spark_dag.py", line 3, in <module>
    from airflow.providers.apache.spark.operators.spark_submit import SparkSubmitOperator
ModuleNotFoundError: No module named 'airflow.providers.apache'
[2024-12-22T01:11:02.059+0000] {processor.py:927} WARNING - No viable dags retrieved from /opt/airflow/dags/spark_dag.py
[2024-12-22T01:11:02.072+0000] {processor.py:208} INFO - Processing /opt/airflow/dags/spark_dag.py took 0.031 seconds
[2024-12-22T01:11:32.504+0000] {processor.py:186} INFO - Started process (PID=9550) to work on /opt/airflow/dags/spark_dag.py
[2024-12-22T01:11:32.505+0000] {processor.py:914} INFO - Processing file /opt/airflow/dags/spark_dag.py for tasks to queue
[2024-12-22T01:11:32.506+0000] {logging_mixin.py:190} INFO - [2024-12-22T01:11:32.506+0000] {dagbag.py:588} INFO - Filling up the DagBag from /opt/airflow/dags/spark_dag.py
[2024-12-22T01:11:32.510+0000] {logging_mixin.py:190} INFO - [2024-12-22T01:11:32.508+0000] {dagbag.py:387} ERROR - Failed to import: /opt/airflow/dags/spark_dag.py
Traceback (most recent call last):
  File "/home/airflow/.local/lib/python3.12/site-packages/airflow/models/dagbag.py", line 383, in parse
    loader.exec_module(new_module)
  File "<frozen importlib._bootstrap_external>", line 999, in exec_module
  File "<frozen importlib._bootstrap>", line 488, in _call_with_frames_removed
  File "/opt/airflow/dags/spark_dag.py", line 3, in <module>
    from airflow.providers.apache.spark.operators.spark_submit import SparkSubmitOperator
ModuleNotFoundError: No module named 'airflow.providers.apache'
[2024-12-22T01:11:32.510+0000] {processor.py:927} WARNING - No viable dags retrieved from /opt/airflow/dags/spark_dag.py
[2024-12-22T01:11:32.523+0000] {processor.py:208} INFO - Processing /opt/airflow/dags/spark_dag.py took 0.024 seconds
[2024-12-22T01:12:03.005+0000] {processor.py:186} INFO - Started process (PID=9585) to work on /opt/airflow/dags/spark_dag.py
[2024-12-22T01:12:03.009+0000] {processor.py:914} INFO - Processing file /opt/airflow/dags/spark_dag.py for tasks to queue
[2024-12-22T01:12:03.011+0000] {logging_mixin.py:190} INFO - [2024-12-22T01:12:03.010+0000] {dagbag.py:588} INFO - Filling up the DagBag from /opt/airflow/dags/spark_dag.py
[2024-12-22T01:12:03.016+0000] {logging_mixin.py:190} INFO - [2024-12-22T01:12:03.014+0000] {dagbag.py:387} ERROR - Failed to import: /opt/airflow/dags/spark_dag.py
Traceback (most recent call last):
  File "/home/airflow/.local/lib/python3.12/site-packages/airflow/models/dagbag.py", line 383, in parse
    loader.exec_module(new_module)
  File "<frozen importlib._bootstrap_external>", line 999, in exec_module
  File "<frozen importlib._bootstrap>", line 488, in _call_with_frames_removed
  File "/opt/airflow/dags/spark_dag.py", line 3, in <module>
    from airflow.providers.apache.spark.operators.spark_submit import SparkSubmitOperator
ModuleNotFoundError: No module named 'airflow.providers.apache'
[2024-12-22T01:12:03.016+0000] {processor.py:927} WARNING - No viable dags retrieved from /opt/airflow/dags/spark_dag.py
[2024-12-22T01:12:03.030+0000] {processor.py:208} INFO - Processing /opt/airflow/dags/spark_dag.py took 0.030 seconds
[2024-12-22T01:12:33.472+0000] {processor.py:186} INFO - Started process (PID=9611) to work on /opt/airflow/dags/spark_dag.py
[2024-12-22T01:12:33.475+0000] {processor.py:914} INFO - Processing file /opt/airflow/dags/spark_dag.py for tasks to queue
[2024-12-22T01:12:33.476+0000] {logging_mixin.py:190} INFO - [2024-12-22T01:12:33.475+0000] {dagbag.py:588} INFO - Filling up the DagBag from /opt/airflow/dags/spark_dag.py
[2024-12-22T01:12:33.483+0000] {logging_mixin.py:190} INFO - [2024-12-22T01:12:33.479+0000] {dagbag.py:387} ERROR - Failed to import: /opt/airflow/dags/spark_dag.py
Traceback (most recent call last):
  File "/home/airflow/.local/lib/python3.12/site-packages/airflow/models/dagbag.py", line 383, in parse
    loader.exec_module(new_module)
  File "<frozen importlib._bootstrap_external>", line 999, in exec_module
  File "<frozen importlib._bootstrap>", line 488, in _call_with_frames_removed
  File "/opt/airflow/dags/spark_dag.py", line 3, in <module>
    from airflow.providers.apache.spark.operators.spark_submit import SparkSubmitOperator
ModuleNotFoundError: No module named 'airflow.providers.apache'
[2024-12-22T01:12:33.485+0000] {processor.py:927} WARNING - No viable dags retrieved from /opt/airflow/dags/spark_dag.py
[2024-12-22T01:12:33.496+0000] {processor.py:208} INFO - Processing /opt/airflow/dags/spark_dag.py took 0.030 seconds
[2024-12-22T01:13:03.970+0000] {processor.py:186} INFO - Started process (PID=9637) to work on /opt/airflow/dags/spark_dag.py
[2024-12-22T01:13:03.970+0000] {processor.py:914} INFO - Processing file /opt/airflow/dags/spark_dag.py for tasks to queue
[2024-12-22T01:13:03.971+0000] {logging_mixin.py:190} INFO - [2024-12-22T01:13:03.971+0000] {dagbag.py:588} INFO - Filling up the DagBag from /opt/airflow/dags/spark_dag.py
[2024-12-22T01:13:03.976+0000] {logging_mixin.py:190} INFO - [2024-12-22T01:13:03.975+0000] {dagbag.py:387} ERROR - Failed to import: /opt/airflow/dags/spark_dag.py
Traceback (most recent call last):
  File "/home/airflow/.local/lib/python3.12/site-packages/airflow/models/dagbag.py", line 383, in parse
    loader.exec_module(new_module)
  File "<frozen importlib._bootstrap_external>", line 999, in exec_module
  File "<frozen importlib._bootstrap>", line 488, in _call_with_frames_removed
  File "/opt/airflow/dags/spark_dag.py", line 3, in <module>
    from airflow.providers.apache.spark.operators.spark_submit import SparkSubmitOperator
ModuleNotFoundError: No module named 'airflow.providers.apache'
[2024-12-22T01:13:03.978+0000] {processor.py:927} WARNING - No viable dags retrieved from /opt/airflow/dags/spark_dag.py
[2024-12-22T01:13:03.990+0000] {processor.py:208} INFO - Processing /opt/airflow/dags/spark_dag.py took 0.026 seconds
[2024-12-22T01:13:34.524+0000] {processor.py:186} INFO - Started process (PID=9663) to work on /opt/airflow/dags/spark_dag.py
[2024-12-22T01:13:34.525+0000] {processor.py:914} INFO - Processing file /opt/airflow/dags/spark_dag.py for tasks to queue
[2024-12-22T01:13:34.526+0000] {logging_mixin.py:190} INFO - [2024-12-22T01:13:34.526+0000] {dagbag.py:588} INFO - Filling up the DagBag from /opt/airflow/dags/spark_dag.py
[2024-12-22T01:13:34.530+0000] {logging_mixin.py:190} INFO - [2024-12-22T01:13:34.528+0000] {dagbag.py:387} ERROR - Failed to import: /opt/airflow/dags/spark_dag.py
Traceback (most recent call last):
  File "/home/airflow/.local/lib/python3.12/site-packages/airflow/models/dagbag.py", line 383, in parse
    loader.exec_module(new_module)
  File "<frozen importlib._bootstrap_external>", line 999, in exec_module
  File "<frozen importlib._bootstrap>", line 488, in _call_with_frames_removed
  File "/opt/airflow/dags/spark_dag.py", line 3, in <module>
    from airflow.providers.apache.spark.operators.spark_submit import SparkSubmitOperator
ModuleNotFoundError: No module named 'airflow.providers.apache'
[2024-12-22T01:13:34.530+0000] {processor.py:927} WARNING - No viable dags retrieved from /opt/airflow/dags/spark_dag.py
[2024-12-22T01:13:34.542+0000] {processor.py:208} INFO - Processing /opt/airflow/dags/spark_dag.py took 0.023 seconds
[2024-12-22T01:14:04.998+0000] {processor.py:186} INFO - Started process (PID=9704) to work on /opt/airflow/dags/spark_dag.py
[2024-12-22T01:14:04.999+0000] {processor.py:914} INFO - Processing file /opt/airflow/dags/spark_dag.py for tasks to queue
[2024-12-22T01:14:04.999+0000] {logging_mixin.py:190} INFO - [2024-12-22T01:14:04.999+0000] {dagbag.py:588} INFO - Filling up the DagBag from /opt/airflow/dags/spark_dag.py
[2024-12-22T01:14:05.005+0000] {logging_mixin.py:190} INFO - [2024-12-22T01:14:05.003+0000] {dagbag.py:387} ERROR - Failed to import: /opt/airflow/dags/spark_dag.py
Traceback (most recent call last):
  File "/home/airflow/.local/lib/python3.12/site-packages/airflow/models/dagbag.py", line 383, in parse
    loader.exec_module(new_module)
  File "<frozen importlib._bootstrap_external>", line 999, in exec_module
  File "<frozen importlib._bootstrap>", line 488, in _call_with_frames_removed
  File "/opt/airflow/dags/spark_dag.py", line 3, in <module>
    from airflow.providers.apache.spark.operators.spark_submit import SparkSubmitOperator
ModuleNotFoundError: No module named 'airflow.providers.apache'
[2024-12-22T01:14:05.005+0000] {processor.py:927} WARNING - No viable dags retrieved from /opt/airflow/dags/spark_dag.py
[2024-12-22T01:14:05.015+0000] {processor.py:208} INFO - Processing /opt/airflow/dags/spark_dag.py took 0.022 seconds
[2024-12-22T01:14:35.441+0000] {processor.py:186} INFO - Started process (PID=9730) to work on /opt/airflow/dags/spark_dag.py
[2024-12-22T01:14:35.442+0000] {processor.py:914} INFO - Processing file /opt/airflow/dags/spark_dag.py for tasks to queue
[2024-12-22T01:14:35.443+0000] {logging_mixin.py:190} INFO - [2024-12-22T01:14:35.442+0000] {dagbag.py:588} INFO - Filling up the DagBag from /opt/airflow/dags/spark_dag.py
[2024-12-22T01:14:35.447+0000] {logging_mixin.py:190} INFO - [2024-12-22T01:14:35.446+0000] {dagbag.py:387} ERROR - Failed to import: /opt/airflow/dags/spark_dag.py
Traceback (most recent call last):
  File "/home/airflow/.local/lib/python3.12/site-packages/airflow/models/dagbag.py", line 383, in parse
    loader.exec_module(new_module)
  File "<frozen importlib._bootstrap_external>", line 999, in exec_module
  File "<frozen importlib._bootstrap>", line 488, in _call_with_frames_removed
  File "/opt/airflow/dags/spark_dag.py", line 3, in <module>
    from airflow.providers.apache.spark.operators.spark_submit import SparkSubmitOperator
ModuleNotFoundError: No module named 'airflow.providers.apache'
[2024-12-22T01:14:35.447+0000] {processor.py:927} WARNING - No viable dags retrieved from /opt/airflow/dags/spark_dag.py
[2024-12-22T01:14:35.458+0000] {processor.py:208} INFO - Processing /opt/airflow/dags/spark_dag.py took 0.022 seconds
[2024-12-22T01:15:05.967+0000] {processor.py:186} INFO - Started process (PID=9756) to work on /opt/airflow/dags/spark_dag.py
[2024-12-22T01:15:05.968+0000] {processor.py:914} INFO - Processing file /opt/airflow/dags/spark_dag.py for tasks to queue
[2024-12-22T01:15:05.969+0000] {logging_mixin.py:190} INFO - [2024-12-22T01:15:05.969+0000] {dagbag.py:588} INFO - Filling up the DagBag from /opt/airflow/dags/spark_dag.py
[2024-12-22T01:15:05.974+0000] {logging_mixin.py:190} INFO - [2024-12-22T01:15:05.972+0000] {dagbag.py:387} ERROR - Failed to import: /opt/airflow/dags/spark_dag.py
Traceback (most recent call last):
  File "/home/airflow/.local/lib/python3.12/site-packages/airflow/models/dagbag.py", line 383, in parse
    loader.exec_module(new_module)
  File "<frozen importlib._bootstrap_external>", line 999, in exec_module
  File "<frozen importlib._bootstrap>", line 488, in _call_with_frames_removed
  File "/opt/airflow/dags/spark_dag.py", line 3, in <module>
    from airflow.providers.apache.spark.operators.spark_submit import SparkSubmitOperator
ModuleNotFoundError: No module named 'airflow.providers.apache'
[2024-12-22T01:15:05.974+0000] {processor.py:927} WARNING - No viable dags retrieved from /opt/airflow/dags/spark_dag.py
[2024-12-22T01:15:05.989+0000] {processor.py:208} INFO - Processing /opt/airflow/dags/spark_dag.py took 0.028 seconds
[2024-12-22T01:15:36.490+0000] {processor.py:186} INFO - Started process (PID=9782) to work on /opt/airflow/dags/spark_dag.py
[2024-12-22T01:15:36.491+0000] {processor.py:914} INFO - Processing file /opt/airflow/dags/spark_dag.py for tasks to queue
[2024-12-22T01:15:36.492+0000] {logging_mixin.py:190} INFO - [2024-12-22T01:15:36.491+0000] {dagbag.py:588} INFO - Filling up the DagBag from /opt/airflow/dags/spark_dag.py
[2024-12-22T01:15:36.496+0000] {logging_mixin.py:190} INFO - [2024-12-22T01:15:36.495+0000] {dagbag.py:387} ERROR - Failed to import: /opt/airflow/dags/spark_dag.py
Traceback (most recent call last):
  File "/home/airflow/.local/lib/python3.12/site-packages/airflow/models/dagbag.py", line 383, in parse
    loader.exec_module(new_module)
  File "<frozen importlib._bootstrap_external>", line 999, in exec_module
  File "<frozen importlib._bootstrap>", line 488, in _call_with_frames_removed
  File "/opt/airflow/dags/spark_dag.py", line 3, in <module>
    from airflow.providers.apache.spark.operators.spark_submit import SparkSubmitOperator
ModuleNotFoundError: No module named 'airflow.providers.apache'
[2024-12-22T01:15:36.496+0000] {processor.py:927} WARNING - No viable dags retrieved from /opt/airflow/dags/spark_dag.py
[2024-12-22T01:15:36.507+0000] {processor.py:208} INFO - Processing /opt/airflow/dags/spark_dag.py took 0.021 seconds
[2024-12-22T01:16:07.191+0000] {processor.py:186} INFO - Started process (PID=9817) to work on /opt/airflow/dags/spark_dag.py
[2024-12-22T01:16:07.192+0000] {processor.py:914} INFO - Processing file /opt/airflow/dags/spark_dag.py for tasks to queue
[2024-12-22T01:16:07.193+0000] {logging_mixin.py:190} INFO - [2024-12-22T01:16:07.193+0000] {dagbag.py:588} INFO - Filling up the DagBag from /opt/airflow/dags/spark_dag.py
[2024-12-22T01:16:07.197+0000] {logging_mixin.py:190} INFO - [2024-12-22T01:16:07.196+0000] {dagbag.py:387} ERROR - Failed to import: /opt/airflow/dags/spark_dag.py
Traceback (most recent call last):
  File "/home/airflow/.local/lib/python3.12/site-packages/airflow/models/dagbag.py", line 383, in parse
    loader.exec_module(new_module)
  File "<frozen importlib._bootstrap_external>", line 999, in exec_module
  File "<frozen importlib._bootstrap>", line 488, in _call_with_frames_removed
  File "/opt/airflow/dags/spark_dag.py", line 3, in <module>
    from airflow.providers.apache.spark.operators.spark_submit import SparkSubmitOperator
ModuleNotFoundError: No module named 'airflow.providers.apache'
[2024-12-22T01:16:07.197+0000] {processor.py:927} WARNING - No viable dags retrieved from /opt/airflow/dags/spark_dag.py
[2024-12-22T01:16:07.209+0000] {processor.py:208} INFO - Processing /opt/airflow/dags/spark_dag.py took 0.023 seconds
[2024-12-22T01:16:37.638+0000] {processor.py:186} INFO - Started process (PID=9843) to work on /opt/airflow/dags/spark_dag.py
[2024-12-22T01:16:37.638+0000] {processor.py:914} INFO - Processing file /opt/airflow/dags/spark_dag.py for tasks to queue
[2024-12-22T01:16:37.640+0000] {logging_mixin.py:190} INFO - [2024-12-22T01:16:37.639+0000] {dagbag.py:588} INFO - Filling up the DagBag from /opt/airflow/dags/spark_dag.py
[2024-12-22T01:16:37.645+0000] {logging_mixin.py:190} INFO - [2024-12-22T01:16:37.643+0000] {dagbag.py:387} ERROR - Failed to import: /opt/airflow/dags/spark_dag.py
Traceback (most recent call last):
  File "/home/airflow/.local/lib/python3.12/site-packages/airflow/models/dagbag.py", line 383, in parse
    loader.exec_module(new_module)
  File "<frozen importlib._bootstrap_external>", line 999, in exec_module
  File "<frozen importlib._bootstrap>", line 488, in _call_with_frames_removed
  File "/opt/airflow/dags/spark_dag.py", line 3, in <module>
    from airflow.providers.apache.spark.operators.spark_submit import SparkSubmitOperator
ModuleNotFoundError: No module named 'airflow.providers.apache'
[2024-12-22T01:16:37.645+0000] {processor.py:927} WARNING - No viable dags retrieved from /opt/airflow/dags/spark_dag.py
[2024-12-22T01:16:37.655+0000] {processor.py:208} INFO - Processing /opt/airflow/dags/spark_dag.py took 0.022 seconds
[2024-12-22T01:17:08.186+0000] {processor.py:186} INFO - Started process (PID=9869) to work on /opt/airflow/dags/spark_dag.py
[2024-12-22T01:17:08.187+0000] {processor.py:914} INFO - Processing file /opt/airflow/dags/spark_dag.py for tasks to queue
[2024-12-22T01:17:08.187+0000] {logging_mixin.py:190} INFO - [2024-12-22T01:17:08.187+0000] {dagbag.py:588} INFO - Filling up the DagBag from /opt/airflow/dags/spark_dag.py
[2024-12-22T01:17:08.191+0000] {logging_mixin.py:190} INFO - [2024-12-22T01:17:08.190+0000] {dagbag.py:387} ERROR - Failed to import: /opt/airflow/dags/spark_dag.py
Traceback (most recent call last):
  File "/home/airflow/.local/lib/python3.12/site-packages/airflow/models/dagbag.py", line 383, in parse
    loader.exec_module(new_module)
  File "<frozen importlib._bootstrap_external>", line 999, in exec_module
  File "<frozen importlib._bootstrap>", line 488, in _call_with_frames_removed
  File "/opt/airflow/dags/spark_dag.py", line 3, in <module>
    from airflow.providers.apache.spark.operators.spark_submit import SparkSubmitOperator
ModuleNotFoundError: No module named 'airflow.providers.apache'
[2024-12-22T01:17:08.191+0000] {processor.py:927} WARNING - No viable dags retrieved from /opt/airflow/dags/spark_dag.py
[2024-12-22T01:17:08.204+0000] {processor.py:208} INFO - Processing /opt/airflow/dags/spark_dag.py took 0.024 seconds
[2024-12-22T01:17:38.718+0000] {processor.py:186} INFO - Started process (PID=9895) to work on /opt/airflow/dags/spark_dag.py
[2024-12-22T01:17:38.719+0000] {processor.py:914} INFO - Processing file /opt/airflow/dags/spark_dag.py for tasks to queue
[2024-12-22T01:17:38.720+0000] {logging_mixin.py:190} INFO - [2024-12-22T01:17:38.720+0000] {dagbag.py:588} INFO - Filling up the DagBag from /opt/airflow/dags/spark_dag.py
[2024-12-22T01:17:38.723+0000] {logging_mixin.py:190} INFO - [2024-12-22T01:17:38.722+0000] {dagbag.py:387} ERROR - Failed to import: /opt/airflow/dags/spark_dag.py
Traceback (most recent call last):
  File "/home/airflow/.local/lib/python3.12/site-packages/airflow/models/dagbag.py", line 383, in parse
    loader.exec_module(new_module)
  File "<frozen importlib._bootstrap_external>", line 999, in exec_module
  File "<frozen importlib._bootstrap>", line 488, in _call_with_frames_removed
  File "/opt/airflow/dags/spark_dag.py", line 3, in <module>
    from airflow.providers.apache.spark.operators.spark_submit import SparkSubmitOperator
ModuleNotFoundError: No module named 'airflow.providers.apache'
[2024-12-22T01:17:38.723+0000] {processor.py:927} WARNING - No viable dags retrieved from /opt/airflow/dags/spark_dag.py
[2024-12-22T01:17:38.735+0000] {processor.py:208} INFO - Processing /opt/airflow/dags/spark_dag.py took 0.023 seconds
[2024-12-22T01:18:09.243+0000] {processor.py:186} INFO - Started process (PID=9930) to work on /opt/airflow/dags/spark_dag.py
[2024-12-22T01:18:09.243+0000] {processor.py:914} INFO - Processing file /opt/airflow/dags/spark_dag.py for tasks to queue
[2024-12-22T01:18:09.244+0000] {logging_mixin.py:190} INFO - [2024-12-22T01:18:09.244+0000] {dagbag.py:588} INFO - Filling up the DagBag from /opt/airflow/dags/spark_dag.py
[2024-12-22T01:18:09.247+0000] {logging_mixin.py:190} INFO - [2024-12-22T01:18:09.246+0000] {dagbag.py:387} ERROR - Failed to import: /opt/airflow/dags/spark_dag.py
Traceback (most recent call last):
  File "/home/airflow/.local/lib/python3.12/site-packages/airflow/models/dagbag.py", line 383, in parse
    loader.exec_module(new_module)
  File "<frozen importlib._bootstrap_external>", line 999, in exec_module
  File "<frozen importlib._bootstrap>", line 488, in _call_with_frames_removed
  File "/opt/airflow/dags/spark_dag.py", line 3, in <module>
    from airflow.providers.apache.spark.operators.spark_submit import SparkSubmitOperator
ModuleNotFoundError: No module named 'airflow.providers.apache'
[2024-12-22T01:18:09.248+0000] {processor.py:927} WARNING - No viable dags retrieved from /opt/airflow/dags/spark_dag.py
[2024-12-22T01:18:09.262+0000] {processor.py:208} INFO - Processing /opt/airflow/dags/spark_dag.py took 0.025 seconds
[2024-12-22T01:18:39.798+0000] {processor.py:186} INFO - Started process (PID=9956) to work on /opt/airflow/dags/spark_dag.py
[2024-12-22T01:18:39.798+0000] {processor.py:914} INFO - Processing file /opt/airflow/dags/spark_dag.py for tasks to queue
[2024-12-22T01:18:39.799+0000] {logging_mixin.py:190} INFO - [2024-12-22T01:18:39.799+0000] {dagbag.py:588} INFO - Filling up the DagBag from /opt/airflow/dags/spark_dag.py
[2024-12-22T01:18:39.804+0000] {logging_mixin.py:190} INFO - [2024-12-22T01:18:39.803+0000] {dagbag.py:387} ERROR - Failed to import: /opt/airflow/dags/spark_dag.py
Traceback (most recent call last):
  File "/home/airflow/.local/lib/python3.12/site-packages/airflow/models/dagbag.py", line 383, in parse
    loader.exec_module(new_module)
  File "<frozen importlib._bootstrap_external>", line 999, in exec_module
  File "<frozen importlib._bootstrap>", line 488, in _call_with_frames_removed
  File "/opt/airflow/dags/spark_dag.py", line 3, in <module>
    from airflow.providers.apache.spark.operators.spark_submit import SparkSubmitOperator
ModuleNotFoundError: No module named 'airflow.providers.apache'
[2024-12-22T01:18:39.805+0000] {processor.py:927} WARNING - No viable dags retrieved from /opt/airflow/dags/spark_dag.py
[2024-12-22T01:18:39.818+0000] {processor.py:208} INFO - Processing /opt/airflow/dags/spark_dag.py took 0.026 seconds
[2024-12-22T01:19:10.295+0000] {processor.py:186} INFO - Started process (PID=9982) to work on /opt/airflow/dags/spark_dag.py
[2024-12-22T01:19:10.296+0000] {processor.py:914} INFO - Processing file /opt/airflow/dags/spark_dag.py for tasks to queue
[2024-12-22T01:19:10.297+0000] {logging_mixin.py:190} INFO - [2024-12-22T01:19:10.297+0000] {dagbag.py:588} INFO - Filling up the DagBag from /opt/airflow/dags/spark_dag.py
[2024-12-22T01:19:10.300+0000] {logging_mixin.py:190} INFO - [2024-12-22T01:19:10.299+0000] {dagbag.py:387} ERROR - Failed to import: /opt/airflow/dags/spark_dag.py
Traceback (most recent call last):
  File "/home/airflow/.local/lib/python3.12/site-packages/airflow/models/dagbag.py", line 383, in parse
    loader.exec_module(new_module)
  File "<frozen importlib._bootstrap_external>", line 999, in exec_module
  File "<frozen importlib._bootstrap>", line 488, in _call_with_frames_removed
  File "/opt/airflow/dags/spark_dag.py", line 3, in <module>
    from airflow.providers.apache.spark.operators.spark_submit import SparkSubmitOperator
ModuleNotFoundError: No module named 'airflow.providers.apache'
[2024-12-22T01:19:10.301+0000] {processor.py:927} WARNING - No viable dags retrieved from /opt/airflow/dags/spark_dag.py
[2024-12-22T01:19:10.312+0000] {processor.py:208} INFO - Processing /opt/airflow/dags/spark_dag.py took 0.024 seconds
[2024-12-22T01:19:40.822+0000] {processor.py:186} INFO - Started process (PID=10008) to work on /opt/airflow/dags/spark_dag.py
[2024-12-22T01:19:40.822+0000] {processor.py:914} INFO - Processing file /opt/airflow/dags/spark_dag.py for tasks to queue
[2024-12-22T01:19:40.823+0000] {logging_mixin.py:190} INFO - [2024-12-22T01:19:40.823+0000] {dagbag.py:588} INFO - Filling up the DagBag from /opt/airflow/dags/spark_dag.py
[2024-12-22T01:19:40.827+0000] {logging_mixin.py:190} INFO - [2024-12-22T01:19:40.826+0000] {dagbag.py:387} ERROR - Failed to import: /opt/airflow/dags/spark_dag.py
Traceback (most recent call last):
  File "/home/airflow/.local/lib/python3.12/site-packages/airflow/models/dagbag.py", line 383, in parse
    loader.exec_module(new_module)
  File "<frozen importlib._bootstrap_external>", line 999, in exec_module
  File "<frozen importlib._bootstrap>", line 488, in _call_with_frames_removed
  File "/opt/airflow/dags/spark_dag.py", line 3, in <module>
    from airflow.providers.apache.spark.operators.spark_submit import SparkSubmitOperator
ModuleNotFoundError: No module named 'airflow.providers.apache'
[2024-12-22T01:19:40.827+0000] {processor.py:927} WARNING - No viable dags retrieved from /opt/airflow/dags/spark_dag.py
[2024-12-22T01:19:40.838+0000] {processor.py:208} INFO - Processing /opt/airflow/dags/spark_dag.py took 0.021 seconds
[2024-12-22T01:20:11.344+0000] {processor.py:186} INFO - Started process (PID=10043) to work on /opt/airflow/dags/spark_dag.py
[2024-12-22T01:20:11.344+0000] {processor.py:914} INFO - Processing file /opt/airflow/dags/spark_dag.py for tasks to queue
[2024-12-22T01:20:11.345+0000] {logging_mixin.py:190} INFO - [2024-12-22T01:20:11.345+0000] {dagbag.py:588} INFO - Filling up the DagBag from /opt/airflow/dags/spark_dag.py
[2024-12-22T01:20:11.349+0000] {logging_mixin.py:190} INFO - [2024-12-22T01:20:11.348+0000] {dagbag.py:387} ERROR - Failed to import: /opt/airflow/dags/spark_dag.py
Traceback (most recent call last):
  File "/home/airflow/.local/lib/python3.12/site-packages/airflow/models/dagbag.py", line 383, in parse
    loader.exec_module(new_module)
  File "<frozen importlib._bootstrap_external>", line 999, in exec_module
  File "<frozen importlib._bootstrap>", line 488, in _call_with_frames_removed
  File "/opt/airflow/dags/spark_dag.py", line 3, in <module>
    from airflow.providers.apache.spark.operators.spark_submit import SparkSubmitOperator
ModuleNotFoundError: No module named 'airflow.providers.apache'
[2024-12-22T01:20:11.350+0000] {processor.py:927} WARNING - No viable dags retrieved from /opt/airflow/dags/spark_dag.py
[2024-12-22T01:20:11.362+0000] {processor.py:208} INFO - Processing /opt/airflow/dags/spark_dag.py took 0.023 seconds
[2024-12-22T01:20:41.880+0000] {processor.py:186} INFO - Started process (PID=10069) to work on /opt/airflow/dags/spark_dag.py
[2024-12-22T01:20:41.881+0000] {processor.py:914} INFO - Processing file /opt/airflow/dags/spark_dag.py for tasks to queue
[2024-12-22T01:20:41.882+0000] {logging_mixin.py:190} INFO - [2024-12-22T01:20:41.882+0000] {dagbag.py:588} INFO - Filling up the DagBag from /opt/airflow/dags/spark_dag.py
[2024-12-22T01:20:41.887+0000] {logging_mixin.py:190} INFO - [2024-12-22T01:20:41.886+0000] {dagbag.py:387} ERROR - Failed to import: /opt/airflow/dags/spark_dag.py
Traceback (most recent call last):
  File "/home/airflow/.local/lib/python3.12/site-packages/airflow/models/dagbag.py", line 383, in parse
    loader.exec_module(new_module)
  File "<frozen importlib._bootstrap_external>", line 999, in exec_module
  File "<frozen importlib._bootstrap>", line 488, in _call_with_frames_removed
  File "/opt/airflow/dags/spark_dag.py", line 3, in <module>
    from airflow.providers.apache.spark.operators.spark_submit import SparkSubmitOperator
ModuleNotFoundError: No module named 'airflow.providers.apache'
[2024-12-22T01:20:41.888+0000] {processor.py:927} WARNING - No viable dags retrieved from /opt/airflow/dags/spark_dag.py
[2024-12-22T01:20:41.900+0000] {processor.py:208} INFO - Processing /opt/airflow/dags/spark_dag.py took 0.025 seconds
[2024-12-22T01:21:12.399+0000] {processor.py:186} INFO - Started process (PID=10095) to work on /opt/airflow/dags/spark_dag.py
[2024-12-22T01:21:12.400+0000] {processor.py:914} INFO - Processing file /opt/airflow/dags/spark_dag.py for tasks to queue
[2024-12-22T01:21:12.402+0000] {logging_mixin.py:190} INFO - [2024-12-22T01:21:12.402+0000] {dagbag.py:588} INFO - Filling up the DagBag from /opt/airflow/dags/spark_dag.py
[2024-12-22T01:21:12.409+0000] {logging_mixin.py:190} INFO - [2024-12-22T01:21:12.406+0000] {dagbag.py:387} ERROR - Failed to import: /opt/airflow/dags/spark_dag.py
Traceback (most recent call last):
  File "/home/airflow/.local/lib/python3.12/site-packages/airflow/models/dagbag.py", line 383, in parse
    loader.exec_module(new_module)
  File "<frozen importlib._bootstrap_external>", line 999, in exec_module
  File "<frozen importlib._bootstrap>", line 488, in _call_with_frames_removed
  File "/opt/airflow/dags/spark_dag.py", line 3, in <module>
    from airflow.providers.apache.spark.operators.spark_submit import SparkSubmitOperator
ModuleNotFoundError: No module named 'airflow.providers.apache'
[2024-12-22T01:21:12.409+0000] {processor.py:927} WARNING - No viable dags retrieved from /opt/airflow/dags/spark_dag.py
[2024-12-22T01:21:12.424+0000] {processor.py:208} INFO - Processing /opt/airflow/dags/spark_dag.py took 0.031 seconds
[2024-12-22T01:21:42.915+0000] {processor.py:186} INFO - Started process (PID=10121) to work on /opt/airflow/dags/spark_dag.py
[2024-12-22T01:21:42.916+0000] {processor.py:914} INFO - Processing file /opt/airflow/dags/spark_dag.py for tasks to queue
[2024-12-22T01:21:42.917+0000] {logging_mixin.py:190} INFO - [2024-12-22T01:21:42.917+0000] {dagbag.py:588} INFO - Filling up the DagBag from /opt/airflow/dags/spark_dag.py
[2024-12-22T01:21:42.923+0000] {logging_mixin.py:190} INFO - [2024-12-22T01:21:42.921+0000] {dagbag.py:387} ERROR - Failed to import: /opt/airflow/dags/spark_dag.py
Traceback (most recent call last):
  File "/home/airflow/.local/lib/python3.12/site-packages/airflow/models/dagbag.py", line 383, in parse
    loader.exec_module(new_module)
  File "<frozen importlib._bootstrap_external>", line 999, in exec_module
  File "<frozen importlib._bootstrap>", line 488, in _call_with_frames_removed
  File "/opt/airflow/dags/spark_dag.py", line 3, in <module>
    from airflow.providers.apache.spark.operators.spark_submit import SparkSubmitOperator
ModuleNotFoundError: No module named 'airflow.providers.apache'
[2024-12-22T01:21:42.924+0000] {processor.py:927} WARNING - No viable dags retrieved from /opt/airflow/dags/spark_dag.py
[2024-12-22T01:21:42.942+0000] {processor.py:208} INFO - Processing /opt/airflow/dags/spark_dag.py took 0.036 seconds
[2024-12-22T01:22:13.384+0000] {processor.py:186} INFO - Started process (PID=10155) to work on /opt/airflow/dags/spark_dag.py
[2024-12-22T01:22:13.385+0000] {processor.py:914} INFO - Processing file /opt/airflow/dags/spark_dag.py for tasks to queue
[2024-12-22T01:22:13.386+0000] {logging_mixin.py:190} INFO - [2024-12-22T01:22:13.386+0000] {dagbag.py:588} INFO - Filling up the DagBag from /opt/airflow/dags/spark_dag.py
[2024-12-22T01:22:13.390+0000] {logging_mixin.py:190} INFO - [2024-12-22T01:22:13.389+0000] {dagbag.py:387} ERROR - Failed to import: /opt/airflow/dags/spark_dag.py
Traceback (most recent call last):
  File "/home/airflow/.local/lib/python3.12/site-packages/airflow/models/dagbag.py", line 383, in parse
    loader.exec_module(new_module)
  File "<frozen importlib._bootstrap_external>", line 999, in exec_module
  File "<frozen importlib._bootstrap>", line 488, in _call_with_frames_removed
  File "/opt/airflow/dags/spark_dag.py", line 3, in <module>
    from airflow.providers.apache.spark.operators.spark_submit import SparkSubmitOperator
ModuleNotFoundError: No module named 'airflow.providers.apache'
[2024-12-22T01:22:13.390+0000] {processor.py:927} WARNING - No viable dags retrieved from /opt/airflow/dags/spark_dag.py
[2024-12-22T01:22:13.403+0000] {processor.py:208} INFO - Processing /opt/airflow/dags/spark_dag.py took 0.025 seconds
[2024-12-22T01:22:43.878+0000] {processor.py:186} INFO - Started process (PID=10181) to work on /opt/airflow/dags/spark_dag.py
[2024-12-22T01:22:43.881+0000] {processor.py:914} INFO - Processing file /opt/airflow/dags/spark_dag.py for tasks to queue
[2024-12-22T01:22:43.883+0000] {logging_mixin.py:190} INFO - [2024-12-22T01:22:43.883+0000] {dagbag.py:588} INFO - Filling up the DagBag from /opt/airflow/dags/spark_dag.py
[2024-12-22T01:22:43.896+0000] {logging_mixin.py:190} INFO - [2024-12-22T01:22:43.893+0000] {dagbag.py:387} ERROR - Failed to import: /opt/airflow/dags/spark_dag.py
Traceback (most recent call last):
  File "/home/airflow/.local/lib/python3.12/site-packages/airflow/models/dagbag.py", line 383, in parse
    loader.exec_module(new_module)
  File "<frozen importlib._bootstrap_external>", line 999, in exec_module
  File "<frozen importlib._bootstrap>", line 488, in _call_with_frames_removed
  File "/opt/airflow/dags/spark_dag.py", line 3, in <module>
    from airflow.providers.apache.spark.operators.spark_submit import SparkSubmitOperator
ModuleNotFoundError: No module named 'airflow.providers.apache'
[2024-12-22T01:22:43.897+0000] {processor.py:927} WARNING - No viable dags retrieved from /opt/airflow/dags/spark_dag.py
[2024-12-22T01:22:43.909+0000] {processor.py:208} INFO - Processing /opt/airflow/dags/spark_dag.py took 0.037 seconds
[2024-12-22T01:23:14.367+0000] {processor.py:186} INFO - Started process (PID=10207) to work on /opt/airflow/dags/spark_dag.py
[2024-12-22T01:23:14.368+0000] {processor.py:914} INFO - Processing file /opt/airflow/dags/spark_dag.py for tasks to queue
[2024-12-22T01:23:14.369+0000] {logging_mixin.py:190} INFO - [2024-12-22T01:23:14.369+0000] {dagbag.py:588} INFO - Filling up the DagBag from /opt/airflow/dags/spark_dag.py
[2024-12-22T01:23:14.374+0000] {logging_mixin.py:190} INFO - [2024-12-22T01:23:14.373+0000] {dagbag.py:387} ERROR - Failed to import: /opt/airflow/dags/spark_dag.py
Traceback (most recent call last):
  File "/home/airflow/.local/lib/python3.12/site-packages/airflow/models/dagbag.py", line 383, in parse
    loader.exec_module(new_module)
  File "<frozen importlib._bootstrap_external>", line 999, in exec_module
  File "<frozen importlib._bootstrap>", line 488, in _call_with_frames_removed
  File "/opt/airflow/dags/spark_dag.py", line 3, in <module>
    from airflow.providers.apache.spark.operators.spark_submit import SparkSubmitOperator
ModuleNotFoundError: No module named 'airflow.providers.apache'
[2024-12-22T01:23:14.374+0000] {processor.py:927} WARNING - No viable dags retrieved from /opt/airflow/dags/spark_dag.py
[2024-12-22T01:23:14.389+0000] {processor.py:208} INFO - Processing /opt/airflow/dags/spark_dag.py took 0.028 seconds
[2024-12-22T01:23:44.903+0000] {processor.py:186} INFO - Started process (PID=10233) to work on /opt/airflow/dags/spark_dag.py
[2024-12-22T01:23:44.904+0000] {processor.py:914} INFO - Processing file /opt/airflow/dags/spark_dag.py for tasks to queue
[2024-12-22T01:23:44.906+0000] {logging_mixin.py:190} INFO - [2024-12-22T01:23:44.905+0000] {dagbag.py:588} INFO - Filling up the DagBag from /opt/airflow/dags/spark_dag.py
[2024-12-22T01:23:44.910+0000] {logging_mixin.py:190} INFO - [2024-12-22T01:23:44.908+0000] {dagbag.py:387} ERROR - Failed to import: /opt/airflow/dags/spark_dag.py
Traceback (most recent call last):
  File "/home/airflow/.local/lib/python3.12/site-packages/airflow/models/dagbag.py", line 383, in parse
    loader.exec_module(new_module)
  File "<frozen importlib._bootstrap_external>", line 999, in exec_module
  File "<frozen importlib._bootstrap>", line 488, in _call_with_frames_removed
  File "/opt/airflow/dags/spark_dag.py", line 3, in <module>
    from airflow.providers.apache.spark.operators.spark_submit import SparkSubmitOperator
ModuleNotFoundError: No module named 'airflow.providers.apache'
[2024-12-22T01:23:44.910+0000] {processor.py:927} WARNING - No viable dags retrieved from /opt/airflow/dags/spark_dag.py
[2024-12-22T01:23:44.927+0000] {processor.py:208} INFO - Processing /opt/airflow/dags/spark_dag.py took 0.030 seconds
[2024-12-22T01:24:15.431+0000] {processor.py:186} INFO - Started process (PID=10268) to work on /opt/airflow/dags/spark_dag.py
[2024-12-22T01:24:15.432+0000] {processor.py:914} INFO - Processing file /opt/airflow/dags/spark_dag.py for tasks to queue
[2024-12-22T01:24:15.433+0000] {logging_mixin.py:190} INFO - [2024-12-22T01:24:15.433+0000] {dagbag.py:588} INFO - Filling up the DagBag from /opt/airflow/dags/spark_dag.py
[2024-12-22T01:24:15.438+0000] {logging_mixin.py:190} INFO - [2024-12-22T01:24:15.437+0000] {dagbag.py:387} ERROR - Failed to import: /opt/airflow/dags/spark_dag.py
Traceback (most recent call last):
  File "/home/airflow/.local/lib/python3.12/site-packages/airflow/models/dagbag.py", line 383, in parse
    loader.exec_module(new_module)
  File "<frozen importlib._bootstrap_external>", line 999, in exec_module
  File "<frozen importlib._bootstrap>", line 488, in _call_with_frames_removed
  File "/opt/airflow/dags/spark_dag.py", line 3, in <module>
    from airflow.providers.apache.spark.operators.spark_submit import SparkSubmitOperator
ModuleNotFoundError: No module named 'airflow.providers.apache'
[2024-12-22T01:24:15.439+0000] {processor.py:927} WARNING - No viable dags retrieved from /opt/airflow/dags/spark_dag.py
[2024-12-22T01:24:15.453+0000] {processor.py:208} INFO - Processing /opt/airflow/dags/spark_dag.py took 0.028 seconds
[2024-12-22T01:24:45.876+0000] {processor.py:186} INFO - Started process (PID=10294) to work on /opt/airflow/dags/spark_dag.py
[2024-12-22T01:24:45.876+0000] {processor.py:914} INFO - Processing file /opt/airflow/dags/spark_dag.py for tasks to queue
[2024-12-22T01:24:45.878+0000] {logging_mixin.py:190} INFO - [2024-12-22T01:24:45.877+0000] {dagbag.py:588} INFO - Filling up the DagBag from /opt/airflow/dags/spark_dag.py
[2024-12-22T01:24:45.881+0000] {logging_mixin.py:190} INFO - [2024-12-22T01:24:45.880+0000] {dagbag.py:387} ERROR - Failed to import: /opt/airflow/dags/spark_dag.py
Traceback (most recent call last):
  File "/home/airflow/.local/lib/python3.12/site-packages/airflow/models/dagbag.py", line 383, in parse
    loader.exec_module(new_module)
  File "<frozen importlib._bootstrap_external>", line 999, in exec_module
  File "<frozen importlib._bootstrap>", line 488, in _call_with_frames_removed
  File "/opt/airflow/dags/spark_dag.py", line 3, in <module>
    from airflow.providers.apache.spark.operators.spark_submit import SparkSubmitOperator
ModuleNotFoundError: No module named 'airflow.providers.apache'
[2024-12-22T01:24:45.882+0000] {processor.py:927} WARNING - No viable dags retrieved from /opt/airflow/dags/spark_dag.py
[2024-12-22T01:24:45.893+0000] {processor.py:208} INFO - Processing /opt/airflow/dags/spark_dag.py took 0.021 seconds
[2024-12-22T01:25:16.365+0000] {processor.py:186} INFO - Started process (PID=10320) to work on /opt/airflow/dags/spark_dag.py
[2024-12-22T01:25:16.365+0000] {processor.py:914} INFO - Processing file /opt/airflow/dags/spark_dag.py for tasks to queue
[2024-12-22T01:25:16.366+0000] {logging_mixin.py:190} INFO - [2024-12-22T01:25:16.366+0000] {dagbag.py:588} INFO - Filling up the DagBag from /opt/airflow/dags/spark_dag.py
[2024-12-22T01:25:16.371+0000] {logging_mixin.py:190} INFO - [2024-12-22T01:25:16.369+0000] {dagbag.py:387} ERROR - Failed to import: /opt/airflow/dags/spark_dag.py
Traceback (most recent call last):
  File "/home/airflow/.local/lib/python3.12/site-packages/airflow/models/dagbag.py", line 383, in parse
    loader.exec_module(new_module)
  File "<frozen importlib._bootstrap_external>", line 999, in exec_module
  File "<frozen importlib._bootstrap>", line 488, in _call_with_frames_removed
  File "/opt/airflow/dags/spark_dag.py", line 3, in <module>
    from airflow.providers.apache.spark.operators.spark_submit import SparkSubmitOperator
ModuleNotFoundError: No module named 'airflow.providers.apache'
[2024-12-22T01:25:16.372+0000] {processor.py:927} WARNING - No viable dags retrieved from /opt/airflow/dags/spark_dag.py
[2024-12-22T01:25:16.383+0000] {processor.py:208} INFO - Processing /opt/airflow/dags/spark_dag.py took 0.024 seconds
[2024-12-22T01:25:46.780+0000] {processor.py:186} INFO - Started process (PID=10346) to work on /opt/airflow/dags/spark_dag.py
[2024-12-22T01:25:46.781+0000] {processor.py:914} INFO - Processing file /opt/airflow/dags/spark_dag.py for tasks to queue
[2024-12-22T01:25:46.782+0000] {logging_mixin.py:190} INFO - [2024-12-22T01:25:46.782+0000] {dagbag.py:588} INFO - Filling up the DagBag from /opt/airflow/dags/spark_dag.py
[2024-12-22T01:25:46.786+0000] {logging_mixin.py:190} INFO - [2024-12-22T01:25:46.784+0000] {dagbag.py:387} ERROR - Failed to import: /opt/airflow/dags/spark_dag.py
Traceback (most recent call last):
  File "/home/airflow/.local/lib/python3.12/site-packages/airflow/models/dagbag.py", line 383, in parse
    loader.exec_module(new_module)
  File "<frozen importlib._bootstrap_external>", line 999, in exec_module
  File "<frozen importlib._bootstrap>", line 488, in _call_with_frames_removed
  File "/opt/airflow/dags/spark_dag.py", line 3, in <module>
    from airflow.providers.apache.spark.operators.spark_submit import SparkSubmitOperator
ModuleNotFoundError: No module named 'airflow.providers.apache'
[2024-12-22T01:25:46.786+0000] {processor.py:927} WARNING - No viable dags retrieved from /opt/airflow/dags/spark_dag.py
[2024-12-22T01:25:46.799+0000] {processor.py:208} INFO - Processing /opt/airflow/dags/spark_dag.py took 0.024 seconds
[2024-12-22T01:26:17.241+0000] {processor.py:186} INFO - Started process (PID=10381) to work on /opt/airflow/dags/spark_dag.py
[2024-12-22T01:26:17.242+0000] {processor.py:914} INFO - Processing file /opt/airflow/dags/spark_dag.py for tasks to queue
[2024-12-22T01:26:17.243+0000] {logging_mixin.py:190} INFO - [2024-12-22T01:26:17.243+0000] {dagbag.py:588} INFO - Filling up the DagBag from /opt/airflow/dags/spark_dag.py
[2024-12-22T01:26:17.248+0000] {logging_mixin.py:190} INFO - [2024-12-22T01:26:17.247+0000] {dagbag.py:387} ERROR - Failed to import: /opt/airflow/dags/spark_dag.py
Traceback (most recent call last):
  File "/home/airflow/.local/lib/python3.12/site-packages/airflow/models/dagbag.py", line 383, in parse
    loader.exec_module(new_module)
  File "<frozen importlib._bootstrap_external>", line 999, in exec_module
  File "<frozen importlib._bootstrap>", line 488, in _call_with_frames_removed
  File "/opt/airflow/dags/spark_dag.py", line 3, in <module>
    from airflow.providers.apache.spark.operators.spark_submit import SparkSubmitOperator
ModuleNotFoundError: No module named 'airflow.providers.apache'
[2024-12-22T01:26:17.248+0000] {processor.py:927} WARNING - No viable dags retrieved from /opt/airflow/dags/spark_dag.py
[2024-12-22T01:26:17.260+0000] {processor.py:208} INFO - Processing /opt/airflow/dags/spark_dag.py took 0.022 seconds
[2024-12-22T01:26:47.692+0000] {processor.py:186} INFO - Started process (PID=10407) to work on /opt/airflow/dags/spark_dag.py
[2024-12-22T01:26:47.693+0000] {processor.py:914} INFO - Processing file /opt/airflow/dags/spark_dag.py for tasks to queue
[2024-12-22T01:26:47.693+0000] {logging_mixin.py:190} INFO - [2024-12-22T01:26:47.693+0000] {dagbag.py:588} INFO - Filling up the DagBag from /opt/airflow/dags/spark_dag.py
[2024-12-22T01:26:47.696+0000] {logging_mixin.py:190} INFO - [2024-12-22T01:26:47.695+0000] {dagbag.py:387} ERROR - Failed to import: /opt/airflow/dags/spark_dag.py
Traceback (most recent call last):
  File "/home/airflow/.local/lib/python3.12/site-packages/airflow/models/dagbag.py", line 383, in parse
    loader.exec_module(new_module)
  File "<frozen importlib._bootstrap_external>", line 999, in exec_module
  File "<frozen importlib._bootstrap>", line 488, in _call_with_frames_removed
  File "/opt/airflow/dags/spark_dag.py", line 3, in <module>
    from airflow.providers.apache.spark.operators.spark_submit import SparkSubmitOperator
ModuleNotFoundError: No module named 'airflow.providers.apache'
[2024-12-22T01:26:47.696+0000] {processor.py:927} WARNING - No viable dags retrieved from /opt/airflow/dags/spark_dag.py
[2024-12-22T01:26:47.705+0000] {processor.py:208} INFO - Processing /opt/airflow/dags/spark_dag.py took 0.015 seconds
[2024-12-22T01:27:18.126+0000] {processor.py:186} INFO - Started process (PID=10433) to work on /opt/airflow/dags/spark_dag.py
[2024-12-22T01:27:18.127+0000] {processor.py:914} INFO - Processing file /opt/airflow/dags/spark_dag.py for tasks to queue
[2024-12-22T01:27:18.128+0000] {logging_mixin.py:190} INFO - [2024-12-22T01:27:18.128+0000] {dagbag.py:588} INFO - Filling up the DagBag from /opt/airflow/dags/spark_dag.py
[2024-12-22T01:27:18.131+0000] {logging_mixin.py:190} INFO - [2024-12-22T01:27:18.130+0000] {dagbag.py:387} ERROR - Failed to import: /opt/airflow/dags/spark_dag.py
Traceback (most recent call last):
  File "/home/airflow/.local/lib/python3.12/site-packages/airflow/models/dagbag.py", line 383, in parse
    loader.exec_module(new_module)
  File "<frozen importlib._bootstrap_external>", line 999, in exec_module
  File "<frozen importlib._bootstrap>", line 488, in _call_with_frames_removed
  File "/opt/airflow/dags/spark_dag.py", line 3, in <module>
    from airflow.providers.apache.spark.operators.spark_submit import SparkSubmitOperator
ModuleNotFoundError: No module named 'airflow.providers.apache'
[2024-12-22T01:27:18.131+0000] {processor.py:927} WARNING - No viable dags retrieved from /opt/airflow/dags/spark_dag.py
[2024-12-22T01:27:18.143+0000] {processor.py:208} INFO - Processing /opt/airflow/dags/spark_dag.py took 0.020 seconds
[2024-12-22T01:27:48.559+0000] {processor.py:186} INFO - Started process (PID=10459) to work on /opt/airflow/dags/spark_dag.py
[2024-12-22T01:27:48.559+0000] {processor.py:914} INFO - Processing file /opt/airflow/dags/spark_dag.py for tasks to queue
[2024-12-22T01:27:48.560+0000] {logging_mixin.py:190} INFO - [2024-12-22T01:27:48.560+0000] {dagbag.py:588} INFO - Filling up the DagBag from /opt/airflow/dags/spark_dag.py
[2024-12-22T01:27:48.563+0000] {logging_mixin.py:190} INFO - [2024-12-22T01:27:48.562+0000] {dagbag.py:387} ERROR - Failed to import: /opt/airflow/dags/spark_dag.py
Traceback (most recent call last):
  File "/home/airflow/.local/lib/python3.12/site-packages/airflow/models/dagbag.py", line 383, in parse
    loader.exec_module(new_module)
  File "<frozen importlib._bootstrap_external>", line 999, in exec_module
  File "<frozen importlib._bootstrap>", line 488, in _call_with_frames_removed
  File "/opt/airflow/dags/spark_dag.py", line 3, in <module>
    from airflow.providers.apache.spark.operators.spark_submit import SparkSubmitOperator
ModuleNotFoundError: No module named 'airflow.providers.apache'
[2024-12-22T01:27:48.563+0000] {processor.py:927} WARNING - No viable dags retrieved from /opt/airflow/dags/spark_dag.py
[2024-12-22T01:27:48.577+0000] {processor.py:208} INFO - Processing /opt/airflow/dags/spark_dag.py took 0.023 seconds
[2024-12-22T01:28:19.014+0000] {processor.py:186} INFO - Started process (PID=10494) to work on /opt/airflow/dags/spark_dag.py
[2024-12-22T01:28:19.015+0000] {processor.py:914} INFO - Processing file /opt/airflow/dags/spark_dag.py for tasks to queue
[2024-12-22T01:28:19.016+0000] {logging_mixin.py:190} INFO - [2024-12-22T01:28:19.015+0000] {dagbag.py:588} INFO - Filling up the DagBag from /opt/airflow/dags/spark_dag.py
[2024-12-22T01:28:19.019+0000] {logging_mixin.py:190} INFO - [2024-12-22T01:28:19.018+0000] {dagbag.py:387} ERROR - Failed to import: /opt/airflow/dags/spark_dag.py
Traceback (most recent call last):
  File "/home/airflow/.local/lib/python3.12/site-packages/airflow/models/dagbag.py", line 383, in parse
    loader.exec_module(new_module)
  File "<frozen importlib._bootstrap_external>", line 999, in exec_module
  File "<frozen importlib._bootstrap>", line 488, in _call_with_frames_removed
  File "/opt/airflow/dags/spark_dag.py", line 3, in <module>
    from airflow.providers.apache.spark.operators.spark_submit import SparkSubmitOperator
ModuleNotFoundError: No module named 'airflow.providers.apache'
[2024-12-22T01:28:19.020+0000] {processor.py:927} WARNING - No viable dags retrieved from /opt/airflow/dags/spark_dag.py
[2024-12-22T01:28:19.031+0000] {processor.py:208} INFO - Processing /opt/airflow/dags/spark_dag.py took 0.021 seconds
[2024-12-22T01:28:49.457+0000] {processor.py:186} INFO - Started process (PID=10520) to work on /opt/airflow/dags/spark_dag.py
[2024-12-22T01:28:49.458+0000] {processor.py:914} INFO - Processing file /opt/airflow/dags/spark_dag.py for tasks to queue
[2024-12-22T01:28:49.459+0000] {logging_mixin.py:190} INFO - [2024-12-22T01:28:49.459+0000] {dagbag.py:588} INFO - Filling up the DagBag from /opt/airflow/dags/spark_dag.py
[2024-12-22T01:28:49.462+0000] {logging_mixin.py:190} INFO - [2024-12-22T01:28:49.461+0000] {dagbag.py:387} ERROR - Failed to import: /opt/airflow/dags/spark_dag.py
Traceback (most recent call last):
  File "/home/airflow/.local/lib/python3.12/site-packages/airflow/models/dagbag.py", line 383, in parse
    loader.exec_module(new_module)
  File "<frozen importlib._bootstrap_external>", line 999, in exec_module
  File "<frozen importlib._bootstrap>", line 488, in _call_with_frames_removed
  File "/opt/airflow/dags/spark_dag.py", line 3, in <module>
    from airflow.providers.apache.spark.operators.spark_submit import SparkSubmitOperator
ModuleNotFoundError: No module named 'airflow.providers.apache'
[2024-12-22T01:28:49.463+0000] {processor.py:927} WARNING - No viable dags retrieved from /opt/airflow/dags/spark_dag.py
[2024-12-22T01:28:49.473+0000] {processor.py:208} INFO - Processing /opt/airflow/dags/spark_dag.py took 0.021 seconds
[2024-12-22T03:44:24.426+0000] {processor.py:186} INFO - Started process (PID=177) to work on /opt/airflow/dags/spark_dag.py
[2024-12-22T03:44:24.428+0000] {processor.py:914} INFO - Processing file /opt/airflow/dags/spark_dag.py for tasks to queue
[2024-12-22T03:44:24.430+0000] {logging_mixin.py:190} INFO - [2024-12-22T03:44:24.429+0000] {dagbag.py:588} INFO - Filling up the DagBag from /opt/airflow/dags/spark_dag.py
[2024-12-22T03:44:24.438+0000] {logging_mixin.py:190} INFO - [2024-12-22T03:44:24.435+0000] {dagbag.py:387} ERROR - Failed to import: /opt/airflow/dags/spark_dag.py
Traceback (most recent call last):
  File "/home/airflow/.local/lib/python3.12/site-packages/airflow/models/dagbag.py", line 383, in parse
    loader.exec_module(new_module)
  File "<frozen importlib._bootstrap_external>", line 999, in exec_module
  File "<frozen importlib._bootstrap>", line 488, in _call_with_frames_removed
  File "/opt/airflow/dags/spark_dag.py", line 3, in <module>
    from airflow.providers.apache.spark.operators.spark_submit import SparkSubmitOperator
ModuleNotFoundError: No module named 'airflow.providers.apache'
[2024-12-22T03:44:24.439+0000] {processor.py:927} WARNING - No viable dags retrieved from /opt/airflow/dags/spark_dag.py
[2024-12-22T03:44:24.454+0000] {processor.py:208} INFO - Processing /opt/airflow/dags/spark_dag.py took 0.032 seconds
[2024-12-22T03:44:54.794+0000] {processor.py:186} INFO - Started process (PID=753) to work on /opt/airflow/dags/spark_dag.py
[2024-12-22T03:44:54.794+0000] {processor.py:914} INFO - Processing file /opt/airflow/dags/spark_dag.py for tasks to queue
[2024-12-22T03:44:54.796+0000] {logging_mixin.py:190} INFO - [2024-12-22T03:44:54.795+0000] {dagbag.py:588} INFO - Filling up the DagBag from /opt/airflow/dags/spark_dag.py
[2024-12-22T03:44:54.800+0000] {logging_mixin.py:190} INFO - [2024-12-22T03:44:54.798+0000] {dagbag.py:387} ERROR - Failed to import: /opt/airflow/dags/spark_dag.py
Traceback (most recent call last):
  File "/home/airflow/.local/lib/python3.12/site-packages/airflow/models/dagbag.py", line 383, in parse
    loader.exec_module(new_module)
  File "<frozen importlib._bootstrap_external>", line 999, in exec_module
  File "<frozen importlib._bootstrap>", line 488, in _call_with_frames_removed
  File "/opt/airflow/dags/spark_dag.py", line 3, in <module>
    from airflow.providers.apache.spark.operators.spark_submit import SparkSubmitOperator
ModuleNotFoundError: No module named 'airflow.providers.apache'
[2024-12-22T03:44:54.800+0000] {processor.py:927} WARNING - No viable dags retrieved from /opt/airflow/dags/spark_dag.py
[2024-12-22T03:44:54.819+0000] {processor.py:208} INFO - Processing /opt/airflow/dags/spark_dag.py took 0.029 seconds
[2024-12-22T03:45:25.181+0000] {processor.py:186} INFO - Started process (PID=779) to work on /opt/airflow/dags/spark_dag.py
[2024-12-22T03:45:25.181+0000] {processor.py:914} INFO - Processing file /opt/airflow/dags/spark_dag.py for tasks to queue
[2024-12-22T03:45:25.183+0000] {logging_mixin.py:190} INFO - [2024-12-22T03:45:25.183+0000] {dagbag.py:588} INFO - Filling up the DagBag from /opt/airflow/dags/spark_dag.py
[2024-12-22T03:45:25.189+0000] {logging_mixin.py:190} INFO - [2024-12-22T03:45:25.185+0000] {dagbag.py:387} ERROR - Failed to import: /opt/airflow/dags/spark_dag.py
Traceback (most recent call last):
  File "/home/airflow/.local/lib/python3.12/site-packages/airflow/models/dagbag.py", line 383, in parse
    loader.exec_module(new_module)
  File "<frozen importlib._bootstrap_external>", line 999, in exec_module
  File "<frozen importlib._bootstrap>", line 488, in _call_with_frames_removed
  File "/opt/airflow/dags/spark_dag.py", line 3, in <module>
    from airflow.providers.apache.spark.operators.spark_submit import SparkSubmitOperator
ModuleNotFoundError: No module named 'airflow.providers.apache'
[2024-12-22T03:45:25.189+0000] {processor.py:927} WARNING - No viable dags retrieved from /opt/airflow/dags/spark_dag.py
[2024-12-22T03:45:25.199+0000] {processor.py:208} INFO - Processing /opt/airflow/dags/spark_dag.py took 0.021 seconds
[2024-12-22T03:45:55.618+0000] {processor.py:186} INFO - Started process (PID=805) to work on /opt/airflow/dags/spark_dag.py
[2024-12-22T03:45:55.619+0000] {processor.py:914} INFO - Processing file /opt/airflow/dags/spark_dag.py for tasks to queue
[2024-12-22T03:45:55.621+0000] {logging_mixin.py:190} INFO - [2024-12-22T03:45:55.620+0000] {dagbag.py:588} INFO - Filling up the DagBag from /opt/airflow/dags/spark_dag.py
[2024-12-22T03:45:55.626+0000] {logging_mixin.py:190} INFO - [2024-12-22T03:45:55.623+0000] {dagbag.py:387} ERROR - Failed to import: /opt/airflow/dags/spark_dag.py
Traceback (most recent call last):
  File "/home/airflow/.local/lib/python3.12/site-packages/airflow/models/dagbag.py", line 383, in parse
    loader.exec_module(new_module)
  File "<frozen importlib._bootstrap_external>", line 999, in exec_module
  File "<frozen importlib._bootstrap>", line 488, in _call_with_frames_removed
  File "/opt/airflow/dags/spark_dag.py", line 3, in <module>
    from airflow.providers.apache.spark.operators.spark_submit import SparkSubmitOperator
ModuleNotFoundError: No module named 'airflow.providers.apache'
[2024-12-22T03:45:55.626+0000] {processor.py:927} WARNING - No viable dags retrieved from /opt/airflow/dags/spark_dag.py
[2024-12-22T03:45:55.641+0000] {processor.py:208} INFO - Processing /opt/airflow/dags/spark_dag.py took 0.027 seconds
[2024-12-22T03:46:39.343+0000] {processor.py:186} INFO - Started process (PID=179) to work on /opt/airflow/dags/spark_dag.py
[2024-12-22T03:46:39.347+0000] {processor.py:914} INFO - Processing file /opt/airflow/dags/spark_dag.py for tasks to queue
[2024-12-22T03:46:39.348+0000] {logging_mixin.py:190} INFO - [2024-12-22T03:46:39.348+0000] {dagbag.py:588} INFO - Filling up the DagBag from /opt/airflow/dags/spark_dag.py
[2024-12-22T03:46:39.350+0000] {logging_mixin.py:190} INFO - [2024-12-22T03:46:39.349+0000] {dagbag.py:387} ERROR - Failed to import: /opt/airflow/dags/spark_dag.py
Traceback (most recent call last):
  File "/home/airflow/.local/lib/python3.12/site-packages/airflow/models/dagbag.py", line 383, in parse
    loader.exec_module(new_module)
  File "<frozen importlib._bootstrap_external>", line 999, in exec_module
  File "<frozen importlib._bootstrap>", line 488, in _call_with_frames_removed
  File "/opt/airflow/dags/spark_dag.py", line 3, in <module>
    from airflow.providers.apache.spark.operators.spark_submit import SparkSubmitOperator
ModuleNotFoundError: No module named 'airflow.providers.apache'
[2024-12-22T03:46:39.350+0000] {processor.py:927} WARNING - No viable dags retrieved from /opt/airflow/dags/spark_dag.py
[2024-12-22T03:46:39.360+0000] {processor.py:208} INFO - Processing /opt/airflow/dags/spark_dag.py took 0.019 seconds
[2024-12-22T03:47:09.693+0000] {processor.py:186} INFO - Started process (PID=205) to work on /opt/airflow/dags/spark_dag.py
[2024-12-22T03:47:09.694+0000] {processor.py:914} INFO - Processing file /opt/airflow/dags/spark_dag.py for tasks to queue
[2024-12-22T03:47:09.695+0000] {logging_mixin.py:190} INFO - [2024-12-22T03:47:09.694+0000] {dagbag.py:588} INFO - Filling up the DagBag from /opt/airflow/dags/spark_dag.py
[2024-12-22T03:47:09.701+0000] {logging_mixin.py:190} INFO - [2024-12-22T03:47:09.697+0000] {dagbag.py:387} ERROR - Failed to import: /opt/airflow/dags/spark_dag.py
Traceback (most recent call last):
  File "/home/airflow/.local/lib/python3.12/site-packages/airflow/models/dagbag.py", line 383, in parse
    loader.exec_module(new_module)
  File "<frozen importlib._bootstrap_external>", line 999, in exec_module
  File "<frozen importlib._bootstrap>", line 488, in _call_with_frames_removed
  File "/opt/airflow/dags/spark_dag.py", line 3, in <module>
    from airflow.providers.apache.spark.operators.spark_submit import SparkSubmitOperator
ModuleNotFoundError: No module named 'airflow.providers.apache'
[2024-12-22T03:47:09.702+0000] {processor.py:927} WARNING - No viable dags retrieved from /opt/airflow/dags/spark_dag.py
[2024-12-22T03:47:09.711+0000] {processor.py:208} INFO - Processing /opt/airflow/dags/spark_dag.py took 0.021 seconds
[2024-12-22T03:47:40.092+0000] {processor.py:186} INFO - Started process (PID=231) to work on /opt/airflow/dags/spark_dag.py
[2024-12-22T03:47:40.092+0000] {processor.py:914} INFO - Processing file /opt/airflow/dags/spark_dag.py for tasks to queue
[2024-12-22T03:47:40.093+0000] {logging_mixin.py:190} INFO - [2024-12-22T03:47:40.093+0000] {dagbag.py:588} INFO - Filling up the DagBag from /opt/airflow/dags/spark_dag.py
[2024-12-22T03:47:40.101+0000] {logging_mixin.py:190} INFO - [2024-12-22T03:47:40.098+0000] {dagbag.py:387} ERROR - Failed to import: /opt/airflow/dags/spark_dag.py
Traceback (most recent call last):
  File "/home/airflow/.local/lib/python3.12/site-packages/airflow/models/dagbag.py", line 383, in parse
    loader.exec_module(new_module)
  File "<frozen importlib._bootstrap_external>", line 999, in exec_module
  File "<frozen importlib._bootstrap>", line 488, in _call_with_frames_removed
  File "/opt/airflow/dags/spark_dag.py", line 3, in <module>
    from airflow.providers.apache.spark.operators.spark_submit import SparkSubmitOperator
ModuleNotFoundError: No module named 'airflow.providers.apache'
[2024-12-22T03:47:40.101+0000] {processor.py:927} WARNING - No viable dags retrieved from /opt/airflow/dags/spark_dag.py
[2024-12-22T03:47:40.114+0000] {processor.py:208} INFO - Processing /opt/airflow/dags/spark_dag.py took 0.025 seconds
[2024-12-22T03:48:10.518+0000] {processor.py:186} INFO - Started process (PID=257) to work on /opt/airflow/dags/spark_dag.py
[2024-12-22T03:48:10.519+0000] {processor.py:914} INFO - Processing file /opt/airflow/dags/spark_dag.py for tasks to queue
[2024-12-22T03:48:10.520+0000] {logging_mixin.py:190} INFO - [2024-12-22T03:48:10.520+0000] {dagbag.py:588} INFO - Filling up the DagBag from /opt/airflow/dags/spark_dag.py
[2024-12-22T03:48:10.525+0000] {logging_mixin.py:190} INFO - [2024-12-22T03:48:10.523+0000] {dagbag.py:387} ERROR - Failed to import: /opt/airflow/dags/spark_dag.py
Traceback (most recent call last):
  File "/home/airflow/.local/lib/python3.12/site-packages/airflow/models/dagbag.py", line 383, in parse
    loader.exec_module(new_module)
  File "<frozen importlib._bootstrap_external>", line 999, in exec_module
  File "<frozen importlib._bootstrap>", line 488, in _call_with_frames_removed
  File "/opt/airflow/dags/spark_dag.py", line 3, in <module>
    from airflow.providers.apache.spark.operators.spark_submit import SparkSubmitOperator
ModuleNotFoundError: No module named 'airflow.providers.apache'
[2024-12-22T03:48:10.526+0000] {processor.py:927} WARNING - No viable dags retrieved from /opt/airflow/dags/spark_dag.py
[2024-12-22T03:48:10.537+0000] {processor.py:208} INFO - Processing /opt/airflow/dags/spark_dag.py took 0.023 seconds
[2024-12-22T03:48:40.982+0000] {processor.py:186} INFO - Started process (PID=283) to work on /opt/airflow/dags/spark_dag.py
[2024-12-22T03:48:40.983+0000] {processor.py:914} INFO - Processing file /opt/airflow/dags/spark_dag.py for tasks to queue
[2024-12-22T03:48:40.984+0000] {logging_mixin.py:190} INFO - [2024-12-22T03:48:40.984+0000] {dagbag.py:588} INFO - Filling up the DagBag from /opt/airflow/dags/spark_dag.py
[2024-12-22T03:48:40.988+0000] {logging_mixin.py:190} INFO - [2024-12-22T03:48:40.987+0000] {dagbag.py:387} ERROR - Failed to import: /opt/airflow/dags/spark_dag.py
Traceback (most recent call last):
  File "/home/airflow/.local/lib/python3.12/site-packages/airflow/models/dagbag.py", line 383, in parse
    loader.exec_module(new_module)
  File "<frozen importlib._bootstrap_external>", line 999, in exec_module
  File "<frozen importlib._bootstrap>", line 488, in _call_with_frames_removed
  File "/opt/airflow/dags/spark_dag.py", line 3, in <module>
    from airflow.providers.apache.spark.operators.spark_submit import SparkSubmitOperator
ModuleNotFoundError: No module named 'airflow.providers.apache'
[2024-12-22T03:48:40.989+0000] {processor.py:927} WARNING - No viable dags retrieved from /opt/airflow/dags/spark_dag.py
[2024-12-22T03:48:41.000+0000] {processor.py:208} INFO - Processing /opt/airflow/dags/spark_dag.py took 0.023 seconds
[2024-12-22T03:49:11.411+0000] {processor.py:186} INFO - Started process (PID=309) to work on /opt/airflow/dags/spark_dag.py
[2024-12-22T03:49:11.412+0000] {processor.py:914} INFO - Processing file /opt/airflow/dags/spark_dag.py for tasks to queue
[2024-12-22T03:49:11.414+0000] {logging_mixin.py:190} INFO - [2024-12-22T03:49:11.413+0000] {dagbag.py:588} INFO - Filling up the DagBag from /opt/airflow/dags/spark_dag.py
[2024-12-22T03:49:11.418+0000] {logging_mixin.py:190} INFO - [2024-12-22T03:49:11.417+0000] {dagbag.py:387} ERROR - Failed to import: /opt/airflow/dags/spark_dag.py
Traceback (most recent call last):
  File "/home/airflow/.local/lib/python3.12/site-packages/airflow/models/dagbag.py", line 383, in parse
    loader.exec_module(new_module)
  File "<frozen importlib._bootstrap_external>", line 999, in exec_module
  File "<frozen importlib._bootstrap>", line 488, in _call_with_frames_removed
  File "/opt/airflow/dags/spark_dag.py", line 3, in <module>
    from airflow.providers.apache.spark.operators.spark_submit import SparkSubmitOperator
ModuleNotFoundError: No module named 'airflow.providers.apache'
[2024-12-22T03:49:11.419+0000] {processor.py:927} WARNING - No viable dags retrieved from /opt/airflow/dags/spark_dag.py
[2024-12-22T03:49:11.433+0000] {processor.py:208} INFO - Processing /opt/airflow/dags/spark_dag.py took 0.027 seconds
