[2024-12-19T07:18:05.741+0000] {local_task_job_runner.py:123} INFO - ::group::Pre task execution logs
[2024-12-19T07:18:05.756+0000] {taskinstance.py:2613} INFO - Dependencies all met for dep_context=non-requeueable deps ti=<TaskInstance: our_first_dag_v2.third_task scheduled__2021-09-20T00:00:00+00:00 [queued]>
[2024-12-19T07:18:05.762+0000] {taskinstance.py:2613} INFO - Dependencies all met for dep_context=requeueable deps ti=<TaskInstance: our_first_dag_v2.third_task scheduled__2021-09-20T00:00:00+00:00 [queued]>
[2024-12-19T07:18:05.763+0000] {taskinstance.py:2866} INFO - Starting attempt 1 of 6
[2024-12-19T07:18:05.793+0000] {taskinstance.py:2889} INFO - Executing <Task(BashOperator): third_task> on 2021-09-20 00:00:00+00:00
[2024-12-19T07:18:05.800+0000] {logging_mixin.py:190} WARNING - /home/***/.local/lib/python3.12/site-packages/***/task/task_runner/standard_task_runner.py:70 DeprecationWarning: This process (pid=8952) is multi-threaded, use of fork() may lead to deadlocks in the child.
[2024-12-19T07:18:05.799+0000] {standard_task_runner.py:104} INFO - Running: ['***', 'tasks', 'run', 'our_first_dag_v2', 'third_task', 'scheduled__2021-09-20T00:00:00+00:00', '--job-id', '1639', '--raw', '--subdir', 'DAGS_FOLDER/our_first_dag.py', '--cfg-path', '/tmp/tmpho2jxf6s']
[2024-12-19T07:18:05.801+0000] {standard_task_runner.py:72} INFO - Started process 8965 to run task
[2024-12-19T07:18:05.802+0000] {standard_task_runner.py:105} INFO - Job 1639: Subtask third_task
[2024-12-19T07:18:05.844+0000] {task_command.py:467} INFO - Running <TaskInstance: our_first_dag_v2.third_task scheduled__2021-09-20T00:00:00+00:00 [running]> on host 13c961a72918
[2024-12-19T07:18:05.895+0000] {taskinstance.py:3132} INFO - Exporting env vars: AIRFLOW_CTX_DAG_OWNER='code2j' AIRFLOW_CTX_DAG_ID='our_first_dag_v2' AIRFLOW_CTX_TASK_ID='third_task' AIRFLOW_CTX_EXECUTION_DATE='2021-09-20T00:00:00+00:00' AIRFLOW_CTX_TRY_NUMBER='1' AIRFLOW_CTX_DAG_RUN_ID='scheduled__2021-09-20T00:00:00+00:00'
[2024-12-19T07:18:05.896+0000] {taskinstance.py:731} INFO - ::endgroup::
[2024-12-19T07:18:05.909+0000] {subprocess.py:78} INFO - Tmp dir root location: /tmp
[2024-12-19T07:18:05.911+0000] {subprocess.py:88} INFO - Running command: ['/usr/bin/bash', '-c', 'echo hey, I am task3 and will be running after task1']
[2024-12-19T07:18:05.922+0000] {subprocess.py:99} INFO - Output:
[2024-12-19T07:18:05.924+0000] {subprocess.py:106} INFO - hey, I am task3 and will be running after task1
[2024-12-19T07:18:05.925+0000] {subprocess.py:110} INFO - Command exited with return code 0
[2024-12-19T07:18:05.956+0000] {taskinstance.py:340} INFO - ::group::Post task execution logs
[2024-12-19T07:18:05.959+0000] {taskinstance.py:352} INFO - Marking task as SUCCESS. dag_id=our_first_dag_v2, task_id=third_task, run_id=scheduled__2021-09-20T00:00:00+00:00, execution_date=20210920T000000, start_date=20241219T071805, end_date=20241219T071805
[2024-12-19T07:18:06.026+0000] {local_task_job_runner.py:266} INFO - Task exited with return code 0
[2024-12-19T07:18:06.041+0000] {taskinstance.py:3895} INFO - 0 downstream tasks scheduled from follow-on schedule check
[2024-12-19T07:18:06.042+0000] {local_task_job_runner.py:245} INFO - ::endgroup::
